2023-05-05 14:10:49.647	- Info  -	version:3.2.1.40406
2023-05-05 14:10:49.655	- Info  -	DPIAwareness set 2 success.
2023-05-05 14:10:49.662	- Info  -	config path: -âSû
2023-05-05 14:10:49.725	- Info  -	[displayclt] CDisplayClient::CDisplayClient(all)
2023-05-05 14:10:49.726	- Info  -	[desktop] CRemoteDesktopPlugin::CRemoteDesktopPlugin(all)
2023-05-05 14:10:49.735	- Info  -	sensors init with file: C:/ProgramData/Oray/SunloginClient/sensors/datas
2023-05-05 14:10:49.753	* Error *	sensors data send failed!
2023-05-05 14:10:49.753	- Info  -	CMultiChannelStreamImpl::CMultiChannelStreamImpl
2023-05-05 14:10:49.755	- Info  -	CConnectorRaw::OnStreamEvent(1) state: CNTS_FORWARD, error: 0
2023-05-05 14:10:49.755	- Info  -	CConnectorRaw::OnEvent() state: CNTS_FORWARD, error: 0, oray errorcode: 0
2023-05-05 14:10:49.755	- Info  -	[oray][erroCode] errorcode=oray_errorcode(0), product=0, type=0, inner code=0 [CConnectorRaw::OnEvent:624]
2023-05-05 14:10:49.850	- Info  -	plugin_public access_token is NULL
2023-05-05 14:10:49.879	- Info  -	attempt to connect server 1366035011.slp2p-east-std241.oray.net:443(117.68.2.50:443)
2023-05-05 14:10:49.997	- Info  -	[TCPConnector] CCurStream handle client_connect
2023-05-05 14:10:50.027	- Info  -	[MultiChannel] Forward channel shake handle 117.68.2.50:443
2023-05-05 14:10:50.027	- Info  -	CMultiChannelStreamImpl::OnConnect()
2023-05-05 14:10:50.027	- Info  -	CClientStream 117.68.2.50:443 OnConnect
2023-05-05 14:10:50.027	- Info  -	CConnectorRaw::OnEvent() state: CNTS_LOGIN, error: 0, oray errorcode: 0
2023-05-05 14:10:50.027	- Info  -	[oray][erroCode] errorcode=oray_errorcode(0), product=0, type=0, inner code=0 [CConnectorRaw::OnEvent:624]
2023-05-05 14:10:50.027	- Info  -	CConnectorRaw::OnEvent() state: CNTS_FWD_SHAKEHANDLE, error: 0, oray errorcode: 0
2023-05-05 14:10:50.027	- Info  -	[oray][erroCode] errorcode=oray_errorcode(0), product=0, type=0, inner code=0 [CConnectorRaw::OnEvent:624]
2023-05-05 14:10:50.655	- Info  -	[MultiChannel] Forward channel connected 117.68.2.50:443
2023-05-05 14:10:50.655	- Info  -	CMultiChannelStreamImpl::OnConnectEvent, status: CNTS_FWD_CONNECTED, isclosed:false, HadFwdConnected: true, HadBeenHolePunch: false
2023-05-05 14:10:50.656	- Info  -	CConnectorRaw::OnEvent() state: CNTS_FWD_CONNECTED, error: 0, oray errorcode: 0
2023-05-05 14:10:50.656	- Info  -	[oray][erroCode] errorcode=oray_errorcode(0), product=0, type=0, inner code=0 [CConnectorRaw::OnEvent:624]
2023-05-05 14:10:50.656	* Error *	CClientStream receive invalid Logon_OK_Message
2023-05-05 14:10:50.705	- Info  -	CClientStream 117.68.2.50:443 OnReceive reply 1 
2023-05-05 14:10:50.710	- Info  -	CClientStream 117.68.2.50:443 start keepalive
2023-05-05 14:10:50.710	- Info  -	CClientStream 117.68.2.50:443 login OK
2023-05-05 14:10:50.710	- Info  -	CConnectorRaw::OnEvent() state: CNTS_CONNECTED, error: 0, oray errorcode: 0
2023-05-05 14:10:50.710	- Info  -	[oray][erroCode] errorcode=oray_errorcode(0), product=0, type=0, inner code=0 [CConnectorRaw::OnEvent:624]
2023-05-05 14:10:50.710	- Info  -	CPluginThreadManager start plugin thread
2023-05-05 14:10:50.712	- Info  -	CActivePlugin prepare to init plugin
2023-05-05 14:10:50.712	- Info  -	[desktop] create drag server OK
2023-05-05 14:10:50.712	- Info  -	CActivePlugin prepare to run plugin
2023-05-05 14:10:50.713	- Info  -	[desktop] sending switch desktop type message...
2023-05-05 14:10:50.714	- Info  -	[desktop] request enumerate user list.
2023-05-05 14:10:50.714	- Info  -	[desktop] Separation message loop start.
2023-05-05 14:10:50.717	* Error *	sensors data send failed!
2023-05-05 14:10:51.954	- Info  -	[desktop] receive switch host message res = 1 
2023-05-05 14:10:51.954	- Info  -	[desktop] request enum screen
2023-05-05 14:10:51.954	- Info  -	[DisplayClient] SetCompression 11/15
2023-05-05 14:10:51.954	- Info  -	[desktop] request start stream
2023-05-05 14:10:51.954	- Info  -	[desktop] SetCompressionParam: layer=1;encoding=4;format=1;reserved=0, size: 38
2023-05-05 14:10:52.655	- Info  -	CMultiChannelStreamImpl::ConnectP2PServer, thread id: 2584
2023-05-05 14:10:52.705	- Info  -	CConnectorRaw::OnStreamEvent(1) state: CNTS_P2P, error: 0
2023-05-05 14:10:52.705	- Info  -	CConnectorRaw::OnEvent() state: CNTS_P2P, error: 0, oray errorcode: 0
2023-05-05 14:10:52.705	- Info  -	[oray][erroCode] errorcode=oray_errorcode(0), product=0, type=0, inner code=0 [CConnectorRaw::OnEvent:624]
2023-05-05 14:10:52.705	- Info  -	[P2PConnector] attempt to connect server PHSRC://1366035011.slp2p-east-std241.oray.net:4118/desktop(slp2p-east-std241.oray.net:4118) 
2023-05-05 14:10:52.769	- Info  -	[udp] support straight send in peer : no 117.68.2.50:4118 CConnection::OnConnectRes
2023-05-05 14:10:52.770	- Info  -	[P2PHelper] detect local ip ...
2023-05-05 14:10:52.771	- Info  -	[P2PHelper] detect local ip 172.16.76.4
2023-05-05 14:10:52.771	- Info  -	[P2PHelper] attempt to login P2P Server...
2023-05-05 14:10:52.805	- Info  -	[P2PHelper] Login P2P Server OK
2023-05-05 14:10:52.805	- Info  -	[P2PHelper] OnLoginRes, receive public ip 223.82.110.30:15981
2023-05-05 14:10:52.805	- Info  -	[P2PHelper] sending P2P request ...
2023-05-05 14:10:52.854	- Info  -	[P2PHelper] receive peer local ip 10.21.137.2:15476, public ip 106.4.220.142:1572
2023-05-05 14:10:52.854	- Info  -	[P2PStream] EstablishP2P local ip 223.82.110.30:15981/172.16.76.4:15981 ==> peer ip 106.4.220.142:1572/10.21.137.2:15476
2023-05-05 14:10:53.273	+Warning+	not found upnp devices on network!
2023-05-05 14:10:53.273	- Info  -	upnpnat_search_thread::ThreadLoop end
2023-05-05 14:10:53.284	- Info  -	[udpwrapper] attempt to establish P2P connection via: 117.68.2.50:4118, (local)172.16.76.4:15981|(public)223.82.110.30:15981 ==> (local)10.21.137.2:15476|(public)106.4.220.142:1572
2023-05-05 14:10:53.786	+Warning+	not found upnp devices on network!
2023-05-05 14:10:53.786	+Warning+	[udpwrapper] UPNP discovery failed, 
2023-05-05 14:10:53.815	- Info  -	[desktop] OnQueryConfigRes
2023-05-05 14:10:53.837	- Info  -	[desktop] recv enum screen, number is 1
2023-05-05 14:10:53.844	- Info  -	[clipboard] start clipboard...
2023-05-05 14:10:53.859	- Info  -	[clipboard][converter] html format 49428
2023-05-05 14:10:53.859	- Info  -	[clipboard][converter] rtf format 49271
2023-05-05 14:10:53.859	- Info  -	[clipboard] start clipboard ok.
2023-05-05 14:10:53.859	- Info  -	[desktop] sync clipboard enable
2023-05-05 14:10:53.946	- Info  -	[udp] OnConnectAck working in advanced mode 2
2023-05-05 14:10:53.946	- Info  -	[udp] support straight send in peer : yes 106.4.220.142:1572 CConnection::OnConnectRes
2023-05-05 14:10:53.947	- Info  -	[oray][erroCode] errorcode=oray_errorcode(0), product=0, type=0, inner code=0 [CUDPLibStream::Disconnect_impl:73]
2023-05-05 14:10:53.947	- Info  -	[udp] Disconnect
2023-05-05 14:10:53.947	- Info  -	[udp] SendDisconnect
2023-05-05 14:10:53.947	- Info  -	[P2PHelper] MainServer disconnect
2023-05-05 14:10:53.947	- Info  -	[MultiChannel] P2P channel shake handle 106.4.220.142:1572
2023-05-05 14:10:53.947	- Info  -	CConnectorRaw::OnEvent() state: CNTS_P2P_SHAKEHANDLE, error: 0, oray errorcode: 0
2023-05-05 14:10:53.947	- Info  -	[oray][erroCode] errorcode=oray_errorcode(0), product=0, type=0, inner code=0 [CConnectorRaw::OnEvent:624]
2023-05-05 14:10:53.947	- Info  -	[MultiChannel] send SHAKE_HANDLES_MSG, read 748, write 1654
2023-05-05 14:10:53.947	- Info  -	[P2PStream] connected (by udp) 0.0.0.0:15981 <--> 106.4.220.142:1572
2023-05-05 14:10:53.974	- Info  -	[udpwrapper] disconnect reason : 1
2023-05-05 14:10:53.974	- Info  -	[oray][erroCode] errorcode=oray_errorcode(57354), product=0, type=3, inner code=10 [CUDPLibWrapper::OnDisconnect:833]
2023-05-05 14:10:53.974	- Info  -	[udpwrapper] Disconnect 117.68.2.50:4118 @ 838
2023-05-05 14:10:53.974	- Info  -	[oray][erroCode] errorcode=oray_errorcode(57354), product=0, type=3, inner code=10 [CUDPLibStream::Disconnect_impl:73]
2023-05-05 14:10:53.996	- Info  -	[MultiChannel] Received SHAKE_HANDLES_MSG, read 1674 / (local write 1654), write 772 / (local read 748)
2023-05-05 14:10:53.996	- Info  -	[MultiChannel] P2P channel connected 106.4.220.142:1572
2023-05-05 14:10:53.996	- Info  -	CConnectorRaw::OnEvent() state: CNTS_P2P_CONNECTED, error: 0, oray errorcode: 0
2023-05-05 14:10:53.996	- Info  -	[oray][erroCode] errorcode=oray_errorcode(0), product=0, type=0, inner code=0 [CConnectorRaw::OnEvent:624]
2023-05-05 14:10:54.005	- Info  -	[MultiChannel] forward stream read data(size:24, 24, left:24) when p2p state is CONNECTED @ 445
2023-05-05 14:10:54.005	- Info  -	[MultiChannel] forward data read completed @ 462
2023-05-05 14:10:54.005	- Info  -	[desktop] OnQueryConfigRes
2023-05-05 14:10:54.005	- Info  -	[MultiChannel] write data when p2p state is CONNECTED, is full 0, writed data 1654 / peer read 1674, left 20, size 40 @ 153
2023-05-05 14:10:54.006	- Info  -	[MultiChannel] forward data write completed @ 216
2023-05-05 14:10:54.654	- Info  -	[drag] CDragServer::OnQueryVersionReq is installed
2023-05-05 14:10:54.654	* Error *	[drag] QueryVersion send is true
2023-05-05 14:10:55.867	- Info  -	CClipboardRaw::OnReceiveQueryVersionReq 2
2023-05-05 14:10:57.390	- Info  -	SetDisplayMode() w=1600, h=900, bpp=32
2023-05-05 14:10:57.390	- Info  -	ResetBitmap width=1600, height=900, bpp=32, srcbpp=32, Size = 5760000
2023-05-05 14:10:57.390	- Info  -	[DisplayClient] recv image info, width: 1600, height: 900, bpp: 32
2023-05-05 14:10:57.391	- Info  -	[DisplayClient] OnRecvCompInfo format/quality 11/15
2023-05-05 14:10:57.391	- Info  -	[desktop][DisplayClient] recv first frame.
2023-05-05 14:10:57.399	- Info  -	[DisplayClient] recv compimage type: ID_IMAGE_RAPIDCOMP
2023-05-05 14:10:57.471	- Info  -	[vpx] open h264 codec
2023-05-05 14:10:57.473	- Info  -	[vpx] close h264 codec
2023-05-05 14:10:57.473	- Info  -	[vpx] open h264 codec
2023-05-05 14:10:57.521	- Info  -	[desktop][DisplayClient] decode first frame end.
2023-05-05 14:10:57.524	- Info  -	[desktop] receive first frame message
2023-05-05 14:10:57.636	- Info  -	Init D3D2 OK
2023-05-05 14:10:57.636	- Info  -	[DesktopSurface] Use DirectX Paint mode 2
2023-05-05 14:10:57.677	- Info  -	Init D3D2 OK
2023-05-05 14:10:57.702	- Info  -	[maindialog] draw first frame end
2023-05-05 14:10:57.727	- Info  -	[desktop] sync clipboard enable
2023-05-05 14:10:57.727	- Info  -	[http call3] new call id:1, url:https://slapi.oray.net/remote/get-network
2023-05-05 14:10:57.730	- Info  -	[http call3] id:1 create new connection : https://slapi.oray.net:443
2023-05-05 14:10:57.738	- Info  -	attempt to connect server slapi.oray.net:443(121.40.200.192:443)
2023-05-05 14:10:57.964	- Info  -	[http call3] id:1, url:https://slapi.oray.net/remote/get-network, status code:200
2023-05-05 14:11:01.772	- Info  -	Init D3D2 OK
2023-05-05 14:11:01.801	* Error *	sensors data send failed!
2023-05-05 14:11:12.964	* Error *	SSLStream::IsWantReadWrite|peer(121.40.200.192:443), SSL_read failed( 6 ), error:00000000:lib(0):func(0):reason(0), file( ..\includes\common\phstream\SSLStream.cpp:1898 )
2023-05-05 14:11:12.964	- Info  -	[http call3] disconnect, error( 0 )
2023-05-05 14:11:37.183	* Error *	sensors data send failed!
2023-05-05 14:15:19.848	* Error *	sensors data send failed!
2023-05-05 14:15:19.902	- Info  -	[oray][erroCode] errorcode=oray_errorcode(0), product=0, type=0, inner code=0 [CMultiChannelStream::Disconnect_impl:254]
2023-05-05 14:15:19.903	- Info  -	[TCPConnector] CCurStream handle client_disconnect
2023-05-05 14:15:19.903	- Info  -	[oray][erroCode] errorcode=transf(0), product=0, type=0, inner code=0 [CMultiChannelStream::ForwardHandler::Handle:647]
2023-05-05 14:15:19.903	- Info  -	CConnectorRaw::OnEvent() state: CNTS_FWD_DISCONNECT, error: 0, oray errorcode: 0
2023-05-05 14:15:19.903	- Info  -	[oray][erroCode] errorcode=oray_errorcode(0), product=0, type=0, inner code=0 [CConnectorRaw::OnEvent:624]
2023-05-05 14:15:19.903	+Warning+	[MultiChannel] unbind forward stream(errorcode 0) @ 651
2023-05-05 14:15:19.903	- Info  -	[oray][erroCode] errorcode=oray_errorcode(0), product=0, type=0, inner code=0 [CP2PStream::Disconnect_impl:678]
2023-05-05 14:15:19.903	- Info  -	[oray][erroCode] errorcode=oray_errorcode(0), product=0, type=0, inner code=0 [CP2PStream::CUDPStream::Disconnect_impl:1044]
2023-05-05 14:15:19.903	- Info  -	[oray][erroCode] errorcode=oray_errorcode(0), product=0, type=0, inner code=0 [CUDPLibStream::Disconnect_impl:73]
2023-05-05 14:15:19.903	- Info  -	[udp] Disconnect
2023-05-05 14:15:19.903	- Info  -	[udp] SendDisconnect
2023-05-05 14:15:19.904	- Info  -	[MultiChannel] P2P channel disconnect 106.4.220.142:1572
2023-05-05 14:15:19.904	- Info  -	[oray][erroCode] errorcode=transf(0), product=0, type=0, inner code=0 [CMultiChannelStream::P2PHandler::Handle:834]
2023-05-05 14:15:19.904	- Info  -	[oray][erroCode] errorcode=transf(0), product=0, type=0, inner code=0 [CMultiChannelStream::HandleDisconnect:1041]
2023-05-05 14:15:19.904	- Info  -	CMultiChannelStreamImpl::OnDisconnect()
2023-05-05 14:15:19.904	- Info  -	[oray][erroCode] errorcode=oray_errorcode(0), product=0, type=0, inner code=0 [CMultiChannelStreamImpl::OnDisconnect:100]
2023-05-05 14:15:19.904	- Info  -	CClientStream 106.4.220.142:1572 OnDisconnect, errocde:0
2023-05-05 14:15:19.904	- Info  -	[oray][erroCode] errorcode=errcode(0), product=0, type=0, inner code=0 [CClientStream::OnDisconnect:104]
2023-05-05 14:15:19.904	- Info  -	OnDisconnect, error code 0
2023-05-05 14:15:19.904	- Info  -	[oray][erroCode] errorcode=errcode(0), product=0, type=0, inner code=0 [BinaryPluginStream::OnDisconnect:404]
2023-05-05 14:15:19.904	- Info  -	[desktop] Separation message loop stop.
2023-05-05 14:15:19.904	- Info  -	CPluginThreadManager stop plugin thread
2023-05-05 14:15:19.904	- Info  -	CActivePlugin prepare to exit plugin
2023-05-05 14:15:19.904	- Info  -	[desktop] RemoteDesktopPlugin::ExitInstance. >
2023-05-05 14:15:19.905	- Info  -	[clipboard] stop clipboard...
2023-05-05 14:15:19.929	- Info  -	[clipboard] recv thread end(1).
2023-05-05 14:15:19.929	- Info  -	[clipboard] call CClipboardViewer::DestroyWnd at 190
2023-05-05 14:15:19.929	- Info  -	[clipboard] recv WM_CLOSE, end thread.
2023-05-05 14:15:19.932	- Info  -	[clipboard] Stop Clipboard ok
2023-05-05 14:15:19.944	- Info  -	[desktop] [thread] cancel.
2023-05-05 14:15:19.945	- Info  -	[desktop] RemoteDesktopPlugin::ExitInstance. <
2023-05-05 14:15:19.945	- Info  -	CConnectorRaw::OnEvent() state: CNTS_P2P_DISCONNECT, error: 0, oray errorcode: 0
2023-05-05 14:15:19.945	- Info  -	[oray][erroCode] errorcode=oray_errorcode(0), product=0, type=0, inner code=0 [CConnectorRaw::OnEvent:624]
2023-05-05 14:15:19.945	- Info  -	[oray][erroCode] errorcode=oray_errorcode(0), product=0, type=0, inner code=0 [CP2PStream::CTCPStream::Disconnect_impl:1016]
2023-05-05 14:15:19.946	- Info  -	CConnectorRaw::OnEvent() state: CNTS_DISCONNECTED, error: 0, oray errorcode: 0
2023-05-05 14:15:19.946	- Info  -	[oray][erroCode] errorcode=oray_errorcode(0), product=0, type=0, inner code=0 [CConnectorRaw::OnEvent:624]
2023-05-05 14:15:19.946	- Info  -	CConnectorRaw::Stop in>
2023-05-05 14:15:19.947	- Info  -	[CUDPLibWrapper] map size: 1, value: [106.4.220.142:1572/15981-1] = 0.0.0.0:15981;

2023-05-05 14:15:19.947	- Info  -	[oray][erroCode] errorcode=oray_errorcode(0), product=0, type=0, inner code=0 [CP2PStream::CUDPStream::Disconnect_impl:1044]
2023-05-05 14:15:19.947	- Info  -	[oray][erroCode] errorcode=oray_errorcode(0), product=0, type=0, inner code=0 [CUDPLibStream::Disconnect_impl:73]
2023-05-05 14:15:19.948	- Info  -	CConnectorRaw::Stop out<
2023-05-05 14:15:19.949	- Info  -	sensors close
2023-05-05 14:15:19.957	* Error *	Plugin disconnect with error : 0
2023-05-05 14:15:19.985	- Info  -	[desktop] CRemoteDesktopPlugin::~CRemoteDesktopPlugin(void)
2023-05-05 14:15:19.986	- Info  -	[vpx] close h264 codec
2023-05-05 14:15:20.018	- Info  -	CMultiChannelStreamImpl::~CMultiChannelStreamImpl
2023-05-05 14:15:20.019	- Info  -	program remote_plugin is exit 
