2023-03-08 16:36:20.762	- Info  -	version:3.2.1.40406
2023-03-08 16:36:20.769	- Info  -	DPIAwareness set 2 success.
2023-03-08 16:36:20.781	- Info  -	config path: pÅ}„¹
2023-03-08 16:36:20.872	- Info  -	[displayclt] CDisplayClient::CDisplayClient(all)
2023-03-08 16:36:20.873	- Info  -	[desktop] CRemoteDesktopPlugin::CRemoteDesktopPlugin(all)
2023-03-08 16:36:20.881	- Info  -	sensors init with file: C:/ProgramData/Oray/SunloginClient/sensors/datas
2023-03-08 16:36:20.908	* Error *	sensors data send failed!
2023-03-08 16:36:20.908	- Info  -	CMultiChannelStreamImpl::CMultiChannelStreamImpl
2023-03-08 16:36:20.909	- Info  -	CConnectorRaw::OnStreamEvent(1) state: CNTS_FORWARD, error: 0
2023-03-08 16:36:20.909	- Info  -	CConnectorRaw::OnEvent() state: CNTS_FORWARD, error: 0, oray errorcode: 0
2023-03-08 16:36:20.909	- Info  -	[oray][erroCode] errorcode=oray_errorcode(0), product=0, type=0, inner code=0 [CConnectorRaw::OnEvent:624]
2023-03-08 16:36:21.019	- Info  -	plugin_public access_token is NULL
2023-03-08 16:36:21.201	- Info  -	attempt to connect server 1905305828.slp2p-east-std201.oray.net:443(122.246.13.29:443)
2023-03-08 16:36:21.327	- Info  -	[TCPConnector] CCurStream handle client_connect
2023-03-08 16:36:21.359	- Info  -	[MultiChannel] Forward channel shake handle 122.246.13.29:443
2023-03-08 16:36:21.359	- Info  -	CMultiChannelStreamImpl::OnConnect()
2023-03-08 16:36:21.359	- Info  -	CClientStream 122.246.13.29:443 OnConnect
2023-03-08 16:36:21.359	- Info  -	CConnectorRaw::OnEvent() state: CNTS_LOGIN, error: 0, oray errorcode: 0
2023-03-08 16:36:21.359	- Info  -	[oray][erroCode] errorcode=oray_errorcode(0), product=0, type=0, inner code=0 [CConnectorRaw::OnEvent:624]
2023-03-08 16:36:21.359	- Info  -	CConnectorRaw::OnEvent() state: CNTS_FWD_SHAKEHANDLE, error: 0, oray errorcode: 0
2023-03-08 16:36:21.359	- Info  -	[oray][erroCode] errorcode=oray_errorcode(0), product=0, type=0, inner code=0 [CConnectorRaw::OnEvent:624]
2023-03-08 16:36:21.529	- Info  -	[MultiChannel] Forward channel connected 122.246.13.29:443
2023-03-08 16:36:21.529	- Info  -	CMultiChannelStreamImpl::OnConnectEvent, status: CNTS_FWD_CONNECTED, isclosed:false, HadFwdConnected: true, HadBeenHolePunch: false
2023-03-08 16:36:21.530	- Info  -	CConnectorRaw::OnEvent() state: CNTS_FWD_CONNECTED, error: 0, oray errorcode: 0
2023-03-08 16:36:21.530	- Info  -	[oray][erroCode] errorcode=oray_errorcode(0), product=0, type=0, inner code=0 [CConnectorRaw::OnEvent:624]
2023-03-08 16:36:21.530	- Info  -	CClientStream 122.246.13.29:443 OnReceive reply 1 
2023-03-08 16:36:21.530	- Info  -	CClientStream 122.246.13.29:443 start keepalive
2023-03-08 16:36:21.530	- Info  -	CClientStream 122.246.13.29:443 login OK
2023-03-08 16:36:21.530	- Info  -	CConnectorRaw::OnEvent() state: CNTS_CONNECTED, error: 0, oray errorcode: 0
2023-03-08 16:36:21.530	- Info  -	[oray][erroCode] errorcode=oray_errorcode(0), product=0, type=0, inner code=0 [CConnectorRaw::OnEvent:624]
2023-03-08 16:36:21.530	- Info  -	CPluginThreadManager start plugin thread
2023-03-08 16:36:21.532	- Info  -	CActivePlugin prepare to init plugin
2023-03-08 16:36:21.533	- Info  -	[desktop] create drag server OK
2023-03-08 16:36:21.534	- Info  -	CActivePlugin prepare to run plugin
2023-03-08 16:36:21.535	- Info  -	[desktop] sending switch desktop type message...
2023-03-08 16:36:21.536	- Info  -	[desktop] request enumerate user list.
2023-03-08 16:36:21.536	- Info  -	[desktop] Separation message loop start.
2023-03-08 16:36:21.536	- Info  -	[desktop] receive enumerate user respond
2023-03-08 16:36:21.536	- Info  -	[desktop] request switch user host message...
2023-03-08 16:36:21.904	* Error *	sensors data send failed!
2023-03-08 16:36:21.942	- Info  -	[desktop] receive switch host message res = 1 
2023-03-08 16:36:21.943	- Info  -	[desktop] request enum screen
2023-03-08 16:36:21.943	- Info  -	[DisplayClient] SetCompression 11/15
2023-03-08 16:36:21.943	- Info  -	[desktop] request start stream
2023-03-08 16:36:21.943	- Info  -	[desktop] SetCompressionParam: layer=1;encoding=4;format=1;reserved=0, size: 38
2023-03-08 16:36:22.735	- Info  -	[desktop] OnQueryConfigRes
2023-03-08 16:36:22.736	- Info  -	[desktop] OnQueryConfigRes
2023-03-08 16:36:22.736	- Info  -	[desktop] recv enum screen, number is 1
2023-03-08 16:36:22.736	- Info  -	[clipboard] start clipboard...
2023-03-08 16:36:22.750	- Info  -	[clipboard][converter] html format 49319
2023-03-08 16:36:22.750	- Info  -	[clipboard][converter] rtf format 49379
2023-03-08 16:36:22.751	- Info  -	[clipboard] start clipboard ok.
2023-03-08 16:36:22.751	- Info  -	[desktop] sync clipboard enable
2023-03-08 16:36:23.251	- Info  -	CClipboardRaw::OnReceiveQueryVersionReq 2
2023-03-08 16:36:23.527	- Info  -	CMultiChannelStreamImpl::ConnectP2PServer, thread id: 11180
2023-03-08 16:36:23.645	- Info  -	CConnectorRaw::OnStreamEvent(1) state: CNTS_P2P, error: 0
2023-03-08 16:36:23.645	- Info  -	CConnectorRaw::OnEvent() state: CNTS_P2P, error: 0, oray errorcode: 0
2023-03-08 16:36:23.645	- Info  -	[oray][erroCode] errorcode=oray_errorcode(0), product=0, type=0, inner code=0 [CConnectorRaw::OnEvent:624]
2023-03-08 16:36:23.645	- Info  -	[P2PConnector] attempt to connect server PHSRC://1905305828.slp2p-east-std201.oray.net:4118/desktop(slp2p-east-std201.oray.net:4118) 
2023-03-08 16:36:23.691	- Info  -	[udp] support straight send in peer : no 122.246.13.29:4118 CConnection::OnConnectRes
2023-03-08 16:36:23.692	- Info  -	[P2PHelper] detect local ip ...
2023-03-08 16:36:23.692	- Info  -	[P2PHelper] detect local ip 172.16.76.182
2023-03-08 16:36:23.692	- Info  -	[P2PHelper] attempt to login P2P Server...
2023-03-08 16:36:23.717	- Info  -	[P2PHelper] Login P2P Server OK
2023-03-08 16:36:23.717	- Info  -	[P2PHelper] OnLoginRes, receive public ip 223.82.110.30:16119
2023-03-08 16:36:23.717	- Info  -	[P2PHelper] sending P2P request ...
2023-03-08 16:36:23.761	- Info  -	[P2PHelper] receive peer local ip 192.168.1.34:15796, public ip 182.100.9.66:12389
2023-03-08 16:36:23.761	- Info  -	[P2PStream] EstablishP2P local ip 223.82.110.30:16119/172.16.76.182:16119 ==> peer ip 182.100.9.66:12389/192.168.1.34:15796
2023-03-08 16:36:24.193	+Warning+	not found upnp devices on network!
2023-03-08 16:36:24.193	- Info  -	upnpnat_search_thread::ThreadLoop end
2023-03-08 16:36:24.201	- Info  -	[udpwrapper] attempt to establish P2P connection via: 122.246.13.29:4118, (local)172.16.76.182:16119|(public)223.82.110.30:16119 ==> (local)192.168.1.34:15796|(public)182.100.9.66:12389
2023-03-08 16:36:24.618	- Info  -	SetDisplayMode() w=1440, h=900, bpp=32
2023-03-08 16:36:24.618	- Info  -	ResetBitmap width=1440, height=900, bpp=32, srcbpp=32, Size = 5184000
2023-03-08 16:36:24.618	- Info  -	[DisplayClient] recv image info, width: 1440, height: 900, bpp: 32
2023-03-08 16:36:24.618	- Info  -	[DisplayClient] OnRecvCompInfo format/quality 11/15
2023-03-08 16:36:24.619	- Info  -	[desktop][DisplayClient] recv first frame.
2023-03-08 16:36:24.628	- Info  -	[DisplayClient] recv compimage type: ID_IMAGE_RAPIDCOMP
2023-03-08 16:36:24.702	+Warning+	not found upnp devices on network!
2023-03-08 16:36:24.702	+Warning+	[udpwrapper] UPNP discovery failed, 
2023-03-08 16:36:24.715	- Info  -	[vpx] open codec.
2023-03-08 16:36:24.837	- Info  -	[desktop][DisplayClient] decode first frame end.
2023-03-08 16:36:24.840	- Info  -	[desktop] receive first frame message
2023-03-08 16:36:24.843	- Info  -	SetDisplayMode() w=1440, h=900, bpp=32
2023-03-08 16:36:24.843	- Info  -	ResetBitmap width=1440, height=900, bpp=32, srcbpp=32, Size = 5184000
2023-03-08 16:36:24.844	- Info  -	[DisplayClient] recv image info, width: 1440, height: 900, bpp: 32
2023-03-08 16:36:24.887	- Info  -	[vpx][decoder] close codec.
2023-03-08 16:36:24.908	- Info  -	[DisplayClient] OnRecvCompInfo format/quality 11/15
2023-03-08 16:36:24.908	- Info  -	[desktop][DisplayClient] recv first frame.
2023-03-08 16:36:24.917	- Info  -	[DisplayClient] recv compimage type: ID_IMAGE_RAPIDCOMP
2023-03-08 16:36:25.000	- Info  -	[vpx] open codec.
2023-03-08 16:36:25.076	- Info  -	Init D3D2 OK
2023-03-08 16:36:25.076	- Info  -	[DesktopSurface] Use DirectX Paint mode 2
2023-03-08 16:36:25.106	- Info  -	[desktop][DisplayClient] decode first frame end.
2023-03-08 16:36:25.108	- Info  -	[desktop] receive first frame message
2023-03-08 16:36:25.108	- Info  -	[drag] QueryVersionRes is true
2023-03-08 16:36:25.131	- Info  -	Init D3D2 OK
2023-03-08 16:36:25.147	- Info  -	CClipboardRaw::OnReceiveQueryVersionRes 2
2023-03-08 16:36:25.160	- Info  -	[maindialog] draw first frame end
2023-03-08 16:36:25.248	- Info  -	[desktop] sync clipboard enable
2023-03-08 16:36:25.249	- Info  -	[http call3] new call id:1, url:https://slapi.oray.net/client/free-tips
2023-03-08 16:36:25.249	- Info  -	[http call3] new call id:2, url:https://slapi.oray.net/remote/get-network
2023-03-08 16:36:25.256	- Info  -	[http call3] id:1 create new connection : https://slapi.oray.net:443
2023-03-08 16:36:25.258	- Info  -	attempt to connect server slapi.oray.net:443(121.40.200.192:443)
2023-03-08 16:36:25.269	- Info  -	[http call3] id:2 use old connection : https://slapi.oray.net:443
2023-03-08 16:36:25.428	- Info  -	[http call3] id:1, url:https://slapi.oray.net/client/free-tips, status code:200
2023-03-08 16:36:25.502	- Info  -	[http call3] id:2, url:https://slapi.oray.net/remote/get-network, status code:200
2023-03-08 16:36:30.137	* Error *	sensors data send failed!
2023-03-08 16:36:36.705	+Warning+	[udpstack] connect timeout, state: 5, time interval: 10000, 20898625, 20886625, 12000
2023-03-08 16:36:36.705	- Info  -	[udpwrapper] udprelay connecting 182.100.9.66:12389 via 122.246.13.29:4118
2023-03-08 16:36:36.758	- Info  -	[udp] OnConnectAck working in advanced mode 2
2023-03-08 16:36:36.758	- Info  -	[udp] support straight send in peer : yes 122.246.13.29:4118 CConnection::OnConnectRes
2023-03-08 16:36:36.759	- Info  -	[oray][erroCode] errorcode=oray_errorcode(0), product=0, type=0, inner code=0 [CUDPLibStream::Disconnect_impl:73]
2023-03-08 16:36:36.759	- Info  -	[udp] Disconnect
2023-03-08 16:36:36.759	- Info  -	[udp] SendDisconnect
2023-03-08 16:36:36.759	- Info  -	[P2PHelper] MainServer disconnect
2023-03-08 16:36:36.759	- Info  -	[MultiChannel] P2P channel shake handle 182.100.9.66:4118
2023-03-08 16:36:36.759	- Info  -	CConnectorRaw::OnEvent() state: CNTS_P2P_SHAKEHANDLE, error: 0, oray errorcode: 0
2023-03-08 16:36:36.759	- Info  -	[oray][erroCode] errorcode=oray_errorcode(0), product=0, type=0, inner code=0 [CConnectorRaw::OnEvent:624]
2023-03-08 16:36:36.759	- Info  -	[MultiChannel] send SHAKE_HANDLES_MSG, read 474795, write 19374
2023-03-08 16:36:36.759	- Info  -	[P2PStream] connected (by udp) 0.0.0.0:16119 <--> 182.100.9.66:4118
2023-03-08 16:36:36.785	- Info  -	[udpwrapper] disconnect reason : 1
2023-03-08 16:36:36.785	- Info  -	[oray][erroCode] errorcode=oray_errorcode(57354), product=0, type=3, inner code=10 [CUDPLibWrapper::OnDisconnect:833]
2023-03-08 16:36:36.785	- Info  -	[udpwrapper] Disconnect 122.246.13.29:4118 @ 838
2023-03-08 16:36:36.785	- Info  -	[oray][erroCode] errorcode=oray_errorcode(57354), product=0, type=3, inner code=10 [CUDPLibStream::Disconnect_impl:73]
2023-03-08 16:36:36.799	- Info  -	[MultiChannel] Received SHAKE_HANDLES_MSG, read 19394 / (local write 19374), write 475039 / (local read 474795)
2023-03-08 16:36:36.799	- Info  -	[MultiChannel] P2P channel connected 182.100.9.66:4118
2023-03-08 16:36:36.799	- Info  -	CConnectorRaw::OnEvent() state: CNTS_P2P_CONNECTED, error: 0, oray errorcode: 0
2023-03-08 16:36:36.799	- Info  -	[oray][erroCode] errorcode=oray_errorcode(0), product=0, type=0, inner code=0 [CConnectorRaw::OnEvent:624]
2023-03-08 16:36:36.799	- Info  -	[MultiChannel] forward stream read data(size:80, 80, left:244) when p2p state is CONNECTED @ 445
2023-03-08 16:36:36.799	- Info  -	[MultiChannel] forward stream read data(size:20, 20, left:164) when p2p state is CONNECTED @ 445
2023-03-08 16:36:36.799	- Info  -	[MultiChannel] forward stream read data(size:44, 44, left:144) when p2p state is CONNECTED @ 445
2023-03-08 16:36:36.799	- Info  -	[MultiChannel] forward stream read data(size:20, 20, left:100) when p2p state is CONNECTED @ 445
2023-03-08 16:36:36.800	- Info  -	[MultiChannel] forward stream read data(size:80, 80, left:80) when p2p state is CONNECTED @ 445
2023-03-08 16:36:36.800	- Info  -	[MultiChannel] forward data read completed @ 462
2023-03-08 16:36:36.802	- Info  -	[MultiChannel] write data when p2p state is CONNECTED, is full 0, writed data 19374 / peer read 19394, left 20, size 52 @ 153
2023-03-08 16:36:36.805	- Info  -	[MultiChannel] forward data write completed @ 216
2023-03-08 16:36:38.387	* Error *	sensors data send failed!
2023-03-08 16:36:39.967	- Info  -	Init D3D2 OK
2023-03-08 16:36:40.036	- Info  -	SetDisplayMode() w=1280, h=600, bpp=32
2023-03-08 16:36:40.036	- Info  -	ResetBitmap width=1280, height=600, bpp=32, srcbpp=32, Size = 3072000
2023-03-08 16:36:40.036	- Info  -	[DisplayClient] recv image info, width: 1280, height: 600, bpp: 32
2023-03-08 16:36:40.091	- Info  -	[vpx][decoder] close codec.
2023-03-08 16:36:40.115	- Info  -	[DisplayClient] OnRecvCompInfo format/quality 11/15
2023-03-08 16:36:40.115	- Info  -	[desktop][DisplayClient] recv first frame.
2023-03-08 16:36:40.126	- Info  -	[DisplayClient] recv compimage type: ID_IMAGE_RAPIDCOMP
2023-03-08 16:36:40.216	- Info  -	[vpx] open codec.
2023-03-08 16:36:40.261	- Info  -	[desktop][DisplayClient] decode first frame end.
2023-03-08 16:36:40.262	- Info  -	[desktop] receive first frame message
2023-03-08 16:36:40.426	- Info  -	Init D3D2 OK
2023-03-08 16:36:40.427	- Info  -	[DesktopSurface] Use DirectX Paint mode 2
2023-03-08 16:36:40.451	- Info  -	Init D3D2 OK
2023-03-08 16:36:40.459	- Info  -	[maindialog] draw first frame end
2023-03-08 16:36:40.490	- Info  -	Init D3D2 OK
2023-03-08 16:36:40.516	* Error *	SSLStream::IsWantReadWrite|peer(121.40.200.192:443), SSL_read failed( 6 ), error:00000000:lib(0):func(0):reason(0), file( ..\includes\common\phstream\SSLStream.cpp:1898 )
2023-03-08 16:36:40.516	- Info  -	[http call3] disconnect, error( 0 )
2023-03-08 16:37:09.815	+Warning+	[udpstack] send packet timeout
2023-03-08 16:37:09.815	- Info  -	[udpwrapper] disconnect reason : 5
2023-03-08 16:37:09.815	- Info  -	[oray][erroCode] errorcode=oray_errorcode(57358), product=0, type=3, inner code=14 [CUDPLibWrapper::OnDisconnect:833]
2023-03-08 16:43:41.603	* Error *	sensors data send failed!
2023-03-08 16:43:41.604	- Info  -	[oray][erroCode] errorcode=oray_errorcode(0), product=0, type=0, inner code=0 [CMultiChannelStream::Disconnect_impl:254]
2023-03-08 16:43:41.605	- Info  -	[TCPConnector] CCurStream handle client_disconnect
2023-03-08 16:43:41.605	- Info  -	[oray][erroCode] errorcode=transf(0), product=0, type=0, inner code=0 [CMultiChannelStream::ForwardHandler::Handle:647]
2023-03-08 16:43:41.605	- Info  -	CConnectorRaw::OnEvent() state: CNTS_FWD_DISCONNECT, error: 0, oray errorcode: 0
2023-03-08 16:43:41.605	- Info  -	[oray][erroCode] errorcode=oray_errorcode(0), product=0, type=0, inner code=0 [CConnectorRaw::OnEvent:624]
2023-03-08 16:43:41.605	+Warning+	[MultiChannel] unbind forward stream(errorcode 0) @ 651
2023-03-08 16:43:41.605	- Info  -	[oray][erroCode] errorcode=oray_errorcode(0), product=0, type=0, inner code=0 [CP2PStream::Disconnect_impl:678]
2023-03-08 16:43:41.605	- Info  -	[oray][erroCode] errorcode=oray_errorcode(0), product=0, type=0, inner code=0 [CP2PStream::CUDPStream::Disconnect_impl:1044]
2023-03-08 16:43:41.605	- Info  -	[oray][erroCode] errorcode=oray_errorcode(0), product=0, type=0, inner code=0 [CUDPLibStream::Disconnect_impl:73]
2023-03-08 16:43:41.605	- Info  -	[udp] Disconnect
2023-03-08 16:43:41.605	- Info  -	[udp] SendDisconnect
2023-03-08 16:43:41.606	- Info  -	[MultiChannel] P2P channel disconnect 182.100.9.66:4118
2023-03-08 16:43:41.606	- Info  -	[oray][erroCode] errorcode=transf(0), product=0, type=0, inner code=0 [CMultiChannelStream::P2PHandler::Handle:834]
2023-03-08 16:43:41.606	- Info  -	[oray][erroCode] errorcode=transf(0), product=0, type=0, inner code=0 [CMultiChannelStream::HandleDisconnect:1041]
2023-03-08 16:43:41.606	- Info  -	CMultiChannelStreamImpl::OnDisconnect()
2023-03-08 16:43:41.606	- Info  -	[oray][erroCode] errorcode=oray_errorcode(0), product=0, type=0, inner code=0 [CMultiChannelStreamImpl::OnDisconnect:100]
2023-03-08 16:43:41.606	- Info  -	CClientStream 182.100.9.66:4118 OnDisconnect, errocde:0
2023-03-08 16:43:41.606	- Info  -	[oray][erroCode] errorcode=errcode(0), product=0, type=0, inner code=0 [CClientStream::OnDisconnect:104]
2023-03-08 16:43:41.607	- Info  -	OnDisconnect, error code 0
2023-03-08 16:43:41.607	- Info  -	[oray][erroCode] errorcode=errcode(0), product=0, type=0, inner code=0 [BinaryPluginStream::OnDisconnect:404]
2023-03-08 16:43:41.607	- Info  -	[desktop] Separation message loop stop.
2023-03-08 16:43:41.611	- Info  -	CPluginThreadManager stop plugin thread
2023-03-08 16:43:41.611	- Info  -	CActivePlugin prepare to exit plugin
2023-03-08 16:43:41.611	- Info  -	[desktop] RemoteDesktopPlugin::ExitInstance. >
2023-03-08 16:43:41.611	- Info  -	[clipboard] stop clipboard...
2023-03-08 16:43:41.621	- Info  -	[clipboard] recv thread end(1).
2023-03-08 16:43:41.622	- Info  -	[clipboard] call CClipboardViewer::DestroyWnd at 190
2023-03-08 16:43:41.623	- Info  -	[clipboard] recv WM_CLOSE, end thread.
2023-03-08 16:43:41.626	- Info  -	[clipboard] Stop Clipboard ok
2023-03-08 16:43:41.631	- Info  -	[desktop] [thread] cancel.
2023-03-08 16:43:41.631	- Info  -	[desktop] RemoteDesktopPlugin::ExitInstance. <
2023-03-08 16:43:41.636	- Info  -	CConnectorRaw::OnEvent() state: CNTS_P2P_DISCONNECT, error: 0, oray errorcode: 0
2023-03-08 16:43:41.639	- Info  -	[oray][erroCode] errorcode=oray_errorcode(0), product=0, type=0, inner code=0 [CConnectorRaw::OnEvent:624]
2023-03-08 16:43:41.639	- Info  -	[oray][erroCode] errorcode=oray_errorcode(0), product=0, type=0, inner code=0 [CP2PStream::CTCPStream::Disconnect_impl:1016]
2023-03-08 16:43:41.639	- Info  -	CConnectorRaw::OnEvent() state: CNTS_DISCONNECTED, error: 0, oray errorcode: 0
2023-03-08 16:43:41.639	- Info  -	[oray][erroCode] errorcode=oray_errorcode(0), product=0, type=0, inner code=0 [CConnectorRaw::OnEvent:624]
2023-03-08 16:43:41.639	- Info  -	CConnectorRaw::Stop in>
2023-03-08 16:43:41.648	- Info  -	[udpwrapper] disconnect reason : 1
2023-03-08 16:43:41.648	- Info  -	[oray][erroCode] errorcode=oray_errorcode(57354), product=0, type=3, inner code=10 [CUDPLibWrapper::OnDisconnect:833]
2023-03-08 16:43:41.648	- Info  -	[udpwrapper] Disconnect 182.100.9.66:12389 @ 838
2023-03-08 16:43:41.648	- Info  -	[oray][erroCode] errorcode=oray_errorcode(57354), product=0, type=3, inner code=10 [CP2PStream::CUDPStream::Disconnect_impl:1044]
2023-03-08 16:43:41.648	- Info  -	[oray][erroCode] errorcode=oray_errorcode(57354), product=0, type=3, inner code=10 [CUDPLibStream::Disconnect_impl:73]
2023-03-08 16:43:41.663	* Error *	Plugin disconnect with error : 0
2023-03-08 16:43:41.674	- Info  -	[CUDPLibWrapper] map size: 0, value: 
2023-03-08 16:43:41.676	- Info  -	CConnectorRaw::Stop out<
2023-03-08 16:43:41.676	- Info  -	sensors close
2023-03-08 16:43:41.728	- Info  -	[desktop] CRemoteDesktopPlugin::~CRemoteDesktopPlugin(void)
2023-03-08 16:43:41.729	- Info  -	[vpx][decoder] close codec.
2023-03-08 16:43:41.807	- Info  -	CMultiChannelStreamImpl::~CMultiChannelStreamImpl
2023-03-08 16:43:41.809	- Info  -	program remote_plugin is exit 
