2023-05-09 14:07:12.624	- Info  -	version:3.2.1.40406
2023-05-09 14:07:12.632	- Info  -	DPIAwareness set 2 success.
2023-05-09 14:07:12.646	- Info  -	config path: xˆ»¬
2023-05-09 14:07:12.738	- Info  -	[displayclt] CDisplayClient::CDisplayClient(all)
2023-05-09 14:07:12.738	- Info  -	[desktop] CRemoteDesktopPlugin::CRemoteDesktopPlugin(all)
2023-05-09 14:07:12.756	- Info  -	sensors init with file: C:/ProgramData/Oray/SunloginClient/sensors/datas
2023-05-09 14:07:12.773	- Info  -	CMultiChannelStreamImpl::CMultiChannelStreamImpl
2023-05-09 14:07:12.775	- Info  -	CConnectorRaw::OnStreamEvent(1) state: CNTS_FORWARD, error: 0
2023-05-09 14:07:12.775	- Info  -	CConnectorRaw::OnEvent() state: CNTS_FORWARD, error: 0, oray errorcode: 0
2023-05-09 14:07:12.775	- Info  -	[oray][erroCode] errorcode=oray_errorcode(0), product=0, type=0, inner code=0 [CConnectorRaw::OnEvent:624]
2023-05-09 14:07:12.792	* Error *	sensors data send failed!
2023-05-09 14:07:12.859	- Info  -	attempt to connect server 609431740.slp2p-east-std02.oray.net:443(221.228.93.130:443)
2023-05-09 14:07:12.952	- Info  -	[TCPConnector] CCurStream handle client_connect
2023-05-09 14:07:12.981	- Info  -	[MultiChannel] Forward channel shake handle 221.228.93.130:443
2023-05-09 14:07:12.981	- Info  -	CMultiChannelStreamImpl::OnConnect()
2023-05-09 14:07:12.981	- Info  -	CClientStream 221.228.93.130:443 OnConnect
2023-05-09 14:07:12.981	- Info  -	CConnectorRaw::OnEvent() state: CNTS_LOGIN, error: 0, oray errorcode: 0
2023-05-09 14:07:12.981	- Info  -	[oray][erroCode] errorcode=oray_errorcode(0), product=0, type=0, inner code=0 [CConnectorRaw::OnEvent:624]
2023-05-09 14:07:12.981	- Info  -	CConnectorRaw::OnEvent() state: CNTS_FWD_SHAKEHANDLE, error: 0, oray errorcode: 0
2023-05-09 14:07:12.981	- Info  -	[oray][erroCode] errorcode=oray_errorcode(0), product=0, type=0, inner code=0 [CConnectorRaw::OnEvent:624]
2023-05-09 14:07:13.053	- Info  -	plugin_public access_token is NULL
2023-05-09 14:07:13.694	- Info  -	[MultiChannel] Forward channel connected 221.228.93.130:443
2023-05-09 14:07:13.694	- Info  -	CMultiChannelStreamImpl::OnConnectEvent, status: CNTS_FWD_CONNECTED, isclosed:false, HadFwdConnected: true, HadBeenHolePunch: false
2023-05-09 14:07:13.695	- Info  -	CConnectorRaw::OnEvent() state: CNTS_FWD_CONNECTED, error: 0, oray errorcode: 0
2023-05-09 14:07:13.695	- Info  -	[oray][erroCode] errorcode=oray_errorcode(0), product=0, type=0, inner code=0 [CConnectorRaw::OnEvent:624]
2023-05-09 14:07:13.695	* Error *	CClientStream receive invalid Logon_OK_Message
2023-05-09 14:07:13.702	- Info  -	CClientStream 221.228.93.130:443 OnReceive reply 1 
2023-05-09 14:07:13.702	- Info  -	CClientStream 221.228.93.130:443 start keepalive
2023-05-09 14:07:13.702	- Info  -	CClientStream 221.228.93.130:443 login OK
2023-05-09 14:07:13.703	- Info  -	CConnectorRaw::OnEvent() state: CNTS_CONNECTED, error: 0, oray errorcode: 0
2023-05-09 14:07:13.703	- Info  -	[oray][erroCode] errorcode=oray_errorcode(0), product=0, type=0, inner code=0 [CConnectorRaw::OnEvent:624]
2023-05-09 14:07:13.703	- Info  -	CPluginThreadManager start plugin thread
2023-05-09 14:07:13.704	- Info  -	CActivePlugin prepare to init plugin
2023-05-09 14:07:13.704	- Info  -	[desktop] create drag server OK
2023-05-09 14:07:13.705	- Info  -	CActivePlugin prepare to run plugin
2023-05-09 14:07:13.707	- Info  -	[desktop] sending switch desktop type message...
2023-05-09 14:07:13.707	- Info  -	[desktop] request enumerate user list.
2023-05-09 14:07:13.707	- Info  -	[desktop] Separation message loop start.
2023-05-09 14:07:14.093	* Error *	sensors data send failed!
2023-05-09 14:07:14.274	- Info  -	[desktop] receive switch host message res = 1 
2023-05-09 14:07:14.274	- Info  -	[desktop] request enum screen
2023-05-09 14:07:14.274	- Info  -	[DisplayClient] SetCompression 11/15
2023-05-09 14:07:14.274	- Info  -	[desktop] request start stream
2023-05-09 14:07:14.274	- Info  -	[desktop] SetCompressionParam: layer=1;encoding=4;format=1;reserved=0, size: 38
2023-05-09 14:07:14.746	- Info  -	[desktop] OnQueryConfigRes
2023-05-09 14:07:14.746	- Info  -	[desktop] OnQueryConfigRes
2023-05-09 14:07:14.749	- Info  -	[desktop] recv enum screen, number is 1
2023-05-09 14:07:14.760	- Info  -	[clipboard] start clipboard...
2023-05-09 14:07:14.780	- Info  -	[clipboard][converter] html format 49428
2023-05-09 14:07:14.781	- Info  -	[clipboard][converter] rtf format 49271
2023-05-09 14:07:14.781	- Info  -	[clipboard] start clipboard ok.
2023-05-09 14:07:14.781	- Info  -	[desktop] sync clipboard enable
2023-05-09 14:07:15.696	- Info  -	CMultiChannelStreamImpl::ConnectP2PServer, thread id: 20936
2023-05-09 14:07:15.756	- Info  -	SetDisplayMode() w=1280, h=720, bpp=32
2023-05-09 14:07:15.756	- Info  -	ResetBitmap width=1280, height=720, bpp=32, srcbpp=32, Size = 3686400
2023-05-09 14:07:15.757	- Info  -	[DisplayClient] recv image info, width: 1280, height: 720, bpp: 32
2023-05-09 14:07:15.757	- Info  -	[DisplayClient] OnRecvCompInfo format/quality 11/15
2023-05-09 14:07:15.757	- Info  -	[desktop][DisplayClient] recv first frame.
2023-05-09 14:07:15.765	- Info  -	[DisplayClient] recv compimage type: ID_IMAGE_RAPIDCOMP
2023-05-09 14:07:15.790	- Info  -	CConnectorRaw::OnStreamEvent(1) state: CNTS_P2P, error: 0
2023-05-09 14:07:15.790	- Info  -	CConnectorRaw::OnEvent() state: CNTS_P2P, error: 0, oray errorcode: 0
2023-05-09 14:07:15.790	- Info  -	[oray][erroCode] errorcode=oray_errorcode(0), product=0, type=0, inner code=0 [CConnectorRaw::OnEvent:624]
2023-05-09 14:07:15.790	- Info  -	[P2PConnector] attempt to connect server PHSRC://609431740.slp2p-east-std02.oray.net:4118/desktop(slp2p-east-std02.oray.net:4118) 
2023-05-09 14:07:15.840	- Info  -	[vpx] open h264 codec
2023-05-09 14:07:15.841	- Info  -	[vpx] close h264 codec
2023-05-09 14:07:15.842	- Info  -	[vpx] open h264 codec
2023-05-09 14:07:15.869	- Info  -	[udp] support straight send in peer : no 221.228.93.130:4118 CConnection::OnConnectRes
2023-05-09 14:07:15.869	- Info  -	[P2PHelper] detect local ip ...
2023-05-09 14:07:15.871	- Info  -	[P2PHelper] detect local ip 172.16.77.230
2023-05-09 14:07:15.871	- Info  -	[P2PHelper] attempt to login P2P Server...
2023-05-09 14:07:15.882	- Info  -	[desktop][DisplayClient] decode first frame end.
2023-05-09 14:07:15.882	- Info  -	[desktop] receive first frame message
2023-05-09 14:07:15.882	- Info  -	CClipboardRaw::OnReceiveQueryVersionReq 2
2023-05-09 14:07:15.898	- Info  -	[P2PHelper] Login P2P Server OK
2023-05-09 14:07:15.898	- Info  -	[P2PHelper] OnLoginRes, receive public ip 223.82.110.30:15619
2023-05-09 14:07:15.898	- Info  -	[P2PHelper] sending P2P request ...
2023-05-09 14:07:15.944	- Info  -	[P2PHelper] receive peer local ip 10.21.126.2:15636, public ip 182.85.251.203:15636
2023-05-09 14:07:15.944	- Info  -	[P2PStream] EstablishP2P local ip 223.82.110.30:15619/172.16.77.230:15619 ==> peer ip 182.85.251.203:15636/10.21.126.2:15636
2023-05-09 14:07:16.110	- Info  -	Init D3D2 OK
2023-05-09 14:07:16.110	- Info  -	[DesktopSurface] Use DirectX Paint mode 2
2023-05-09 14:07:16.174	- Info  -	Init D3D2 OK
2023-05-09 14:07:16.192	- Info  -	[maindialog] draw first frame end
2023-05-09 14:07:16.228	- Info  -	[desktop] sync clipboard enable
2023-05-09 14:07:16.228	- Info  -	[http call3] new call id:1, url:https://slapi.oray.net/client/free-tips
2023-05-09 14:07:16.229	- Info  -	[http call3] id:1 create new connection : https://slapi.oray.net:443
2023-05-09 14:07:16.229	- Info  -	[http call3] new call id:2, url:https://slapi.oray.net/remote/get-network
2023-05-09 14:07:16.240	- Info  -	attempt to connect server slapi.oray.net:443(121.40.99.129:443)
2023-05-09 14:07:16.241	- Info  -	[http call3] id:2 use old connection : https://slapi.oray.net:443
2023-05-09 14:07:16.371	+Warning+	not found upnp devices on network!
2023-05-09 14:07:16.371	- Info  -	upnpnat_search_thread::ThreadLoop end
2023-05-09 14:07:16.376	- Info  -	[udpwrapper] attempt to establish P2P connection via: 221.228.93.130:4118, (local)172.16.77.230:15619|(public)223.82.110.30:15619 ==> (local)10.21.126.2:15636|(public)182.85.251.203:15636
2023-05-09 14:07:16.456	- Info  -	[http call3] id:1, url:https://slapi.oray.net/client/free-tips, status code:200
2023-05-09 14:07:16.544	- Info  -	[http call3] id:2, url:https://slapi.oray.net/remote/get-network, status code:200
2023-05-09 14:07:16.754	- Info  -	[drag] QueryVersionRes is true
2023-05-09 14:07:16.755	- Info  -	CClipboardRaw::OnReceiveQueryVersionRes 2
2023-05-09 14:07:16.876	+Warning+	not found upnp devices on network!
2023-05-09 14:07:16.876	+Warning+	[udpwrapper] UPNP discovery failed, 
2023-05-09 14:07:16.927	- Info  -	[udp] OnConnectAck working in advanced mode 2
2023-05-09 14:07:16.927	- Info  -	[udp] support straight send in peer : yes 182.85.251.203:15636 CConnection::OnConnectRes
2023-05-09 14:07:16.928	- Info  -	[oray][erroCode] errorcode=oray_errorcode(0), product=0, type=0, inner code=0 [CUDPLibStream::Disconnect_impl:73]
2023-05-09 14:07:16.928	- Info  -	[udp] Disconnect
2023-05-09 14:07:16.928	- Info  -	[udp] SendDisconnect
2023-05-09 14:07:16.928	- Info  -	[P2PHelper] MainServer disconnect
2023-05-09 14:07:16.928	- Info  -	[MultiChannel] P2P channel shake handle 182.85.251.203:15636
2023-05-09 14:07:16.928	- Info  -	CConnectorRaw::OnEvent() state: CNTS_P2P_SHAKEHANDLE, error: 0, oray errorcode: 0
2023-05-09 14:07:16.928	- Info  -	[oray][erroCode] errorcode=oray_errorcode(0), product=0, type=0, inner code=0 [CConnectorRaw::OnEvent:624]
2023-05-09 14:07:16.928	- Info  -	[MultiChannel] send SHAKE_HANDLES_MSG, read 68834, write 3026
2023-05-09 14:07:16.928	- Info  -	[P2PStream] connected (by udp) 0.0.0.0:15619 <--> 182.85.251.203:15636
2023-05-09 14:07:16.938	- Info  -	write data when p2p state is SHAKE_HANDLES @ 137
2023-05-09 14:07:16.943	- Info  -	[MultiChannel] Received SHAKE_HANDLES_MSG, read 2966 / (local write 3026), write 68814 / (local read 68834)
2023-05-09 14:07:16.943	- Info  -	[MultiChannel] P2P channel connected 182.85.251.203:15636
2023-05-09 14:07:16.943	- Info  -	CConnectorRaw::OnEvent() state: CNTS_P2P_CONNECTED, error: 0, oray errorcode: 0
2023-05-09 14:07:16.943	- Info  -	[oray][erroCode] errorcode=oray_errorcode(0), product=0, type=0, inner code=0 [CConnectorRaw::OnEvent:624]
2023-05-09 14:07:16.943	- Info  -	[MultiChannel] forward data write completed @ 216
2023-05-09 14:07:16.955	- Info  -	[udpwrapper] disconnect reason : 2
2023-05-09 14:07:16.955	- Info  -	[oray][erroCode] errorcode=oray_errorcode(57355), product=0, type=3, inner code=11 [CUDPLibWrapper::OnDisconnect:833]
2023-05-09 14:07:16.955	- Info  -	[udpwrapper] Disconnect 221.228.93.130:4118 @ 838
2023-05-09 14:07:16.955	- Info  -	[oray][erroCode] errorcode=oray_errorcode(57355), product=0, type=3, inner code=11 [CUDPLibStream::Disconnect_impl:73]
2023-05-09 14:07:17.440	- Info  -	[MultiChannel] forward data read completed @ 462
2023-05-09 14:07:19.557	- Info  -	Init D3D2 OK
2023-05-09 14:07:19.585	* Error *	sensors data send failed!
2023-05-09 14:07:22.621	* Error *	sensors data send failed!
2023-05-09 14:07:31.555	* Error *	SSLStream::IsWantReadWrite|peer(121.40.99.129:443), SSL_read failed( 6 ), error:00000000:lib(0):func(0):reason(0), file( ..\includes\common\phstream\SSLStream.cpp:1898 )
2023-05-09 14:07:31.555	- Info  -	[http call3] disconnect, error( 0 )
2023-05-09 14:07:58.607	- Info  -	recv [000] file:D:\star\geek\geek.exe, format:file
2023-05-09 14:07:58.619	- Info  -	[drag] QueryVersionRes is true
2023-05-09 14:07:58.989	- Info  -	recv [000] file:D:\star\geek\geek.exe, format:file
2023-05-09 14:07:59.082	- Info  -	[desktop]Recv drag file transfer, size 6632744
2023-05-09 14:07:59.082	- Info  -	[drag] DragDrop is true
2023-05-09 14:14:25.462	* Error *	sensors data send failed!
2023-05-09 14:14:25.466	- Info  -	[oray][erroCode] errorcode=oray_errorcode(0), product=0, type=0, inner code=0 [CMultiChannelStream::Disconnect_impl:254]
2023-05-09 14:14:25.467	- Info  -	[TCPConnector] CCurStream handle client_disconnect
2023-05-09 14:14:25.467	- Info  -	[oray][erroCode] errorcode=transf(0), product=0, type=0, inner code=0 [CMultiChannelStream::ForwardHandler::Handle:647]
2023-05-09 14:14:25.467	- Info  -	CConnectorRaw::OnEvent() state: CNTS_FWD_DISCONNECT, error: 0, oray errorcode: 0
2023-05-09 14:14:25.467	- Info  -	[oray][erroCode] errorcode=oray_errorcode(0), product=0, type=0, inner code=0 [CConnectorRaw::OnEvent:624]
2023-05-09 14:14:25.467	+Warning+	[MultiChannel] unbind forward stream(errorcode 0) @ 651
2023-05-09 14:14:25.467	- Info  -	[oray][erroCode] errorcode=oray_errorcode(0), product=0, type=0, inner code=0 [CP2PStream::Disconnect_impl:678]
2023-05-09 14:14:25.467	- Info  -	[oray][erroCode] errorcode=oray_errorcode(0), product=0, type=0, inner code=0 [CP2PStream::CUDPStream::Disconnect_impl:1044]
2023-05-09 14:14:25.467	- Info  -	[oray][erroCode] errorcode=oray_errorcode(0), product=0, type=0, inner code=0 [CUDPLibStream::Disconnect_impl:73]
2023-05-09 14:14:25.467	- Info  -	[udp] Disconnect
2023-05-09 14:14:25.467	- Info  -	[udp] SendDisconnect
2023-05-09 14:14:25.467	- Info  -	[MultiChannel] P2P channel disconnect 182.85.251.203:15636
2023-05-09 14:14:25.467	- Info  -	[oray][erroCode] errorcode=transf(0), product=0, type=0, inner code=0 [CMultiChannelStream::P2PHandler::Handle:834]
2023-05-09 14:14:25.467	- Info  -	[oray][erroCode] errorcode=transf(0), product=0, type=0, inner code=0 [CMultiChannelStream::HandleDisconnect:1041]
2023-05-09 14:14:25.467	- Info  -	CMultiChannelStreamImpl::OnDisconnect()
2023-05-09 14:14:25.467	- Info  -	[oray][erroCode] errorcode=oray_errorcode(0), product=0, type=0, inner code=0 [CMultiChannelStreamImpl::OnDisconnect:100]
2023-05-09 14:14:25.467	- Info  -	CClientStream 182.85.251.203:15636 OnDisconnect, errocde:0
2023-05-09 14:14:25.467	- Info  -	[oray][erroCode] errorcode=errcode(0), product=0, type=0, inner code=0 [CClientStream::OnDisconnect:104]
2023-05-09 14:14:25.467	- Info  -	OnDisconnect, error code 0
2023-05-09 14:14:25.467	- Info  -	[oray][erroCode] errorcode=errcode(0), product=0, type=0, inner code=0 [BinaryPluginStream::OnDisconnect:404]
2023-05-09 14:14:25.467	- Info  -	CPluginThreadManager stop plugin thread
2023-05-09 14:14:25.467	- Info  -	[desktop] Separation message loop stop.
2023-05-09 14:14:25.468	- Info  -	CActivePlugin prepare to exit plugin
2023-05-09 14:14:25.468	- Info  -	[desktop] RemoteDesktopPlugin::ExitInstance. >
2023-05-09 14:14:25.468	- Info  -	[clipboard] stop clipboard...
2023-05-09 14:14:25.478	- Info  -	[clipboard] recv thread end(1).
2023-05-09 14:14:25.478	- Info  -	[clipboard] call CClipboardViewer::DestroyWnd at 190
2023-05-09 14:14:25.478	- Info  -	[clipboard] recv WM_CLOSE, end thread.
2023-05-09 14:14:25.479	- Info  -	[clipboard] Stop Clipboard ok
2023-05-09 14:14:25.483	- Info  -	[udpwrapper] udprelay connecting 182.85.251.203:15636 via 221.228.93.130:4118
2023-05-09 14:14:25.490	- Info  -	[desktop] [thread] cancel.
2023-05-09 14:14:25.490	- Info  -	[desktop] RemoteDesktopPlugin::ExitInstance. <
2023-05-09 14:14:25.491	- Info  -	CConnectorRaw::OnEvent() state: CNTS_P2P_DISCONNECT, error: 0, oray errorcode: 0
2023-05-09 14:14:25.491	- Info  -	[oray][erroCode] errorcode=oray_errorcode(0), product=0, type=0, inner code=0 [CConnectorRaw::OnEvent:624]
2023-05-09 14:14:25.491	- Info  -	[oray][erroCode] errorcode=oray_errorcode(0), product=0, type=0, inner code=0 [CP2PStream::CTCPStream::Disconnect_impl:1016]
2023-05-09 14:14:25.491	- Info  -	CConnectorRaw::OnEvent() state: CNTS_DISCONNECTED, error: 0, oray errorcode: 0
2023-05-09 14:14:25.491	- Info  -	[oray][erroCode] errorcode=oray_errorcode(0), product=0, type=0, inner code=0 [CConnectorRaw::OnEvent:624]
2023-05-09 14:14:25.491	- Info  -	CConnectorRaw::Stop in>
2023-05-09 14:14:25.506	- Info  -	[CUDPLibWrapper] map size: 1, value: [182.85.251.203:15636/15619-2] = 0.0.0.0:15619;

2023-05-09 14:14:25.506	- Info  -	[oray][erroCode] errorcode=oray_errorcode(0), product=0, type=0, inner code=0 [CP2PStream::CUDPStream::Disconnect_impl:1044]
2023-05-09 14:14:25.506	- Info  -	[oray][erroCode] errorcode=oray_errorcode(0), product=0, type=0, inner code=0 [CUDPLibStream::Disconnect_impl:73]
2023-05-09 14:14:25.506	- Info  -	CConnectorRaw::Stop out<
2023-05-09 14:14:25.507	* Error *	Plugin disconnect with error : 0
2023-05-09 14:14:25.537	- Info  -	sensors close
2023-05-09 14:14:25.607	- Info  -	[desktop] CRemoteDesktopPlugin::~CRemoteDesktopPlugin(void)
2023-05-09 14:14:25.608	- Info  -	[vpx] close h264 codec
2023-05-09 14:14:25.763	- Info  -	CMultiChannelStreamImpl::~CMultiChannelStreamImpl
2023-05-09 14:14:25.770	- Info  -	program remote_plugin is exit 
