2023-02-08 20:37:21.188	- Info  -	version:3.2.1.40406
2023-02-08 20:37:21.198	- Info  -	DPIAwareness set 2 success.
2023-02-08 20:37:21.208	- Info  -	config path: p¥ÎÄ
2023-02-08 20:37:21.282	- Info  -	[displayclt] CDisplayClient::CDisplayClient(all)
2023-02-08 20:37:21.282	- Info  -	[desktop] CRemoteDesktopPlugin::CRemoteDesktopPlugin(all)
2023-02-08 20:37:21.299	- Info  -	sensors init with file: C:/ProgramData/Oray/SunloginClient/sensors/datas
2023-02-08 20:37:21.330	- Info  -	CMultiChannelStreamImpl::CMultiChannelStreamImpl
2023-02-08 20:37:21.331	- Info  -	CConnectorRaw::OnStreamEvent(1) state: CNTS_FORWARD, error: 0
2023-02-08 20:37:21.341	- Info  -	CConnectorRaw::OnEvent() state: CNTS_FORWARD, error: 0, oray errorcode: 0
2023-02-08 20:37:21.341	- Info  -	[oray][erroCode] errorcode=oray_errorcode(0), product=0, type=0, inner code=0 [CConnectorRaw::OnEvent:624]
2023-02-08 20:37:21.373	* Error *	sensors data send failed!
2023-02-08 20:37:21.591	- Info  -	attempt to connect server 1847180616.slp2p-east-std225.oray.net:443(122.246.13.141:443)
2023-02-08 20:37:21.616	- Info  -	plugin_public access_token is NULL
2023-02-08 20:37:22.562	* Error *	sensors data send failed!
2023-02-08 20:37:23.127	- Info  -	[TCPConnector] CCurStream handle client_connect
2023-02-08 20:37:23.153	- Info  -	[MultiChannel] Forward channel shake handle 122.246.13.141:443
2023-02-08 20:37:23.153	- Info  -	CMultiChannelStreamImpl::OnConnect()
2023-02-08 20:37:23.153	- Info  -	CClientStream 122.246.13.141:443 OnConnect
2023-02-08 20:37:23.153	- Info  -	CConnectorRaw::OnEvent() state: CNTS_LOGIN, error: 0, oray errorcode: 0
2023-02-08 20:37:23.153	- Info  -	[oray][erroCode] errorcode=oray_errorcode(0), product=0, type=0, inner code=0 [CConnectorRaw::OnEvent:624]
2023-02-08 20:37:23.153	- Info  -	CConnectorRaw::OnEvent() state: CNTS_FWD_SHAKEHANDLE, error: 0, oray errorcode: 0
2023-02-08 20:37:23.153	- Info  -	[oray][erroCode] errorcode=oray_errorcode(0), product=0, type=0, inner code=0 [CConnectorRaw::OnEvent:624]
2023-02-08 20:37:23.344	- Info  -	[MultiChannel] Forward channel connected 122.246.13.141:443
2023-02-08 20:37:23.344	- Info  -	CMultiChannelStreamImpl::OnConnectEvent, status: CNTS_FWD_CONNECTED, isclosed:false, HadFwdConnected: true, HadBeenHolePunch: false
2023-02-08 20:37:23.344	- Info  -	CConnectorRaw::OnEvent() state: CNTS_FWD_CONNECTED, error: 0, oray errorcode: 0
2023-02-08 20:37:23.344	- Info  -	[oray][erroCode] errorcode=oray_errorcode(0), product=0, type=0, inner code=0 [CConnectorRaw::OnEvent:624]
2023-02-08 20:37:23.345	- Info  -	CClientStream 122.246.13.141:443 OnReceive reply 1 
2023-02-08 20:37:23.345	- Info  -	CClientStream 122.246.13.141:443 start keepalive
2023-02-08 20:37:23.345	- Info  -	CClientStream 122.246.13.141:443 login OK
2023-02-08 20:37:23.345	- Info  -	CConnectorRaw::OnEvent() state: CNTS_CONNECTED, error: 0, oray errorcode: 0
2023-02-08 20:37:23.345	- Info  -	[oray][erroCode] errorcode=oray_errorcode(0), product=0, type=0, inner code=0 [CConnectorRaw::OnEvent:624]
2023-02-08 20:37:23.345	- Info  -	CPluginThreadManager start plugin thread
2023-02-08 20:37:23.346	- Info  -	CActivePlugin prepare to init plugin
2023-02-08 20:37:23.346	- Info  -	[desktop] create drag server OK
2023-02-08 20:37:23.346	- Info  -	CActivePlugin prepare to run plugin
2023-02-08 20:37:23.350	- Info  -	[desktop] sending switch desktop type message...
2023-02-08 20:37:23.350	- Info  -	[desktop] request enumerate user list.
2023-02-08 20:37:23.352	- Info  -	[desktop] Separation message loop start.
2023-02-08 20:37:23.352	- Info  -	[desktop] receive enumerate user respond
2023-02-08 20:37:23.352	- Info  -	[desktop] request switch user host message...
2023-02-08 20:37:23.444	- Info  -	[desktop] receive switch host message res = 1 
2023-02-08 20:37:23.444	- Info  -	[desktop] request enum screen
2023-02-08 20:37:23.444	- Info  -	[DisplayClient] SetCompression 11/15
2023-02-08 20:37:23.444	- Info  -	[desktop] request start stream
2023-02-08 20:37:23.444	- Info  -	[desktop] SetCompressionParam: layer=1;encoding=4;format=1;reserved=0, size: 38
2023-02-08 20:37:23.486	- Info  -	[desktop] OnQueryConfigRes
2023-02-08 20:37:23.486	- Info  -	[desktop] OnQueryConfigRes
2023-02-08 20:37:23.486	- Info  -	[desktop] recv enum screen, number is 1
2023-02-08 20:37:24.016	- Info  -	SetDisplayMode() w=1600, h=900, bpp=32
2023-02-08 20:37:24.016	- Info  -	ResetBitmap width=1600, height=900, bpp=32, srcbpp=32, Size = 5760000
2023-02-08 20:37:24.017	- Info  -	[DisplayClient] recv image info, width: 1600, height: 900, bpp: 32
2023-02-08 20:37:24.017	- Info  -	[DisplayClient] OnRecvCompInfo format/quality 11/15
2023-02-08 20:37:24.017	- Info  -	[desktop][DisplayClient] recv first frame.
2023-02-08 20:37:24.029	- Info  -	[DisplayClient] recv compimage type: ID_IMAGE_RAPIDCOMP
2023-02-08 20:37:24.102	- Info  -	[vpx] open codec.
2023-02-08 20:37:24.159	- Info  -	[desktop][DisplayClient] decode first frame end.
2023-02-08 20:37:24.160	- Info  -	[desktop] receive first frame message
2023-02-08 20:37:24.163	- Info  -	[clipboard] start clipboard...
2023-02-08 20:37:24.181	- Info  -	[clipboard][converter] html format 49455
2023-02-08 20:37:24.181	- Info  -	[clipboard][converter] rtf format 49289
2023-02-08 20:37:24.182	- Info  -	[clipboard] start clipboard ok.
2023-02-08 20:37:24.182	- Info  -	[desktop] sync clipboard enable
2023-02-08 20:37:24.333	- Info  -	Init D3D2 OK
2023-02-08 20:37:24.333	- Info  -	[DesktopSurface] Use DirectX Paint mode 2
2023-02-08 20:37:24.378	- Info  -	Init D3D2 OK
2023-02-08 20:37:24.401	- Info  -	[maindialog] draw first frame end
2023-02-08 20:37:24.439	- Info  -	[desktop] sync clipboard enable
2023-02-08 20:37:24.439	- Info  -	[http call3] new call id:1, url:https://slapi.oray.net/client/free-tips
2023-02-08 20:37:24.440	- Info  -	[http call3] new call id:2, url:https://slapi.oray.net/remote/get-network
2023-02-08 20:37:24.441	- Info  -	[http call3] id:1 create new connection : https://slapi.oray.net:443
2023-02-08 20:37:24.442	- Info  -	attempt to connect server slapi.oray.net:443(121.40.99.129:443)
2023-02-08 20:37:24.444	- Info  -	[http call3] id:2 use old connection : https://slapi.oray.net:443
2023-02-08 20:37:24.770	- Info  -	[http call3] id:1, url:https://slapi.oray.net/client/free-tips, status code:200
2023-02-08 20:37:24.856	- Info  -	[http call3] id:2, url:https://slapi.oray.net/remote/get-network, status code:200
2023-02-08 20:37:25.332	- Info  -	CMultiChannelStreamImpl::ConnectP2PServer, thread id: 9920
2023-02-08 20:37:25.397	- Info  -	CConnectorRaw::OnStreamEvent(1) state: CNTS_P2P, error: 0
2023-02-08 20:37:25.397	- Info  -	CConnectorRaw::OnEvent() state: CNTS_P2P, error: 0, oray errorcode: 0
2023-02-08 20:37:25.397	- Info  -	[oray][erroCode] errorcode=oray_errorcode(0), product=0, type=0, inner code=0 [CConnectorRaw::OnEvent:624]
2023-02-08 20:37:25.397	- Info  -	[P2PConnector] attempt to connect server PHSRC://1847180616.slp2p-east-std225.oray.net:4118/desktop(slp2p-east-std225.oray.net:4118) 
2023-02-08 20:37:25.465	- Info  -	[udp] support straight send in peer : no 122.246.13.141:4118 CConnection::OnConnectRes
2023-02-08 20:37:25.466	- Info  -	[P2PHelper] detect local ip ...
2023-02-08 20:37:25.467	- Info  -	[P2PHelper] detect local ip 192.168.0.106
2023-02-08 20:37:25.467	- Info  -	[P2PHelper] attempt to login P2P Server...
2023-02-08 20:37:25.490	- Info  -	[P2PHelper] Login P2P Server OK
2023-02-08 20:37:25.490	- Info  -	[P2PHelper] OnLoginRes, receive public ip 183.219.206.222:29153
2023-02-08 20:37:25.490	- Info  -	[P2PHelper] sending P2P request ...
2023-02-08 20:37:25.535	- Info  -	[P2PHelper] receive peer local ip 10.21.26.2:15266, public ip 220.175.31.165:3151
2023-02-08 20:37:25.535	- Info  -	[P2PStream] EstablishP2P local ip 183.219.206.222:29153/192.168.0.106:15998 ==> peer ip 220.175.31.165:3151/10.21.26.2:15266
2023-02-08 20:37:26.057	- Info  -	discovery ok, find root devices: http://192.168.0.1:1900/igd.xml
2023-02-08 20:37:26.205	- Info  -	external ip address 192.168.1.3
2023-02-08 20:37:26.205	- Info  -	upnpnat_search_thread::ThreadLoop end
2023-02-08 20:37:26.213	- Info  -	[udpwrapper] attempt to establish P2P connection via: 122.246.13.141:4118, (local)192.168.0.106:15998|(public)183.219.206.222:29153 ==> (local)10.21.26.2:15266|(public)220.175.31.165:3151
2023-02-08 20:37:26.213	- Info  -	add_port_mapping external port 29153, internalclient ip 192.168.0.106, internal port 15998
2023-02-08 20:37:26.253	- Info  -	add_port_mapping ok
2023-02-08 20:37:26.297	- Info  -	[udp] OnConnectAck working in advanced mode 2
2023-02-08 20:37:26.297	- Info  -	[udp] support straight send in peer : yes 220.175.31.165:3151 CConnection::OnConnectRes
2023-02-08 20:37:26.298	- Info  -	[oray][erroCode] errorcode=oray_errorcode(0), product=0, type=0, inner code=0 [CUDPLibStream::Disconnect_impl:73]
2023-02-08 20:37:26.298	- Info  -	[udp] Disconnect
2023-02-08 20:37:26.298	- Info  -	[udp] SendDisconnect
2023-02-08 20:37:26.299	- Info  -	[P2PHelper] MainServer disconnect
2023-02-08 20:37:26.299	- Info  -	[MultiChannel] P2P channel shake handle 220.175.31.165:3151
2023-02-08 20:37:26.299	- Info  -	CConnectorRaw::OnEvent() state: CNTS_P2P_SHAKEHANDLE, error: 0, oray errorcode: 0
2023-02-08 20:37:26.299	- Info  -	[oray][erroCode] errorcode=oray_errorcode(0), product=0, type=0, inner code=0 [CConnectorRaw::OnEvent:624]
2023-02-08 20:37:26.299	- Info  -	[MultiChannel] send SHAKE_HANDLES_MSG, read 228785, write 3862
2023-02-08 20:37:26.299	- Info  -	[P2PStream] connected (by udp) 0.0.0.0:15998 <--> 220.175.31.165:3151
2023-02-08 20:37:26.309	- Info  -	[MultiChannel] Received SHAKE_HANDLES_MSG, read 3882 / (local write 3862), write 228765 / (local read 228785)
2023-02-08 20:37:26.309	- Info  -	[MultiChannel] P2P channel connected 220.175.31.165:3151
2023-02-08 20:37:26.309	- Info  -	CConnectorRaw::OnEvent() state: CNTS_P2P_CONNECTED, error: 0, oray errorcode: 0
2023-02-08 20:37:26.309	- Info  -	[oray][erroCode] errorcode=oray_errorcode(0), product=0, type=0, inner code=0 [CConnectorRaw::OnEvent:624]
2023-02-08 20:37:26.319	- Info  -	[udpwrapper] disconnect reason : 1
2023-02-08 20:37:26.320	- Info  -	[oray][erroCode] errorcode=oray_errorcode(57354), product=0, type=3, inner code=10 [CUDPLibWrapper::OnDisconnect:833]
2023-02-08 20:37:26.320	- Info  -	[udpwrapper] Disconnect 122.246.13.141:4118 @ 838
2023-02-08 20:37:26.320	- Info  -	[oray][erroCode] errorcode=oray_errorcode(57354), product=0, type=3, inner code=10 [CUDPLibStream::Disconnect_impl:73]
2023-02-08 20:37:26.338	- Info  -	[MultiChannel] forward data read completed @ 462
2023-02-08 20:37:26.343	- Info  -	[MultiChannel] write data when p2p state is CONNECTED, is full 0, writed data 3862 / peer read 3882, left 20, size 52 @ 153
2023-02-08 20:37:26.346	- Info  -	[MultiChannel] forward data write completed @ 216
2023-02-08 20:37:26.370	- Info  -	[drag] QueryVersionRes is true
2023-02-08 20:37:26.370	- Info  -	CClipboardRaw::OnReceiveQueryVersionRes 2
2023-02-08 20:37:38.044	- Info  -	[clipboard] CClipboardViewer::OnClipboardUpdate
2023-02-08 20:37:38.046	- Info  -	[clipboard] CClipboardViewer::OnClipboardUpdate
2023-02-08 20:37:38.047	- Info  -	[clipboard] CClipboardViewer::OnClipboardUpdate
2023-02-08 20:37:38.048	- Info  -	[clipboard] CClipboardViewer::OnClipboardUpdate
2023-02-08 20:37:38.048	- Info  -	[clipboard] CClipboardViewer::OnClipboardUpdate
2023-02-08 20:37:38.048	- Info  -	[clipboard] CClipboardViewer::OnClipboardUpdate
2023-02-08 20:37:38.048	- Info  -	[clipboard] CClipboardViewer::OnClipboardUpdate
2023-02-08 20:37:38.049	- Info  -	[clipboard] CClipboardViewer::OnClipboardUpdate
2023-02-08 20:37:38.049	- Info  -	[clipboard] CClipboardViewer::OnClipboardUpdate
2023-02-08 20:37:38.050	- Info  -	[clipboard] CClipboardViewer::OnClipboardUpdate
2023-02-08 20:37:38.051	- Info  -	[clipboard] CClipboardViewer::OnClipboardUpdate
2023-02-08 20:37:38.058	- Info  -	[clipboard] CClipboardViewer::OnClipboardUpdate
2023-02-08 20:37:38.112	- Info  -	[clipboard] CClipboardViewer::OnRenderFormat begin, uformat 13
2023-02-08 20:37:38.112	- Info  -	[clipboard] RenderFormat, win format 13, 173575125
2023-02-08 20:37:38.125	- Info  -	[clipboard] OnReceiveClipData, type 1941325217805, size 2
2023-02-08 20:37:38.125	- Info  -	[clipboard] format 13, data size: 2
2023-02-08 20:37:38.125	- Info  -	[clipboard] setClipboardData, format 13, oray format 13
2023-02-08 20:37:38.126	- Info  -	[clipboard] RenderFormat end
2023-02-08 20:37:38.126	- Info  -	[clipboard] CClipboardViewer::OnRenderFormat end, uformat 13
2023-02-08 20:37:38.237	- Info  -	[clipboard] CClipboardViewer::OnClipboardUpdate
2023-02-08 20:37:39.857	* Error *	SSLStream::IsWantReadWrite|peer(121.40.99.129:443), SSL_read failed( 6 ), error:00000000:lib(0):func(0):reason(0), file( ..\includes\common\phstream\SSLStream.cpp:1898 )
2023-02-08 20:37:39.857	- Info  -	[http call3] disconnect, error( 0 )
2023-02-08 20:38:07.849	- Info  -	Init D3D2 OK
2023-02-08 20:38:08.064	- Info  -	Init D3D2 OK
2023-02-08 20:38:08.099	- Info  -	Init D3D2 OK
2023-02-08 20:38:08.133	- Info  -	Init D3D2 OK
2023-02-08 20:38:08.161	- Info  -	Init D3D2 OK
2023-02-08 20:38:08.202	- Info  -	Init D3D2 OK
2023-02-08 20:38:08.231	- Info  -	Init D3D2 OK
2023-02-08 20:38:08.259	- Info  -	Init D3D2 OK
2023-02-08 20:38:08.297	- Info  -	Init D3D2 OK
2023-02-08 20:38:08.326	- Info  -	Init D3D2 OK
2023-02-08 20:38:08.351	- Info  -	Init D3D2 OK
2023-02-08 20:38:08.378	- Info  -	Init D3D2 OK
2023-02-08 20:38:08.404	- Info  -	Init D3D2 OK
2023-02-08 20:38:08.435	- Info  -	Init D3D2 OK
2023-02-08 20:38:08.462	- Info  -	Init D3D2 OK
2023-02-08 20:38:08.488	- Info  -	Init D3D2 OK
2023-02-08 20:38:08.514	- Info  -	Init D3D2 OK
2023-02-08 20:38:08.537	- Info  -	Init D3D2 OK
2023-02-08 20:38:08.563	- Info  -	Init D3D2 OK
2023-02-08 20:38:08.614	- Info  -	Init D3D2 OK
2023-02-08 20:38:08.685	- Info  -	Init D3D2 OK
2023-02-08 20:38:08.724	- Info  -	Init D3D2 OK
2023-02-08 20:38:08.749	- Info  -	Init D3D2 OK
2023-02-08 20:38:08.776	- Info  -	Init D3D2 OK
2023-02-08 20:38:08.801	- Info  -	Init D3D2 OK
2023-02-08 20:38:08.828	- Info  -	Init D3D2 OK
2023-02-08 20:38:08.884	- Info  -	Init D3D2 OK
2023-02-08 20:38:08.917	- Info  -	Init D3D2 OK
2023-02-08 20:38:08.970	- Info  -	Init D3D2 OK
2023-02-08 20:38:09.002	- Info  -	Init D3D2 OK
2023-02-08 20:38:09.034	- Info  -	Init D3D2 OK
2023-02-08 20:38:09.061	- Info  -	Init D3D2 OK
2023-02-08 20:38:09.862	- Info  -	Init D3D2 OK
2023-02-08 20:38:09.915	- Info  -	Init D3D2 OK
2023-02-08 20:38:09.941	- Info  -	Init D3D2 OK
2023-02-08 20:38:09.970	- Info  -	Init D3D2 OK
2023-02-08 20:38:09.996	- Info  -	Init D3D2 OK
2023-02-08 20:38:10.020	- Info  -	Init D3D2 OK
2023-02-08 20:38:10.046	- Info  -	Init D3D2 OK
2023-02-08 20:38:10.071	- Info  -	Init D3D2 OK
2023-02-08 20:38:10.097	- Info  -	Init D3D2 OK
2023-02-08 20:38:10.125	- Info  -	Init D3D2 OK
2023-02-08 20:38:10.150	- Info  -	Init D3D2 OK
2023-02-08 20:38:10.177	- Info  -	Init D3D2 OK
2023-02-08 20:38:10.207	- Info  -	Init D3D2 OK
2023-02-08 20:38:10.235	- Info  -	Init D3D2 OK
2023-02-08 20:38:10.266	- Info  -	Init D3D2 OK
2023-02-08 20:38:10.294	- Info  -	Init D3D2 OK
2023-02-08 20:38:10.317	- Info  -	Init D3D2 OK
2023-02-08 20:38:10.347	- Info  -	Init D3D2 OK
2023-02-08 20:38:10.377	- Info  -	Init D3D2 OK
2023-02-08 20:38:12.247	- Info  -	Init D3D2 OK
2023-02-08 20:38:12.280	- Info  -	Init D3D2 OK
2023-02-08 20:38:12.307	- Info  -	Init D3D2 OK
2023-02-08 20:38:12.331	- Info  -	Init D3D2 OK
2023-02-08 20:38:12.358	- Info  -	Init D3D2 OK
2023-02-08 20:38:12.382	- Info  -	Init D3D2 OK
2023-02-08 20:38:12.411	- Info  -	Init D3D2 OK
2023-02-08 20:38:12.441	- Info  -	Init D3D2 OK
2023-02-08 20:38:12.477	- Info  -	Init D3D2 OK
2023-02-08 20:38:12.503	- Info  -	Init D3D2 OK
2023-02-08 20:38:12.530	- Info  -	Init D3D2 OK
2023-02-08 20:38:12.562	- Info  -	Init D3D2 OK
2023-02-08 20:38:12.591	- Info  -	Init D3D2 OK
2023-02-08 20:38:12.615	- Info  -	Init D3D2 OK
2023-02-08 20:38:12.646	- Info  -	Init D3D2 OK
2023-02-08 20:38:12.673	- Info  -	Init D3D2 OK
2023-02-08 20:38:13.132	- Info  -	Init D3D2 OK
2023-02-08 20:38:13.472	- Info  -	Init D3D2 OK
2023-02-08 20:38:19.580	- Info  -	Init D3D2 OK
2023-02-08 20:38:19.818	- Info  -	Init D3D2 OK
2023-02-08 20:38:19.851	- Info  -	Init D3D2 OK
2023-02-08 20:38:19.876	- Info  -	Init D3D2 OK
2023-02-08 20:38:19.904	- Info  -	Init D3D2 OK
2023-02-08 20:38:19.928	- Info  -	Init D3D2 OK
2023-02-08 20:38:19.955	- Info  -	Init D3D2 OK
2023-02-08 20:38:19.983	- Info  -	Init D3D2 OK
2023-02-08 20:38:20.006	- Info  -	Init D3D2 OK
2023-02-08 20:38:20.033	- Info  -	Init D3D2 OK
2023-02-08 20:38:20.065	- Info  -	Init D3D2 OK
2023-02-08 20:38:20.093	- Info  -	Init D3D2 OK
2023-02-08 20:38:20.121	- Info  -	Init D3D2 OK
2023-02-08 20:38:20.145	- Info  -	Init D3D2 OK
2023-02-08 20:38:20.171	- Info  -	Init D3D2 OK
2023-02-08 20:38:20.200	- Info  -	Init D3D2 OK
2023-02-08 20:38:20.224	- Info  -	Init D3D2 OK
2023-02-08 20:38:20.252	- Info  -	Init D3D2 OK
2023-02-08 20:38:20.277	- Info  -	Init D3D2 OK
2023-02-08 20:38:20.303	- Info  -	Init D3D2 OK
2023-02-08 20:38:20.336	- Info  -	Init D3D2 OK
2023-02-08 20:38:20.366	- Info  -	Init D3D2 OK
2023-02-08 20:38:20.391	- Info  -	Init D3D2 OK
2023-02-08 20:38:20.419	- Info  -	Init D3D2 OK
2023-02-08 20:38:20.444	- Info  -	Init D3D2 OK
2023-02-08 20:38:20.470	- Info  -	Init D3D2 OK
2023-02-08 20:38:20.509	- Info  -	Init D3D2 OK
2023-02-08 20:38:20.536	- Info  -	Init D3D2 OK
2023-02-08 20:38:20.604	- Info  -	Init D3D2 OK
2023-02-08 20:38:20.628	- Info  -	Init D3D2 OK
2023-02-08 20:38:21.067	- Info  -	Init D3D2 OK
2023-02-08 20:38:26.827	- Info  -	Init D3D2 OK
2023-02-08 20:38:27.085	- Info  -	Init D3D2 OK
2023-02-08 20:38:27.118	- Info  -	Init D3D2 OK
2023-02-08 20:38:27.146	- Info  -	Init D3D2 OK
2023-02-08 20:38:27.177	- Info  -	Init D3D2 OK
2023-02-08 20:38:27.215	- Info  -	Init D3D2 OK
2023-02-08 20:38:27.239	- Info  -	Init D3D2 OK
2023-02-08 20:38:27.266	- Info  -	Init D3D2 OK
2023-02-08 20:38:27.294	- Info  -	Init D3D2 OK
2023-02-08 20:38:27.318	- Info  -	Init D3D2 OK
2023-02-08 20:38:27.348	- Info  -	Init D3D2 OK
2023-02-08 20:38:27.375	- Info  -	Init D3D2 OK
2023-02-08 20:38:27.401	- Info  -	Init D3D2 OK
2023-02-08 20:38:27.428	- Info  -	Init D3D2 OK
2023-02-08 20:38:27.452	- Info  -	Init D3D2 OK
2023-02-08 20:38:27.479	- Info  -	Init D3D2 OK
2023-02-08 20:38:27.504	- Info  -	Init D3D2 OK
2023-02-08 20:38:27.529	- Info  -	Init D3D2 OK
2023-02-08 20:38:27.552	- Info  -	Init D3D2 OK
2023-02-08 20:38:27.579	- Info  -	Init D3D2 OK
2023-02-08 20:38:27.602	- Info  -	Init D3D2 OK
2023-02-08 20:38:27.629	- Info  -	Init D3D2 OK
2023-02-08 20:38:27.652	- Info  -	Init D3D2 OK
2023-02-08 20:38:27.677	- Info  -	Init D3D2 OK
2023-02-08 20:38:27.705	- Info  -	Init D3D2 OK
2023-02-08 20:38:27.732	- Info  -	Init D3D2 OK
2023-02-08 20:38:27.980	- Info  -	Init D3D2 OK
2023-02-08 20:38:29.644	- Info  -	Init D3D2 OK
2023-02-08 20:38:29.850	- Info  -	Init D3D2 OK
2023-02-08 20:38:29.880	- Info  -	Init D3D2 OK
2023-02-08 20:38:29.910	- Info  -	Init D3D2 OK
2023-02-08 20:38:29.933	- Info  -	Init D3D2 OK
2023-02-08 20:38:29.959	- Info  -	Init D3D2 OK
2023-02-08 20:38:29.984	- Info  -	Init D3D2 OK
2023-02-08 20:38:30.014	- Info  -	Init D3D2 OK
2023-02-08 20:38:30.042	- Info  -	Init D3D2 OK
2023-02-08 20:38:30.065	- Info  -	Init D3D2 OK
2023-02-08 20:38:30.092	- Info  -	Init D3D2 OK
2023-02-08 20:38:30.114	- Info  -	Init D3D2 OK
2023-02-08 20:38:30.142	- Info  -	Init D3D2 OK
2023-02-08 20:38:30.166	- Info  -	Init D3D2 OK
2023-02-08 20:38:30.201	- Info  -	Init D3D2 OK
2023-02-08 20:38:30.233	- Info  -	Init D3D2 OK
2023-02-08 20:38:30.263	- Info  -	Init D3D2 OK
2023-02-08 20:38:30.306	- Info  -	Init D3D2 OK
2023-02-08 20:38:30.367	- Info  -	Init D3D2 OK
2023-02-08 20:38:44.535	* Error *	sensors data send failed!
2023-02-08 20:38:57.927	- Info  -	[clipboard] CClipboardViewer::OnClipboardUpdate
2023-02-08 20:38:57.930	- Info  -	[clipboard] CClipboardViewer::OnClipboardUpdate
2023-02-08 20:38:57.930	- Info  -	[clipboard] CClipboardViewer::OnClipboardUpdate
2023-02-08 20:38:57.930	- Info  -	[clipboard] CClipboardViewer::OnClipboardUpdate
2023-02-08 20:38:57.930	- Info  -	[clipboard] CClipboardViewer::OnClipboardUpdate
2023-02-08 20:38:57.935	- Info  -	[clipboard] CClipboardViewer::OnClipboardUpdate
2023-02-08 20:38:57.935	- Info  -	[clipboard] CClipboardViewer::OnClipboardUpdate
2023-02-08 20:38:57.935	- Info  -	[clipboard] CClipboardViewer::OnClipboardUpdate
2023-02-08 20:38:57.935	- Info  -	[clipboard] CClipboardViewer::OnClipboardUpdate
2023-02-08 20:38:57.993	- Info  -	[clipboard] CClipboardViewer::OnRenderFormat begin, uformat 13
2023-02-08 20:38:57.994	- Info  -	[clipboard] RenderFormat, win format 13, 173655000
2023-02-08 20:38:58.004	- Info  -	[clipboard] OnReceiveClipData, type 1941325217805, size 112
2023-02-08 20:38:58.004	- Info  -	[clipboard] format 13, data size: 112
2023-02-08 20:38:58.004	- Info  -	[clipboard] setClipboardData, format 13, oray format 13
2023-02-08 20:38:58.004	- Info  -	[clipboard] RenderFormat end
2023-02-08 20:38:58.004	- Info  -	[clipboard] CClipboardViewer::OnRenderFormat end, uformat 13
2023-02-08 20:38:58.122	- Info  -	[clipboard] CClipboardViewer::OnClipboardUpdate
2023-02-08 20:39:31.818	* Error *	sensors data send failed!
2023-02-08 20:39:31.826	- Info  -	[oray][erroCode] errorcode=oray_errorcode(0), product=0, type=0, inner code=0 [CMultiChannelStream::Disconnect_impl:254]
2023-02-08 20:39:31.826	- Info  -	[TCPConnector] CCurStream handle client_disconnect
2023-02-08 20:39:31.827	- Info  -	[oray][erroCode] errorcode=transf(0), product=0, type=0, inner code=0 [CMultiChannelStream::ForwardHandler::Handle:647]
2023-02-08 20:39:31.827	- Info  -	CConnectorRaw::OnEvent() state: CNTS_FWD_DISCONNECT, error: 0, oray errorcode: 0
2023-02-08 20:39:31.827	- Info  -	[oray][erroCode] errorcode=oray_errorcode(0), product=0, type=0, inner code=0 [CConnectorRaw::OnEvent:624]
2023-02-08 20:39:31.827	+Warning+	[MultiChannel] unbind forward stream(errorcode 0) @ 651
2023-02-08 20:39:31.827	- Info  -	[oray][erroCode] errorcode=oray_errorcode(0), product=0, type=0, inner code=0 [CP2PStream::Disconnect_impl:678]
2023-02-08 20:39:31.827	- Info  -	[oray][erroCode] errorcode=oray_errorcode(0), product=0, type=0, inner code=0 [CP2PStream::CUDPStream::Disconnect_impl:1044]
2023-02-08 20:39:31.827	- Info  -	[oray][erroCode] errorcode=oray_errorcode(0), product=0, type=0, inner code=0 [CUDPLibStream::Disconnect_impl:73]
2023-02-08 20:39:31.827	- Info  -	[udp] Disconnect
2023-02-08 20:39:31.827	- Info  -	[udp] SendDisconnect
2023-02-08 20:39:31.827	- Info  -	[MultiChannel] P2P channel disconnect 220.175.31.165:3151
2023-02-08 20:39:31.827	- Info  -	[oray][erroCode] errorcode=transf(0), product=0, type=0, inner code=0 [CMultiChannelStream::P2PHandler::Handle:834]
2023-02-08 20:39:31.827	- Info  -	[oray][erroCode] errorcode=transf(0), product=0, type=0, inner code=0 [CMultiChannelStream::HandleDisconnect:1041]
2023-02-08 20:39:31.827	- Info  -	CMultiChannelStreamImpl::OnDisconnect()
2023-02-08 20:39:31.827	- Info  -	[oray][erroCode] errorcode=oray_errorcode(0), product=0, type=0, inner code=0 [CMultiChannelStreamImpl::OnDisconnect:100]
2023-02-08 20:39:31.828	- Info  -	CClientStream 220.175.31.165:3151 OnDisconnect, errocde:0
2023-02-08 20:39:31.828	- Info  -	[oray][erroCode] errorcode=errcode(0), product=0, type=0, inner code=0 [CClientStream::OnDisconnect:104]
2023-02-08 20:39:31.828	- Info  -	OnDisconnect, error code 0
2023-02-08 20:39:31.828	- Info  -	[oray][erroCode] errorcode=errcode(0), product=0, type=0, inner code=0 [BinaryPluginStream::OnDisconnect:404]
2023-02-08 20:39:31.828	- Info  -	CPluginThreadManager stop plugin thread
2023-02-08 20:39:31.828	- Info  -	[desktop] Separation message loop stop.
2023-02-08 20:39:31.828	- Info  -	CActivePlugin prepare to exit plugin
2023-02-08 20:39:31.828	- Info  -	[desktop] RemoteDesktopPlugin::ExitInstance. >
2023-02-08 20:39:31.829	- Info  -	[clipboard] stop clipboard...
2023-02-08 20:39:31.833	- Info  -	[clipboard] recv thread end(1).
2023-02-08 20:39:31.834	- Info  -	[clipboard] call CClipboardViewer::DestroyWnd at 190
2023-02-08 20:39:31.834	- Info  -	[clipboard] recv WM_CLOSE, end thread.
2023-02-08 20:39:31.836	- Info  -	[udpwrapper] udprelay connecting 220.175.31.165:3151 via 122.246.13.141:4118
2023-02-08 20:39:31.908	- Info  -	[clipboard] Stop Clipboard ok
2023-02-08 20:39:31.917	- Info  -	[desktop] [thread] cancel.
2023-02-08 20:39:31.918	- Info  -	[desktop] RemoteDesktopPlugin::ExitInstance. <
2023-02-08 20:39:31.933	- Info  -	CConnectorRaw::OnEvent() state: CNTS_P2P_DISCONNECT, error: 0, oray errorcode: 0
2023-02-08 20:39:31.933	- Info  -	[oray][erroCode] errorcode=oray_errorcode(0), product=0, type=0, inner code=0 [CConnectorRaw::OnEvent:624]
2023-02-08 20:39:31.934	- Info  -	[oray][erroCode] errorcode=oray_errorcode(0), product=0, type=0, inner code=0 [CP2PStream::CTCPStream::Disconnect_impl:1016]
2023-02-08 20:39:31.934	- Info  -	CConnectorRaw::OnEvent() state: CNTS_DISCONNECTED, error: 0, oray errorcode: 0
2023-02-08 20:39:31.934	- Info  -	[oray][erroCode] errorcode=oray_errorcode(0), product=0, type=0, inner code=0 [CConnectorRaw::OnEvent:624]
2023-02-08 20:39:31.934	- Info  -	CConnectorRaw::Stop in>
2023-02-08 20:39:31.937	* Error *	Plugin disconnect with error : 0
2023-02-08 20:39:31.938	- Info  -	[CUDPLibWrapper] map size: 1, value: [220.175.31.165:3151/15998-2] = 0.0.0.0:15998;

2023-02-08 20:39:31.938	- Info  -	[oray][erroCode] errorcode=oray_errorcode(0), product=0, type=0, inner code=0 [CP2PStream::CUDPStream::Disconnect_impl:1044]
2023-02-08 20:39:31.938	- Info  -	[oray][erroCode] errorcode=oray_errorcode(0), product=0, type=0, inner code=0 [CUDPLibStream::Disconnect_impl:73]
2023-02-08 20:39:31.938	- Info  -	del_port_mapping external port 29153, internalclient ip 192.168.0.106, internal port 15998
2023-02-08 20:39:32.028	- Info  -	[udp] OnConnectAck working in advanced mode 2
2023-02-08 20:39:32.028	- Info  -	[udp] support straight send in peer : yes 122.246.13.141:4118 CConnection::OnConnectRes
2023-02-08 20:39:32.062	- Info  -	Delete port mapping ok!
2023-02-08 20:39:32.063	- Info  -	[oray][erroCode] errorcode=oray_errorcode(0), product=0, type=0, inner code=0 [CUDPLibStream::Disconnect_impl:73]
2023-02-08 20:39:32.064	- Info  -	CConnectorRaw::Stop out<
2023-02-08 20:39:32.064	- Info  -	sensors close
2023-02-08 20:39:32.111	- Info  -	[desktop] CRemoteDesktopPlugin::~CRemoteDesktopPlugin(void)
2023-02-08 20:39:32.113	- Info  -	[vpx][decoder] close codec.
2023-02-08 20:39:32.155	- Info  -	CMultiChannelStreamImpl::~CMultiChannelStreamImpl
2023-02-08 20:39:32.158	- Info  -	program remote_plugin is exit 
