2023-01-09 20:18:09.182	- Info  -	version:3.2.1.40406
2023-01-09 20:18:09.193	- Info  -	DPIAwareness set 2 success.
2023-01-09 20:18:09.203	- Info  -	config path: OrE
2023-01-09 20:18:09.324	- Info  -	[displayclt] CDisplayClient::CDisplayClient(all)
2023-01-09 20:18:09.324	- Info  -	[desktop] CRemoteDesktopPlugin::CRemoteDesktopPlugin(all)
2023-01-09 20:18:09.355	- Info  -	sensors init with file: C:/ProgramData/Oray/SunloginClient/sensors/datas
2023-01-09 20:18:09.371	- Info  -	CMultiChannelStreamImpl::CMultiChannelStreamImpl
2023-01-09 20:18:09.373	- Info  -	CConnectorRaw::OnStreamEvent(1) state: CNTS_FORWARD, error: 0
2023-01-09 20:18:09.375	* Error *	sensors data send failed!
2023-01-09 20:18:09.381	- Info  -	CConnectorRaw::OnEvent() state: CNTS_FORWARD, error: 0, oray errorcode: 0
2023-01-09 20:18:09.381	- Info  -	[oray][erroCode] errorcode=oray_errorcode(0), product=0, type=0, inner code=0 [CConnectorRaw::OnEvent:624]
2023-01-09 20:18:09.489	- Info  -	attempt to connect server 956654800.slp2p-east-std224.oray.net:443(122.246.13.95:443)
2023-01-09 20:18:09.614	- Info  -	plugin_public access_token is NULL
2023-01-09 20:18:09.754	- Info  -	[TCPConnector] CCurStream handle client_connect
2023-01-09 20:18:09.785	- Info  -	[MultiChannel] Forward channel shake handle 122.246.13.95:443
2023-01-09 20:18:09.785	- Info  -	CMultiChannelStreamImpl::OnConnect()
2023-01-09 20:18:09.785	- Info  -	CClientStream 122.246.13.95:443 OnConnect
2023-01-09 20:18:09.785	- Info  -	CConnectorRaw::OnEvent() state: CNTS_LOGIN, error: 0, oray errorcode: 0
2023-01-09 20:18:09.785	- Info  -	[oray][erroCode] errorcode=oray_errorcode(0), product=0, type=0, inner code=0 [CConnectorRaw::OnEvent:624]
2023-01-09 20:18:09.785	- Info  -	CConnectorRaw::OnEvent() state: CNTS_FWD_SHAKEHANDLE, error: 0, oray errorcode: 0
2023-01-09 20:18:09.785	- Info  -	[oray][erroCode] errorcode=oray_errorcode(0), product=0, type=0, inner code=0 [CConnectorRaw::OnEvent:624]
2023-01-09 20:18:09.941	- Info  -	[MultiChannel] Forward channel connected 122.246.13.95:443
2023-01-09 20:18:09.941	- Info  -	CMultiChannelStreamImpl::OnConnectEvent, status: CNTS_FWD_CONNECTED, isclosed:false, HadFwdConnected: true, HadBeenHolePunch: false
2023-01-09 20:18:09.941	- Info  -	CConnectorRaw::OnEvent() state: CNTS_FWD_CONNECTED, error: 0, oray errorcode: 0
2023-01-09 20:18:09.941	- Info  -	[oray][erroCode] errorcode=oray_errorcode(0), product=0, type=0, inner code=0 [CConnectorRaw::OnEvent:624]
2023-01-09 20:18:09.942	- Info  -	CClientStream 122.246.13.95:443 OnReceive reply 1 
2023-01-09 20:18:09.942	- Info  -	CClientStream 122.246.13.95:443 start keepalive
2023-01-09 20:18:09.942	- Info  -	CClientStream 122.246.13.95:443 login OK
2023-01-09 20:18:09.942	- Info  -	CConnectorRaw::OnEvent() state: CNTS_CONNECTED, error: 0, oray errorcode: 0
2023-01-09 20:18:09.942	- Info  -	[oray][erroCode] errorcode=oray_errorcode(0), product=0, type=0, inner code=0 [CConnectorRaw::OnEvent:624]
2023-01-09 20:18:09.942	- Info  -	CPluginThreadManager start plugin thread
2023-01-09 20:18:09.947	- Info  -	CActivePlugin prepare to init plugin
2023-01-09 20:18:09.948	- Info  -	[desktop] create drag server OK
2023-01-09 20:18:09.948	- Info  -	CActivePlugin prepare to run plugin
2023-01-09 20:18:09.951	- Info  -	[desktop] sending switch desktop type message...
2023-01-09 20:18:09.951	- Info  -	[desktop] request enumerate user list.
2023-01-09 20:18:09.951	- Info  -	[desktop] Separation message loop start.
2023-01-09 20:18:09.951	- Info  -	[desktop] receive enumerate user respond
2023-01-09 20:18:09.951	- Info  -	[desktop] request switch user host message...
2023-01-09 20:18:10.179	- Info  -	[desktop] receive switch host message res = 1 
2023-01-09 20:18:10.189	- Info  -	[desktop] request enum screen
2023-01-09 20:18:10.189	- Info  -	[DisplayClient] SetCompression 11/15
2023-01-09 20:18:10.189	- Info  -	[desktop] request start stream
2023-01-09 20:18:10.189	- Info  -	[desktop] SetCompressionParam: layer=1;encoding=4;format=1;reserved=0, size: 38
2023-01-09 20:18:10.242	- Info  -	[desktop] OnQueryConfigRes
2023-01-09 20:18:10.244	- Info  -	[desktop] OnQueryConfigRes
2023-01-09 20:18:10.244	- Info  -	[desktop] recv enum screen, number is 1
2023-01-09 20:18:10.736	- Info  -	[clipboard] start clipboard...
2023-01-09 20:18:10.810	- Info  -	[clipboard][converter] html format 49425
2023-01-09 20:18:10.810	- Info  -	[clipboard][converter] rtf format 49289
2023-01-09 20:18:10.811	- Info  -	[clipboard] start clipboard ok.
2023-01-09 20:18:10.811	- Info  -	[desktop] sync clipboard enable
2023-01-09 20:18:11.011	- Info  -	SetDisplayMode() w=1600, h=900, bpp=32
2023-01-09 20:18:11.011	- Info  -	ResetBitmap width=1600, height=900, bpp=32, srcbpp=32, Size = 5760000
2023-01-09 20:18:11.011	- Info  -	[DisplayClient] recv image info, width: 1600, height: 900, bpp: 32
2023-01-09 20:18:11.011	- Info  -	[DisplayClient] OnRecvCompInfo format/quality 11/15
2023-01-09 20:18:11.011	- Info  -	[desktop][DisplayClient] recv first frame.
2023-01-09 20:18:11.018	- Info  -	[DisplayClient] recv compimage type: ID_IMAGE_RAPIDCOMP
2023-01-09 20:18:11.094	- Info  -	[vpx] open codec.
2023-01-09 20:18:11.161	- Info  -	[desktop][DisplayClient] decode first frame end.
2023-01-09 20:18:11.162	- Info  -	[desktop] receive first frame message
2023-01-09 20:18:11.368	* Error *	sensors data send failed!
2023-01-09 20:18:11.907	- Info  -	Init D3D2 OK
2023-01-09 20:18:11.907	- Info  -	[DesktopSurface] Use DirectX Paint mode 2
2023-01-09 20:18:11.931	- Info  -	CMultiChannelStreamImpl::ConnectP2PServer, thread id: 3356
2023-01-09 20:18:11.946	- Info  -	Init D3D2 OK
2023-01-09 20:18:11.963	- Info  -	[maindialog] draw first frame end
2023-01-09 20:18:11.970	- Info  -	CConnectorRaw::OnStreamEvent(1) state: CNTS_P2P, error: 0
2023-01-09 20:18:11.971	- Info  -	CConnectorRaw::OnEvent() state: CNTS_P2P, error: 0, oray errorcode: 0
2023-01-09 20:18:11.971	- Info  -	[oray][erroCode] errorcode=oray_errorcode(0), product=0, type=0, inner code=0 [CConnectorRaw::OnEvent:624]
2023-01-09 20:18:11.971	- Info  -	[P2PConnector] attempt to connect server PHSRC://956654800.slp2p-east-std224.oray.net:4118/desktop(slp2p-east-std224.oray.net:4118) 
2023-01-09 20:18:12.034	- Info  -	[desktop] sync clipboard enable
2023-01-09 20:18:12.034	- Info  -	[http call3] new call id:1, url:https://slapi.oray.net/client/free-tips
2023-01-09 20:18:12.035	- Info  -	[http call3] new call id:2, url:https://slapi.oray.net/remote/get-network
2023-01-09 20:18:12.037	- Info  -	[http call3] id:1 create new connection : https://slapi.oray.net:443
2023-01-09 20:18:12.040	- Info  -	[udp] support straight send in peer : no 122.246.13.95:4118 CConnection::OnConnectRes
2023-01-09 20:18:12.042	- Info  -	[P2PHelper] detect local ip ...
2023-01-09 20:18:12.044	- Info  -	[P2PHelper] detect local ip 192.168.0.193
2023-01-09 20:18:12.044	- Info  -	[P2PHelper] attempt to login P2P Server...
2023-01-09 20:18:12.054	- Info  -	attempt to connect server slapi.oray.net:443(121.40.99.129:443)
2023-01-09 20:18:12.055	- Info  -	[http call3] id:2 use old connection : https://slapi.oray.net:443
2023-01-09 20:18:12.085	- Info  -	[P2PHelper] Login P2P Server OK
2023-01-09 20:18:12.086	- Info  -	[P2PHelper] OnLoginRes, receive public ip 183.217.156.200:4847
2023-01-09 20:18:12.086	- Info  -	[P2PHelper] sending P2P request ...
2023-01-09 20:18:12.092	- Info  -	Init D3D2 OK
2023-01-09 20:18:12.129	- Info  -	[P2PHelper] receive peer local ip 10.21.53.3:15710, public ip 182.100.1.215:39107
2023-01-09 20:18:12.129	- Info  -	[P2PStream] EstablishP2P local ip 183.217.156.200:4847/192.168.0.193:15589 ==> peer ip 182.100.1.215:39107/10.21.53.3:15710
2023-01-09 20:18:12.437	- Info  -	[http call3] id:1, url:https://slapi.oray.net/client/free-tips, status code:200
2023-01-09 20:18:12.524	- Info  -	[http call3] id:2, url:https://slapi.oray.net/remote/get-network, status code:200
2023-01-09 20:18:12.579	- Info  -	upnpnat_search_thread::ThreadLoop end
2023-01-09 20:18:12.584	- Info  -	[udpwrapper] attempt to establish P2P connection via: 122.246.13.95:4118, (local)192.168.0.193:15589|(public)183.217.156.200:4847 ==> (local)10.21.53.3:15710|(public)182.100.1.215:39107
2023-01-09 20:18:12.607	- Info  -	[udp] OnConnectAck working in advanced mode 2
2023-01-09 20:18:12.608	- Info  -	[udp] support straight send in peer : yes 182.100.1.215:39107 CConnection::OnConnectRes
2023-01-09 20:18:12.608	- Info  -	[oray][erroCode] errorcode=oray_errorcode(0), product=0, type=0, inner code=0 [CUDPLibStream::Disconnect_impl:73]
2023-01-09 20:18:12.608	- Info  -	[udp] Disconnect
2023-01-09 20:18:12.608	- Info  -	[udp] SendDisconnect
2023-01-09 20:18:12.608	- Info  -	[P2PHelper] MainServer disconnect
2023-01-09 20:18:12.608	- Info  -	[MultiChannel] P2P channel shake handle 182.100.1.215:39107
2023-01-09 20:18:12.608	- Info  -	CConnectorRaw::OnEvent() state: CNTS_P2P_SHAKEHANDLE, error: 0, oray errorcode: 0
2023-01-09 20:18:12.608	- Info  -	[oray][erroCode] errorcode=oray_errorcode(0), product=0, type=0, inner code=0 [CConnectorRaw::OnEvent:624]
2023-01-09 20:18:12.609	- Info  -	[MultiChannel] send SHAKE_HANDLES_MSG, read 116269, write 3296
2023-01-09 20:18:12.609	- Info  -	[P2PStream] connected (by udp) 0.0.0.0:15589 <--> 182.100.1.215:39107
2023-01-09 20:18:12.621	- Info  -	[MultiChannel] Received SHAKE_HANDLES_MSG, read 3316 / (local write 3296), write 116249 / (local read 116269)
2023-01-09 20:18:12.621	- Info  -	[MultiChannel] P2P channel connected 182.100.1.215:39107
2023-01-09 20:18:12.622	- Info  -	CConnectorRaw::OnEvent() state: CNTS_P2P_CONNECTED, error: 0, oray errorcode: 0
2023-01-09 20:18:12.622	- Info  -	[oray][erroCode] errorcode=oray_errorcode(0), product=0, type=0, inner code=0 [CConnectorRaw::OnEvent:624]
2023-01-09 20:18:12.631	- Info  -	[udpwrapper] disconnect reason : 1
2023-01-09 20:18:12.631	- Info  -	[oray][erroCode] errorcode=oray_errorcode(57354), product=0, type=3, inner code=10 [CUDPLibWrapper::OnDisconnect:833]
2023-01-09 20:18:12.631	- Info  -	[udpwrapper] Disconnect 122.246.13.95:4118 @ 838
2023-01-09 20:18:12.631	- Info  -	[oray][erroCode] errorcode=oray_errorcode(57354), product=0, type=3, inner code=10 [CUDPLibStream::Disconnect_impl:73]
2023-01-09 20:18:12.812	- Info  -	[MultiChannel] forward data read completed @ 462
2023-01-09 20:18:12.837	- Info  -	[MultiChannel] write data when p2p state is CONNECTED, is full 0, writed data 3296 / peer read 3316, left 20, size 52 @ 153
2023-01-09 20:18:12.839	* Error *	[vpx] Failed to decode frame.: Corrupt frame detected
2023-01-09 20:18:12.839	* Error *	[vpx]    Failed to decode tile data
2023-01-09 20:18:12.839	- Info  -	[vpx][decoder] close codec.
2023-01-09 20:18:12.841	+Warning+	[DisplayClient][report] transfer faild, count: 1.
2023-01-09 20:18:12.841	* Error *	[oray][erroCode] errorcode=ORAY_ERROR_CTRLDESKTOP_DECODE_FRAME_FAILED(134275073), product=2, type=3, inner code=1 [CDisplayClient::DecodeFrameData:628]
2023-01-09 20:18:12.841	- Info  -	[MultiChannel] forward data write completed @ 216
2023-01-09 20:18:12.967	- Info  -	[drag] QueryVersionRes is true
2023-01-09 20:18:12.967	- Info  -	CClipboardRaw::OnReceiveQueryVersionRes 2
2023-01-09 20:18:13.274	- Info  -	[vpx] open codec.
2023-01-09 20:18:13.274	* Error *	[vpx] Failed to decode frame.: Unspecified internal error
2023-01-09 20:18:13.275	- Info  -	[vpx][decoder] close codec.
2023-01-09 20:18:13.275	+Warning+	[DisplayClient][report] transfer faild, count: 2.
2023-01-09 20:18:13.275	* Error *	[oray][erroCode] errorcode=ORAY_ERROR_CTRLDESKTOP_DECODE_FRAME_FAILED(134275073), product=2, type=3, inner code=1 [CDisplayClient::DecodeFrameData:628]
2023-01-09 20:18:14.106	- Info  -	[vpx] open codec.
2023-01-09 20:18:14.106	* Error *	[vpx] Failed to decode frame.: Unspecified internal error
2023-01-09 20:18:14.106	- Info  -	[vpx][decoder] close codec.
2023-01-09 20:18:14.106	+Warning+	[DisplayClient][report] transfer faild, count: 3.
2023-01-09 20:18:14.106	* Error *	[oray][erroCode] errorcode=ORAY_ERROR_CTRLDESKTOP_DECODE_FRAME_FAILED(134275073), product=2, type=3, inner code=1 [CDisplayClient::DecodeFrameData:628]
2023-01-09 20:18:14.273	- Info  -	[vpx] open codec.
2023-01-09 20:18:14.273	* Error *	[vpx] Failed to decode frame.: Unspecified internal error
2023-01-09 20:18:14.273	- Info  -	[vpx][decoder] close codec.
2023-01-09 20:18:14.273	+Warning+	[DisplayClient][report] transfer faild, count: 4.
2023-01-09 20:18:14.273	* Error *	[oray][erroCode] errorcode=ORAY_ERROR_CTRLDESKTOP_DECODE_FRAME_FAILED(134275073), product=2, type=3, inner code=1 [CDisplayClient::DecodeFrameData:628]
2023-01-09 20:18:15.097	- Info  -	[vpx] open codec.
2023-01-09 20:18:15.097	* Error *	[vpx] Failed to decode frame.: Unspecified internal error
2023-01-09 20:18:15.097	- Info  -	[vpx][decoder] close codec.
2023-01-09 20:18:15.097	+Warning+	[DisplayClient][report] transfer faild, count: 5.
2023-01-09 20:18:15.097	* Error *	[oray][erroCode] errorcode=ORAY_ERROR_CTRLDESKTOP_DECODE_FRAME_FAILED(134275073), product=2, type=3, inner code=1 [CDisplayClient::DecodeFrameData:628]
2023-01-09 20:18:15.223	- Info  -	[vpx] open codec.
2023-01-09 20:18:15.223	* Error *	[vpx] Failed to decode frame.: Unspecified internal error
2023-01-09 20:18:15.223	- Info  -	[vpx][decoder] close codec.
2023-01-09 20:18:15.223	+Warning+	[DisplayClient][report] transfer faild, count: 6.
2023-01-09 20:18:15.223	* Error *	[oray][erroCode] errorcode=ORAY_ERROR_CTRLDESKTOP_DECODE_FRAME_FAILED(134275073), product=2, type=3, inner code=1 [CDisplayClient::DecodeFrameData:628]
2023-01-09 20:18:27.522	* Error *	SSLStream::IsWantReadWrite|peer(121.40.99.129:443), SSL_read failed( 6 ), error:00000000:lib(0):func(0):reason(0), file( ..\includes\common\phstream\SSLStream.cpp:1898 )
2023-01-09 20:18:27.522	- Info  -	[http call3] disconnect, error( 0 )
2023-01-09 20:18:34.222	- Info  -	[vpx] open codec.
2023-01-09 20:18:34.223	* Error *	[vpx] Failed to decode frame.: Unspecified internal error
2023-01-09 20:18:34.223	- Info  -	[vpx][decoder] close codec.
2023-01-09 20:18:34.223	+Warning+	[DisplayClient][report] transfer faild, count: 7.
2023-01-09 20:18:34.223	* Error *	[oray][erroCode] errorcode=ORAY_ERROR_CTRLDESKTOP_DECODE_FRAME_FAILED(134275073), product=2, type=3, inner code=1 [CDisplayClient::DecodeFrameData:628]
2023-01-09 20:18:41.028	- Info  -	Init D3D2 OK
2023-01-09 20:18:41.263	- Info  -	Init D3D2 OK
2023-01-09 20:18:41.287	- Info  -	Init D3D2 OK
2023-01-09 20:18:41.329	- Info  -	Init D3D2 OK
2023-01-09 20:18:41.362	- Info  -	Init D3D2 OK
2023-01-09 20:18:41.385	- Info  -	Init D3D2 OK
2023-01-09 20:18:41.408	- Info  -	Init D3D2 OK
2023-01-09 20:18:41.429	- Info  -	Init D3D2 OK
2023-01-09 20:18:41.449	- Info  -	Init D3D2 OK
2023-01-09 20:18:41.469	- Info  -	Init D3D2 OK
2023-01-09 20:18:41.489	- Info  -	Init D3D2 OK
2023-01-09 20:18:41.510	- Info  -	Init D3D2 OK
2023-01-09 20:18:41.532	- Info  -	Init D3D2 OK
2023-01-09 20:18:41.570	- Info  -	Init D3D2 OK
2023-01-09 20:18:41.592	- Info  -	Init D3D2 OK
2023-01-09 20:18:41.615	- Info  -	Init D3D2 OK
2023-01-09 20:18:41.649	- Info  -	Init D3D2 OK
2023-01-09 20:18:41.671	- Info  -	Init D3D2 OK
2023-01-09 20:18:41.695	- Info  -	Init D3D2 OK
2023-01-09 20:18:41.718	- Info  -	Init D3D2 OK
2023-01-09 20:18:41.742	- Info  -	Init D3D2 OK
2023-01-09 20:18:41.762	- Info  -	Init D3D2 OK
2023-01-09 20:18:41.788	- Info  -	Init D3D2 OK
2023-01-09 20:18:41.811	- Info  -	Init D3D2 OK
2023-01-09 20:18:41.832	- Info  -	Init D3D2 OK
2023-01-09 20:18:41.854	- Info  -	Init D3D2 OK
2023-01-09 20:18:41.879	- Info  -	Init D3D2 OK
2023-01-09 20:18:41.899	- Info  -	Init D3D2 OK
2023-01-09 20:18:41.919	- Info  -	Init D3D2 OK
2023-01-09 20:18:41.941	- Info  -	Init D3D2 OK
2023-01-09 20:18:41.962	- Info  -	Init D3D2 OK
2023-01-09 20:18:41.985	- Info  -	Init D3D2 OK
2023-01-09 20:18:42.010	- Info  -	Init D3D2 OK
2023-01-09 20:18:42.031	- Info  -	Init D3D2 OK
2023-01-09 20:18:42.053	- Info  -	Init D3D2 OK
2023-01-09 20:18:42.078	- Info  -	Init D3D2 OK
2023-01-09 20:18:42.099	- Info  -	Init D3D2 OK
2023-01-09 20:18:42.122	- Info  -	Init D3D2 OK
2023-01-09 20:18:42.145	- Info  -	Init D3D2 OK
2023-01-09 20:18:42.165	- Info  -	Init D3D2 OK
2023-01-09 20:18:42.260	- Info  -	Init D3D2 OK
2023-01-09 20:18:43.460	- Info  -	Init D3D2 OK
2023-01-09 20:18:43.692	- Info  -	Init D3D2 OK
2023-01-09 20:18:43.713	- Info  -	Init D3D2 OK
2023-01-09 20:18:43.736	- Info  -	Init D3D2 OK
2023-01-09 20:18:43.758	- Info  -	Init D3D2 OK
2023-01-09 20:18:43.780	- Info  -	Init D3D2 OK
2023-01-09 20:18:43.799	- Info  -	Init D3D2 OK
2023-01-09 20:18:43.828	- Info  -	Init D3D2 OK
2023-01-09 20:18:43.850	- Info  -	Init D3D2 OK
2023-01-09 20:18:43.877	- Info  -	Init D3D2 OK
2023-01-09 20:18:43.897	- Info  -	Init D3D2 OK
2023-01-09 20:18:43.916	- Info  -	Init D3D2 OK
2023-01-09 20:18:43.938	- Info  -	Init D3D2 OK
2023-01-09 20:18:43.959	- Info  -	Init D3D2 OK
2023-01-09 20:18:43.981	- Info  -	Init D3D2 OK
2023-01-09 20:18:44.000	- Info  -	Init D3D2 OK
2023-01-09 20:18:44.024	- Info  -	Init D3D2 OK
2023-01-09 20:18:44.045	- Info  -	Init D3D2 OK
2023-01-09 20:18:44.065	- Info  -	Init D3D2 OK
2023-01-09 20:18:44.086	- Info  -	Init D3D2 OK
2023-01-09 20:18:44.109	- Info  -	Init D3D2 OK
2023-01-09 20:18:44.129	- Info  -	Init D3D2 OK
2023-01-09 20:18:44.150	- Info  -	Init D3D2 OK
2023-01-09 20:18:44.171	- Info  -	Init D3D2 OK
2023-01-09 20:18:44.192	- Info  -	Init D3D2 OK
2023-01-09 20:18:44.215	- Info  -	Init D3D2 OK
2023-01-09 20:18:44.241	- Info  -	Init D3D2 OK
2023-01-09 20:18:44.261	- Info  -	Init D3D2 OK
2023-01-09 20:18:44.284	- Info  -	Init D3D2 OK
2023-01-09 20:18:44.306	- Info  -	Init D3D2 OK
2023-01-09 20:18:44.327	- Info  -	Init D3D2 OK
2023-01-09 20:18:44.348	- Info  -	Init D3D2 OK
2023-01-09 20:18:44.370	- Info  -	Init D3D2 OK
2023-01-09 20:18:44.394	- Info  -	Init D3D2 OK
2023-01-09 20:18:44.414	- Info  -	Init D3D2 OK
2023-01-09 20:18:44.435	- Info  -	Init D3D2 OK
2023-01-09 20:18:44.457	- Info  -	Init D3D2 OK
2023-01-09 20:18:44.490	- Info  -	Init D3D2 OK
2023-01-09 20:18:44.513	- Info  -	Init D3D2 OK
2023-01-09 20:18:44.534	- Info  -	Init D3D2 OK
2023-01-09 20:18:44.559	- Info  -	Init D3D2 OK
2023-01-09 20:18:44.580	- Info  -	Init D3D2 OK
2023-01-09 20:18:44.602	- Info  -	Init D3D2 OK
2023-01-09 20:18:44.624	- Info  -	Init D3D2 OK
2023-01-09 20:18:44.649	- Info  -	Init D3D2 OK
2023-01-09 20:18:44.672	- Info  -	Init D3D2 OK
2023-01-09 20:18:44.691	- Info  -	Init D3D2 OK
2023-01-09 20:18:44.711	- Info  -	Init D3D2 OK
2023-01-09 20:18:44.732	- Info  -	Init D3D2 OK
2023-01-09 20:18:44.754	- Info  -	Init D3D2 OK
2023-01-09 20:18:44.775	- Info  -	Init D3D2 OK
2023-01-09 20:18:44.794	- Info  -	Init D3D2 OK
2023-01-09 20:18:44.815	- Info  -	Init D3D2 OK
2023-01-09 20:18:44.836	- Info  -	Init D3D2 OK
2023-01-09 20:18:44.859	- Info  -	Init D3D2 OK
2023-01-09 20:18:44.879	- Info  -	Init D3D2 OK
2023-01-09 20:18:44.897	- Info  -	Init D3D2 OK
2023-01-09 20:18:44.916	- Info  -	Init D3D2 OK
2023-01-09 20:18:44.936	- Info  -	Init D3D2 OK
2023-01-09 20:18:44.959	- Info  -	Init D3D2 OK
2023-01-09 20:18:44.979	- Info  -	Init D3D2 OK
2023-01-09 20:18:44.998	- Info  -	Init D3D2 OK
2023-01-09 20:18:45.019	- Info  -	Init D3D2 OK
2023-01-09 20:18:45.041	- Info  -	Init D3D2 OK
2023-01-09 20:18:45.060	- Info  -	Init D3D2 OK
2023-01-09 20:18:45.078	- Info  -	Init D3D2 OK
2023-01-09 20:18:45.097	- Info  -	Init D3D2 OK
2023-01-09 20:18:45.116	- Info  -	Init D3D2 OK
2023-01-09 20:18:45.135	- Info  -	Init D3D2 OK
2023-01-09 20:18:45.757	- Info  -	Init D3D2 OK
2023-01-09 20:18:45.779	- Info  -	Init D3D2 OK
2023-01-09 20:18:45.799	- Info  -	Init D3D2 OK
2023-01-09 20:18:45.821	- Info  -	Init D3D2 OK
2023-01-09 20:18:45.845	- Info  -	Init D3D2 OK
2023-01-09 20:18:45.865	- Info  -	Init D3D2 OK
2023-01-09 20:18:45.887	- Info  -	Init D3D2 OK
2023-01-09 20:18:45.908	- Info  -	Init D3D2 OK
2023-01-09 20:18:45.927	- Info  -	Init D3D2 OK
2023-01-09 20:18:45.947	- Info  -	Init D3D2 OK
2023-01-09 20:18:45.968	- Info  -	Init D3D2 OK
2023-01-09 20:18:45.990	- Info  -	Init D3D2 OK
2023-01-09 20:18:46.010	- Info  -	Init D3D2 OK
2023-01-09 20:18:46.029	- Info  -	Init D3D2 OK
2023-01-09 20:18:46.050	- Info  -	Init D3D2 OK
2023-01-09 20:18:46.072	- Info  -	Init D3D2 OK
2023-01-09 20:18:46.092	- Info  -	Init D3D2 OK
2023-01-09 20:18:46.111	- Info  -	Init D3D2 OK
2023-01-09 20:18:46.131	- Info  -	Init D3D2 OK
2023-01-09 20:18:46.154	- Info  -	Init D3D2 OK
2023-01-09 20:18:46.175	- Info  -	Init D3D2 OK
2023-01-09 20:18:46.194	- Info  -	Init D3D2 OK
2023-01-09 20:18:46.214	- Info  -	Init D3D2 OK
2023-01-09 20:18:46.249	- Info  -	Init D3D2 OK
2023-01-09 20:18:46.273	- Info  -	Init D3D2 OK
2023-01-09 20:18:46.295	- Info  -	Init D3D2 OK
2023-01-09 20:18:46.330	- Info  -	Init D3D2 OK
2023-01-09 20:18:46.350	- Info  -	Init D3D2 OK
2023-01-09 20:18:46.372	- Info  -	Init D3D2 OK
2023-01-09 20:18:46.394	- Info  -	Init D3D2 OK
2023-01-09 20:18:46.415	- Info  -	Init D3D2 OK
2023-01-09 20:18:46.439	- Info  -	Init D3D2 OK
2023-01-09 20:18:46.461	- Info  -	Init D3D2 OK
2023-01-09 20:18:46.481	- Info  -	Init D3D2 OK
2023-01-09 20:18:46.501	- Info  -	Init D3D2 OK
2023-01-09 20:18:46.537	- Info  -	Init D3D2 OK
2023-01-09 20:18:46.671	- Info  -	Init D3D2 OK
2023-01-09 20:18:46.690	- Info  -	Init D3D2 OK
2023-01-09 20:18:46.707	- Info  -	Init D3D2 OK
2023-01-09 20:18:54.217	* Error *	sensors data send failed!
2023-01-09 20:18:54.254	- Info  -	[oray][erroCode] errorcode=oray_errorcode(0), product=0, type=0, inner code=0 [CMultiChannelStream::Disconnect_impl:254]
2023-01-09 20:18:54.255	- Info  -	[TCPConnector] CCurStream handle client_disconnect
2023-01-09 20:18:54.255	- Info  -	[oray][erroCode] errorcode=transf(0), product=0, type=0, inner code=0 [CMultiChannelStream::ForwardHandler::Handle:647]
2023-01-09 20:18:54.255	- Info  -	CConnectorRaw::OnEvent() state: CNTS_FWD_DISCONNECT, error: 0, oray errorcode: 0
2023-01-09 20:18:54.255	- Info  -	[oray][erroCode] errorcode=oray_errorcode(0), product=0, type=0, inner code=0 [CConnectorRaw::OnEvent:624]
2023-01-09 20:18:54.255	+Warning+	[MultiChannel] unbind forward stream(errorcode 0) @ 651
2023-01-09 20:18:54.255	- Info  -	[oray][erroCode] errorcode=oray_errorcode(0), product=0, type=0, inner code=0 [CP2PStream::Disconnect_impl:678]
2023-01-09 20:18:54.255	- Info  -	[oray][erroCode] errorcode=oray_errorcode(0), product=0, type=0, inner code=0 [CP2PStream::CUDPStream::Disconnect_impl:1044]
2023-01-09 20:18:54.255	- Info  -	[oray][erroCode] errorcode=oray_errorcode(0), product=0, type=0, inner code=0 [CUDPLibStream::Disconnect_impl:73]
2023-01-09 20:18:54.255	- Info  -	[udp] Disconnect
2023-01-09 20:18:54.255	- Info  -	[udp] SendDisconnect
2023-01-09 20:18:54.255	- Info  -	[MultiChannel] P2P channel disconnect 182.100.1.215:39107
2023-01-09 20:18:54.255	- Info  -	[oray][erroCode] errorcode=transf(0), product=0, type=0, inner code=0 [CMultiChannelStream::P2PHandler::Handle:834]
2023-01-09 20:18:54.255	- Info  -	[oray][erroCode] errorcode=transf(0), product=0, type=0, inner code=0 [CMultiChannelStream::HandleDisconnect:1041]
2023-01-09 20:18:54.255	- Info  -	CMultiChannelStreamImpl::OnDisconnect()
2023-01-09 20:18:54.255	- Info  -	[oray][erroCode] errorcode=oray_errorcode(0), product=0, type=0, inner code=0 [CMultiChannelStreamImpl::OnDisconnect:100]
2023-01-09 20:18:54.255	- Info  -	CClientStream 182.100.1.215:39107 OnDisconnect, errocde:0
2023-01-09 20:18:54.255	- Info  -	[oray][erroCode] errorcode=errcode(0), product=0, type=0, inner code=0 [CClientStream::OnDisconnect:104]
2023-01-09 20:18:54.255	- Info  -	OnDisconnect, error code 0
2023-01-09 20:18:54.255	- Info  -	[oray][erroCode] errorcode=errcode(0), product=0, type=0, inner code=0 [BinaryPluginStream::OnDisconnect:404]
2023-01-09 20:18:54.255	- Info  -	[desktop] Separation message loop stop.
2023-01-09 20:18:54.256	- Info  -	CPluginThreadManager stop plugin thread
2023-01-09 20:18:54.256	- Info  -	CActivePlugin prepare to exit plugin
2023-01-09 20:18:54.256	- Info  -	[desktop] RemoteDesktopPlugin::ExitInstance. >
2023-01-09 20:18:54.256	- Info  -	[clipboard] stop clipboard...
2023-01-09 20:18:54.274	- Info  -	[udpwrapper] udprelay connecting 182.100.1.215:39107 via 122.246.13.95:4118
2023-01-09 20:18:54.305	- Info  -	[clipboard] recv thread end(2).
2023-01-09 20:18:54.352	- Info  -	[udp] OnConnectAck working in advanced mode 2
2023-01-09 20:18:54.353	- Info  -	[udp] support straight send in peer : yes 122.246.13.95:4118 CConnection::OnConnectRes
2023-01-09 20:18:54.353	- Info  -	[oray][erroCode] errorcode=oray_errorcode(0), product=0, type=0, inner code=0 [CUDPLibStream::Disconnect_impl:73]
2023-01-09 20:18:54.371	- Info  -	[clipboard] call CClipboardViewer::DestroyWnd at 190
2023-01-09 20:18:54.372	- Info  -	[clipboard] recv WM_CLOSE, end thread.
2023-01-09 20:18:54.390	- Info  -	[clipboard] Stop Clipboard ok
2023-01-09 20:18:54.394	- Info  -	[desktop] [thread] cancel.
2023-01-09 20:18:54.395	- Info  -	[desktop] RemoteDesktopPlugin::ExitInstance. <
2023-01-09 20:18:54.395	- Info  -	CConnectorRaw::OnEvent() state: CNTS_P2P_DISCONNECT, error: 0, oray errorcode: 0
2023-01-09 20:18:54.395	- Info  -	[oray][erroCode] errorcode=oray_errorcode(0), product=0, type=0, inner code=0 [CConnectorRaw::OnEvent:624]
2023-01-09 20:18:54.396	- Info  -	[oray][erroCode] errorcode=oray_errorcode(0), product=0, type=0, inner code=0 [CP2PStream::CTCPStream::Disconnect_impl:1016]
2023-01-09 20:18:54.396	- Info  -	CConnectorRaw::OnEvent() state: CNTS_DISCONNECTED, error: 0, oray errorcode: 0
2023-01-09 20:18:54.396	- Info  -	[oray][erroCode] errorcode=oray_errorcode(0), product=0, type=0, inner code=0 [CConnectorRaw::OnEvent:624]
2023-01-09 20:18:54.396	- Info  -	CConnectorRaw::Stop in>
2023-01-09 20:18:54.396	- Info  -	[CUDPLibWrapper] map size: 1, value: [182.100.1.215:39107/15589-2] = 0.0.0.0:15589;

2023-01-09 20:18:54.396	- Info  -	[oray][erroCode] errorcode=oray_errorcode(0), product=0, type=0, inner code=0 [CP2PStream::CUDPStream::Disconnect_impl:1044]
2023-01-09 20:18:54.396	- Info  -	[oray][erroCode] errorcode=oray_errorcode(0), product=0, type=0, inner code=0 [CUDPLibStream::Disconnect_impl:73]
2023-01-09 20:18:54.396	- Info  -	CConnectorRaw::Stop out<
2023-01-09 20:18:54.397	- Info  -	sensors close
2023-01-09 20:18:54.403	* Error *	Plugin disconnect with error : 0
2023-01-09 20:18:54.436	- Info  -	[desktop] CRemoteDesktopPlugin::~CRemoteDesktopPlugin(void)
2023-01-09 20:18:54.463	- Info  -	CMultiChannelStreamImpl::~CMultiChannelStreamImpl
2023-01-09 20:18:54.465	- Info  -	program remote_plugin is exit 
