2023-05-23 13:06:17.725	- Info  -	version:3.2.1.40406
2023-05-23 13:06:17.740	- Info  -	DPIAwareness set 2 success.
2023-05-23 13:06:17.754	- Info  -	config path: PSA¬
2023-05-23 13:06:17.973	- Info  -	[displayclt] CDisplayClient::CDisplayClient(all)
2023-05-23 13:06:17.973	- Info  -	[desktop] CRemoteDesktopPlugin::CRemoteDesktopPlugin(all)
2023-05-23 13:06:18.017	- Info  -	sensors init with file: C:/ProgramData/Oray/SunloginClient/sensors/datas
2023-05-23 13:06:18.044	- Info  -	CMultiChannelStreamImpl::CMultiChannelStreamImpl
2023-05-23 13:06:18.047	- Info  -	CConnectorRaw::OnStreamEvent(1) state: CNTS_FORWARD, error: 0
2023-05-23 13:06:18.048	- Info  -	CConnectorRaw::OnEvent() state: CNTS_FORWARD, error: 0, oray errorcode: 0
2023-05-23 13:06:18.048	- Info  -	[oray][erroCode] errorcode=oray_errorcode(0), product=0, type=0, inner code=0 [CConnectorRaw::OnEvent:624]
2023-05-23 13:06:18.072	* Error *	sensors data send failed!
2023-05-23 13:06:18.197	- Info  -	plugin_public access_token is NULL
2023-05-23 13:06:18.276	- Info  -	attempt to connect server 1403204107.slp2p-east-std241.oray.net:443(117.68.2.50:443)
2023-05-23 13:06:18.363	- Info  -	[TCPConnector] CCurStream handle client_connect
2023-05-23 13:06:18.383	- Info  -	[MultiChannel] Forward channel shake handle 117.68.2.50:443
2023-05-23 13:06:18.384	- Info  -	CMultiChannelStreamImpl::OnConnect()
2023-05-23 13:06:18.384	- Info  -	CClientStream 117.68.2.50:443 OnConnect
2023-05-23 13:06:18.384	- Info  -	CConnectorRaw::OnEvent() state: CNTS_LOGIN, error: 0, oray errorcode: 0
2023-05-23 13:06:18.384	- Info  -	[oray][erroCode] errorcode=oray_errorcode(0), product=0, type=0, inner code=0 [CConnectorRaw::OnEvent:624]
2023-05-23 13:06:18.384	- Info  -	CConnectorRaw::OnEvent() state: CNTS_FWD_SHAKEHANDLE, error: 0, oray errorcode: 0
2023-05-23 13:06:18.384	- Info  -	[oray][erroCode] errorcode=oray_errorcode(0), product=0, type=0, inner code=0 [CConnectorRaw::OnEvent:624]
2023-05-23 13:06:18.517	- Info  -	[MultiChannel] Forward channel connected 117.68.2.50:443
2023-05-23 13:06:18.517	- Info  -	CMultiChannelStreamImpl::OnConnectEvent, status: CNTS_FWD_CONNECTED, isclosed:false, HadFwdConnected: true, HadBeenHolePunch: false
2023-05-23 13:06:18.517	- Info  -	CConnectorRaw::OnEvent() state: CNTS_FWD_CONNECTED, error: 0, oray errorcode: 0
2023-05-23 13:06:18.517	- Info  -	[oray][erroCode] errorcode=oray_errorcode(0), product=0, type=0, inner code=0 [CConnectorRaw::OnEvent:624]
2023-05-23 13:06:18.517	* Error *	CClientStream receive invalid Logon_OK_Message
2023-05-23 13:06:18.517	- Info  -	CClientStream 117.68.2.50:443 OnReceive reply 1 
2023-05-23 13:06:18.517	- Info  -	CClientStream 117.68.2.50:443 start keepalive
2023-05-23 13:06:18.517	- Info  -	CClientStream 117.68.2.50:443 login OK
2023-05-23 13:06:18.517	- Info  -	CConnectorRaw::OnEvent() state: CNTS_CONNECTED, error: 0, oray errorcode: 0
2023-05-23 13:06:18.517	- Info  -	[oray][erroCode] errorcode=oray_errorcode(0), product=0, type=0, inner code=0 [CConnectorRaw::OnEvent:624]
2023-05-23 13:06:18.517	- Info  -	CPluginThreadManager start plugin thread
2023-05-23 13:06:18.524	- Info  -	CActivePlugin prepare to init plugin
2023-05-23 13:06:18.524	- Info  -	[desktop] create drag server OK
2023-05-23 13:06:18.524	- Info  -	CActivePlugin prepare to run plugin
2023-05-23 13:06:18.525	- Info  -	[desktop] Separation message loop start.
2023-05-23 13:06:18.525	- Info  -	[desktop] sending switch desktop type message...
2023-05-23 13:06:18.526	- Info  -	[desktop] request enumerate user list.
2023-05-23 13:06:18.570	- Info  -	[desktop] receive switch host message res = 1 
2023-05-23 13:06:18.570	- Info  -	[desktop] request enum screen
2023-05-23 13:06:18.570	- Info  -	[DisplayClient] SetCompression 11/15
2023-05-23 13:06:18.570	- Info  -	[desktop] request start stream
2023-05-23 13:06:18.570	- Info  -	[desktop] SetCompressionParam: layer=1;encoding=4;format=1;reserved=0, size: 38
2023-05-23 13:06:18.617	- Info  -	[desktop] OnQueryConfigRes
2023-05-23 13:06:18.617	- Info  -	[desktop] OnQueryConfigRes
2023-05-23 13:06:18.617	- Info  -	[desktop] recv enum screen, number is 1
2023-05-23 13:06:19.131	- Info  -	SetDisplayMode() w=1440, h=900, bpp=32
2023-05-23 13:06:19.131	- Info  -	ResetBitmap width=1440, height=900, bpp=32, srcbpp=32, Size = 5184000
2023-05-23 13:06:19.131	- Info  -	[DisplayClient] recv image info, width: 1440, height: 900, bpp: 32
2023-05-23 13:06:19.131	- Info  -	[DisplayClient] OnRecvCompInfo format/quality 11/15
2023-05-23 13:06:19.132	- Info  -	[desktop][DisplayClient] recv first frame.
2023-05-23 13:06:19.139	- Info  -	[DisplayClient] recv compimage type: ID_IMAGE_RAPIDCOMP
2023-05-23 13:06:19.228	- Info  -	[vpx] open codec.
2023-05-23 13:06:19.246	* Error *	sensors data send failed!
2023-05-23 13:06:19.361	- Info  -	[desktop][DisplayClient] decode first frame end.
2023-05-23 13:06:19.364	- Info  -	[desktop] receive first frame message
2023-05-23 13:06:19.366	- Info  -	SetDisplayMode() w=1440, h=900, bpp=32
2023-05-23 13:06:19.366	- Info  -	ResetBitmap width=1440, height=900, bpp=32, srcbpp=32, Size = 5184000
2023-05-23 13:06:19.367	- Info  -	[DisplayClient] recv image info, width: 1440, height: 900, bpp: 32
2023-05-23 13:06:19.427	- Info  -	[vpx][decoder] close codec.
2023-05-23 13:06:19.448	- Info  -	[DisplayClient] OnRecvCompInfo format/quality 11/15
2023-05-23 13:06:19.449	- Info  -	[desktop][DisplayClient] recv first frame.
2023-05-23 13:06:19.457	- Info  -	[DisplayClient] recv compimage type: ID_IMAGE_RAPIDCOMP
2023-05-23 13:06:19.584	- Info  -	[vpx] open codec.
2023-05-23 13:06:19.680	- Info  -	[desktop][DisplayClient] decode first frame end.
2023-05-23 13:06:19.682	- Info  -	[desktop] receive first frame message
2023-05-23 13:06:19.693	- Info  -	[clipboard] start clipboard...
2023-05-23 13:06:19.743	- Info  -	[clipboard][converter] html format 49429
2023-05-23 13:06:19.743	- Info  -	[clipboard][converter] rtf format 49271
2023-05-23 13:06:19.743	- Info  -	[clipboard] start clipboard ok.
2023-05-23 13:06:19.743	- Info  -	[desktop] sync clipboard enable
2023-05-23 13:06:20.095	- Info  -	Init D3D2 OK
2023-05-23 13:06:20.095	- Info  -	[DesktopSurface] Use DirectX Paint mode 2
2023-05-23 13:06:20.346	- Info  -	Init D3D2 OK
2023-05-23 13:06:20.383	- Info  -	[maindialog] draw first frame end
2023-05-23 13:06:20.522	- Info  -	CMultiChannelStreamImpl::ConnectP2PServer, thread id: 13672
2023-05-23 13:06:20.523	- Info  -	[desktop] sync clipboard enable
2023-05-23 13:06:20.523	- Info  -	[http call3] new call id:1, url:https://slapi.oray.net/client/free-tips
2023-05-23 13:06:20.524	- Info  -	[http call3] new call id:2, url:https://slapi.oray.net/remote/get-network
2023-05-23 13:06:20.535	- Info  -	[http call3] id:1 create new connection : https://slapi.oray.net:443
2023-05-23 13:06:20.535	- Info  -	attempt to connect server slapi.oray.net:443(121.40.200.192:443)
2023-05-23 13:06:20.536	- Info  -	[http call3] id:2 use old connection : https://slapi.oray.net:443
2023-05-23 13:06:20.707	- Info  -	CConnectorRaw::OnStreamEvent(1) state: CNTS_P2P, error: 0
2023-05-23 13:06:20.708	- Info  -	CConnectorRaw::OnEvent() state: CNTS_P2P, error: 0, oray errorcode: 0
2023-05-23 13:06:20.708	- Info  -	[oray][erroCode] errorcode=oray_errorcode(0), product=0, type=0, inner code=0 [CConnectorRaw::OnEvent:624]
2023-05-23 13:06:20.708	- Info  -	[P2PConnector] attempt to connect server PHSRC://1403204107.slp2p-east-std241.oray.net:4118/desktop(slp2p-east-std241.oray.net:4118) 
2023-05-23 13:06:20.714	- Info  -	[http call3] id:1, url:https://slapi.oray.net/client/free-tips, status code:200
2023-05-23 13:06:20.763	- Info  -	[udp] support straight send in peer : no 117.68.2.50:4118 CConnection::OnConnectRes
2023-05-23 13:06:20.764	- Info  -	[P2PHelper] detect local ip ...
2023-05-23 13:06:20.765	- Info  -	[P2PHelper] detect local ip 172.16.77.18
2023-05-23 13:06:20.765	- Info  -	[P2PHelper] attempt to login P2P Server...
2023-05-23 13:06:20.781	- Info  -	Init D3D2 OK
2023-05-23 13:06:20.792	- Info  -	[P2PHelper] Login P2P Server OK
2023-05-23 13:06:20.792	- Info  -	[P2PHelper] OnLoginRes, receive public ip 223.82.110.30:15513
2023-05-23 13:06:20.792	- Info  -	[P2PHelper] sending P2P request ...
2023-05-23 13:06:20.801	- Info  -	[http call3] id:2, url:https://slapi.oray.net/remote/get-network, status code:200
2023-05-23 13:06:20.833	- Info  -	[P2PHelper] receive peer local ip 192.168.0.226:16033, public ip 111.78.81.31:23091
2023-05-23 13:06:20.834	- Info  -	[P2PStream] EstablishP2P local ip 223.82.110.30:15513/172.16.77.18:15513 ==> peer ip 111.78.81.31:23091/192.168.0.226:16033
2023-05-23 13:06:21.276	+Warning+	not found upnp devices on network!
2023-05-23 13:06:21.276	- Info  -	upnpnat_search_thread::ThreadLoop end
2023-05-23 13:06:21.284	- Info  -	[udpwrapper] attempt to establish P2P connection via: 117.68.2.50:4118, (local)172.16.77.18:15513|(public)223.82.110.30:15513 ==> (local)192.168.0.226:16033|(public)111.78.81.31:23091
2023-05-23 13:06:21.586	- Info  -	[drag] QueryVersionRes is true
2023-05-23 13:06:21.586	- Info  -	CClipboardRaw::OnReceiveQueryVersionRes 2
2023-05-23 13:06:21.785	+Warning+	not found upnp devices on network!
2023-05-23 13:06:21.785	+Warning+	[udpwrapper] UPNP discovery failed, 
2023-05-23 13:06:21.832	- Info  -	[udp] OnConnectAck working in advanced mode 2
2023-05-23 13:06:21.832	- Info  -	[udp] support straight send in peer : yes 111.78.81.31:23091 CConnection::OnConnectRes
2023-05-23 13:06:21.833	- Info  -	[oray][erroCode] errorcode=oray_errorcode(0), product=0, type=0, inner code=0 [CUDPLibStream::Disconnect_impl:73]
2023-05-23 13:06:21.833	- Info  -	[udp] Disconnect
2023-05-23 13:06:21.833	- Info  -	[udp] SendDisconnect
2023-05-23 13:06:21.833	- Info  -	[P2PHelper] MainServer disconnect
2023-05-23 13:06:21.833	- Info  -	[MultiChannel] P2P channel shake handle 111.78.81.31:23091
2023-05-23 13:06:21.833	- Info  -	CConnectorRaw::OnEvent() state: CNTS_P2P_SHAKEHANDLE, error: 0, oray errorcode: 0
2023-05-23 13:06:21.833	- Info  -	[oray][erroCode] errorcode=oray_errorcode(0), product=0, type=0, inner code=0 [CConnectorRaw::OnEvent:624]
2023-05-23 13:06:21.833	- Info  -	[MultiChannel] send SHAKE_HANDLES_MSG, read 612415, write 5678
2023-05-23 13:06:21.833	- Info  -	[P2PStream] connected (by udp) 0.0.0.0:15513 <--> 111.78.81.31:23091
2023-05-23 13:06:21.843	- Info  -	[MultiChannel] Received SHAKE_HANDLES_MSG, read 5646 / (local write 5678), write 612395 / (local read 612415)
2023-05-23 13:06:21.843	- Info  -	[MultiChannel] P2P channel connected 111.78.81.31:23091
2023-05-23 13:06:21.843	- Info  -	CConnectorRaw::OnEvent() state: CNTS_P2P_CONNECTED, error: 0, oray errorcode: 0
2023-05-23 13:06:21.843	- Info  -	[oray][erroCode] errorcode=oray_errorcode(0), product=0, type=0, inner code=0 [CConnectorRaw::OnEvent:624]
2023-05-23 13:06:21.857	- Info  -	[udpwrapper] disconnect reason : 2
2023-05-23 13:06:21.857	- Info  -	[oray][erroCode] errorcode=oray_errorcode(57355), product=0, type=3, inner code=11 [CUDPLibWrapper::OnDisconnect:833]
2023-05-23 13:06:21.857	- Info  -	[udpwrapper] Disconnect 117.68.2.50:4118 @ 838
2023-05-23 13:06:21.857	- Info  -	[oray][erroCode] errorcode=oray_errorcode(57355), product=0, type=3, inner code=11 [CUDPLibStream::Disconnect_impl:73]
2023-05-23 13:06:21.859	- Info  -	[MultiChannel] forward data read completed @ 462
2023-05-23 13:06:21.874	- Info  -	[MultiChannel] forward data write completed @ 216
2023-05-23 13:06:35.801	* Error *	SSLStream::IsWantReadWrite|peer(121.40.200.192:443), SSL_read failed( 6 ), error:00000000:lib(0):func(0):reason(0), file( ..\includes\common\phstream\SSLStream.cpp:1898 )
2023-05-23 13:06:35.801	- Info  -	[http call3] disconnect, error( 0 )
2023-05-23 13:06:41.598	* Error *	sensors data send failed!
2023-05-23 13:08:13.531	* Error *	sensors data send failed!
2023-05-23 13:08:13.535	- Info  -	[oray][erroCode] errorcode=oray_errorcode(0), product=0, type=0, inner code=0 [CMultiChannelStream::Disconnect_impl:254]
2023-05-23 13:08:13.535	- Info  -	[TCPConnector] CCurStream handle client_disconnect
2023-05-23 13:08:13.535	- Info  -	[oray][erroCode] errorcode=transf(0), product=0, type=0, inner code=0 [CMultiChannelStream::ForwardHandler::Handle:647]
2023-05-23 13:08:13.535	- Info  -	CConnectorRaw::OnEvent() state: CNTS_FWD_DISCONNECT, error: 0, oray errorcode: 0
2023-05-23 13:08:13.535	- Info  -	[oray][erroCode] errorcode=oray_errorcode(0), product=0, type=0, inner code=0 [CConnectorRaw::OnEvent:624]
2023-05-23 13:08:13.535	+Warning+	[MultiChannel] unbind forward stream(errorcode 0) @ 651
2023-05-23 13:08:13.535	- Info  -	[oray][erroCode] errorcode=oray_errorcode(0), product=0, type=0, inner code=0 [CP2PStream::Disconnect_impl:678]
2023-05-23 13:08:13.535	- Info  -	[oray][erroCode] errorcode=oray_errorcode(0), product=0, type=0, inner code=0 [CP2PStream::CUDPStream::Disconnect_impl:1044]
2023-05-23 13:08:13.535	- Info  -	[oray][erroCode] errorcode=oray_errorcode(0), product=0, type=0, inner code=0 [CUDPLibStream::Disconnect_impl:73]
2023-05-23 13:08:13.535	- Info  -	[udp] Disconnect
2023-05-23 13:08:13.535	- Info  -	[udp] SendDisconnect
2023-05-23 13:08:13.536	- Info  -	[MultiChannel] P2P channel disconnect 111.78.81.31:23091
2023-05-23 13:08:13.536	- Info  -	[oray][erroCode] errorcode=transf(0), product=0, type=0, inner code=0 [CMultiChannelStream::P2PHandler::Handle:834]
2023-05-23 13:08:13.536	- Info  -	[oray][erroCode] errorcode=transf(0), product=0, type=0, inner code=0 [CMultiChannelStream::HandleDisconnect:1041]
2023-05-23 13:08:13.536	- Info  -	CMultiChannelStreamImpl::OnDisconnect()
2023-05-23 13:08:13.536	- Info  -	[oray][erroCode] errorcode=oray_errorcode(0), product=0, type=0, inner code=0 [CMultiChannelStreamImpl::OnDisconnect:100]
2023-05-23 13:08:13.536	- Info  -	CClientStream 111.78.81.31:23091 OnDisconnect, errocde:0
2023-05-23 13:08:13.536	- Info  -	[oray][erroCode] errorcode=errcode(0), product=0, type=0, inner code=0 [CClientStream::OnDisconnect:104]
2023-05-23 13:08:13.536	- Info  -	OnDisconnect, error code 0
2023-05-23 13:08:13.536	- Info  -	[oray][erroCode] errorcode=errcode(0), product=0, type=0, inner code=0 [BinaryPluginStream::OnDisconnect:404]
2023-05-23 13:08:13.536	- Info  -	CPluginThreadManager stop plugin thread
2023-05-23 13:08:13.536	- Info  -	[desktop] Separation message loop stop.
2023-05-23 13:08:13.536	- Info  -	CActivePlugin prepare to exit plugin
2023-05-23 13:08:13.536	- Info  -	[desktop] RemoteDesktopPlugin::ExitInstance. >
2023-05-23 13:08:13.536	- Info  -	[clipboard] stop clipboard...
2023-05-23 13:08:13.550	- Info  -	[udpwrapper] udprelay connecting 111.78.81.31:23091 via 117.68.2.50:4118
2023-05-23 13:08:13.561	- Info  -	[clipboard] recv thread end(1).
2023-05-23 13:08:13.561	- Info  -	[clipboard] call CClipboardViewer::DestroyWnd at 190
2023-05-23 13:08:13.561	- Info  -	[clipboard] recv WM_CLOSE, end thread.
2023-05-23 13:08:13.562	- Info  -	[clipboard] Stop Clipboard ok
2023-05-23 13:08:13.584	- Info  -	[desktop] [thread] cancel.
2023-05-23 13:08:13.585	- Info  -	[desktop] RemoteDesktopPlugin::ExitInstance. <
2023-05-23 13:08:13.592	- Info  -	CConnectorRaw::OnEvent() state: CNTS_P2P_DISCONNECT, error: 0, oray errorcode: 0
2023-05-23 13:08:13.594	- Info  -	[oray][erroCode] errorcode=oray_errorcode(0), product=0, type=0, inner code=0 [CConnectorRaw::OnEvent:624]
2023-05-23 13:08:13.594	- Info  -	[oray][erroCode] errorcode=oray_errorcode(0), product=0, type=0, inner code=0 [CP2PStream::CTCPStream::Disconnect_impl:1016]
2023-05-23 13:08:13.595	- Info  -	CConnectorRaw::OnEvent() state: CNTS_DISCONNECTED, error: 0, oray errorcode: 0
2023-05-23 13:08:13.595	- Info  -	[oray][erroCode] errorcode=oray_errorcode(0), product=0, type=0, inner code=0 [CConnectorRaw::OnEvent:624]
2023-05-23 13:08:13.595	- Info  -	CConnectorRaw::Stop in>
2023-05-23 13:08:13.596	- Info  -	[CUDPLibWrapper] map size: 1, value: [111.78.81.31:23091/15513-2] = 0.0.0.0:15513;

2023-05-23 13:08:13.596	- Info  -	[oray][erroCode] errorcode=oray_errorcode(0), product=0, type=0, inner code=0 [CP2PStream::CUDPStream::Disconnect_impl:1044]
2023-05-23 13:08:13.596	- Info  -	[oray][erroCode] errorcode=oray_errorcode(0), product=0, type=0, inner code=0 [CUDPLibStream::Disconnect_impl:73]
2023-05-23 13:08:13.597	- Info  -	CConnectorRaw::Stop out<
2023-05-23 13:08:13.600	- Info  -	sensors close
2023-05-23 13:08:13.604	* Error *	Plugin disconnect with error : 0
2023-05-23 13:08:13.724	- Info  -	[desktop] CRemoteDesktopPlugin::~CRemoteDesktopPlugin(void)
2023-05-23 13:08:13.725	- Info  -	[vpx][decoder] close codec.
2023-05-23 13:08:13.783	- Info  -	CMultiChannelStreamImpl::~CMultiChannelStreamImpl
2023-05-23 13:08:13.787	- Info  -	program remote_plugin is exit 
