2023-05-06 09:14:22.338	- Info  -	version:3.2.1.40406
2023-05-06 09:14:22.341	- Info  -	DPIAwareness set 2 success.
2023-05-06 09:14:22.352	- Info  -	config path: p«l¾Å
2023-05-06 09:14:22.414	- Info  -	[displayclt] CDisplayClient::CDisplayClient(all)
2023-05-06 09:14:22.415	- Info  -	[desktop] CRemoteDesktopPlugin::CRemoteDesktopPlugin(all)
2023-05-06 09:14:22.431	- Info  -	sensors init with file: C:/ProgramData/Oray/SunloginClient/sensors/datas
2023-05-06 09:14:22.444	- Info  -	CMultiChannelStreamImpl::CMultiChannelStreamImpl
2023-05-06 09:14:22.445	- Info  -	CConnectorRaw::OnStreamEvent(1) state: CNTS_FORWARD, error: 0
2023-05-06 09:14:22.446	- Info  -	CConnectorRaw::OnEvent() state: CNTS_FORWARD, error: 0, oray errorcode: 0
2023-05-06 09:14:22.446	- Info  -	[oray][erroCode] errorcode=oray_errorcode(0), product=0, type=0, inner code=0 [CConnectorRaw::OnEvent:624]
2023-05-06 09:14:22.454	* Error *	sensors data send failed!
2023-05-06 09:14:22.548	- Info  -	attempt to connect server 1350891132.slp2p-east-std204.oray.net:443(122.246.13.83:443)
2023-05-06 09:14:22.550	- Info  -	plugin_public access_token is NULL
2023-05-06 09:14:22.682	- Info  -	[TCPConnector] CCurStream handle client_connect
2023-05-06 09:14:22.719	- Info  -	[MultiChannel] Forward channel shake handle 122.246.13.83:443
2023-05-06 09:14:22.719	- Info  -	CMultiChannelStreamImpl::OnConnect()
2023-05-06 09:14:22.720	- Info  -	CClientStream 122.246.13.83:443 OnConnect
2023-05-06 09:14:22.729	- Info  -	CConnectorRaw::OnEvent() state: CNTS_LOGIN, error: 0, oray errorcode: 0
2023-05-06 09:14:22.729	- Info  -	[oray][erroCode] errorcode=oray_errorcode(0), product=0, type=0, inner code=0 [CConnectorRaw::OnEvent:624]
2023-05-06 09:14:22.730	- Info  -	CConnectorRaw::OnEvent() state: CNTS_FWD_SHAKEHANDLE, error: 0, oray errorcode: 0
2023-05-06 09:14:22.730	- Info  -	[oray][erroCode] errorcode=oray_errorcode(0), product=0, type=0, inner code=0 [CConnectorRaw::OnEvent:624]
2023-05-06 09:14:22.902	- Info  -	[MultiChannel] Forward channel connected 122.246.13.83:443
2023-05-06 09:14:22.902	- Info  -	CMultiChannelStreamImpl::OnConnectEvent, status: CNTS_FWD_CONNECTED, isclosed:false, HadFwdConnected: true, HadBeenHolePunch: false
2023-05-06 09:14:22.903	- Info  -	CConnectorRaw::OnEvent() state: CNTS_FWD_CONNECTED, error: 0, oray errorcode: 0
2023-05-06 09:14:22.903	- Info  -	[oray][erroCode] errorcode=oray_errorcode(0), product=0, type=0, inner code=0 [CConnectorRaw::OnEvent:624]
2023-05-06 09:14:22.903	- Info  -	CClientStream 122.246.13.83:443 OnReceive reply 1 
2023-05-06 09:14:22.903	- Info  -	CClientStream 122.246.13.83:443 start keepalive
2023-05-06 09:14:22.903	- Info  -	CClientStream 122.246.13.83:443 login OK
2023-05-06 09:14:22.903	- Info  -	CConnectorRaw::OnEvent() state: CNTS_CONNECTED, error: 0, oray errorcode: 0
2023-05-06 09:14:22.903	- Info  -	[oray][erroCode] errorcode=oray_errorcode(0), product=0, type=0, inner code=0 [CConnectorRaw::OnEvent:624]
2023-05-06 09:14:22.903	- Info  -	CPluginThreadManager start plugin thread
2023-05-06 09:14:22.903	- Info  -	CActivePlugin prepare to init plugin
2023-05-06 09:14:22.903	- Info  -	[desktop] create drag server OK
2023-05-06 09:14:22.903	- Info  -	CActivePlugin prepare to run plugin
2023-05-06 09:14:22.904	- Info  -	[desktop] sending switch desktop type message...
2023-05-06 09:14:22.904	- Info  -	[desktop] request enumerate user list.
2023-05-06 09:14:22.910	- Info  -	[desktop] Separation message loop start.
2023-05-06 09:14:22.911	- Info  -	[desktop] receive enumerate user respond
2023-05-06 09:14:22.911	- Info  -	[desktop] request switch user host message...
2023-05-06 09:14:23.181	- Info  -	[desktop] receive switch host message res = 1 
2023-05-06 09:14:23.181	- Info  -	[desktop] request enum screen
2023-05-06 09:14:23.181	- Info  -	[DisplayClient] SetCompression 11/15
2023-05-06 09:14:23.182	- Info  -	[desktop] request start stream
2023-05-06 09:14:23.182	- Info  -	[desktop] SetCompressionParam: layer=1;encoding=4;format=1;reserved=0, size: 38
2023-05-06 09:14:23.230	- Info  -	[desktop] OnQueryConfigRes
2023-05-06 09:14:23.230	- Info  -	[desktop] OnQueryConfigRes
2023-05-06 09:14:23.230	- Info  -	[desktop] recv enum screen, number is 1
2023-05-06 09:14:23.464	- Info  -	SetDisplayMode() w=1366, h=768, bpp=32
2023-05-06 09:14:23.464	- Info  -	ResetBitmap width=1366, height=768, bpp=32, srcbpp=32, Size = 4196352
2023-05-06 09:14:23.464	- Info  -	[DisplayClient] recv image info, width: 1366, height: 768, bpp: 32
2023-05-06 09:14:23.464	- Info  -	[DisplayClient] OnRecvCompInfo format/quality 11/15
2023-05-06 09:14:23.464	- Info  -	[desktop][DisplayClient] recv first frame.
2023-05-06 09:14:23.472	- Info  -	[DisplayClient] recv compimage type: ID_IMAGE_RAPIDCOMP
2023-05-06 09:14:23.522	* Error *	sensors data send failed!
2023-05-06 09:14:23.553	- Info  -	[vpx] open h264 codec
2023-05-06 09:14:23.555	- Info  -	[vpx] close h264 codec
2023-05-06 09:14:23.556	- Info  -	[vpx] open h264 codec
2023-05-06 09:14:23.594	- Info  -	[desktop][DisplayClient] decode first frame end.
2023-05-06 09:14:23.595	- Info  -	[desktop] receive first frame message
2023-05-06 09:14:23.699	- Info  -	[clipboard] start clipboard...
2023-05-06 09:14:23.796	- Info  -	[clipboard][converter] html format 49428
2023-05-06 09:14:23.796	- Info  -	[clipboard][converter] rtf format 49271
2023-05-06 09:14:23.797	- Info  -	[clipboard] start clipboard ok.
2023-05-06 09:14:23.797	- Info  -	[desktop] sync clipboard enable
2023-05-06 09:14:23.997	- Info  -	Init D3D2 OK
2023-05-06 09:14:23.998	- Info  -	[DesktopSurface] Use DirectX Paint mode 2
2023-05-06 09:14:24.056	- Info  -	Init D3D2 OK
2023-05-06 09:14:24.083	- Info  -	[maindialog] draw first frame end
2023-05-06 09:14:24.147	- Info  -	[desktop] sync clipboard enable
2023-05-06 09:14:24.147	- Info  -	[http call3] new call id:1, url:https://slapi.oray.net/client/free-tips
2023-05-06 09:14:24.148	- Info  -	[http call3] new call id:2, url:https://slapi.oray.net/remote/get-network
2023-05-06 09:14:24.149	- Info  -	[http call3] id:1 create new connection : https://slapi.oray.net:443
2023-05-06 09:14:24.160	- Info  -	attempt to connect server slapi.oray.net:443(121.40.200.192:443)
2023-05-06 09:14:24.161	- Info  -	[http call3] id:2 use old connection : https://slapi.oray.net:443
2023-05-06 09:14:24.211	- Info  -	Init D3D2 OK
2023-05-06 09:14:24.362	- Info  -	[http call3] id:1, url:https://slapi.oray.net/client/free-tips, status code:200
2023-05-06 09:14:24.451	- Info  -	[http call3] id:2, url:https://slapi.oray.net/remote/get-network, status code:200
2023-05-06 09:14:24.890	- Info  -	CMultiChannelStreamImpl::ConnectP2PServer, thread id: 9180
2023-05-06 09:14:24.959	- Info  -	CConnectorRaw::OnStreamEvent(1) state: CNTS_P2P, error: 0
2023-05-06 09:14:24.959	- Info  -	CConnectorRaw::OnEvent() state: CNTS_P2P, error: 0, oray errorcode: 0
2023-05-06 09:14:24.959	- Info  -	[oray][erroCode] errorcode=oray_errorcode(0), product=0, type=0, inner code=0 [CConnectorRaw::OnEvent:624]
2023-05-06 09:14:24.959	- Info  -	[P2PConnector] attempt to connect server PHSRC://1350891132.slp2p-east-std204.oray.net:4118/desktop(slp2p-east-std204.oray.net:4118) 
2023-05-06 09:14:25.084	- Info  -	[udp] support straight send in peer : no 122.246.13.83:4118 CConnection::OnConnectRes
2023-05-06 09:14:25.084	- Info  -	[P2PHelper] detect local ip ...
2023-05-06 09:14:25.085	- Info  -	[P2PHelper] detect local ip 172.16.76.4
2023-05-06 09:14:25.085	- Info  -	[P2PHelper] attempt to login P2P Server...
2023-05-06 09:14:25.121	- Info  -	[P2PHelper] Login P2P Server OK
2023-05-06 09:14:25.124	- Info  -	[P2PHelper] OnLoginRes, receive public ip 223.82.110.30:15708
2023-05-06 09:14:25.124	- Info  -	[P2PHelper] sending P2P request ...
2023-05-06 09:14:25.170	- Info  -	[P2PHelper] receive peer local ip 10.20.27.3:15861, public ip 182.110.29.39:6631
2023-05-06 09:14:25.170	- Info  -	[P2PStream] EstablishP2P local ip 223.82.110.30:15708/172.16.76.4:15708 ==> peer ip 182.110.29.39:6631/10.20.27.3:15861
2023-05-06 09:14:25.586	+Warning+	not found upnp devices on network!
2023-05-06 09:14:25.586	- Info  -	upnpnat_search_thread::ThreadLoop end
2023-05-06 09:14:25.590	- Info  -	[udpwrapper] attempt to establish P2P connection via: (null), (local)172.16.76.4:15708|(public)223.82.110.30:15708 ==> (local)10.20.27.3:15861|(public)182.110.29.39:6631
2023-05-06 09:14:26.092	+Warning+	not found upnp devices on network!
2023-05-06 09:14:26.092	+Warning+	[udpwrapper] UPNP discovery failed, 
2023-05-06 09:14:26.095	- Info  -	[drag] QueryVersionRes is true
2023-05-06 09:14:26.113	- Info  -	CClipboardRaw::OnReceiveQueryVersionRes 2
2023-05-06 09:14:26.124	- Info  -	[udp] OnConnectAck working in advanced mode 2
2023-05-06 09:14:26.124	- Info  -	[udp] support straight send in peer : no 182.110.29.39:6631 CConnection::OnConnectRes
2023-05-06 09:14:26.125	- Info  -	[oray][erroCode] errorcode=oray_errorcode(0), product=0, type=0, inner code=0 [CUDPLibStream::Disconnect_impl:73]
2023-05-06 09:14:26.125	- Info  -	[udp] Disconnect
2023-05-06 09:14:26.125	- Info  -	[udp] SendDisconnect
2023-05-06 09:14:26.125	- Info  -	[P2PHelper] MainServer disconnect
2023-05-06 09:14:26.125	- Info  -	[MultiChannel] P2P channel shake handle 182.110.29.39:6631
2023-05-06 09:14:26.125	- Info  -	CConnectorRaw::OnEvent() state: CNTS_P2P_SHAKEHANDLE, error: 0, oray errorcode: 0
2023-05-06 09:14:26.125	- Info  -	[oray][erroCode] errorcode=oray_errorcode(0), product=0, type=0, inner code=0 [CConnectorRaw::OnEvent:624]
2023-05-06 09:14:26.125	- Info  -	[MultiChannel] send SHAKE_HANDLES_MSG, read 270038, write 9718
2023-05-06 09:14:26.125	- Info  -	[P2PStream] connected (by udp) 0.0.0.0:15708 <--> 182.110.29.39:6631
2023-05-06 09:14:26.131	- Info  -	write data when p2p state is SHAKE_HANDLES @ 137
2023-05-06 09:14:26.142	- Info  -	[MultiChannel] Received SHAKE_HANDLES_MSG, read 9686 / (local write 9718), write 270082 / (local read 270038)
2023-05-06 09:14:26.142	- Info  -	[MultiChannel] P2P channel connected 182.110.29.39:6631
2023-05-06 09:14:26.142	- Info  -	CConnectorRaw::OnEvent() state: CNTS_P2P_CONNECTED, error: 0, oray errorcode: 0
2023-05-06 09:14:26.142	- Info  -	[oray][erroCode] errorcode=oray_errorcode(0), product=0, type=0, inner code=0 [CConnectorRaw::OnEvent:624]
2023-05-06 09:14:26.142	- Info  -	[MultiChannel] forward stream read data(size:44, 44, left:44) when p2p state is CONNECTED @ 445
2023-05-06 09:14:26.142	- Info  -	[MultiChannel] forward data read completed @ 462
2023-05-06 09:14:26.142	- Info  -	[MultiChannel] forward data write completed @ 216
2023-05-06 09:14:26.155	- Info  -	[udpwrapper] disconnect reason : 1
2023-05-06 09:14:26.155	- Info  -	[oray][erroCode] errorcode=oray_errorcode(57354), product=0, type=3, inner code=10 [CUDPLibWrapper::OnDisconnect:833]
2023-05-06 09:14:26.155	- Info  -	[udpwrapper] Disconnect 122.246.13.83:4118 @ 838
2023-05-06 09:14:26.155	- Info  -	[oray][erroCode] errorcode=oray_errorcode(57354), product=0, type=3, inner code=10 [CUDPLibStream::Disconnect_impl:73]
2023-05-06 09:14:26.180	- Info  -	[udpwrapper] receive p2p hello message from 182.110.29.39:6631, stop hole punch thread @1325
2023-05-06 09:14:26.180	+Warning+	[udpwrapper] stream has disconnect @ 1406
2023-05-06 09:14:29.043	* Error *	sensors data send failed!
2023-05-06 09:14:32.764	* Error *	sensors data send failed!
2023-05-06 09:14:34.866	- Info  -	Init D3D2 OK
2023-05-06 09:14:34.890	* Error *	sensors data send failed!
2023-05-06 09:14:36.736	* Error *	sensors data send failed!
2023-05-06 09:14:39.461	* Error *	SSLStream::IsWantReadWrite|peer(121.40.200.192:443), SSL_read failed( 6 ), error:00000000:lib(0):func(0):reason(0), file( ..\includes\common\phstream\SSLStream.cpp:1898 )
2023-05-06 09:14:39.461	- Info  -	[http call3] disconnect, error( 0 )
2023-05-06 09:16:48.846	- Info  -	recv [000] file:D:\star\geek\geek.exe, format:file
2023-05-06 09:16:48.893	- Info  -	[drag] QueryVersionRes is true
2023-05-06 09:16:49.178	- Info  -	recv [000] file:D:\star\geek\geek.exe, format:file
2023-05-06 09:16:49.354	- Info  -	[desktop]Recv drag file transfer, size 6632744
2023-05-06 09:16:49.354	- Info  -	[drag] DragDrop is true
2023-05-06 09:19:13.398	+Warning+	[BinaryPluginStream] rate reader pending data size 269986 exceed 262144
2023-05-06 09:19:13.412	+Warning+	[BinaryPluginStream] rate reader data all clear
2023-05-06 09:28:10.229	* Error *	sensors data send failed!
2023-05-06 09:28:10.231	- Info  -	[oray][erroCode] errorcode=oray_errorcode(0), product=0, type=0, inner code=0 [CMultiChannelStream::Disconnect_impl:254]
2023-05-06 09:28:10.232	- Info  -	[desktop] Separation message loop stop.
2023-05-06 09:28:10.232	* Error *	[desktop] Send2StreamRaw fail, type: 1/19 .
2023-05-06 09:28:10.232	* Error *	[oray][erroCode] errorcode=ORAY_ERROR_CTRLDESKTOP_SEND_DATA_FAILED(134275079), product=2, type=3, inner code=7 [CRemoteDesktopPlugin::SendThreadLoop:871]
2023-05-06 09:28:10.232	- Info  -	[TCPConnector] CCurStream handle client_disconnect
2023-05-06 09:28:10.232	- Info  -	[oray][erroCode] errorcode=transf(0), product=0, type=0, inner code=0 [CMultiChannelStream::ForwardHandler::Handle:647]
2023-05-06 09:28:10.232	- Info  -	CConnectorRaw::OnEvent() state: CNTS_FWD_DISCONNECT, error: 0, oray errorcode: 0
2023-05-06 09:28:10.232	- Info  -	[oray][erroCode] errorcode=oray_errorcode(0), product=0, type=0, inner code=0 [CConnectorRaw::OnEvent:624]
2023-05-06 09:28:10.232	+Warning+	[MultiChannel] unbind forward stream(errorcode 0) @ 651
2023-05-06 09:28:10.232	- Info  -	[oray][erroCode] errorcode=oray_errorcode(0), product=0, type=0, inner code=0 [CP2PStream::Disconnect_impl:678]
2023-05-06 09:28:10.232	- Info  -	[oray][erroCode] errorcode=oray_errorcode(0), product=0, type=0, inner code=0 [CP2PStream::CUDPStream::Disconnect_impl:1044]
2023-05-06 09:28:10.232	- Info  -	[oray][erroCode] errorcode=oray_errorcode(0), product=0, type=0, inner code=0 [CUDPLibStream::Disconnect_impl:73]
2023-05-06 09:28:10.232	- Info  -	[udp] Disconnect
2023-05-06 09:28:10.232	- Info  -	[udp] SendDisconnect
2023-05-06 09:28:10.233	- Info  -	[MultiChannel] P2P channel disconnect 182.110.29.39:6631
2023-05-06 09:28:10.233	- Info  -	[oray][erroCode] errorcode=transf(0), product=0, type=0, inner code=0 [CMultiChannelStream::P2PHandler::Handle:834]
2023-05-06 09:28:10.233	- Info  -	[oray][erroCode] errorcode=transf(0), product=0, type=0, inner code=0 [CMultiChannelStream::HandleDisconnect:1041]
2023-05-06 09:28:10.233	- Info  -	CMultiChannelStreamImpl::OnDisconnect()
2023-05-06 09:28:10.233	- Info  -	[oray][erroCode] errorcode=oray_errorcode(0), product=0, type=0, inner code=0 [CMultiChannelStreamImpl::OnDisconnect:100]
2023-05-06 09:28:10.233	- Info  -	CClientStream 182.110.29.39:6631 OnDisconnect, errocde:0
2023-05-06 09:28:10.233	- Info  -	[oray][erroCode] errorcode=errcode(0), product=0, type=0, inner code=0 [CClientStream::OnDisconnect:104]
2023-05-06 09:28:10.233	- Info  -	OnDisconnect, error code 0
2023-05-06 09:28:10.233	- Info  -	[oray][erroCode] errorcode=errcode(0), product=0, type=0, inner code=0 [BinaryPluginStream::OnDisconnect:404]
2023-05-06 09:28:10.233	- Info  -	CPluginThreadManager stop plugin thread
2023-05-06 09:28:10.233	- Info  -	CActivePlugin prepare to exit plugin
2023-05-06 09:28:10.233	- Info  -	[desktop] RemoteDesktopPlugin::ExitInstance. >
2023-05-06 09:28:10.233	- Info  -	[clipboard] stop clipboard...
2023-05-06 09:28:10.234	- Info  -	[clipboard] recv thread end(1).
2023-05-06 09:28:10.235	- Info  -	[clipboard] call CClipboardViewer::DestroyWnd at 190
2023-05-06 09:28:10.235	- Info  -	[clipboard] recv WM_CLOSE, end thread.
2023-05-06 09:28:10.236	- Info  -	[clipboard] Stop Clipboard ok
2023-05-06 09:28:10.251	- Info  -	[udpwrapper] disconnect reason : 1
2023-05-06 09:28:10.251	- Info  -	[oray][erroCode] errorcode=oray_errorcode(57354), product=0, type=3, inner code=10 [CUDPLibWrapper::OnDisconnect:833]
2023-05-06 09:28:10.251	- Info  -	[udpwrapper] Disconnect 182.110.29.39:6631 @ 838
2023-05-06 09:28:10.251	- Info  -	[oray][erroCode] errorcode=oray_errorcode(57354), product=0, type=3, inner code=10 [CP2PStream::CUDPStream::Disconnect_impl:1044]
2023-05-06 09:28:10.251	- Info  -	[oray][erroCode] errorcode=oray_errorcode(57354), product=0, type=3, inner code=10 [CUDPLibStream::Disconnect_impl:73]
2023-05-06 09:28:10.267	- Info  -	[desktop] [thread] cancel.
2023-05-06 09:28:10.267	- Info  -	[desktop] RemoteDesktopPlugin::ExitInstance. <
2023-05-06 09:28:10.268	- Info  -	CConnectorRaw::OnEvent() state: CNTS_P2P_DISCONNECT, error: 0, oray errorcode: 0
2023-05-06 09:28:10.268	- Info  -	[oray][erroCode] errorcode=oray_errorcode(0), product=0, type=0, inner code=0 [CConnectorRaw::OnEvent:624]
2023-05-06 09:28:10.268	- Info  -	[oray][erroCode] errorcode=oray_errorcode(0), product=0, type=0, inner code=0 [CP2PStream::CTCPStream::Disconnect_impl:1016]
2023-05-06 09:28:10.270	- Info  -	CConnectorRaw::OnEvent() state: CNTS_DISCONNECTED, error: 0, oray errorcode: 0
2023-05-06 09:28:10.271	- Info  -	[oray][erroCode] errorcode=oray_errorcode(0), product=0, type=0, inner code=0 [CConnectorRaw::OnEvent:624]
2023-05-06 09:28:10.271	- Info  -	CConnectorRaw::Stop in>
2023-05-06 09:28:10.271	- Info  -	[CUDPLibWrapper] map size: 0, value: 
2023-05-06 09:28:10.277	- Info  -	CConnectorRaw::Stop out<
2023-05-06 09:28:10.281	* Error *	Plugin disconnect with error : 0
2023-05-06 09:28:10.281	- Info  -	sensors close
2023-05-06 09:28:10.318	- Info  -	[desktop] CRemoteDesktopPlugin::~CRemoteDesktopPlugin(void)
2023-05-06 09:28:10.319	- Info  -	[vpx] close h264 codec
2023-05-06 09:28:10.706	- Info  -	CMultiChannelStreamImpl::~CMultiChannelStreamImpl
2023-05-06 09:28:10.708	- Info  -	program remote_plugin is exit 
