2023-04-27 16:43:15.682	- Info  -	version:3.2.1.40406
2023-04-27 16:43:15.685	- Info  -	DPIAwareness set 2 success.
2023-04-27 16:43:15.692	- Info  -	config path: ð‡Ã	J
2023-04-27 16:43:15.750	- Info  -	[displayclt] CDisplayClient::CDisplayClient(all)
2023-04-27 16:43:15.750	- Info  -	[desktop] CRemoteDesktopPlugin::CRemoteDesktopPlugin(all)
2023-04-27 16:43:15.757	- Info  -	sensors init with file: C:/ProgramData/Oray/SunloginClient/sensors/datas
2023-04-27 16:43:15.774	* Error *	sensors data send failed!
2023-04-27 16:43:15.774	- Info  -	CMultiChannelStreamImpl::CMultiChannelStreamImpl
2023-04-27 16:43:15.775	- Info  -	CConnectorRaw::OnStreamEvent(1) state: CNTS_FORWARD, error: 0
2023-04-27 16:43:15.776	- Info  -	CConnectorRaw::OnEvent() state: CNTS_FORWARD, error: 0, oray errorcode: 0
2023-04-27 16:43:15.776	- Info  -	[oray][erroCode] errorcode=oray_errorcode(0), product=0, type=0, inner code=0 [CConnectorRaw::OnEvent:624]
2023-04-27 16:43:15.867	- Info  -	attempt to connect server 822086652.slp2p-east-std249.oray.net:443(117.68.2.19:443)
2023-04-27 16:43:15.870	- Info  -	plugin_public access_token is NULL
2023-04-27 16:43:15.955	- Info  -	[TCPConnector] CCurStream handle client_connect
2023-04-27 16:43:15.976	- Info  -	[MultiChannel] Forward channel shake handle 117.68.2.19:443
2023-04-27 16:43:15.976	- Info  -	CMultiChannelStreamImpl::OnConnect()
2023-04-27 16:43:15.976	- Info  -	CClientStream 117.68.2.19:443 OnConnect
2023-04-27 16:43:15.976	- Info  -	CConnectorRaw::OnEvent() state: CNTS_LOGIN, error: 0, oray errorcode: 0
2023-04-27 16:43:15.976	- Info  -	[oray][erroCode] errorcode=oray_errorcode(0), product=0, type=0, inner code=0 [CConnectorRaw::OnEvent:624]
2023-04-27 16:43:15.979	- Info  -	CConnectorRaw::OnEvent() state: CNTS_FWD_SHAKEHANDLE, error: 0, oray errorcode: 0
2023-04-27 16:43:15.979	- Info  -	[oray][erroCode] errorcode=oray_errorcode(0), product=0, type=0, inner code=0 [CConnectorRaw::OnEvent:624]
2023-04-27 16:43:16.136	- Info  -	[MultiChannel] Forward channel connected 117.68.2.19:443
2023-04-27 16:43:16.136	- Info  -	CMultiChannelStreamImpl::OnConnectEvent, status: CNTS_FWD_CONNECTED, isclosed:false, HadFwdConnected: true, HadBeenHolePunch: false
2023-04-27 16:43:16.136	- Info  -	CConnectorRaw::OnEvent() state: CNTS_FWD_CONNECTED, error: 0, oray errorcode: 0
2023-04-27 16:43:16.136	- Info  -	[oray][erroCode] errorcode=oray_errorcode(0), product=0, type=0, inner code=0 [CConnectorRaw::OnEvent:624]
2023-04-27 16:43:16.136	- Info  -	CClientStream 117.68.2.19:443 OnReceive reply 1 
2023-04-27 16:43:16.136	- Info  -	CClientStream 117.68.2.19:443 start keepalive
2023-04-27 16:43:16.136	- Info  -	CClientStream 117.68.2.19:443 login OK
2023-04-27 16:43:16.136	- Info  -	CConnectorRaw::OnEvent() state: CNTS_CONNECTED, error: 0, oray errorcode: 0
2023-04-27 16:43:16.136	- Info  -	[oray][erroCode] errorcode=oray_errorcode(0), product=0, type=0, inner code=0 [CConnectorRaw::OnEvent:624]
2023-04-27 16:43:16.136	- Info  -	CPluginThreadManager start plugin thread
2023-04-27 16:43:16.142	- Info  -	CActivePlugin prepare to init plugin
2023-04-27 16:43:16.142	- Info  -	[desktop] create drag server OK
2023-04-27 16:43:16.142	- Info  -	CActivePlugin prepare to run plugin
2023-04-27 16:43:16.143	- Info  -	[desktop] sending switch desktop type message...
2023-04-27 16:43:16.145	- Info  -	[desktop] request enumerate user list.
2023-04-27 16:43:16.148	- Info  -	[desktop] Separation message loop start.
2023-04-27 16:43:16.148	- Info  -	[desktop] receive enumerate user respond
2023-04-27 16:43:16.148	- Info  -	[desktop] request switch user host message...
2023-04-27 16:43:16.580	* Error *	sensors data send failed!
2023-04-27 16:43:17.007	- Info  -	[desktop] receive switch host message res = 1 
2023-04-27 16:43:17.007	- Info  -	[desktop] request enum screen
2023-04-27 16:43:17.007	- Info  -	[DisplayClient] SetCompression 11/15
2023-04-27 16:43:17.007	- Info  -	[desktop] request start stream
2023-04-27 16:43:17.007	- Info  -	[desktop] SetCompressionParam: layer=1;encoding=4;format=1;reserved=0, size: 38
2023-04-27 16:43:17.047	- Info  -	[desktop] OnQueryConfigRes
2023-04-27 16:43:17.047	- Info  -	[desktop] OnQueryConfigRes
2023-04-27 16:43:17.047	- Info  -	[desktop] recv enum screen, number is 1
2023-04-27 16:43:18.025	- Info  -	SetDisplayMode() w=1440, h=900, bpp=32
2023-04-27 16:43:18.025	- Info  -	ResetBitmap width=1440, height=900, bpp=32, srcbpp=32, Size = 5184000
2023-04-27 16:43:18.025	- Info  -	[DisplayClient] recv image info, width: 1440, height: 900, bpp: 32
2023-04-27 16:43:18.025	- Info  -	[DisplayClient] OnRecvCompInfo format/quality 11/15
2023-04-27 16:43:18.026	- Info  -	[desktop][DisplayClient] recv first frame.
2023-04-27 16:43:18.032	- Info  -	[DisplayClient] recv compimage type: ID_IMAGE_RAPIDCOMP
2023-04-27 16:43:18.097	- Info  -	[vpx] open codec.
2023-04-27 16:43:18.128	- Info  -	CMultiChannelStreamImpl::ConnectP2PServer, thread id: 9976
2023-04-27 16:43:18.143	- Info  -	CConnectorRaw::OnStreamEvent(1) state: CNTS_P2P, error: 0
2023-04-27 16:43:18.143	- Info  -	CConnectorRaw::OnEvent() state: CNTS_P2P, error: 0, oray errorcode: 0
2023-04-27 16:43:18.143	- Info  -	[oray][erroCode] errorcode=oray_errorcode(0), product=0, type=0, inner code=0 [CConnectorRaw::OnEvent:624]
2023-04-27 16:43:18.143	- Info  -	[P2PConnector] attempt to connect server PHSRC://822086652.slp2p-east-std249.oray.net:4118/desktop(slp2p-east-std249.oray.net:4118) 
2023-04-27 16:43:18.198	- Info  -	[desktop][DisplayClient] decode first frame end.
2023-04-27 16:43:18.200	- Info  -	[desktop] receive first frame message
2023-04-27 16:43:18.200	- Info  -	[clipboard] start clipboard...
2023-04-27 16:43:18.201	- Info  -	SetDisplayMode() w=1440, h=900, bpp=32
2023-04-27 16:43:18.202	- Info  -	ResetBitmap width=1440, height=900, bpp=32, srcbpp=32, Size = 5184000
2023-04-27 16:43:18.203	- Info  -	[DisplayClient] recv image info, width: 1440, height: 900, bpp: 32
2023-04-27 16:43:18.223	- Info  -	[clipboard][converter] html format 49429
2023-04-27 16:43:18.223	- Info  -	[clipboard][converter] rtf format 49289
2023-04-27 16:43:18.224	- Info  -	[clipboard] start clipboard ok.
2023-04-27 16:43:18.224	- Info  -	[desktop] sync clipboard enable
2023-04-27 16:43:18.238	- Info  -	[udp] support straight send in peer : no 117.68.2.19:4118 CConnection::OnConnectRes
2023-04-27 16:43:18.239	- Info  -	[P2PHelper] detect local ip ...
2023-04-27 16:43:18.239	- Info  -	[P2PHelper] detect local ip 172.16.76.35
2023-04-27 16:43:18.239	- Info  -	[P2PHelper] attempt to login P2P Server...
2023-04-27 16:43:18.256	- Info  -	[vpx][decoder] close codec.
2023-04-27 16:43:18.270	- Info  -	[P2PHelper] Login P2P Server OK
2023-04-27 16:43:18.270	- Info  -	[P2PHelper] OnLoginRes, receive public ip 223.82.110.30:15895
2023-04-27 16:43:18.270	- Info  -	[P2PHelper] sending P2P request ...
2023-04-27 16:43:18.278	- Info  -	[DisplayClient] OnRecvCompInfo format/quality 11/15
2023-04-27 16:43:18.279	- Info  -	[desktop][DisplayClient] recv first frame.
2023-04-27 16:43:18.286	- Info  -	[DisplayClient] recv compimage type: ID_IMAGE_RAPIDCOMP
2023-04-27 16:43:18.316	- Info  -	[P2PHelper] receive peer local ip 192.168.1.43:15506, public ip 182.101.30.100:19550
2023-04-27 16:43:18.317	- Info  -	[P2PStream] EstablishP2P local ip 223.82.110.30:15895/172.16.76.35:15895 ==> peer ip 182.101.30.100:19550/192.168.1.43:15506
2023-04-27 16:43:18.369	- Info  -	[vpx] open codec.
2023-04-27 16:43:18.384	- Info  -	Init D3D2 OK
2023-04-27 16:43:18.384	- Info  -	[DesktopSurface] Use DirectX Paint mode 2
2023-04-27 16:43:18.427	- Info  -	Init D3D2 OK
2023-04-27 16:43:18.459	- Info  -	[maindialog] draw first frame end
2023-04-27 16:43:18.464	- Info  -	[desktop][DisplayClient] decode first frame end.
2023-04-27 16:43:18.466	- Info  -	[desktop] receive first frame message
2023-04-27 16:43:18.471	- Info  -	CClipboardRaw::OnReceiveQueryVersionReq 2
2023-04-27 16:43:18.473	- Info  -	CClipboardRaw::OnReceiveQueryVersionReq 2
2023-04-27 16:43:18.475	- Info  -	[desktop] sync clipboard enable
2023-04-27 16:43:18.475	- Info  -	[http call3] new call id:1, url:https://slapi.oray.net/client/free-tips
2023-04-27 16:43:18.477	- Info  -	[http call3] new call id:2, url:https://slapi.oray.net/remote/get-network
2023-04-27 16:43:18.504	- Info  -	[http call3] id:1 create new connection : https://slapi.oray.net:443
2023-04-27 16:43:18.506	- Info  -	attempt to connect server slapi.oray.net:443(121.40.99.129:443)
2023-04-27 16:43:18.506	- Info  -	[http call3] id:2 use old connection : https://slapi.oray.net:443
2023-04-27 16:43:18.544	- Info  -	[maindialog] draw first frame end
2023-04-27 16:43:18.708	- Info  -	[http call3] id:1, url:https://slapi.oray.net/client/free-tips, status code:200
2023-04-27 16:43:18.744	+Warning+	not found upnp devices on network!
2023-04-27 16:43:18.744	- Info  -	upnpnat_search_thread::ThreadLoop end
2023-04-27 16:43:18.746	- Info  -	[udpwrapper] attempt to establish P2P connection via: 117.68.2.19:4118, (local)172.16.76.35:15895|(public)223.82.110.30:15895 ==> (local)192.168.1.43:15506|(public)182.101.30.100:19550
2023-04-27 16:43:18.776	- Info  -	[http call3] id:2, url:https://slapi.oray.net/remote/get-network, status code:200
2023-04-27 16:43:19.248	+Warning+	not found upnp devices on network!
2023-04-27 16:43:19.248	+Warning+	[udpwrapper] UPNP discovery failed, 
2023-04-27 16:43:19.258	- Info  -	[drag] QueryVersionRes is true
2023-04-27 16:43:19.258	- Info  -	CClipboardRaw::OnReceiveQueryVersionRes 2
2023-04-27 16:43:26.031	- Info  -	Init D3D2 OK
2023-04-27 16:43:29.255	+Warning+	[udpstack] connect timeout, state: 5, time interval: 10000, 930206546, 930196531, 10015
2023-04-27 16:43:29.255	- Info  -	[udpwrapper] udprelay connecting 182.101.30.100:19550 via 117.68.2.19:4118
2023-04-27 16:43:29.355	- Info  -	[udp] OnConnectAck working in advanced mode 2
2023-04-27 16:43:29.356	- Info  -	[udp] support straight send in peer : yes 117.68.2.19:4118 CConnection::OnConnectRes
2023-04-27 16:43:29.356	- Info  -	[oray][erroCode] errorcode=oray_errorcode(0), product=0, type=0, inner code=0 [CUDPLibStream::Disconnect_impl:73]
2023-04-27 16:43:29.356	- Info  -	[udp] Disconnect
2023-04-27 16:43:29.356	- Info  -	[udp] SendDisconnect
2023-04-27 16:43:29.356	- Info  -	[P2PHelper] MainServer disconnect
2023-04-27 16:43:29.356	- Info  -	[MultiChannel] P2P channel shake handle 182.101.30.100:4118
2023-04-27 16:43:29.356	- Info  -	CConnectorRaw::OnEvent() state: CNTS_P2P_SHAKEHANDLE, error: 0, oray errorcode: 0
2023-04-27 16:43:29.356	- Info  -	[oray][erroCode] errorcode=oray_errorcode(0), product=0, type=0, inner code=0 [CConnectorRaw::OnEvent:624]
2023-04-27 16:43:29.356	- Info  -	[MultiChannel] send SHAKE_HANDLES_MSG, read 610774, write 18392
2023-04-27 16:43:29.356	- Info  -	[P2PStream] connected (by udp) 0.0.0.0:15895 <--> 182.101.30.100:4118
2023-04-27 16:43:29.379	- Info  -	[udpwrapper] disconnect reason : 1
2023-04-27 16:43:29.379	- Info  -	[oray][erroCode] errorcode=oray_errorcode(57354), product=0, type=3, inner code=10 [CUDPLibWrapper::OnDisconnect:833]
2023-04-27 16:43:29.380	- Info  -	[udpwrapper] Disconnect 117.68.2.19:4118 @ 838
2023-04-27 16:43:29.380	- Info  -	[oray][erroCode] errorcode=oray_errorcode(57354), product=0, type=3, inner code=10 [CUDPLibStream::Disconnect_impl:73]
2023-04-27 16:43:29.391	- Info  -	[MultiChannel] Received SHAKE_HANDLES_MSG, read 18412 / (local write 18392), write 610754 / (local read 610774)
2023-04-27 16:43:29.391	- Info  -	[MultiChannel] P2P channel connected 182.101.30.100:4118
2023-04-27 16:43:29.391	- Info  -	CConnectorRaw::OnEvent() state: CNTS_P2P_CONNECTED, error: 0, oray errorcode: 0
2023-04-27 16:43:29.391	- Info  -	[oray][erroCode] errorcode=oray_errorcode(0), product=0, type=0, inner code=0 [CConnectorRaw::OnEvent:624]
2023-04-27 16:43:29.492	- Info  -	[MultiChannel] forward data read completed @ 462
2023-04-27 16:43:29.495	- Info  -	[MultiChannel] write data when p2p state is CONNECTED, is full 0, writed data 18392 / peer read 18412, left 20, size 52 @ 153
2023-04-27 16:43:29.497	- Info  -	[MultiChannel] forward data write completed @ 216
2023-04-27 16:43:32.768	- Info  -	Init D3D2 OK
2023-04-27 16:43:32.792	* Error *	sensors data send failed!
2023-04-27 16:43:32.910	- Info  -	Init D3D2 OK
2023-04-27 16:43:33.775	* Error *	SSLStream::IsWantReadWrite|peer(121.40.99.129:443), SSL_read failed( 6 ), error:00000000:lib(0):func(0):reason(0), file( ..\includes\common\phstream\SSLStream.cpp:1898 )
2023-04-27 16:43:33.775	- Info  -	[http call3] disconnect, error( 0 )
2023-04-27 16:43:35.938	* Error *	sensors data send failed!
2023-04-27 16:44:04.366	+Warning+	[udpstack] send packet timeout
2023-04-27 16:44:04.366	- Info  -	[udpwrapper] disconnect reason : 5
2023-04-27 16:44:04.366	- Info  -	[oray][erroCode] errorcode=oray_errorcode(57358), product=0, type=3, inner code=14 [CUDPLibWrapper::OnDisconnect:833]
2023-04-27 16:51:19.084	+Warning+	[BinaryPluginStream] rate reader pending data size 18999 exceed 262144
2023-04-27 16:51:19.105	+Warning+	[BinaryPluginStream] rate reader data all clear
2023-04-27 16:52:50.321	* Error *	sensors data send failed!
2023-04-27 16:52:50.322	- Info  -	[oray][erroCode] errorcode=oray_errorcode(0), product=0, type=0, inner code=0 [CMultiChannelStream::Disconnect_impl:254]
2023-04-27 16:52:50.322	- Info  -	[TCPConnector] CCurStream handle client_disconnect
2023-04-27 16:52:50.322	- Info  -	[oray][erroCode] errorcode=transf(0), product=0, type=0, inner code=0 [CMultiChannelStream::ForwardHandler::Handle:647]
2023-04-27 16:52:50.322	- Info  -	CConnectorRaw::OnEvent() state: CNTS_FWD_DISCONNECT, error: 0, oray errorcode: 0
2023-04-27 16:52:50.322	- Info  -	[oray][erroCode] errorcode=oray_errorcode(0), product=0, type=0, inner code=0 [CConnectorRaw::OnEvent:624]
2023-04-27 16:52:50.322	+Warning+	[MultiChannel] unbind forward stream(errorcode 0) @ 651
2023-04-27 16:52:50.322	- Info  -	[oray][erroCode] errorcode=oray_errorcode(0), product=0, type=0, inner code=0 [CP2PStream::Disconnect_impl:678]
2023-04-27 16:52:50.322	- Info  -	[oray][erroCode] errorcode=oray_errorcode(0), product=0, type=0, inner code=0 [CP2PStream::CUDPStream::Disconnect_impl:1044]
2023-04-27 16:52:50.322	- Info  -	[oray][erroCode] errorcode=oray_errorcode(0), product=0, type=0, inner code=0 [CUDPLibStream::Disconnect_impl:73]
2023-04-27 16:52:50.322	- Info  -	[udp] Disconnect
2023-04-27 16:52:50.322	- Info  -	[udp] SendDisconnect
2023-04-27 16:52:50.322	- Info  -	[MultiChannel] P2P channel disconnect 182.101.30.100:4118
2023-04-27 16:52:50.322	- Info  -	[oray][erroCode] errorcode=transf(0), product=0, type=0, inner code=0 [CMultiChannelStream::P2PHandler::Handle:834]
2023-04-27 16:52:50.322	- Info  -	[oray][erroCode] errorcode=transf(0), product=0, type=0, inner code=0 [CMultiChannelStream::HandleDisconnect:1041]
2023-04-27 16:52:50.322	- Info  -	CMultiChannelStreamImpl::OnDisconnect()
2023-04-27 16:52:50.323	- Info  -	[oray][erroCode] errorcode=oray_errorcode(0), product=0, type=0, inner code=0 [CMultiChannelStreamImpl::OnDisconnect:100]
2023-04-27 16:52:50.323	- Info  -	CClientStream 182.101.30.100:4118 OnDisconnect, errocde:0
2023-04-27 16:52:50.323	- Info  -	[oray][erroCode] errorcode=errcode(0), product=0, type=0, inner code=0 [CClientStream::OnDisconnect:104]
2023-04-27 16:52:50.323	- Info  -	OnDisconnect, error code 0
2023-04-27 16:52:50.323	- Info  -	[oray][erroCode] errorcode=errcode(0), product=0, type=0, inner code=0 [BinaryPluginStream::OnDisconnect:404]
2023-04-27 16:52:50.323	- Info  -	CPluginThreadManager stop plugin thread
2023-04-27 16:52:50.323	- Info  -	[desktop] Separation message loop stop.
2023-04-27 16:52:50.323	- Info  -	CActivePlugin prepare to exit plugin
2023-04-27 16:52:50.323	- Info  -	[desktop] RemoteDesktopPlugin::ExitInstance. >
2023-04-27 16:52:50.323	- Info  -	[clipboard] stop clipboard...
2023-04-27 16:52:50.329	- Info  -	[clipboard] recv thread end(1).
2023-04-27 16:52:50.330	- Info  -	[clipboard] call CClipboardViewer::DestroyWnd at 190
2023-04-27 16:52:50.330	- Info  -	[clipboard] recv WM_CLOSE, end thread.
2023-04-27 16:52:50.333	- Info  -	[clipboard] Stop Clipboard ok
2023-04-27 16:52:50.350	- Info  -	[desktop] [thread] cancel.
2023-04-27 16:52:50.350	- Info  -	[desktop] RemoteDesktopPlugin::ExitInstance. <
2023-04-27 16:52:50.351	- Info  -	CConnectorRaw::OnEvent() state: CNTS_P2P_DISCONNECT, error: 0, oray errorcode: 0
2023-04-27 16:52:50.351	- Info  -	[oray][erroCode] errorcode=oray_errorcode(0), product=0, type=0, inner code=0 [CConnectorRaw::OnEvent:624]
2023-04-27 16:52:50.351	- Info  -	[oray][erroCode] errorcode=oray_errorcode(0), product=0, type=0, inner code=0 [CP2PStream::CTCPStream::Disconnect_impl:1016]
2023-04-27 16:52:50.351	- Info  -	CConnectorRaw::OnEvent() state: CNTS_DISCONNECTED, error: 0, oray errorcode: 0
2023-04-27 16:52:50.351	- Info  -	[oray][erroCode] errorcode=oray_errorcode(0), product=0, type=0, inner code=0 [CConnectorRaw::OnEvent:624]
2023-04-27 16:52:50.351	- Info  -	CConnectorRaw::Stop in>
2023-04-27 16:52:50.352	- Info  -	[CUDPLibWrapper] map size: 1, value: [182.101.30.100:19550/15895-2] = 0.0.0.0:15895;

2023-04-27 16:52:50.352	- Info  -	[oray][erroCode] errorcode=oray_errorcode(0), product=0, type=0, inner code=0 [CP2PStream::CUDPStream::Disconnect_impl:1044]
2023-04-27 16:52:50.352	- Info  -	[oray][erroCode] errorcode=oray_errorcode(0), product=0, type=0, inner code=0 [CUDPLibStream::Disconnect_impl:73]
2023-04-27 16:52:50.352	* Error *	Plugin disconnect with error : 0
2023-04-27 16:52:50.353	- Info  -	CConnectorRaw::Stop out<
2023-04-27 16:52:50.353	- Info  -	sensors close
2023-04-27 16:52:50.408	- Info  -	[desktop] CRemoteDesktopPlugin::~CRemoteDesktopPlugin(void)
2023-04-27 16:52:50.410	- Info  -	[vpx][decoder] close codec.
2023-04-27 16:52:50.518	- Info  -	CMultiChannelStreamImpl::~CMultiChannelStreamImpl
2023-04-27 16:52:50.521	- Info  -	program remote_plugin is exit 
