2023-01-16 10:31:28.930	- Info  -	version:3.2.1.40406
2023-01-16 10:31:29.664	* Error *	SSLStream|Remove temp(C:\Windows\TEMP\u39s.0) file ok
2023-01-16 10:31:30.580	- Info  -	Initialize OK
2023-01-16 10:31:30.580	- Info  -	CAcceptorRaw::set_listener
2023-01-16 10:31:30.595	- Info  -	DesktopAgentServer created with port 0.
2023-01-16 10:31:32.002	- Info  -	[service] start listen OK,tcp:0.0.0.0:49685,udp:15956
2023-01-16 10:31:32.173	- Info  -	[discover] Client NotifyDiscover type=5
2023-01-16 10:31:32.345	- Info  -	[localserver] Not use proxy
2023-01-16 10:31:32.455	- Info  -	[mac] local ip:192.168.0.193
2023-01-16 10:31:32.470	- Info  -	[mac] mac address:00:F4:8D:D2:3C:CF
2023-01-16 10:31:32.470	- Info  -	get mac address: 00:F4:8D:D2:3C:CF
2023-01-16 10:31:36.146	- Info  -	os name:Microsoft Windows 10 专业版
2023-01-16 10:31:37.711	- Info  -	m_clientinfo.mac: 00:F4:8D:D2:3C:CF
2023-01-16 10:31:37.816	- Info  -	Current client status: 2
2023-01-16 10:31:37.816	- Info  -	send status_changed notify 2
2023-01-16 10:31:37.817	- Info  -	Login task time 0
2023-01-16 10:31:37.860	- Info  -	Do login( type: 2 ) at 379
2023-01-16 10:31:37.861	- Info  -	[http call3] new call id:1, url:https://slapi.oray.net/remote/get-fastcode
2023-01-16 10:31:37.861	- Info  -	[http call3] id:1 create new connection : https://slapi.oray.net:443
2023-01-16 10:31:37.905	- Info  -	attempt to connect server slapi.oray.net:443(121.40.200.192:443)
2023-01-16 10:31:42.990	- Info  -	[http call3] id:1, url:https://slapi.oray.net/remote/get-fastcode, status code:200
2023-01-16 10:31:43.003	- Info  -	attempt to connect server rc10-fc11.oray.com:443(120.55.59.130:443)
2023-01-16 10:31:43.137	- Info  -	[service] attempted logon
2023-01-16 10:31:43.173	- Info  -	[service] logon server OK. public ip:183.219.207.244
2023-01-16 10:31:43.200	- Info  -	[online] attempted client online
2023-01-16 10:31:43.226	- Info  -	[online] client online OK.
2023-01-16 10:31:43.227	- Info  -	[online] received name:default , description:default .
2023-01-16 10:31:43.239	- Info  -	[service] attempted register client to server
2023-01-16 10:31:43.265	- Info  -	[service] registered client to server
2023-01-16 10:31:43.265	- Info  -	[http call3] new call id:2, url:https://sl-log.oray.net/slclientlog
2023-01-16 10:31:43.265	- Info  -	Current client status: 1
2023-01-16 10:31:43.266	- Info  -	send status_changed notify 1
2023-01-16 10:31:43.271	- Info  -	[http call3] id:2 create new connection : https://sl-log.oray.net:443
2023-01-16 10:31:43.286	- Info  -	attempt to connect server sl-log.oray.net:443(121.40.118.44:443)
2023-01-16 10:31:43.303	- Info  -	[discover] Client NotifyDiscover type=5
2023-01-16 10:31:43.386	- Info  -	[OnLogin start]
2023-01-16 10:31:43.392	- Info  -	[OnLogin end]
2023-01-16 10:31:43.411	- Info  -	[OnLogin] WaittingTask Start
2023-01-16 10:31:43.415	- Info  -	Set auto_run : true
2023-01-16 10:31:43.541	- Info  -	[OnLogin] WaittingTask end
2023-01-16 10:31:57.989	* Error *	SSLStream::IsWantReadWrite|peer(121.40.200.192:443), SSL_read failed( 6 ), error:00000000:lib(0):func(0):reason(0), file( ..\includes\common\phstream\SSLStream.cpp:1898 )
2023-01-16 10:31:57.990	- Info  -	[http call3] disconnect, error( 0 )
2023-01-16 10:31:58.631	- Info  -	[http call3] id:2, url:https://sl-log.oray.net/slclientlog, status code:200
2023-01-16 10:32:28.670	* Error *	SSLStream::IsWantReadWrite|peer(121.40.118.44:443), SSL_read failed( 6 ), error:00000000:lib(0):func(0):reason(0), file( ..\includes\common\phstream\SSLStream.cpp:1898 )
2023-01-16 10:32:28.671	- Info  -	[http call3] disconnect, error( 0 )
2023-01-16 10:32:35.032	- Info  -	[MICRO LIVE] shell oninitdialog to get microlive info enable = 0 status = 0 timelast = 0
2023-01-16 10:50:27.990	- Info  -	[ServiceEx] the service control is 13
2023-01-16 10:50:27.990	- Info  -	SERVICE_CONTROL_POWEREVENT************dwEventType:4
2023-01-16 10:50:27.990	+Warning+	[service] power event, system is suspending.
2023-01-16 10:50:27.991	- Info  -	Logout ...
2023-01-16 10:50:27.991	- Info  -	[oray][erroCode] errorcode=oray_errorcode(0), product=0, type=0, inner code=0 [CMultiplexLogicStream::Disconnect_impl:121]
2023-01-16 10:50:27.992	- Info  -	[RemoteControl] disconnected server(120.55.59.130:443),error code:0
2023-01-16 10:50:27.993	* Error *	[online] online disconnected,error code:0
2023-01-16 10:50:27.993	- Info  -	[oray][erroCode] errorcode=errorcode(0), product=0, type=0, inner code=0 [COnlineHandler::OnDisconnect:86]
2023-01-16 10:50:27.993	- Info  -	[service] disconnected server(120.55.59.130:443),errorcode:0
2023-01-16 10:50:27.993	- Info  -	curStatus: 0, m_Status: 1
2023-01-16 10:50:27.993	- Info  -	[http call3] new call id:3, url:https://sl-log.oray.net/slclientlog
2023-01-16 10:50:27.993	- Info  -	Current client status: 0
2023-01-16 10:50:27.993	- Info  -	send status_changed notify 0
2023-01-16 10:50:27.993	- Info  -	[OnLogout start]
2023-01-16 10:50:27.994	- Info  -	[service] stop all projections
2023-01-16 10:50:27.994	- Info  -	[OnLogout end]
2023-01-16 10:50:28.999	- Info  -	[http call3] id:3 create new connection : https://sl-log.oray.net:443
2023-01-16 10:50:28.001	- Info  -	[MICRO LIVE] shell send close micro_live_plugin
2023-01-16 10:50:28.026	- Info  -	attempt to connect server sl-log.oray.net:443(120.26.160.74:443)
2023-01-16 10:50:28.174	- Info  -	[http call3] id:3, url:https://sl-log.oray.net/slclientlog, status code:200
2023-01-16 13:09:49.516	+Warning+	[passive:keepalive:] 120.26.160.74:443 disconnect by keepalive timeout(9539921>=1178578+30000)
2023-01-16 13:09:49.516	+Warning+	[oray][erroCode] errorcode=ORAY_ERROR_PHSTREAM_KEEPALIVE_TIMEOUT(57351), product=0, type=3, inner code=7 [CPassiveKeepAliveHandler::Done:141]
2023-01-16 13:09:49.517	- Info  -	[http call3] disconnect, error( 57351 )
2023-01-16 13:09:52.666	- Info  -	[ServiceEx] the service control is 13
2023-01-16 13:09:52.666	- Info  -	SERVICE_CONTROL_POWEREVENT************dwEventType:18
2023-01-16 13:09:52.666	+Warning+	[service] power event, system is resumed.
2023-01-16 13:09:55.274	- Info  -	retry login now......
2023-01-16 13:09:55.274	- Info  -	Current client status: 2
2023-01-16 13:09:55.274	- Info  -	send status_changed notify 2
2023-01-16 13:09:55.275	- Info  -	Login task time 0
2023-01-16 13:09:55.276	- Info  -	[service] retry login by power event
2023-01-16 13:09:55.378	- Info  -	Do login( type: 2 ) at 379
2023-01-16 13:09:55.379	- Info  -	[http call3] new call id:4, url:https://slapi.oray.net/remote/get-fastcode
2023-01-16 13:09:55.390	- Info  -	[http call3] id:4 create new connection : https://slapi.oray.net:443
2023-01-16 13:09:56.055	- Info  -	[ServiceEx] the service control is 13
2023-01-16 13:09:56.055	- Info  -	SERVICE_CONTROL_POWEREVENT************dwEventType:7
2023-01-16 13:09:56.055	+Warning+	[service] power event, system is resumed.
2023-01-16 13:09:56.067	- Info  -	attempt to connect server slapi.oray.net:443(121.40.99.129:443)
2023-01-16 13:09:56.656	- Info  -	[http call3] id:4, url:https://slapi.oray.net/remote/get-fastcode, status code:200
2023-01-16 13:09:56.734	- Info  -	[service] retry login by power event
2023-01-16 13:09:57.128	- Info  -	attempt to connect server rc10-fc11.oray.com:443(120.55.59.130:443)
2023-01-16 13:09:57.714	- Info  -	[service] attempted logon
2023-01-16 13:09:57.752	- Info  -	[service] logon server OK. public ip:183.219.207.244
2023-01-16 13:09:57.780	- Info  -	[online] attempted client online
2023-01-16 13:09:57.807	- Info  -	[online] client online OK.
2023-01-16 13:09:57.808	- Info  -	[online] received name:default , description:default .
2023-01-16 13:09:57.817	- Info  -	[service] attempted register client to server
2023-01-16 13:09:57.844	- Info  -	[service] registered client to server
2023-01-16 13:09:57.844	- Info  -	[http call3] new call id:5, url:https://sl-log.oray.net/slclientlog
2023-01-16 13:09:57.844	- Info  -	Current client status: 1
2023-01-16 13:09:57.844	- Info  -	send status_changed notify 1
2023-01-16 13:09:57.846	- Info  -	[http call3] id:5 create new connection : https://sl-log.oray.net:443
2023-01-16 13:09:57.876	- Info  -	[discover] Client NotifyDiscover type=5
2023-01-16 13:09:57.887	- Info  -	[OnLogin start]
2023-01-16 13:09:57.890	- Info  -	[OnLogin end]
2023-01-16 13:09:57.896	- Info  -	[OnLogin] WaittingTask Start
2023-01-16 13:09:58.088	- Info  -	attempt to connect server sl-log.oray.net:443(47.97.186.100:443)
2023-01-16 13:09:58.500	- Info  -	[http call3] id:5, url:https://sl-log.oray.net/slclientlog, status code:200
2023-01-16 13:09:59.256	- Info  -	Set auto_run : true
2023-01-16 13:10:00.434	- Info  -	[OnLogin] WaittingTask end
2023-01-16 13:10:01.486	- Info  -	[ServiceEx] the service control is 13
2023-01-16 13:10:01.486	- Info  -	SERVICE_CONTROL_POWEREVENT************dwEventType:10
2023-01-16 13:10:11.656	* Error *	SSLStream::IsWantReadWrite|peer(121.40.99.129:443), SSL_read failed( 6 ), error:00000000:lib(0):func(0):reason(0), file( ..\includes\common\phstream\SSLStream.cpp:1898 )
2023-01-16 13:10:11.656	- Info  -	[http call3] disconnect, error( 0 )
2023-01-16 13:10:28.504	* Error *	SSLStream::IsWantReadWrite|peer(47.97.186.100:443), SSL_read failed( 6 ), error:00000000:lib(0):func(0):reason(0), file( ..\includes\common\phstream\SSLStream.cpp:1898 )
2023-01-16 13:10:28.505	- Info  -	[http call3] disconnect, error( 0 )
2023-01-16 13:59:25.762	- Info  -	[ServiceEx] the service control is 13
2023-01-16 13:59:25.762	- Info  -	SERVICE_CONTROL_POWEREVENT************dwEventType:4
2023-01-16 13:59:25.762	+Warning+	[service] power event, system is suspending.
2023-01-16 13:59:25.763	- Info  -	Logout ...
2023-01-16 13:59:25.763	- Info  -	[oray][erroCode] errorcode=oray_errorcode(0), product=0, type=0, inner code=0 [CMultiplexLogicStream::Disconnect_impl:121]
2023-01-16 13:59:25.763	- Info  -	[RemoteControl] disconnected server(120.55.59.130:443),error code:0
2023-01-16 13:59:25.763	* Error *	[online] online disconnected,error code:0
2023-01-16 13:59:25.763	- Info  -	[oray][erroCode] errorcode=errorcode(0), product=0, type=0, inner code=0 [COnlineHandler::OnDisconnect:86]
2023-01-16 13:59:25.764	- Info  -	[service] disconnected server(120.55.59.130:443),errorcode:0
2023-01-16 13:59:25.764	- Info  -	curStatus: 0, m_Status: 1
2023-01-16 13:59:25.764	- Info  -	[http call3] new call id:6, url:https://sl-log.oray.net/slclientlog
2023-01-16 13:59:25.764	- Info  -	Current client status: 0
2023-01-16 13:59:25.764	- Info  -	send status_changed notify 0
2023-01-16 13:59:25.764	- Info  -	[OnLogout start]
2023-01-16 13:59:25.764	- Info  -	[service] stop all projections
2023-01-16 13:59:25.764	- Info  -	[OnLogout end]
2023-01-16 13:59:25.774	- Info  -	[http call3] id:6 create new connection : https://sl-log.oray.net:443
2023-01-16 13:59:25.788	- Info  -	[MICRO LIVE] shell send close micro_live_plugin
2023-01-16 13:59:25.801	- Info  -	attempt to connect server sl-log.oray.net:443(47.97.106.171:443)
2023-01-16 13:59:26.001	- Info  -	[http call3] id:6, url:https://sl-log.oray.net/slclientlog, status code:200
2023-01-16 15:43:04.515	+Warning+	[passive:keepalive:] 47.97.106.171:443 disconnect by keepalive timeout(18734921>=12516406+30000)
2023-01-16 15:43:04.515	+Warning+	[oray][erroCode] errorcode=ORAY_ERROR_PHSTREAM_KEEPALIVE_TIMEOUT(57351), product=0, type=3, inner code=7 [CPassiveKeepAliveHandler::Done:141]
2023-01-16 15:43:04.516	- Info  -	[http call3] disconnect, error( 57351 )
2023-01-16 15:43:07.275	- Info  -	[ServiceEx] the service control is 13
2023-01-16 15:43:07.275	- Info  -	SERVICE_CONTROL_POWEREVENT************dwEventType:10
2023-01-16 15:43:10.848	- Info  -	[ServiceEx] the service control is 13
2023-01-16 15:43:10.849	- Info  -	SERVICE_CONTROL_POWEREVENT************dwEventType:18
2023-01-16 15:43:10.849	+Warning+	[service] power event, system is resumed.
2023-01-16 15:43:11.761	- Info  -	retry login now......
2023-01-16 15:43:11.761	- Info  -	Current client status: 2
2023-01-16 15:43:11.761	- Info  -	send status_changed notify 2
2023-01-16 15:43:11.761	- Info  -	Login task time 0
2023-01-16 15:43:11.761	- Info  -	[service] retry login by power event
2023-01-16 15:43:11.828	- Info  -	Do login( type: 2 ) at 379
2023-01-16 15:43:11.829	- Info  -	[http call3] new call id:7, url:https://slapi.oray.net/remote/get-fastcode
2023-01-16 15:43:11.837	- Info  -	[http call3] id:7 create new connection : https://slapi.oray.net:443
2023-01-16 15:43:12.591	- Info  -	attempt to connect server slapi.oray.net:443(121.40.99.129:443)
2023-01-16 15:43:13.396	- Info  -	[http call3] id:7, url:https://slapi.oray.net/remote/get-fastcode, status code:200
2023-01-16 15:43:13.904	- Info  -	attempt to connect server rc10-fc02.oray.com:443(120.27.228.19:443)
2023-01-16 15:43:14.194	- Info  -	[ServiceEx] the service control is 13
2023-01-16 15:43:14.194	- Info  -	SERVICE_CONTROL_POWEREVENT************dwEventType:7
2023-01-16 15:43:14.194	+Warning+	[service] power event, system is resumed.
2023-01-16 15:43:14.361	- Info  -	[service] attempted logon
2023-01-16 15:43:14.390	- Info  -	[service] retry login by power event
2023-01-16 15:43:14.401	- Info  -	[service] logon server OK. public ip:183.219.207.244
2023-01-16 15:43:14.432	- Info  -	[online] attempted client online
2023-01-16 15:43:14.466	- Info  -	[online] client online OK.
2023-01-16 15:43:14.467	- Info  -	[online] received name:default , description:default .
2023-01-16 15:43:14.482	- Info  -	[service] attempted register client to server
2023-01-16 15:43:14.511	- Info  -	[service] registered client to server
2023-01-16 15:43:14.512	- Info  -	[http call3] new call id:8, url:https://sl-log.oray.net/slclientlog
2023-01-16 15:43:14.512	- Info  -	Current client status: 1
2023-01-16 15:43:14.512	- Info  -	send status_changed notify 1
2023-01-16 15:43:14.515	- Info  -	[http call3] id:8 create new connection : https://sl-log.oray.net:443
2023-01-16 15:43:14.709	- Info  -	attempt to connect server sl-log.oray.net:443(47.97.106.171:443)
2023-01-16 15:43:14.886	- Info  -	[discover] Client NotifyDiscover type=5
2023-01-16 15:43:14.904	- Info  -	[OnLogin start]
2023-01-16 15:43:14.907	- Info  -	[OnLogin end]
2023-01-16 15:43:14.917	- Info  -	[OnLogin] WaittingTask Start
2023-01-16 15:43:15.221	- Info  -	[http call3] id:8, url:https://sl-log.oray.net/slclientlog, status code:200
2023-01-16 15:43:16.452	- Info  -	Set auto_run : true
2023-01-16 15:43:17.116	- Info  -	[OnLogin] WaittingTask end
2023-01-16 15:43:28.392	* Error *	SSLStream::IsWantReadWrite|peer(121.40.99.129:443), SSL_read failed( 6 ), error:00000000:lib(0):func(0):reason(0), file( ..\includes\common\phstream\SSLStream.cpp:1898 )
2023-01-16 15:43:28.392	- Info  -	[http call3] disconnect, error( 0 )
2023-01-16 15:43:45.222	* Error *	SSLStream::IsWantReadWrite|peer(47.97.106.171:443), SSL_read failed( 6 ), error:00000000:lib(0):func(0):reason(0), file( ..\includes\common\phstream\SSLStream.cpp:1898 )
2023-01-16 15:43:45.222	- Info  -	[http call3] disconnect, error( 0 )
2023-01-16 15:44:35.254	- Info  -	[ServiceEx] the service control is 13
2023-01-16 15:44:35.265	- Info  -	SERVICE_CONTROL_POWEREVENT************dwEventType:10
2023-01-16 15:44:37.218	- Info  -	[ServiceEx] the service control is 13
2023-01-16 15:44:37.218	- Info  -	SERVICE_CONTROL_POWEREVENT************dwEventType:10
2023-01-16 15:52:49.719	- Info  -	[ServiceEx] the service control is 13
2023-01-16 15:52:49.724	- Info  -	SERVICE_CONTROL_POWEREVENT************dwEventType:10
2023-01-16 15:52:51.597	- Info  -	[ServiceEx] the service control is 13
2023-01-16 15:52:51.597	- Info  -	SERVICE_CONTROL_POWEREVENT************dwEventType:10
2023-01-16 15:52:52.702	- Info  -	[ServiceEx] the service control is 13
2023-01-16 15:52:52.702	- Info  -	SERVICE_CONTROL_POWEREVENT************dwEventType:10
2023-01-16 16:47:46.028	- Info  -	[ServiceEx] the service control is 13
2023-01-16 16:47:46.030	- Info  -	SERVICE_CONTROL_POWEREVENT************dwEventType:10
2023-01-16 16:47:48.259	- Info  -	[ServiceEx] the service control is 13
2023-01-16 16:47:48.259	- Info  -	SERVICE_CONTROL_POWEREVENT************dwEventType:10
