2023-01-03 10:59:46.167	- Info  -	version:3.2.1.40406
2023-01-03 10:59:46.258	* Error *	SSLStream|Remove temp(C:\Windows\TEMP\u29k.0) file ok
2023-01-03 10:59:46.450	- Info  -	Initialize OK
2023-01-03 10:59:46.450	- Info  -	CAcceptorRaw::set_listener
2023-01-03 10:59:46.450	- Info  -	DesktopAgentServer created with port 0.
2023-01-03 10:59:46.672	* Error *	[udpstack] bind 0.0.0.0:15539 error , errorno = 10048
2023-01-03 10:59:46.690	- Info  -	[service] start listen OK,tcp:0.0.0.0:49674,udp:15650
2023-01-03 10:59:46.773	- Info  -	[discover] Client NotifyDiscover type=5
2023-01-03 10:59:46.915	- Info  -	[localserver] Not use proxy
2023-01-03 10:59:47.879	- Info  -	network error, retrying login server
2023-01-03 10:59:50.962	- Info  -	[mac] local ip:192.168.0.193
2023-01-03 10:59:51.009	- Info  -	[mac] mac address:00:F4:8D:D2:3C:CF
2023-01-03 10:59:51.009	- Info  -	get mac address: 00:F4:8D:D2:3C:CF
2023-01-03 10:59:53.893	- Info  -	os name:Microsoft Windows 10 专业版
2023-01-03 10:59:55.553	- Info  -	m_clientinfo.mac: 00:F4:8D:D2:3C:CF
2023-01-03 10:59:55.643	- Info  -	Current client status: 2
2023-01-03 10:59:55.643	- Info  -	send status_changed notify 2
2023-01-03 10:59:55.643	- Info  -	Login task time 0
2023-01-03 10:59:55.679	- Info  -	Do login( type: 2 ) at 379
2023-01-03 10:59:55.679	- Info  -	[http call3] new call id:1, url:https://slapi.oray.net/remote/get-fastcode
2023-01-03 10:59:55.679	- Info  -	[http call3] id:1 create new connection : https://slapi.oray.net:443
2023-01-03 10:59:55.731	- Info  -	attempt to connect server slapi.oray.net:443(121.40.99.129:443)
2023-01-03 10:59:56.172	- Info  -	[http call3] id:1, url:https://slapi.oray.net/remote/get-fastcode, status code:200
2023-01-03 10:59:56.185	- Info  -	attempt to connect server rc10-fc09.oray.com:443(116.62.66.134:443)
2023-01-03 10:59:56.270	- Info  -	[service] attempted logon
2023-01-03 10:59:56.306	- Info  -	[service] logon server OK. public ip:183.217.156.200
2023-01-03 10:59:56.331	- Info  -	[online] attempted client online
2023-01-03 10:59:56.356	- Info  -	[online] client online OK.
2023-01-03 10:59:56.357	- Info  -	[online] received name:default , description:default .
2023-01-03 10:59:56.368	- Info  -	[service] attempted register client to server
2023-01-03 10:59:56.393	- Info  -	[service] registered client to server
2023-01-03 10:59:56.393	- Info  -	[http call3] new call id:2, url:https://sl-log.oray.net/slclientlog
2023-01-03 10:59:56.393	- Info  -	Current client status: 1
2023-01-03 10:59:56.393	- Info  -	send status_changed notify 1
2023-01-03 10:59:56.400	- Info  -	[http call3] id:2 create new connection : https://sl-log.oray.net:443
2023-01-03 10:59:56.414	- Info  -	attempt to connect server sl-log.oray.net:443(121.41.32.171:443)
2023-01-03 10:59:56.429	- Info  -	[discover] Client NotifyDiscover type=5
2023-01-03 10:59:56.440	- Info  -	[OnLogin start]
2023-01-03 10:59:56.441	- Info  -	[OnLogin end]
2023-01-03 10:59:56.442	- Info  -	[OnLogin] WaittingTask Start
2023-01-03 10:59:56.444	- Info  -	Set auto_run : true
2023-01-03 10:59:56.468	- Info  -	[OnLogin] WaittingTask end
2023-01-03 10:59:56.553	- Info  -	[http call3] id:2, url:https://sl-log.oray.net/slclientlog, status code:200
2023-01-03 11:00:03.851	- Info  -	[ServiceEx] the service control is 5
2023-01-03 11:00:03.851	- Info  -	SERVICE_CONTROL_SHUTDOWN************
2023-01-03 11:00:03.851	- Info  -	[discover] Client NotifyDiscover type=6
2023-01-03 11:00:03.856	- Info  -	Logout ...
2023-01-03 11:00:03.856	- Info  -	[oray][erroCode] errorcode=oray_errorcode(0), product=0, type=0, inner code=0 [CMultiplexLogicStream::Disconnect_impl:121]
2023-01-03 11:00:03.856	- Info  -	[RemoteControl] disconnected server(116.62.66.134:443),error code:0
2023-01-03 11:00:03.857	* Error *	[online] online disconnected,error code:0
2023-01-03 11:00:03.857	- Info  -	[oray][erroCode] errorcode=errorcode(0), product=0, type=0, inner code=0 [COnlineHandler::OnDisconnect:86]
2023-01-03 11:00:03.857	- Info  -	[service] disconnected server(116.62.66.134:443),errorcode:0
2023-01-03 11:00:03.857	- Info  -	curStatus: 0, m_Status: 1
2023-01-03 11:00:03.857	- Info  -	[http call3] new call id:3, url:https://sl-log.oray.net/slclientlog
2023-01-03 11:00:03.857	- Info  -	Current client status: 0
2023-01-03 11:00:03.866	- Info  -	[http call3] id:3 use old connection : https://sl-log.oray.net:443
2023-01-03 11:00:03.892	- Info  -	[http call3] id:3, url:https://sl-log.oray.net/slclientlog, status code:200
2023-01-03 11:00:04.617	- Info  -	[CUDPLibWrapper] map size: 0, value: 
2023-01-03 11:00:04.618	- Info  -	[service] stop listen OK
2023-01-03 11:00:04.634	- Info  -	[service] stop all projections
2023-01-03 11:00:04.634	- Info  -	[discover] Client NotifyDiscover type=6
2023-01-03 11:00:07.647	* Error *	[hidden_wnd] Message Thread Exit wrong: 258
2023-01-03 11:00:07.664	- Info  -	[CUDPLibWrapper] map size: 0, value: 
2023-01-03 11:00:07.665	- Info  -	Terminate OK
2023-01-03 11:00:07.665	- Info  -	Terminate OK
2023-01-03 11:00:07.666	- Info  -	[service] stop all projections
2023-01-03 11:00:07.694	- Info  -	[http call3] disconnect, error( 0 )
2023-01-03 11:00:07.694	- Info  -	[http call3] disconnect, error( 0 )
2023-01-03 11:00:07.704	- Info  -	program service is exit 
