2022-12-06 13:39:34.918	- Info  -	version:3.2.1.40406
2022-12-06 13:39:35.223	* Error *	SSLStream|Remove temp(C:\Windows\TEMP\u2uo.0) file ok
2022-12-06 13:39:35.660	- Info  -	Initialize OK
2022-12-06 13:39:35.660	- Info  -	CAcceptorRaw::set_listener
2022-12-06 13:39:35.660	- Info  -	DesktopAgentServer created with port 0.
2022-12-06 13:39:35.848	* Error *	[udpstack] bind 0.0.0.0:15120 error , errorno = 10048
2022-12-06 13:39:35.864	- Info  -	[service] start listen OK,tcp:0.0.0.0:49679,udp:15231
2022-12-06 13:39:35.864	- Info  -	[discover] Client NotifyDiscover type=5
2022-12-06 13:39:35.926	- Info  -	[localserver] Not use proxy
2022-12-06 13:39:36.067	- Info  -	[mac] local ip:192.168.0.193
2022-12-06 13:39:36.145	- Info  -	[mac] mac address:00:F4:8D:D2:3C:CF
2022-12-06 13:39:36.145	- Info  -	get mac address: 00:F4:8D:D2:3C:CF
2022-12-06 13:39:38.270	- Info  -	os name:Microsoft Windows 10 专业版
2022-12-06 13:39:39.411	- Info  -	m_clientinfo.mac: 00:F4:8D:D2:3C:CF
2022-12-06 13:39:39.473	- Info  -	Current client status: 2
2022-12-06 13:39:39.473	- Info  -	send status_changed notify 2
2022-12-06 13:39:39.473	- Info  -	Login task time 0
2022-12-06 13:39:39.520	- Info  -	Do login( type: 2 ) at 379
2022-12-06 13:39:39.520	- Info  -	[http call3] new call id:1, url:https://slapi.oray.net/remote/get-fastcode
2022-12-06 13:39:39.520	- Info  -	[http call3] id:1 create new connection : https://slapi.oray.net:443
2022-12-06 13:39:39.614	- Info  -	attempt to connect server slapi.oray.net:443(121.40.99.129:443)
2022-12-06 13:39:42.355	- Info  -	[http call3] id:1, url:https://slapi.oray.net/remote/get-fastcode, status code:200
2022-12-06 13:39:42.368	- Info  -	attempt to connect server rc10-fc08.oray.com:443(42.192.63.173:443)
2022-12-06 13:39:42.500	- Info  -	[service] attempted logon
2022-12-06 13:39:42.574	- Info  -	[service] logon server OK. public ip:183.217.165.158
2022-12-06 13:39:42.599	- Info  -	[online] attempted client online
2022-12-06 13:39:42.625	- Info  -	[online] client online OK.
2022-12-06 13:39:42.625	- Info  -	[online] received name:default , description:default .
2022-12-06 13:39:42.641	- Info  -	[service] attempted register client to server
2022-12-06 13:39:42.665	- Info  -	[service] registered client to server
2022-12-06 13:39:42.665	- Info  -	[http call3] new call id:2, url:https://sl-log.oray.net/slclientlog
2022-12-06 13:39:42.665	- Info  -	Current client status: 1
2022-12-06 13:39:42.665	- Info  -	send status_changed notify 1
2022-12-06 13:39:42.673	- Info  -	[http call3] id:2 create new connection : https://sl-log.oray.net:443
2022-12-06 13:39:42.689	- Info  -	attempt to connect server sl-log.oray.net:443(47.97.183.66:443)
2022-12-06 13:39:42.842	- Info  -	[http call3] id:2, url:https://sl-log.oray.net/slclientlog, status code:200
2022-12-06 13:39:42.869	- Info  -	[discover] Client NotifyDiscover type=5
2022-12-06 13:39:43.025	- Info  -	[OnLogin start]
2022-12-06 13:39:43.027	- Info  -	[OnLogin end]
2022-12-06 13:39:43.051	- Info  -	[OnLogin] WaittingTask Start
2022-12-06 13:39:43.059	- Info  -	Set auto_run : true
2022-12-06 13:39:43.232	- Info  -	[OnLogin] WaittingTask end
2022-12-06 13:39:57.354	* Error *	SSLStream::IsWantReadWrite|peer(121.40.99.129:443), SSL_read failed( 6 ), error:00000000:lib(0):func(0):reason(0), file( ..\includes\common\phstream\SSLStream.cpp:1898 )
2022-12-06 13:39:57.354	- Info  -	[http call3] disconnect, error( 0 )
2022-12-06 13:40:12.846	* Error *	SSLStream::IsWantReadWrite|peer(47.97.183.66:443), SSL_read failed( 6 ), error:00000000:lib(0):func(0):reason(0), file( ..\includes\common\phstream\SSLStream.cpp:1898 )
2022-12-06 13:40:12.847	- Info  -	[http call3] disconnect, error( 0 )
2022-12-06 13:40:13.973	- Info  -	[MICRO LIVE] shell oninitdialog to get microlive info enable = 0 status = 0 timelast = 0
2022-12-06 15:19:15.270	- Info  -	[ServiceEx] the service control is 13
2022-12-06 15:19:15.271	- Info  -	SERVICE_CONTROL_POWEREVENT************dwEventType:10
2022-12-06 16:54:26.614	- Info  -	[ServiceEx] the service control is 13
2022-12-06 16:54:26.615	- Info  -	SERVICE_CONTROL_POWEREVENT************dwEventType:4
2022-12-06 16:54:26.615	+Warning+	[service] power event, system is suspending.
2022-12-06 16:54:26.633	- Info  -	Logout ...
2022-12-06 16:54:26.636	- Info  -	[oray][erroCode] errorcode=oray_errorcode(0), product=0, type=0, inner code=0 [CMultiplexLogicStream::Disconnect_impl:121]
2022-12-06 16:54:26.637	- Info  -	[RemoteControl] disconnected server(42.192.63.173:443),error code:0
2022-12-06 16:54:26.639	* Error *	[online] online disconnected,error code:0
2022-12-06 16:54:26.639	- Info  -	[oray][erroCode] errorcode=errorcode(0), product=0, type=0, inner code=0 [COnlineHandler::OnDisconnect:86]
2022-12-06 16:54:26.641	- Info  -	[service] disconnected server(42.192.63.173:443),errorcode:0
2022-12-06 16:54:26.643	- Info  -	curStatus: 0, m_Status: 1
2022-12-06 16:54:26.657	- Info  -	[http call3] new call id:3, url:https://sl-log.oray.net/slclientlog
2022-12-06 16:54:26.659	- Info  -	Current client status: 0
2022-12-06 16:54:26.660	- Info  -	send status_changed notify 0
2022-12-06 16:54:26.660	- Info  -	[OnLogout start]
2022-12-06 16:54:26.661	- Info  -	[service] stop all projections
2022-12-06 16:54:26.663	- Info  -	[OnLogout end]
2022-12-06 16:54:26.673	- Info  -	[http call3] id:3 create new connection : https://sl-log.oray.net:443
2022-12-06 16:54:26.689	- Info  -	[MICRO LIVE] shell send close micro_live_plugin
2022-12-06 16:54:26.702	- Info  -	attempt to connect server sl-log.oray.net:443(47.97.183.66:443)
2022-12-06 16:54:27.043	- Info  -	[http call3] id:3, url:https://sl-log.oray.net/slclientlog, status code:200
