2022-11-27 13:01:07.353	- Info  -	version:3.2.1.40406
2022-11-27 13:01:07.541	* Error *	SSLStream|Remove temp(C:\Windows\TEMP\u2os.0) file ok
2022-11-27 13:01:08.217	- Info  -	Initialize OK
2022-11-27 13:01:08.217	- Info  -	CAcceptorRaw::set_listener
2022-11-27 13:01:08.225	- Info  -	DesktopAgentServer created with port 0.
2022-11-27 13:01:08.389	* Error *	[udpstack] bind 0.0.0.0:16104 error , errorno = 10048
2022-11-27 13:01:08.389	- Info  -	[service] start listen OK,tcp:0.0.0.0:49675,udp:16215
2022-11-27 13:01:08.447	- Info  -	[discover] Client NotifyDiscover type=5
2022-11-27 13:01:08.572	- Info  -	[localserver] Not use proxy
2022-11-27 13:01:08.682	- Info  -	network error, retrying login server
2022-11-27 13:01:11.682	- Info  -	[mac] local ip:192.168.0.193
2022-11-27 13:01:11.729	- Info  -	[mac] mac address:00:F4:8D:D2:3C:CF
2022-11-27 13:01:11.729	- Info  -	get mac address: 00:F4:8D:D2:3C:CF
2022-11-27 13:01:15.385	- Info  -	os name:Microsoft Windows 10 专业版
2022-11-27 13:01:16.371	- Info  -	m_clientinfo.mac: 00:F4:8D:D2:3C:CF
2022-11-27 13:01:16.424	- Info  -	Current client status: 2
2022-11-27 13:01:16.424	- Info  -	send status_changed notify 2
2022-11-27 13:01:16.424	- Info  -	Login task time 0
2022-11-27 13:01:16.424	- Info  -	Do login( type: 2 ) at 379
2022-11-27 13:01:16.424	- Info  -	[http call3] new call id:1, url:https://slapi.oray.net/remote/get-fastcode
2022-11-27 13:01:16.488	- Info  -	[http call3] id:1 create new connection : https://slapi.oray.net:443
2022-11-27 13:01:16.552	- Info  -	attempt to connect server slapi.oray.net:443(121.40.99.129:443)
2022-11-27 13:01:16.997	- Info  -	[http call3] id:1, url:https://slapi.oray.net/remote/get-fastcode, status code:200
2022-11-27 13:01:17.011	- Info  -	attempt to connect server rc10-fc07.oray.com:443(150.158.218.50:443)
2022-11-27 13:01:17.115	- Info  -	[service] attempted logon
2022-11-27 13:01:17.184	- Info  -	[service] logon server OK. public ip:183.217.165.158
2022-11-27 13:01:17.207	- Info  -	[online] attempted client online
2022-11-27 13:01:17.232	- Info  -	[online] client online OK.
2022-11-27 13:01:17.232	- Info  -	[online] received name:default , description:default .
2022-11-27 13:01:17.237	- Info  -	[service] attempted register client to server
2022-11-27 13:01:17.260	- Info  -	[service] registered client to server
2022-11-27 13:01:17.260	- Info  -	[http call3] new call id:2, url:https://sl-log.oray.net/slclientlog
2022-11-27 13:01:17.260	- Info  -	Current client status: 1
2022-11-27 13:01:17.260	- Info  -	send status_changed notify 1
2022-11-27 13:01:17.268	- Info  -	[http call3] id:2 create new connection : https://sl-log.oray.net:443
2022-11-27 13:01:17.283	- Info  -	attempt to connect server sl-log.oray.net:443(120.26.160.74:443)
2022-11-27 13:01:17.304	- Info  -	[discover] Client NotifyDiscover type=5
2022-11-27 13:01:17.351	- Info  -	[OnLogin start]
2022-11-27 13:01:17.353	- Info  -	[OnLogin end]
2022-11-27 13:01:17.417	- Info  -	[http call3] id:2, url:https://sl-log.oray.net/slclientlog, status code:200
2022-11-27 13:01:17.420	- Info  -	[OnLogin] WaittingTask Start
2022-11-27 13:01:17.423	- Info  -	Set auto_run : true
2022-11-27 13:01:17.520	- Info  -	[OnLogin] WaittingTask end
2022-11-27 13:01:32.008	* Error *	SSLStream::IsWantReadWrite|peer(121.40.99.129:443), SSL_read failed( 6 ), error:00000000:lib(0):func(0):reason(0), file( ..\includes\common\phstream\SSLStream.cpp:1898 )
2022-11-27 13:01:32.008	- Info  -	[http call3] disconnect, error( 0 )
2022-11-27 13:01:47.004	- Info  -	[MICRO LIVE] shell oninitdialog to get microlive info enable = 0 status = 0 timelast = 0
2022-11-27 13:01:47.418	* Error *	SSLStream::IsWantReadWrite|peer(120.26.160.74:443), SSL_read failed( 6 ), error:00000000:lib(0):func(0):reason(0), file( ..\includes\common\phstream\SSLStream.cpp:1898 )
2022-11-27 13:01:47.419	- Info  -	[http call3] disconnect, error( 0 )
2022-11-27 14:53:38.775	- Info  -	[ServiceEx] the service control is 13
2022-11-27 14:53:38.778	- Info  -	SERVICE_CONTROL_POWEREVENT************dwEventType:10
2022-11-27 15:17:07.338	- Info  -	[ServiceEx] the service control is 13
2022-11-27 15:17:07.338	- Info  -	SERVICE_CONTROL_POWEREVENT************dwEventType:10
2022-11-27 15:17:08.803	- Info  -	[ServiceEx] the service control is 13
2022-11-27 15:17:08.804	- Info  -	SERVICE_CONTROL_POWEREVENT************dwEventType:10
