2023-02-10 13:32:58.492	- Info  -	version:3.2.1.40406
2023-02-10 13:32:58.565	- Info  -	[dlg_main] on_create
2023-02-10 13:32:58.650	- Info  -	attempt to connect server 127.0.0.1:16308(127.0.0.1:16308)
2023-02-10 13:32:58.661	- Info  -	[shell] OnConnect
2023-02-10 13:32:58.665	- Info  -	[shell] status_changed:2
2023-02-10 13:32:59.704	- Info  -	[dlg_main] init_fastcode_histroy
2023-02-10 13:32:59.735	- Info  -	[http call3] new call id:1, url:https://ddns.oray.com/checkip?clean=1
2023-02-10 13:32:59.735	- Info  -	[dlg_main] on_create end
2023-02-10 13:32:59.772	- Info  -	[http call3] id:1 create new connection : https://ddns.oray.com:443
2023-02-10 13:32:59.979	- Info  -	attempt to connect server ddns.oray.com:443(114.215.189.130:443)
2023-02-10 13:33:00.581	- Info  -	[shell] status_changed:0
2023-02-10 13:34:32.508	- Info  -	[http call3] disconnect, error( 0 )
2023-02-10 13:34:32.508	- Info  -	[http call3] disconnect id:1, error( 0 )
2023-02-10 13:34:35.778	- Info  -	[shell] status_changed:2
2023-02-10 13:34:43.505	- Info  -	[shell] status_changed:1
2023-02-10 13:34:43.592	- Info  -	sensors init with file: C:/ProgramData/Oray/SunloginClient/sensors/datas
2023-02-10 13:34:43.593	- Info  -	[http call3] new call id:2, url:https://slapi.oray.net/client/free-tips
2023-02-10 13:34:43.595	- Info  -	[http call3] id:2 create new connection : https://slapi.oray.net:443
2023-02-10 13:34:43.605	- Info  -	attempt to connect server slapi.oray.net:443(121.40.200.192:443)
2023-02-10 13:34:43.876	- Info  -	[http call3] id:2, url:https://slapi.oray.net/client/free-tips, status code:200
2023-02-10 13:34:59.099	* Error *	SSLStream::IsWantReadWrite|peer(121.40.200.192:443), SSL_read failed( 6 ), error:00000000:lib(0):func(0):reason(0), file( ..\includes\common\phstream\SSLStream.cpp:1898 )
2023-02-10 13:34:59.100	- Info  -	[http call3] disconnect, error( 0 )
2023-02-10 13:35:10.622	+Warning+	[passive:keepalive:] 114.215.189.130:443 disconnect by keepalive timeout(189531>=159531+30000)
2023-02-10 13:35:10.622	+Warning+	[oray][erroCode] errorcode=ORAY_ERROR_PHSTREAM_KEEPALIVE_TIMEOUT(57351), product=0, type=3, inner code=7 [CPassiveKeepAliveHandler::Done:141]
2023-02-10 13:39:16.440	- Info  -	[shell] status_changed:0
2023-02-10 13:43:07.422	- Info  -	[shell] status_changed:2
2023-02-10 13:43:31.580	- Info  -	[shell] status_changed:1
2023-02-10 13:43:31.608	- Info  -	[http call3] new call id:3, url:https://slapi.oray.net/client/free-tips
2023-02-10 13:43:31.610	- Info  -	[http call3] id:3 create new connection : https://slapi.oray.net:443
2023-02-10 13:43:33.623	- Info  -	attempt to connect server slapi.oray.net:443(121.40.99.129:443)
2023-02-10 13:43:39.907	- Info  -	[http call3] id:3, url:https://slapi.oray.net/client/free-tips, status code:200
2023-02-10 13:43:54.810	* Error *	SSLStream::IsWantReadWrite|peer(121.40.99.129:443), SSL_read failed( 6 ), error:00000000:lib(0):func(0):reason(0), file( ..\includes\common\phstream\SSLStream.cpp:1898 )
2023-02-10 13:43:54.810	- Info  -	[http call3] disconnect, error( 0 )
2023-02-10 13:44:39.683	- Info  -	[shell] status_changed:0
2023-02-10 13:47:02.480	- Info  -	[shell] status_changed:2
2023-02-10 13:47:05.050	- Info  -	[shell] status_changed:1
2023-02-10 13:47:05.079	- Info  -	[http call3] new call id:4, url:https://slapi.oray.net/client/free-tips
2023-02-10 13:47:05.083	- Info  -	[http call3] id:4 create new connection : https://slapi.oray.net:443
2023-02-10 13:47:05.107	- Info  -	attempt to connect server slapi.oray.net:443(121.40.200.192:443)
2023-02-10 13:47:05.394	- Info  -	[http call3] id:4, url:https://slapi.oray.net/client/free-tips, status code:200
2023-02-10 13:47:20.576	* Error *	SSLStream::IsWantReadWrite|peer(121.40.200.192:443), SSL_read failed( 6 ), error:00000000:lib(0):func(0):reason(0), file( ..\includes\common\phstream\SSLStream.cpp:1898 )
2023-02-10 13:47:20.577	- Info  -	[http call3] disconnect, error( 0 )
2023-02-10 13:50:36.038	- Info  -	[shell] status_changed:0
2023-02-10 13:53:32.581	- Info  -	[shell] status_changed:2
2023-02-10 13:53:34.433	- Info  -	[shell] status_changed:1
2023-02-10 13:53:34.464	- Info  -	[http call3] new call id:5, url:https://slapi.oray.net/client/free-tips
2023-02-10 13:53:34.487	- Info  -	[http call3] id:5 create new connection : https://slapi.oray.net:443
2023-02-10 13:53:34.505	- Info  -	attempt to connect server slapi.oray.net:443(121.40.99.129:443)
2023-02-10 13:53:34.958	- Info  -	[http call3] id:5, url:https://slapi.oray.net/client/free-tips, status code:200
2023-02-10 13:53:50.145	* Error *	SSLStream::IsWantReadWrite|peer(121.40.99.129:443), SSL_read failed( 6 ), error:00000000:lib(0):func(0):reason(0), file( ..\includes\common\phstream\SSLStream.cpp:1898 )
2023-02-10 13:53:50.146	- Info  -	[http call3] disconnect, error( 0 )
2023-02-10 13:56:06.962	- Info  -	[shell] status_changed:0
2023-02-10 13:56:15.029	- Info  -	[shell] status_changed:2
2023-02-10 13:56:18.296	- Info  -	[shell] status_changed:1
2023-02-10 13:56:18.324	- Info  -	[http call3] new call id:6, url:https://slapi.oray.net/client/free-tips
2023-02-10 13:56:18.367	- Info  -	[http call3] id:6 create new connection : https://slapi.oray.net:443
2023-02-10 13:56:18.391	- Info  -	attempt to connect server slapi.oray.net:443(121.40.200.192:443)
2023-02-10 13:56:19.028	- Info  -	[http call3] id:6, url:https://slapi.oray.net/client/free-tips, status code:200
2023-02-10 13:56:20.715	- Info  -	[shell] status_changed:0
2023-02-10 13:56:29.181	- Info  -	[shell] status_changed:2
2023-02-10 13:56:31.927	- Info  -	[shell] status_changed:1
2023-02-10 13:56:31.969	- Info  -	[http call3] new call id:7, url:https://slapi.oray.net/client/free-tips
2023-02-10 13:56:31.978	- Info  -	[http call3] id:7 use old connection : https://slapi.oray.net:443
2023-02-10 13:56:32.387	- Info  -	[http call3] id:7, url:https://slapi.oray.net/client/free-tips, status code:200
2023-02-10 13:56:55.386	- Info  -	[http call3] disconnect, error( 10054 )
2023-02-10 13:56:55.387	- Info  -	[shell] status_changed:2
2023-02-10 13:56:55.387	- Info  -	[shell] status_changed:2
2023-02-10 13:57:25.780	- Info  -	[shell] status_changed:0
2023-02-10 13:59:27.387	- Info  -	[shell] status_changed:2
2023-02-10 13:59:32.288	- Info  -	[shell] status_changed:1
2023-02-10 13:59:32.329	- Info  -	[http call3] new call id:8, url:https://slapi.oray.net/client/free-tips
2023-02-10 13:59:32.331	- Info  -	[http call3] id:8 create new connection : https://slapi.oray.net:443
2023-02-10 13:59:33.295	- Info  -	attempt to connect server slapi.oray.net:443(121.40.99.129:443)
2023-02-10 13:59:45.481	- Info  -	[http call3] id:8, url:https://slapi.oray.net/client/free-tips, status code:200
2023-02-10 14:00:00.340	* Error *	SSLStream::IsWantReadWrite|peer(121.40.99.129:443), SSL_read failed( 6 ), error:00000000:lib(0):func(0):reason(0), file( ..\includes\common\phstream\SSLStream.cpp:1898 )
2023-02-10 14:00:00.341	- Info  -	[http call3] disconnect, error( 0 )
2023-02-10 14:01:32.173	- Info  -	[shell] status_changed:2
2023-02-10 14:01:32.173	- Info  -	[shell] status_changed:2
2023-02-10 14:02:15.818	- Info  -	[shell] status_changed:0
