2023-01-24 11:35:05.243	- Info  -	version:3.2.1.40406
2023-01-24 11:35:05.472	* Error *	SSLStream|Remove temp(C:\Windows\TEMP\u2pc.0) file ok
2023-01-24 11:35:06.093	- Info  -	Initialize OK
2023-01-24 11:35:06.093	- Info  -	CAcceptorRaw::set_listener
2023-01-24 11:35:06.093	- Info  -	DesktopAgentServer created with port 0.
2023-01-24 11:35:06.500	* Error *	[udpstack] bind 0.0.0.0:15512 error , errorno = 10048
2023-01-24 11:35:06.500	- Info  -	[service] start listen OK,tcp:0.0.0.0:49678,udp:15623
2023-01-24 11:35:06.515	- Info  -	[discover] Client NotifyDiscover type=5
2023-01-24 11:35:06.625	- Info  -	[localserver] Not use proxy
2023-01-24 11:35:06.797	- Info  -	[mac] local ip:192.168.0.193
2023-01-24 11:35:06.875	- Info  -	[mac] mac address:00:F4:8D:D2:3C:CF
2023-01-24 11:35:06.875	- Info  -	get mac address: 00:F4:8D:D2:3C:CF
2023-01-24 11:35:10.520	- Info  -	os name:Microsoft Windows 10 专业版
2023-01-24 11:35:12.428	- Info  -	m_clientinfo.mac: 00:F4:8D:D2:3C:CF
2023-01-24 11:35:12.464	- Info  -	Current client status: 2
2023-01-24 11:35:12.464	- Info  -	send status_changed notify 2
2023-01-24 11:35:12.464	- Info  -	Login task time 0
2023-01-24 11:35:12.488	- Info  -	Do login( type: 2 ) at 379
2023-01-24 11:35:12.488	- Info  -	[http call3] new call id:1, url:https://slapi.oray.net/remote/get-fastcode
2023-01-24 11:35:12.488	- Info  -	[http call3] id:1 create new connection : https://slapi.oray.net:443
2023-01-24 11:35:12.525	- Info  -	attempt to connect server slapi.oray.net:443(121.40.200.192:443)
2023-01-24 11:35:15.613	- Info  -	[http call3] id:1, url:https://slapi.oray.net/remote/get-fastcode, status code:200
2023-01-24 11:35:15.633	- Info  -	attempt to connect server rc10-fc13.oray.com:443(121.40.51.117:443)
2023-01-24 11:35:15.745	- Info  -	[service] attempted logon
2023-01-24 11:35:15.785	- Info  -	[service] logon server OK. public ip:183.217.21.1
2023-01-24 11:35:15.810	- Info  -	[online] attempted client online
2023-01-24 11:35:15.838	- Info  -	[online] client online OK.
2023-01-24 11:35:15.838	- Info  -	[online] received name:default , description:default .
2023-01-24 11:35:15.853	- Info  -	[service] attempted register client to server
2023-01-24 11:35:15.891	- Info  -	[service] registered client to server
2023-01-24 11:35:15.891	- Info  -	[http call3] new call id:2, url:https://sl-log.oray.net/slclientlog
2023-01-24 11:35:15.891	- Info  -	Current client status: 1
2023-01-24 11:35:15.891	- Info  -	send status_changed notify 1
2023-01-24 11:35:15.899	- Info  -	[http call3] id:2 create new connection : https://sl-log.oray.net:443
2023-01-24 11:35:15.914	- Info  -	attempt to connect server sl-log.oray.net:443(121.40.118.44:443)
2023-01-24 11:35:16.002	- Info  -	[discover] Client NotifyDiscover type=5
2023-01-24 11:35:16.057	- Info  -	[OnLogin start]
2023-01-24 11:35:16.058	- Info  -	[http call3] id:2, url:https://sl-log.oray.net/slclientlog, status code:200
2023-01-24 11:35:16.059	- Info  -	[OnLogin end]
2023-01-24 11:35:16.060	- Info  -	[OnLogin] WaittingTask Start
2023-01-24 11:35:16.062	- Info  -	Set auto_run : true
2023-01-24 11:35:16.247	- Info  -	[OnLogin] WaittingTask end
2023-01-24 11:35:30.637	* Error *	SSLStream::IsWantReadWrite|peer(121.40.200.192:443), SSL_read failed( 6 ), error:00000000:lib(0):func(0):reason(0), file( ..\includes\common\phstream\SSLStream.cpp:1898 )
2023-01-24 11:35:30.638	- Info  -	[http call3] disconnect, error( 0 )
2023-01-24 11:35:46.059	* Error *	SSLStream::IsWantReadWrite|peer(121.40.118.44:443), SSL_read failed( 6 ), error:00000000:lib(0):func(0):reason(0), file( ..\includes\common\phstream\SSLStream.cpp:1898 )
2023-01-24 11:35:46.059	- Info  -	[http call3] disconnect, error( 0 )
2023-01-24 11:35:48.036	- Info  -	[MICRO LIVE] shell oninitdialog to get microlive info enable = 0 status = 0 timelast = 0
