2022-12-22 16:25:12.574	- Info  -	version:3.2.1.40406
2022-12-22 16:25:12.804	* Error *	SSLStream|Remove temp(C:\Windows\TEMP\u2qo.0) file ok
2022-12-22 16:25:13.475	- Info  -	Initialize OK
2022-12-22 16:25:13.475	- Info  -	CAcceptorRaw::set_listener
2022-12-22 16:25:13.475	- Info  -	DesktopAgentServer created with port 0.
2022-12-22 16:25:14.054	* Error *	[udpstack] bind 0.0.0.0:15230 error , errorno = 10048
2022-12-22 16:25:14.054	- Info  -	[service] start listen OK,tcp:0.0.0.0:49679,udp:15341
2022-12-22 16:25:14.054	- Info  -	[discover] Client NotifyDiscover type=5
2022-12-22 16:25:14.132	- Info  -	[localserver] Not use proxy
2022-12-22 16:25:14.179	- Info  -	[mac] local ip:192.168.0.193
2022-12-22 16:25:14.179	- Info  -	[mac] mac address:00:F4:8D:D2:3C:CF
2022-12-22 16:25:14.179	- Info  -	get mac address: 00:F4:8D:D2:3C:CF
2022-12-22 16:25:16.835	- Info  -	os name:Microsoft Windows 10 专业版
2022-12-22 16:25:17.913	- Info  -	m_clientinfo.mac: 00:F4:8D:D2:3C:CF
2022-12-22 16:25:17.976	- Info  -	Current client status: 2
2022-12-22 16:25:17.976	- Info  -	send status_changed notify 2
2022-12-22 16:25:17.976	- Info  -	Login task time 0
2022-12-22 16:25:18.023	- Info  -	Do login( type: 2 ) at 379
2022-12-22 16:25:18.023	- Info  -	[http call3] new call id:1, url:https://slapi.oray.net/remote/get-fastcode
2022-12-22 16:25:18.023	- Info  -	[http call3] id:1 create new connection : https://slapi.oray.net:443
2022-12-22 16:25:18.054	- Info  -	attempt to connect server slapi.oray.net:443(121.40.99.129:443)
2022-12-22 16:25:21.132	- Info  -	[http call3] id:1, url:https://slapi.oray.net/remote/get-fastcode, status code:200
2022-12-22 16:25:21.148	- Info  -	attempt to connect server rc10-fc08.oray.com:443(47.96.179.70:443)
2022-12-22 16:25:21.223	- Info  -	[service] attempted logon
2022-12-22 16:25:21.327	- Info  -	[service] logon server OK. public ip:183.217.165.82
2022-12-22 16:25:21.349	- Info  -	[online] attempted client online
2022-12-22 16:25:21.373	- Info  -	[online] client online OK.
2022-12-22 16:25:21.373	- Info  -	[online] received name:default , description:default .
2022-12-22 16:25:21.379	- Info  -	[service] attempted register client to server
2022-12-22 16:25:21.401	- Info  -	[service] registered client to server
2022-12-22 16:25:21.401	- Info  -	[http call3] new call id:2, url:https://sl-log.oray.net/slclientlog
2022-12-22 16:25:21.401	- Info  -	Current client status: 1
2022-12-22 16:25:21.401	- Info  -	send status_changed notify 1
2022-12-22 16:25:21.407	- Info  -	[http call3] id:2 create new connection : https://sl-log.oray.net:443
2022-12-22 16:25:21.424	- Info  -	attempt to connect server sl-log.oray.net:443(47.97.183.66:443)
2022-12-22 16:25:21.464	- Info  -	[discover] Client NotifyDiscover type=5
2022-12-22 16:25:21.473	- Info  -	[OnLogin start]
2022-12-22 16:25:21.475	- Info  -	[OnLogin end]
2022-12-22 16:25:21.484	- Info  -	[OnLogin] WaittingTask Start
2022-12-22 16:25:21.487	- Info  -	Set auto_run : true
2022-12-22 16:25:21.510	- Info  -	[OnLogin] WaittingTask end
2022-12-22 16:25:21.548	- Info  -	[http call3] id:2, url:https://sl-log.oray.net/slclientlog, status code:200
2022-12-22 16:25:36.131	* Error *	SSLStream::IsWantReadWrite|peer(121.40.99.129:443), SSL_read failed( 6 ), error:00000000:lib(0):func(0):reason(0), file( ..\includes\common\phstream\SSLStream.cpp:1898 )
2022-12-22 16:25:36.131	- Info  -	[http call3] disconnect, error( 0 )
2022-12-22 16:25:51.541	* Error *	SSLStream::IsWantReadWrite|peer(47.97.183.66:443), SSL_read failed( 6 ), error:00000000:lib(0):func(0):reason(0), file( ..\includes\common\phstream\SSLStream.cpp:1898 )
2022-12-22 16:25:51.541	- Info  -	[http call3] disconnect, error( 0 )
2022-12-22 16:25:54.539	- Info  -	[MICRO LIVE] shell oninitdialog to get microlive info enable = 0 status = 0 timelast = 0
