2022-11-19 21:51:46.011	- Info  -	version:3.2.1.40406
2022-11-19 21:51:46.314	* Error *	SSLStream|Remove temp(C:\Windows\TEMP\u2r8.0) file ok
2022-11-19 21:51:46.935	- Info  -	Initialize OK
2022-11-19 21:51:46.935	- Info  -	CAcceptorRaw::set_listener
2022-11-19 21:51:46.935	- Info  -	DesktopAgentServer created with port 0.
2022-11-19 21:51:47.279	- Info  -	[service] start listen OK,tcp:0.0.0.0:49675,udp:16035
2022-11-19 21:51:47.357	- Info  -	[discover] Client NotifyDiscover type=5
2022-11-19 21:51:47.451	- Info  -	[localserver] Not use proxy
2022-11-19 21:51:47.482	- Info  -	[mac] local ip:127.0.0.1
2022-11-19 21:51:47.482	- Info  -	[mac] mac address:
2022-11-19 21:51:47.482	- Info  -	[mac] mac address is empty,get mac address with wmi
2022-11-19 21:51:48.857	- Info  -	get mac address: 46:3b:20:52:41:53
2022-11-19 21:51:52.227	- Info  -	os name:Microsoft Windows 10 专业版
2022-11-19 21:51:53.498	- Info  -	m_clientinfo.mac: 00:F4:8D:D2:3C:CF
2022-11-19 21:51:53.610	- Info  -	Current client status: 2
2022-11-19 21:51:53.610	- Info  -	send status_changed notify 2
2022-11-19 21:51:53.610	- Info  -	Login task time 0
2022-11-19 21:51:53.657	- Info  -	Do login( type: 2 ) at 379
2022-11-19 21:51:53.657	- Info  -	[http call3] new call id:1, url:https://slapi.oray.net/remote/get-fastcode
2022-11-19 21:51:53.659	- Info  -	[http call3] id:1 create new connection : https://slapi.oray.net:443
2022-11-19 21:51:53.698	- Info  -	attempt to connect server slapi.oray.net:443(121.40.99.129:443)
2022-11-19 21:51:56.088	- Info  -	[http call3] id:1, url:https://slapi.oray.net/remote/get-fastcode, status code:200
2022-11-19 21:51:56.104	- Info  -	attempt to connect server rc10-fc.oray.com:443(81.69.182.62:443)
2022-11-19 21:51:56.196	- Info  -	[service] attempted logon
2022-11-19 21:51:56.269	- Info  -	[service] logon server OK. public ip:183.217.165.179
2022-11-19 21:51:56.297	- Info  -	[online] attempted client online
2022-11-19 21:51:56.362	- Info  -	[online] client online OK.
2022-11-19 21:51:56.363	- Info  -	[online] received name:default , description:default .
2022-11-19 21:51:56.379	- Info  -	[service] attempted register client to server
2022-11-19 21:51:56.408	- Info  -	[service] registered client to server
2022-11-19 21:51:56.408	- Info  -	[http call3] new call id:2, url:https://sl-log.oray.net/slclientlog
2022-11-19 21:51:56.408	- Info  -	Current client status: 1
2022-11-19 21:51:56.408	- Info  -	send status_changed notify 1
2022-11-19 21:51:56.416	- Info  -	[http call3] id:2 create new connection : https://sl-log.oray.net:443
2022-11-19 21:51:56.434	- Info  -	attempt to connect server sl-log.oray.net:443(47.97.106.171:443)
2022-11-19 21:51:56.445	- Info  -	[discover] Client NotifyDiscover type=5
2022-11-19 21:51:56.454	- Info  -	[OnLogin start]
2022-11-19 21:51:56.458	- Info  -	[OnLogin end]
2022-11-19 21:51:56.626	- Info  -	[http call3] id:2, url:https://sl-log.oray.net/slclientlog, status code:200
2022-11-19 21:51:56.704	- Info  -	[OnLogin] WaittingTask Start
2022-11-19 21:51:56.712	- Info  -	Set auto_run : true
2022-11-19 21:51:56.946	- Info  -	[OnLogin] WaittingTask end
2022-11-19 21:52:11.084	* Error *	SSLStream::IsWantReadWrite|peer(121.40.99.129:443), SSL_read failed( 6 ), error:00000000:lib(0):func(0):reason(0), file( ..\includes\common\phstream\SSLStream.cpp:1898 )
2022-11-19 21:52:11.084	- Info  -	[http call3] disconnect, error( 0 )
2022-11-19 21:52:23.820	- Info  -	[MICRO LIVE] shell oninitdialog to get microlive info enable = 0 status = 0 timelast = 0
2022-11-19 21:52:26.617	* Error *	SSLStream::IsWantReadWrite|peer(47.97.106.171:443), SSL_read failed( 6 ), error:00000000:lib(0):func(0):reason(0), file( ..\includes\common\phstream\SSLStream.cpp:1898 )
2022-11-19 21:52:26.617	- Info  -	[http call3] disconnect, error( 0 )
2022-11-19 21:58:22.838	+Warning+	[passive:keepalive:] 81.69.182.62:443 disconnect by keepalive timeout(419984>=299234+120000)
2022-11-19 21:58:22.838	+Warning+	[oray][erroCode] errorcode=ORAY_ERROR_PHSTREAM_KEEPALIVE_TIMEOUT(57351), product=0, type=3, inner code=7 [CPassiveKeepAliveHandler::Done:141]
2022-11-19 21:58:22.839	- Info  -	[oray][erroCode] errorcode=oray_errorcode(57351), product=0, type=3, inner code=7 [CMultiplexLogicStream::Disconnect_impl:121]
2022-11-19 21:58:22.839	* Error *	[online] online disconnected,error code:0
2022-11-19 21:58:22.839	- Info  -	[oray][erroCode] errorcode=errorcode(0), product=0, type=0, inner code=0 [COnlineHandler::OnDisconnect:86]
2022-11-19 21:58:22.839	- Info  -	[RemoteControl] disconnected server(81.69.182.62:443),error code:0
2022-11-19 21:58:22.840	- Info  -	[service] disconnected server(81.69.182.62:443),errorcode:0
2022-11-19 21:58:22.840	- Info  -	curStatus: 0, m_Status: 1
2022-11-19 21:58:22.841	- Info  -	[http call3] new call id:3, url:https://sl-log.oray.net/slclientlog
2022-11-19 21:58:22.841	- Info  -	Current client status: 0
2022-11-19 21:58:22.841	- Info  -	send status_changed notify 0
2022-11-19 21:58:22.841	- Info  -	[OnLogout start]
2022-11-19 21:58:22.842	- Info  -	[service] stop all projections
2022-11-19 21:58:22.842	- Info  -	retry login now......
2022-11-19 21:58:22.842	- Info  -	Current client status: 2
2022-11-19 21:58:22.842	- Info  -	send status_changed notify 2
2022-11-19 21:58:22.843	- Info  -	Login task time 0
2022-11-19 21:58:22.843	- Info  -	[OnLogout end]
2022-11-19 21:58:22.854	- Info  -	Do login( type: 2 ) at 379
2022-11-19 21:58:22.854	- Info  -	[http call3] new call id:4, url:https://slapi.oray.net/remote/get-fastcode
2022-11-19 21:58:22.856	- Info  -	[http call3] id:3 create new connection : https://sl-log.oray.net:443
2022-11-19 21:58:22.874	- Info  -	attempt to connect server sl-log.oray.net:443(121.199.72.21:443)
2022-11-19 21:58:22.875	- Info  -	[http call3] id:4 create new connection : https://slapi.oray.net:443
2022-11-19 21:58:22.897	- Info  -	attempt to connect server slapi.oray.net:443(121.40.200.192:443)
2022-11-19 21:58:23.001	- Info  -	[http call3] id:3, url:https://sl-log.oray.net/slclientlog, status code:200
2022-11-19 21:58:23.106	- Info  -	[http call3] id:4, url:https://slapi.oray.net/remote/get-fastcode, status code:200
2022-11-19 21:58:23.122	- Info  -	attempt to connect server rc10-fc09.oray.com:443(81.69.153.131:443)
2022-11-19 21:58:23.223	- Info  -	[service] attempted logon
2022-11-19 21:58:23.285	- Info  -	[service] logon server OK. public ip:183.217.165.179
2022-11-19 21:58:23.315	- Info  -	[online] attempted client online
2022-11-19 21:58:23.340	- Info  -	[online] client online OK.
2022-11-19 21:58:23.341	- Info  -	[online] received name:default , description:default .
2022-11-19 21:58:23.354	- Info  -	[service] attempted register client to server
2022-11-19 21:58:23.379	- Info  -	[service] registered client to server
2022-11-19 21:58:23.380	- Info  -	[http call3] new call id:5, url:https://sl-log.oray.net/slclientlog
2022-11-19 21:58:23.380	- Info  -	Current client status: 1
2022-11-19 21:58:23.380	- Info  -	send status_changed notify 1
2022-11-19 21:58:23.398	- Info  -	[http call3] id:5 use old connection : https://sl-log.oray.net:443
2022-11-19 21:58:23.424	- Info  -	[discover] Client NotifyDiscover type=5
2022-11-19 21:58:23.428	- Info  -	[http call3] id:5, url:https://sl-log.oray.net/slclientlog, status code:200
2022-11-19 21:58:23.436	- Info  -	[OnLogin start]
2022-11-19 21:58:23.440	- Info  -	[OnLogin] WaittingTask Start
2022-11-19 21:58:23.452	- Info  -	[OnLogin end]
2022-11-19 21:58:23.539	- Info  -	Set auto_run : true
2022-11-19 21:58:23.960	- Info  -	[OnLogin] WaittingTask end
2022-11-19 21:58:38.096	* Error *	SSLStream::IsWantReadWrite|peer(121.40.200.192:443), SSL_read failed( 6 ), error:00000000:lib(0):func(0):reason(0), file( ..\includes\common\phstream\SSLStream.cpp:1898 )
2022-11-19 21:58:38.096	- Info  -	[http call3] disconnect, error( 0 )
2022-11-19 21:58:53.432	* Error *	SSLStream::IsWantReadWrite|peer(121.199.72.21:443), SSL_read failed( 6 ), error:00000000:lib(0):func(0):reason(0), file( ..\includes\common\phstream\SSLStream.cpp:1898 )
2022-11-19 21:58:53.433	- Info  -	[http call3] disconnect, error( 0 )
2022-11-19 22:20:28.617	- Info  -	[ServiceEx] the service control is 13
2022-11-19 22:20:28.617	- Info  -	SERVICE_CONTROL_POWEREVENT************dwEventType:4
2022-11-19 22:20:28.617	+Warning+	[service] power event, system is suspending.
2022-11-19 22:20:28.618	- Info  -	Logout ...
2022-11-19 22:20:28.618	- Info  -	[oray][erroCode] errorcode=oray_errorcode(0), product=0, type=0, inner code=0 [CMultiplexLogicStream::Disconnect_impl:121]
2022-11-19 22:20:28.618	- Info  -	[RemoteControl] disconnected server(81.69.153.131:443),error code:0
2022-11-19 22:20:28.619	* Error *	[online] online disconnected,error code:0
2022-11-19 22:20:28.619	- Info  -	[oray][erroCode] errorcode=errorcode(0), product=0, type=0, inner code=0 [COnlineHandler::OnDisconnect:86]
2022-11-19 22:20:28.619	- Info  -	[service] disconnected server(81.69.153.131:443),errorcode:0
2022-11-19 22:20:28.619	- Info  -	curStatus: 0, m_Status: 1
2022-11-19 22:20:28.619	- Info  -	[http call3] new call id:6, url:https://sl-log.oray.net/slclientlog
2022-11-19 22:20:28.619	- Info  -	Current client status: 0
2022-11-19 22:20:28.619	- Info  -	send status_changed notify 0
2022-11-19 22:20:28.619	- Info  -	[OnLogout start]
2022-11-19 22:20:28.620	- Info  -	[service] stop all projections
2022-11-19 22:20:28.620	- Info  -	[OnLogout end]
2022-11-19 22:20:28.629	- Info  -	[MICRO LIVE] shell send close micro_live_plugin
2022-11-19 22:20:28.632	- Info  -	[http call3] id:6 create new connection : https://sl-log.oray.net:443
2022-11-19 22:20:28.663	- Info  -	attempt to connect server sl-log.oray.net:443(47.97.106.171:443)
2022-11-19 22:20:28.794	- Info  -	[http call3] id:6, url:https://sl-log.oray.net/slclientlog, status code:200
2022-11-19 22:20:34.396	- Info  -	[ServiceEx] the service control is 13
2022-11-19 22:20:34.397	- Info  -	SERVICE_CONTROL_POWEREVENT************dwEventType:18
2022-11-19 22:20:34.397	+Warning+	[service] power event, system is resumed.
2022-11-19 22:20:35.087	- Info  -	retry login now......
2022-11-19 22:20:35.087	- Info  -	Current client status: 2
2022-11-19 22:20:35.087	- Info  -	send status_changed notify 2
2022-11-19 22:20:35.088	- Info  -	Login task time 0
2022-11-19 22:20:35.088	- Info  -	[service] retry login by power event
2022-11-19 22:20:35.139	- Info  -	Do login( type: 2 ) at 379
2022-11-19 22:20:35.140	- Info  -	[http call3] new call id:7, url:https://slapi.oray.net/remote/get-fastcode
2022-11-19 22:20:35.148	- Info  -	[http call3] id:7 create new connection : https://slapi.oray.net:443
2022-11-19 22:20:35.272	- Info  -	attempt to connect server slapi.oray.net:443(121.40.99.129:443)
2022-11-19 22:20:35.577	- Info  -	[http call3] id:7, url:https://slapi.oray.net/remote/get-fastcode, status code:200
2022-11-19 22:20:35.713	- Info  -	[ServiceEx] the service control is 13
2022-11-19 22:20:35.713	- Info  -	SERVICE_CONTROL_POWEREVENT************dwEventType:7
2022-11-19 22:20:35.713	+Warning+	[service] power event, system is resumed.
2022-11-19 22:20:35.749	- Info  -	[service] retry login by power event
2022-11-19 22:20:35.750	- Info  -	attempt to connect server rc10-fc05.oray.com:443(47.118.71.166:443)
2022-11-19 22:20:35.971	- Info  -	[service] attempted logon
2022-11-19 22:20:36.007	- Info  -	[service] logon server OK. public ip:183.217.165.179
2022-11-19 22:20:36.032	- Info  -	[online] attempted client online
2022-11-19 22:20:36.057	- Info  -	[online] client online OK.
2022-11-19 22:20:36.057	- Info  -	[online] received name:default , description:default .
2022-11-19 22:20:36.071	- Info  -	[service] attempted register client to server
2022-11-19 22:20:36.094	- Info  -	[service] registered client to server
2022-11-19 22:20:36.095	- Info  -	[http call3] new call id:8, url:https://sl-log.oray.net/slclientlog
2022-11-19 22:20:36.095	- Info  -	Current client status: 1
2022-11-19 22:20:36.095	- Info  -	send status_changed notify 1
2022-11-19 22:20:36.109	- Info  -	[http call3] id:8 use old connection : https://sl-log.oray.net:443
2022-11-19 22:20:36.139	- Info  -	[discover] Client NotifyDiscover type=5
2022-11-19 22:20:36.146	- Info  -	[http call3] id:8, url:https://sl-log.oray.net/slclientlog, status code:200
2022-11-19 22:20:36.197	- Info  -	[OnLogin start]
2022-11-19 22:20:36.201	- Info  -	[OnLogin end]
2022-11-19 22:20:36.210	- Info  -	[OnLogin] WaittingTask Start
2022-11-19 22:20:36.463	- Info  -	Set auto_run : true
2022-11-19 22:20:37.694	- Info  -	[OnLogin] WaittingTask end
2022-11-19 22:20:37.809	- Info  -	[ServiceEx] the service control is 13
2022-11-19 22:20:37.809	- Info  -	SERVICE_CONTROL_POWEREVENT************dwEventType:4
2022-11-19 22:20:37.809	+Warning+	[service] power event, system is suspending.
2022-11-19 22:20:37.810	- Info  -	Logout ...
2022-11-19 22:20:37.810	- Info  -	[oray][erroCode] errorcode=oray_errorcode(0), product=0, type=0, inner code=0 [CMultiplexLogicStream::Disconnect_impl:121]
2022-11-19 22:20:37.810	- Info  -	[RemoteControl] disconnected server(47.118.71.166:443),error code:0
2022-11-19 22:20:37.810	* Error *	[online] online disconnected,error code:0
2022-11-19 22:20:37.810	- Info  -	[oray][erroCode] errorcode=errorcode(0), product=0, type=0, inner code=0 [COnlineHandler::OnDisconnect:86]
2022-11-19 22:20:37.810	- Info  -	[service] disconnected server(47.118.71.166:443),errorcode:0
2022-11-19 22:20:37.810	- Info  -	curStatus: 0, m_Status: 1
2022-11-19 22:20:37.810	- Info  -	[http call3] new call id:9, url:https://sl-log.oray.net/slclientlog
2022-11-19 22:20:37.810	- Info  -	Current client status: 0
2022-11-19 22:20:37.820	- Info  -	[http call3] id:9 use old connection : https://sl-log.oray.net:443
2022-11-19 22:20:37.811	- Info  -	send status_changed notify 0
2022-11-19 22:20:37.824	- Info  -	[OnLogout start]
2022-11-19 22:20:37.824	- Info  -	[service] stop all projections
2022-11-19 22:20:37.824	- Info  -	[OnLogout end]
2022-11-19 22:20:37.856	- Info  -	[http call3] id:9, url:https://sl-log.oray.net/slclientlog, status code:200
2022-11-19 22:20:37.883	- Info  -	[MICRO LIVE] shell send close micro_live_plugin
