2022-10-28 18:43:55.364	- Info  -	version:3.2.1.40406
2022-10-28 18:43:55.514	* Error *	SSLStream|Remove temp(C:\Windows\TEMP\u2mg.0) file ok
2022-10-28 18:43:55.879	- Info  -	Initialize OK
2022-10-28 18:43:55.879	- Info  -	CAcceptorRaw::set_listener
2022-10-28 18:43:55.894	- Info  -	DesktopAgentServer created with port 0.
2022-10-28 18:43:56.175	* Error *	[udpstack] bind 0.0.0.0:15565 error , errorno = 10048
2022-10-28 18:43:56.175	- Info  -	[service] start listen OK,tcp:0.0.0.0:49675,udp:15676
2022-10-28 18:43:56.254	- Info  -	[discover] Client NotifyDiscover type=5
2022-10-28 18:43:56.394	- Info  -	[localserver] Not use proxy
2022-10-28 18:43:56.410	- Info  -	network error, retrying login server
2022-10-28 18:43:59.439	- Info  -	[mac] local ip:192.168.0.193
2022-10-28 18:43:59.471	- Info  -	[mac] mac address:00:F4:8D:D2:3C:CF
2022-10-28 18:43:59.471	- Info  -	get mac address: 00:F4:8D:D2:3C:CF
2022-10-28 18:44:02.457	- Info  -	os name:Microsoft Windows 10 专业版
2022-10-28 18:44:04.392	- Info  -	m_clientinfo.mac: 00:F4:8D:D2:3C:CF
2022-10-28 18:44:04.461	- Info  -	Current client status: 2
2022-10-28 18:44:04.461	- Info  -	send status_changed notify 2
2022-10-28 18:44:04.461	- Info  -	Login task time 0
2022-10-28 18:44:04.572	- Info  -	Do login( type: 2 ) at 379
2022-10-28 18:44:04.572	- Info  -	[http call3] new call id:1, url:https://slapi.oray.net/remote/get-fastcode
2022-10-28 18:44:04.572	- Info  -	[http call3] id:1 create new connection : https://slapi.oray.net:443
2022-10-28 18:44:04.678	- Info  -	attempt to connect server slapi.oray.net:443(121.40.200.192:443)
2022-10-28 18:44:05.261	- Info  -	[http call3] id:1, url:https://slapi.oray.net/remote/get-fastcode, status code:200
2022-10-28 18:44:05.274	- Info  -	attempt to connect server rc10-fc06.oray.com:443(120.26.127.51:443)
2022-10-28 18:44:05.402	- Info  -	[service] attempted logon
2022-10-28 18:44:05.444	- Info  -	[service] logon server OK. public ip:183.217.164.59
2022-10-28 18:44:05.473	- Info  -	[online] attempted client online
2022-10-28 18:44:05.516	- Info  -	[online] client online OK.
2022-10-28 18:44:05.516	- Info  -	[online] received name:default , description:default .
2022-10-28 18:44:05.519	- Info  -	[service] attempted register client to server
2022-10-28 18:44:05.549	- Info  -	[service] registered client to server
2022-10-28 18:44:05.550	- Info  -	[http call3] new call id:2, url:https://sl-log.oray.net/slclientlog
2022-10-28 18:44:05.550	- Info  -	Current client status: 1
2022-10-28 18:44:05.550	- Info  -	send status_changed notify 1
2022-10-28 18:44:05.554	- Info  -	[http call3] id:2 create new connection : https://sl-log.oray.net:443
2022-10-28 18:44:05.570	- Info  -	attempt to connect server sl-log.oray.net:443(121.41.32.171:443)
2022-10-28 18:44:05.575	- Info  -	[discover] Client NotifyDiscover type=5
2022-10-28 18:44:05.686	- Info  -	[http call3] id:2, url:https://sl-log.oray.net/slclientlog, status code:200
2022-10-28 18:44:05.845	- Info  -	[OnLogin start]
2022-10-28 18:44:05.862	- Info  -	[OnLogin end]
2022-10-28 18:44:05.909	- Info  -	[OnLogin] WaittingTask Start
2022-10-28 18:44:05.929	- Info  -	Set auto_run : true
2022-10-28 18:44:06.137	- Info  -	[OnLogin] WaittingTask end
2022-10-28 18:44:20.261	* Error *	SSLStream::IsWantReadWrite|peer(121.40.200.192:443), SSL_read failed( 6 ), error:00000000:lib(0):func(0):reason(0), file( ..\includes\common\phstream\SSLStream.cpp:1898 )
2022-10-28 18:44:20.261	- Info  -	[http call3] disconnect, error( 0 )
2022-10-28 18:44:29.987	- Info  -	[MICRO LIVE] shell oninitdialog to get microlive info enable = 0 status = 0 timelast = 0
2022-10-28 18:44:35.687	* Error *	SSLStream::IsWantReadWrite|peer(121.41.32.171:443), SSL_read failed( 6 ), error:00000000:lib(0):func(0):reason(0), file( ..\includes\common\phstream\SSLStream.cpp:1898 )
2022-10-28 18:44:35.687	- Info  -	[http call3] disconnect, error( 0 )
2022-10-28 19:21:01.678	- Info  -	[ServiceEx] the service control is 5
2022-10-28 19:21:01.678	- Info  -	SERVICE_CONTROL_SHUTDOWN************
2022-10-28 19:21:01.678	- Info  -	[discover] Client NotifyDiscover type=6
2022-10-28 19:21:01.682	- Info  -	Logout ...
2022-10-28 19:21:01.682	- Info  -	[oray][erroCode] errorcode=oray_errorcode(0), product=0, type=0, inner code=0 [CMultiplexLogicStream::Disconnect_impl:121]
2022-10-28 19:21:01.682	- Info  -	[RemoteControl] disconnected server(120.26.127.51:443),error code:0
2022-10-28 19:21:01.682	* Error *	[online] online disconnected,error code:0
2022-10-28 19:21:01.682	- Info  -	[oray][erroCode] errorcode=errorcode(0), product=0, type=0, inner code=0 [COnlineHandler::OnDisconnect:86]
2022-10-28 19:21:01.682	- Info  -	[service] disconnected server(120.26.127.51:443),errorcode:0
2022-10-28 19:21:01.682	- Info  -	curStatus: 0, m_Status: 1
2022-10-28 19:21:01.682	- Info  -	[http call3] new call id:3, url:https://sl-log.oray.net/slclientlog
2022-10-28 19:21:01.682	- Info  -	Current client status: 0
2022-10-28 19:21:01.698	- Info  -	[http call3] id:3 create new connection : https://sl-log.oray.net:443
2022-10-28 19:21:01.823	- Info  -	attempt to connect server sl-log.oray.net:443(47.97.186.100:443)
2022-10-28 19:21:02.151	- Info  -	[http call3] id:3, url:https://sl-log.oray.net/slclientlog, status code:200
2022-10-28 19:21:02.401	- Info  -	[CUDPLibWrapper] map size: 0, value: 
2022-10-28 19:21:02.464	- Info  -	[service] stop listen OK
2022-10-28 19:21:02.526	- Info  -	[service] stop all projections
2022-10-28 19:21:02.526	- Info  -	[discover] Client NotifyDiscover type=6
2022-10-28 19:21:05.544	* Error *	[hidden_wnd] Message Thread Exit wrong: 258
2022-10-28 19:21:05.560	- Info  -	[CUDPLibWrapper] map size: 0, value: 
2022-10-28 19:21:05.561	- Info  -	Terminate OK
2022-10-28 19:21:05.561	- Info  -	Terminate OK
2022-10-28 19:21:05.562	- Info  -	[service] stop all projections
2022-10-28 19:21:05.589	- Info  -	[http call3] disconnect, error( 0 )
2022-10-28 19:21:05.594	- Info  -	program service is exit 
