2022-12-10 20:14:15.862	- Info  -	version:3.2.1.40406
2022-12-10 20:14:16.088	* Error *	SSLStream|Remove temp(C:\Windows\TEMP\u2r4.0) file ok
2022-12-10 20:14:17.218	- Info  -	Initialize OK
2022-12-10 20:14:17.218	- Info  -	CAcceptorRaw::set_listener
2022-12-10 20:14:17.218	- Info  -	DesktopAgentServer created with port 0.
2022-12-10 20:14:17.984	- Info  -	[service] start listen OK,tcp:0.0.0.0:49678,udp:15686
2022-12-10 20:14:18.000	- Info  -	[discover] Client NotifyDiscover type=5
2022-12-10 20:14:18.062	- Info  -	[localserver] Not use proxy
2022-12-10 20:14:18.062	- Info  -	[mac] local ip:192.168.0.193
2022-12-10 20:14:18.203	- Info  -	[mac] mac address:00:F4:8D:D2:3C:CF
2022-12-10 20:14:18.203	- Info  -	get mac address: 00:F4:8D:D2:3C:CF
2022-12-10 20:14:21.717	- Info  -	os name:Microsoft Windows 10 专业版
2022-12-10 20:14:22.990	- Info  -	m_clientinfo.mac: 00:F4:8D:D2:3C:CF
2022-12-10 20:14:23.054	- Info  -	Current client status: 2
2022-12-10 20:14:23.054	- Info  -	send status_changed notify 2
2022-12-10 20:14:23.054	- Info  -	Login task time 0
2022-12-10 20:14:23.122	- Info  -	Do login( type: 2 ) at 379
2022-12-10 20:14:23.122	- Info  -	[http call3] new call id:1, url:https://slapi.oray.net/remote/get-fastcode
2022-12-10 20:14:23.140	- Info  -	[http call3] id:1 create new connection : https://slapi.oray.net:443
2022-12-10 20:14:23.224	- Info  -	attempt to connect server slapi.oray.net:443(121.40.200.192:443)
2022-12-10 20:14:25.917	- Info  -	[http call3] id:1, url:https://slapi.oray.net/remote/get-fastcode, status code:200
2022-12-10 20:14:25.932	- Info  -	attempt to connect server rc10-fc06.oray.com:443(120.26.127.51:443)
2022-12-10 20:14:26.018	- Info  -	[service] attempted logon
2022-12-10 20:14:26.052	- Info  -	[service] logon server OK. public ip:183.217.165.82
2022-12-10 20:14:26.074	- Info  -	[online] attempted client online
2022-12-10 20:14:26.098	- Info  -	[online] client online OK.
2022-12-10 20:14:26.098	- Info  -	[online] received name:default , description:default .
2022-12-10 20:14:26.112	- Info  -	[service] attempted register client to server
2022-12-10 20:14:26.137	- Info  -	[service] registered client to server
2022-12-10 20:14:26.137	- Info  -	[http call3] new call id:2, url:https://sl-log.oray.net/slclientlog
2022-12-10 20:14:26.137	- Info  -	Current client status: 1
2022-12-10 20:14:26.137	- Info  -	send status_changed notify 1
2022-12-10 20:14:26.144	- Info  -	[http call3] id:2 create new connection : https://sl-log.oray.net:443
2022-12-10 20:14:26.167	- Info  -	attempt to connect server sl-log.oray.net:443(120.26.160.74:443)
2022-12-10 20:14:26.333	- Info  -	[http call3] id:2, url:https://sl-log.oray.net/slclientlog, status code:200
2022-12-10 20:14:26.353	- Info  -	[discover] Client NotifyDiscover type=5
2022-12-10 20:14:26.590	- Info  -	[OnLogin start]
2022-12-10 20:14:26.593	- Info  -	[OnLogin end]
2022-12-10 20:14:26.783	- Info  -	[OnLogin] WaittingTask Start
2022-12-10 20:14:26.786	- Info  -	Set auto_run : true
2022-12-10 20:14:27.102	- Info  -	[OnLogin] WaittingTask end
2022-12-10 20:14:40.916	* Error *	SSLStream::IsWantReadWrite|peer(121.40.200.192:443), SSL_read failed( 6 ), error:00000000:lib(0):func(0):reason(0), file( ..\includes\common\phstream\SSLStream.cpp:1898 )
2022-12-10 20:14:40.916	- Info  -	[http call3] disconnect, error( 0 )
2022-12-10 20:14:53.451	- Info  -	[MICRO LIVE] shell oninitdialog to get microlive info enable = 0 status = 0 timelast = 0
2022-12-10 20:14:56.331	* Error *	SSLStream::IsWantReadWrite|peer(120.26.160.74:443), SSL_read failed( 6 ), error:00000000:lib(0):func(0):reason(0), file( ..\includes\common\phstream\SSLStream.cpp:1898 )
2022-12-10 20:14:56.332	- Info  -	[http call3] disconnect, error( 0 )
2022-12-10 20:21:56.395	+Warning+	[passive:keepalive:] 120.26.127.51:443 disconnect by keepalive timeout(480296>=360000+120000)
2022-12-10 20:21:56.395	+Warning+	[oray][erroCode] errorcode=ORAY_ERROR_PHSTREAM_KEEPALIVE_TIMEOUT(57351), product=0, type=3, inner code=7 [CPassiveKeepAliveHandler::Done:141]
2022-12-10 20:21:56.395	- Info  -	[oray][erroCode] errorcode=oray_errorcode(57351), product=0, type=3, inner code=7 [CMultiplexLogicStream::Disconnect_impl:121]
2022-12-10 20:21:56.395	* Error *	[online] online disconnected,error code:0
2022-12-10 20:21:56.395	- Info  -	[oray][erroCode] errorcode=errorcode(0), product=0, type=0, inner code=0 [COnlineHandler::OnDisconnect:86]
2022-12-10 20:21:56.396	- Info  -	[RemoteControl] disconnected server(120.26.127.51:443),error code:0
2022-12-10 20:21:56.396	- Info  -	[service] disconnected server(120.26.127.51:443),errorcode:0
2022-12-10 20:21:56.396	- Info  -	curStatus: 0, m_Status: 1
2022-12-10 20:21:56.396	- Info  -	[http call3] new call id:3, url:https://sl-log.oray.net/slclientlog
2022-12-10 20:21:56.396	- Info  -	Current client status: 0
2022-12-10 20:21:56.396	- Info  -	send status_changed notify 0
2022-12-10 20:21:56.396	- Info  -	[OnLogout start]
2022-12-10 20:21:56.397	- Info  -	[service] stop all projections
2022-12-10 20:21:56.397	- Info  -	retry login now......
2022-12-10 20:21:56.397	- Info  -	Current client status: 2
2022-12-10 20:21:56.397	- Info  -	send status_changed notify 2
2022-12-10 20:21:56.401	- Info  -	Login task time 0
2022-12-10 20:21:56.401	- Info  -	[OnLogout end]
2022-12-10 20:21:56.402	- Info  -	[http call3] id:3 create new connection : https://sl-log.oray.net:443
2022-12-10 20:21:56.414	- Info  -	Do login( type: 2 ) at 379
2022-12-10 20:21:56.414	- Info  -	[http call3] new call id:4, url:https://slapi.oray.net/remote/get-fastcode
2022-12-10 20:21:56.456	- Info  -	attempt to connect server sl-log.oray.net:443(121.41.32.171:443)
2022-12-10 20:21:56.457	- Info  -	[http call3] id:4 create new connection : https://slapi.oray.net:443
2022-12-10 20:21:56.474	- Info  -	attempt to connect server slapi.oray.net:443(121.40.99.129:443)
2022-12-10 20:21:56.774	- Info  -	[http call3] id:3, url:https://sl-log.oray.net/slclientlog, status code:200
2022-12-10 20:21:56.850	- Info  -	[http call3] id:4, url:https://slapi.oray.net/remote/get-fastcode, status code:200
2022-12-10 20:21:56.866	- Info  -	attempt to connect server rc10-fc02.oray.com:443(120.27.228.19:443)
2022-12-10 20:21:56.978	- Info  -	[service] attempted logon
2022-12-10 20:21:57.031	- Info  -	[service] logon server OK. public ip:183.217.165.82
2022-12-10 20:21:57.141	- Info  -	[online] attempted client online
2022-12-10 20:21:57.184	- Info  -	[online] client online OK.
2022-12-10 20:21:57.184	- Info  -	[online] received name:default , description:default .
2022-12-10 20:21:57.236	- Info  -	[service] attempted register client to server
2022-12-10 20:21:57.300	- Info  -	[service] registered client to server
2022-12-10 20:21:57.300	- Info  -	[http call3] new call id:5, url:https://sl-log.oray.net/slclientlog
2022-12-10 20:21:57.300	- Info  -	Current client status: 1
2022-12-10 20:21:57.300	- Info  -	send status_changed notify 1
2022-12-10 20:21:57.317	- Info  -	[http call3] id:5 use old connection : https://sl-log.oray.net:443
2022-12-10 20:21:57.347	- Info  -	[http call3] id:5, url:https://sl-log.oray.net/slclientlog, status code:200
2022-12-10 20:21:57.362	- Info  -	[discover] Client NotifyDiscover type=5
2022-12-10 20:21:57.550	- Info  -	[OnLogin start]
2022-12-10 20:21:57.560	- Info  -	[OnLogin end]
2022-12-10 20:21:57.750	- Info  -	[OnLogin] WaittingTask Start
2022-12-10 20:21:57.901	- Info  -	Set auto_run : true
2022-12-10 20:21:59.133	- Info  -	[OnLogin] WaittingTask end
2022-12-10 20:22:11.850	* Error *	SSLStream::IsWantReadWrite|peer(121.40.99.129:443), SSL_read failed( 6 ), error:00000000:lib(0):func(0):reason(0), file( ..\includes\common\phstream\SSLStream.cpp:1898 )
2022-12-10 20:22:11.850	- Info  -	[http call3] disconnect, error( 0 )
2022-12-10 20:22:27.370	* Error *	SSLStream::IsWantReadWrite|peer(121.41.32.171:443), SSL_read failed( 6 ), error:00000000:lib(0):func(0):reason(0), file( ..\includes\common\phstream\SSLStream.cpp:1898 )
2022-12-10 20:22:27.370	- Info  -	[http call3] disconnect, error( 0 )
2022-12-10 21:03:21.256	- Info  -	[ServiceEx] the service control is 13
2022-12-10 21:03:21.257	- Info  -	SERVICE_CONTROL_POWEREVENT************dwEventType:4
2022-12-10 21:03:21.257	+Warning+	[service] power event, system is suspending.
2022-12-10 21:03:21.258	- Info  -	Logout ...
2022-12-10 21:03:21.258	- Info  -	[oray][erroCode] errorcode=oray_errorcode(0), product=0, type=0, inner code=0 [CMultiplexLogicStream::Disconnect_impl:121]
2022-12-10 21:03:21.258	- Info  -	[RemoteControl] disconnected server(120.27.228.19:443),error code:0
2022-12-10 21:03:21.260	* Error *	[online] online disconnected,error code:0
2022-12-10 21:03:21.260	- Info  -	[oray][erroCode] errorcode=errorcode(0), product=0, type=0, inner code=0 [COnlineHandler::OnDisconnect:86]
2022-12-10 21:03:21.260	- Info  -	[service] disconnected server(120.27.228.19:443),errorcode:0
2022-12-10 21:03:21.260	- Info  -	curStatus: 0, m_Status: 1
2022-12-10 21:03:21.260	- Info  -	[http call3] new call id:6, url:https://sl-log.oray.net/slclientlog
2022-12-10 21:03:21.260	- Info  -	Current client status: 0
2022-12-10 21:03:21.260	- Info  -	send status_changed notify 0
2022-12-10 21:03:21.260	- Info  -	[OnLogout start]
2022-12-10 21:03:21.261	- Info  -	[service] stop all projections
2022-12-10 21:03:21.261	- Info  -	[OnLogout end]
2022-12-10 21:03:21.266	- Info  -	[http call3] id:6 create new connection : https://sl-log.oray.net:443
2022-12-10 21:03:21.271	- Info  -	[MICRO LIVE] shell send close micro_live_plugin
2022-12-10 21:03:21.290	- Info  -	attempt to connect server sl-log.oray.net:443(121.40.118.44:443)
2022-12-10 21:03:21.425	- Info  -	[http call3] id:6, url:https://sl-log.oray.net/slclientlog, status code:200
