2023-04-14 11:48:47.611	- Info  -	version:3.2.1.40406
2023-04-14 11:48:47.612	- Info  -	[clipboard][client] current session id 1, ProcessID 7208

2023-04-14 11:48:47.613	- Info  -	attempt to connect server 127.0.0.1:7980(127.0.0.1:7980)
2023-04-14 11:48:47.614	- Info  -	[clipboard][DesktopAgentClient] connect DesktopServer ok.
2023-04-14 11:48:47.615	- Info  -	[clipboard][client::handler] connected sid(0), thread(4312)
2023-04-14 11:48:47.615	- Info  -	[clipboard] start clipboard...
2023-04-14 11:48:47.650	- Info  -	[clipboard][converter] html format 49428
2023-04-14 11:48:47.651	- Info  -	[clipboard][converter] rtf format 49289
2023-04-14 11:48:47.652	- Info  -	[clipboard] start clipboard ok.
2023-04-14 11:48:47.652	- Info  -	[clipboard] stop clipboard...
2023-04-14 11:48:47.679	- Info  -	[clipboard] recv thread end(1).
2023-04-14 11:48:47.679	- Info  -	[clipboard] call CClipboardViewer::DestroyWnd at 190
2023-04-14 11:48:47.679	- Info  -	[clipboard] recv WM_CLOSE, end thread.
2023-04-14 11:48:47.681	- Info  -	[clipboard] Stop Clipboard ok
2023-04-14 11:48:48.082	- Info  -	[clipboard] start clipboard...
2023-04-14 11:48:48.145	- Info  -	[clipboard][converter] html format 49428
2023-04-14 11:48:48.145	- Info  -	[clipboard][converter] rtf format 49289
2023-04-14 11:48:48.146	- Info  -	[clipboard] start clipboard ok.
2023-04-14 11:48:48.146	- Info  -	[clipboard] recv thread end(2).
2023-04-14 11:48:50.378	- Info  -	CClipboardRaw::OnReceiveQueryVersionRes 2
2023-04-14 11:48:50.380	- Info  -	CClipboardRaw::OnReceiveQueryVersionRes 2
2023-04-14 11:48:50.380	- Info  -	CClipboardRaw::OnReceiveQueryVersionReq 2
2023-04-14 11:48:58.951	- Info  -	[clipboard] CClipboardViewer::OnClipboardUpdate
2023-04-14 11:48:59.188	- Info  -	[clipboard] CClipboardViewer::OnRenderFormat begin, uformat 13
2023-04-14 11:48:59.188	- Info  -	[clipboard] RenderFormat, win format 13, 93789734
2023-04-14 11:48:59.217	- Info  -	[clipboard] OnReceiveClipData, type 3139621093389, size 118
2023-04-14 11:48:59.218	- Info  -	[clipboard] format 13, data size: 118
2023-04-14 11:48:59.218	- Info  -	[clipboard] setClipboardData, format 13, oray format 13
2023-04-14 11:48:59.218	- Info  -	[clipboard] RenderFormat end
2023-04-14 11:48:59.218	- Info  -	[clipboard] CClipboardViewer::OnRenderFormat end, uformat 13
2023-04-14 11:49:00.319	- Info  -	[clipboard] CClipboardViewer::OnClipboardUpdate
2023-04-14 11:49:00.319	- Info  -	[clipboard] push format(2) 13
2023-04-14 11:49:00.320	- Info  -	[clipboard] push format(2) 1
2023-04-14 11:49:05.840	- Info  -	[clipboard] CClipboardViewer::OnClipboardUpdate
2023-04-14 11:49:06.062	- Info  -	[clipboard] CClipboardViewer::OnRenderFormat begin, uformat 13
2023-04-14 11:49:06.062	- Info  -	[clipboard] RenderFormat, win format 13, 93796609
2023-04-14 11:49:06.070	- Info  -	[clipboard] OnReceiveClipData, type 3139621093389, size 118
2023-04-14 11:49:06.070	- Info  -	[clipboard] format 13, data size: 118
2023-04-14 11:49:06.070	- Info  -	[clipboard] setClipboardData, format 13, oray format 13
2023-04-14 11:49:06.070	- Info  -	[clipboard] RenderFormat end
2023-04-14 11:49:06.070	- Info  -	[clipboard] CClipboardViewer::OnRenderFormat end, uformat 13
2023-04-14 11:49:31.619	- Info  -	[clipboard] CClipboardViewer::OnClipboardUpdate
2023-04-14 11:49:31.620	- Info  -	[clipboard] push format(2) 49428
2023-04-14 11:49:31.620	- Info  -	[clipboard] push format(2) 13
2023-04-14 11:49:31.620	- Info  -	[clipboard] push format(2) 1
2023-04-14 11:51:23.605	- Info  -	[clipboard] CClipboardViewer::OnClipboardUpdate
2023-04-14 11:51:23.825	- Info  -	[clipboard] CClipboardViewer::OnRenderFormat begin, uformat 13
2023-04-14 11:51:23.825	- Info  -	[clipboard] RenderFormat, win format 13, 93934359
2023-04-14 11:51:23.835	- Info  -	[clipboard] OnReceiveClipData, type 3139621093389, size 110
2023-04-14 11:51:23.835	- Info  -	[clipboard] format 13, data size: 110
2023-04-14 11:51:23.835	- Info  -	[clipboard] setClipboardData, format 13, oray format 13
2023-04-14 11:51:23.835	- Info  -	[clipboard] RenderFormat end
2023-04-14 11:51:23.835	- Info  -	[clipboard] CClipboardViewer::OnRenderFormat end, uformat 13
2023-04-14 11:58:42.581	- Info  -	[clipboard] CClipboardViewer::OnClipboardUpdate
2023-04-14 11:58:42.582	- Info  -	[clipboard] push format(2) 13
2023-04-14 11:58:42.582	- Info  -	[clipboard] push format(2) 1
2023-04-14 11:59:03.541	- Info  -	[clipboard] CClipboardViewer::OnClipboardUpdate
2023-04-14 11:59:03.544	- Info  -	[clipboard] push format(2) 13
2023-04-14 11:59:03.544	- Info  -	[clipboard] push format(2) 1
2023-04-14 11:59:17.563	- Info  -	[clipboard] CClipboardViewer::OnClipboardUpdate
2023-04-14 11:59:17.564	- Info  -	[clipboard] push format(2) 13
2023-04-14 11:59:17.564	- Info  -	[clipboard] push format(2) 1
2023-04-14 12:00:18.716	- Info  -	[clipboard] CClipboardViewer::OnClipboardUpdate
2023-04-14 12:00:18.716	- Info  -	[clipboard] push format(2) 13
2023-04-14 12:00:18.716	- Info  -	[clipboard] push format(2) 1
2023-04-14 12:03:32.131	- Info  -	[clipboard] CClipboardViewer::OnClipboardUpdate
2023-04-14 12:03:32.132	- Info  -	[clipboard] push format(2) 13
2023-04-14 12:03:32.132	- Info  -	[clipboard] push format(2) 1
2023-04-14 12:04:49.951	- Info  -	[clipboard] CClipboardViewer::OnClipboardUpdate
2023-04-14 12:04:49.952	- Info  -	[clipboard] push format(2) 13
2023-04-14 12:04:49.952	- Info  -	[clipboard] push format(2) 1
2023-04-14 12:05:06.228	- Info  -	[clipboard][client::handler] disconnected
2023-04-14 12:05:06.229	- Info  -	[clipboard] stop clipboard...
2023-04-14 12:05:06.230	- Info  -	[clipboard] call CClipboardViewer::DestroyWnd at 190
2023-04-14 12:05:06.230	- Info  -	[clipboard] recv WM_CLOSE, end thread.
2023-04-14 12:05:06.231	- Info  -	[clipboard] Stop Clipboard ok
2023-04-14 12:05:06.231	- Info  -	[clipboard][DesktopAgentClient] on_disconnect ok.
