2023-05-06 17:59:02.617	- Info  -	version:3.2.1.40406
2023-05-06 17:59:02.618	- Info  -	[clipboard][client] current session id 1, ProcessID 9096

2023-05-06 17:59:02.622	- Info  -	attempt to connect server 127.0.0.1:1069(127.0.0.1:1069)
2023-05-06 17:59:02.623	- Info  -	[clipboard][DesktopAgentClient] connect DesktopServer ok.
2023-05-06 17:59:02.626	- Info  -	[clipboard][client::handler] connected sid(0), thread(10636)
2023-05-06 17:59:02.626	- Info  -	[clipboard] start clipboard...
2023-05-06 17:59:02.674	- Info  -	[clipboard][converter] html format 49428
2023-05-06 17:59:02.680	- Info  -	[clipboard][converter] rtf format 49271
2023-05-06 17:59:02.680	- Info  -	[clipboard] start clipboard ok.
2023-05-06 17:59:02.680	- Info  -	[clipboard] stop clipboard...
2023-05-06 17:59:02.682	- Info  -	[clipboard] call CClipboardViewer::DestroyWnd at 190
2023-05-06 17:59:02.682	- Info  -	[clipboard] recv WM_CLOSE, end thread.
2023-05-06 17:59:02.683	- Info  -	[clipboard] Stop Clipboard ok
2023-05-06 17:59:03.080	- Info  -	[clipboard] start clipboard...
2023-05-06 17:59:03.247	- Info  -	[clipboard][converter] html format 49428
2023-05-06 17:59:03.247	- Info  -	[clipboard][converter] rtf format 49271
2023-05-06 17:59:03.247	- Info  -	[clipboard] start clipboard ok.
2023-05-06 17:59:03.273	- Info  -	[clipboard] recv thread end(2).
2023-05-06 17:59:05.355	- Info  -	CClipboardRaw::OnReceiveQueryVersionRes 2
2023-05-06 17:59:05.364	- Info  -	CClipboardRaw::OnReceiveQueryVersionRes 2
2023-05-06 17:59:05.364	- Info  -	CClipboardRaw::OnReceiveQueryVersionReq 2
2023-05-06 18:01:35.708	- Info  -	[clipboard] CClipboardViewer::OnClipboardUpdate
2023-05-06 18:01:36.139	- Info  -	[clipboard] CClipboardViewer::OnClipboardUpdate
2023-05-06 18:02:39.105	- Info  -	[clipboard][client::handler] disconnected
2023-05-06 18:02:39.112	- Info  -	[clipboard] stop clipboard...
2023-05-06 18:02:39.112	- Info  -	[clipboard] call CClipboardViewer::DestroyWnd at 190
2023-05-06 18:02:39.112	- Info  -	[clipboard] recv WM_CLOSE, end thread.
2023-05-06 18:02:39.113	- Info  -	[clipboard] Stop Clipboard ok
2023-05-06 18:02:39.113	- Info  -	[clipboard][DesktopAgentClient] on_disconnect ok.
