2023-05-18 16:10:04.480	- Info  -	version:3.2.1.40406
2023-05-18 16:10:04.480	- Info  -	[clipboard][client] current session id 1, ProcessID 10036

2023-05-18 16:10:04.483	- Info  -	attempt to connect server 127.0.0.1:2384(127.0.0.1:2384)
2023-05-18 16:10:04.484	- Info  -	[clipboard][DesktopAgentClient] connect DesktopServer ok.
2023-05-18 16:10:04.491	- Info  -	[clipboard][client::handler] connected sid(0), thread(13064)
2023-05-18 16:10:04.491	- Info  -	[clipboard] start clipboard...
2023-05-18 16:10:04.549	- Info  -	[clipboard][converter] html format 49429
2023-05-18 16:10:04.550	- Info  -	[clipboard][converter] rtf format 49271
2023-05-18 16:10:04.551	- Info  -	[clipboard] start clipboard ok.
2023-05-18 16:10:04.551	- Info  -	[clipboard] stop clipboard...
2023-05-18 16:10:04.592	- Info  -	[clipboard] recv thread end(2).
2023-05-18 16:10:04.614	- Info  -	[clipboard] call CClipboardViewer::DestroyWnd at 190
2023-05-18 16:10:04.614	- Info  -	[clipboard] recv WM_CLOSE, end thread.
2023-05-18 16:10:04.616	- Info  -	[clipboard] Stop Clipboard ok
2023-05-18 16:10:04.942	- Info  -	[clipboard] start clipboard...
2023-05-18 16:10:04.968	- Info  -	[clipboard][converter] html format 49429
2023-05-18 16:10:04.968	- Info  -	[clipboard][converter] rtf format 49271
2023-05-18 16:10:04.968	- Info  -	[clipboard] start clipboard ok.
2023-05-18 16:10:04.970	- Info  -	[clipboard] recv thread end(2).
2023-05-18 16:10:07.225	- Info  -	CClipboardRaw::OnReceiveQueryVersionRes 2
2023-05-18 16:10:07.225	- Info  -	CClipboardRaw::OnReceiveQueryVersionRes 2
2023-05-18 16:10:07.225	- Info  -	CClipboardRaw::OnReceiveQueryVersionReq 2
2023-05-18 16:10:34.382	- Info  -	[clipboard] CClipboardViewer::OnClipboardUpdate
2023-05-18 16:10:34.676	- Info  -	[clipboard] CClipboardViewer::OnRenderFormat begin, uformat 13
2023-05-18 16:10:34.681	- Info  -	[clipboard] RenderFormat, win format 13, 616261109
2023-05-18 16:10:34.801	- Info  -	[clipboard] OnReceiveClipData, type 2095944040461, size 44
2023-05-18 16:10:34.801	- Info  -	[clipboard] format 13, data size: 44
2023-05-18 16:10:34.802	- Info  -	[clipboard] setClipboardData, format 13, oray format 13
2023-05-18 16:10:34.802	- Info  -	[clipboard] RenderFormat end
2023-05-18 16:10:34.802	- Info  -	[clipboard] CClipboardViewer::OnRenderFormat end, uformat 13
2023-05-18 16:11:03.402	- Info  -	[clipboard] CClipboardViewer::OnClipboardUpdate
2023-05-18 16:11:03.617	- Info  -	[clipboard] CClipboardViewer::OnRenderFormat begin, uformat 13
2023-05-18 16:11:03.617	- Info  -	[clipboard] RenderFormat, win format 13, 616290046
2023-05-18 16:11:03.743	- Info  -	[clipboard] OnReceiveClipData, type 2095944040461, size 44
2023-05-18 16:11:03.743	- Info  -	[clipboard] format 13, data size: 44
2023-05-18 16:11:03.744	- Info  -	[clipboard] setClipboardData, format 13, oray format 13
2023-05-18 16:11:03.744	- Info  -	[clipboard] RenderFormat end
2023-05-18 16:11:03.744	- Info  -	[clipboard] CClipboardViewer::OnRenderFormat end, uformat 13
2023-05-18 16:13:23.021	- Info  -	[clipboard][client::handler] disconnected
2023-05-18 16:13:23.021	- Info  -	[clipboard] stop clipboard...
2023-05-18 16:13:23.022	- Info  -	[clipboard] call CClipboardViewer::DestroyWnd at 190
2023-05-18 16:13:23.022	- Info  -	[clipboard] recv WM_CLOSE, end thread.
2023-05-18 16:13:23.024	- Info  -	[clipboard] Stop Clipboard ok
2023-05-18 16:13:23.024	- Info  -	[clipboard][DesktopAgentClient] on_disconnect ok.
