2023-01-11 20:33:22.911	- Info  -	version:3.2.1.40406
2023-01-11 20:33:22.916	- Info  -	DPIAwareness set 2 success.
2023-01-11 20:33:22.925	- Info  -	config path: ÀåcÙc
2023-01-11 20:33:22.982	- Info  -	[displayclt] CDisplayClient::CDisplayClient(all)
2023-01-11 20:33:22.982	- Info  -	[desktop] CRemoteDesktopPlugin::CRemoteDesktopPlugin(all)
2023-01-11 20:33:22.999	- Info  -	sensors init with file: C:/ProgramData/Oray/SunloginClient/sensors/datas
2023-01-11 20:33:23.007	- Info  -	CMultiChannelStreamImpl::CMultiChannelStreamImpl
2023-01-11 20:33:23.010	- Info  -	CConnectorRaw::OnStreamEvent(1) state: CNTS_FORWARD, error: 0
2023-01-11 20:33:23.010	- Info  -	CConnectorRaw::OnEvent() state: CNTS_FORWARD, error: 0, oray errorcode: 0
2023-01-11 20:33:23.011	- Info  -	[oray][erroCode] errorcode=oray_errorcode(0), product=0, type=0, inner code=0 [CConnectorRaw::OnEvent:624]
2023-01-11 20:33:23.011	* Error *	sensors data send failed!
2023-01-11 20:33:23.112	- Info  -	attempt to connect server 819882342.slp2p-east-std220.oray.net:443(122.246.13.39:443)
2023-01-11 20:33:23.121	- Info  -	plugin_public access_token is NULL
2023-01-11 20:33:23.717	* Error *	sensors data send failed!
2023-01-11 20:33:23.730	- Info  -	[TCPConnector] CCurStream handle client_connect
2023-01-11 20:33:23.761	- Info  -	[MultiChannel] Forward channel shake handle 122.246.13.39:443
2023-01-11 20:33:23.761	- Info  -	CMultiChannelStreamImpl::OnConnect()
2023-01-11 20:33:23.761	- Info  -	CClientStream 122.246.13.39:443 OnConnect
2023-01-11 20:33:23.762	- Info  -	CConnectorRaw::OnEvent() state: CNTS_LOGIN, error: 0, oray errorcode: 0
2023-01-11 20:33:23.762	- Info  -	[oray][erroCode] errorcode=oray_errorcode(0), product=0, type=0, inner code=0 [CConnectorRaw::OnEvent:624]
2023-01-11 20:33:23.762	- Info  -	CConnectorRaw::OnEvent() state: CNTS_FWD_SHAKEHANDLE, error: 0, oray errorcode: 0
2023-01-11 20:33:23.762	- Info  -	[oray][erroCode] errorcode=oray_errorcode(0), product=0, type=0, inner code=0 [CConnectorRaw::OnEvent:624]
2023-01-11 20:33:23.931	- Info  -	[MultiChannel] Forward channel connected 122.246.13.39:443
2023-01-11 20:33:23.931	- Info  -	CMultiChannelStreamImpl::OnConnectEvent, status: CNTS_FWD_CONNECTED, isclosed:false, HadFwdConnected: true, HadBeenHolePunch: false
2023-01-11 20:33:23.931	- Info  -	CConnectorRaw::OnEvent() state: CNTS_FWD_CONNECTED, error: 0, oray errorcode: 0
2023-01-11 20:33:23.931	- Info  -	[oray][erroCode] errorcode=oray_errorcode(0), product=0, type=0, inner code=0 [CConnectorRaw::OnEvent:624]
2023-01-11 20:33:23.931	- Info  -	CClientStream 122.246.13.39:443 OnReceive reply 1 
2023-01-11 20:33:23.931	- Info  -	CClientStream 122.246.13.39:443 start keepalive
2023-01-11 20:33:23.931	- Info  -	CClientStream 122.246.13.39:443 login OK
2023-01-11 20:33:23.931	- Info  -	CConnectorRaw::OnEvent() state: CNTS_CONNECTED, error: 0, oray errorcode: 0
2023-01-11 20:33:23.931	- Info  -	[oray][erroCode] errorcode=oray_errorcode(0), product=0, type=0, inner code=0 [CConnectorRaw::OnEvent:624]
2023-01-11 20:33:23.931	- Info  -	CPluginThreadManager start plugin thread
2023-01-11 20:33:23.933	- Info  -	CActivePlugin prepare to init plugin
2023-01-11 20:33:23.933	- Info  -	[desktop] create drag server OK
2023-01-11 20:33:23.933	- Info  -	CActivePlugin prepare to run plugin
2023-01-11 20:33:23.936	- Info  -	[desktop] sending switch desktop type message...
2023-01-11 20:33:23.936	- Info  -	[desktop] request enumerate user list.
2023-01-11 20:33:23.936	- Info  -	[desktop] Separation message loop start.
2023-01-11 20:33:23.936	- Info  -	[desktop] receive enumerate user respond
2023-01-11 20:33:23.936	- Info  -	[desktop] request switch user host message...
2023-01-11 20:33:24.403	- Info  -	[desktop] receive switch host message res = 1 
2023-01-11 20:33:24.403	- Info  -	[desktop] request enum screen
2023-01-11 20:33:24.403	- Info  -	[DisplayClient] SetCompression 11/15
2023-01-11 20:33:24.403	- Info  -	[desktop] request start stream
2023-01-11 20:33:24.403	- Info  -	[desktop] SetCompressionParam: layer=1;encoding=4;format=1;reserved=0, size: 38
2023-01-11 20:33:24.787	- Info  -	[desktop] OnQueryConfigRes
2023-01-11 20:33:24.787	- Info  -	[desktop] OnQueryConfigRes
2023-01-11 20:33:24.796	- Info  -	[desktop] recv enum screen, number is 1
2023-01-11 20:33:24.803	- Info  -	[clipboard] start clipboard...
2023-01-11 20:33:24.823	- Info  -	[clipboard][converter] html format 49424
2023-01-11 20:33:24.823	- Info  -	[clipboard][converter] rtf format 49289
2023-01-11 20:33:24.824	- Info  -	[clipboard] start clipboard ok.
2023-01-11 20:33:24.824	- Info  -	[desktop] sync clipboard enable
2023-01-11 20:33:25.691	- Info  -	CClipboardRaw::OnReceiveQueryVersionReq 2
2023-01-11 20:33:25.905	- Info  -	SetDisplayMode() w=1366, h=768, bpp=32
2023-01-11 20:33:25.905	- Info  -	ResetBitmap width=1366, height=768, bpp=32, srcbpp=32, Size = 4196352
2023-01-11 20:33:25.905	- Info  -	[DisplayClient] recv image info, width: 1366, height: 768, bpp: 32
2023-01-11 20:33:25.905	- Info  -	[DisplayClient] OnRecvCompInfo format/quality 11/15
2023-01-11 20:33:25.906	- Info  -	[desktop][DisplayClient] recv first frame.
2023-01-11 20:33:25.913	- Info  -	[DisplayClient] recv compimage type: ID_IMAGE_RAPIDCOMP
2023-01-11 20:33:25.930	- Info  -	CMultiChannelStreamImpl::ConnectP2PServer, thread id: 6608
2023-01-11 20:33:25.965	- Info  -	CConnectorRaw::OnStreamEvent(1) state: CNTS_P2P, error: 0
2023-01-11 20:33:25.965	- Info  -	CConnectorRaw::OnEvent() state: CNTS_P2P, error: 0, oray errorcode: 0
2023-01-11 20:33:25.965	- Info  -	[oray][erroCode] errorcode=oray_errorcode(0), product=0, type=0, inner code=0 [CConnectorRaw::OnEvent:624]
2023-01-11 20:33:25.965	- Info  -	[P2PConnector] attempt to connect server PHSRC://819882342.slp2p-east-std220.oray.net:4118/desktop(slp2p-east-std220.oray.net:4118) 
2023-01-11 20:33:25.976	- Info  -	[vpx] open codec.
2023-01-11 20:33:26.016	- Info  -	[desktop][DisplayClient] decode first frame end.
2023-01-11 20:33:26.017	- Info  -	[desktop] receive first frame message
2023-01-11 20:33:26.035	- Info  -	[udp] support straight send in peer : no 122.246.13.39:4118 CConnection::OnConnectRes
2023-01-11 20:33:26.036	- Info  -	[P2PHelper] detect local ip ...
2023-01-11 20:33:26.038	- Info  -	[P2PHelper] detect local ip 192.168.0.193
2023-01-11 20:33:26.038	- Info  -	[P2PHelper] attempt to login P2P Server...
2023-01-11 20:33:26.064	- Info  -	[P2PHelper] Login P2P Server OK
2023-01-11 20:33:26.064	- Info  -	[P2PHelper] OnLoginRes, receive public ip 183.219.207.244:5022
2023-01-11 20:33:26.064	- Info  -	[P2PHelper] sending P2P request ...
2023-01-11 20:33:26.104	- Info  -	[P2PHelper] receive peer local ip 10.21.141.2:15482, public ip 106.4.220.73:8173
2023-01-11 20:33:26.104	- Info  -	[P2PStream] EstablishP2P local ip 183.219.207.244:5022/192.168.0.193:15240 ==> peer ip 106.4.220.73:8173/10.21.141.2:15482
2023-01-11 20:33:26.146	- Info  -	Init D3D2 OK
2023-01-11 20:33:26.147	- Info  -	[DesktopSurface] Use DirectX Paint mode 2
2023-01-11 20:33:26.181	- Info  -	Init D3D2 OK
2023-01-11 20:33:26.197	- Info  -	[maindialog] draw first frame end
2023-01-11 20:33:26.218	- Info  -	[desktop] sync clipboard enable
2023-01-11 20:33:26.218	- Info  -	[http call3] new call id:1, url:https://slapi.oray.net/client/free-tips
2023-01-11 20:33:26.219	- Info  -	[http call3] new call id:2, url:https://slapi.oray.net/remote/get-network
2023-01-11 20:33:26.220	- Info  -	[http call3] id:1 create new connection : https://slapi.oray.net:443
2023-01-11 20:33:26.221	- Info  -	attempt to connect server slapi.oray.net:443(121.40.200.192:443)
2023-01-11 20:33:26.233	- Info  -	[http call3] id:2 use old connection : https://slapi.oray.net:443
2023-01-11 20:33:26.476	- Info  -	[http call3] id:1, url:https://slapi.oray.net/client/free-tips, status code:200
2023-01-11 20:33:26.542	- Info  -	[http call3] id:2, url:https://slapi.oray.net/remote/get-network, status code:200
2023-01-11 20:33:26.566	- Info  -	upnpnat_search_thread::ThreadLoop end
2023-01-11 20:33:26.576	- Info  -	[udpwrapper] attempt to establish P2P connection via: 122.246.13.39:4118, (local)192.168.0.193:15240|(public)183.219.207.244:5022 ==> (local)10.21.141.2:15482|(public)106.4.220.73:8173
2023-01-11 20:33:26.677	- Info  -	[udp] OnConnectAck working in advanced mode 2
2023-01-11 20:33:26.677	- Info  -	[udp] support straight send in peer : yes 106.4.220.73:8173 CConnection::OnConnectRes
2023-01-11 20:33:26.678	- Info  -	[oray][erroCode] errorcode=oray_errorcode(0), product=0, type=0, inner code=0 [CUDPLibStream::Disconnect_impl:73]
2023-01-11 20:33:26.678	- Info  -	[udp] Disconnect
2023-01-11 20:33:26.678	- Info  -	[udp] SendDisconnect
2023-01-11 20:33:26.678	- Info  -	[P2PHelper] MainServer disconnect
2023-01-11 20:33:26.678	- Info  -	[MultiChannel] P2P channel shake handle 106.4.220.73:8173
2023-01-11 20:33:26.678	- Info  -	CConnectorRaw::OnEvent() state: CNTS_P2P_SHAKEHANDLE, error: 0, oray errorcode: 0
2023-01-11 20:33:26.679	- Info  -	[oray][erroCode] errorcode=oray_errorcode(0), product=0, type=0, inner code=0 [CConnectorRaw::OnEvent:624]
2023-01-11 20:33:26.679	- Info  -	[MultiChannel] send SHAKE_HANDLES_MSG, read 87169, write 3172
2023-01-11 20:33:26.679	- Info  -	[P2PStream] connected (by udp) 0.0.0.0:15240 <--> 106.4.220.73:8173
2023-01-11 20:33:26.689	- Info  -	[MultiChannel] Received SHAKE_HANDLES_MSG, read 3192 / (local write 3172), write 87149 / (local read 87169)
2023-01-11 20:33:26.689	- Info  -	[MultiChannel] P2P channel connected 106.4.220.73:8173
2023-01-11 20:33:26.689	- Info  -	CConnectorRaw::OnEvent() state: CNTS_P2P_CONNECTED, error: 0, oray errorcode: 0
2023-01-11 20:33:26.689	- Info  -	[oray][erroCode] errorcode=oray_errorcode(0), product=0, type=0, inner code=0 [CConnectorRaw::OnEvent:624]
2023-01-11 20:33:26.703	- Info  -	[MultiChannel] forward data read completed @ 462
2023-01-11 20:33:26.703	- Info  -	[udpwrapper] disconnect reason : 1
2023-01-11 20:33:26.703	- Info  -	[oray][erroCode] errorcode=oray_errorcode(57354), product=0, type=3, inner code=10 [CUDPLibWrapper::OnDisconnect:833]
2023-01-11 20:33:26.703	- Info  -	[udpwrapper] Disconnect 122.246.13.39:4118 @ 838
2023-01-11 20:33:26.703	- Info  -	[oray][erroCode] errorcode=oray_errorcode(57354), product=0, type=3, inner code=10 [CUDPLibStream::Disconnect_impl:73]
2023-01-11 20:33:26.706	- Info  -	[MultiChannel] write data when p2p state is CONNECTED, is full 0, writed data 3172 / peer read 3192, left 20, size 52 @ 153
2023-01-11 20:33:26.708	- Info  -	[MultiChannel] forward data write completed @ 216
2023-01-11 20:33:26.953	- Info  -	[drag] QueryVersionRes is true
2023-01-11 20:33:26.953	- Info  -	CClipboardRaw::OnReceiveQueryVersionRes 2
2023-01-11 20:33:29.015	- Info  -	Init D3D2 OK
2023-01-11 20:33:29.252	- Info  -	Init D3D2 OK
2023-01-11 20:33:29.269	- Info  -	Init D3D2 OK
2023-01-11 20:33:29.286	- Info  -	Init D3D2 OK
2023-01-11 20:33:29.303	- Info  -	Init D3D2 OK
2023-01-11 20:33:29.323	- Info  -	Init D3D2 OK
2023-01-11 20:33:29.341	- Info  -	Init D3D2 OK
2023-01-11 20:33:29.358	- Info  -	Init D3D2 OK
2023-01-11 20:33:29.375	- Info  -	Init D3D2 OK
2023-01-11 20:33:29.392	- Info  -	Init D3D2 OK
2023-01-11 20:33:29.744	- Info  -	Init D3D2 OK
2023-01-11 20:33:37.637	* Error *	sensors data send failed!
2023-01-11 20:33:41.541	* Error *	SSLStream::IsWantReadWrite|peer(121.40.200.192:443), SSL_read failed( 6 ), error:00000000:lib(0):func(0):reason(0), file( ..\includes\common\phstream\SSLStream.cpp:1898 )
2023-01-11 20:33:41.541	- Info  -	[http call3] disconnect, error( 0 )
2023-01-11 20:34:01.924	- Info  -	Init D3D2 OK
2023-01-11 20:34:02.104	- Info  -	Init D3D2 OK
2023-01-11 20:34:02.128	- Info  -	Init D3D2 OK
2023-01-11 20:34:02.146	- Info  -	Init D3D2 OK
2023-01-11 20:34:02.163	- Info  -	Init D3D2 OK
2023-01-11 20:34:02.439	- Info  -	Init D3D2 OK
2023-01-11 20:35:02.852	- Info  -	Init D3D2 OK
2023-01-11 20:35:03.034	- Info  -	Init D3D2 OK
2023-01-11 20:35:03.051	- Info  -	Init D3D2 OK
2023-01-11 20:35:03.068	- Info  -	Init D3D2 OK
2023-01-11 20:35:03.085	- Info  -	Init D3D2 OK
2023-01-11 20:35:03.101	- Info  -	Init D3D2 OK
2023-01-11 20:35:03.118	- Info  -	Init D3D2 OK
2023-01-11 20:35:03.135	- Info  -	Init D3D2 OK
2023-01-11 20:35:03.151	- Info  -	Init D3D2 OK
2023-01-11 20:35:03.168	- Info  -	Init D3D2 OK
2023-01-11 20:35:03.186	- Info  -	Init D3D2 OK
2023-01-11 20:35:03.203	- Info  -	Init D3D2 OK
2023-01-11 20:35:03.220	- Info  -	Init D3D2 OK
2023-01-11 20:35:03.570	- Info  -	Init D3D2 OK
2023-01-11 20:37:08.486	- Info  -	[clipboard] CClipboardViewer::OnClipboardUpdate
2023-01-11 20:37:08.486	- Info  -	[clipboard] CClipboardViewer::OnClipboardUpdate
2023-01-11 20:37:08.487	- Info  -	[clipboard] CClipboardViewer::OnClipboardUpdate
2023-01-11 20:37:08.487	- Info  -	[clipboard] CClipboardViewer::OnClipboardUpdate
2023-01-11 20:37:08.489	- Info  -	[clipboard] CClipboardViewer::OnClipboardUpdate
2023-01-11 20:37:08.489	- Info  -	[clipboard] CClipboardViewer::OnClipboardUpdate
2023-01-11 20:37:08.537	- Info  -	[clipboard] CClipboardViewer::OnRenderFormat begin, uformat 13
2023-01-11 20:37:08.537	- Info  -	[clipboard] RenderFormat, win format 13, 169255125
2023-01-11 20:37:08.546	- Info  -	[clipboard] OnReceiveClipData, type 1524713390093, size 2
2023-01-11 20:37:08.546	- Info  -	[clipboard] format 13, data size: 2
2023-01-11 20:37:08.546	- Info  -	[clipboard] setClipboardData, format 13, oray format 13
2023-01-11 20:37:08.546	- Info  -	[clipboard] RenderFormat end
2023-01-11 20:37:08.546	- Info  -	[clipboard] CClipboardViewer::OnRenderFormat end, uformat 13
2023-01-11 20:37:08.616	- Info  -	[clipboard] CClipboardViewer::OnClipboardUpdate
2023-01-11 20:38:46.445	* Error *	sensors data send failed!
2023-01-11 20:38:46.446	- Info  -	[oray][erroCode] errorcode=oray_errorcode(0), product=0, type=0, inner code=0 [CMultiChannelStream::Disconnect_impl:254]
2023-01-11 20:38:46.446	- Info  -	[TCPConnector] CCurStream handle client_disconnect
2023-01-11 20:38:46.446	- Info  -	[oray][erroCode] errorcode=transf(0), product=0, type=0, inner code=0 [CMultiChannelStream::ForwardHandler::Handle:647]
2023-01-11 20:38:46.447	- Info  -	CConnectorRaw::OnEvent() state: CNTS_FWD_DISCONNECT, error: 0, oray errorcode: 0
2023-01-11 20:38:46.447	- Info  -	[oray][erroCode] errorcode=oray_errorcode(0), product=0, type=0, inner code=0 [CConnectorRaw::OnEvent:624]
2023-01-11 20:38:46.447	+Warning+	[MultiChannel] unbind forward stream(errorcode 0) @ 651
2023-01-11 20:38:46.447	- Info  -	[oray][erroCode] errorcode=oray_errorcode(0), product=0, type=0, inner code=0 [CP2PStream::Disconnect_impl:678]
2023-01-11 20:38:46.447	- Info  -	[oray][erroCode] errorcode=oray_errorcode(0), product=0, type=0, inner code=0 [CP2PStream::CUDPStream::Disconnect_impl:1044]
2023-01-11 20:38:46.447	- Info  -	[oray][erroCode] errorcode=oray_errorcode(0), product=0, type=0, inner code=0 [CUDPLibStream::Disconnect_impl:73]
2023-01-11 20:38:46.447	- Info  -	[udp] Disconnect
2023-01-11 20:38:46.447	- Info  -	[udp] SendDisconnect
2023-01-11 20:38:46.447	- Info  -	[MultiChannel] P2P channel disconnect 106.4.220.73:8173
2023-01-11 20:38:46.447	- Info  -	[oray][erroCode] errorcode=transf(0), product=0, type=0, inner code=0 [CMultiChannelStream::P2PHandler::Handle:834]
2023-01-11 20:38:46.447	- Info  -	[oray][erroCode] errorcode=transf(0), product=0, type=0, inner code=0 [CMultiChannelStream::HandleDisconnect:1041]
2023-01-11 20:38:46.447	- Info  -	CMultiChannelStreamImpl::OnDisconnect()
2023-01-11 20:38:46.447	- Info  -	[oray][erroCode] errorcode=oray_errorcode(0), product=0, type=0, inner code=0 [CMultiChannelStreamImpl::OnDisconnect:100]
2023-01-11 20:38:46.447	- Info  -	CClientStream 106.4.220.73:8173 OnDisconnect, errocde:0
2023-01-11 20:38:46.447	- Info  -	[oray][erroCode] errorcode=errcode(0), product=0, type=0, inner code=0 [CClientStream::OnDisconnect:104]
2023-01-11 20:38:46.447	- Info  -	OnDisconnect, error code 0
2023-01-11 20:38:46.447	- Info  -	[oray][erroCode] errorcode=errcode(0), product=0, type=0, inner code=0 [BinaryPluginStream::OnDisconnect:404]
2023-01-11 20:38:46.447	- Info  -	CPluginThreadManager stop plugin thread
2023-01-11 20:38:46.447	- Info  -	[desktop] Separation message loop stop.
2023-01-11 20:38:46.448	- Info  -	CActivePlugin prepare to exit plugin
2023-01-11 20:38:46.448	- Info  -	[desktop] RemoteDesktopPlugin::ExitInstance. >
2023-01-11 20:38:46.448	- Info  -	[clipboard] stop clipboard...
2023-01-11 20:38:46.454	- Info  -	[udpwrapper] udprelay connecting 106.4.220.73:8173 via 122.246.13.39:4118
2023-01-11 20:38:46.461	- Info  -	[clipboard] recv thread end(1).
2023-01-11 20:38:46.462	- Info  -	[clipboard] call CClipboardViewer::DestroyWnd at 190
2023-01-11 20:38:46.462	- Info  -	[clipboard] recv WM_CLOSE, end thread.
2023-01-11 20:38:46.479	- Info  -	[clipboard] Stop Clipboard ok
2023-01-11 20:38:46.522	- Info  -	[desktop] [thread] cancel.
2023-01-11 20:38:46.523	- Info  -	[desktop] RemoteDesktopPlugin::ExitInstance. <
2023-01-11 20:38:46.524	- Info  -	CConnectorRaw::OnEvent() state: CNTS_P2P_DISCONNECT, error: 0, oray errorcode: 0
2023-01-11 20:38:46.524	- Info  -	[oray][erroCode] errorcode=oray_errorcode(0), product=0, type=0, inner code=0 [CConnectorRaw::OnEvent:624]
2023-01-11 20:38:46.524	- Info  -	[oray][erroCode] errorcode=oray_errorcode(0), product=0, type=0, inner code=0 [CP2PStream::CTCPStream::Disconnect_impl:1016]
2023-01-11 20:38:46.525	- Info  -	CConnectorRaw::OnEvent() state: CNTS_DISCONNECTED, error: 0, oray errorcode: 0
2023-01-11 20:38:46.525	- Info  -	[oray][erroCode] errorcode=oray_errorcode(0), product=0, type=0, inner code=0 [CConnectorRaw::OnEvent:624]
2023-01-11 20:38:46.525	- Info  -	CConnectorRaw::Stop in>
2023-01-11 20:38:46.526	- Info  -	[CUDPLibWrapper] map size: 1, value: [106.4.220.73:8173/15240-2] = 0.0.0.0:15240;

2023-01-11 20:38:46.526	- Info  -	[oray][erroCode] errorcode=oray_errorcode(0), product=0, type=0, inner code=0 [CP2PStream::CUDPStream::Disconnect_impl:1044]
2023-01-11 20:38:46.526	- Info  -	[oray][erroCode] errorcode=oray_errorcode(0), product=0, type=0, inner code=0 [CUDPLibStream::Disconnect_impl:73]
2023-01-11 20:38:46.526	- Info  -	CConnectorRaw::Stop out<
2023-01-11 20:38:46.527	* Error *	Plugin disconnect with error : 0
2023-01-11 20:38:46.527	- Info  -	sensors close
2023-01-11 20:38:46.560	- Info  -	[desktop] CRemoteDesktopPlugin::~CRemoteDesktopPlugin(void)
2023-01-11 20:38:46.561	- Info  -	[vpx][decoder] close codec.
2023-01-11 20:38:46.629	- Info  -	CMultiChannelStreamImpl::~CMultiChannelStreamImpl
2023-01-11 20:38:46.630	- Info  -	program remote_plugin is exit 
