2023-05-24 09:55:17.621	- Info  -	version:3.2.1.40406
2023-05-24 09:55:17.626	- Info  -	DPIAwareness set 2 success.
2023-05-24 09:55:17.634	- Info  -	config path: àP'Šª
2023-05-24 09:55:17.722	- Info  -	[displayclt] CDisplayClient::CDisplayClient(all)
2023-05-24 09:55:17.723	- Info  -	[desktop] CRemoteDesktopPlugin::CRemoteDesktopPlugin(all)
2023-05-24 09:55:17.752	- Info  -	sensors init with file: C:/ProgramData/Oray/SunloginClient/sensors/datas
2023-05-24 09:55:17.802	- Info  -	CMultiChannelStreamImpl::CMultiChannelStreamImpl
2023-05-24 09:55:17.803	- Info  -	CConnectorRaw::OnStreamEvent(1) state: CNTS_FORWARD, error: 0
2023-05-24 09:55:17.803	- Info  -	CConnectorRaw::OnEvent() state: CNTS_FORWARD, error: 0, oray errorcode: 0
2023-05-24 09:55:17.803	- Info  -	[oray][erroCode] errorcode=oray_errorcode(0), product=0, type=0, inner code=0 [CConnectorRaw::OnEvent:624]
2023-05-24 09:55:17.808	* Error *	sensors data send failed!
2023-05-24 09:55:17.873	- Info  -	attempt to connect server 719912514.slp2p-east-std203.oray.net:443(122.246.12.46:443)
2023-05-24 09:55:17.970	- Info  -	[TCPConnector] CCurStream handle client_connect
2023-05-24 09:55:17.985	- Info  -	plugin_public access_token is NULL
2023-05-24 09:55:17.994	- Info  -	[MultiChannel] Forward channel shake handle 122.246.12.46:443
2023-05-24 09:55:17.994	- Info  -	CMultiChannelStreamImpl::OnConnect()
2023-05-24 09:55:17.994	- Info  -	CClientStream 122.246.12.46:443 OnConnect
2023-05-24 09:55:17.995	- Info  -	CConnectorRaw::OnEvent() state: CNTS_LOGIN, error: 0, oray errorcode: 0
2023-05-24 09:55:17.995	- Info  -	[oray][erroCode] errorcode=oray_errorcode(0), product=0, type=0, inner code=0 [CConnectorRaw::OnEvent:624]
2023-05-24 09:55:17.995	- Info  -	CConnectorRaw::OnEvent() state: CNTS_FWD_SHAKEHANDLE, error: 0, oray errorcode: 0
2023-05-24 09:55:17.995	- Info  -	[oray][erroCode] errorcode=oray_errorcode(0), product=0, type=0, inner code=0 [CConnectorRaw::OnEvent:624]
2023-05-24 09:55:18.122	- Info  -	[MultiChannel] Forward channel connected 122.246.12.46:443
2023-05-24 09:55:18.122	- Info  -	CMultiChannelStreamImpl::OnConnectEvent, status: CNTS_FWD_CONNECTED, isclosed:false, HadFwdConnected: true, HadBeenHolePunch: false
2023-05-24 09:55:18.122	- Info  -	CConnectorRaw::OnEvent() state: CNTS_FWD_CONNECTED, error: 0, oray errorcode: 0
2023-05-24 09:55:18.122	- Info  -	[oray][erroCode] errorcode=oray_errorcode(0), product=0, type=0, inner code=0 [CConnectorRaw::OnEvent:624]
2023-05-24 09:55:18.122	- Info  -	CClientStream 122.246.12.46:443 OnReceive reply 1 
2023-05-24 09:55:18.123	- Info  -	CClientStream 122.246.12.46:443 start keepalive
2023-05-24 09:55:18.123	- Info  -	CClientStream 122.246.12.46:443 login OK
2023-05-24 09:55:18.123	- Info  -	CConnectorRaw::OnEvent() state: CNTS_CONNECTED, error: 0, oray errorcode: 0
2023-05-24 09:55:18.125	- Info  -	[oray][erroCode] errorcode=oray_errorcode(0), product=0, type=0, inner code=0 [CConnectorRaw::OnEvent:624]
2023-05-24 09:55:18.125	- Info  -	CPluginThreadManager start plugin thread
2023-05-24 09:55:18.126	- Info  -	CActivePlugin prepare to init plugin
2023-05-24 09:55:18.128	- Info  -	[desktop] create drag server OK
2023-05-24 09:55:18.128	- Info  -	CActivePlugin prepare to run plugin
2023-05-24 09:55:18.129	- Info  -	[desktop] Separation message loop start.
2023-05-24 09:55:18.129	- Info  -	[desktop] receive enumerate user respond
2023-05-24 09:55:18.130	- Info  -	[desktop] request switch user host message...
2023-05-24 09:55:18.130	- Info  -	[desktop] sending switch desktop type message...
2023-05-24 09:55:18.130	- Info  -	[desktop] request enumerate user list.
2023-05-24 09:55:18.659	- Info  -	[desktop] receive switch host message res = 1 
2023-05-24 09:55:18.659	- Info  -	[desktop] request enum screen
2023-05-24 09:55:18.659	- Info  -	[DisplayClient] SetCompression 11/15
2023-05-24 09:55:18.659	- Info  -	[desktop] request start stream
2023-05-24 09:55:18.659	- Info  -	[desktop] SetCompressionParam: layer=1;encoding=4;format=1;reserved=0, size: 38
2023-05-24 09:55:18.707	- Info  -	[desktop] OnQueryConfigRes
2023-05-24 09:55:18.708	- Info  -	[desktop] OnQueryConfigRes
2023-05-24 09:55:18.708	- Info  -	[desktop] recv enum screen, number is 1
2023-05-24 09:55:18.709	- Info  -	[clipboard] start clipboard...
2023-05-24 09:55:18.744	- Info  -	[clipboard][converter] html format 49429
2023-05-24 09:55:18.744	- Info  -	[clipboard][converter] rtf format 49271
2023-05-24 09:55:18.745	- Info  -	[clipboard] start clipboard ok.
2023-05-24 09:55:18.745	- Info  -	[desktop] sync clipboard enable
2023-05-24 09:55:18.771	* Error *	sensors data send failed!
2023-05-24 09:55:18.931	- Info  -	SetDisplayMode() w=1440, h=900, bpp=32
2023-05-24 09:55:18.931	- Info  -	ResetBitmap width=1440, height=900, bpp=32, srcbpp=32, Size = 5184000
2023-05-24 09:55:18.931	- Info  -	[DisplayClient] recv image info, width: 1440, height: 900, bpp: 32
2023-05-24 09:55:18.931	- Info  -	[DisplayClient] OnRecvCompInfo format/quality 11/15
2023-05-24 09:55:18.931	- Info  -	[desktop][DisplayClient] recv first frame.
2023-05-24 09:55:18.940	- Info  -	[DisplayClient] recv compimage type: ID_IMAGE_RAPIDCOMP
2023-05-24 09:55:19.018	- Info  -	[vpx] open codec.
2023-05-24 09:55:19.110	- Info  -	[desktop][DisplayClient] decode first frame end.
2023-05-24 09:55:19.112	- Info  -	[desktop] receive first frame message
2023-05-24 09:55:19.246	- Info  -	CClipboardRaw::OnReceiveQueryVersionReq 2
2023-05-24 09:55:19.541	- Info  -	Init D3D2 OK
2023-05-24 09:55:19.541	- Info  -	[DesktopSurface] Use DirectX Paint mode 2
2023-05-24 09:55:19.603	- Info  -	Init D3D2 OK
2023-05-24 09:55:19.627	- Info  -	[maindialog] draw first frame end
2023-05-24 09:55:19.685	- Info  -	[desktop] sync clipboard enable
2023-05-24 09:55:19.686	- Info  -	[http call3] new call id:1, url:https://slapi.oray.net/client/free-tips
2023-05-24 09:55:19.686	- Info  -	[http call3] new call id:2, url:https://slapi.oray.net/remote/get-network
2023-05-24 09:55:19.695	- Info  -	[http call3] id:1 create new connection : https://slapi.oray.net:443
2023-05-24 09:55:19.699	- Info  -	attempt to connect server slapi.oray.net:443(121.40.99.129:443)
2023-05-24 09:55:19.700	- Info  -	[http call3] id:2 use old connection : https://slapi.oray.net:443
2023-05-24 09:55:19.974	- Info  -	[http call3] id:1, url:https://slapi.oray.net/client/free-tips, status code:200
2023-05-24 09:55:20.068	- Info  -	[http call3] id:2, url:https://slapi.oray.net/remote/get-network, status code:200
2023-05-24 09:55:20.115	- Info  -	CMultiChannelStreamImpl::ConnectP2PServer, thread id: 12712
2023-05-24 09:55:20.159	- Info  -	CConnectorRaw::OnStreamEvent(1) state: CNTS_P2P, error: 0
2023-05-24 09:55:20.159	- Info  -	CConnectorRaw::OnEvent() state: CNTS_P2P, error: 0, oray errorcode: 0
2023-05-24 09:55:20.159	- Info  -	[oray][erroCode] errorcode=oray_errorcode(0), product=0, type=0, inner code=0 [CConnectorRaw::OnEvent:624]
2023-05-24 09:55:20.160	- Info  -	[P2PConnector] attempt to connect server PHSRC://719912514.slp2p-east-std203.oray.net:4118/desktop(slp2p-east-std203.oray.net:4118) 
2023-05-24 09:55:20.212	- Info  -	[udp] support straight send in peer : no 122.246.12.46:4118 CConnection::OnConnectRes
2023-05-24 09:55:20.213	- Info  -	[P2PHelper] detect local ip ...
2023-05-24 09:55:20.214	- Info  -	[P2PHelper] detect local ip 172.16.77.18
2023-05-24 09:55:20.215	- Info  -	[P2PHelper] attempt to login P2P Server...
2023-05-24 09:55:20.263	- Info  -	[P2PHelper] Login P2P Server OK
2023-05-24 09:55:20.264	- Info  -	[P2PHelper] OnLoginRes, receive public ip 223.82.110.30:15245
2023-05-24 09:55:20.264	- Info  -	[P2PHelper] sending P2P request ...
2023-05-24 09:55:20.338	- Info  -	[P2PHelper] receive peer local ip 10.21.87.3:15805, public ip 117.43.162.13:25652
2023-05-24 09:55:20.338	- Info  -	[P2PStream] EstablishP2P local ip 223.82.110.30:15245/172.16.77.18:15245 ==> peer ip 117.43.162.13:25652/10.21.87.3:15805
2023-05-24 09:55:20.716	+Warning+	not found upnp devices on network!
2023-05-24 09:55:20.716	- Info  -	upnpnat_search_thread::ThreadLoop end
2023-05-24 09:55:20.723	- Info  -	[udpwrapper] attempt to establish P2P connection via: 122.246.12.46:4118, (local)172.16.77.18:15245|(public)223.82.110.30:15245 ==> (local)10.21.87.3:15805|(public)117.43.162.13:25652
2023-05-24 09:55:21.211	- Info  -	[drag] QueryVersionRes is true
2023-05-24 09:55:21.212	- Info  -	CClipboardRaw::OnReceiveQueryVersionRes 2
2023-05-24 09:55:21.224	+Warning+	not found upnp devices on network!
2023-05-24 09:55:21.224	+Warning+	[udpwrapper] UPNP discovery failed, 
2023-05-24 09:55:21.290	- Info  -	[udp] OnConnectAck working in advanced mode 2
2023-05-24 09:55:21.290	- Info  -	[udp] support straight send in peer : yes 117.43.162.13:25652 CConnection::OnConnectRes
2023-05-24 09:55:21.291	- Info  -	[oray][erroCode] errorcode=oray_errorcode(0), product=0, type=0, inner code=0 [CUDPLibStream::Disconnect_impl:73]
2023-05-24 09:55:21.291	- Info  -	[udp] Disconnect
2023-05-24 09:55:21.291	- Info  -	[udp] SendDisconnect
2023-05-24 09:55:21.292	- Info  -	[P2PHelper] MainServer disconnect
2023-05-24 09:55:21.293	- Info  -	[MultiChannel] P2P channel shake handle 117.43.162.13:25652
2023-05-24 09:55:21.293	- Info  -	CConnectorRaw::OnEvent() state: CNTS_P2P_SHAKEHANDLE, error: 0, oray errorcode: 0
2023-05-24 09:55:21.293	- Info  -	[oray][erroCode] errorcode=oray_errorcode(0), product=0, type=0, inner code=0 [CConnectorRaw::OnEvent:624]
2023-05-24 09:55:21.293	- Info  -	[MultiChannel] send SHAKE_HANDLES_MSG, read 325847, write 11720
2023-05-24 09:55:21.293	- Info  -	[P2PStream] connected (by udp) 0.0.0.0:15245 <--> 117.43.162.13:25652
2023-05-24 09:55:21.297	- Info  -	write data when p2p state is SHAKE_HANDLES @ 137
2023-05-24 09:55:21.305	- Info  -	[MultiChannel] Received SHAKE_HANDLES_MSG, read 11740 / (local write 11720), write 325927 / (local read 325847)
2023-05-24 09:55:21.305	- Info  -	[MultiChannel] P2P channel connected 117.43.162.13:25652
2023-05-24 09:55:21.305	- Info  -	CConnectorRaw::OnEvent() state: CNTS_P2P_CONNECTED, error: 0, oray errorcode: 0
2023-05-24 09:55:21.305	- Info  -	[oray][erroCode] errorcode=oray_errorcode(0), product=0, type=0, inner code=0 [CConnectorRaw::OnEvent:624]
2023-05-24 09:55:21.305	- Info  -	[MultiChannel] forward stream read data(size:80, 80, left:80) when p2p state is CONNECTED @ 445
2023-05-24 09:55:21.305	- Info  -	[MultiChannel] forward data read completed @ 462
2023-05-24 09:55:21.306	- Info  -	[MultiChannel] write data when p2p state is CONNECTED, is full 0, writed data 11720 / peer read 11740, left 20, size 52 @ 153
2023-05-24 09:55:21.307	- Info  -	[MultiChannel] forward data write completed @ 216
2023-05-24 09:55:21.334	- Info  -	[udpwrapper] disconnect reason : 1
2023-05-24 09:55:21.334	- Info  -	[oray][erroCode] errorcode=oray_errorcode(57354), product=0, type=3, inner code=10 [CUDPLibWrapper::OnDisconnect:833]
2023-05-24 09:55:21.334	- Info  -	[udpwrapper] Disconnect 122.246.12.46:4118 @ 838
2023-05-24 09:55:21.334	- Info  -	[oray][erroCode] errorcode=oray_errorcode(57354), product=0, type=3, inner code=10 [CUDPLibStream::Disconnect_impl:73]
2023-05-24 09:55:23.405	- Info  -	Init D3D2 OK
2023-05-24 09:55:23.435	* Error *	sensors data send failed!
2023-05-24 09:55:29.308	* Error *	sensors data send failed!
2023-05-24 09:55:35.052	* Error *	SSLStream::IsWantReadWrite|peer(121.40.99.129:443), SSL_read failed( 6 ), error:00000000:lib(0):func(0):reason(0), file( ..\includes\common\phstream\SSLStream.cpp:1898 )
2023-05-24 09:55:35.053	- Info  -	[http call3] disconnect, error( 0 )
2023-05-24 09:59:41.522	- Info  -	[clipboard] CClipboardViewer::OnClipboardUpdate
2023-05-24 09:59:41.526	- Info  -	[clipboard] CClipboardViewer::OnClipboardUpdate
2023-05-24 09:59:41.526	- Info  -	[clipboard] CClipboardViewer::OnClipboardUpdate
2023-05-24 09:59:41.526	- Info  -	[clipboard] CClipboardViewer::OnClipboardUpdate
2023-05-24 09:59:41.526	- Info  -	[clipboard] CClipboardViewer::OnClipboardUpdate
2023-05-24 09:59:41.858	- Info  -	[clipboard] CClipboardViewer::OnRenderFormat begin, uformat 13
2023-05-24 09:59:41.858	- Info  -	[clipboard] RenderFormat, win format 13, 1112398984
2023-05-24 09:59:41.888	- Info  -	[clipboard] OnReceiveClipData, type 1829656068109, size 1152
2023-05-24 09:59:41.888	- Info  -	[clipboard] format 13, data size: 1152
2023-05-24 09:59:41.888	- Info  -	[clipboard] setClipboardData, format 13, oray format 13
2023-05-24 09:59:41.889	- Info  -	[clipboard] RenderFormat end
2023-05-24 09:59:41.890	- Info  -	[clipboard] CClipboardViewer::OnRenderFormat end, uformat 13
2023-05-24 10:20:54.629	- Info  -	[clipboard] CClipboardViewer::OnClipboardUpdate
2023-05-24 10:20:54.634	- Info  -	[clipboard] CClipboardViewer::OnClipboardUpdate
2023-05-24 10:20:54.634	- Info  -	[clipboard] CClipboardViewer::OnClipboardUpdate
2023-05-24 10:20:54.634	- Info  -	[clipboard] CClipboardViewer::OnClipboardUpdate
2023-05-24 10:20:54.638	- Info  -	[clipboard] CClipboardViewer::OnClipboardUpdate
2023-05-24 10:20:54.663	- Info  -	[clipboard] CClipboardViewer::OnClipboardUpdate
2023-05-24 10:20:54.698	- Info  -	[clipboard] CClipboardViewer::OnClipboardUpdate
2023-05-24 10:20:54.700	- Info  -	[clipboard] CClipboardViewer::OnClipboardUpdate
2023-05-24 10:20:54.702	- Info  -	[clipboard] CClipboardViewer::OnClipboardUpdate
2023-05-24 10:20:54.702	- Info  -	[clipboard] CClipboardViewer::OnClipboardUpdate
2023-05-24 10:20:54.702	- Info  -	[clipboard] CClipboardViewer::OnClipboardUpdate
2023-05-24 10:20:54.969	- Info  -	[clipboard] CClipboardViewer::OnRenderFormat begin, uformat 13
2023-05-24 10:20:54.970	- Info  -	[clipboard] RenderFormat, win format 13, 1113672093
2023-05-24 10:20:54.999	- Info  -	[clipboard] OnReceiveClipData, type 1829656068109, size 2
2023-05-24 10:20:54.999	- Info  -	[clipboard] format 13, data size: 2
2023-05-24 10:20:54.999	- Info  -	[clipboard] setClipboardData, format 13, oray format 13
2023-05-24 10:20:54.999	- Info  -	[clipboard] RenderFormat end
2023-05-24 10:20:54.999	- Info  -	[clipboard] CClipboardViewer::OnRenderFormat end, uformat 13
2023-05-24 10:21:06.635	- Info  -	[clipboard] CClipboardViewer::OnClipboardUpdate
2023-05-24 10:21:06.639	- Info  -	[clipboard] CClipboardViewer::OnClipboardUpdate
2023-05-24 10:21:06.639	- Info  -	[clipboard] CClipboardViewer::OnClipboardUpdate
2023-05-24 10:21:06.640	- Info  -	[clipboard] CClipboardViewer::OnClipboardUpdate
2023-05-24 10:21:06.642	- Info  -	[clipboard] CClipboardViewer::OnClipboardUpdate
2023-05-24 10:21:06.642	- Info  -	[clipboard] CClipboardViewer::OnClipboardUpdate
2023-05-24 10:21:06.642	- Info  -	[clipboard] CClipboardViewer::OnClipboardUpdate
2023-05-24 10:21:06.642	- Info  -	[clipboard] CClipboardViewer::OnClipboardUpdate
2023-05-24 10:21:06.642	- Info  -	[clipboard] CClipboardViewer::OnClipboardUpdate
2023-05-24 10:21:06.971	- Info  -	[clipboard] CClipboardViewer::OnRenderFormat begin, uformat 13
2023-05-24 10:21:06.971	- Info  -	[clipboard] RenderFormat, win format 13, 1113684093
2023-05-24 10:21:06.999	- Info  -	[clipboard] OnReceiveClipData, type 1829656068109, size 164
2023-05-24 10:21:06.999	- Info  -	[clipboard] format 13, data size: 164
2023-05-24 10:21:06.999	- Info  -	[clipboard] setClipboardData, format 13, oray format 13
2023-05-24 10:21:06.999	- Info  -	[clipboard] RenderFormat end
2023-05-24 10:21:06.999	- Info  -	[clipboard] CClipboardViewer::OnRenderFormat end, uformat 13
2023-05-24 10:30:00.541	* Error *	sensors data send failed!
2023-05-24 10:30:00.544	- Info  -	[oray][erroCode] errorcode=oray_errorcode(0), product=0, type=0, inner code=0 [CMultiChannelStream::Disconnect_impl:254]
2023-05-24 10:30:00.544	- Info  -	[TCPConnector] CCurStream handle client_disconnect
2023-05-24 10:30:00.544	- Info  -	[oray][erroCode] errorcode=transf(0), product=0, type=0, inner code=0 [CMultiChannelStream::ForwardHandler::Handle:647]
2023-05-24 10:30:00.544	- Info  -	CConnectorRaw::OnEvent() state: CNTS_FWD_DISCONNECT, error: 0, oray errorcode: 0
2023-05-24 10:30:00.544	- Info  -	[oray][erroCode] errorcode=oray_errorcode(0), product=0, type=0, inner code=0 [CConnectorRaw::OnEvent:624]
2023-05-24 10:30:00.544	+Warning+	[MultiChannel] unbind forward stream(errorcode 0) @ 651
2023-05-24 10:30:00.545	- Info  -	[oray][erroCode] errorcode=oray_errorcode(0), product=0, type=0, inner code=0 [CP2PStream::Disconnect_impl:678]
2023-05-24 10:30:00.545	- Info  -	[oray][erroCode] errorcode=oray_errorcode(0), product=0, type=0, inner code=0 [CP2PStream::CUDPStream::Disconnect_impl:1044]
2023-05-24 10:30:00.545	- Info  -	[oray][erroCode] errorcode=oray_errorcode(0), product=0, type=0, inner code=0 [CUDPLibStream::Disconnect_impl:73]
2023-05-24 10:30:00.545	- Info  -	[udp] Disconnect
2023-05-24 10:30:00.545	- Info  -	[udp] SendDisconnect
2023-05-24 10:30:00.545	- Info  -	[MultiChannel] P2P channel disconnect 117.43.162.13:25652
2023-05-24 10:30:00.545	- Info  -	[oray][erroCode] errorcode=transf(0), product=0, type=0, inner code=0 [CMultiChannelStream::P2PHandler::Handle:834]
2023-05-24 10:30:00.545	- Info  -	[oray][erroCode] errorcode=transf(0), product=0, type=0, inner code=0 [CMultiChannelStream::HandleDisconnect:1041]
2023-05-24 10:30:00.545	- Info  -	CMultiChannelStreamImpl::OnDisconnect()
2023-05-24 10:30:00.545	- Info  -	[oray][erroCode] errorcode=oray_errorcode(0), product=0, type=0, inner code=0 [CMultiChannelStreamImpl::OnDisconnect:100]
2023-05-24 10:30:00.545	- Info  -	CClientStream 117.43.162.13:25652 OnDisconnect, errocde:0
2023-05-24 10:30:00.545	- Info  -	[oray][erroCode] errorcode=errcode(0), product=0, type=0, inner code=0 [CClientStream::OnDisconnect:104]
2023-05-24 10:30:00.545	- Info  -	OnDisconnect, error code 0
2023-05-24 10:30:00.545	- Info  -	[oray][erroCode] errorcode=errcode(0), product=0, type=0, inner code=0 [BinaryPluginStream::OnDisconnect:404]
2023-05-24 10:30:00.545	- Info  -	[desktop] Separation message loop stop.
2023-05-24 10:30:00.546	- Info  -	CPluginThreadManager stop plugin thread
2023-05-24 10:30:00.546	- Info  -	CActivePlugin prepare to exit plugin
2023-05-24 10:30:00.546	- Info  -	[desktop] RemoteDesktopPlugin::ExitInstance. >
2023-05-24 10:30:00.546	- Info  -	[clipboard] stop clipboard...
2023-05-24 10:30:00.552	- Info  -	[udpwrapper] udprelay connecting 117.43.162.13:25652 via 122.246.12.46:4118
2023-05-24 10:30:00.556	- Info  -	[clipboard] recv thread end(1).
2023-05-24 10:30:00.557	- Info  -	[clipboard] call CClipboardViewer::DestroyWnd at 190
2023-05-24 10:30:00.558	- Info  -	[clipboard] recv WM_CLOSE, end thread.
2023-05-24 10:30:00.567	- Info  -	[clipboard] Stop Clipboard ok
2023-05-24 10:30:00.581	- Info  -	[desktop] [thread] cancel.
2023-05-24 10:30:00.582	- Info  -	[desktop] RemoteDesktopPlugin::ExitInstance. <
2023-05-24 10:30:00.590	- Info  -	CConnectorRaw::OnEvent() state: CNTS_P2P_DISCONNECT, error: 0, oray errorcode: 0
2023-05-24 10:30:00.590	- Info  -	[oray][erroCode] errorcode=oray_errorcode(0), product=0, type=0, inner code=0 [CConnectorRaw::OnEvent:624]
2023-05-24 10:30:00.590	- Info  -	[oray][erroCode] errorcode=oray_errorcode(0), product=0, type=0, inner code=0 [CP2PStream::CTCPStream::Disconnect_impl:1016]
2023-05-24 10:30:00.593	- Info  -	CConnectorRaw::OnEvent() state: CNTS_DISCONNECTED, error: 0, oray errorcode: 0
2023-05-24 10:30:00.593	- Info  -	[oray][erroCode] errorcode=oray_errorcode(0), product=0, type=0, inner code=0 [CConnectorRaw::OnEvent:624]
2023-05-24 10:30:00.593	- Info  -	CConnectorRaw::Stop in>
2023-05-24 10:30:00.597	* Error *	Plugin disconnect with error : 0
2023-05-24 10:30:00.647	- Info  -	[CUDPLibWrapper] map size: 1, value: [117.43.162.13:25652/15245-2] = 0.0.0.0:15245;

2023-05-24 10:30:00.647	- Info  -	[oray][erroCode] errorcode=oray_errorcode(0), product=0, type=0, inner code=0 [CP2PStream::CUDPStream::Disconnect_impl:1044]
2023-05-24 10:30:00.647	- Info  -	[oray][erroCode] errorcode=oray_errorcode(0), product=0, type=0, inner code=0 [CUDPLibStream::Disconnect_impl:73]
2023-05-24 10:30:00.694	- Info  -	CConnectorRaw::Stop out<
2023-05-24 10:30:00.695	- Info  -	sensors close
2023-05-24 10:30:00.760	- Info  -	[desktop] CRemoteDesktopPlugin::~CRemoteDesktopPlugin(void)
2023-05-24 10:30:00.763	- Info  -	[vpx][decoder] close codec.
2023-05-24 10:30:01.075	- Info  -	CMultiChannelStreamImpl::~CMultiChannelStreamImpl
2023-05-24 10:30:01.081	- Info  -	program remote_plugin is exit 
