2023-02-08 20:27:46.987	- Info  -	version:3.2.1.40406
2023-02-08 20:27:46.994	- Info  -	DPIAwareness set 2 success.
2023-02-08 20:27:47.003	- Info  -	config path:  fÜ
2023-02-08 20:27:47.068	- Info  -	[displayclt] CDisplayClient::CDisplayClient(all)
2023-02-08 20:27:47.068	- Info  -	[desktop] CRemoteDesktopPlugin::CRemoteDesktopPlugin(all)
2023-02-08 20:27:47.097	- Info  -	sensors init with file: C:/ProgramData/Oray/SunloginClient/sensors/datas
2023-02-08 20:27:47.098	- Info  -	CMultiChannelStreamImpl::CMultiChannelStreamImpl
2023-02-08 20:27:47.101	- Info  -	CConnectorRaw::OnStreamEvent(1) state: CNTS_FORWARD, error: 0
2023-02-08 20:27:47.102	- Info  -	CConnectorRaw::OnEvent() state: CNTS_FORWARD, error: 0, oray errorcode: 0
2023-02-08 20:27:47.102	- Info  -	[oray][erroCode] errorcode=oray_errorcode(0), product=0, type=0, inner code=0 [CConnectorRaw::OnEvent:624]
2023-02-08 20:27:47.109	* Error *	sensors data send failed!
2023-02-08 20:27:47.292	- Info  -	attempt to connect server 1462909390.slp2p-east-std256.oray.net:443(117.68.2.100:443)
2023-02-08 20:27:47.386	- Info  -	plugin_public access_token is NULL
2023-02-08 20:27:47.743	- Info  -	[TCPConnector] CCurStream handle client_connect
2023-02-08 20:27:47.791	- Info  -	[MultiChannel] Forward channel shake handle 117.68.2.100:443
2023-02-08 20:27:47.792	- Info  -	CMultiChannelStreamImpl::OnConnect()
2023-02-08 20:27:47.792	- Info  -	CClientStream 117.68.2.100:443 OnConnect
2023-02-08 20:27:47.792	- Info  -	CConnectorRaw::OnEvent() state: CNTS_LOGIN, error: 0, oray errorcode: 0
2023-02-08 20:27:47.792	- Info  -	[oray][erroCode] errorcode=oray_errorcode(0), product=0, type=0, inner code=0 [CConnectorRaw::OnEvent:624]
2023-02-08 20:27:47.792	- Info  -	CConnectorRaw::OnEvent() state: CNTS_FWD_SHAKEHANDLE, error: 0, oray errorcode: 0
2023-02-08 20:27:47.792	- Info  -	[oray][erroCode] errorcode=oray_errorcode(0), product=0, type=0, inner code=0 [CConnectorRaw::OnEvent:624]
2023-02-08 20:27:48.281	- Info  -	[MultiChannel] Forward channel connected 117.68.2.100:443
2023-02-08 20:27:48.281	- Info  -	CMultiChannelStreamImpl::OnConnectEvent, status: CNTS_FWD_CONNECTED, isclosed:false, HadFwdConnected: true, HadBeenHolePunch: false
2023-02-08 20:27:48.281	- Info  -	CConnectorRaw::OnEvent() state: CNTS_FWD_CONNECTED, error: 0, oray errorcode: 0
2023-02-08 20:27:48.281	- Info  -	[oray][erroCode] errorcode=oray_errorcode(0), product=0, type=0, inner code=0 [CConnectorRaw::OnEvent:624]
2023-02-08 20:27:48.281	* Error *	CClientStream receive invalid Logon_OK_Message
2023-02-08 20:27:48.281	- Info  -	CClientStream 117.68.2.100:443 OnReceive reply 1 
2023-02-08 20:27:48.281	- Info  -	CClientStream 117.68.2.100:443 start keepalive
2023-02-08 20:27:48.281	- Info  -	CClientStream 117.68.2.100:443 login OK
2023-02-08 20:27:48.281	- Info  -	CConnectorRaw::OnEvent() state: CNTS_CONNECTED, error: 0, oray errorcode: 0
2023-02-08 20:27:48.281	- Info  -	[oray][erroCode] errorcode=oray_errorcode(0), product=0, type=0, inner code=0 [CConnectorRaw::OnEvent:624]
2023-02-08 20:27:48.281	- Info  -	CPluginThreadManager start plugin thread
2023-02-08 20:27:48.337	* Error *	sensors data send failed!
2023-02-08 20:27:48.367	- Info  -	CActivePlugin prepare to init plugin
2023-02-08 20:27:48.368	- Info  -	[desktop] create drag server OK
2023-02-08 20:27:48.369	- Info  -	CActivePlugin prepare to run plugin
2023-02-08 20:27:48.383	- Info  -	[desktop] sending switch desktop type message...
2023-02-08 20:27:48.384	- Info  -	[desktop] request enumerate user list.
2023-02-08 20:27:48.384	- Info  -	[desktop] Separation message loop start.
2023-02-08 20:27:49.083	- Info  -	[desktop] receive switch host message res = 1 
2023-02-08 20:27:49.083	- Info  -	[desktop] request enum screen
2023-02-08 20:27:49.083	- Info  -	[DisplayClient] SetCompression 11/15
2023-02-08 20:27:49.084	- Info  -	[desktop] request start stream
2023-02-08 20:27:49.084	- Info  -	[desktop] SetCompressionParam: layer=1;encoding=4;format=1;reserved=0, size: 38
2023-02-08 20:27:49.705	- Info  -	[desktop] OnQueryConfigRes
2023-02-08 20:27:49.705	- Info  -	[desktop] OnQueryConfigRes
2023-02-08 20:27:49.705	- Info  -	[desktop] recv enum screen, number is 1
2023-02-08 20:27:49.759	- Info  -	[clipboard] start clipboard...
2023-02-08 20:27:49.777	- Info  -	[clipboard][converter] html format 49455
2023-02-08 20:27:49.777	- Info  -	[clipboard][converter] rtf format 49289
2023-02-08 20:27:49.780	- Info  -	[clipboard] start clipboard ok.
2023-02-08 20:27:49.780	- Info  -	[desktop] sync clipboard enable
2023-02-08 20:27:50.269	- Info  -	CMultiChannelStreamImpl::ConnectP2PServer, thread id: 2968
2023-02-08 20:27:50.411	- Info  -	CConnectorRaw::OnStreamEvent(1) state: CNTS_P2P, error: 0
2023-02-08 20:27:50.411	- Info  -	CConnectorRaw::OnEvent() state: CNTS_P2P, error: 0, oray errorcode: 0
2023-02-08 20:27:50.411	- Info  -	[oray][erroCode] errorcode=oray_errorcode(0), product=0, type=0, inner code=0 [CConnectorRaw::OnEvent:624]
2023-02-08 20:27:50.411	- Info  -	[P2PConnector] attempt to connect server PHSRC://1462909390.slp2p-east-std256.oray.net:4118/desktop(slp2p-east-std256.oray.net:4118) 
2023-02-08 20:27:50.511	- Info  -	CClipboardRaw::OnReceiveQueryVersionReq 2
2023-02-08 20:27:50.519	- Info  -	[udp] support straight send in peer : no 117.68.2.100:4118 CConnection::OnConnectRes
2023-02-08 20:27:50.520	- Info  -	[P2PHelper] detect local ip ...
2023-02-08 20:27:50.521	- Info  -	[P2PHelper] detect local ip 192.168.0.106
2023-02-08 20:27:50.521	- Info  -	[P2PHelper] attempt to login P2P Server...
2023-02-08 20:27:50.544	- Info  -	[P2PHelper] Login P2P Server OK
2023-02-08 20:27:50.544	- Info  -	[P2PHelper] OnLoginRes, receive public ip 183.219.206.222:28225
2023-02-08 20:27:50.544	- Info  -	[P2PHelper] sending P2P request ...
2023-02-08 20:27:50.622	- Info  -	[P2PHelper] receive peer local ip 10.21.26.2:15266, public ip 220.175.31.165:3151
2023-02-08 20:27:50.622	- Info  -	[P2PStream] EstablishP2P local ip 183.219.206.222:28225/192.168.0.106:15129 ==> peer ip 220.175.31.165:3151/10.21.26.2:15266
2023-02-08 20:27:51.298	- Info  -	discovery ok, find root devices: http://192.168.0.1:1900/igd.xml
2023-02-08 20:27:51.355	- Info  -	external ip address 192.168.1.3
2023-02-08 20:27:51.355	- Info  -	upnpnat_search_thread::ThreadLoop end
2023-02-08 20:27:51.359	- Info  -	[udpwrapper] attempt to establish P2P connection via: 117.68.2.100:4118, (local)192.168.0.106:15129|(public)183.219.206.222:28225 ==> (local)10.21.26.2:15266|(public)220.175.31.165:3151
2023-02-08 20:27:51.359	- Info  -	add_port_mapping external port 28225, internalclient ip 192.168.0.106, internal port 15129
2023-02-08 20:27:51.400	- Info  -	add_port_mapping ok
2023-02-08 20:27:51.455	- Info  -	[udp] OnConnectAck working in advanced mode 2
2023-02-08 20:27:51.456	- Info  -	[udp] support straight send in peer : yes 220.175.31.165:3151 CConnection::OnConnectRes
2023-02-08 20:27:51.457	- Info  -	[oray][erroCode] errorcode=oray_errorcode(0), product=0, type=0, inner code=0 [CUDPLibStream::Disconnect_impl:73]
2023-02-08 20:27:51.457	- Info  -	[udp] Disconnect
2023-02-08 20:27:51.457	- Info  -	[udp] SendDisconnect
2023-02-08 20:27:51.457	- Info  -	[P2PHelper] MainServer disconnect
2023-02-08 20:27:51.457	- Info  -	[MultiChannel] P2P channel shake handle 220.175.31.165:3151
2023-02-08 20:27:51.457	- Info  -	CConnectorRaw::OnEvent() state: CNTS_P2P_SHAKEHANDLE, error: 0, oray errorcode: 0
2023-02-08 20:27:51.457	- Info  -	[oray][erroCode] errorcode=oray_errorcode(0), product=0, type=0, inner code=0 [CConnectorRaw::OnEvent:624]
2023-02-08 20:27:51.457	- Info  -	[MultiChannel] send SHAKE_HANDLES_MSG, read 3221, write 1874
2023-02-08 20:27:51.457	- Info  -	[P2PStream] connected (by udp) 0.0.0.0:15129 <--> 220.175.31.165:3151
2023-02-08 20:27:51.481	- Info  -	[MultiChannel] Received SHAKE_HANDLES_MSG, read 1894 / (local write 1874), write 190744 / (local read 3221)
2023-02-08 20:27:51.481	- Info  -	[MultiChannel] P2P channel connected 220.175.31.165:3151
2023-02-08 20:27:51.481	- Info  -	CConnectorRaw::OnEvent() state: CNTS_P2P_CONNECTED, error: 0, oray errorcode: 0
2023-02-08 20:27:51.482	- Info  -	[oray][erroCode] errorcode=oray_errorcode(0), product=0, type=0, inner code=0 [CConnectorRaw::OnEvent:624]
2023-02-08 20:27:51.482	- Info  -	[MultiChannel] forward stream read data(size:187523, 187523, left:187523) when p2p state is CONNECTED @ 445
2023-02-08 20:27:51.492	- Info  -	[udpwrapper] disconnect reason : 1
2023-02-08 20:27:51.492	- Info  -	[oray][erroCode] errorcode=oray_errorcode(57354), product=0, type=3, inner code=10 [CUDPLibWrapper::OnDisconnect:833]
2023-02-08 20:27:51.492	- Info  -	[udpwrapper] Disconnect 117.68.2.100:4118 @ 838
2023-02-08 20:27:51.492	- Info  -	[oray][erroCode] errorcode=oray_errorcode(57354), product=0, type=3, inner code=10 [CUDPLibStream::Disconnect_impl:73]
2023-02-08 20:27:51.597	- Info  -	[MultiChannel] forward data read completed @ 462
2023-02-08 20:27:51.598	- Info  -	SetDisplayMode() w=1600, h=900, bpp=32
2023-02-08 20:27:51.598	- Info  -	ResetBitmap width=1600, height=900, bpp=32, srcbpp=32, Size = 5760000
2023-02-08 20:27:51.598	- Info  -	[DisplayClient] recv image info, width: 1600, height: 900, bpp: 32
2023-02-08 20:27:51.598	- Info  -	[DisplayClient] OnRecvCompInfo format/quality 11/15
2023-02-08 20:27:51.599	- Info  -	[desktop][DisplayClient] recv first frame.
2023-02-08 20:27:51.611	- Info  -	[DisplayClient] recv compimage type: ID_IMAGE_RAPIDCOMP
2023-02-08 20:27:51.695	- Info  -	[vpx] open codec.
2023-02-08 20:27:51.785	- Info  -	[desktop][DisplayClient] decode first frame end.
2023-02-08 20:27:51.785	- Info  -	[MultiChannel] write data when p2p state is CONNECTED, is full 0, writed data 1874 / peer read 1894, left 20, size 52 @ 153
2023-02-08 20:27:51.787	- Info  -	[desktop] receive first frame message
2023-02-08 20:27:51.787	- Info  -	[drag] QueryVersionRes is true
2023-02-08 20:27:51.791	- Info  -	[MultiChannel] forward data write completed @ 216
2023-02-08 20:27:51.791	- Info  -	CClipboardRaw::OnReceiveQueryVersionRes 2
2023-02-08 20:27:52.057	- Info  -	Init D3D2 OK
2023-02-08 20:27:52.057	- Info  -	[DesktopSurface] Use DirectX Paint mode 2
2023-02-08 20:27:52.110	- Info  -	Init D3D2 OK
2023-02-08 20:27:52.136	- Info  -	[maindialog] draw first frame end
2023-02-08 20:27:52.184	- Info  -	[desktop] sync clipboard enable
2023-02-08 20:27:52.187	- Info  -	[http call3] new call id:1, url:https://slapi.oray.net/remote/get-network
2023-02-08 20:27:52.188	- Info  -	[http call3] id:1 create new connection : https://slapi.oray.net:443
2023-02-08 20:27:52.190	- Info  -	attempt to connect server slapi.oray.net:443(121.40.200.192:443)
2023-02-08 20:27:52.513	- Info  -	[http call3] id:1, url:https://slapi.oray.net/remote/get-network, status code:200
2023-02-08 20:27:54.964	- Info  -	Init D3D2 OK
2023-02-08 20:27:55.171	- Info  -	Init D3D2 OK
2023-02-08 20:27:55.207	- Info  -	Init D3D2 OK
2023-02-08 20:27:55.247	- Info  -	Init D3D2 OK
2023-02-08 20:27:55.310	- Info  -	Init D3D2 OK
2023-02-08 20:27:56.119	- Info  -	Init D3D2 OK
2023-02-08 20:27:59.390	+Warning+	[BinaryPluginStream] rate reader pending data size 292779 exceed 262144
2023-02-08 20:27:59.630	+Warning+	[BinaryPluginStream] rate reader data all clear
2023-02-08 20:27:59.817	* Error *	sensors data send failed!
2023-02-08 20:28:03.394	- Info  -	Init D3D2 OK
2023-02-08 20:28:03.590	- Info  -	Init D3D2 OK
2023-02-08 20:28:03.618	- Info  -	Init D3D2 OK
2023-02-08 20:28:03.651	- Info  -	Init D3D2 OK
2023-02-08 20:28:03.679	- Info  -	Init D3D2 OK
2023-02-08 20:28:03.711	- Info  -	Init D3D2 OK
2023-02-08 20:28:03.740	- Info  -	Init D3D2 OK
2023-02-08 20:28:03.778	- Info  -	Init D3D2 OK
2023-02-08 20:28:03.806	- Info  -	Init D3D2 OK
2023-02-08 20:28:03.852	- Info  -	Init D3D2 OK
2023-02-08 20:28:03.884	- Info  -	Init D3D2 OK
2023-02-08 20:28:03.912	- Info  -	Init D3D2 OK
2023-02-08 20:28:03.950	- Info  -	Init D3D2 OK
2023-02-08 20:28:03.976	- Info  -	Init D3D2 OK
2023-02-08 20:28:04.011	- Info  -	Init D3D2 OK
2023-02-08 20:28:04.042	- Info  -	Init D3D2 OK
2023-02-08 20:28:04.070	- Info  -	Init D3D2 OK
2023-02-08 20:28:04.098	- Info  -	Init D3D2 OK
2023-02-08 20:28:04.288	- Info  -	Init D3D2 OK
2023-02-08 20:28:04.322	- Info  -	Init D3D2 OK
2023-02-08 20:28:04.352	- Info  -	Init D3D2 OK
2023-02-08 20:28:04.384	- Info  -	Init D3D2 OK
2023-02-08 20:28:04.417	- Info  -	Init D3D2 OK
2023-02-08 20:28:04.448	- Info  -	Init D3D2 OK
2023-02-08 20:28:04.477	- Info  -	Init D3D2 OK
2023-02-08 20:28:04.502	- Info  -	Init D3D2 OK
2023-02-08 20:28:04.545	- Info  -	Init D3D2 OK
2023-02-08 20:28:04.576	- Info  -	Init D3D2 OK
2023-02-08 20:28:04.601	- Info  -	Init D3D2 OK
2023-02-08 20:28:04.638	- Info  -	Init D3D2 OK
2023-02-08 20:28:04.669	- Info  -	Init D3D2 OK
2023-02-08 20:28:04.696	- Info  -	Init D3D2 OK
2023-02-08 20:28:05.118	- Info  -	Init D3D2 OK
2023-02-08 20:28:05.152	- Info  -	Init D3D2 OK
2023-02-08 20:28:05.186	- Info  -	Init D3D2 OK
2023-02-08 20:28:05.214	- Info  -	Init D3D2 OK
2023-02-08 20:28:05.249	- Info  -	Init D3D2 OK
2023-02-08 20:28:05.283	- Info  -	Init D3D2 OK
2023-02-08 20:28:05.317	- Info  -	Init D3D2 OK
2023-02-08 20:28:05.349	- Info  -	Init D3D2 OK
2023-02-08 20:28:05.381	- Info  -	Init D3D2 OK
2023-02-08 20:28:05.405	- Info  -	Init D3D2 OK
2023-02-08 20:28:05.436	- Info  -	Init D3D2 OK
2023-02-08 20:28:05.600	- Info  -	Init D3D2 OK
2023-02-08 20:28:07.516	* Error *	SSLStream::IsWantReadWrite|peer(121.40.200.192:443), SSL_read failed( 6 ), error:00000000:lib(0):func(0):reason(0), file( ..\includes\common\phstream\SSLStream.cpp:1898 )
2023-02-08 20:28:07.516	- Info  -	[http call3] disconnect, error( 0 )
2023-02-08 20:28:43.190	- Info  -	Init D3D2 OK
2023-02-08 20:28:43.411	- Info  -	Init D3D2 OK
2023-02-08 20:28:43.449	- Info  -	Init D3D2 OK
2023-02-08 20:28:43.482	- Info  -	Init D3D2 OK
2023-02-08 20:28:43.505	- Info  -	Init D3D2 OK
2023-02-08 20:28:43.537	- Info  -	Init D3D2 OK
2023-02-08 20:28:43.568	- Info  -	Init D3D2 OK
2023-02-08 20:28:43.600	- Info  -	Init D3D2 OK
2023-02-08 20:28:43.632	- Info  -	Init D3D2 OK
2023-02-08 20:28:43.664	- Info  -	Init D3D2 OK
2023-02-08 20:28:43.695	- Info  -	Init D3D2 OK
2023-02-08 20:28:43.723	- Info  -	Init D3D2 OK
2023-02-08 20:28:43.760	- Info  -	Init D3D2 OK
2023-02-08 20:28:43.791	- Info  -	Init D3D2 OK
2023-02-08 20:28:43.819	- Info  -	Init D3D2 OK
2023-02-08 20:28:43.845	- Info  -	Init D3D2 OK
2023-02-08 20:28:43.879	- Info  -	Init D3D2 OK
2023-02-08 20:28:43.910	- Info  -	Init D3D2 OK
2023-02-08 20:28:43.954	- Info  -	Init D3D2 OK
2023-02-08 20:28:44.027	- Info  -	Init D3D2 OK
2023-02-08 20:28:45.917	- Info  -	Init D3D2 OK
2023-02-08 20:28:46.103	- Info  -	Init D3D2 OK
2023-02-08 20:28:46.134	- Info  -	Init D3D2 OK
2023-02-08 20:28:46.169	- Info  -	Init D3D2 OK
2023-02-08 20:28:46.533	- Info  -	Init D3D2 OK
2023-02-08 20:28:48.306	- Info  -	Init D3D2 OK
2023-02-08 20:28:48.486	- Info  -	Init D3D2 OK
2023-02-08 20:28:48.517	- Info  -	Init D3D2 OK
2023-02-08 20:28:48.542	- Info  -	Init D3D2 OK
2023-02-08 20:28:48.866	- Info  -	Init D3D2 OK
2023-02-08 20:28:53.226	- Info  -	Init D3D2 OK
2023-02-08 20:28:53.436	- Info  -	Init D3D2 OK
2023-02-08 20:28:53.466	- Info  -	Init D3D2 OK
2023-02-08 20:28:53.505	- Info  -	Init D3D2 OK
2023-02-08 20:28:53.536	- Info  -	Init D3D2 OK
2023-02-08 20:28:53.566	- Info  -	Init D3D2 OK
2023-02-08 20:28:53.594	- Info  -	Init D3D2 OK
2023-02-08 20:28:53.621	- Info  -	Init D3D2 OK
2023-02-08 20:28:53.662	- Info  -	Init D3D2 OK
2023-02-08 20:28:53.694	- Info  -	Init D3D2 OK
2023-02-08 20:28:53.726	- Info  -	Init D3D2 OK
2023-02-08 20:28:53.754	- Info  -	Init D3D2 OK
2023-02-08 20:28:53.781	- Info  -	Init D3D2 OK
2023-02-08 20:28:53.811	- Info  -	Init D3D2 OK
2023-02-08 20:28:53.842	- Info  -	Init D3D2 OK
2023-02-08 20:28:53.874	- Info  -	Init D3D2 OK
2023-02-08 20:28:53.905	- Info  -	Init D3D2 OK
2023-02-08 20:28:53.938	- Info  -	Init D3D2 OK
2023-02-08 20:28:53.969	- Info  -	Init D3D2 OK
2023-02-08 20:28:54.004	- Info  -	Init D3D2 OK
2023-02-08 20:28:54.032	- Info  -	Init D3D2 OK
2023-02-08 20:28:54.060	- Info  -	Init D3D2 OK
2023-02-08 20:28:54.097	- Info  -	Init D3D2 OK
2023-02-08 20:28:54.125	- Info  -	Init D3D2 OK
2023-02-08 20:28:54.162	- Info  -	Init D3D2 OK
2023-02-08 20:28:54.189	- Info  -	Init D3D2 OK
2023-02-08 20:28:54.974	- Info  -	Init D3D2 OK
2023-02-08 20:28:55.268	- Info  -	Init D3D2 OK
2023-02-08 20:28:57.430	- Info  -	Init D3D2 OK
2023-02-08 20:29:01.771	- Info  -	Init D3D2 OK
2023-02-08 20:29:02.026	- Info  -	Init D3D2 OK
2023-02-08 20:29:02.068	- Info  -	Init D3D2 OK
2023-02-08 20:29:02.101	- Info  -	Init D3D2 OK
2023-02-08 20:29:02.133	- Info  -	Init D3D2 OK
2023-02-08 20:29:02.157	- Info  -	Init D3D2 OK
2023-02-08 20:29:02.195	- Info  -	Init D3D2 OK
2023-02-08 20:29:02.219	- Info  -	Init D3D2 OK
2023-02-08 20:29:02.248	- Info  -	Init D3D2 OK
2023-02-08 20:29:02.289	- Info  -	Init D3D2 OK
2023-02-08 20:29:02.321	- Info  -	Init D3D2 OK
2023-02-08 20:29:02.353	- Info  -	Init D3D2 OK
2023-02-08 20:29:02.383	- Info  -	Init D3D2 OK
2023-02-08 20:29:02.413	- Info  -	Init D3D2 OK
2023-02-08 20:29:02.439	- Info  -	Init D3D2 OK
2023-02-08 20:29:02.469	- Info  -	Init D3D2 OK
2023-02-08 20:29:02.567	- Info  -	Init D3D2 OK
2023-02-08 20:29:02.620	- Info  -	Init D3D2 OK
2023-02-08 20:29:02.712	- Info  -	Init D3D2 OK
2023-02-08 20:29:02.756	- Info  -	Init D3D2 OK
2023-02-08 20:29:02.799	- Info  -	Init D3D2 OK
2023-02-08 20:29:02.822	- Info  -	Init D3D2 OK
2023-02-08 20:29:02.853	- Info  -	Init D3D2 OK
2023-02-08 20:29:02.883	- Info  -	Init D3D2 OK
2023-02-08 20:29:02.933	- Info  -	Init D3D2 OK
2023-02-08 20:29:03.023	- Info  -	Init D3D2 OK
2023-02-08 20:29:03.106	- Info  -	Init D3D2 OK
2023-02-08 20:29:49.466	- Info  -	Init D3D2 OK
2023-02-08 20:29:49.654	- Info  -	Init D3D2 OK
2023-02-08 20:29:49.685	- Info  -	Init D3D2 OK
2023-02-08 20:29:49.720	- Info  -	Init D3D2 OK
2023-02-08 20:29:49.751	- Info  -	Init D3D2 OK
2023-02-08 20:29:49.780	- Info  -	Init D3D2 OK
2023-02-08 20:29:49.813	- Info  -	Init D3D2 OK
2023-02-08 20:29:49.845	- Info  -	Init D3D2 OK
2023-02-08 20:29:49.876	- Info  -	Init D3D2 OK
2023-02-08 20:29:49.901	- Info  -	Init D3D2 OK
2023-02-08 20:29:49.930	- Info  -	Init D3D2 OK
2023-02-08 20:29:49.964	- Info  -	Init D3D2 OK
2023-02-08 20:29:49.995	- Info  -	Init D3D2 OK
2023-02-08 20:29:50.023	- Info  -	Init D3D2 OK
2023-02-08 20:29:50.067	- Info  -	Init D3D2 OK
2023-02-08 20:29:50.099	- Info  -	Init D3D2 OK
2023-02-08 20:29:50.130	- Info  -	Init D3D2 OK
2023-02-08 20:29:50.157	- Info  -	Init D3D2 OK
2023-02-08 20:29:50.210	- Info  -	Init D3D2 OK
2023-02-08 20:29:50.231	- Info  -	Init D3D2 OK
2023-02-08 20:29:58.768	- Info  -	Init D3D2 OK
2023-02-08 20:29:58.965	- Info  -	Init D3D2 OK
2023-02-08 20:29:58.993	- Info  -	Init D3D2 OK
2023-02-08 20:29:59.032	- Info  -	Init D3D2 OK
2023-02-08 20:29:59.443	- Info  -	Init D3D2 OK
2023-02-08 20:30:34.840	- Info  -	Init D3D2 OK
2023-02-08 20:30:35.087	- Info  -	Init D3D2 OK
2023-02-08 20:30:35.121	- Info  -	Init D3D2 OK
2023-02-08 20:30:35.154	- Info  -	Init D3D2 OK
2023-02-08 20:30:35.189	- Info  -	Init D3D2 OK
2023-02-08 20:30:35.224	- Info  -	Init D3D2 OK
2023-02-08 20:30:35.258	- Info  -	Init D3D2 OK
2023-02-08 20:30:35.292	- Info  -	Init D3D2 OK
2023-02-08 20:30:35.319	- Info  -	Init D3D2 OK
2023-02-08 20:30:35.347	- Info  -	Init D3D2 OK
2023-02-08 20:30:35.376	- Info  -	Init D3D2 OK
2023-02-08 20:30:35.409	- Info  -	Init D3D2 OK
2023-02-08 20:30:35.441	- Info  -	Init D3D2 OK
2023-02-08 20:30:35.474	- Info  -	Init D3D2 OK
2023-02-08 20:30:35.505	- Info  -	Init D3D2 OK
2023-02-08 20:30:35.531	- Info  -	Init D3D2 OK
2023-02-08 20:30:35.564	- Info  -	Init D3D2 OK
2023-02-08 20:30:35.592	- Info  -	Init D3D2 OK
2023-02-08 20:30:35.626	- Info  -	Init D3D2 OK
2023-02-08 20:30:35.659	- Info  -	Init D3D2 OK
2023-02-08 20:30:35.692	- Info  -	Init D3D2 OK
2023-02-08 20:30:35.725	- Info  -	Init D3D2 OK
2023-02-08 20:30:35.756	- Info  -	Init D3D2 OK
2023-02-08 20:30:35.787	- Info  -	Init D3D2 OK
2023-02-08 20:30:35.818	- Info  -	Init D3D2 OK
2023-02-08 20:30:35.846	- Info  -	Init D3D2 OK
2023-02-08 20:30:35.873	- Info  -	Init D3D2 OK
2023-02-08 20:30:36.023	- Info  -	Init D3D2 OK
2023-02-08 20:30:36.056	- Info  -	Init D3D2 OK
2023-02-08 20:30:36.083	- Info  -	Init D3D2 OK
2023-02-08 20:30:36.114	- Info  -	Init D3D2 OK
2023-02-08 20:30:36.143	- Info  -	Init D3D2 OK
2023-02-08 20:30:36.172	- Info  -	Init D3D2 OK
2023-02-08 20:30:36.206	- Info  -	Init D3D2 OK
2023-02-08 20:30:36.241	- Info  -	Init D3D2 OK
2023-02-08 20:30:36.276	- Info  -	Init D3D2 OK
2023-02-08 20:30:36.308	- Info  -	Init D3D2 OK
2023-02-08 20:30:36.339	- Info  -	Init D3D2 OK
2023-02-08 20:30:36.363	- Info  -	Init D3D2 OK
2023-02-08 20:30:36.412	- Info  -	Init D3D2 OK
2023-02-08 20:30:36.511	- Info  -	Init D3D2 OK
2023-02-08 20:30:51.854	- Info  -	Init D3D2 OK
2023-02-08 20:30:52.045	- Info  -	Init D3D2 OK
2023-02-08 20:30:52.075	- Info  -	Init D3D2 OK
2023-02-08 20:30:52.112	- Info  -	Init D3D2 OK
2023-02-08 20:30:52.145	- Info  -	Init D3D2 OK
2023-02-08 20:30:52.175	- Info  -	Init D3D2 OK
2023-02-08 20:30:52.208	- Info  -	Init D3D2 OK
2023-02-08 20:30:52.233	- Info  -	Init D3D2 OK
2023-02-08 20:30:52.259	- Info  -	Init D3D2 OK
2023-02-08 20:30:52.291	- Info  -	Init D3D2 OK
2023-02-08 20:30:52.316	- Info  -	Init D3D2 OK
2023-02-08 20:30:52.347	- Info  -	Init D3D2 OK
2023-02-08 20:30:52.379	- Info  -	Init D3D2 OK
2023-02-08 20:30:52.413	- Info  -	Init D3D2 OK
2023-02-08 20:30:52.439	- Info  -	Init D3D2 OK
2023-02-08 20:30:52.469	- Info  -	Init D3D2 OK
2023-02-08 20:30:52.520	- Info  -	Init D3D2 OK
2023-02-08 20:30:53.009	- Info  -	Init D3D2 OK
2023-02-08 20:30:55.796	- Info  -	Init D3D2 OK
2023-02-08 20:30:55.978	- Info  -	Init D3D2 OK
2023-02-08 20:30:56.009	- Info  -	Init D3D2 OK
2023-02-08 20:30:56.296	- Info  -	Init D3D2 OK
2023-02-08 20:31:14.652	- Info  -	Init D3D2 OK
2023-02-08 20:31:14.912	- Info  -	Init D3D2 OK
2023-02-08 20:31:14.942	- Info  -	Init D3D2 OK
2023-02-08 20:31:14.972	- Info  -	Init D3D2 OK
2023-02-08 20:31:14.996	- Info  -	Init D3D2 OK
2023-02-08 20:31:15.023	- Info  -	Init D3D2 OK
2023-02-08 20:31:15.047	- Info  -	Init D3D2 OK
2023-02-08 20:31:15.072	- Info  -	Init D3D2 OK
2023-02-08 20:31:15.097	- Info  -	Init D3D2 OK
2023-02-08 20:31:15.121	- Info  -	Init D3D2 OK
2023-02-08 20:31:15.145	- Info  -	Init D3D2 OK
2023-02-08 20:31:15.170	- Info  -	Init D3D2 OK
2023-02-08 20:31:15.195	- Info  -	Init D3D2 OK
2023-02-08 20:31:15.222	- Info  -	Init D3D2 OK
2023-02-08 20:31:15.251	- Info  -	Init D3D2 OK
2023-02-08 20:31:15.295	- Info  -	Init D3D2 OK
2023-02-08 20:31:15.344	- Info  -	Init D3D2 OK
2023-02-08 20:31:15.367	- Info  -	Init D3D2 OK
2023-02-08 20:31:15.391	- Info  -	Init D3D2 OK
2023-02-08 20:31:15.418	- Info  -	Init D3D2 OK
2023-02-08 20:31:15.441	- Info  -	Init D3D2 OK
2023-02-08 20:31:15.467	- Info  -	Init D3D2 OK
2023-02-08 20:31:15.493	- Info  -	Init D3D2 OK
2023-02-08 20:31:15.518	- Info  -	Init D3D2 OK
2023-02-08 20:31:15.542	- Info  -	Init D3D2 OK
2023-02-08 20:31:15.568	- Info  -	Init D3D2 OK
2023-02-08 20:31:15.592	- Info  -	Init D3D2 OK
2023-02-08 20:31:15.618	- Info  -	Init D3D2 OK
2023-02-08 20:31:15.642	- Info  -	Init D3D2 OK
2023-02-08 20:31:15.668	- Info  -	Init D3D2 OK
2023-02-08 20:31:15.692	- Info  -	Init D3D2 OK
2023-02-08 20:31:15.715	- Info  -	Init D3D2 OK
2023-02-08 20:31:15.741	- Info  -	Init D3D2 OK
2023-02-08 20:31:15.765	- Info  -	Init D3D2 OK
2023-02-08 20:31:15.803	- Info  -	Init D3D2 OK
2023-02-08 20:31:15.843	- Info  -	Init D3D2 OK
2023-02-08 20:31:15.867	- Info  -	Init D3D2 OK
2023-02-08 20:31:15.891	- Info  -	Init D3D2 OK
2023-02-08 20:31:15.917	- Info  -	Init D3D2 OK
2023-02-08 20:31:15.941	- Info  -	Init D3D2 OK
2023-02-08 20:31:15.969	- Info  -	Init D3D2 OK
2023-02-08 20:31:15.993	- Info  -	Init D3D2 OK
2023-02-08 20:31:16.020	- Info  -	Init D3D2 OK
2023-02-08 20:31:16.044	- Info  -	Init D3D2 OK
2023-02-08 20:31:16.071	- Info  -	Init D3D2 OK
2023-02-08 20:31:16.094	- Info  -	Init D3D2 OK
2023-02-08 20:31:16.120	- Info  -	Init D3D2 OK
2023-02-08 20:31:16.144	- Info  -	Init D3D2 OK
2023-02-08 20:31:16.171	- Info  -	Init D3D2 OK
2023-02-08 20:31:16.613	- Info  -	Init D3D2 OK
2023-02-08 20:31:22.221	- Info  -	Init D3D2 OK
2023-02-08 20:31:22.503	- Info  -	Init D3D2 OK
2023-02-08 20:31:22.534	- Info  -	Init D3D2 OK
2023-02-08 20:31:22.558	- Info  -	Init D3D2 OK
2023-02-08 20:31:22.585	- Info  -	Init D3D2 OK
2023-02-08 20:31:22.608	- Info  -	Init D3D2 OK
2023-02-08 20:31:22.635	- Info  -	Init D3D2 OK
2023-02-08 20:31:22.662	- Info  -	Init D3D2 OK
2023-02-08 20:31:22.686	- Info  -	Init D3D2 OK
2023-02-08 20:31:22.711	- Info  -	Init D3D2 OK
2023-02-08 20:31:22.738	- Info  -	Init D3D2 OK
2023-02-08 20:31:23.056	- Info  -	Init D3D2 OK
2023-02-08 20:31:23.089	- Info  -	Init D3D2 OK
2023-02-08 20:31:23.118	- Info  -	Init D3D2 OK
2023-02-08 20:31:23.144	- Info  -	Init D3D2 OK
2023-02-08 20:31:23.169	- Info  -	Init D3D2 OK
2023-02-08 20:31:23.198	- Info  -	Init D3D2 OK
2023-02-08 20:31:23.462	- Info  -	Init D3D2 OK
2023-02-08 20:31:27.115	- Info  -	Init D3D2 OK
2023-02-08 20:31:27.336	- Info  -	Init D3D2 OK
2023-02-08 20:31:27.364	- Info  -	Init D3D2 OK
2023-02-08 20:31:27.392	- Info  -	Init D3D2 OK
2023-02-08 20:31:27.417	- Info  -	Init D3D2 OK
2023-02-08 20:31:27.444	- Info  -	Init D3D2 OK
2023-02-08 20:31:27.468	- Info  -	Init D3D2 OK
2023-02-08 20:31:27.494	- Info  -	Init D3D2 OK
2023-02-08 20:31:27.518	- Info  -	Init D3D2 OK
2023-02-08 20:31:27.544	- Info  -	Init D3D2 OK
2023-02-08 20:31:27.568	- Info  -	Init D3D2 OK
2023-02-08 20:31:27.599	- Info  -	Init D3D2 OK
2023-02-08 20:31:27.626	- Info  -	Init D3D2 OK
2023-02-08 20:31:27.650	- Info  -	Init D3D2 OK
2023-02-08 20:31:27.679	- Info  -	Init D3D2 OK
2023-02-08 20:31:27.703	- Info  -	Init D3D2 OK
2023-02-08 20:31:27.729	- Info  -	Init D3D2 OK
2023-02-08 20:31:27.753	- Info  -	Init D3D2 OK
2023-02-08 20:31:27.779	- Info  -	Init D3D2 OK
2023-02-08 20:31:27.803	- Info  -	Init D3D2 OK
2023-02-08 20:31:27.829	- Info  -	Init D3D2 OK
2023-02-08 20:31:27.853	- Info  -	Init D3D2 OK
2023-02-08 20:31:27.881	- Info  -	Init D3D2 OK
2023-02-08 20:31:27.907	- Info  -	Init D3D2 OK
2023-02-08 20:31:27.932	- Info  -	Init D3D2 OK
2023-02-08 20:31:27.958	- Info  -	Init D3D2 OK
2023-02-08 20:31:27.982	- Info  -	Init D3D2 OK
2023-02-08 20:31:28.009	- Info  -	Init D3D2 OK
2023-02-08 20:31:28.031	- Info  -	Init D3D2 OK
2023-02-08 20:31:37.191	* Error *	sensors data send failed!
2023-02-08 20:31:37.193	- Info  -	[oray][erroCode] errorcode=oray_errorcode(0), product=0, type=0, inner code=0 [CMultiChannelStream::Disconnect_impl:254]
2023-02-08 20:31:37.193	- Info  -	[TCPConnector] CCurStream handle client_disconnect
2023-02-08 20:31:37.193	- Info  -	[oray][erroCode] errorcode=transf(0), product=0, type=0, inner code=0 [CMultiChannelStream::ForwardHandler::Handle:647]
2023-02-08 20:31:37.193	- Info  -	CConnectorRaw::OnEvent() state: CNTS_FWD_DISCONNECT, error: 0, oray errorcode: 0
2023-02-08 20:31:37.193	- Info  -	[oray][erroCode] errorcode=oray_errorcode(0), product=0, type=0, inner code=0 [CConnectorRaw::OnEvent:624]
2023-02-08 20:31:37.193	+Warning+	[MultiChannel] unbind forward stream(errorcode 0) @ 651
2023-02-08 20:31:37.196	- Info  -	[oray][erroCode] errorcode=oray_errorcode(0), product=0, type=0, inner code=0 [CP2PStream::Disconnect_impl:678]
2023-02-08 20:31:37.197	- Info  -	[oray][erroCode] errorcode=oray_errorcode(0), product=0, type=0, inner code=0 [CP2PStream::CUDPStream::Disconnect_impl:1044]
2023-02-08 20:31:37.197	- Info  -	[oray][erroCode] errorcode=oray_errorcode(0), product=0, type=0, inner code=0 [CUDPLibStream::Disconnect_impl:73]
2023-02-08 20:31:37.197	- Info  -	[udp] Disconnect
2023-02-08 20:31:37.197	- Info  -	[udp] SendDisconnect
2023-02-08 20:31:37.201	- Info  -	[MultiChannel] P2P channel disconnect 220.175.31.165:3151
2023-02-08 20:31:37.202	- Info  -	[oray][erroCode] errorcode=transf(0), product=0, type=0, inner code=0 [CMultiChannelStream::P2PHandler::Handle:834]
2023-02-08 20:31:37.202	- Info  -	[oray][erroCode] errorcode=transf(0), product=0, type=0, inner code=0 [CMultiChannelStream::HandleDisconnect:1041]
2023-02-08 20:31:37.202	- Info  -	CMultiChannelStreamImpl::OnDisconnect()
2023-02-08 20:31:37.202	- Info  -	[oray][erroCode] errorcode=oray_errorcode(0), product=0, type=0, inner code=0 [CMultiChannelStreamImpl::OnDisconnect:100]
2023-02-08 20:31:37.202	- Info  -	CClientStream 220.175.31.165:3151 OnDisconnect, errocde:0
2023-02-08 20:31:37.202	- Info  -	[oray][erroCode] errorcode=errcode(0), product=0, type=0, inner code=0 [CClientStream::OnDisconnect:104]
2023-02-08 20:31:37.202	- Info  -	OnDisconnect, error code 0
2023-02-08 20:31:37.202	- Info  -	[oray][erroCode] errorcode=errcode(0), product=0, type=0, inner code=0 [BinaryPluginStream::OnDisconnect:404]
2023-02-08 20:31:37.202	- Info  -	[desktop] Separation message loop stop.
2023-02-08 20:31:37.202	- Info  -	CPluginThreadManager stop plugin thread
2023-02-08 20:31:37.202	- Info  -	CActivePlugin prepare to exit plugin
2023-02-08 20:31:37.202	- Info  -	[desktop] RemoteDesktopPlugin::ExitInstance. >
2023-02-08 20:31:37.202	- Info  -	[clipboard] stop clipboard...
2023-02-08 20:31:37.203	- Info  -	[clipboard] recv thread end(1).
2023-02-08 20:31:37.205	- Info  -	[clipboard] call CClipboardViewer::DestroyWnd at 190
2023-02-08 20:31:37.205	- Info  -	[clipboard] recv WM_CLOSE, end thread.
2023-02-08 20:31:37.206	- Info  -	[clipboard] Stop Clipboard ok
2023-02-08 20:31:37.247	- Info  -	[desktop] [thread] cancel.
2023-02-08 20:31:37.248	- Info  -	[desktop] RemoteDesktopPlugin::ExitInstance. <
2023-02-08 20:31:37.289	- Info  -	CConnectorRaw::OnEvent() state: CNTS_P2P_DISCONNECT, error: 0, oray errorcode: 0
2023-02-08 20:31:37.289	- Info  -	[oray][erroCode] errorcode=oray_errorcode(0), product=0, type=0, inner code=0 [CConnectorRaw::OnEvent:624]
2023-02-08 20:31:37.289	- Info  -	[oray][erroCode] errorcode=oray_errorcode(0), product=0, type=0, inner code=0 [CP2PStream::CTCPStream::Disconnect_impl:1016]
2023-02-08 20:31:37.289	- Info  -	CConnectorRaw::OnEvent() state: CNTS_DISCONNECTED, error: 0, oray errorcode: 0
2023-02-08 20:31:37.289	- Info  -	[oray][erroCode] errorcode=oray_errorcode(0), product=0, type=0, inner code=0 [CConnectorRaw::OnEvent:624]
2023-02-08 20:31:37.289	- Info  -	CConnectorRaw::Stop in>
2023-02-08 20:31:37.301	* Error *	Plugin disconnect with error : 0
2023-02-08 20:31:37.302	- Info  -	[CUDPLibWrapper] map size: 1, value: [220.175.31.165:3151/15129-1] = 0.0.0.0:15129;

2023-02-08 20:31:37.303	- Info  -	[oray][erroCode] errorcode=oray_errorcode(0), product=0, type=0, inner code=0 [CP2PStream::CUDPStream::Disconnect_impl:1044]
2023-02-08 20:31:37.303	- Info  -	[oray][erroCode] errorcode=oray_errorcode(0), product=0, type=0, inner code=0 [CUDPLibStream::Disconnect_impl:73]
2023-02-08 20:31:37.303	- Info  -	del_port_mapping external port 28225, internalclient ip 192.168.0.106, internal port 15129
2023-02-08 20:31:38.707	- Info  -	Delete port mapping ok!
2023-02-08 20:31:38.709	- Info  -	CConnectorRaw::Stop out<
2023-02-08 20:31:38.709	- Info  -	sensors close
2023-02-08 20:31:38.761	- Info  -	[desktop] CRemoteDesktopPlugin::~CRemoteDesktopPlugin(void)
2023-02-08 20:31:38.762	- Info  -	[vpx][decoder] close codec.
2023-02-08 20:31:38.814	- Info  -	CMultiChannelStreamImpl::~CMultiChannelStreamImpl
2023-02-08 20:31:38.816	- Info  -	program remote_plugin is exit 
