2023-05-11 16:57:15.319	- Info  -	version:3.2.1.40406
2023-05-11 16:57:15.324	- Info  -	DPIAwareness set 2 success.
2023-05-11 16:57:15.338	- Info  -	config path: @Rt
2023-05-11 16:57:15.476	- Info  -	[displayclt] CDisplayClient::CDisplayClient(all)
2023-05-11 16:57:15.476	- Info  -	[desktop] CRemoteDesktopPlugin::CRemoteDesktopPlugin(all)
2023-05-11 16:57:15.494	- Info  -	sensors init with file: C:/ProgramData/Oray/SunloginClient/sensors/datas
2023-05-11 16:57:15.520	* Error *	sensors data send failed!
2023-05-11 16:57:15.520	- Info  -	CMultiChannelStreamImpl::CMultiChannelStreamImpl
2023-05-11 16:57:15.529	- Info  -	CConnectorRaw::OnStreamEvent(1) state: CNTS_FORWARD, error: 0
2023-05-11 16:57:15.529	- Info  -	CConnectorRaw::OnEvent() state: CNTS_FORWARD, error: 0, oray errorcode: 0
2023-05-11 16:57:15.529	- Info  -	[oray][erroCode] errorcode=oray_errorcode(0), product=0, type=0, inner code=0 [CConnectorRaw::OnEvent:624]
2023-05-11 16:57:15.663	- Info  -	plugin_public access_token is NULL
2023-05-11 16:57:15.694	- Info  -	attempt to connect server 1440694036.slp2p-east-std206.oray.net:443(122.246.13.100:443)
2023-05-11 16:57:15.859	- Info  -	[TCPConnector] CCurStream handle client_connect
2023-05-11 16:57:15.887	- Info  -	[MultiChannel] Forward channel shake handle 122.246.13.100:443
2023-05-11 16:57:15.887	- Info  -	CMultiChannelStreamImpl::OnConnect()
2023-05-11 16:57:15.887	- Info  -	CClientStream 122.246.13.100:443 OnConnect
2023-05-11 16:57:15.887	- Info  -	CConnectorRaw::OnEvent() state: CNTS_LOGIN, error: 0, oray errorcode: 0
2023-05-11 16:57:15.887	- Info  -	[oray][erroCode] errorcode=oray_errorcode(0), product=0, type=0, inner code=0 [CConnectorRaw::OnEvent:624]
2023-05-11 16:57:15.888	- Info  -	CConnectorRaw::OnEvent() state: CNTS_FWD_SHAKEHANDLE, error: 0, oray errorcode: 0
2023-05-11 16:57:15.888	- Info  -	[oray][erroCode] errorcode=oray_errorcode(0), product=0, type=0, inner code=0 [CConnectorRaw::OnEvent:624]
2023-05-11 16:57:16.205	- Info  -	[MultiChannel] Forward channel connected 122.246.13.100:443
2023-05-11 16:57:16.205	- Info  -	CMultiChannelStreamImpl::OnConnectEvent, status: CNTS_FWD_CONNECTED, isclosed:false, HadFwdConnected: true, HadBeenHolePunch: false
2023-05-11 16:57:16.205	- Info  -	CConnectorRaw::OnEvent() state: CNTS_FWD_CONNECTED, error: 0, oray errorcode: 0
2023-05-11 16:57:16.205	- Info  -	[oray][erroCode] errorcode=oray_errorcode(0), product=0, type=0, inner code=0 [CConnectorRaw::OnEvent:624]
2023-05-11 16:57:16.205	- Info  -	CClientStream 122.246.13.100:443 OnReceive reply 1 
2023-05-11 16:57:16.206	- Info  -	CClientStream 122.246.13.100:443 start keepalive
2023-05-11 16:57:16.206	- Info  -	CClientStream 122.246.13.100:443 login OK
2023-05-11 16:57:16.206	- Info  -	CConnectorRaw::OnEvent() state: CNTS_CONNECTED, error: 0, oray errorcode: 0
2023-05-11 16:57:16.206	- Info  -	[oray][erroCode] errorcode=oray_errorcode(0), product=0, type=0, inner code=0 [CConnectorRaw::OnEvent:624]
2023-05-11 16:57:16.206	- Info  -	CPluginThreadManager start plugin thread
2023-05-11 16:57:16.206	- Info  -	CActivePlugin prepare to init plugin
2023-05-11 16:57:16.206	- Info  -	[desktop] create drag server OK
2023-05-11 16:57:16.206	- Info  -	CActivePlugin prepare to run plugin
2023-05-11 16:57:16.207	- Info  -	[desktop] sending switch desktop type message...
2023-05-11 16:57:16.207	- Info  -	[desktop] Separation message loop start.
2023-05-11 16:57:16.208	- Info  -	[desktop] request enumerate user list.
2023-05-11 16:57:16.267	- Info  -	[desktop] receive enumerate user respond
2023-05-11 16:57:16.267	- Info  -	[desktop] request switch user host message...
2023-05-11 16:57:16.554	* Error *	sensors data send failed!
2023-05-11 16:57:16.616	- Info  -	[desktop] receive switch host message res = 1 
2023-05-11 16:57:16.616	- Info  -	[desktop] request enum screen
2023-05-11 16:57:16.616	- Info  -	[DisplayClient] SetCompression 9/15
2023-05-11 16:57:16.616	- Info  -	[desktop] request start stream
2023-05-11 16:57:16.723	- Info  -	[desktop] OnQueryConfigRes
2023-05-11 16:57:16.723	- Info  -	[clipboard] start clipboard...
2023-05-11 16:57:16.731	- Info  -	[desktop] OnQueryConfigRes
2023-05-11 16:57:16.731	- Info  -	[desktop] recv enum screen, number is 1
2023-05-11 16:57:16.760	- Info  -	[clipboard][converter] html format 49429
2023-05-11 16:57:16.760	- Info  -	[clipboard][converter] rtf format 49271
2023-05-11 16:57:16.760	- Info  -	[clipboard] start clipboard ok.
2023-05-11 16:57:16.760	- Info  -	[desktop] sync clipboard enable
2023-05-11 16:57:16.992	- Info  -	SetDisplayMode() w=1280, h=1024, bpp=32
2023-05-11 16:57:16.992	- Info  -	ResetBitmap width=1280, height=1024, bpp=32, srcbpp=32, Size = 5242880
2023-05-11 16:57:16.993	- Info  -	[DisplayClient] recv image info, width: 1280, height: 1024, bpp: 32
2023-05-11 16:57:16.993	- Info  -	[DisplayClient] OnRecvCompInfo format/quality 9/15
2023-05-11 16:57:16.993	- Info  -	[DisplayClient] cpu number: 2, fps: 20
2023-05-11 16:57:16.993	- Info  -	[DisplayClient] SetCompression 9/20
2023-05-11 16:57:16.997	- Info  -	[desktop][DisplayClient] recv first frame.
2023-05-11 16:57:16.998	- Info  -	[DisplayClient] recv compimage type: ID_IMAGE_H264
2023-05-11 16:57:17.028	- Info  -	[desktop][DisplayClient] decode first frame end.
2023-05-11 16:57:17.060	- Info  -	[desktop] receive first frame message
2023-05-11 16:57:17.335	- Info  -	Init D3D2 OK
2023-05-11 16:57:17.336	- Info  -	[DesktopSurface] Use DirectX Paint mode 2
2023-05-11 16:57:17.397	- Info  -	Init D3D2 OK
2023-05-11 16:57:17.435	- Info  -	[maindialog] draw first frame end
2023-05-11 16:57:17.526	- Info  -	[desktop] sync clipboard enable
2023-05-11 16:57:17.526	- Info  -	[http call3] new call id:1, url:https://slapi.oray.net/client/free-tips
2023-05-11 16:57:17.527	- Info  -	[http call3] new call id:2, url:https://slapi.oray.net/remote/get-network
2023-05-11 16:57:17.540	- Info  -	[http call3] id:1 create new connection : https://slapi.oray.net:443
2023-05-11 16:57:17.543	- Info  -	attempt to connect server slapi.oray.net:443(121.40.200.192:443)
2023-05-11 16:57:17.544	- Info  -	[http call3] id:2 use old connection : https://slapi.oray.net:443
2023-05-11 16:57:17.615	- Info  -	Init D3D2 OK
2023-05-11 16:57:17.739	- Info  -	[http call3] id:1, url:https://slapi.oray.net/client/free-tips, status code:200
2023-05-11 16:57:17.798	- Info  -	[http call3] id:2, url:https://slapi.oray.net/remote/get-network, status code:200
2023-05-11 16:57:17.827	- Info  -	Init D3D2 OK
2023-05-11 16:57:18.202	- Info  -	CMultiChannelStreamImpl::ConnectP2PServer, thread id: 7368
2023-05-11 16:57:18.241	- Info  -	CConnectorRaw::OnStreamEvent(1) state: CNTS_P2P, error: 0
2023-05-11 16:57:18.241	- Info  -	CConnectorRaw::OnEvent() state: CNTS_P2P, error: 0, oray errorcode: 0
2023-05-11 16:57:18.242	- Info  -	[oray][erroCode] errorcode=oray_errorcode(0), product=0, type=0, inner code=0 [CConnectorRaw::OnEvent:624]
2023-05-11 16:57:18.242	- Info  -	[P2PConnector] attempt to connect server PHSRC://1440694036.slp2p-east-std206.oray.net:4118/desktop(slp2p-east-std206.oray.net:4118) 
2023-05-11 16:57:18.304	- Info  -	[udp] support straight send in peer : no 122.246.13.100:4118 CConnection::OnConnectRes
2023-05-11 16:57:18.305	- Info  -	[P2PHelper] detect local ip ...
2023-05-11 16:57:18.306	- Info  -	[P2PHelper] detect local ip 172.16.76.170
2023-05-11 16:57:18.306	- Info  -	[P2PHelper] attempt to login P2P Server...
2023-05-11 16:57:18.326	- Info  -	[P2PHelper] Login P2P Server OK
2023-05-11 16:57:18.326	- Info  -	[P2PHelper] OnLoginRes, receive public ip 223.82.110.30:15333
2023-05-11 16:57:18.326	- Info  -	[P2PHelper] sending P2P request ...
2023-05-11 16:57:18.372	- Info  -	[P2PHelper] receive peer local ip 192.168.1.24:15366, public ip 183.22.253.212:39506
2023-05-11 16:57:18.372	- Info  -	[P2PStream] EstablishP2P local ip 223.82.110.30:15333/172.16.76.170:15333 ==> peer ip 183.22.253.212:39506/192.168.1.24:15366
2023-05-11 16:57:18.807	+Warning+	not found upnp devices on network!
2023-05-11 16:57:18.807	- Info  -	upnpnat_search_thread::ThreadLoop end
2023-05-11 16:57:18.817	- Info  -	[udpwrapper] attempt to establish P2P connection via: 122.246.13.100:4118, (local)172.16.76.170:15333|(public)223.82.110.30:15333 ==> (local)192.168.1.24:15366|(public)183.22.253.212:39506
2023-05-11 16:57:19.318	+Warning+	not found upnp devices on network!
2023-05-11 16:57:19.318	+Warning+	[udpwrapper] UPNP discovery failed, 
2023-05-11 16:57:19.362	- Info  -	[udp] OnConnectAck working in advanced mode 2
2023-05-11 16:57:19.362	- Info  -	[udp] support straight send in peer : no 183.22.253.212:39506 CConnection::OnConnectRes
2023-05-11 16:57:19.362	- Info  -	[oray][erroCode] errorcode=oray_errorcode(0), product=0, type=0, inner code=0 [CUDPLibStream::Disconnect_impl:73]
2023-05-11 16:57:19.363	- Info  -	[udp] Disconnect
2023-05-11 16:57:19.363	- Info  -	[udp] SendDisconnect
2023-05-11 16:57:19.363	- Info  -	[P2PHelper] MainServer disconnect
2023-05-11 16:57:19.363	- Info  -	[MultiChannel] P2P channel shake handle 183.22.253.212:39506
2023-05-11 16:57:19.363	- Info  -	CConnectorRaw::OnEvent() state: CNTS_P2P_SHAKEHANDLE, error: 0, oray errorcode: 0
2023-05-11 16:57:19.363	- Info  -	[oray][erroCode] errorcode=oray_errorcode(0), product=0, type=0, inner code=0 [CConnectorRaw::OnEvent:624]
2023-05-11 16:57:19.363	- Info  -	[MultiChannel] send SHAKE_HANDLES_MSG, read 99287, write 7316
2023-05-11 16:57:19.364	- Info  -	[P2PStream] connected (by udp) 0.0.0.0:15333 <--> 183.22.253.212:39506
2023-05-11 16:57:19.381	- Info  -	[udpwrapper] disconnect reason : 1
2023-05-11 16:57:19.382	- Info  -	[oray][erroCode] errorcode=oray_errorcode(57354), product=0, type=3, inner code=10 [CUDPLibWrapper::OnDisconnect:833]
2023-05-11 16:57:19.382	- Info  -	[udpwrapper] Disconnect 122.246.13.100:4118 @ 838
2023-05-11 16:57:19.382	- Info  -	[oray][erroCode] errorcode=oray_errorcode(57354), product=0, type=3, inner code=10 [CUDPLibStream::Disconnect_impl:73]
2023-05-11 16:57:19.420	- Info  -	[MultiChannel] Received SHAKE_HANDLES_MSG, read 7336 / (local write 7316), write 99503 / (local read 99287)
2023-05-11 16:57:19.420	- Info  -	[MultiChannel] P2P channel connected 183.22.253.212:39506
2023-05-11 16:57:19.421	- Info  -	CConnectorRaw::OnEvent() state: CNTS_P2P_CONNECTED, error: 0, oray errorcode: 0
2023-05-11 16:57:19.421	- Info  -	[oray][erroCode] errorcode=oray_errorcode(0), product=0, type=0, inner code=0 [CConnectorRaw::OnEvent:624]
2023-05-11 16:57:19.421	- Info  -	[MultiChannel] forward stream read data(size:98, 98, left:216) when p2p state is CONNECTED @ 445
2023-05-11 16:57:19.421	- Info  -	[MultiChannel] forward stream read data(size:20, 20, left:118) when p2p state is CONNECTED @ 445
2023-05-11 16:57:19.430	- Info  -	[MultiChannel] write data when p2p state is CONNECTED, is full 0, writed data 7316 / peer read 7336, left 20, size 52 @ 153
2023-05-11 16:57:19.433	- Info  -	[MultiChannel] forward stream read data(size:98, 98, left:98) when p2p state is CONNECTED @ 445
2023-05-11 16:57:19.433	- Info  -	[MultiChannel] forward data read completed @ 462
2023-05-11 16:57:19.444	- Info  -	[MultiChannel] forward data write completed @ 216
2023-05-11 16:57:19.548	- Info  -	[udpwrapper] receive p2p hello message from 183.22.253.212:39506, stop hole punch thread @1325
2023-05-11 16:57:19.548	+Warning+	[udpwrapper] stream has disconnect @ 1406
2023-05-11 16:57:19.774	- Info  -	[drag] QueryVersionRes is true
2023-05-11 16:57:19.828	- Info  -	CClipboardRaw::OnReceiveQueryVersionRes 2
2023-05-11 16:57:21.157	- Info  -	Init D3D2 OK
2023-05-11 16:57:21.194	* Error *	sensors data send failed!
2023-05-11 16:57:21.436	- Info  -	Init D3D2 OK
2023-05-11 16:57:23.282	* Error *	sensors data send failed!
2023-05-11 16:57:28.308	- Info  -	Init D3D2 OK
2023-05-11 16:57:32.799	* Error *	SSLStream::IsWantReadWrite|peer(121.40.200.192:443), SSL_read failed( 6 ), error:00000000:lib(0):func(0):reason(0), file( ..\includes\common\phstream\SSLStream.cpp:1898 )
2023-05-11 16:57:32.800	- Info  -	[http call3] disconnect, error( 0 )
2023-05-11 16:57:36.022	- Info  -	Init D3D2 OK
2023-05-11 16:57:40.107	* Error *	sensors data send failed!
2023-05-11 16:57:45.935	* Error *	sensors data send failed!
2023-05-11 17:00:19.796	- Info  -	Init D3D2 OK
2023-05-11 17:19:46.520	- Info  -	[clipboard] CClipboardViewer::OnClipboardUpdate
2023-05-11 17:19:46.521	- Info  -	[clipboard] push format(2) 8
2023-05-11 17:19:49.144	* Error *	sensors data send failed!
2023-05-11 17:19:49.146	- Info  -	[oray][erroCode] errorcode=oray_errorcode(0), product=0, type=0, inner code=0 [CMultiChannelStream::Disconnect_impl:254]
2023-05-11 17:19:49.147	- Info  -	[TCPConnector] CCurStream handle client_disconnect
2023-05-11 17:19:49.147	- Info  -	[oray][erroCode] errorcode=transf(0), product=0, type=0, inner code=0 [CMultiChannelStream::ForwardHandler::Handle:647]
2023-05-11 17:19:49.147	- Info  -	CConnectorRaw::OnEvent() state: CNTS_FWD_DISCONNECT, error: 0, oray errorcode: 0
2023-05-11 17:19:49.147	- Info  -	[oray][erroCode] errorcode=oray_errorcode(0), product=0, type=0, inner code=0 [CConnectorRaw::OnEvent:624]
2023-05-11 17:19:49.147	+Warning+	[MultiChannel] unbind forward stream(errorcode 0) @ 651
2023-05-11 17:19:49.147	- Info  -	[oray][erroCode] errorcode=oray_errorcode(0), product=0, type=0, inner code=0 [CP2PStream::Disconnect_impl:678]
2023-05-11 17:19:49.147	- Info  -	[oray][erroCode] errorcode=oray_errorcode(0), product=0, type=0, inner code=0 [CP2PStream::CUDPStream::Disconnect_impl:1044]
2023-05-11 17:19:49.147	- Info  -	[oray][erroCode] errorcode=oray_errorcode(0), product=0, type=0, inner code=0 [CUDPLibStream::Disconnect_impl:73]
2023-05-11 17:19:49.147	- Info  -	[udp] Disconnect
2023-05-11 17:19:49.147	- Info  -	[udp] SendDisconnect
2023-05-11 17:19:49.147	- Info  -	[MultiChannel] P2P channel disconnect 183.22.253.212:39506
2023-05-11 17:19:49.147	- Info  -	[oray][erroCode] errorcode=transf(0), product=0, type=0, inner code=0 [CMultiChannelStream::P2PHandler::Handle:834]
2023-05-11 17:19:49.147	- Info  -	[oray][erroCode] errorcode=transf(0), product=0, type=0, inner code=0 [CMultiChannelStream::HandleDisconnect:1041]
2023-05-11 17:19:49.147	- Info  -	CMultiChannelStreamImpl::OnDisconnect()
2023-05-11 17:19:49.147	- Info  -	[oray][erroCode] errorcode=oray_errorcode(0), product=0, type=0, inner code=0 [CMultiChannelStreamImpl::OnDisconnect:100]
2023-05-11 17:19:49.147	- Info  -	CClientStream 183.22.253.212:39506 OnDisconnect, errocde:0
2023-05-11 17:19:49.148	- Info  -	[oray][erroCode] errorcode=errcode(0), product=0, type=0, inner code=0 [CClientStream::OnDisconnect:104]
2023-05-11 17:19:49.148	- Info  -	OnDisconnect, error code 0
2023-05-11 17:19:49.148	- Info  -	[oray][erroCode] errorcode=errcode(0), product=0, type=0, inner code=0 [BinaryPluginStream::OnDisconnect:404]
2023-05-11 17:19:49.148	- Info  -	CPluginThreadManager stop plugin thread
2023-05-11 17:19:49.148	- Info  -	[desktop] Separation message loop stop.
2023-05-11 17:19:49.148	- Info  -	CActivePlugin prepare to exit plugin
2023-05-11 17:19:49.152	- Info  -	[desktop] RemoteDesktopPlugin::ExitInstance. >
2023-05-11 17:19:49.152	- Info  -	[clipboard] stop clipboard...
2023-05-11 17:19:49.153	- Info  -	[clipboard] recv thread end(1).
2023-05-11 17:19:49.153	- Info  -	[clipboard] call CClipboardViewer::DestroyWnd at 190
2023-05-11 17:19:49.154	- Info  -	[clipboard] recv WM_CLOSE, end thread.
2023-05-11 17:19:49.156	- Info  -	[clipboard] Stop Clipboard ok
2023-05-11 17:19:49.172	- Info  -	[udpwrapper] disconnect reason : 2
2023-05-11 17:19:49.172	- Info  -	[oray][erroCode] errorcode=oray_errorcode(57355), product=0, type=3, inner code=11 [CUDPLibWrapper::OnDisconnect:833]
2023-05-11 17:19:49.172	- Info  -	[udpwrapper] Disconnect 183.22.253.212:39506 @ 838
2023-05-11 17:19:49.172	- Info  -	[oray][erroCode] errorcode=oray_errorcode(57355), product=0, type=3, inner code=11 [CP2PStream::CUDPStream::Disconnect_impl:1044]
2023-05-11 17:19:49.172	- Info  -	[oray][erroCode] errorcode=oray_errorcode(57355), product=0, type=3, inner code=11 [CUDPLibStream::Disconnect_impl:73]
2023-05-11 17:19:49.195	- Info  -	[desktop] [thread] cancel.
2023-05-11 17:19:49.196	- Info  -	[desktop] RemoteDesktopPlugin::ExitInstance. <
2023-05-11 17:19:49.197	- Info  -	CConnectorRaw::OnEvent() state: CNTS_P2P_DISCONNECT, error: 0, oray errorcode: 0
2023-05-11 17:19:49.197	- Info  -	[oray][erroCode] errorcode=oray_errorcode(0), product=0, type=0, inner code=0 [CConnectorRaw::OnEvent:624]
2023-05-11 17:19:49.197	- Info  -	[oray][erroCode] errorcode=oray_errorcode(0), product=0, type=0, inner code=0 [CP2PStream::CTCPStream::Disconnect_impl:1016]
2023-05-11 17:19:49.197	- Info  -	CConnectorRaw::OnEvent() state: CNTS_DISCONNECTED, error: 0, oray errorcode: 0
2023-05-11 17:19:49.197	- Info  -	[oray][erroCode] errorcode=oray_errorcode(0), product=0, type=0, inner code=0 [CConnectorRaw::OnEvent:624]
2023-05-11 17:19:49.197	- Info  -	CConnectorRaw::Stop in>
2023-05-11 17:19:49.201	* Error *	Plugin disconnect with error : 0
2023-05-11 17:19:49.205	- Info  -	[CUDPLibWrapper] map size: 0, value: 
2023-05-11 17:19:49.205	- Info  -	CConnectorRaw::Stop out<
2023-05-11 17:19:49.205	- Info  -	sensors close
2023-05-11 17:19:49.296	- Info  -	[desktop] CRemoteDesktopPlugin::~CRemoteDesktopPlugin(void)
2023-05-11 17:19:49.309	- Info  -	CMultiChannelStreamImpl::~CMultiChannelStreamImpl
2023-05-11 17:19:49.323	- Info  -	program remote_plugin is exit 
