2023-05-11 16:08:30.992	- Info  -	version:3.2.1.40406
2023-05-11 16:08:31.006	- Info  -	DPIAwareness set 2 success.
2023-05-11 16:08:31.018	- Info  -	config path: ðÔ·à
2023-05-11 16:08:31.100	- Info  -	[displayclt] CDisplayClient::CDisplayClient(all)
2023-05-11 16:08:31.100	- Info  -	[desktop] CRemoteDesktopPlugin::CRemoteDesktopPlugin(all)
2023-05-11 16:08:31.115	- Info  -	sensors init with file: C:/ProgramData/Oray/SunloginClient/sensors/datas
2023-05-11 16:08:31.129	- Info  -	CMultiChannelStreamImpl::CMultiChannelStreamImpl
2023-05-11 16:08:31.130	- Info  -	CConnectorRaw::OnStreamEvent(1) state: CNTS_FORWARD, error: 0
2023-05-11 16:08:31.130	- Info  -	CConnectorRaw::OnEvent() state: CNTS_FORWARD, error: 0, oray errorcode: 0
2023-05-11 16:08:31.130	- Info  -	[oray][erroCode] errorcode=oray_errorcode(0), product=0, type=0, inner code=0 [CConnectorRaw::OnEvent:624]
2023-05-11 16:08:31.139	* Error *	sensors data send failed!
2023-05-11 16:08:31.189	- Info  -	attempt to connect server 850275208.slp2p-east-std250.oray.net:443(117.68.2.117:443)
2023-05-11 16:08:31.270	- Info  -	[TCPConnector] CCurStream handle client_connect
2023-05-11 16:08:31.276	- Info  -	plugin_public access_token is NULL
2023-05-11 16:08:31.292	- Info  -	[MultiChannel] Forward channel shake handle 117.68.2.117:443
2023-05-11 16:08:31.292	- Info  -	CMultiChannelStreamImpl::OnConnect()
2023-05-11 16:08:31.292	- Info  -	CClientStream 117.68.2.117:443 OnConnect
2023-05-11 16:08:31.292	- Info  -	CConnectorRaw::OnEvent() state: CNTS_LOGIN, error: 0, oray errorcode: 0
2023-05-11 16:08:31.292	- Info  -	[oray][erroCode] errorcode=oray_errorcode(0), product=0, type=0, inner code=0 [CConnectorRaw::OnEvent:624]
2023-05-11 16:08:31.292	- Info  -	CConnectorRaw::OnEvent() state: CNTS_FWD_SHAKEHANDLE, error: 0, oray errorcode: 0
2023-05-11 16:08:31.292	- Info  -	[oray][erroCode] errorcode=oray_errorcode(0), product=0, type=0, inner code=0 [CConnectorRaw::OnEvent:624]
2023-05-11 16:08:31.459	- Info  -	[MultiChannel] Forward channel connected 117.68.2.117:443
2023-05-11 16:08:31.459	- Info  -	CMultiChannelStreamImpl::OnConnectEvent, status: CNTS_FWD_CONNECTED, isclosed:false, HadFwdConnected: true, HadBeenHolePunch: false
2023-05-11 16:08:31.460	- Info  -	CConnectorRaw::OnEvent() state: CNTS_FWD_CONNECTED, error: 0, oray errorcode: 0
2023-05-11 16:08:31.460	- Info  -	[oray][erroCode] errorcode=oray_errorcode(0), product=0, type=0, inner code=0 [CConnectorRaw::OnEvent:624]
2023-05-11 16:08:31.460	- Info  -	CClientStream 117.68.2.117:443 OnReceive reply 1 
2023-05-11 16:08:31.460	- Info  -	CClientStream 117.68.2.117:443 start keepalive
2023-05-11 16:08:31.460	- Info  -	CClientStream 117.68.2.117:443 login OK
2023-05-11 16:08:31.460	- Info  -	CConnectorRaw::OnEvent() state: CNTS_CONNECTED, error: 0, oray errorcode: 0
2023-05-11 16:08:31.460	- Info  -	[oray][erroCode] errorcode=oray_errorcode(0), product=0, type=0, inner code=0 [CConnectorRaw::OnEvent:624]
2023-05-11 16:08:31.460	- Info  -	CPluginThreadManager start plugin thread
2023-05-11 16:08:31.460	- Info  -	CActivePlugin prepare to init plugin
2023-05-11 16:08:31.461	- Info  -	[desktop] create drag server OK
2023-05-11 16:08:31.461	- Info  -	CActivePlugin prepare to run plugin
2023-05-11 16:08:31.462	- Info  -	[desktop] sending switch desktop type message...
2023-05-11 16:08:31.462	- Info  -	[desktop] request enumerate user list.
2023-05-11 16:08:31.463	- Info  -	[desktop] Separation message loop start.
2023-05-11 16:08:31.477	- Info  -	[desktop] receive enumerate user respond
2023-05-11 16:08:31.477	- Info  -	[desktop] request switch user host message...
2023-05-11 16:08:32.019	* Error *	sensors data send failed!
2023-05-11 16:08:32.119	- Info  -	[desktop] receive switch host message res = 1 
2023-05-11 16:08:32.119	- Info  -	[desktop] request enum screen
2023-05-11 16:08:32.119	- Info  -	[DisplayClient] SetCompression 11/15
2023-05-11 16:08:32.119	- Info  -	[desktop] request start stream
2023-05-11 16:08:32.119	- Info  -	[desktop] SetCompressionParam: layer=1;encoding=4;format=1;reserved=0, size: 38
2023-05-11 16:08:33.062	- Info  -	[desktop] OnQueryConfigRes
2023-05-11 16:08:33.062	- Info  -	[desktop] OnQueryConfigRes
2023-05-11 16:08:33.066	- Info  -	[desktop] recv enum screen, number is 1
2023-05-11 16:08:33.139	- Info  -	[clipboard] start clipboard...
2023-05-11 16:08:33.150	- Info  -	[clipboard][converter] html format 49429
2023-05-11 16:08:33.151	- Info  -	[clipboard][converter] rtf format 49271
2023-05-11 16:08:33.151	- Info  -	[clipboard] start clipboard ok.
2023-05-11 16:08:33.151	- Info  -	[desktop] sync clipboard enable
2023-05-11 16:08:33.451	- Info  -	CMultiChannelStreamImpl::ConnectP2PServer, thread id: 2312
2023-05-11 16:08:33.493	- Info  -	CConnectorRaw::OnStreamEvent(1) state: CNTS_P2P, error: 0
2023-05-11 16:08:33.493	- Info  -	CConnectorRaw::OnEvent() state: CNTS_P2P, error: 0, oray errorcode: 0
2023-05-11 16:08:33.493	- Info  -	[oray][erroCode] errorcode=oray_errorcode(0), product=0, type=0, inner code=0 [CConnectorRaw::OnEvent:624]
2023-05-11 16:08:33.494	- Info  -	[P2PConnector] attempt to connect server PHSRC://850275208.slp2p-east-std250.oray.net:4118/desktop(slp2p-east-std250.oray.net:4118) 
2023-05-11 16:08:33.537	- Info  -	[udp] support straight send in peer : no 117.68.2.117:4118 CConnection::OnConnectRes
2023-05-11 16:08:33.537	- Info  -	[P2PHelper] detect local ip ...
2023-05-11 16:08:33.538	- Info  -	[P2PHelper] detect local ip 172.16.76.170
2023-05-11 16:08:33.538	- Info  -	[P2PHelper] attempt to login P2P Server...
2023-05-11 16:08:33.559	- Info  -	[P2PHelper] Login P2P Server OK
2023-05-11 16:08:33.560	- Info  -	[P2PHelper] OnLoginRes, receive public ip 223.82.110.30:15871
2023-05-11 16:08:33.560	- Info  -	[P2PHelper] sending P2P request ...
2023-05-11 16:08:33.597	- Info  -	[P2PHelper] receive peer local ip 10.21.79.20:15124, public ip 117.44.201.165:15124
2023-05-11 16:08:33.597	- Info  -	[P2PStream] EstablishP2P local ip 223.82.110.30:15871/172.16.76.170:15871 ==> peer ip 117.44.201.165:15124/10.21.79.20:15124
2023-05-11 16:08:34.204	- Info  -	upnpnat_search_thread::ThreadLoop end
2023-05-11 16:08:34.211	- Info  -	[udpwrapper] attempt to establish P2P connection via: 117.68.2.117:4118, (local)172.16.76.170:15871|(public)223.82.110.30:15871 ==> (local)10.21.79.20:15124|(public)117.44.201.165:15124
2023-05-11 16:08:34.247	- Info  -	[udp] OnConnectAck working in advanced mode 2
2023-05-11 16:08:34.247	- Info  -	[udp] support straight send in peer : yes 117.44.201.165:15124 CConnection::OnConnectRes
2023-05-11 16:08:34.248	- Info  -	[oray][erroCode] errorcode=oray_errorcode(0), product=0, type=0, inner code=0 [CUDPLibStream::Disconnect_impl:73]
2023-05-11 16:08:34.248	- Info  -	[udp] Disconnect
2023-05-11 16:08:34.248	- Info  -	[udp] SendDisconnect
2023-05-11 16:08:34.248	- Info  -	[P2PHelper] MainServer disconnect
2023-05-11 16:08:34.249	- Info  -	[MultiChannel] P2P channel shake handle 117.44.201.165:15124
2023-05-11 16:08:34.249	- Info  -	CConnectorRaw::OnEvent() state: CNTS_P2P_SHAKEHANDLE, error: 0, oray errorcode: 0
2023-05-11 16:08:34.249	- Info  -	[oray][erroCode] errorcode=oray_errorcode(0), product=0, type=0, inner code=0 [CConnectorRaw::OnEvent:624]
2023-05-11 16:08:34.249	- Info  -	[MultiChannel] send SHAKE_HANDLES_MSG, read 931, write 1652
2023-05-11 16:08:34.249	- Info  -	[P2PStream] connected (by udp) 0.0.0.0:15871 <--> 117.44.201.165:15124
2023-05-11 16:08:34.271	- Info  -	[udpwrapper] disconnect reason : 1
2023-05-11 16:08:34.271	- Info  -	[oray][erroCode] errorcode=oray_errorcode(57354), product=0, type=3, inner code=10 [CUDPLibWrapper::OnDisconnect:833]
2023-05-11 16:08:34.271	- Info  -	[udpwrapper] Disconnect 117.68.2.117:4118 @ 838
2023-05-11 16:08:34.271	- Info  -	[oray][erroCode] errorcode=oray_errorcode(57354), product=0, type=3, inner code=10 [CUDPLibStream::Disconnect_impl:73]
2023-05-11 16:08:34.288	- Info  -	[MultiChannel] Received SHAKE_HANDLES_MSG, read 1672 / (local write 1652), write 911 / (local read 931)
2023-05-11 16:08:34.288	- Info  -	[MultiChannel] P2P channel connected 117.44.201.165:15124
2023-05-11 16:08:34.289	- Info  -	CConnectorRaw::OnEvent() state: CNTS_P2P_CONNECTED, error: 0, oray errorcode: 0
2023-05-11 16:08:34.289	- Info  -	[oray][erroCode] errorcode=oray_errorcode(0), product=0, type=0, inner code=0 [CConnectorRaw::OnEvent:624]
2023-05-11 16:08:34.465	- Info  -	[MultiChannel] write data when p2p state is CONNECTED, is full 0, writed data 1652 / peer read 1672, left 20, size 48 @ 153
2023-05-11 16:08:34.466	- Info  -	[MultiChannel] forward data write completed @ 216
2023-05-11 16:08:35.675	- Info  -	[MultiChannel] forward data read completed @ 462
2023-05-11 16:08:35.701	- Info  -	SetDisplayMode() w=1600, h=900, bpp=32
2023-05-11 16:08:35.701	- Info  -	ResetBitmap width=1600, height=900, bpp=32, srcbpp=32, Size = 5760000
2023-05-11 16:08:35.701	- Info  -	[DisplayClient] recv image info, width: 1600, height: 900, bpp: 32
2023-05-11 16:08:35.701	- Info  -	[DisplayClient] OnRecvCompInfo format/quality 11/15
2023-05-11 16:08:35.701	- Info  -	[desktop][DisplayClient] recv first frame.
2023-05-11 16:08:35.711	- Info  -	[DisplayClient] recv compimage type: ID_IMAGE_RAPIDCOMP
2023-05-11 16:08:35.792	- Info  -	[vpx] open h264 codec
2023-05-11 16:08:35.794	- Info  -	[vpx] close h264 codec
2023-05-11 16:08:35.795	- Info  -	[vpx] open h264 codec
2023-05-11 16:08:35.878	- Info  -	[desktop][DisplayClient] decode first frame end.
2023-05-11 16:08:35.879	- Info  -	[desktop] receive first frame message
2023-05-11 16:08:35.880	- Info  -	CClipboardRaw::OnReceiveQueryVersionReq 2
2023-05-11 16:08:35.880	- Info  -	[drag] CDragServer::OnQueryVersionReq is installed
2023-05-11 16:08:35.880	* Error *	[drag] QueryVersion send is true
2023-05-11 16:08:35.880	- Info  -	[drag] QueryVersionRes is true
2023-05-11 16:08:35.881	- Info  -	CClipboardRaw::OnReceiveQueryVersionRes 2
2023-05-11 16:08:35.883	- Info  -	SetDisplayMode() w=1600, h=900, bpp=32
2023-05-11 16:08:35.883	- Info  -	ResetBitmap width=1600, height=900, bpp=32, srcbpp=32, Size = 5760000
2023-05-11 16:08:35.884	- Info  -	[DisplayClient] recv image info, width: 1600, height: 900, bpp: 32
2023-05-11 16:08:35.931	- Info  -	[vpx] close h264 codec
2023-05-11 16:08:35.953	- Info  -	[DisplayClient] OnRecvCompInfo format/quality 11/15
2023-05-11 16:08:35.954	- Info  -	[desktop][DisplayClient] recv first frame.
2023-05-11 16:08:35.961	- Info  -	[DisplayClient] recv compimage type: ID_IMAGE_RAPIDCOMP
2023-05-11 16:08:36.043	- Info  -	[vpx] open h264 codec
2023-05-11 16:08:36.044	- Info  -	[vpx] close h264 codec
2023-05-11 16:08:36.045	- Info  -	[vpx] open h264 codec
2023-05-11 16:08:36.085	- Info  -	[desktop][DisplayClient] decode first frame end.
2023-05-11 16:08:36.086	- Info  -	[desktop] receive first frame message
2023-05-11 16:08:36.143	- Info  -	Init D3D2 OK
2023-05-11 16:08:36.143	- Info  -	[DesktopSurface] Use DirectX Paint mode 2
2023-05-11 16:08:36.253	- Info  -	Init D3D2 OK
2023-05-11 16:08:36.281	- Info  -	[maindialog] draw first frame end
2023-05-11 16:08:36.327	- Info  -	[desktop] sync clipboard enable
2023-05-11 16:08:36.328	- Info  -	[http call3] new call id:1, url:https://slapi.oray.net/remote/get-network
2023-05-11 16:08:36.337	- Info  -	[http call3] id:1 create new connection : https://slapi.oray.net:443
2023-05-11 16:08:36.340	- Info  -	attempt to connect server slapi.oray.net:443(121.40.200.192:443)
2023-05-11 16:08:36.492	- Info  -	[http call3] id:1, url:https://slapi.oray.net/remote/get-network, status code:200
2023-05-11 16:08:41.488	* Error *	sensors data send failed!
2023-05-11 16:08:51.492	* Error *	SSLStream::IsWantReadWrite|peer(121.40.200.192:443), SSL_read failed( 6 ), error:00000000:lib(0):func(0):reason(0), file( ..\includes\common\phstream\SSLStream.cpp:1898 )
2023-05-11 16:08:51.492	- Info  -	[http call3] disconnect, error( 0 )
2023-05-11 16:09:07.506	* Error *	sensors data send failed!
2023-05-11 16:09:07.515	- Info  -	[oray][erroCode] errorcode=oray_errorcode(0), product=0, type=0, inner code=0 [CMultiChannelStream::Disconnect_impl:254]
2023-05-11 16:09:07.516	- Info  -	[TCPConnector] CCurStream handle client_disconnect
2023-05-11 16:09:07.516	- Info  -	[oray][erroCode] errorcode=transf(0), product=0, type=0, inner code=0 [CMultiChannelStream::ForwardHandler::Handle:647]
2023-05-11 16:09:07.516	- Info  -	CConnectorRaw::OnEvent() state: CNTS_FWD_DISCONNECT, error: 0, oray errorcode: 0
2023-05-11 16:09:07.516	- Info  -	[oray][erroCode] errorcode=oray_errorcode(0), product=0, type=0, inner code=0 [CConnectorRaw::OnEvent:624]
2023-05-11 16:09:07.516	+Warning+	[MultiChannel] unbind forward stream(errorcode 0) @ 651
2023-05-11 16:09:07.516	- Info  -	[oray][erroCode] errorcode=oray_errorcode(0), product=0, type=0, inner code=0 [CP2PStream::Disconnect_impl:678]
2023-05-11 16:09:07.516	- Info  -	[oray][erroCode] errorcode=oray_errorcode(0), product=0, type=0, inner code=0 [CP2PStream::CUDPStream::Disconnect_impl:1044]
2023-05-11 16:09:07.516	- Info  -	[oray][erroCode] errorcode=oray_errorcode(0), product=0, type=0, inner code=0 [CUDPLibStream::Disconnect_impl:73]
2023-05-11 16:09:07.516	- Info  -	[udp] Disconnect
2023-05-11 16:09:07.516	- Info  -	[udp] SendDisconnect
2023-05-11 16:09:07.516	- Info  -	[MultiChannel] P2P channel disconnect 117.44.201.165:15124
2023-05-11 16:09:07.516	- Info  -	[oray][erroCode] errorcode=transf(0), product=0, type=0, inner code=0 [CMultiChannelStream::P2PHandler::Handle:834]
2023-05-11 16:09:07.516	- Info  -	[oray][erroCode] errorcode=transf(0), product=0, type=0, inner code=0 [CMultiChannelStream::HandleDisconnect:1041]
2023-05-11 16:09:07.516	- Info  -	CMultiChannelStreamImpl::OnDisconnect()
2023-05-11 16:09:07.516	- Info  -	[oray][erroCode] errorcode=oray_errorcode(0), product=0, type=0, inner code=0 [CMultiChannelStreamImpl::OnDisconnect:100]
2023-05-11 16:09:07.516	- Info  -	CClientStream 117.44.201.165:15124 OnDisconnect, errocde:0
2023-05-11 16:09:07.516	- Info  -	[oray][erroCode] errorcode=errcode(0), product=0, type=0, inner code=0 [CClientStream::OnDisconnect:104]
2023-05-11 16:09:07.516	- Info  -	OnDisconnect, error code 0
2023-05-11 16:09:07.516	- Info  -	[oray][erroCode] errorcode=errcode(0), product=0, type=0, inner code=0 [BinaryPluginStream::OnDisconnect:404]
2023-05-11 16:09:07.516	- Info  -	[desktop] Separation message loop stop.
2023-05-11 16:09:07.517	- Info  -	CPluginThreadManager stop plugin thread
2023-05-11 16:09:07.517	- Info  -	CActivePlugin prepare to exit plugin
2023-05-11 16:09:07.517	- Info  -	[desktop] RemoteDesktopPlugin::ExitInstance. >
2023-05-11 16:09:07.518	- Info  -	[clipboard] stop clipboard...
2023-05-11 16:09:07.523	- Info  -	[udpwrapper] udprelay connecting 117.44.201.165:15124 via 117.68.2.117:4118
2023-05-11 16:09:07.524	- Info  -	[clipboard] recv thread end(1).
2023-05-11 16:09:07.527	- Info  -	[clipboard] call CClipboardViewer::DestroyWnd at 190
2023-05-11 16:09:07.527	- Info  -	[clipboard] recv WM_CLOSE, end thread.
2023-05-11 16:09:07.528	- Info  -	[clipboard] Stop Clipboard ok
2023-05-11 16:09:07.540	- Info  -	[desktop] [thread] cancel.
2023-05-11 16:09:07.541	- Info  -	[desktop] RemoteDesktopPlugin::ExitInstance. <
2023-05-11 16:09:07.544	- Info  -	CConnectorRaw::OnEvent() state: CNTS_P2P_DISCONNECT, error: 0, oray errorcode: 0
2023-05-11 16:09:07.544	- Info  -	[oray][erroCode] errorcode=oray_errorcode(0), product=0, type=0, inner code=0 [CConnectorRaw::OnEvent:624]
2023-05-11 16:09:07.544	- Info  -	[oray][erroCode] errorcode=oray_errorcode(0), product=0, type=0, inner code=0 [CP2PStream::CTCPStream::Disconnect_impl:1016]
2023-05-11 16:09:07.545	- Info  -	CConnectorRaw::OnEvent() state: CNTS_DISCONNECTED, error: 0, oray errorcode: 0
2023-05-11 16:09:07.545	- Info  -	[oray][erroCode] errorcode=oray_errorcode(0), product=0, type=0, inner code=0 [CConnectorRaw::OnEvent:624]
2023-05-11 16:09:07.545	- Info  -	CConnectorRaw::Stop in>
2023-05-11 16:09:07.545	- Info  -	[CUDPLibWrapper] map size: 1, value: [117.44.201.165:15124/15871-2] = 0.0.0.0:15871;

2023-05-11 16:09:07.545	- Info  -	[oray][erroCode] errorcode=oray_errorcode(0), product=0, type=0, inner code=0 [CP2PStream::CUDPStream::Disconnect_impl:1044]
2023-05-11 16:09:07.546	- Info  -	[oray][erroCode] errorcode=oray_errorcode(0), product=0, type=0, inner code=0 [CUDPLibStream::Disconnect_impl:73]
2023-05-11 16:09:07.547	- Info  -	CConnectorRaw::Stop out<
2023-05-11 16:09:07.548	- Info  -	sensors close
2023-05-11 16:09:07.557	* Error *	Plugin disconnect with error : 0
2023-05-11 16:09:07.601	- Info  -	[desktop] CRemoteDesktopPlugin::~CRemoteDesktopPlugin(void)
2023-05-11 16:09:07.602	- Info  -	[vpx] close h264 codec
2023-05-11 16:09:07.636	- Info  -	CMultiChannelStreamImpl::~CMultiChannelStreamImpl
2023-05-11 16:09:07.649	- Info  -	program remote_plugin is exit 
