2023-05-08 14:47:42.324	- Info  -	version:3.2.1.40406
2023-05-08 14:47:42.333	- Info  -	DPIAwareness set 2 success.
2023-05-08 14:47:42.345	- Info  -	config path: À"èz
2023-05-08 14:47:42.448	- Info  -	[displayclt] CDisplayClient::CDisplayClient(all)
2023-05-08 14:47:42.448	- Info  -	[desktop] CRemoteDesktopPlugin::CRemoteDesktopPlugin(all)
2023-05-08 14:47:42.480	- Info  -	sensors init with file: C:/ProgramData/Oray/SunloginClient/sensors/datas
2023-05-08 14:47:42.489	- Info  -	CMultiChannelStreamImpl::CMultiChannelStreamImpl
2023-05-08 14:47:42.490	- Info  -	CConnectorRaw::OnStreamEvent(1) state: CNTS_FORWARD, error: 0
2023-05-08 14:47:42.494	* Error *	sensors data send failed!
2023-05-08 14:47:42.498	- Info  -	CConnectorRaw::OnEvent() state: CNTS_FORWARD, error: 0, oray errorcode: 0
2023-05-08 14:47:42.498	- Info  -	[oray][erroCode] errorcode=oray_errorcode(0), product=0, type=0, inner code=0 [CConnectorRaw::OnEvent:624]
2023-05-08 14:47:42.643	- Info  -	plugin_public access_token is NULL
2023-05-08 14:47:42.890	- Info  -	attempt to connect server 751983698.slp2p-east-std207.oray.net:443(122.246.12.49:443)
2023-05-08 14:47:43.004	- Info  -	[TCPConnector] CCurStream handle client_connect
2023-05-08 14:47:43.027	- Info  -	[MultiChannel] Forward channel shake handle 122.246.12.49:443
2023-05-08 14:47:43.027	- Info  -	CMultiChannelStreamImpl::OnConnect()
2023-05-08 14:47:43.028	- Info  -	CClientStream 122.246.12.49:443 OnConnect
2023-05-08 14:47:43.028	- Info  -	CConnectorRaw::OnEvent() state: CNTS_LOGIN, error: 0, oray errorcode: 0
2023-05-08 14:47:43.028	- Info  -	[oray][erroCode] errorcode=oray_errorcode(0), product=0, type=0, inner code=0 [CConnectorRaw::OnEvent:624]
2023-05-08 14:47:43.028	- Info  -	CConnectorRaw::OnEvent() state: CNTS_FWD_SHAKEHANDLE, error: 0, oray errorcode: 0
2023-05-08 14:47:43.028	- Info  -	[oray][erroCode] errorcode=oray_errorcode(0), product=0, type=0, inner code=0 [CConnectorRaw::OnEvent:624]
2023-05-08 14:47:43.279	- Info  -	[MultiChannel] Forward channel connected 122.246.12.49:443
2023-05-08 14:47:43.279	- Info  -	CMultiChannelStreamImpl::OnConnectEvent, status: CNTS_FWD_CONNECTED, isclosed:false, HadFwdConnected: true, HadBeenHolePunch: false
2023-05-08 14:47:43.280	- Info  -	CConnectorRaw::OnEvent() state: CNTS_FWD_CONNECTED, error: 0, oray errorcode: 0
2023-05-08 14:47:43.280	- Info  -	[oray][erroCode] errorcode=oray_errorcode(0), product=0, type=0, inner code=0 [CConnectorRaw::OnEvent:624]
2023-05-08 14:47:43.280	- Info  -	CClientStream 122.246.12.49:443 OnReceive reply 1 
2023-05-08 14:47:43.280	- Info  -	CClientStream 122.246.12.49:443 start keepalive
2023-05-08 14:47:43.280	- Info  -	CClientStream 122.246.12.49:443 login OK
2023-05-08 14:47:43.280	- Info  -	CConnectorRaw::OnEvent() state: CNTS_CONNECTED, error: 0, oray errorcode: 0
2023-05-08 14:47:43.280	- Info  -	[oray][erroCode] errorcode=oray_errorcode(0), product=0, type=0, inner code=0 [CConnectorRaw::OnEvent:624]
2023-05-08 14:47:43.280	- Info  -	CPluginThreadManager start plugin thread
2023-05-08 14:47:43.311	- Info  -	CActivePlugin prepare to init plugin
2023-05-08 14:47:43.311	- Info  -	[desktop] create drag server OK
2023-05-08 14:47:43.311	- Info  -	CActivePlugin prepare to run plugin
2023-05-08 14:47:43.313	- Info  -	[desktop] sending switch desktop type message...
2023-05-08 14:47:43.314	- Info  -	[desktop] request enumerate user list.
2023-05-08 14:47:43.314	- Info  -	[desktop] Separation message loop start.
2023-05-08 14:47:43.314	- Info  -	[desktop] receive enumerate user respond
2023-05-08 14:47:43.314	- Info  -	[desktop] request switch user host message...
2023-05-08 14:47:43.554	* Error *	sensors data send failed!
2023-05-08 14:47:44.254	- Info  -	[desktop] receive switch host message res = 1 
2023-05-08 14:47:44.254	- Info  -	[desktop] request enum screen
2023-05-08 14:47:44.254	- Info  -	[DisplayClient] SetCompression 11/15
2023-05-08 14:47:44.254	- Info  -	[desktop] request start stream
2023-05-08 14:47:44.255	- Info  -	[desktop] SetCompressionParam: layer=1;encoding=4;format=1;reserved=0, size: 38
2023-05-08 14:47:45.275	- Info  -	CMultiChannelStreamImpl::ConnectP2PServer, thread id: 12620
2023-05-08 14:47:45.312	- Info  -	CConnectorRaw::OnStreamEvent(1) state: CNTS_P2P, error: 0
2023-05-08 14:47:45.312	- Info  -	CConnectorRaw::OnEvent() state: CNTS_P2P, error: 0, oray errorcode: 0
2023-05-08 14:47:45.312	- Info  -	[oray][erroCode] errorcode=oray_errorcode(0), product=0, type=0, inner code=0 [CConnectorRaw::OnEvent:624]
2023-05-08 14:47:45.312	- Info  -	[P2PConnector] attempt to connect server PHSRC://751983698.slp2p-east-std207.oray.net:4118/desktop(slp2p-east-std207.oray.net:4118) 
2023-05-08 14:47:45.388	- Info  -	[udp] support straight send in peer : no 122.246.12.49:4118 CConnection::OnConnectRes
2023-05-08 14:47:45.389	- Info  -	[P2PHelper] detect local ip ...
2023-05-08 14:47:45.390	- Info  -	[P2PHelper] detect local ip 172.16.77.230
2023-05-08 14:47:45.390	- Info  -	[P2PHelper] attempt to login P2P Server...
2023-05-08 14:47:45.426	- Info  -	[P2PHelper] Login P2P Server OK
2023-05-08 14:47:45.426	- Info  -	[P2PHelper] OnLoginRes, receive public ip 223.82.110.30:15660
2023-05-08 14:47:45.426	- Info  -	[P2PHelper] sending P2P request ...
2023-05-08 14:47:45.465	- Info  -	[P2PHelper] receive peer local ip 10.21.58.3:15795, public ip 117.44.175.147:10878
2023-05-08 14:47:45.465	- Info  -	[P2PStream] EstablishP2P local ip 223.82.110.30:15660/172.16.77.230:15660 ==> peer ip 117.44.175.147:10878/10.21.58.3:15795
2023-05-08 14:47:45.891	+Warning+	not found upnp devices on network!
2023-05-08 14:47:45.891	- Info  -	upnpnat_search_thread::ThreadLoop end
2023-05-08 14:47:45.896	- Info  -	[udpwrapper] attempt to establish P2P connection via: 122.246.12.49:4118, (local)172.16.77.230:15660|(public)223.82.110.30:15660 ==> (local)10.21.58.3:15795|(public)117.44.175.147:10878
2023-05-08 14:47:46.106	- Info  -	[desktop] OnQueryConfigRes
2023-05-08 14:47:46.107	- Info  -	[desktop] OnQueryConfigRes
2023-05-08 14:47:46.107	- Info  -	[desktop] recv enum screen, number is 1
2023-05-08 14:47:46.108	- Info  -	[clipboard] start clipboard...
2023-05-08 14:47:46.118	- Info  -	[clipboard][converter] html format 49428
2023-05-08 14:47:46.119	- Info  -	[clipboard][converter] rtf format 49271
2023-05-08 14:47:46.119	- Info  -	[clipboard] start clipboard ok.
2023-05-08 14:47:46.119	- Info  -	[desktop] sync clipboard enable
2023-05-08 14:47:46.767	+Warning+	[udpwrapper] UPNP discovery failed,  Fail to find deviceList of device "urn:schemas-upnp-org:device:InternetGatewayDevice:1 "

2023-05-08 14:47:46.889	- Info  -	[udp] OnConnectAck working in advanced mode 2
2023-05-08 14:47:46.889	- Info  -	[udp] support straight send in peer : yes 117.44.175.147:10878 CConnection::OnConnectRes
2023-05-08 14:47:46.890	- Info  -	[oray][erroCode] errorcode=oray_errorcode(0), product=0, type=0, inner code=0 [CUDPLibStream::Disconnect_impl:73]
2023-05-08 14:47:46.890	- Info  -	[udp] Disconnect
2023-05-08 14:47:46.890	- Info  -	[udp] SendDisconnect
2023-05-08 14:47:46.890	- Info  -	[P2PHelper] MainServer disconnect
2023-05-08 14:47:46.891	- Info  -	[MultiChannel] P2P channel shake handle 117.44.175.147:10878
2023-05-08 14:47:46.891	- Info  -	CConnectorRaw::OnEvent() state: CNTS_P2P_SHAKEHANDLE, error: 0, oray errorcode: 0
2023-05-08 14:47:46.891	- Info  -	[oray][erroCode] errorcode=oray_errorcode(0), product=0, type=0, inner code=0 [CConnectorRaw::OnEvent:624]
2023-05-08 14:47:46.891	- Info  -	[MultiChannel] send SHAKE_HANDLES_MSG, read 1350, write 1788
2023-05-08 14:47:46.891	- Info  -	[P2PStream] connected (by udp) 0.0.0.0:15660 <--> 117.44.175.147:10878
2023-05-08 14:47:46.916	- Info  -	[udpwrapper] disconnect reason : 1
2023-05-08 14:47:46.916	- Info  -	[oray][erroCode] errorcode=oray_errorcode(57354), product=0, type=3, inner code=10 [CUDPLibWrapper::OnDisconnect:833]
2023-05-08 14:47:46.916	- Info  -	[udpwrapper] Disconnect 122.246.12.49:4118 @ 838
2023-05-08 14:47:46.916	- Info  -	[oray][erroCode] errorcode=oray_errorcode(57354), product=0, type=3, inner code=10 [CUDPLibStream::Disconnect_impl:73]
2023-05-08 14:47:46.953	- Info  -	[MultiChannel] Received SHAKE_HANDLES_MSG, read 1808 / (local write 1788), write 1330 / (local read 1350)
2023-05-08 14:47:46.953	- Info  -	[MultiChannel] P2P channel connected 117.44.175.147:10878
2023-05-08 14:47:46.953	- Info  -	CConnectorRaw::OnEvent() state: CNTS_P2P_CONNECTED, error: 0, oray errorcode: 0
2023-05-08 14:47:46.953	- Info  -	[oray][erroCode] errorcode=oray_errorcode(0), product=0, type=0, inner code=0 [CConnectorRaw::OnEvent:624]
2023-05-08 14:47:47.022	- Info  -	[MultiChannel] forward data read completed @ 462
2023-05-08 14:47:47.413	- Info  -	SetDisplayMode() w=1440, h=900, bpp=32
2023-05-08 14:47:47.413	- Info  -	ResetBitmap width=1440, height=900, bpp=32, srcbpp=32, Size = 5184000
2023-05-08 14:47:47.413	- Info  -	[DisplayClient] recv image info, width: 1440, height: 900, bpp: 32
2023-05-08 14:47:47.413	- Info  -	[DisplayClient] OnRecvCompInfo format/quality 11/15
2023-05-08 14:47:47.414	- Info  -	[desktop][DisplayClient] recv first frame.
2023-05-08 14:47:47.422	- Info  -	[DisplayClient] recv compimage type: ID_IMAGE_RAPIDCOMP
2023-05-08 14:47:47.502	- Info  -	[vpx] open codec.
2023-05-08 14:47:47.602	- Info  -	[desktop][DisplayClient] decode first frame end.
2023-05-08 14:47:47.603	- Info  -	[MultiChannel] write data when p2p state is CONNECTED, is full 0, writed data 1788 / peer read 1808, left 20, size 52 @ 153
2023-05-08 14:47:47.606	- Info  -	[desktop] receive first frame message
2023-05-08 14:47:47.606	- Info  -	CClipboardRaw::OnReceiveQueryVersionReq 2
2023-05-08 14:47:47.607	- Info  -	[MultiChannel] forward data write completed @ 216
2023-05-08 14:47:47.610	- Info  -	[drag] CDragServer::OnQueryVersionReq is installed
2023-05-08 14:47:47.610	* Error *	[drag] QueryVersion send is true
2023-05-08 14:47:47.800	- Info  -	Init D3D2 OK
2023-05-08 14:47:47.800	- Info  -	[DesktopSurface] Use DirectX Paint mode 2
2023-05-08 14:47:47.925	- Info  -	Init D3D2 OK
2023-05-08 14:47:47.971	- Info  -	[maindialog] draw first frame end
2023-05-08 14:47:48.092	- Info  -	[desktop] sync clipboard enable
2023-05-08 14:47:48.093	- Info  -	[http call3] new call id:1, url:https://slapi.oray.net/remote/get-network
2023-05-08 14:47:48.107	- Info  -	[http call3] id:1 create new connection : https://slapi.oray.net:443
2023-05-08 14:47:48.109	- Info  -	attempt to connect server slapi.oray.net:443(121.40.200.192:443)
2023-05-08 14:47:48.272	- Info  -	[http call3] id:1, url:https://slapi.oray.net/remote/get-network, status code:200
2023-05-08 14:48:03.271	* Error *	SSLStream::IsWantReadWrite|peer(121.40.200.192:443), SSL_read failed( 6 ), error:00000000:lib(0):func(0):reason(0), file( ..\includes\common\phstream\SSLStream.cpp:1898 )
2023-05-08 14:48:03.271	- Info  -	[http call3] disconnect, error( 0 )
2023-05-08 14:48:27.494	* Error *	sensors data send failed!
2023-05-08 14:48:30.924	* Error *	sensors data send failed!
2023-05-08 14:48:34.137	- Info  -	Init D3D2 OK
2023-05-08 14:48:34.192	* Error *	sensors data send failed!
2023-05-08 14:48:37.853	* Error *	sensors data send failed!
2023-05-08 14:48:42.373	+Warning+	[BinaryPluginStream] rate reader pending data size 274362 exceed 262144
2023-05-08 14:48:43.219	+Warning+	[BinaryPluginStream] rate reader data all clear
2023-05-08 14:59:40.160	- Info  -	[clipboard] CClipboardViewer::OnClipboardUpdate
2023-05-08 14:59:40.161	- Info  -	[clipboard] push format 13
2023-05-08 14:59:40.161	- Info  -	[clipboard] push format 1
2023-05-08 15:10:50.645	- Info  -	[udpwrapper] udprelay connecting 117.44.175.147:10878 via 122.246.12.49:4118
2023-05-08 15:10:55.869	* Error *	sensors data send failed!
2023-05-08 15:10:55.870	- Info  -	[oray][erroCode] errorcode=oray_errorcode(0), product=0, type=0, inner code=0 [CMultiChannelStream::Disconnect_impl:254]
2023-05-08 15:10:55.871	- Info  -	[TCPConnector] CCurStream handle client_disconnect
2023-05-08 15:10:55.871	- Info  -	[oray][erroCode] errorcode=transf(0), product=0, type=0, inner code=0 [CMultiChannelStream::ForwardHandler::Handle:647]
2023-05-08 15:10:55.872	- Info  -	CConnectorRaw::OnEvent() state: CNTS_FWD_DISCONNECT, error: 0, oray errorcode: 0
2023-05-08 15:10:55.872	- Info  -	[oray][erroCode] errorcode=oray_errorcode(0), product=0, type=0, inner code=0 [CConnectorRaw::OnEvent:624]
2023-05-08 15:10:55.872	+Warning+	[MultiChannel] unbind forward stream(errorcode 0) @ 651
2023-05-08 15:10:55.872	- Info  -	[oray][erroCode] errorcode=oray_errorcode(0), product=0, type=0, inner code=0 [CP2PStream::Disconnect_impl:678]
2023-05-08 15:10:55.872	- Info  -	[oray][erroCode] errorcode=oray_errorcode(0), product=0, type=0, inner code=0 [CP2PStream::CUDPStream::Disconnect_impl:1044]
2023-05-08 15:10:55.872	- Info  -	[oray][erroCode] errorcode=oray_errorcode(0), product=0, type=0, inner code=0 [CUDPLibStream::Disconnect_impl:73]
2023-05-08 15:10:55.872	- Info  -	[udp] Disconnect
2023-05-08 15:10:55.872	- Info  -	[udp] SendDisconnect
2023-05-08 15:10:55.872	- Info  -	[MultiChannel] P2P channel disconnect 117.44.175.147:10878
2023-05-08 15:10:55.872	- Info  -	[oray][erroCode] errorcode=transf(0), product=0, type=0, inner code=0 [CMultiChannelStream::P2PHandler::Handle:834]
2023-05-08 15:10:55.872	- Info  -	[oray][erroCode] errorcode=transf(0), product=0, type=0, inner code=0 [CMultiChannelStream::HandleDisconnect:1041]
2023-05-08 15:10:55.872	- Info  -	CMultiChannelStreamImpl::OnDisconnect()
2023-05-08 15:10:55.872	- Info  -	[oray][erroCode] errorcode=oray_errorcode(0), product=0, type=0, inner code=0 [CMultiChannelStreamImpl::OnDisconnect:100]
2023-05-08 15:10:55.872	- Info  -	CClientStream 117.44.175.147:10878 OnDisconnect, errocde:0
2023-05-08 15:10:55.872	- Info  -	[oray][erroCode] errorcode=errcode(0), product=0, type=0, inner code=0 [CClientStream::OnDisconnect:104]
2023-05-08 15:10:55.872	- Info  -	OnDisconnect, error code 0
2023-05-08 15:10:55.872	- Info  -	[oray][erroCode] errorcode=errcode(0), product=0, type=0, inner code=0 [BinaryPluginStream::OnDisconnect:404]
2023-05-08 15:10:55.875	- Info  -	CPluginThreadManager stop plugin thread
2023-05-08 15:10:55.876	- Info  -	[desktop] Separation message loop stop.
2023-05-08 15:10:55.877	* Error *	[desktop] Send2StreamRaw fail, type: 4/7A .
2023-05-08 15:10:55.877	* Error *	[oray][erroCode] errorcode=ORAY_ERROR_CTRLDESKTOP_SEND_DATA_FAILED(134275079), product=2, type=3, inner code=7 [CRemoteDesktopPlugin::SendThreadLoop:871]
2023-05-08 15:10:55.877	* Error *	[desktop] Send2StreamRaw fail, type: 4/7A .
2023-05-08 15:10:55.877	* Error *	[oray][erroCode] errorcode=ORAY_ERROR_CTRLDESKTOP_SEND_DATA_FAILED(134275079), product=2, type=3, inner code=7 [CRemoteDesktopPlugin::SendThreadLoop:871]
2023-05-08 15:10:55.877	* Error *	[desktop] Send2StreamRaw fail, type: 4/0 .
2023-05-08 15:10:55.877	* Error *	[oray][erroCode] errorcode=ORAY_ERROR_CTRLDESKTOP_SEND_DATA_FAILED(134275079), product=2, type=3, inner code=7 [CRemoteDesktopPlugin::SendThreadLoop:871]
2023-05-08 15:10:55.877	* Error *	[desktop] Send2StreamRaw fail, type: 4/7A .
2023-05-08 15:10:55.877	* Error *	[oray][erroCode] errorcode=ORAY_ERROR_CTRLDESKTOP_SEND_DATA_FAILED(134275079), product=2, type=3, inner code=7 [CRemoteDesktopPlugin::SendThreadLoop:871]
2023-05-08 15:10:55.877	* Error *	[desktop] Send2StreamRaw fail, type: 4/0 .
2023-05-08 15:10:55.877	* Error *	[oray][erroCode] errorcode=ORAY_ERROR_CTRLDESKTOP_SEND_DATA_FAILED(134275079), product=2, type=3, inner code=7 [CRemoteDesktopPlugin::SendThreadLoop:871]
2023-05-08 15:10:55.877	* Error *	[desktop] Send2StreamRaw fail, type: 4/3C .
2023-05-08 15:10:55.877	* Error *	[oray][erroCode] errorcode=ORAY_ERROR_CTRLDESKTOP_SEND_DATA_FAILED(134275079), product=2, type=3, inner code=7 [CRemoteDesktopPlugin::SendThreadLoop:871]
2023-05-08 15:10:55.877	* Error *	[desktop] Send2StreamRaw fail, type: 4/0 .
2023-05-08 15:10:55.877	* Error *	[oray][erroCode] errorcode=ORAY_ERROR_CTRLDESKTOP_SEND_DATA_FAILED(134275079), product=2, type=3, inner code=7 [CRemoteDesktopPlugin::SendThreadLoop:871]
2023-05-08 15:10:55.877	* Error *	[desktop] Send2StreamRaw fail, type: 4/0 .
2023-05-08 15:10:55.877	* Error *	[oray][erroCode] errorcode=ORAY_ERROR_CTRLDESKTOP_SEND_DATA_FAILED(134275079), product=2, type=3, inner code=7 [CRemoteDesktopPlugin::SendThreadLoop:871]
2023-05-08 15:10:55.877	* Error *	[desktop] Send2StreamRaw fail, type: 4/F9 .
2023-05-08 15:10:55.877	* Error *	[oray][erroCode] errorcode=ORAY_ERROR_CTRLDESKTOP_SEND_DATA_FAILED(134275079), product=2, type=3, inner code=7 [CRemoteDesktopPlugin::SendThreadLoop:871]
2023-05-08 15:10:55.877	* Error *	[desktop] Send2StreamRaw fail, type: 4/7A .
2023-05-08 15:10:55.877	* Error *	[oray][erroCode] errorcode=ORAY_ERROR_CTRLDESKTOP_SEND_DATA_FAILED(134275079), product=2, type=3, inner code=7 [CRemoteDesktopPlugin::SendThreadLoop:871]
2023-05-08 15:10:55.877	* Error *	[desktop] Send2StreamRaw fail, type: 4/0 .
2023-05-08 15:10:55.877	* Error *	[oray][erroCode] errorcode=ORAY_ERROR_CTRLDESKTOP_SEND_DATA_FAILED(134275079), product=2, type=3, inner code=7 [CRemoteDesktopPlugin::SendThreadLoop:871]
2023-05-08 15:10:55.878	* Error *	[desktop] Send2StreamRaw fail, type: 4/7A .
2023-05-08 15:10:55.878	* Error *	[oray][erroCode] errorcode=ORAY_ERROR_CTRLDESKTOP_SEND_DATA_FAILED(134275079), product=2, type=3, inner code=7 [CRemoteDesktopPlugin::SendThreadLoop:871]
2023-05-08 15:10:55.878	* Error *	[desktop] Send2StreamRaw fail, type: 4/7A .
2023-05-08 15:10:55.878	* Error *	[oray][erroCode] errorcode=ORAY_ERROR_CTRLDESKTOP_SEND_DATA_FAILED(134275079), product=2, type=3, inner code=7 [CRemoteDesktopPlugin::SendThreadLoop:871]
2023-05-08 15:10:55.878	* Error *	[desktop] Send2StreamRaw fail, type: 4/95 .
2023-05-08 15:10:55.878	* Error *	[oray][erroCode] errorcode=ORAY_ERROR_CTRLDESKTOP_SEND_DATA_FAILED(134275079), product=2, type=3, inner code=7 [CRemoteDesktopPlugin::SendThreadLoop:871]
2023-05-08 15:10:55.878	* Error *	[desktop] Send2StreamRaw fail, type: 4/F9 .
2023-05-08 15:10:55.878	* Error *	[oray][erroCode] errorcode=ORAY_ERROR_CTRLDESKTOP_SEND_DATA_FAILED(134275079), product=2, type=3, inner code=7 [CRemoteDesktopPlugin::SendThreadLoop:871]
2023-05-08 15:10:55.878	* Error *	[desktop] Send2StreamRaw fail, type: 4/0 .
2023-05-08 15:10:55.878	* Error *	[oray][erroCode] errorcode=ORAY_ERROR_CTRLDESKTOP_SEND_DATA_FAILED(134275079), product=2, type=3, inner code=7 [CRemoteDesktopPlugin::SendThreadLoop:871]
2023-05-08 15:10:55.878	* Error *	[desktop] Send2StreamRaw fail, type: 4/0 .
2023-05-08 15:10:55.878	* Error *	[oray][erroCode] errorcode=ORAY_ERROR_CTRLDESKTOP_SEND_DATA_FAILED(134275079), product=2, type=3, inner code=7 [CRemoteDesktopPlugin::SendThreadLoop:871]
2023-05-08 15:10:55.878	* Error *	[desktop] Send2StreamRaw fail, type: 4/7A .
2023-05-08 15:10:55.878	* Error *	[oray][erroCode] errorcode=ORAY_ERROR_CTRLDESKTOP_SEND_DATA_FAILED(134275079), product=2, type=3, inner code=7 [CRemoteDesktopPlugin::SendThreadLoop:871]
2023-05-08 15:10:55.878	* Error *	[desktop] Send2StreamRaw fail, type: 4/7A .
2023-05-08 15:10:55.879	* Error *	[oray][erroCode] errorcode=ORAY_ERROR_CTRLDESKTOP_SEND_DATA_FAILED(134275079), product=2, type=3, inner code=7 [CRemoteDesktopPlugin::SendThreadLoop:871]
2023-05-08 15:10:55.879	* Error *	[desktop] Send2StreamRaw fail, type: 4/F9 .
2023-05-08 15:10:55.879	* Error *	[oray][erroCode] errorcode=ORAY_ERROR_CTRLDESKTOP_SEND_DATA_FAILED(134275079), product=2, type=3, inner code=7 [CRemoteDesktopPlugin::SendThreadLoop:871]
2023-05-08 15:10:55.879	* Error *	[desktop] Send2StreamRaw fail, type: 4/7A .
2023-05-08 15:10:55.879	* Error *	[oray][erroCode] errorcode=ORAY_ERROR_CTRLDESKTOP_SEND_DATA_FAILED(134275079), product=2, type=3, inner code=7 [CRemoteDesktopPlugin::SendThreadLoop:871]
2023-05-08 15:10:55.879	* Error *	[desktop] Send2StreamRaw fail, type: 4/7A .
2023-05-08 15:10:55.879	* Error *	[oray][erroCode] errorcode=ORAY_ERROR_CTRLDESKTOP_SEND_DATA_FAILED(134275079), product=2, type=3, inner code=7 [CRemoteDesktopPlugin::SendThreadLoop:871]
2023-05-08 15:10:55.879	* Error *	[desktop] Send2StreamRaw fail, type: 4/0 .
2023-05-08 15:10:55.879	* Error *	[oray][erroCode] errorcode=ORAY_ERROR_CTRLDESKTOP_SEND_DATA_FAILED(134275079), product=2, type=3, inner code=7 [CRemoteDesktopPlugin::SendThreadLoop:871]
2023-05-08 15:10:55.879	* Error *	[desktop] Send2StreamRaw fail, type: 4/0 .
2023-05-08 15:10:55.879	* Error *	[oray][erroCode] errorcode=ORAY_ERROR_CTRLDESKTOP_SEND_DATA_FAILED(134275079), product=2, type=3, inner code=7 [CRemoteDesktopPlugin::SendThreadLoop:871]
2023-05-08 15:10:55.879	* Error *	[desktop] Send2StreamRaw fail, type: 4/0 .
2023-05-08 15:10:55.879	* Error *	[oray][erroCode] errorcode=ORAY_ERROR_CTRLDESKTOP_SEND_DATA_FAILED(134275079), product=2, type=3, inner code=7 [CRemoteDesktopPlugin::SendThreadLoop:871]
2023-05-08 15:10:55.879	* Error *	[desktop] Send2StreamRaw fail, type: 4/7A .
2023-05-08 15:10:55.879	* Error *	[oray][erroCode] errorcode=ORAY_ERROR_CTRLDESKTOP_SEND_DATA_FAILED(134275079), product=2, type=3, inner code=7 [CRemoteDesktopPlugin::SendThreadLoop:871]
2023-05-08 15:10:55.879	* Error *	[desktop] Send2StreamRaw fail, type: 4/0 .
2023-05-08 15:10:55.879	* Error *	[oray][erroCode] errorcode=ORAY_ERROR_CTRLDESKTOP_SEND_DATA_FAILED(134275079), product=2, type=3, inner code=7 [CRemoteDesktopPlugin::SendThreadLoop:871]
2023-05-08 15:10:55.879	* Error *	[desktop] Send2StreamRaw fail, type: 4/0 .
2023-05-08 15:10:55.879	* Error *	[oray][erroCode] errorcode=ORAY_ERROR_CTRLDESKTOP_SEND_DATA_FAILED(134275079), product=2, type=3, inner code=7 [CRemoteDesktopPlugin::SendThreadLoop:871]
2023-05-08 15:10:55.879	* Error *	[desktop] Send2StreamRaw fail, type: 4/0 .
2023-05-08 15:10:55.879	* Error *	[oray][erroCode] errorcode=ORAY_ERROR_CTRLDESKTOP_SEND_DATA_FAILED(134275079), product=2, type=3, inner code=7 [CRemoteDesktopPlugin::SendThreadLoop:871]
2023-05-08 15:10:55.879	* Error *	[desktop] Send2StreamRaw fail, type: 4/7A .
2023-05-08 15:10:55.879	* Error *	[oray][erroCode] errorcode=ORAY_ERROR_CTRLDESKTOP_SEND_DATA_FAILED(134275079), product=2, type=3, inner code=7 [CRemoteDesktopPlugin::SendThreadLoop:871]
2023-05-08 15:10:55.879	- Info  -	CActivePlugin prepare to exit plugin
2023-05-08 15:10:55.879	- Info  -	[desktop] RemoteDesktopPlugin::ExitInstance. >
2023-05-08 15:10:55.879	- Info  -	[clipboard] stop clipboard...
2023-05-08 15:10:55.897	- Info  -	[clipboard] recv thread end(1).
2023-05-08 15:10:55.898	- Info  -	[clipboard] call CClipboardViewer::DestroyWnd at 190
2023-05-08 15:10:55.899	- Info  -	[clipboard] recv WM_CLOSE, end thread.
2023-05-08 15:10:55.900	- Info  -	[clipboard] Stop Clipboard ok
2023-05-08 15:10:55.905	- Info  -	[desktop] [thread] cancel.
2023-05-08 15:10:55.905	- Info  -	[desktop] RemoteDesktopPlugin::ExitInstance. <
2023-05-08 15:10:55.946	- Info  -	CConnectorRaw::OnEvent() state: CNTS_P2P_DISCONNECT, error: 0, oray errorcode: 0
2023-05-08 15:10:55.946	- Info  -	[oray][erroCode] errorcode=oray_errorcode(0), product=0, type=0, inner code=0 [CConnectorRaw::OnEvent:624]
2023-05-08 15:10:55.946	- Info  -	[oray][erroCode] errorcode=oray_errorcode(0), product=0, type=0, inner code=0 [CP2PStream::CTCPStream::Disconnect_impl:1016]
2023-05-08 15:10:55.946	- Info  -	CConnectorRaw::OnEvent() state: CNTS_DISCONNECTED, error: 0, oray errorcode: 0
2023-05-08 15:10:55.946	- Info  -	[oray][erroCode] errorcode=oray_errorcode(0), product=0, type=0, inner code=0 [CConnectorRaw::OnEvent:624]
2023-05-08 15:10:55.946	- Info  -	CConnectorRaw::Stop in>
2023-05-08 15:10:55.959	* Error *	Plugin disconnect with error : 0
2023-05-08 15:10:55.978	- Info  -	[CUDPLibWrapper] map size: 1, value: [117.44.175.147:10878/15660-2] = 0.0.0.0:15660;

2023-05-08 15:10:55.978	- Info  -	[oray][erroCode] errorcode=oray_errorcode(0), product=0, type=0, inner code=0 [CP2PStream::CUDPStream::Disconnect_impl:1044]
2023-05-08 15:10:55.978	- Info  -	[oray][erroCode] errorcode=oray_errorcode(0), product=0, type=0, inner code=0 [CUDPLibStream::Disconnect_impl:73]
2023-05-08 15:10:55.978	- Info  -	CConnectorRaw::Stop out<
2023-05-08 15:10:55.981	- Info  -	sensors close
2023-05-08 15:10:56.033	- Info  -	[desktop] CRemoteDesktopPlugin::~CRemoteDesktopPlugin(void)
2023-05-08 15:10:56.034	- Info  -	[vpx][decoder] close codec.
2023-05-08 15:10:56.187	- Info  -	CMultiChannelStreamImpl::~CMultiChannelStreamImpl
2023-05-08 15:10:56.188	- Info  -	program remote_plugin is exit 
