2023-03-09 09:15:58.423	- Info  -	version:3.2.1.40406
2023-03-09 09:15:58.426	- Info  -	DPIAwareness set 2 success.
2023-03-09 09:15:58.433	- Info  -	config path: ÐÃëI+
2023-03-09 09:15:58.483	- Info  -	[displayclt] CDisplayClient::CDisplayClient(all)
2023-03-09 09:15:58.484	- Info  -	[desktop] CRemoteDesktopPlugin::CRemoteDesktopPlugin(all)
2023-03-09 09:15:58.490	- Info  -	sensors init with file: C:/ProgramData/Oray/SunloginClient/sensors/datas
2023-03-09 09:15:58.505	* Error *	sensors data send failed!
2023-03-09 09:15:58.505	- Info  -	CMultiChannelStreamImpl::CMultiChannelStreamImpl
2023-03-09 09:15:58.507	- Info  -	CConnectorRaw::OnStreamEvent(1) state: CNTS_FORWARD, error: 0
2023-03-09 09:15:58.507	- Info  -	CConnectorRaw::OnEvent() state: CNTS_FORWARD, error: 0, oray errorcode: 0
2023-03-09 09:15:58.507	- Info  -	[oray][erroCode] errorcode=oray_errorcode(0), product=0, type=0, inner code=0 [CConnectorRaw::OnEvent:624]
2023-03-09 09:15:58.588	- Info  -	plugin_public access_token is NULL
2023-03-09 09:15:58.599	- Info  -	attempt to connect server 1166743860.slp2p-east-std202.oray.net:443(122.246.13.108:443)
2023-03-09 09:15:58.701	- Info  -	[TCPConnector] CCurStream handle client_connect
2023-03-09 09:15:58.734	- Info  -	[MultiChannel] Forward channel shake handle 122.246.13.108:443
2023-03-09 09:15:58.734	- Info  -	CMultiChannelStreamImpl::OnConnect()
2023-03-09 09:15:58.734	- Info  -	CClientStream 122.246.13.108:443 OnConnect
2023-03-09 09:15:58.734	- Info  -	CConnectorRaw::OnEvent() state: CNTS_LOGIN, error: 0, oray errorcode: 0
2023-03-09 09:15:58.734	- Info  -	[oray][erroCode] errorcode=oray_errorcode(0), product=0, type=0, inner code=0 [CConnectorRaw::OnEvent:624]
2023-03-09 09:15:58.734	- Info  -	CConnectorRaw::OnEvent() state: CNTS_FWD_SHAKEHANDLE, error: 0, oray errorcode: 0
2023-03-09 09:15:58.734	- Info  -	[oray][erroCode] errorcode=oray_errorcode(0), product=0, type=0, inner code=0 [CConnectorRaw::OnEvent:624]
2023-03-09 09:15:58.912	- Info  -	[MultiChannel] Forward channel connected 122.246.13.108:443
2023-03-09 09:15:58.913	- Info  -	CMultiChannelStreamImpl::OnConnectEvent, status: CNTS_FWD_CONNECTED, isclosed:false, HadFwdConnected: true, HadBeenHolePunch: false
2023-03-09 09:15:58.913	- Info  -	CConnectorRaw::OnEvent() state: CNTS_FWD_CONNECTED, error: 0, oray errorcode: 0
2023-03-09 09:15:58.913	- Info  -	[oray][erroCode] errorcode=oray_errorcode(0), product=0, type=0, inner code=0 [CConnectorRaw::OnEvent:624]
2023-03-09 09:15:58.913	- Info  -	CClientStream 122.246.13.108:443 OnReceive reply 1 
2023-03-09 09:15:58.913	- Info  -	CClientStream 122.246.13.108:443 start keepalive
2023-03-09 09:15:58.913	- Info  -	CClientStream 122.246.13.108:443 login OK
2023-03-09 09:15:58.913	- Info  -	CConnectorRaw::OnEvent() state: CNTS_CONNECTED, error: 0, oray errorcode: 0
2023-03-09 09:15:58.913	- Info  -	[oray][erroCode] errorcode=oray_errorcode(0), product=0, type=0, inner code=0 [CConnectorRaw::OnEvent:624]
2023-03-09 09:15:58.913	- Info  -	CPluginThreadManager start plugin thread
2023-03-09 09:15:58.914	- Info  -	CActivePlugin prepare to init plugin
2023-03-09 09:15:58.914	- Info  -	[desktop] create drag server OK
2023-03-09 09:15:58.914	- Info  -	CActivePlugin prepare to run plugin
2023-03-09 09:15:58.915	- Info  -	[desktop] sending switch desktop type message...
2023-03-09 09:15:58.915	- Info  -	[desktop] request enumerate user list.
2023-03-09 09:15:58.916	- Info  -	[desktop] Separation message loop start.
2023-03-09 09:15:58.916	- Info  -	[desktop] receive enumerate user respond
2023-03-09 09:15:58.916	- Info  -	[desktop] request switch user host message...
2023-03-09 09:15:59.212	* Error *	sensors data send failed!
2023-03-09 09:15:59.245	- Info  -	[desktop] receive switch host message res = 1 
2023-03-09 09:15:59.245	- Info  -	[desktop] request enum screen
2023-03-09 09:15:59.245	- Info  -	[DisplayClient] SetCompression 11/15
2023-03-09 09:15:59.245	- Info  -	[desktop] request start stream
2023-03-09 09:15:59.245	- Info  -	[desktop] SetCompressionParam: layer=1;encoding=4;format=1;reserved=0, size: 38
2023-03-09 09:15:59.601	- Info  -	[desktop] OnQueryConfigRes
2023-03-09 09:15:59.603	- Info  -	[desktop] OnQueryConfigRes
2023-03-09 09:15:59.607	- Info  -	[desktop] recv enum screen, number is 1
2023-03-09 09:15:59.609	- Info  -	[clipboard] start clipboard...
2023-03-09 09:15:59.628	- Info  -	[clipboard][converter] html format 49319
2023-03-09 09:15:59.628	- Info  -	[clipboard][converter] rtf format 49379
2023-03-09 09:15:59.629	- Info  -	[clipboard] start clipboard ok.
2023-03-09 09:15:59.629	- Info  -	[desktop] sync clipboard enable
2023-03-09 09:16:00.224	- Info  -	CClipboardRaw::OnReceiveQueryVersionReq 2
2023-03-09 09:16:00.483	- Info  -	SetDisplayMode() w=1024, h=768, bpp=32
2023-03-09 09:16:00.483	- Info  -	ResetBitmap width=1024, height=768, bpp=32, srcbpp=32, Size = 3145728
2023-03-09 09:16:00.483	- Info  -	[DisplayClient] recv image info, width: 1024, height: 768, bpp: 32
2023-03-09 09:16:00.483	- Info  -	[DisplayClient] OnRecvCompInfo format/quality 11/15
2023-03-09 09:16:00.484	- Info  -	[desktop][DisplayClient] recv first frame.
2023-03-09 09:16:00.491	- Info  -	[DisplayClient] recv compimage type: ID_IMAGE_RAPIDCOMP
2023-03-09 09:16:00.555	- Info  -	[vpx] open codec.
2023-03-09 09:16:00.588	- Info  -	[desktop][DisplayClient] decode first frame end.
2023-03-09 09:16:00.589	- Info  -	[desktop] receive first frame message
2023-03-09 09:16:00.722	- Info  -	Init D3D2 OK
2023-03-09 09:16:00.722	- Info  -	[DesktopSurface] Use DirectX Paint mode 2
2023-03-09 09:16:00.750	- Info  -	Init D3D2 OK
2023-03-09 09:16:00.762	- Info  -	[maindialog] draw first frame end
2023-03-09 09:16:00.805	- Info  -	[desktop] sync clipboard enable
2023-03-09 09:16:00.805	- Info  -	[http call3] new call id:1, url:https://slapi.oray.net/client/free-tips
2023-03-09 09:16:00.806	- Info  -	[http call3] new call id:2, url:https://slapi.oray.net/remote/get-network
2023-03-09 09:16:00.806	- Info  -	[http call3] id:1 create new connection : https://slapi.oray.net:443
2023-03-09 09:16:00.809	- Info  -	attempt to connect server slapi.oray.net:443(121.40.99.129:443)
2023-03-09 09:16:00.810	- Info  -	[http call3] id:2 use old connection : https://slapi.oray.net:443
2023-03-09 09:16:00.903	- Info  -	CMultiChannelStreamImpl::ConnectP2PServer, thread id: 10556
2023-03-09 09:16:00.966	- Info  -	CConnectorRaw::OnStreamEvent(1) state: CNTS_P2P, error: 0
2023-03-09 09:16:00.966	- Info  -	CConnectorRaw::OnEvent() state: CNTS_P2P, error: 0, oray errorcode: 0
2023-03-09 09:16:00.966	- Info  -	[oray][erroCode] errorcode=oray_errorcode(0), product=0, type=0, inner code=0 [CConnectorRaw::OnEvent:624]
2023-03-09 09:16:00.967	- Info  -	[P2PConnector] attempt to connect server PHSRC://1166743860.slp2p-east-std202.oray.net:4118/desktop(slp2p-east-std202.oray.net:4118) 
2023-03-09 09:16:01.020	- Info  -	[udp] support straight send in peer : no 122.246.13.108:4118 CConnection::OnConnectRes
2023-03-09 09:16:01.020	- Info  -	[P2PHelper] detect local ip ...
2023-03-09 09:16:01.021	- Info  -	[P2PHelper] detect local ip 172.16.76.182
2023-03-09 09:16:01.021	- Info  -	[P2PHelper] attempt to login P2P Server...
2023-03-09 09:16:01.047	- Info  -	[http call3] id:1, url:https://slapi.oray.net/client/free-tips, status code:200
2023-03-09 09:16:01.048	- Info  -	[P2PHelper] Login P2P Server OK
2023-03-09 09:16:01.048	- Info  -	[P2PHelper] OnLoginRes, receive public ip 223.82.110.30:15371
2023-03-09 09:16:01.048	- Info  -	[P2PHelper] sending P2P request ...
2023-03-09 09:16:01.103	- Info  -	[P2PHelper] receive peer local ip 10.21.152.2:15565, public ip 220.175.40.112:9571
2023-03-09 09:16:01.103	- Info  -	[P2PStream] EstablishP2P local ip 223.82.110.30:15371/172.16.76.182:15371 ==> peer ip 220.175.40.112:9571/10.21.152.2:15565
2023-03-09 09:16:01.127	- Info  -	[http call3] id:2, url:https://slapi.oray.net/remote/get-network, status code:200
2023-03-09 09:16:01.347	- Info  -	Init D3D2 OK
2023-03-09 09:16:01.400	- Info  -	Init D3D2 OK
2023-03-09 09:16:01.522	+Warning+	not found upnp devices on network!
2023-03-09 09:16:01.522	- Info  -	upnpnat_search_thread::ThreadLoop end
2023-03-09 09:16:01.528	- Info  -	[udpwrapper] attempt to establish P2P connection via: 122.246.13.108:4118, (local)172.16.76.182:15371|(public)223.82.110.30:15371 ==> (local)10.21.152.2:15565|(public)220.175.40.112:9571
2023-03-09 09:16:01.978	- Info  -	[drag] QueryVersionRes is true
2023-03-09 09:16:01.978	- Info  -	CClipboardRaw::OnReceiveQueryVersionRes 2
2023-03-09 09:16:02.029	+Warning+	not found upnp devices on network!
2023-03-09 09:16:02.029	+Warning+	[udpwrapper] UPNP discovery failed, 
2023-03-09 09:16:02.079	- Info  -	[udp] OnConnectAck working in advanced mode 2
2023-03-09 09:16:02.079	- Info  -	[udp] support straight send in peer : yes 220.175.40.112:9571 CConnection::OnConnectRes
2023-03-09 09:16:02.080	- Info  -	[oray][erroCode] errorcode=oray_errorcode(0), product=0, type=0, inner code=0 [CUDPLibStream::Disconnect_impl:73]
2023-03-09 09:16:02.080	- Info  -	[udp] Disconnect
2023-03-09 09:16:02.080	- Info  -	[udp] SendDisconnect
2023-03-09 09:16:02.080	- Info  -	[P2PHelper] MainServer disconnect
2023-03-09 09:16:02.081	- Info  -	[MultiChannel] P2P channel shake handle 220.175.40.112:9571
2023-03-09 09:16:02.081	- Info  -	CConnectorRaw::OnEvent() state: CNTS_P2P_SHAKEHANDLE, error: 0, oray errorcode: 0
2023-03-09 09:16:02.081	- Info  -	[oray][erroCode] errorcode=oray_errorcode(0), product=0, type=0, inner code=0 [CConnectorRaw::OnEvent:624]
2023-03-09 09:16:02.081	- Info  -	[MultiChannel] send SHAKE_HANDLES_MSG, read 82773, write 2826
2023-03-09 09:16:02.081	- Info  -	[P2PStream] connected (by udp) 0.0.0.0:15371 <--> 220.175.40.112:9571
2023-03-09 09:16:02.098	- Info  -	[MultiChannel] Received SHAKE_HANDLES_MSG, read 2846 / (local write 2826), write 82753 / (local read 82773)
2023-03-09 09:16:02.098	- Info  -	[MultiChannel] P2P channel connected 220.175.40.112:9571
2023-03-09 09:16:02.098	- Info  -	CConnectorRaw::OnEvent() state: CNTS_P2P_CONNECTED, error: 0, oray errorcode: 0
2023-03-09 09:16:02.098	- Info  -	[oray][erroCode] errorcode=oray_errorcode(0), product=0, type=0, inner code=0 [CConnectorRaw::OnEvent:624]
2023-03-09 09:16:02.108	- Info  -	[udpwrapper] disconnect reason : 1
2023-03-09 09:16:02.108	- Info  -	[oray][erroCode] errorcode=oray_errorcode(57354), product=0, type=3, inner code=10 [CUDPLibWrapper::OnDisconnect:833]
2023-03-09 09:16:02.108	- Info  -	[udpwrapper] Disconnect 122.246.13.108:4118 @ 838
2023-03-09 09:16:02.108	- Info  -	[oray][erroCode] errorcode=oray_errorcode(57354), product=0, type=3, inner code=10 [CUDPLibStream::Disconnect_impl:73]
2023-03-09 09:16:02.437	- Info  -	[MultiChannel] forward data read completed @ 462
2023-03-09 09:16:02.450	- Info  -	[MultiChannel] write data when p2p state is CONNECTED, is full 0, writed data 2826 / peer read 2846, left 20, size 52 @ 153
2023-03-09 09:16:02.451	* Error *	[vpx] Failed to decode frame.: Corrupt frame detected
2023-03-09 09:16:02.451	* Error *	[vpx]    Failed to decode tile data
2023-03-09 09:16:02.451	- Info  -	[vpx][decoder] close codec.
2023-03-09 09:16:02.453	+Warning+	[DisplayClient][report] transfer faild, count: 1.
2023-03-09 09:16:02.453	* Error *	[oray][erroCode] errorcode=ORAY_ERROR_CTRLDESKTOP_DECODE_FRAME_FAILED(134275073), product=2, type=3, inner code=1 [CDisplayClient::DecodeFrameData:628]
2023-03-09 09:16:02.453	- Info  -	[MultiChannel] forward data write completed @ 216
2023-03-09 09:16:03.247	- Info  -	[vpx] open codec.
2023-03-09 09:16:03.247	* Error *	[vpx] Failed to decode frame.: Unspecified internal error
2023-03-09 09:16:03.247	- Info  -	[vpx][decoder] close codec.
2023-03-09 09:16:03.247	+Warning+	[DisplayClient][report] transfer faild, count: 2.
2023-03-09 09:16:03.247	* Error *	[oray][erroCode] errorcode=ORAY_ERROR_CTRLDESKTOP_DECODE_FRAME_FAILED(134275073), product=2, type=3, inner code=1 [CDisplayClient::DecodeFrameData:628]
2023-03-09 09:16:04.069	- Info  -	[vpx] open codec.
2023-03-09 09:16:04.069	* Error *	[vpx] Failed to decode frame.: Unspecified internal error
2023-03-09 09:16:04.069	- Info  -	[vpx][decoder] close codec.
2023-03-09 09:16:04.069	+Warning+	[DisplayClient][report] transfer faild, count: 3.
2023-03-09 09:16:04.069	* Error *	[oray][erroCode] errorcode=ORAY_ERROR_CTRLDESKTOP_DECODE_FRAME_FAILED(134275073), product=2, type=3, inner code=1 [CDisplayClient::DecodeFrameData:628]
2023-03-09 09:16:04.499	* Error *	sensors data send failed!
2023-03-09 09:16:07.890	- Info  -	[vpx] open codec.
2023-03-09 09:16:07.890	* Error *	[vpx] Failed to decode frame.: Unspecified internal error
2023-03-09 09:16:07.890	- Info  -	[vpx][decoder] close codec.
2023-03-09 09:16:07.890	+Warning+	[DisplayClient][report] transfer faild, count: 4.
2023-03-09 09:16:07.890	* Error *	[oray][erroCode] errorcode=ORAY_ERROR_CTRLDESKTOP_DECODE_FRAME_FAILED(134275073), product=2, type=3, inner code=1 [CDisplayClient::DecodeFrameData:628]
2023-03-09 09:16:07.902	- Info  -	[vpx] open codec.
2023-03-09 09:16:07.902	* Error *	[vpx] Failed to decode frame.: Unspecified internal error
2023-03-09 09:16:07.902	- Info  -	[vpx][decoder] close codec.
2023-03-09 09:16:07.903	+Warning+	[DisplayClient][report] transfer faild, count: 5.
2023-03-09 09:16:07.903	* Error *	[oray][erroCode] errorcode=ORAY_ERROR_CTRLDESKTOP_DECODE_FRAME_FAILED(134275073), product=2, type=3, inner code=1 [CDisplayClient::DecodeFrameData:628]
2023-03-09 09:16:07.925	- Info  -	[vpx] open codec.
2023-03-09 09:16:07.925	* Error *	[vpx] Failed to decode frame.: Unspecified internal error
2023-03-09 09:16:07.925	- Info  -	[vpx][decoder] close codec.
2023-03-09 09:16:07.925	+Warning+	[DisplayClient][report] transfer faild, count: 6.
2023-03-09 09:16:07.925	* Error *	[oray][erroCode] errorcode=ORAY_ERROR_CTRLDESKTOP_DECODE_FRAME_FAILED(134275073), product=2, type=3, inner code=1 [CDisplayClient::DecodeFrameData:628]
2023-03-09 09:16:07.975	- Info  -	[vpx] open codec.
2023-03-09 09:16:07.975	* Error *	[vpx] Failed to decode frame.: Unspecified internal error
2023-03-09 09:16:07.975	- Info  -	[vpx][decoder] close codec.
2023-03-09 09:16:07.975	+Warning+	[DisplayClient][report] transfer faild, count: 7.
2023-03-09 09:16:07.975	* Error *	[oray][erroCode] errorcode=ORAY_ERROR_CTRLDESKTOP_DECODE_FRAME_FAILED(134275073), product=2, type=3, inner code=1 [CDisplayClient::DecodeFrameData:628]
2023-03-09 09:16:07.990	- Info  -	[vpx] open codec.
2023-03-09 09:16:07.990	* Error *	[vpx] Failed to decode frame.: Unspecified internal error
2023-03-09 09:16:07.990	- Info  -	[vpx][decoder] close codec.
2023-03-09 09:16:07.990	+Warning+	[DisplayClient][report] transfer faild, count: 8.
2023-03-09 09:16:07.990	* Error *	[oray][erroCode] errorcode=ORAY_ERROR_CTRLDESKTOP_DECODE_FRAME_FAILED(134275073), product=2, type=3, inner code=1 [CDisplayClient::DecodeFrameData:628]
2023-03-09 09:16:08.202	- Info  -	[vpx] open codec.
2023-03-09 09:16:08.203	* Error *	[vpx] Failed to decode frame.: Unspecified internal error
2023-03-09 09:16:08.203	- Info  -	[vpx][decoder] close codec.
2023-03-09 09:16:08.203	+Warning+	[DisplayClient][report] transfer faild, count: 9.
2023-03-09 09:16:08.203	* Error *	[oray][erroCode] errorcode=ORAY_ERROR_CTRLDESKTOP_DECODE_FRAME_FAILED(134275073), product=2, type=3, inner code=1 [CDisplayClient::DecodeFrameData:628]
2023-03-09 09:16:08.828	- Info  -	[vpx] open codec.
2023-03-09 09:16:08.828	* Error *	[vpx] Failed to decode frame.: Unspecified internal error
2023-03-09 09:16:08.828	- Info  -	[vpx][decoder] close codec.
2023-03-09 09:16:08.828	+Warning+	[DisplayClient][report] transfer faild, count: 10.
2023-03-09 09:16:08.828	* Error *	[oray][erroCode] errorcode=ORAY_ERROR_CTRLDESKTOP_DECODE_FRAME_FAILED(134275073), product=2, type=3, inner code=1 [CDisplayClient::DecodeFrameData:628]
2023-03-09 09:16:08.868	- Info  -	[vpx] open codec.
2023-03-09 09:16:08.868	* Error *	[vpx] Failed to decode frame.: Unspecified internal error
2023-03-09 09:16:08.868	- Info  -	[vpx][decoder] close codec.
2023-03-09 09:16:08.868	+Warning+	[DisplayClient][report] transfer faild, count: 11.
2023-03-09 09:16:08.868	* Error *	[oray][erroCode] errorcode=ORAY_ERROR_CTRLDESKTOP_DECODE_FRAME_FAILED(134275073), product=2, type=3, inner code=1 [CDisplayClient::DecodeFrameData:628]
2023-03-09 09:16:08.906	- Info  -	[vpx] open codec.
2023-03-09 09:16:08.906	* Error *	[vpx] Failed to decode frame.: Unspecified internal error
2023-03-09 09:16:08.906	- Info  -	[vpx][decoder] close codec.
2023-03-09 09:16:08.906	+Warning+	[DisplayClient][report] transfer faild, count: 12.
2023-03-09 09:16:08.906	* Error *	[oray][erroCode] errorcode=ORAY_ERROR_CTRLDESKTOP_DECODE_FRAME_FAILED(134275073), product=2, type=3, inner code=1 [CDisplayClient::DecodeFrameData:628]
2023-03-09 09:16:08.962	- Info  -	[vpx] open codec.
2023-03-09 09:16:08.963	* Error *	[vpx] Failed to decode frame.: Unspecified internal error
2023-03-09 09:16:08.963	- Info  -	[vpx][decoder] close codec.
2023-03-09 09:16:08.963	+Warning+	[DisplayClient][report] transfer faild, count: 13.
2023-03-09 09:16:08.963	* Error *	[oray][erroCode] errorcode=ORAY_ERROR_CTRLDESKTOP_DECODE_FRAME_FAILED(134275073), product=2, type=3, inner code=1 [CDisplayClient::DecodeFrameData:628]
2023-03-09 09:16:08.973	- Info  -	[vpx] open codec.
2023-03-09 09:16:08.974	* Error *	[vpx] Failed to decode frame.: Unspecified internal error
2023-03-09 09:16:08.974	- Info  -	[vpx][decoder] close codec.
2023-03-09 09:16:08.974	+Warning+	[DisplayClient][report] transfer faild, count: 14.
2023-03-09 09:16:08.974	* Error *	[oray][erroCode] errorcode=ORAY_ERROR_CTRLDESKTOP_DECODE_FRAME_FAILED(134275073), product=2, type=3, inner code=1 [CDisplayClient::DecodeFrameData:628]
2023-03-09 09:16:09.003	- Info  -	[vpx] open codec.
2023-03-09 09:16:09.003	* Error *	[vpx] Failed to decode frame.: Unspecified internal error
2023-03-09 09:16:09.003	- Info  -	[vpx][decoder] close codec.
2023-03-09 09:16:09.003	+Warning+	[DisplayClient][report] transfer faild, count: 15.
2023-03-09 09:16:09.003	* Error *	[oray][erroCode] errorcode=ORAY_ERROR_CTRLDESKTOP_DECODE_FRAME_FAILED(134275073), product=2, type=3, inner code=1 [CDisplayClient::DecodeFrameData:628]
2023-03-09 09:16:09.043	- Info  -	[vpx] open codec.
2023-03-09 09:16:09.043	* Error *	[vpx] Failed to decode frame.: Unspecified internal error
2023-03-09 09:16:09.043	- Info  -	[vpx][decoder] close codec.
2023-03-09 09:16:09.043	+Warning+	[DisplayClient][report] transfer faild, count: 16.
2023-03-09 09:16:09.043	* Error *	[oray][erroCode] errorcode=ORAY_ERROR_CTRLDESKTOP_DECODE_FRAME_FAILED(134275073), product=2, type=3, inner code=1 [CDisplayClient::DecodeFrameData:628]
2023-03-09 09:16:09.074	- Info  -	[vpx] open codec.
2023-03-09 09:16:09.074	* Error *	[vpx] Failed to decode frame.: Unspecified internal error
2023-03-09 09:16:09.074	- Info  -	[vpx][decoder] close codec.
2023-03-09 09:16:09.074	+Warning+	[DisplayClient][report] transfer faild, count: 17.
2023-03-09 09:16:09.074	* Error *	[oray][erroCode] errorcode=ORAY_ERROR_CTRLDESKTOP_DECODE_FRAME_FAILED(134275073), product=2, type=3, inner code=1 [CDisplayClient::DecodeFrameData:628]
2023-03-09 09:16:09.099	- Info  -	[vpx] open codec.
2023-03-09 09:16:09.099	* Error *	[vpx] Failed to decode frame.: Unspecified internal error
2023-03-09 09:16:09.099	- Info  -	[vpx][decoder] close codec.
2023-03-09 09:16:09.099	+Warning+	[DisplayClient][report] transfer faild, count: 18.
2023-03-09 09:16:09.099	* Error *	[oray][erroCode] errorcode=ORAY_ERROR_CTRLDESKTOP_DECODE_FRAME_FAILED(134275073), product=2, type=3, inner code=1 [CDisplayClient::DecodeFrameData:628]
2023-03-09 09:16:09.142	- Info  -	[vpx] open codec.
2023-03-09 09:16:09.142	* Error *	[vpx] Failed to decode frame.: Unspecified internal error
2023-03-09 09:16:09.142	- Info  -	[vpx][decoder] close codec.
2023-03-09 09:16:09.142	+Warning+	[DisplayClient][report] transfer faild, count: 19.
2023-03-09 09:16:09.142	* Error *	[oray][erroCode] errorcode=ORAY_ERROR_CTRLDESKTOP_DECODE_FRAME_FAILED(134275073), product=2, type=3, inner code=1 [CDisplayClient::DecodeFrameData:628]
2023-03-09 09:16:09.165	- Info  -	[vpx] open codec.
2023-03-09 09:16:09.166	* Error *	[vpx] Failed to decode frame.: Unspecified internal error
2023-03-09 09:16:09.166	- Info  -	[vpx][decoder] close codec.
2023-03-09 09:16:09.166	+Warning+	[DisplayClient][report] transfer faild, count: 20.
2023-03-09 09:16:09.166	* Error *	[oray][erroCode] errorcode=ORAY_ERROR_CTRLDESKTOP_DECODE_FRAME_FAILED(134275073), product=2, type=3, inner code=1 [CDisplayClient::DecodeFrameData:628]
2023-03-09 09:16:09.232	* Error *	sensors data send failed!
2023-03-09 09:16:09.970	- Info  -	SetDisplayMode() w=1280, h=600, bpp=32
2023-03-09 09:16:09.970	- Info  -	ResetBitmap width=1280, height=600, bpp=32, srcbpp=32, Size = 3072000
2023-03-09 09:16:09.970	- Info  -	[DisplayClient] recv image info, width: 1280, height: 600, bpp: 32
2023-03-09 09:16:10.015	- Info  -	[DisplayClient] OnRecvCompInfo format/quality 11/15
2023-03-09 09:16:10.015	- Info  -	[desktop][DisplayClient] recv first frame.
2023-03-09 09:16:10.021	- Info  -	[DisplayClient] recv compimage type: ID_IMAGE_RAPIDCOMP
2023-03-09 09:16:10.082	- Info  -	[vpx] open codec.
2023-03-09 09:16:10.110	- Info  -	[desktop][DisplayClient] decode first frame end.
2023-03-09 09:16:10.111	- Info  -	[desktop] receive first frame message
2023-03-09 09:16:10.247	- Info  -	Init D3D2 OK
2023-03-09 09:16:10.248	- Info  -	[DesktopSurface] Use DirectX Paint mode 2
2023-03-09 09:16:10.288	- Info  -	Init D3D2 OK
2023-03-09 09:16:10.297	- Info  -	[maindialog] draw first frame end
2023-03-09 09:16:10.322	- Info  -	Init D3D2 OK
2023-03-09 09:16:16.128	* Error *	SSLStream::IsWantReadWrite|peer(121.40.99.129:443), SSL_read failed( 6 ), error:00000000:lib(0):func(0):reason(0), file( ..\includes\common\phstream\SSLStream.cpp:1898 )
2023-03-09 09:16:16.129	- Info  -	[http call3] disconnect, error( 0 )
2023-03-09 09:16:22.686	* Error *	sensors data send failed!
2023-03-09 09:18:09.575	* Error *	sensors data send failed!
2023-03-09 09:18:11.803	* Error *	sensors data send failed!
2023-03-09 09:18:17.010	* Error *	sensors data send failed!
2023-03-09 09:21:03.510	- Info  -	Init D3D2 OK
2023-03-09 09:28:47.369	- Info  -	[clipboard] CClipboardViewer::OnClipboardUpdate
2023-03-09 09:28:47.369	- Info  -	[clipboard] CClipboardViewer::OnClipboardUpdate
2023-03-09 09:28:47.370	- Info  -	[clipboard] CClipboardViewer::OnClipboardUpdate
2023-03-09 09:28:47.371	- Info  -	[clipboard] CClipboardViewer::OnClipboardUpdate
2023-03-09 09:28:47.373	- Info  -	[clipboard] CClipboardViewer::OnClipboardUpdate
2023-03-09 09:28:47.373	- Info  -	[clipboard] CClipboardViewer::OnClipboardUpdate
2023-03-09 09:28:47.654	- Info  -	[clipboard] CClipboardViewer::OnRenderFormat begin, uformat 13
2023-03-09 09:28:47.654	- Info  -	[clipboard] RenderFormat, win format 13, 81629578
2023-03-09 09:28:47.668	- Info  -	[clipboard] OnReceiveClipData, type 2383706849293, size 2
2023-03-09 09:28:47.668	- Info  -	[clipboard] format 13, data size: 2
2023-03-09 09:28:47.668	- Info  -	[clipboard] setClipboardData, format 13, oray format 13
2023-03-09 09:28:47.668	- Info  -	[clipboard] RenderFormat end
2023-03-09 09:28:47.668	- Info  -	[clipboard] CClipboardViewer::OnRenderFormat end, uformat 13
2023-03-09 09:32:49.477	- Info  -	[clipboard] CClipboardViewer::OnClipboardUpdate
2023-03-09 09:32:49.482	- Info  -	[clipboard] CClipboardViewer::OnClipboardUpdate
2023-03-09 09:32:49.485	- Info  -	[clipboard] CClipboardViewer::OnClipboardUpdate
2023-03-09 09:32:49.486	- Info  -	[clipboard] CClipboardViewer::OnClipboardUpdate
2023-03-09 09:32:49.716	- Info  -	[clipboard] CClipboardViewer::OnRenderFormat begin, uformat 13
2023-03-09 09:32:49.716	- Info  -	[clipboard] RenderFormat, win format 13, 81871640
2023-03-09 09:32:49.736	- Info  -	[clipboard] OnReceiveClipData, type 2383706849293, size 2258
2023-03-09 09:32:49.736	- Info  -	[clipboard] format 13, data size: 2258
2023-03-09 09:32:49.736	- Info  -	[clipboard] setClipboardData, format 13, oray format 13
2023-03-09 09:32:49.736	- Info  -	[clipboard] RenderFormat end
2023-03-09 09:32:49.736	- Info  -	[clipboard] CClipboardViewer::OnRenderFormat end, uformat 13
2023-03-09 09:43:39.044	* Error *	sensors data send failed!
2023-03-09 09:43:39.044	- Info  -	[oray][erroCode] errorcode=oray_errorcode(0), product=0, type=0, inner code=0 [CMultiChannelStream::Disconnect_impl:254]
2023-03-09 09:43:39.045	- Info  -	[TCPConnector] CCurStream handle client_disconnect
2023-03-09 09:43:39.045	- Info  -	[oray][erroCode] errorcode=transf(0), product=0, type=0, inner code=0 [CMultiChannelStream::ForwardHandler::Handle:647]
2023-03-09 09:43:39.045	- Info  -	CConnectorRaw::OnEvent() state: CNTS_FWD_DISCONNECT, error: 0, oray errorcode: 0
2023-03-09 09:43:39.045	- Info  -	[oray][erroCode] errorcode=oray_errorcode(0), product=0, type=0, inner code=0 [CConnectorRaw::OnEvent:624]
2023-03-09 09:43:39.045	+Warning+	[MultiChannel] unbind forward stream(errorcode 0) @ 651
2023-03-09 09:43:39.045	- Info  -	[oray][erroCode] errorcode=oray_errorcode(0), product=0, type=0, inner code=0 [CP2PStream::Disconnect_impl:678]
2023-03-09 09:43:39.045	- Info  -	[oray][erroCode] errorcode=oray_errorcode(0), product=0, type=0, inner code=0 [CP2PStream::CUDPStream::Disconnect_impl:1044]
2023-03-09 09:43:39.045	- Info  -	[oray][erroCode] errorcode=oray_errorcode(0), product=0, type=0, inner code=0 [CUDPLibStream::Disconnect_impl:73]
2023-03-09 09:43:39.045	- Info  -	[udp] Disconnect
2023-03-09 09:43:39.045	- Info  -	[udp] SendDisconnect
2023-03-09 09:43:39.045	- Info  -	[MultiChannel] P2P channel disconnect 220.175.40.112:9571
2023-03-09 09:43:39.045	- Info  -	[oray][erroCode] errorcode=transf(0), product=0, type=0, inner code=0 [CMultiChannelStream::P2PHandler::Handle:834]
2023-03-09 09:43:39.045	- Info  -	[oray][erroCode] errorcode=transf(0), product=0, type=0, inner code=0 [CMultiChannelStream::HandleDisconnect:1041]
2023-03-09 09:43:39.045	- Info  -	CMultiChannelStreamImpl::OnDisconnect()
2023-03-09 09:43:39.045	- Info  -	[oray][erroCode] errorcode=oray_errorcode(0), product=0, type=0, inner code=0 [CMultiChannelStreamImpl::OnDisconnect:100]
2023-03-09 09:43:39.045	- Info  -	CClientStream 220.175.40.112:9571 OnDisconnect, errocde:0
2023-03-09 09:43:39.045	- Info  -	[oray][erroCode] errorcode=errcode(0), product=0, type=0, inner code=0 [CClientStream::OnDisconnect:104]
2023-03-09 09:43:39.045	- Info  -	OnDisconnect, error code 0
2023-03-09 09:43:39.045	- Info  -	[oray][erroCode] errorcode=errcode(0), product=0, type=0, inner code=0 [BinaryPluginStream::OnDisconnect:404]
2023-03-09 09:43:39.045	- Info  -	CPluginThreadManager stop plugin thread
2023-03-09 09:43:39.045	- Info  -	[desktop] Separation message loop stop.
2023-03-09 09:43:39.046	- Info  -	CActivePlugin prepare to exit plugin
2023-03-09 09:43:39.046	- Info  -	[desktop] RemoteDesktopPlugin::ExitInstance. >
2023-03-09 09:43:39.046	- Info  -	[clipboard] stop clipboard...
2023-03-09 09:43:39.047	- Info  -	[clipboard] recv thread end(1).
2023-03-09 09:43:39.047	- Info  -	[clipboard] call CClipboardViewer::DestroyWnd at 190
2023-03-09 09:43:39.047	- Info  -	[clipboard] recv WM_CLOSE, end thread.
2023-03-09 09:43:39.049	- Info  -	[clipboard] Stop Clipboard ok
2023-03-09 09:43:39.061	- Info  -	[udpwrapper] udprelay connecting 220.175.40.112:9571 via 122.246.13.108:4118
2023-03-09 09:43:39.062	- Info  -	[desktop] [thread] cancel.
2023-03-09 09:43:39.063	- Info  -	[desktop] RemoteDesktopPlugin::ExitInstance. <
2023-03-09 09:43:39.064	- Info  -	CConnectorRaw::OnEvent() state: CNTS_P2P_DISCONNECT, error: 0, oray errorcode: 0
2023-03-09 09:43:39.065	- Info  -	[oray][erroCode] errorcode=oray_errorcode(0), product=0, type=0, inner code=0 [CConnectorRaw::OnEvent:624]
2023-03-09 09:43:39.065	- Info  -	[oray][erroCode] errorcode=oray_errorcode(0), product=0, type=0, inner code=0 [CP2PStream::CTCPStream::Disconnect_impl:1016]
2023-03-09 09:43:39.065	- Info  -	CConnectorRaw::OnEvent() state: CNTS_DISCONNECTED, error: 0, oray errorcode: 0
2023-03-09 09:43:39.065	- Info  -	[oray][erroCode] errorcode=oray_errorcode(0), product=0, type=0, inner code=0 [CConnectorRaw::OnEvent:624]
2023-03-09 09:43:39.065	- Info  -	CConnectorRaw::Stop in>
2023-03-09 09:43:39.066	- Info  -	[CUDPLibWrapper] map size: 1, value: [220.175.40.112:9571/15371-2] = 0.0.0.0:15371;

2023-03-09 09:43:39.066	- Info  -	[oray][erroCode] errorcode=oray_errorcode(0), product=0, type=0, inner code=0 [CP2PStream::CUDPStream::Disconnect_impl:1044]
2023-03-09 09:43:39.066	- Info  -	[oray][erroCode] errorcode=oray_errorcode(0), product=0, type=0, inner code=0 [CUDPLibStream::Disconnect_impl:73]
2023-03-09 09:43:39.066	- Info  -	CConnectorRaw::Stop out<
2023-03-09 09:43:39.067	- Info  -	sensors close
2023-03-09 09:43:39.069	* Error *	Plugin disconnect with error : 0
2023-03-09 09:43:39.090	- Info  -	[desktop] CRemoteDesktopPlugin::~CRemoteDesktopPlugin(void)
2023-03-09 09:43:39.091	- Info  -	[vpx][decoder] close codec.
2023-03-09 09:43:39.201	- Info  -	CMultiChannelStreamImpl::~CMultiChannelStreamImpl
2023-03-09 09:43:39.202	- Info  -	program remote_plugin is exit 
