2023-05-24 08:53:59.318	- Info  -	version:3.2.1.40406
2023-05-24 08:53:59.325	- Info  -	DPIAwareness set 2 success.
2023-05-24 08:53:59.335	- Info  -	config path: PNÍV€
2023-05-24 08:53:59.432	- Info  -	[displayclt] CDisplayClient::CDisplayClient(all)
2023-05-24 08:53:59.432	- Info  -	[desktop] CRemoteDesktopPlugin::CRemoteDesktopPlugin(all)
2023-05-24 08:53:59.510	- Info  -	sensors init with file: C:/ProgramData/Oray/SunloginClient/sensors/datas
2023-05-24 08:53:59.597	- Info  -	CMultiChannelStreamImpl::CMultiChannelStreamImpl
2023-05-24 08:53:59.601	- Info  -	CConnectorRaw::OnStreamEvent(1) state: CNTS_FORWARD, error: 0
2023-05-24 08:53:59.601	* Error *	sensors data send failed!
2023-05-24 08:53:59.601	- Info  -	CConnectorRaw::OnEvent() state: CNTS_FORWARD, error: 0, oray errorcode: 0
2023-05-24 08:53:59.601	- Info  -	[oray][erroCode] errorcode=oray_errorcode(0), product=0, type=0, inner code=0 [CConnectorRaw::OnEvent:624]
2023-05-24 08:53:59.704	- Info  -	attempt to connect server 1903095806.slp2p-east-std243.oray.net:443(117.68.2.23:443)
2023-05-24 08:53:59.783	- Info  -	[TCPConnector] CCurStream handle client_connect
2023-05-24 08:53:59.806	- Info  -	[MultiChannel] Forward channel shake handle 117.68.2.23:443
2023-05-24 08:53:59.806	- Info  -	CMultiChannelStreamImpl::OnConnect()
2023-05-24 08:53:59.806	- Info  -	CClientStream 117.68.2.23:443 OnConnect
2023-05-24 08:53:59.806	- Info  -	CConnectorRaw::OnEvent() state: CNTS_LOGIN, error: 0, oray errorcode: 0
2023-05-24 08:53:59.806	- Info  -	[oray][erroCode] errorcode=oray_errorcode(0), product=0, type=0, inner code=0 [CConnectorRaw::OnEvent:624]
2023-05-24 08:53:59.806	- Info  -	CConnectorRaw::OnEvent() state: CNTS_FWD_SHAKEHANDLE, error: 0, oray errorcode: 0
2023-05-24 08:53:59.806	- Info  -	[oray][erroCode] errorcode=oray_errorcode(0), product=0, type=0, inner code=0 [CConnectorRaw::OnEvent:624]
2023-05-24 08:53:59.923	- Info  -	[MultiChannel] Forward channel connected 117.68.2.23:443
2023-05-24 08:53:59.923	- Info  -	CMultiChannelStreamImpl::OnConnectEvent, status: CNTS_FWD_CONNECTED, isclosed:false, HadFwdConnected: true, HadBeenHolePunch: false
2023-05-24 08:53:59.923	- Info  -	CConnectorRaw::OnEvent() state: CNTS_FWD_CONNECTED, error: 0, oray errorcode: 0
2023-05-24 08:53:59.923	- Info  -	[oray][erroCode] errorcode=oray_errorcode(0), product=0, type=0, inner code=0 [CConnectorRaw::OnEvent:624]
2023-05-24 08:53:59.923	- Info  -	CClientStream 117.68.2.23:443 OnReceive reply 1 
2023-05-24 08:53:59.923	- Info  -	CClientStream 117.68.2.23:443 start keepalive
2023-05-24 08:53:59.923	- Info  -	CClientStream 117.68.2.23:443 login OK
2023-05-24 08:53:59.923	- Info  -	CConnectorRaw::OnEvent() state: CNTS_CONNECTED, error: 0, oray errorcode: 0
2023-05-24 08:53:59.923	- Info  -	[oray][erroCode] errorcode=oray_errorcode(0), product=0, type=0, inner code=0 [CConnectorRaw::OnEvent:624]
2023-05-24 08:53:59.923	- Info  -	CPluginThreadManager start plugin thread
2023-05-24 08:53:59.989	- Info  -	CActivePlugin prepare to init plugin
2023-05-24 08:53:59.989	- Info  -	[desktop] create drag server OK
2023-05-24 08:53:59.989	- Info  -	CActivePlugin prepare to run plugin
2023-05-24 08:53:59.995	- Info  -	[desktop] sending switch desktop type message...
2023-05-24 08:53:59.995	- Info  -	[desktop] request enumerate user list.
2023-05-24 08:54:00.010	- Info  -	[desktop] Separation message loop start.
2023-05-24 08:54:00.010	- Info  -	[desktop] receive enumerate user respond
2023-05-24 08:54:00.010	- Info  -	[desktop] request switch user host message...
2023-05-24 08:54:00.011	- Info  -	[desktop] receive switch host message res = 1 
2023-05-24 08:54:00.011	- Info  -	[desktop] request enum screen
2023-05-24 08:54:00.011	- Info  -	[DisplayClient] SetCompression 11/15
2023-05-24 08:54:00.011	- Info  -	[desktop] request start stream
2023-05-24 08:54:00.012	- Info  -	[desktop] SetCompressionParam: layer=1;encoding=4;format=1;reserved=0, size: 38
2023-05-24 08:54:00.054	- Info  -	[desktop] OnQueryConfigRes
2023-05-24 08:54:00.054	- Info  -	[desktop] OnQueryConfigRes
2023-05-24 08:54:00.054	- Info  -	[desktop] recv enum screen, number is 1
2023-05-24 08:54:00.081	- Info  -	plugin_public access_token is NULL
2023-05-24 08:54:00.298	- Info  -	SetDisplayMode() w=1600, h=900, bpp=32
2023-05-24 08:54:00.298	- Info  -	ResetBitmap width=1600, height=900, bpp=32, srcbpp=32, Size = 5760000
2023-05-24 08:54:00.298	- Info  -	[DisplayClient] recv image info, width: 1600, height: 900, bpp: 32
2023-05-24 08:54:00.298	- Info  -	[DisplayClient] OnRecvCompInfo format/quality 11/15
2023-05-24 08:54:00.299	- Info  -	[desktop][DisplayClient] recv first frame.
2023-05-24 08:54:00.312	- Info  -	[DisplayClient] recv compimage type: ID_IMAGE_RAPIDCOMP
2023-05-24 08:54:00.388	- Info  -	[vpx] open h264 codec
2023-05-24 08:54:00.391	- Info  -	[vpx] close h264 codec
2023-05-24 08:54:00.391	- Info  -	[vpx] open h264 codec
2023-05-24 08:54:00.455	- Info  -	[desktop][DisplayClient] decode first frame end.
2023-05-24 08:54:00.457	- Info  -	[desktop] receive first frame message
2023-05-24 08:54:00.611	- Info  -	[clipboard] start clipboard...
2023-05-24 08:54:01.074	- Info  -	[clipboard][converter] html format 49429
2023-05-24 08:54:01.074	- Info  -	[clipboard][converter] rtf format 49271
2023-05-24 08:54:01.074	- Info  -	[clipboard] start clipboard ok.
2023-05-24 08:54:01.074	- Info  -	[desktop] sync clipboard enable
2023-05-24 08:54:01.098	* Error *	sensors data send failed!
2023-05-24 08:54:01.380	- Info  -	[clipboard] CClipboardViewer::OnClipboardUpdate
2023-05-24 08:54:01.785	- Info  -	Init D3D2 OK
2023-05-24 08:54:01.785	- Info  -	[DesktopSurface] Use DirectX Paint mode 2
2023-05-24 08:54:01.910	- Info  -	CMultiChannelStreamImpl::ConnectP2PServer, thread id: 11228
2023-05-24 08:54:02.002	- Info  -	CConnectorRaw::OnStreamEvent(1) state: CNTS_P2P, error: 0
2023-05-24 08:54:02.002	- Info  -	CConnectorRaw::OnEvent() state: CNTS_P2P, error: 0, oray errorcode: 0
2023-05-24 08:54:02.002	- Info  -	[oray][erroCode] errorcode=oray_errorcode(0), product=0, type=0, inner code=0 [CConnectorRaw::OnEvent:624]
2023-05-24 08:54:02.002	- Info  -	[P2PConnector] attempt to connect server PHSRC://1903095806.slp2p-east-std243.oray.net:4118/desktop(slp2p-east-std243.oray.net:4118) 
2023-05-24 08:54:02.043	- Info  -	Init D3D2 OK
2023-05-24 08:54:02.056	- Info  -	[udp] support straight send in peer : no 117.68.2.23:4118 CConnection::OnConnectRes
2023-05-24 08:54:02.056	- Info  -	[P2PHelper] detect local ip ...
2023-05-24 08:54:02.057	- Info  -	[P2PHelper] detect local ip 172.16.77.18
2023-05-24 08:54:02.057	- Info  -	[P2PHelper] attempt to login P2P Server...
2023-05-24 08:54:02.079	- Info  -	[P2PHelper] Login P2P Server OK
2023-05-24 08:54:02.079	- Info  -	[P2PHelper] OnLoginRes, receive public ip 223.82.110.30:15339
2023-05-24 08:54:02.079	- Info  -	[P2PHelper] sending P2P request ...
2023-05-24 08:54:02.087	- Info  -	[maindialog] draw first frame end
2023-05-24 08:54:02.114	- Info  -	[P2PHelper] receive peer local ip 10.21.174.2:15691, public ip 182.96.207.123:11641
2023-05-24 08:54:02.114	- Info  -	[P2PStream] EstablishP2P local ip 223.82.110.30:15339/172.16.77.18:15339 ==> peer ip 182.96.207.123:11641/10.21.174.2:15691
2023-05-24 08:54:02.475	- Info  -	[clipboard] CClipboardViewer::OnRenderFormat begin, uformat 13
2023-05-24 08:54:02.475	- Info  -	[clipboard] RenderFormat, win format 13, 1108459609
2023-05-24 08:54:02.574	+Warning+	not found upnp devices on network!
2023-05-24 08:54:02.574	- Info  -	upnpnat_search_thread::ThreadLoop end
2023-05-24 08:54:02.585	- Info  -	[udpwrapper] attempt to establish P2P connection via: (null), (local)172.16.77.18:15339|(public)223.82.110.30:15339 ==> (local)10.21.174.2:15691|(public)182.96.207.123:11641
2023-05-24 08:54:03.052	- Info  -	[drag] QueryVersionRes is true
2023-05-24 08:54:03.071	- Info  -	CClipboardRaw::OnReceiveQueryVersionRes 2
2023-05-24 08:54:03.074	- Info  -	[clipboard] OnReceiveClipData, type 1649267441677, size 18
2023-05-24 08:54:03.074	- Info  -	[clipboard] format 13, data size: 18
2023-05-24 08:54:03.074	- Info  -	[clipboard] setClipboardData, format 13, oray format 13
2023-05-24 08:54:03.075	- Info  -	[clipboard] RenderFormat end
2023-05-24 08:54:03.076	- Info  -	[clipboard] CClipboardViewer::OnRenderFormat end, uformat 13
2023-05-24 08:54:03.085	+Warning+	not found upnp devices on network!
2023-05-24 08:54:03.085	+Warning+	[udpwrapper] UPNP discovery failed, 
2023-05-24 08:54:03.091	- Info  -	[desktop] sync clipboard enable
2023-05-24 08:54:03.094	- Info  -	[http call3] new call id:1, url:https://slapi.oray.net/client/free-tips
2023-05-24 08:54:03.095	- Info  -	[http call3] new call id:2, url:https://slapi.oray.net/remote/get-network
2023-05-24 08:54:03.099	- Info  -	[http call3] id:1 create new connection : https://slapi.oray.net:443
2023-05-24 08:54:03.102	- Info  -	attempt to connect server slapi.oray.net:443(121.40.200.192:443)
2023-05-24 08:54:03.105	- Info  -	[http call3] id:2 use old connection : https://slapi.oray.net:443
2023-05-24 08:54:03.107	- Info  -	[udp] OnConnectAck working in advanced mode 2
2023-05-24 08:54:03.107	- Info  -	[udp] support straight send in peer : no 182.96.207.123:11641 CConnection::OnConnectRes
2023-05-24 08:54:03.108	- Info  -	[oray][erroCode] errorcode=oray_errorcode(0), product=0, type=0, inner code=0 [CUDPLibStream::Disconnect_impl:73]
2023-05-24 08:54:03.109	- Info  -	[udp] Disconnect
2023-05-24 08:54:03.109	- Info  -	[udp] SendDisconnect
2023-05-24 08:54:03.109	- Info  -	[P2PHelper] MainServer disconnect
2023-05-24 08:54:03.109	- Info  -	[MultiChannel] P2P channel shake handle 182.96.207.123:11641
2023-05-24 08:54:03.109	- Info  -	CConnectorRaw::OnEvent() state: CNTS_P2P_SHAKEHANDLE, error: 0, oray errorcode: 0
2023-05-24 08:54:03.109	- Info  -	[oray][erroCode] errorcode=oray_errorcode(0), product=0, type=0, inner code=0 [CConnectorRaw::OnEvent:624]
2023-05-24 08:54:03.110	- Info  -	[MultiChannel] send SHAKE_HANDLES_MSG, read 204029, write 9962
2023-05-24 08:54:03.110	- Info  -	[P2PStream] connected (by udp) 0.0.0.0:15339 <--> 182.96.207.123:11641
2023-05-24 08:54:03.111	- Info  -	write data when p2p state is SHAKE_HANDLES @ 137
2023-05-24 08:54:03.118	- Info  -	[MultiChannel] Received SHAKE_HANDLES_MSG, read 9982 / (local write 9962), write 204321 / (local read 204029)
2023-05-24 08:54:03.119	- Info  -	[MultiChannel] P2P channel connected 182.96.207.123:11641
2023-05-24 08:54:03.119	- Info  -	CConnectorRaw::OnEvent() state: CNTS_P2P_CONNECTED, error: 0, oray errorcode: 0
2023-05-24 08:54:03.119	- Info  -	[oray][erroCode] errorcode=oray_errorcode(0), product=0, type=0, inner code=0 [CConnectorRaw::OnEvent:624]
2023-05-24 08:54:03.119	- Info  -	[MultiChannel] forward stream read data(size:80, 80, left:292) when p2p state is CONNECTED @ 445
2023-05-24 08:54:03.119	- Info  -	[MultiChannel] forward stream read data(size:20, 20, left:212) when p2p state is CONNECTED @ 445
2023-05-24 08:54:03.119	- Info  -	[MultiChannel] forward stream read data(size:80, 80, left:192) when p2p state is CONNECTED @ 445
2023-05-24 08:54:03.119	- Info  -	[MultiChannel] forward stream read data(size:20, 20, left:112) when p2p state is CONNECTED @ 445
2023-05-24 08:54:03.119	- Info  -	[MultiChannel] write data when p2p state is CONNECTED, is full 0, writed data 9962 / peer read 9982, left 20, size 52 @ 153
2023-05-24 08:54:03.120	- Info  -	[MultiChannel] forward data write completed @ 216
2023-05-24 08:54:03.123	- Info  -	[MultiChannel] forward stream read data(size:44, 44, left:92) when p2p state is CONNECTED @ 445
2023-05-24 08:54:03.124	- Info  -	[MultiChannel] forward stream read data(size:20, 20, left:48) when p2p state is CONNECTED @ 445
2023-05-24 08:54:03.127	- Info  -	[MultiChannel] forward stream read data(size:28, 28, left:28) when p2p state is CONNECTED @ 445
2023-05-24 08:54:03.127	- Info  -	[MultiChannel] forward data read completed @ 462
2023-05-24 08:54:03.129	- Info  -	[udpwrapper] disconnect reason : 1
2023-05-24 08:54:03.129	- Info  -	[oray][erroCode] errorcode=oray_errorcode(57354), product=0, type=3, inner code=10 [CUDPLibWrapper::OnDisconnect:833]
2023-05-24 08:54:03.129	- Info  -	[udpwrapper] Disconnect 117.68.2.23:4118 @ 838
2023-05-24 08:54:03.129	- Info  -	[oray][erroCode] errorcode=oray_errorcode(57354), product=0, type=3, inner code=10 [CUDPLibStream::Disconnect_impl:73]
2023-05-24 08:54:03.152	- Info  -	[udpwrapper] receive p2p hello message from 182.96.207.123:11641, stop hole punch thread @1325
2023-05-24 08:54:03.152	+Warning+	[udpwrapper] stream has disconnect @ 1406
2023-05-24 08:54:03.195	- Info  -	Init D3D2 OK
2023-05-24 08:54:03.291	- Info  -	[http call3] id:1, url:https://slapi.oray.net/client/free-tips, status code:200
2023-05-24 08:54:03.435	- Info  -	[http call3] id:2, url:https://slapi.oray.net/remote/get-network, status code:200
2023-05-24 08:54:14.113	- Info  -	Init D3D2 OK
2023-05-24 08:54:14.146	* Error *	sensors data send failed!
2023-05-24 08:54:18.428	* Error *	SSLStream::IsWantReadWrite|peer(121.40.200.192:443), SSL_read failed( 6 ), error:00000000:lib(0):func(0):reason(0), file( ..\includes\common\phstream\SSLStream.cpp:1898 )
2023-05-24 08:54:18.428	- Info  -	[http call3] disconnect, error( 0 )
2023-05-24 08:54:36.695	+Warning+	[BinaryPluginStream] rate reader pending data size 16 exceed 262144
2023-05-24 08:54:36.713	+Warning+	[BinaryPluginStream] rate reader data all clear
2023-05-24 08:54:57.805	* Error *	sensors data send failed!
2023-05-24 08:56:39.582	- Info  -	[clipboard] CClipboardViewer::OnClipboardUpdate
2023-05-24 08:56:39.831	- Info  -	[clipboard] CClipboardViewer::OnRenderFormat begin, uformat 1
2023-05-24 08:56:39.831	- Info  -	[clipboard] RenderFormat, win format 1, 1108616953
2023-05-24 08:58:36.103	+Warning+	[BinaryPluginStream] rate reader pending data size 429656 exceed 262144
2023-05-24 08:58:36.123	+Warning+	[BinaryPluginStream] rate reader data all clear
2023-05-24 09:01:39.832	+Warning+	[clipboard] CClipboardRaw::WaitForRecvData timeout, start 1108616953, now 1108916968
2023-05-24 09:01:39.832	- Info  -	[clipboard] RenderFormat end
2023-05-24 09:01:39.832	- Info  -	[clipboard] CClipboardViewer::OnRenderFormat end, uformat 1
2023-05-24 09:01:39.832	- Info  -	[clipboard] CClipboardViewer::OnClipboardUpdate
2023-05-24 09:01:39.832	- Info  -	[clipboard] CClipboardViewer::OnClipboardUpdate
2023-05-24 09:01:39.833	- Info  -	[clipboard] CClipboardViewer::OnClipboardUpdate
2023-05-24 09:01:39.833	- Info  -	[clipboard] CClipboardViewer::OnClipboardUpdate
2023-05-24 09:01:40.175	- Info  -	[clipboard] CClipboardViewer::OnRenderFormat begin, uformat 1
2023-05-24 09:01:40.175	- Info  -	[clipboard] RenderFormat, win format 1, 1108917296
2023-05-24 09:01:54.793	* Error *	sensors data send failed!
2023-05-24 09:01:54.797	- Info  -	[oray][erroCode] errorcode=oray_errorcode(0), product=0, type=0, inner code=0 [CMultiChannelStream::Disconnect_impl:254]
2023-05-24 09:01:54.797	- Info  -	[TCPConnector] CCurStream handle client_disconnect
2023-05-24 09:01:54.797	- Info  -	[oray][erroCode] errorcode=transf(0), product=0, type=0, inner code=0 [CMultiChannelStream::ForwardHandler::Handle:647]
2023-05-24 09:01:54.797	- Info  -	CConnectorRaw::OnEvent() state: CNTS_FWD_DISCONNECT, error: 0, oray errorcode: 0
2023-05-24 09:01:54.797	- Info  -	[oray][erroCode] errorcode=oray_errorcode(0), product=0, type=0, inner code=0 [CConnectorRaw::OnEvent:624]
2023-05-24 09:01:54.797	+Warning+	[MultiChannel] unbind forward stream(errorcode 0) @ 651
2023-05-24 09:01:54.797	- Info  -	[oray][erroCode] errorcode=oray_errorcode(0), product=0, type=0, inner code=0 [CP2PStream::Disconnect_impl:678]
2023-05-24 09:01:54.797	- Info  -	[oray][erroCode] errorcode=oray_errorcode(0), product=0, type=0, inner code=0 [CP2PStream::CUDPStream::Disconnect_impl:1044]
2023-05-24 09:01:54.797	- Info  -	[oray][erroCode] errorcode=oray_errorcode(0), product=0, type=0, inner code=0 [CUDPLibStream::Disconnect_impl:73]
2023-05-24 09:01:54.797	- Info  -	[udp] Disconnect
2023-05-24 09:01:54.797	- Info  -	[udp] SendDisconnect
2023-05-24 09:01:54.797	- Info  -	[MultiChannel] P2P channel disconnect 182.96.207.123:11641
2023-05-24 09:01:54.797	- Info  -	[oray][erroCode] errorcode=transf(0), product=0, type=0, inner code=0 [CMultiChannelStream::P2PHandler::Handle:834]
2023-05-24 09:01:54.798	- Info  -	[oray][erroCode] errorcode=transf(0), product=0, type=0, inner code=0 [CMultiChannelStream::HandleDisconnect:1041]
2023-05-24 09:01:54.798	- Info  -	CMultiChannelStreamImpl::OnDisconnect()
2023-05-24 09:01:54.798	- Info  -	[oray][erroCode] errorcode=oray_errorcode(0), product=0, type=0, inner code=0 [CMultiChannelStreamImpl::OnDisconnect:100]
2023-05-24 09:01:54.798	- Info  -	CClientStream 182.96.207.123:11641 OnDisconnect, errocde:0
2023-05-24 09:01:54.798	- Info  -	[oray][erroCode] errorcode=errcode(0), product=0, type=0, inner code=0 [CClientStream::OnDisconnect:104]
2023-05-24 09:01:54.798	- Info  -	OnDisconnect, error code 0
2023-05-24 09:01:54.798	- Info  -	[oray][erroCode] errorcode=errcode(0), product=0, type=0, inner code=0 [BinaryPluginStream::OnDisconnect:404]
2023-05-24 09:01:54.798	- Info  -	[desktop] Separation message loop stop.
2023-05-24 09:01:54.799	- Info  -	CPluginThreadManager stop plugin thread
2023-05-24 09:01:54.799	- Info  -	CActivePlugin prepare to exit plugin
2023-05-24 09:01:54.799	- Info  -	[desktop] RemoteDesktopPlugin::ExitInstance. >
2023-05-24 09:01:54.799	- Info  -	[clipboard] stop clipboard...
2023-05-24 09:01:54.799	+Warning+	[clipboard] call CClipboardRaw::WaitForRecvData failed
2023-05-24 09:01:54.800	- Info  -	[clipboard] RenderFormat end
2023-05-24 09:01:54.800	- Info  -	[clipboard] CClipboardViewer::OnRenderFormat end, uformat 1
2023-05-24 09:01:54.807	- Info  -	[udpwrapper] disconnect reason : 1
2023-05-24 09:01:54.807	- Info  -	[oray][erroCode] errorcode=oray_errorcode(57354), product=0, type=3, inner code=10 [CUDPLibWrapper::OnDisconnect:833]
2023-05-24 09:01:54.807	- Info  -	[udpwrapper] Disconnect 182.96.207.123:11641 @ 838
2023-05-24 09:01:54.807	- Info  -	[oray][erroCode] errorcode=oray_errorcode(57354), product=0, type=3, inner code=10 [CP2PStream::CUDPStream::Disconnect_impl:1044]
2023-05-24 09:01:54.807	- Info  -	[oray][erroCode] errorcode=oray_errorcode(57354), product=0, type=3, inner code=10 [CUDPLibStream::Disconnect_impl:73]
2023-05-24 09:01:54.812	- Info  -	[clipboard] recv thread end(1).
2023-05-24 09:01:54.814	- Info  -	[clipboard] call CClipboardViewer::DestroyWnd at 190
2023-05-24 09:01:54.814	- Info  -	[clipboard] recv WM_CLOSE, end thread.
2023-05-24 09:01:54.817	- Info  -	[clipboard] Stop Clipboard ok
2023-05-24 09:01:54.833	- Info  -	[desktop] [thread] cancel.
2023-05-24 09:01:54.835	- Info  -	[desktop] RemoteDesktopPlugin::ExitInstance. <
2023-05-24 09:01:54.842	- Info  -	CConnectorRaw::OnEvent() state: CNTS_P2P_DISCONNECT, error: 0, oray errorcode: 0
2023-05-24 09:01:54.842	- Info  -	[oray][erroCode] errorcode=oray_errorcode(0), product=0, type=0, inner code=0 [CConnectorRaw::OnEvent:624]
2023-05-24 09:01:54.842	- Info  -	[oray][erroCode] errorcode=oray_errorcode(0), product=0, type=0, inner code=0 [CP2PStream::CTCPStream::Disconnect_impl:1016]
2023-05-24 09:01:54.843	- Info  -	CConnectorRaw::OnEvent() state: CNTS_DISCONNECTED, error: 0, oray errorcode: 0
2023-05-24 09:01:54.843	- Info  -	[oray][erroCode] errorcode=oray_errorcode(0), product=0, type=0, inner code=0 [CConnectorRaw::OnEvent:624]
2023-05-24 09:01:54.844	- Info  -	CConnectorRaw::Stop in>
2023-05-24 09:01:54.844	- Info  -	[CUDPLibWrapper] map size: 0, value: 
2023-05-24 09:01:54.846	- Info  -	CConnectorRaw::Stop out<
2023-05-24 09:01:54.849	- Info  -	sensors close
2023-05-24 09:01:54.851	* Error *	Plugin disconnect with error : 0
2023-05-24 09:01:54.910	- Info  -	[desktop] CRemoteDesktopPlugin::~CRemoteDesktopPlugin(void)
2023-05-24 09:01:54.912	- Info  -	[vpx] close h264 codec
2023-05-24 09:01:55.235	- Info  -	CMultiChannelStreamImpl::~CMultiChannelStreamImpl
2023-05-24 09:01:55.241	- Info  -	program remote_plugin is exit 
