2023-03-15 09:37:01.580	- Info  -	version:3.2.1.40406
2023-03-15 09:37:01.954	* Error *	SSLStream|Remove temp(C:\Windows\TEMP\u2og.0) file ok
2023-03-15 09:37:02.486	- Info  -	Initialize OK
2023-03-15 09:37:02.486	- Info  -	CAcceptorRaw::set_listener
2023-03-15 09:37:02.486	- Info  -	DesktopAgentServer created with port 0.
2023-03-15 09:37:02.923	* Error *	[udpstack] bind 0.0.0.0:15495 error , errorno = 10048
2023-03-15 09:37:02.923	- Info  -	[service] start listen OK,tcp:0.0.0.0:49671,udp:15606
2023-03-15 09:37:02.954	- Info  -	[discover] Client NotifyDiscover type=5
2023-03-15 09:37:03.033	- Info  -	[localserver] Not use proxy
2023-03-15 09:37:03.126	- Info  -	network error, retrying login server
2023-03-15 09:37:06.161	- Info  -	[mac] local ip:192.168.2.107
2023-03-15 09:37:06.192	- Info  -	[mac] mac address:00:F4:8D:D2:3C:CF
2023-03-15 09:37:06.192	- Info  -	get mac address: 00:F4:8D:D2:3C:CF
2023-03-15 09:37:09.593	- Info  -	os name:Microsoft Windows 10 专业版
2023-03-15 09:37:10.688	- Info  -	m_clientinfo.mac: 00:F4:8D:D2:3C:CF
2023-03-15 09:37:10.850	- Info  -	Current client status: 2
2023-03-15 09:37:10.850	- Info  -	send status_changed notify 2
2023-03-15 09:37:10.850	- Info  -	Login task time 0
2023-03-15 09:37:10.902	- Info  -	Do login( type: 2 ) at 379
2023-03-15 09:37:10.902	- Info  -	[http call3] new call id:1, url:https://slapi.oray.net/remote/get-fastcode
2023-03-15 09:37:10.964	- Info  -	[http call3] id:1 create new connection : https://slapi.oray.net:443
2023-03-15 09:37:11.080	- Info  -	attempt to connect server slapi.oray.net:443(121.40.200.192:443)
2023-03-15 09:37:11.257	- Info  -	[http call3] id:1, url:https://slapi.oray.net/remote/get-fastcode, status code:200
2023-03-15 09:37:11.277	- Info  -	attempt to connect server rc10-fc04.oray.com:443(47.114.34.123:443)
2023-03-15 09:37:11.328	- Info  -	[service] attempted logon
2023-03-15 09:37:11.357	- Info  -	[service] logon server OK. public ip:182.110.6.161
2023-03-15 09:37:11.381	- Info  -	[online] attempted client online
2023-03-15 09:37:11.398	- Info  -	[online] client online OK.
2023-03-15 09:37:11.398	- Info  -	[online] received name:default , description:default .
2023-03-15 09:37:11.401	- Info  -	[service] attempted register client to server
2023-03-15 09:37:11.416	- Info  -	[service] registered client to server
2023-03-15 09:37:11.417	- Info  -	[http call3] new call id:2, url:https://sl-log.oray.net/slclientlog
2023-03-15 09:37:11.417	- Info  -	Current client status: 1
2023-03-15 09:37:11.417	- Info  -	send status_changed notify 1
2023-03-15 09:37:11.424	- Info  -	[discover] Client NotifyDiscover type=5
2023-03-15 09:37:11.431	- Info  -	[http call3] id:2 create new connection : https://sl-log.oray.net:443
2023-03-15 09:37:11.449	- Info  -	attempt to connect server sl-log.oray.net:443(121.40.118.44:443)
2023-03-15 09:37:11.473	- Info  -	[OnLogin start]
2023-03-15 09:37:11.474	- Info  -	[http call3] new call id:3, url:https://slapi.oray.net/sunlogin/remote-info.update
2023-03-15 09:37:11.474	- Info  -	[OnLogin end]
2023-03-15 09:37:11.479	- Info  -	[http call3] id:3 use old connection : https://slapi.oray.net:443
2023-03-15 09:37:11.493	- Info  -	[OnLogin] WaittingTask Start
2023-03-15 09:37:11.495	- Info  -	Set auto_run : true
2023-03-15 09:37:11.555	- Info  -	[OnLogin] WaittingTask end
2023-03-15 09:37:11.558	- Info  -	[http call3] id:2, url:https://sl-log.oray.net/slclientlog, status code:200
2023-03-15 09:37:11.655	- Info  -	[http call3] id:3, url:https://slapi.oray.net/sunlogin/remote-info.update, status code:200
2023-03-15 09:37:11.655	- Info  -	upload remote info ok
2023-03-15 09:37:23.106	- Info  -	[MICRO LIVE] shell oninitdialog to get microlive info enable = 0 status = 0 timelast = 0
2023-03-15 09:37:26.656	* Error *	SSLStream::IsWantReadWrite|peer(121.40.200.192:443), SSL_read failed( 6 ), error:00000000:lib(0):func(0):reason(0), file( ..\includes\common\phstream\SSLStream.cpp:1898 )
2023-03-15 09:37:26.656	- Info  -	[http call3] disconnect, error( 0 )
2023-03-15 09:37:41.558	* Error *	SSLStream::IsWantReadWrite|peer(121.40.118.44:443), SSL_read failed( 6 ), error:00000000:lib(0):func(0):reason(0), file( ..\includes\common\phstream\SSLStream.cpp:1898 )
2023-03-15 09:37:41.558	- Info  -	[http call3] disconnect, error( 0 )
2023-03-15 09:50:10.565	+Warning+	[passive:keepalive:] 47.114.34.123:443 disconnect by keepalive timeout(809546>=689296+120000)
2023-03-15 09:50:10.574	+Warning+	[oray][erroCode] errorcode=ORAY_ERROR_PHSTREAM_KEEPALIVE_TIMEOUT(57351), product=0, type=3, inner code=7 [CPassiveKeepAliveHandler::Done:141]
2023-03-15 09:50:10.574	- Info  -	[oray][erroCode] errorcode=oray_errorcode(57351), product=0, type=3, inner code=7 [CMultiplexLogicStream::Disconnect_impl:121]
2023-03-15 09:50:10.574	* Error *	[online] online disconnected,error code:0
2023-03-15 09:50:10.575	- Info  -	[oray][erroCode] errorcode=errorcode(0), product=0, type=0, inner code=0 [COnlineHandler::OnDisconnect:86]
2023-03-15 09:50:10.576	- Info  -	[RemoteControl] disconnected server(47.114.34.123:443),error code:0
2023-03-15 09:50:10.577	- Info  -	[service] disconnected server(47.114.34.123:443),errorcode:0
2023-03-15 09:50:10.578	- Info  -	curStatus: 0, m_Status: 1
2023-03-15 09:50:10.582	- Info  -	[http call3] new call id:4, url:https://sl-log.oray.net/slclientlog
2023-03-15 09:50:10.583	- Info  -	Current client status: 0
2023-03-15 09:50:10.584	- Info  -	send status_changed notify 0
2023-03-15 09:50:10.584	- Info  -	[OnLogout start]
2023-03-15 09:50:10.586	- Info  -	[service] stop all projections
2023-03-15 09:50:10.589	- Info  -	retry login now......
2023-03-15 09:50:10.589	- Info  -	Current client status: 2
2023-03-15 09:50:10.589	- Info  -	send status_changed notify 2
2023-03-15 09:50:10.590	- Info  -	Login task time 0
2023-03-15 09:50:10.590	- Info  -	[OnLogout end]
2023-03-15 09:50:10.597	- Info  -	Do login( type: 2 ) at 379
2023-03-15 09:50:10.598	- Info  -	[http call3] id:4 create new connection : https://sl-log.oray.net:443
2023-03-15 09:50:10.601	- Info  -	[http call3] new call id:5, url:https://slapi.oray.net/remote/get-fastcode
2023-03-15 09:50:10.616	- Info  -	attempt to connect server sl-log.oray.net:443(120.26.160.74:443)
2023-03-15 09:50:10.616	- Info  -	[http call3] id:5 create new connection : https://slapi.oray.net:443
2023-03-15 09:50:10.629	- Info  -	attempt to connect server slapi.oray.net:443(121.40.200.192:443)
2023-03-15 09:50:10.844	- Info  -	[http call3] id:5, url:https://slapi.oray.net/remote/get-fastcode, status code:200
2023-03-15 09:50:10.881	- Info  -	attempt to connect server rc10-fc01.oray.com:443(116.62.246.30:443)
2023-03-15 09:50:10.881	- Info  -	[http call3] id:4, url:https://sl-log.oray.net/slclientlog, status code:200
2023-03-15 09:50:10.944	- Info  -	[service] attempted logon
2023-03-15 09:50:10.976	- Info  -	[service] logon server OK. public ip:106.5.128.56
2023-03-15 09:50:10.999	- Info  -	[online] attempted client online
2023-03-15 09:50:11.020	- Info  -	[online] client online OK.
2023-03-15 09:50:11.020	- Info  -	[online] received name:default , description:default .
2023-03-15 09:50:11.030	- Info  -	[service] attempted register client to server
2023-03-15 09:50:11.051	- Info  -	[service] registered client to server
2023-03-15 09:50:11.051	- Info  -	[http call3] new call id:6, url:https://sl-log.oray.net/slclientlog
2023-03-15 09:50:11.051	- Info  -	Current client status: 1
2023-03-15 09:50:11.051	- Info  -	send status_changed notify 1
2023-03-15 09:50:11.061	- Info  -	[http call3] id:6 use old connection : https://sl-log.oray.net:443
2023-03-15 09:50:11.062	- Info  -	[discover] Client NotifyDiscover type=5
2023-03-15 09:50:11.072	- Info  -	[OnLogin start]
2023-03-15 09:50:11.073	- Info  -	[OnLogin end]
2023-03-15 09:50:11.077	- Info  -	[OnLogin] WaittingTask Start
2023-03-15 09:50:11.081	- Info  -	Set auto_run : true
2023-03-15 09:50:11.083	- Info  -	[http call3] id:6, url:https://sl-log.oray.net/slclientlog, status code:200
2023-03-15 09:50:11.548	- Info  -	[OnLogin] WaittingTask end
2023-03-15 09:50:25.837	* Error *	SSLStream::IsWantReadWrite|peer(121.40.200.192:443), SSL_read failed( 6 ), error:00000000:lib(0):func(0):reason(0), file( ..\includes\common\phstream\SSLStream.cpp:1898 )
2023-03-15 09:50:25.838	- Info  -	[http call3] disconnect, error( 0 )
2023-03-15 09:50:41.069	* Error *	SSLStream::IsWantReadWrite|peer(120.26.160.74:443), SSL_read failed( 6 ), error:00000000:lib(0):func(0):reason(0), file( ..\includes\common\phstream\SSLStream.cpp:1898 )
2023-03-15 09:50:41.069	- Info  -	[http call3] disconnect, error( 0 )
2023-03-15 12:02:19.698	- Info  -	[ServiceEx] the service control is 13
2023-03-15 12:02:19.698	- Info  -	SERVICE_CONTROL_POWEREVENT************dwEventType:10
2023-03-15 12:08:58.760	- Info  -	[ServiceEx] the service control is 13
2023-03-15 12:08:58.760	- Info  -	SERVICE_CONTROL_POWEREVENT************dwEventType:10
2023-03-15 12:09:00.767	- Info  -	[ServiceEx] the service control is 13
2023-03-15 12:09:00.767	- Info  -	SERVICE_CONTROL_POWEREVENT************dwEventType:10
2023-03-15 12:51:27.528	- Info  -	[ServiceEx] the service control is 13
2023-03-15 12:51:27.528	- Info  -	SERVICE_CONTROL_POWEREVENT************dwEventType:10
2023-03-15 13:52:54.898	- Info  -	[ServiceEx] the service control is 13
2023-03-15 13:52:54.899	- Info  -	SERVICE_CONTROL_POWEREVENT************dwEventType:10
2023-03-15 13:53:03.243	- Info  -	[ServiceEx] the service control is 13
2023-03-15 13:53:03.243	- Info  -	SERVICE_CONTROL_POWEREVENT************dwEventType:4
2023-03-15 13:53:03.243	+Warning+	[service] power event, system is suspending.
2023-03-15 13:53:03.245	- Info  -	Logout ...
2023-03-15 13:53:03.245	- Info  -	[oray][erroCode] errorcode=oray_errorcode(0), product=0, type=0, inner code=0 [CMultiplexLogicStream::Disconnect_impl:121]
2023-03-15 13:53:03.245	- Info  -	[RemoteControl] disconnected server(116.62.246.30:443),error code:0
2023-03-15 13:53:03.249	* Error *	[online] online disconnected,error code:0
2023-03-15 13:53:03.249	- Info  -	[oray][erroCode] errorcode=errorcode(0), product=0, type=0, inner code=0 [COnlineHandler::OnDisconnect:86]
2023-03-15 13:53:03.249	- Info  -	[service] disconnected server(116.62.246.30:443),errorcode:0
2023-03-15 13:53:03.249	- Info  -	curStatus: 0, m_Status: 1
2023-03-15 13:53:03.249	- Info  -	[http call3] new call id:7, url:https://sl-log.oray.net/slclientlog
2023-03-15 13:53:03.250	- Info  -	Current client status: 0
2023-03-15 13:53:03.250	- Info  -	send status_changed notify 0
2023-03-15 13:53:03.250	- Info  -	[OnLogout start]
2023-03-15 13:53:03.250	- Info  -	[service] stop all projections
2023-03-15 13:53:03.250	- Info  -	[OnLogout end]
2023-03-15 13:53:03.253	- Info  -	[http call3] id:7 create new connection : https://sl-log.oray.net:443
2023-03-15 13:53:03.267	- Info  -	[MICRO LIVE] shell send close micro_live_plugin
2023-03-15 13:53:03.303	- Info  -	attempt to connect server sl-log.oray.net:443(120.26.160.74:443)
2023-03-15 13:53:03.544	- Info  -	[http call3] id:7, url:https://sl-log.oray.net/slclientlog, status code:200
2023-03-15 16:11:31.517	+Warning+	[passive:keepalive:] 120.26.160.74:443 disconnect by keepalive timeout(23690500>=15382515+30000)
2023-03-15 16:11:31.517	+Warning+	[oray][erroCode] errorcode=ORAY_ERROR_PHSTREAM_KEEPALIVE_TIMEOUT(57351), product=0, type=3, inner code=7 [CPassiveKeepAliveHandler::Done:141]
2023-03-15 16:11:31.517	- Info  -	[http call3] disconnect, error( 57351 )
2023-03-15 16:11:33.982	- Info  -	[ServiceEx] the service control is 13
2023-03-15 16:11:33.982	- Info  -	SERVICE_CONTROL_POWEREVENT************dwEventType:18
2023-03-15 16:11:33.982	+Warning+	[service] power event, system is resumed.
2023-03-15 16:11:35.118	- Info  -	[ServiceEx] the service control is 13
2023-03-15 16:11:35.118	- Info  -	SERVICE_CONTROL_POWEREVENT************dwEventType:7
2023-03-15 16:11:35.118	+Warning+	[service] power event, system is resumed.
2023-03-15 16:11:39.465	- Info  -	retry login now......
2023-03-15 16:11:39.465	- Info  -	Current client status: 2
2023-03-15 16:11:39.465	- Info  -	send status_changed notify 2
2023-03-15 16:11:39.466	- Info  -	Login task time 0
2023-03-15 16:11:39.466	- Info  -	[service] retry login by power event
2023-03-15 16:11:39.481	- Info  -	Do login( type: 2 ) at 379
2023-03-15 16:11:39.482	- Info  -	[http call3] new call id:8, url:https://slapi.oray.net/remote/get-fastcode
2023-03-15 16:11:39.497	- Info  -	[http call3] id:8 create new connection : https://slapi.oray.net:443
2023-03-15 16:11:39.499	* Error *	[oray][erroCode] errorcode=ORAY_ERROR_DOMAIN_RESOLVED_FAILED(57394), product=0, type=3, inner code=50 [CSockConnector::ConnectSock:229]
2023-03-15 16:11:43.658	- Info  -	[service] retry login by power event
2023-03-15 16:12:09.501	- Info  -	[http call3] disconnect, error( 0 )
2023-03-15 16:12:09.501	- Info  -	[http call3] disconnect id:8, error( 0 )
2023-03-15 16:12:09.501	* Error *	GetFastcode failed! error:-1, msg:net error
2023-03-15 16:12:09.501	- Info  -	Current client status: 0
2023-03-15 16:12:09.501	- Info  -	send status_changed notify 0
2023-03-15 16:12:09.501	- Info  -	[OnLogout start]
2023-03-15 16:12:09.502	- Info  -	[service] stop all projections
2023-03-15 16:12:09.502	- Info  -	retry login now......
2023-03-15 16:12:09.502	- Info  -	Current client status: 2
2023-03-15 16:12:09.502	- Info  -	send status_changed notify 2
2023-03-15 16:12:09.502	- Info  -	Login task time 0
2023-03-15 16:12:09.502	- Info  -	[OnLogout end]
2023-03-15 16:12:09.517	- Info  -	Do login( type: 2 ) at 379
2023-03-15 16:12:09.518	- Info  -	[http call3] new call id:9, url:https://slapi.oray.net/remote/get-fastcode
2023-03-15 16:12:09.533	- Info  -	[http call3] id:9 create new connection : https://slapi.oray.net:443
2023-03-15 16:12:09.534	- Info  -	attempt to connect server slapi.oray.net:443(121.40.200.192:443)
2023-03-15 16:12:09.732	- Info  -	[http call3] id:9, url:https://slapi.oray.net/remote/get-fastcode, status code:200
2023-03-15 16:12:09.743	- Info  -	attempt to connect server rc10-fc06.oray.com:443(120.26.127.51:443)
2023-03-15 16:12:09.850	- Info  -	[service] attempted logon
2023-03-15 16:12:09.886	- Info  -	[service] logon server OK. public ip:223.82.110.30
2023-03-15 16:12:09.911	- Info  -	[online] attempted client online
2023-03-15 16:12:09.936	- Info  -	[online] client online OK.
2023-03-15 16:12:09.937	- Info  -	[online] received name:default , description:default .
2023-03-15 16:12:09.948	- Info  -	[service] attempted register client to server
2023-03-15 16:12:09.974	- Info  -	[service] registered client to server
2023-03-15 16:12:09.974	- Info  -	[http call3] new call id:10, url:https://sl-log.oray.net/slclientlog
2023-03-15 16:12:09.974	- Info  -	Current client status: 1
2023-03-15 16:12:09.974	- Info  -	send status_changed notify 1
2023-03-15 16:12:09.979	- Info  -	[http call3] id:10 create new connection : https://sl-log.oray.net:443
2023-03-15 16:12:09.980	- Info  -	[discover] Client NotifyDiscover type=5
2023-03-15 16:12:09.989	- Info  -	attempt to connect server sl-log.oray.net:443(47.97.106.171:443)
2023-03-15 16:12:10.999	- Info  -	[OnLogin start]
2023-03-15 16:12:10.000	- Info  -	[OnLogin end]
2023-03-15 16:12:10.011	- Info  -	[OnLogin] WaittingTask Start
2023-03-15 16:12:10.017	- Info  -	Set auto_run : true
2023-03-15 16:12:10.127	- Info  -	[http call3] id:10, url:https://sl-log.oray.net/slclientlog, status code:200
2023-03-15 16:12:10.767	- Info  -	[OnLogin] WaittingTask end
2023-03-15 16:12:24.732	* Error *	SSLStream::IsWantReadWrite|peer(121.40.200.192:443), SSL_read failed( 6 ), error:00000000:lib(0):func(0):reason(0), file( ..\includes\common\phstream\SSLStream.cpp:1898 )
2023-03-15 16:12:24.732	- Info  -	[http call3] disconnect, error( 0 )
2023-03-15 16:12:40.127	* Error *	SSLStream::IsWantReadWrite|peer(47.97.106.171:443), SSL_read failed( 6 ), error:00000000:lib(0):func(0):reason(0), file( ..\includes\common\phstream\SSLStream.cpp:1898 )
2023-03-15 16:12:40.128	- Info  -	[http call3] disconnect, error( 0 )
2023-03-15 17:00:58.228	- Info  -	[ServiceEx] the service control is 13
2023-03-15 17:00:58.230	- Info  -	SERVICE_CONTROL_POWEREVENT************dwEventType:4
2023-03-15 17:00:58.230	+Warning+	[service] power event, system is suspending.
2023-03-15 17:00:58.231	- Info  -	Logout ...
2023-03-15 17:00:58.232	- Info  -	[oray][erroCode] errorcode=oray_errorcode(0), product=0, type=0, inner code=0 [CMultiplexLogicStream::Disconnect_impl:121]
2023-03-15 17:00:58.232	- Info  -	[RemoteControl] disconnected server(120.26.127.51:443),error code:0
2023-03-15 17:00:58.234	* Error *	[online] online disconnected,error code:0
2023-03-15 17:00:58.234	- Info  -	[oray][erroCode] errorcode=errorcode(0), product=0, type=0, inner code=0 [COnlineHandler::OnDisconnect:86]
2023-03-15 17:00:58.234	- Info  -	[service] disconnected server(120.26.127.51:443),errorcode:0
2023-03-15 17:00:58.234	- Info  -	curStatus: 0, m_Status: 1
2023-03-15 17:00:58.235	- Info  -	[http call3] new call id:11, url:https://sl-log.oray.net/slclientlog
2023-03-15 17:00:58.235	- Info  -	Current client status: 0
2023-03-15 17:00:58.235	- Info  -	send status_changed notify 0
2023-03-15 17:00:58.236	- Info  -	[OnLogout start]
2023-03-15 17:00:58.236	- Info  -	[service] stop all projections
2023-03-15 17:00:58.236	- Info  -	[OnLogout end]
2023-03-15 17:00:58.249	- Info  -	[MICRO LIVE] shell send close micro_live_plugin
2023-03-15 17:00:58.251	- Info  -	[http call3] id:11 create new connection : https://sl-log.oray.net:443
2023-03-15 17:00:58.271	- Info  -	attempt to connect server sl-log.oray.net:443(121.41.32.171:443)
2023-03-15 17:00:58.438	- Info  -	[http call3] id:11, url:https://sl-log.oray.net/slclientlog, status code:200
2023-03-16 09:12:56.745	+Warning+	[passive:keepalive:] 121.41.32.171:443 disconnect by keepalive timeout(84975718>=26657406+30000)
2023-03-16 09:12:56.745	+Warning+	[oray][erroCode] errorcode=ORAY_ERROR_PHSTREAM_KEEPALIVE_TIMEOUT(57351), product=0, type=3, inner code=7 [CPassiveKeepAliveHandler::Done:141]
2023-03-16 09:12:56.745	- Info  -	[http call3] disconnect, error( 57351 )
2023-03-16 09:13:00.811	- Info  -	[ServiceEx] the service control is 13
2023-03-16 09:13:00.812	- Info  -	SERVICE_CONTROL_POWEREVENT************dwEventType:18
2023-03-16 09:13:00.812	+Warning+	[service] power event, system is resumed.
2023-03-16 09:13:02.053	- Info  -	[ServiceEx] the service control is 13
2023-03-16 09:13:02.053	- Info  -	SERVICE_CONTROL_POWEREVENT************dwEventType:7
2023-03-16 09:13:02.053	+Warning+	[service] power event, system is resumed.
2023-03-16 09:13:02.343	- Info  -	[ServiceEx] the service control is 13
2023-03-16 09:13:02.343	- Info  -	SERVICE_CONTROL_POWEREVENT************dwEventType:10
2023-03-16 09:13:06.118	- Info  -	retry login now......
2023-03-16 09:13:06.118	- Info  -	Current client status: 2
2023-03-16 09:13:06.118	- Info  -	send status_changed notify 2
2023-03-16 09:13:06.118	- Info  -	Login task time 0
2023-03-16 09:13:06.118	- Info  -	[service] retry login by power event
2023-03-16 09:13:06.119	- Info  -	Do login( type: 2 ) at 379
2023-03-16 09:13:06.119	- Info  -	[http call3] new call id:12, url:https://slapi.oray.net/remote/get-fastcode
2023-03-16 09:13:06.129	- Info  -	[http call3] id:12 create new connection : https://slapi.oray.net:443
2023-03-16 09:13:06.129	* Error *	[oray][erroCode] errorcode=ORAY_ERROR_DOMAIN_RESOLVED_FAILED(57394), product=0, type=3, inner code=50 [CSockConnector::ConnectSock:229]
2023-03-16 09:13:10.830	- Info  -	[service] retry login by power event
2023-03-16 09:13:35.013	- Info  -	[http call3] disconnect, error( 0 )
2023-03-16 09:13:35.013	- Info  -	[http call3] disconnect id:12, error( 0 )
2023-03-16 09:13:35.013	* Error *	GetFastcode failed! error:-1, msg:net error
2023-03-16 09:13:35.013	- Info  -	Current client status: 0
2023-03-16 09:13:35.013	- Info  -	send status_changed notify 0
2023-03-16 09:13:35.014	- Info  -	[OnLogout start]
2023-03-16 09:13:35.014	- Info  -	[service] stop all projections
2023-03-16 09:13:35.014	- Info  -	retry login now......
2023-03-16 09:13:35.014	- Info  -	Current client status: 2
2023-03-16 09:13:35.014	- Info  -	send status_changed notify 2
2023-03-16 09:13:35.015	- Info  -	Login task time 0
2023-03-16 09:13:35.015	- Info  -	[OnLogout end]
2023-03-16 09:13:35.029	- Info  -	Do login( type: 2 ) at 379
2023-03-16 09:13:35.029	- Info  -	[http call3] new call id:13, url:https://slapi.oray.net/remote/get-fastcode
2023-03-16 09:13:35.045	- Info  -	[http call3] id:13 create new connection : https://slapi.oray.net:443
2023-03-16 09:13:35.055	- Info  -	attempt to connect server slapi.oray.net:443(121.40.99.129:443)
2023-03-16 09:13:35.206	- Info  -	[http call3] id:13, url:https://slapi.oray.net/remote/get-fastcode, status code:200
2023-03-16 09:13:35.214	- Info  -	attempt to connect server rc10-fc11.oray.com:443(120.55.59.130:443)
2023-03-16 09:13:35.296	- Info  -	[service] attempted logon
2023-03-16 09:13:35.328	- Info  -	[service] logon server OK. public ip:106.5.128.56
2023-03-16 09:13:35.348	- Info  -	[online] attempted client online
2023-03-16 09:13:35.375	- Info  -	[online] client online OK.
2023-03-16 09:13:35.375	- Info  -	[online] received name:default , description:default .
2023-03-16 09:13:35.380	- Info  -	[service] attempted register client to server
2023-03-16 09:13:35.401	- Info  -	[service] registered client to server
2023-03-16 09:13:35.401	- Info  -	[http call3] new call id:14, url:https://sl-log.oray.net/slclientlog
2023-03-16 09:13:35.401	- Info  -	Current client status: 1
2023-03-16 09:13:35.402	- Info  -	send status_changed notify 1
2023-03-16 09:13:35.406	- Info  -	[discover] Client NotifyDiscover type=5
2023-03-16 09:13:35.412	- Info  -	[http call3] id:14 create new connection : https://sl-log.oray.net:443
2023-03-16 09:13:35.421	- Info  -	[OnLogin start]
2023-03-16 09:13:35.422	- Info  -	[OnLogin end]
2023-03-16 09:13:35.424	- Info  -	attempt to connect server sl-log.oray.net:443(121.199.72.21:443)
2023-03-16 09:13:35.427	- Info  -	[OnLogin] WaittingTask Start
2023-03-16 09:13:35.429	- Info  -	Set auto_run : true
2023-03-16 09:13:35.547	- Info  -	[http call3] id:14, url:https://sl-log.oray.net/slclientlog, status code:200
2023-03-16 09:13:36.439	- Info  -	[OnLogin] WaittingTask end
2023-03-16 09:13:50.205	* Error *	SSLStream::IsWantReadWrite|peer(121.40.99.129:443), SSL_read failed( 6 ), error:00000000:lib(0):func(0):reason(0), file( ..\includes\common\phstream\SSLStream.cpp:1898 )
2023-03-16 09:13:50.205	- Info  -	[http call3] disconnect, error( 0 )
2023-03-16 09:14:05.546	* Error *	SSLStream::IsWantReadWrite|peer(121.199.72.21:443), SSL_read failed( 6 ), error:00000000:lib(0):func(0):reason(0), file( ..\includes\common\phstream\SSLStream.cpp:1898 )
2023-03-16 09:14:05.546	- Info  -	[http call3] disconnect, error( 0 )
2023-03-16 10:12:02.760	- Info  -	[ServiceEx] the service control is 13
2023-03-16 10:12:02.760	- Info  -	SERVICE_CONTROL_POWEREVENT************dwEventType:10
2023-03-16 10:25:30.605	- Info  -	[ServiceEx] the service control is 13
2023-03-16 10:25:30.605	- Info  -	SERVICE_CONTROL_POWEREVENT************dwEventType:10
2023-03-16 10:25:32.611	- Info  -	[ServiceEx] the service control is 13
2023-03-16 10:25:32.611	- Info  -	SERVICE_CONTROL_POWEREVENT************dwEventType:10
2023-03-16 12:44:31.209	- Info  -	[ServiceEx] the service control is 13
2023-03-16 12:44:31.210	- Info  -	SERVICE_CONTROL_POWEREVENT************dwEventType:4
2023-03-16 12:44:31.210	+Warning+	[service] power event, system is suspending.
2023-03-16 12:44:31.210	- Info  -	Logout ...
2023-03-16 12:44:31.210	- Info  -	[oray][erroCode] errorcode=oray_errorcode(0), product=0, type=0, inner code=0 [CMultiplexLogicStream::Disconnect_impl:121]
2023-03-16 12:44:31.210	- Info  -	[RemoteControl] disconnected server(120.55.59.130:443),error code:0
2023-03-16 12:44:31.211	* Error *	[online] online disconnected,error code:0
2023-03-16 12:44:31.211	- Info  -	[oray][erroCode] errorcode=errorcode(0), product=0, type=0, inner code=0 [COnlineHandler::OnDisconnect:86]
2023-03-16 12:44:31.211	- Info  -	[service] disconnected server(120.55.59.130:443),errorcode:0
2023-03-16 12:44:31.211	- Info  -	curStatus: 0, m_Status: 1
2023-03-16 12:44:31.212	- Info  -	[http call3] new call id:15, url:https://sl-log.oray.net/slclientlog
2023-03-16 12:44:31.212	- Info  -	Current client status: 0
2023-03-16 12:44:31.212	- Info  -	send status_changed notify 0
2023-03-16 12:44:31.212	- Info  -	[OnLogout start]
2023-03-16 12:44:31.212	- Info  -	[service] stop all projections
2023-03-16 12:44:31.212	- Info  -	[OnLogout end]
2023-03-16 12:44:31.217	- Info  -	[MICRO LIVE] shell send close micro_live_plugin
2023-03-16 12:44:31.227	- Info  -	[http call3] id:15 create new connection : https://sl-log.oray.net:443
2023-03-16 12:44:31.250	- Info  -	attempt to connect server sl-log.oray.net:443(47.97.162.230:443)
2023-03-16 12:44:31.402	- Info  -	[http call3] id:15, url:https://sl-log.oray.net/slclientlog, status code:200
2023-03-16 14:40:47.516	+Warning+	[passive:keepalive:] 47.97.162.230:443 disconnect by keepalive timeout(104647625>=97671500+30000)
2023-03-16 14:40:47.516	+Warning+	[oray][erroCode] errorcode=ORAY_ERROR_PHSTREAM_KEEPALIVE_TIMEOUT(57351), product=0, type=3, inner code=7 [CPassiveKeepAliveHandler::Done:141]
2023-03-16 14:40:47.516	- Info  -	[http call3] disconnect, error( 57351 )
2023-03-16 14:40:49.507	- Info  -	[ServiceEx] the service control is 13
2023-03-16 14:40:49.507	- Info  -	SERVICE_CONTROL_POWEREVENT************dwEventType:18
2023-03-16 14:40:49.507	+Warning+	[service] power event, system is resumed.
2023-03-16 14:40:51.025	- Info  -	[ServiceEx] the service control is 13
2023-03-16 14:40:51.025	- Info  -	SERVICE_CONTROL_POWEREVENT************dwEventType:7
2023-03-16 14:40:51.025	+Warning+	[service] power event, system is resumed.
2023-03-16 14:40:54.743	- Info  -	retry login now......
2023-03-16 14:40:54.743	- Info  -	Current client status: 2
2023-03-16 14:40:54.743	- Info  -	send status_changed notify 2
2023-03-16 14:40:54.744	- Info  -	Login task time 0
2023-03-16 14:40:54.744	- Info  -	[service] retry login by power event
2023-03-16 14:40:54.759	- Info  -	Do login( type: 2 ) at 379
2023-03-16 14:40:54.759	- Info  -	[http call3] new call id:16, url:https://slapi.oray.net/remote/get-fastcode
2023-03-16 14:40:54.775	- Info  -	[http call3] id:16 create new connection : https://slapi.oray.net:443
2023-03-16 14:40:54.776	* Error *	[oray][erroCode] errorcode=ORAY_ERROR_DOMAIN_RESOLVED_FAILED(57394), product=0, type=3, inner code=50 [CSockConnector::ConnectSock:229]
2023-03-16 14:40:59.787	- Info  -	[service] retry login by power event
2023-03-16 14:41:24.777	- Info  -	[http call3] disconnect, error( 0 )
2023-03-16 14:41:24.777	- Info  -	[http call3] disconnect id:16, error( 0 )
2023-03-16 14:41:24.777	* Error *	GetFastcode failed! error:-1, msg:net error
2023-03-16 14:41:24.777	- Info  -	Current client status: 0
2023-03-16 14:41:24.777	- Info  -	send status_changed notify 0
2023-03-16 14:41:24.777	- Info  -	[OnLogout start]
2023-03-16 14:41:24.778	- Info  -	[service] stop all projections
2023-03-16 14:41:24.778	- Info  -	retry login now......
2023-03-16 14:41:24.778	- Info  -	Current client status: 2
2023-03-16 14:41:24.778	- Info  -	send status_changed notify 2
2023-03-16 14:41:24.778	- Info  -	Login task time 0
2023-03-16 14:41:24.779	- Info  -	[OnLogout end]
2023-03-16 14:41:24.794	- Info  -	Do login( type: 2 ) at 379
2023-03-16 14:41:24.794	- Info  -	[http call3] new call id:17, url:https://slapi.oray.net/remote/get-fastcode
2023-03-16 14:41:24.810	- Info  -	[http call3] id:17 create new connection : https://slapi.oray.net:443
2023-03-16 14:41:24.811	* Error *	[oray][erroCode] errorcode=ORAY_ERROR_DOMAIN_RESOLVED_FAILED(57394), product=0, type=3, inner code=50 [CSockConnector::ConnectSock:229]
2023-03-16 14:41:54.798	- Info  -	[http call3] disconnect, error( 0 )
2023-03-16 14:41:54.798	- Info  -	[http call3] disconnect id:17, error( 0 )
2023-03-16 14:41:54.798	* Error *	GetFastcode failed! error:-1, msg:net error
2023-03-16 14:41:54.798	- Info  -	Current client status: 0
2023-03-16 14:41:54.798	- Info  -	send status_changed notify 0
2023-03-16 14:41:54.798	- Info  -	[OnLogout start]
2023-03-16 14:41:54.798	- Info  -	[service] stop all projections
2023-03-16 14:41:54.798	- Info  -	[OnLogout end]
2023-03-16 14:41:54.802	- Info  -	[MICRO LIVE] shell send close micro_live_plugin
2023-03-16 14:43:55.990	- Info  -	[localserver] Not use proxy
2023-03-16 14:43:55.990	- Info  -	retry login now......
2023-03-16 14:43:55.990	- Info  -	Current client status: 2
2023-03-16 14:43:55.990	- Info  -	send status_changed notify 2
2023-03-16 14:43:55.990	- Info  -	Login task time 0
2023-03-16 14:43:56.006	- Info  -	Do login( type: 2 ) at 379
2023-03-16 14:43:56.006	- Info  -	[http call3] new call id:18, url:https://slapi.oray.net/remote/get-fastcode
2023-03-16 14:43:56.022	- Info  -	[http call3] id:18 create new connection : https://slapi.oray.net:443
2023-03-16 14:43:56.035	- Info  -	attempt to connect server slapi.oray.net:443(121.40.99.129:443)
2023-03-16 14:43:56.214	- Info  -	[http call3] id:18, url:https://slapi.oray.net/remote/get-fastcode, status code:200
2023-03-16 14:43:56.227	- Info  -	attempt to connect server rc10-fc01.oray.com:443(116.62.246.30:443)
2023-03-16 14:43:56.320	- Info  -	[service] attempted logon
2023-03-16 14:43:56.350	- Info  -	[service] logon server OK. public ip:106.5.128.56
2023-03-16 14:43:56.370	- Info  -	[online] attempted client online
2023-03-16 14:43:56.389	- Info  -	[online] client online OK.
2023-03-16 14:43:56.391	- Info  -	[online] received name:default , description:default .
2023-03-16 14:43:56.404	- Info  -	[service] attempted register client to server
2023-03-16 14:43:56.424	- Info  -	[service] registered client to server
2023-03-16 14:43:56.424	- Info  -	[http call3] new call id:19, url:https://sl-log.oray.net/slclientlog
2023-03-16 14:43:56.424	- Info  -	Current client status: 1
2023-03-16 14:43:56.424	- Info  -	send status_changed notify 1
2023-03-16 14:43:56.429	- Info  -	[discover] Client NotifyDiscover type=5
2023-03-16 14:43:56.435	- Info  -	[http call3] id:19 create new connection : https://sl-log.oray.net:443
2023-03-16 14:43:56.437	- Info  -	[OnLogin start]
2023-03-16 14:43:56.438	- Info  -	[OnLogin end]
2023-03-16 14:43:56.445	- Info  -	attempt to connect server sl-log.oray.net:443(120.26.160.74:443)
2023-03-16 14:43:56.451	- Info  -	[OnLogin] WaittingTask Start
2023-03-16 14:43:56.453	- Info  -	Set auto_run : true
2023-03-16 14:43:56.539	- Info  -	[http call3] id:19, url:https://sl-log.oray.net/slclientlog, status code:200
2023-03-16 14:43:57.341	- Info  -	[OnLogin] WaittingTask end
2023-03-16 14:44:11.224	* Error *	SSLStream::IsWantReadWrite|peer(121.40.99.129:443), SSL_read failed( 6 ), error:00000000:lib(0):func(0):reason(0), file( ..\includes\common\phstream\SSLStream.cpp:1898 )
2023-03-16 14:44:11.224	- Info  -	[http call3] disconnect, error( 0 )
2023-03-16 14:44:26.550	* Error *	SSLStream::IsWantReadWrite|peer(120.26.160.74:443), SSL_read failed( 6 ), error:00000000:lib(0):func(0):reason(0), file( ..\includes\common\phstream\SSLStream.cpp:1898 )
2023-03-16 14:44:26.550	- Info  -	[http call3] disconnect, error( 0 )
2023-03-16 15:26:34.896	- Info  -	[ServiceEx] the service control is 13
2023-03-16 15:26:34.896	- Info  -	SERVICE_CONTROL_POWEREVENT************dwEventType:10
2023-03-16 15:58:51.729	- Info  -	[online] received express login
2023-03-16 15:58:51.734	- Info  -	[LoginUtils] receive express login request from online
2023-03-16 15:58:51.767	- Info  -	[service] connect p2p server @ 182.100.46.19:4118
2023-03-16 15:58:51.785	- Info  -	[udp] support straight send in peer : no 182.100.46.19:4118 CConnection::OnConnectRes
2023-03-16 15:58:51.786	- Info  -	[P2PAccepter] connect p2p server 182.100.46.19:4118 OK
2023-03-16 15:58:51.787	- Info  -	[P2PAccepter] detect local ip 192.168.2.109
2023-03-16 15:58:51.792	- Info  -	[P2PAccepter] login p2p server [182.100.46.19:4118] OK,received public ip 106.5.128.56:1787
2023-03-16 15:58:51.799	- Info  -	[LoginUtils] P2P_INDEX = 1462868325
2023-03-16 15:58:51.799	- Info  -	[LoginUtils] access address PHSRC://1462868325.slp2p-336163-std.oray.net:4118/, PHSRC_HTTPS://1462868325.slp2p-336163-std.oray.net:443/, UsingMultiChannel://;UR://;
2023-03-16 15:58:51.828	- Info  -	[P2PAccepter] attempted to create forward tunnel slp2p-336163-std.oray.net:443 with ssl
2023-03-16 15:58:51.828	- Info  -	[P2PAccepter][TCP] attempt to create forward tunnel, server slp2p-336163-std.oray.net:443, ssl:true
2023-03-16 15:58:51.830	- Info  -	[P2PAccepter][TCP] attempt to connect tcp server slp2p-336163-std.oray.net:443,28849
2023-03-16 15:58:51.844	- Info  -	attempt to connect server slp2p-336163-std.oray.net:443(182.100.46.19:443)
2023-03-16 15:58:51.975	- Info  -	[Acceptor][HTTP] new RC HTTP connection 182.100.46.19:443, path: /desktop, version: PHSRC_HTTPS/1.0
2023-03-16 15:58:51.976	- Info  -	[Acceptor][HTTP] new RC tcp forward plugin connection(MultiChannel session:0E637AAA381E4102B6E927CC2C3091E8, version:1) 182.100.46.19:443
2023-03-16 15:58:51.976	- Info  -	[service] new MultiChannelStream 0E637AAA381E4102B6E927CC2C3091E8
2023-03-16 15:58:51.980	- Info  -	[MultiChannel] Forward channel shake handle 182.100.46.19:443
2023-03-16 15:58:51.981	- Info  -	[PluginStream] MultiChannel connected server 182.100.46.19:443
2023-03-16 15:58:51.996	- Info  -	[MultiChannel] Forward channel connected 182.100.46.19:443
2023-03-16 15:58:51.996	- Info  -	[PluginStream] receive plugin stream logon message
2023-03-16 15:58:51.997	- Info  -	[PluginStream] CheckCode OK, plugin: desktop
2023-03-16 15:58:51.997	- Info  -	[PluginStream] CPluginStream::CheckCode succeeded, plugin: desktop
2023-03-16 15:58:51.998	- Info  -	[Service] start plugin desktop ...
2023-03-16 15:58:52.015	- Info  -	[mdesktop] IMultiDesktopRouter::RegisterControl 1 OK
2023-03-16 15:58:52.016	- Info  -	[control][logon] AccountName Administrator, sessionid 1, found 1
2023-03-16 15:58:52.016	- Info  -	[control] switch host, session id: 1
2023-03-16 15:58:52.017	- Info  -	[Service] start plugin desktop ok, index :1
2023-03-16 15:58:52.017	- Info  -	[PluginStream] login succeeded, session: dmPqDgSa8jOYgp1Iu1U7l1HbRTVJwZL3, plugin: desktop @ 272
2023-03-16 15:58:52.017	- Info  -	[PluginStream] MultiChannel connection 182.100.46.19:443 logged
2023-03-16 15:58:52.017	- Info  -	PostPluguinLogImpl, event: control_start, plugin: desktop
2023-03-16 15:58:52.017	- Info  -	[http call3] new call id:20, url:https://sl-log.oray.net/slclientlog
2023-03-16 15:58:52.019	- Info  -	[desktopagent] enum_user, name Administrator
2023-03-16 15:58:52.019	- Info  -	[desktopagent] switch_host, sessionid 0 --> 1
2023-03-16 15:58:52.021	- Info  -	[mdesktop] SwitchUser task, changed 0, allow 1
2023-03-16 15:58:52.022	- Info  -	[service] Run Desktop, sid 1, remote 0, control 1, 109332125
2023-03-16 15:58:52.022	- Info  -	[http call3] id:20 create new connection : https://sl-log.oray.net:443
2023-03-16 15:58:52.024	- Info  -	[agentserver] create new agent prcess("C:\Program Files\Oray\SunLogin\SunloginClient\agent\SunloginClient.exe" --mod=desktopagent --port=49670 --agentid=1)
2023-03-16 15:58:52.034	- Info  -	attempt to connect server sl-log.oray.net:443(120.26.160.74:443)
2023-03-16 15:58:52.046	- Info  -	[service] Run Desktop resume 0, 109332140
2023-03-16 15:58:52.046	+Warning+	[mdesktop] not found, discard data control(1)
2023-03-16 15:58:52.046	+Warning+	[mdesktop] not found, discard data control(1)
2023-03-16 15:58:52.046	- Info  -	[control] OnEnumUser
2023-03-16 15:58:52.046	- Info  -	[control] OnSwitchHost
2023-03-16 15:58:52.157	- Info  -	[server::handler] new agent client connected!

2023-03-16 15:58:52.157	- Info  -	[desktop] Recv sid 1, remoteid: 1, size: 8
2023-03-16 15:58:52.157	- Info  -	[mdesktop] RegisterRemote 1 OK(109332265)
2023-03-16 15:58:52.157	- Info  -	[desktop] stop plugin
2023-03-16 15:58:52.158	- Info  -	[mdesktop] add_input_stream (1)
2023-03-16 15:58:52.168	- Info  -	[mdesktop] ConnectDesktop send SWITCH_HOST_MESSAGE_RES(1,1) OK
2023-03-16 15:58:52.181	- Info  -	[http call3] id:20, url:https://sl-log.oray.net/slclientlog, status code:200
2023-03-16 15:58:52.377	- Info  -	discovery ok, find root devices: http://192.168.2.1:1900/igd.xml
2023-03-16 15:58:52.404	- Info  -	external ip address 100.66.60.227
2023-03-16 15:58:52.404	- Info  -	upnpnat_search_thread::ThreadLoop end
2023-03-16 15:58:54.062	- Info  -	[P2PAccepter] receive P2P request from 182.100.46.19:4118 (public 106.4.221.178:33051 local 192.168.0.104:16047)
2023-03-16 15:58:54.062	- Info  -	[P2PAccepter] response public ip 106.5.128.56:1787, local ip 192.168.2.109:15606
2023-03-16 15:58:54.063	- Info  -	[udpwrapper] P2PHolePunch 106.4.221.178:33051
2023-03-16 15:58:54.064	- Info  -	add_port_mapping external port 1787, internalclient ip 192.168.2.109, internal port 15606
2023-03-16 15:58:54.140	+Warning+	[udpwrapper] add UPNP failed, Fail to add port mapping (slrc/ UDP)

2023-03-16 15:58:54.763	- Info  -	[udp] support straight send in peer : no 106.4.221.178:33051 CConnection::OnConnectRequest
2023-03-16 15:58:54.818	- Info  -	[udp] OnConnectAck working in advanced mode 2
2023-03-16 15:58:54.818	- Info  -	[udp] support straight send in peer : no 106.4.221.178:33051 CConnection::OnConnectAck
2023-03-16 15:58:54.818	- Info  -	[udpwrapper] create a new stream(relay=false), and accept 0.0.0.0:15606 @ 749
2023-03-16 15:58:54.819	- Info  -	[service][UdpAcceptor] new acceptor 106.4.221.178:33051-->0.0.0.0:15606
2023-03-16 15:58:54.819	- Info  -	[udplib][stream] SetReceiveNonAck false
2023-03-16 15:58:54.819	- Info  -	[MultiChannel] P2P channel shake handle 106.4.221.178:33051
2023-03-16 15:58:54.819	- Info  -	[MultiChannel] send SHAKE_HANDLES_MSG, read 5680, write 135617
2023-03-16 15:58:54.819	- Info  -	[MultiChannel] Received SHAKE_HANDLES_MSG, read 135537 / (local write 135617), write 5660 / (local read 5680)
2023-03-16 15:58:54.819	- Info  -	[MultiChannel] P2P channel connected 106.4.221.178:33051
2023-03-16 15:58:54.829	- Info  -	[MultiChannel] forward data read completed @ 462
2023-03-16 15:58:54.829	- Info  -	[udplib][stream] SetReceiveNonAck true
2023-03-16 15:58:54.834	- Info  -	[MultiChannel] forward data write completed @ 216
2023-03-16 15:59:22.194	* Error *	SSLStream::IsWantReadWrite|peer(120.26.160.74:443), SSL_read failed( 6 ), error:00000000:lib(0):func(0):reason(0), file( ..\includes\common\phstream\SSLStream.cpp:1898 )
2023-03-16 15:59:22.194	- Info  -	[http call3] disconnect, error( 0 )
2023-03-16 16:00:06.785	+Warning+	[passive:keepalive:] 182.100.46.19:4118 disconnect by keepalive timeout(109406890>=109334156+60002)
2023-03-16 16:00:06.785	+Warning+	[oray][erroCode] errorcode=ORAY_ERROR_PHSTREAM_KEEPALIVE_TIMEOUT(57351), product=0, type=3, inner code=7 [CPassiveKeepAliveHandler::Done:141]
2023-03-16 16:00:06.785	- Info  -	[oray][erroCode] errorcode=oray_errorcode(57351), product=0, type=3, inner code=7 [CUDPLibStream::Disconnect_impl:73]
2023-03-16 16:00:06.785	- Info  -	[udp] Disconnect
2023-03-16 16:00:06.785	- Info  -	[udp] SendDisconnect
2023-03-16 16:00:06.786	- Info  -	[P2PAccepter] 182.100.46.19:4118 disconnected,error code:57351
2023-03-16 16:00:06.786	- Info  -	[LoginUtils] tcp handler size: 0, udp handler size: 0
2023-03-16 16:00:06.789	- Info  -	[service][UdpAcceptor] disconnect, reason: REASON_SEND_MSG, port: 15606, remote ip 182.100.46.19:4118
2023-03-16 16:00:06.789	- Info  -	[udpwrapper] disconnect reason : 1
2023-03-16 16:00:06.789	- Info  -	[oray][erroCode] errorcode=oray_errorcode(57354), product=0, type=3, inner code=10 [CUDPLibWrapper::OnDisconnect:833]
2023-03-16 16:00:06.789	- Info  -	[udpwrapper] Disconnect 182.100.46.19:4118 @ 838
2023-03-16 16:00:06.789	- Info  -	[oray][erroCode] errorcode=oray_errorcode(57354), product=0, type=3, inner code=10 [CUDPLibStream::Disconnect_impl:73]
2023-03-16 16:03:30.857	- Info  -	[ServiceEx] the service control is 13
2023-03-16 16:03:30.858	- Info  -	SERVICE_CONTROL_POWEREVENT************dwEventType:10
2023-03-16 16:03:43.798	- Info  -	[ServiceEx] the service control is 13
2023-03-16 16:03:43.798	- Info  -	SERVICE_CONTROL_POWEREVENT************dwEventType:4
2023-03-16 16:03:43.798	+Warning+	[service] power event, system is suspending.
2023-03-16 16:03:43.803	- Info  -	[agent] send ID_PLUGIN_DISCONNECT
2023-03-16 16:03:43.804	- Info  -	Logout ...
2023-03-16 16:03:43.804	- Info  -	[oray][erroCode] errorcode=oray_errorcode(0), product=0, type=0, inner code=0 [CMultiplexLogicStream::Disconnect_impl:121]
2023-03-16 16:03:43.804	- Info  -	[RemoteControl] disconnected server(116.62.246.30:443),error code:0
2023-03-16 16:03:43.804	* Error *	[online] online disconnected,error code:0
2023-03-16 16:03:43.804	- Info  -	[oray][erroCode] errorcode=errorcode(0), product=0, type=0, inner code=0 [COnlineHandler::OnDisconnect:86]
2023-03-16 16:03:43.805	- Info  -	[service] disconnected server(116.62.246.30:443),errorcode:0
2023-03-16 16:03:43.805	- Info  -	curStatus: 0, m_Status: 1
2023-03-16 16:03:43.805	- Info  -	[http call3] new call id:21, url:https://sl-log.oray.net/slclientlog
2023-03-16 16:03:43.805	- Info  -	Current client status: 0
2023-03-16 16:03:43.805	- Info  -	send status_changed notify 0
2023-03-16 16:03:43.805	- Info  -	[OnLogout start]
2023-03-16 16:03:43.805	- Info  -	[service] stop all projections
2023-03-16 16:03:43.805	- Info  -	[OnLogout end]
2023-03-16 16:03:43.812	- Info  -	[http call3] id:21 create new connection : https://sl-log.oray.net:443
2023-03-16 16:03:43.845	- Info  -	attempt to connect server sl-log.oray.net:443(120.26.160.74:443)
2023-03-16 16:03:43.847	- Info  -	[MICRO LIVE] shell send close micro_live_plugin
2023-03-16 16:03:44.001	- Info  -	[http call3] id:21, url:https://sl-log.oray.net/slclientlog, status code:200
2023-03-17 09:57:34.008	+Warning+	[passive:keepalive:] 120.26.160.74:443 disconnect by keepalive timeout(174054109>=109624109+30000)
2023-03-17 09:57:34.008	+Warning+	[oray][erroCode] errorcode=ORAY_ERROR_PHSTREAM_KEEPALIVE_TIMEOUT(57351), product=0, type=3, inner code=7 [CPassiveKeepAliveHandler::Done:141]
2023-03-17 09:57:34.009	- Info  -	[http call3] disconnect, error( 57351 )
2023-03-17 09:57:34.065	+Warning+	[udpstack] connect timeout, state: 3, time interval: 90000, 174054171, 109588671, 64465500
2023-03-17 09:57:34.065	- Info  -	[service][UdpAcceptor] disconnect, reason: REASON_TIMEOUT, port: 1787, remote ip 106.4.221.178:16047
2023-03-17 09:57:34.065	- Info  -	[udpwrapper] disconnect reason : 5
2023-03-17 09:57:34.065	- Info  -	[oray][erroCode] errorcode=oray_errorcode(57358), product=0, type=3, inner code=14 [CUDPLibWrapper::OnDisconnect:833]
2023-03-17 09:57:34.066	- Info  -	[udpwrapper] Disconnect 106.4.221.178:16047 @ 838
2023-03-17 09:57:34.066	- Info  -	[oray][erroCode] errorcode=oray_errorcode(57358), product=0, type=3, inner code=14 [CUDPLibStream::Disconnect_impl:73]
2023-03-17 09:57:34.066	- Info  -	[udp] Disconnect
2023-03-17 09:57:34.066	- Info  -	[udp] SendDisconnect
2023-03-17 09:57:34.066	- Info  -	[MultiChannel] P2P channel disconnect 106.4.221.178:33051
2023-03-17 09:57:34.066	- Info  -	[oray][erroCode] errorcode=transf(57358), product=0, type=3, inner code=14 [CMultiChannelStream::P2PHandler::Handle:834]
2023-03-17 09:57:34.066	- Info  -	[MultiChannel] P2P channel disconnect 106.4.221.178:33051 and forward disconnect(errorcode 57358) @ 849
2023-03-17 09:57:34.066	- Info  -	[oray][erroCode] errorcode=transf(57358), product=0, type=3, inner code=14 [CMultiChannelStream::P2PHandler::Handle:850]
2023-03-17 09:57:34.066	- Info  -	[oray][erroCode] errorcode=oray_errorcode(57358), product=0, type=3, inner code=14 [CMultiplexLogicStream::Disconnect_impl:121]
2023-03-17 09:57:34.066	- Info  -	[oray][erroCode] errorcode=transf(0), product=0, type=0, inner code=0 [CMultiChannelStream::HandleDisconnect:1041]
2023-03-17 09:57:34.066	- Info  -	[PluginStream] MultiChannel disconnected server 182.100.46.19:443,error code:0
2023-03-17 09:57:34.066	- Info  -	[service] delete MultiChannelStream 0E637AAA381E4102B6E927CC2C3091E8
2023-03-17 09:57:34.066	- Info  -	[oray][erroCode] errorcode=errorcode(0), product=0, type=0, inner code=0 [CPluginStream::OnDisconnect:304]
2023-03-17 09:57:34.066	- Info  -	OnDisconnect, error code 0
2023-03-17 09:57:34.066	- Info  -	[oray][erroCode] errorcode=errcode(0), product=0, type=0, inner code=0 [BinaryPluginStream::OnDisconnect:404]
2023-03-17 09:57:34.066	- Info  -	[mdesktop] IMultiDesktopRouter::RevokeControl 1 OK
2023-03-17 09:57:34.066	- Info  -	[mdesktop] remove_input_stream (0)
2023-03-17 09:57:34.066	- Info  -	[mdesktop] revoke_control 1
2023-03-17 09:57:34.088	- Info  -	[server::handler] agent(1) client disconnected!

2023-03-17 09:57:34.088	* Error *	[oray][erroCode] errorcode=ORAY_ERROR_PHSTREAM_WRITE_TIMEOUT(57346), product=0, type=3, inner code=2 [Write2Stream:49]
2023-03-17 09:57:34.088	- Info  -	[oray][erroCode] errorcode=oray_errorcode(57346), product=0, type=3, inner code=2 [CMultiChannelStream::Disconnect_impl:254]
2023-03-17 09:57:34.088	- Info  -	PostPluguinLogImpl, event: control_end, plugin: desktop
2023-03-17 09:57:34.089	- Info  -	[http call3] new call id:22, url:https://sl-log.oray.net/slclientlog
2023-03-17 09:57:34.089	- Info  -	[oray][erroCode] errorcode=transf(0), product=0, type=0, inner code=0 [CMultiChannelStream::ForwardHandler::Handle:647]
2023-03-17 09:57:34.089	+Warning+	[MultiChannel] unbind forward stream(errorcode 0) @ 651
2023-03-17 09:57:34.107	- Info  -	[http call3] id:22 create new connection : https://sl-log.oray.net:443
2023-03-17 09:57:37.405	* Error *	[oray][erroCode] errorcode=ORAY_ERROR_DOMAIN_RESOLVED_FAILED(57394), product=0, type=3, inner code=50 [CSockConnector::ConnectSock:229]
2023-03-17 09:57:38.736	- Info  -	[ServiceEx] the service control is 13
2023-03-17 09:57:38.736	- Info  -	SERVICE_CONTROL_POWEREVENT************dwEventType:18
2023-03-17 09:57:38.736	+Warning+	[service] power event, system is resumed.
2023-03-17 09:57:40.502	- Info  -	[mdesktop] revoke remote 0 OK(174060609)
2023-03-17 09:57:41.694	- Info  -	[ServiceEx] the service control is 13
2023-03-17 09:57:41.694	- Info  -	SERVICE_CONTROL_POWEREVENT************dwEventType:7
2023-03-17 09:57:41.694	+Warning+	[service] power event, system is resumed.
2023-03-17 09:57:45.057	- Info  -	retry login now......
2023-03-17 09:57:45.057	- Info  -	Current client status: 2
2023-03-17 09:57:45.057	- Info  -	send status_changed notify 2
2023-03-17 09:57:45.058	- Info  -	Login task time 0
2023-03-17 09:57:45.058	- Info  -	[service] retry login by power event
2023-03-17 09:57:45.068	- Info  -	Do login( type: 2 ) at 379
2023-03-17 09:57:45.072	- Info  -	[http call3] new call id:23, url:https://slapi.oray.net/remote/get-fastcode
2023-03-17 09:57:45.072	- Info  -	[http call3] id:23 create new connection : https://slapi.oray.net:443
2023-03-17 09:57:45.074	* Error *	[oray][erroCode] errorcode=ORAY_ERROR_DOMAIN_RESOLVED_FAILED(57394), product=0, type=3, inner code=50 [CSockConnector::ConnectSock:229]
2023-03-17 09:57:46.229	- Info  -	[service] retry login by power event
2023-03-17 09:58:02.790	- Info  -	[ServiceEx] the service control is 13
2023-03-17 09:58:02.790	- Info  -	SERVICE_CONTROL_POWEREVENT************dwEventType:10
2023-03-17 09:58:05.648	- Info  -	[http call3] disconnect, error( 0 )
2023-03-17 09:58:05.648	- Info  -	[http call3] disconnect id:22, error( 0 )
2023-03-17 09:58:13.321	- Info  -	[http call3] disconnect, error( 0 )
2023-03-17 09:58:13.321	- Info  -	[http call3] disconnect id:23, error( 0 )
2023-03-17 09:58:13.321	* Error *	GetFastcode failed! error:-1, msg:net error
2023-03-17 09:58:13.321	- Info  -	Current client status: 0
2023-03-17 09:58:13.321	- Info  -	send status_changed notify 0
2023-03-17 09:58:13.321	- Info  -	[OnLogout start]
2023-03-17 09:58:13.322	- Info  -	[service] stop all projections
2023-03-17 09:58:13.322	- Info  -	retry login now......
2023-03-17 09:58:13.322	- Info  -	Current client status: 2
2023-03-17 09:58:13.322	- Info  -	send status_changed notify 2
2023-03-17 09:58:13.322	- Info  -	Login task time 0
2023-03-17 09:58:13.322	- Info  -	[OnLogout end]
2023-03-17 09:58:13.337	- Info  -	Do login( type: 2 ) at 379
2023-03-17 09:58:13.337	- Info  -	[http call3] new call id:24, url:https://slapi.oray.net/remote/get-fastcode
2023-03-17 09:58:13.353	- Info  -	[http call3] id:24 create new connection : https://slapi.oray.net:443
2023-03-17 09:58:13.355	- Info  -	attempt to connect server slapi.oray.net:443(121.40.99.129:443)
2023-03-17 09:58:13.567	- Info  -	[http call3] id:24, url:https://slapi.oray.net/remote/get-fastcode, status code:200
2023-03-17 09:58:13.588	- Info  -	attempt to connect server rc10-fc10.oray.com:443(121.40.171.186:443)
2023-03-17 09:58:13.691	- Info  -	[service] attempted logon
2023-03-17 09:58:13.726	- Info  -	[service] logon server OK. public ip:106.5.128.56
2023-03-17 09:58:13.755	- Info  -	[online] attempted client online
2023-03-17 09:58:13.784	- Info  -	[online] client online OK.
2023-03-17 09:58:13.784	- Info  -	[online] received name:default , description:default .
2023-03-17 09:58:13.794	- Info  -	[service] attempted register client to server
2023-03-17 09:58:13.817	- Info  -	[service] registered client to server
2023-03-17 09:58:13.817	- Info  -	[http call3] new call id:25, url:https://sl-log.oray.net/slclientlog
2023-03-17 09:58:13.817	- Info  -	Current client status: 1
2023-03-17 09:58:13.817	- Info  -	send status_changed notify 1
2023-03-17 09:58:13.822	- Info  -	[discover] Client NotifyDiscover type=5
2023-03-17 09:58:13.826	- Info  -	[http call3] id:25 create new connection : https://sl-log.oray.net:443
2023-03-17 09:58:13.829	- Info  -	[OnLogin start]
2023-03-17 09:58:13.832	- Info  -	[OnLogin end]
2023-03-17 09:58:13.842	- Info  -	[OnLogin] WaittingTask Start
2023-03-17 09:58:13.846	- Info  -	attempt to connect server sl-log.oray.net:443(121.199.72.21:443)
2023-03-17 09:58:13.850	- Info  -	Set auto_run : true
2023-03-17 09:58:13.975	- Info  -	[http call3] id:25, url:https://sl-log.oray.net/slclientlog, status code:200
2023-03-17 09:58:13.995	- Info  -	[OnLogin] WaittingTask end
2023-03-17 09:58:28.556	* Error *	SSLStream::IsWantReadWrite|peer(121.40.99.129:443), SSL_read failed( 6 ), error:00000000:lib(0):func(0):reason(0), file( ..\includes\common\phstream\SSLStream.cpp:1898 )
2023-03-17 09:58:28.556	- Info  -	[http call3] disconnect, error( 0 )
2023-03-17 09:58:43.978	* Error *	SSLStream::IsWantReadWrite|peer(121.199.72.21:443), SSL_read failed( 6 ), error:00000000:lib(0):func(0):reason(0), file( ..\includes\common\phstream\SSLStream.cpp:1898 )
2023-03-17 09:58:43.978	- Info  -	[http call3] disconnect, error( 0 )
2023-03-17 10:20:46.911	- Info  -	[ServiceEx] the service control is 13
2023-03-17 10:20:46.912	- Info  -	SERVICE_CONTROL_POWEREVENT************dwEventType:10
2023-03-17 10:42:36.565	- Info  -	[ServiceEx] the service control is 13
2023-03-17 10:42:36.566	- Info  -	SERVICE_CONTROL_POWEREVENT************dwEventType:10
2023-03-17 14:17:40.121	- Info  -	[ServiceEx] the service control is 13
2023-03-17 14:17:40.123	- Info  -	SERVICE_CONTROL_POWEREVENT************dwEventType:10
2023-03-17 14:17:42.595	- Info  -	[ServiceEx] the service control is 13
2023-03-17 14:17:42.595	- Info  -	SERVICE_CONTROL_POWEREVENT************dwEventType:10
2023-03-17 14:17:45.376	- Info  -	[ServiceEx] the service control is 13
2023-03-17 14:17:45.376	- Info  -	SERVICE_CONTROL_POWEREVENT************dwEventType:4
2023-03-17 14:17:45.376	+Warning+	[service] power event, system is suspending.
2023-03-17 14:17:45.381	- Info  -	Logout ...
2023-03-17 14:17:45.381	- Info  -	[oray][erroCode] errorcode=oray_errorcode(0), product=0, type=0, inner code=0 [CMultiplexLogicStream::Disconnect_impl:121]
2023-03-17 14:17:45.381	- Info  -	[RemoteControl] disconnected server(121.40.171.186:443),error code:0
2023-03-17 14:17:45.382	* Error *	[online] online disconnected,error code:0
2023-03-17 14:17:45.383	- Info  -	[oray][erroCode] errorcode=errorcode(0), product=0, type=0, inner code=0 [COnlineHandler::OnDisconnect:86]
2023-03-17 14:17:45.383	- Info  -	[service] disconnected server(121.40.171.186:443),errorcode:0
2023-03-17 14:17:45.383	- Info  -	curStatus: 0, m_Status: 1
2023-03-17 14:17:45.383	- Info  -	[http call3] new call id:26, url:https://sl-log.oray.net/slclientlog
2023-03-17 14:17:45.383	- Info  -	Current client status: 0
2023-03-17 14:17:45.384	- Info  -	send status_changed notify 0
2023-03-17 14:17:45.384	- Info  -	[OnLogout start]
2023-03-17 14:17:45.385	- Info  -	[service] stop all projections
2023-03-17 14:17:45.385	- Info  -	[OnLogout end]
2023-03-17 14:17:45.391	- Info  -	[http call3] id:26 create new connection : https://sl-log.oray.net:443
2023-03-17 14:17:45.405	- Info  -	attempt to connect server sl-log.oray.net:443(121.41.32.171:443)
2023-03-17 14:17:45.414	- Info  -	[MICRO LIVE] shell send close micro_live_plugin
2023-03-17 14:17:45.532	- Info  -	[http call3] id:26, url:https://sl-log.oray.net/slclientlog, status code:200
2023-03-18 08:21:25.751	+Warning+	[passive:keepalive:] 121.41.32.171:443 disconnect by keepalive timeout(254687609>=189667390+30000)
2023-03-18 08:21:25.751	+Warning+	[oray][erroCode] errorcode=ORAY_ERROR_PHSTREAM_KEEPALIVE_TIMEOUT(57351), product=0, type=3, inner code=7 [CPassiveKeepAliveHandler::Done:141]
2023-03-18 08:21:25.751	- Info  -	[http call3] disconnect, error( 57351 )
2023-03-18 08:21:29.711	- Info  -	[ServiceEx] the service control is 13
2023-03-18 08:21:29.711	- Info  -	SERVICE_CONTROL_POWEREVENT************dwEventType:7
2023-03-18 08:21:29.711	+Warning+	[service] power event, system is resumed.
2023-03-18 08:21:31.557	- Info  -	[ServiceEx] the service control is 13
2023-03-18 08:21:31.557	- Info  -	SERVICE_CONTROL_POWEREVENT************dwEventType:18
2023-03-18 08:21:31.557	+Warning+	[service] power event, system is resumed.
2023-03-18 08:21:32.094	- Info  -	[ServiceEx] the service control is 13
2023-03-18 08:21:32.094	- Info  -	SERVICE_CONTROL_POWEREVENT************dwEventType:10
2023-03-18 08:21:35.351	- Info  -	retry login now......
2023-03-18 08:21:35.351	- Info  -	Current client status: 2
2023-03-18 08:21:35.351	- Info  -	send status_changed notify 2
2023-03-18 08:21:35.352	- Info  -	Login task time 0
2023-03-18 08:21:35.352	- Info  -	[service] retry login by power event
2023-03-18 08:21:35.394	- Info  -	Do login( type: 2 ) at 379
2023-03-18 08:21:35.409	- Info  -	[http call3] new call id:27, url:https://slapi.oray.net/remote/get-fastcode
2023-03-18 08:21:35.410	- Info  -	[http call3] id:27 create new connection : https://slapi.oray.net:443
2023-03-18 08:21:35.414	* Error *	[oray][erroCode] errorcode=ORAY_ERROR_DOMAIN_RESOLVED_FAILED(57394), product=0, type=3, inner code=50 [CSockConnector::ConnectSock:229]
2023-03-18 08:21:40.644	- Info  -	[service] retry login by power event
2023-03-18 08:22:03.391	- Info  -	[http call3] disconnect, error( 0 )
2023-03-18 08:22:03.391	- Info  -	[http call3] disconnect id:27, error( 0 )
2023-03-18 08:22:03.391	* Error *	GetFastcode failed! error:-1, msg:net error
2023-03-18 08:22:03.391	- Info  -	Current client status: 0
2023-03-18 08:22:03.391	- Info  -	send status_changed notify 0
2023-03-18 08:22:03.391	- Info  -	[OnLogout start]
2023-03-18 08:22:03.391	- Info  -	[service] stop all projections
2023-03-18 08:22:03.391	- Info  -	retry login now......
2023-03-18 08:22:03.391	- Info  -	Current client status: 2
2023-03-18 08:22:03.391	- Info  -	send status_changed notify 2
2023-03-18 08:22:03.391	- Info  -	Login task time 0
2023-03-18 08:22:03.391	- Info  -	[OnLogout end]
2023-03-18 08:22:03.407	- Info  -	Do login( type: 2 ) at 379
2023-03-18 08:22:03.407	- Info  -	[http call3] new call id:28, url:https://slapi.oray.net/remote/get-fastcode
2023-03-18 08:22:03.423	- Info  -	[http call3] id:28 create new connection : https://slapi.oray.net:443
2023-03-18 08:22:03.432	- Info  -	attempt to connect server slapi.oray.net:443(121.40.99.129:443)
2023-03-18 08:22:03.622	- Info  -	[http call3] id:28, url:https://slapi.oray.net/remote/get-fastcode, status code:200
2023-03-18 08:22:03.633	- Info  -	attempt to connect server rc10-fc14.oray.com:443(81.69.183.65:443)
2023-03-18 08:22:03.737	- Info  -	[service] attempted logon
2023-03-18 08:22:03.809	- Info  -	[service] logon server OK. public ip:223.82.110.30
2023-03-18 08:22:03.836	- Info  -	[online] attempted client online
2023-03-18 08:22:03.862	- Info  -	[online] client online OK.
2023-03-18 08:22:03.863	- Info  -	[online] received name:default , description:default .
2023-03-18 08:22:03.870	- Info  -	[service] attempted register client to server
2023-03-18 08:22:03.898	- Info  -	[service] registered client to server
2023-03-18 08:22:03.898	- Info  -	[http call3] new call id:29, url:https://sl-log.oray.net/slclientlog
2023-03-18 08:22:03.898	- Info  -	Current client status: 1
2023-03-18 08:22:03.898	- Info  -	send status_changed notify 1
2023-03-18 08:22:03.902	- Info  -	[http call3] id:29 create new connection : https://sl-log.oray.net:443
2023-03-18 08:22:03.912	- Info  -	[discover] Client NotifyDiscover type=5
2023-03-18 08:22:03.914	- Info  -	attempt to connect server sl-log.oray.net:443(121.40.118.44:443)
2023-03-18 08:22:03.921	- Info  -	[OnLogin start]
2023-03-18 08:22:03.922	- Info  -	[OnLogin end]
2023-03-18 08:22:03.933	- Info  -	[OnLogin] WaittingTask Start
2023-03-18 08:22:03.938	- Info  -	Set auto_run : true
2023-03-18 08:22:03.991	- Info  -	[OnLogin] WaittingTask end
2023-03-18 08:22:04.036	- Info  -	[http call3] id:29, url:https://sl-log.oray.net/slclientlog, status code:200
2023-03-18 08:22:18.621	* Error *	SSLStream::IsWantReadWrite|peer(121.40.99.129:443), SSL_read failed( 6 ), error:00000000:lib(0):func(0):reason(0), file( ..\includes\common\phstream\SSLStream.cpp:1898 )
2023-03-18 08:22:18.621	- Info  -	[http call3] disconnect, error( 0 )
2023-03-18 08:22:34.035	* Error *	SSLStream::IsWantReadWrite|peer(121.40.118.44:443), SSL_read failed( 6 ), error:00000000:lib(0):func(0):reason(0), file( ..\includes\common\phstream\SSLStream.cpp:1898 )
2023-03-18 08:22:34.035	- Info  -	[http call3] disconnect, error( 0 )
2023-03-18 08:42:50.170	- Info  -	[ServiceEx] the service control is 13
2023-03-18 08:42:50.170	- Info  -	SERVICE_CONTROL_POWEREVENT************dwEventType:10
2023-03-18 09:05:33.614	- Info  -	[ServiceEx] the service control is 13
2023-03-18 09:05:33.616	- Info  -	SERVICE_CONTROL_POWEREVENT************dwEventType:10
2023-03-18 14:06:28.698	- Info  -	[ServiceEx] the service control is 13
2023-03-18 14:06:28.700	- Info  -	SERVICE_CONTROL_POWEREVENT************dwEventType:10
2023-03-18 17:01:08.984	- Info  -	[ServiceEx] the service control is 13
2023-03-18 17:01:08.988	- Info  -	SERVICE_CONTROL_POWEREVENT************dwEventType:10
2023-03-18 17:01:11.498	- Info  -	[ServiceEx] the service control is 13
2023-03-18 17:01:11.499	- Info  -	SERVICE_CONTROL_POWEREVENT************dwEventType:4
2023-03-18 17:01:11.500	+Warning+	[service] power event, system is suspending.
2023-03-18 17:01:11.521	- Info  -	Logout ...
2023-03-18 17:01:11.527	- Info  -	[oray][erroCode] errorcode=oray_errorcode(0), product=0, type=0, inner code=0 [CMultiplexLogicStream::Disconnect_impl:121]
2023-03-18 17:01:11.527	- Info  -	[RemoteControl] disconnected server(81.69.183.65:443),error code:0
2023-03-18 17:01:11.531	* Error *	[online] online disconnected,error code:0
2023-03-18 17:01:11.531	- Info  -	[oray][erroCode] errorcode=errorcode(0), product=0, type=0, inner code=0 [COnlineHandler::OnDisconnect:86]
2023-03-18 17:01:11.532	- Info  -	[service] disconnected server(81.69.183.65:443),errorcode:0
2023-03-18 17:01:11.535	- Info  -	curStatus: 0, m_Status: 1
2023-03-18 17:01:11.543	- Info  -	[http call3] new call id:30, url:https://sl-log.oray.net/slclientlog
2023-03-18 17:01:11.544	- Info  -	Current client status: 0
2023-03-18 17:01:11.545	- Info  -	send status_changed notify 0
2023-03-18 17:01:11.545	- Info  -	[OnLogout start]
2023-03-18 17:01:11.549	- Info  -	[service] stop all projections
2023-03-18 17:01:11.552	- Info  -	[http call3] id:30 create new connection : https://sl-log.oray.net:443
2023-03-18 17:01:11.552	- Info  -	[OnLogout end]
2023-03-18 17:01:11.566	- Info  -	attempt to connect server sl-log.oray.net:443(47.97.183.66:443)
2023-03-18 17:01:11.663	- Info  -	[MICRO LIVE] shell send close micro_live_plugin
2023-03-18 17:01:11.706	- Info  -	[http call3] id:30, url:https://sl-log.oray.net/slclientlog, status code:200
2023-03-18 17:01:11.876	- Info  -	[ServiceEx] the service control is 13
2023-03-18 17:01:11.876	- Info  -	SERVICE_CONTROL_POWEREVENT************dwEventType:10
2023-03-20 08:23:16.517	+Warning+	[passive:keepalive:] 47.97.183.66:443 disconnect by keepalive timeout(427600390>=285875578+30000)
2023-03-20 08:23:16.517	+Warning+	[oray][erroCode] errorcode=ORAY_ERROR_PHSTREAM_KEEPALIVE_TIMEOUT(57351), product=0, type=3, inner code=7 [CPassiveKeepAliveHandler::Done:141]
2023-03-20 08:23:16.517	- Info  -	[http call3] disconnect, error( 57351 )
2023-03-20 08:23:24.080	- Info  -	[ServiceEx] the service control is 13
2023-03-20 08:23:24.082	- Info  -	SERVICE_CONTROL_POWEREVENT************dwEventType:18
2023-03-20 08:23:24.082	+Warning+	[service] power event, system is resumed.
2023-03-20 08:23:26.679	- Info  -	[ServiceEx] the service control is 13
2023-03-20 08:23:26.679	- Info  -	SERVICE_CONTROL_POWEREVENT************dwEventType:7
2023-03-20 08:23:26.679	+Warning+	[service] power event, system is resumed.
2023-03-20 08:23:27.619	- Info  -	[ServiceEx] the service control is 13
2023-03-20 08:23:27.619	- Info  -	SERVICE_CONTROL_POWEREVENT************dwEventType:10
2023-03-20 08:23:30.314	- Info  -	retry login now......
2023-03-20 08:23:30.314	- Info  -	Current client status: 2
2023-03-20 08:23:30.314	- Info  -	send status_changed notify 2
2023-03-20 08:23:30.315	- Info  -	Login task time 0
2023-03-20 08:23:30.317	- Info  -	[service] retry login by power event
2023-03-20 08:23:30.326	- Info  -	Do login( type: 2 ) at 379
2023-03-20 08:23:30.335	- Info  -	[http call3] new call id:31, url:https://slapi.oray.net/remote/get-fastcode
2023-03-20 08:23:30.347	- Info  -	[http call3] id:31 create new connection : https://slapi.oray.net:443
2023-03-20 08:23:30.348	* Error *	[oray][erroCode] errorcode=ORAY_ERROR_DOMAIN_RESOLVED_FAILED(57394), product=0, type=3, inner code=50 [CSockConnector::ConnectSock:229]
2023-03-20 08:23:35.410	- Info  -	[service] retry login by power event
2023-03-20 08:24:00.356	- Info  -	[http call3] disconnect, error( 0 )
2023-03-20 08:24:00.359	- Info  -	[http call3] disconnect id:31, error( 0 )
2023-03-20 08:24:00.359	* Error *	GetFastcode failed! error:-1, msg:net error
2023-03-20 08:24:00.359	- Info  -	Current client status: 0
2023-03-20 08:24:00.360	- Info  -	send status_changed notify 0
2023-03-20 08:24:00.360	- Info  -	[OnLogout start]
2023-03-20 08:24:00.361	- Info  -	[service] stop all projections
2023-03-20 08:24:00.361	- Info  -	retry login now......
2023-03-20 08:24:00.361	- Info  -	Current client status: 2
2023-03-20 08:24:00.361	- Info  -	send status_changed notify 2
2023-03-20 08:24:00.362	- Info  -	Login task time 0
2023-03-20 08:24:00.362	- Info  -	[OnLogout end]
2023-03-20 08:24:00.496	- Info  -	Do login( type: 2 ) at 379
2023-03-20 08:24:00.496	- Info  -	[http call3] new call id:32, url:https://slapi.oray.net/remote/get-fastcode
2023-03-20 08:24:00.503	- Info  -	[http call3] id:32 create new connection : https://slapi.oray.net:443
2023-03-20 08:24:00.556	- Info  -	attempt to connect server slapi.oray.net:443(121.40.99.129:443)
2023-03-20 08:24:00.791	- Info  -	[http call3] id:32, url:https://slapi.oray.net/remote/get-fastcode, status code:200
2023-03-20 08:24:00.936	- Info  -	attempt to connect server rc10-fc05.oray.com:443(47.118.71.166:443)
2023-03-20 08:24:01.094	- Info  -	[service] attempted logon
2023-03-20 08:24:01.161	- Info  -	[service] logon server OK. public ip:223.82.110.30
2023-03-20 08:24:01.221	- Info  -	[online] attempted client online
2023-03-20 08:24:01.261	- Info  -	[online] client online OK.
2023-03-20 08:24:01.262	- Info  -	[online] received name:default , description:default .
2023-03-20 08:24:01.271	- Info  -	[service] attempted register client to server
2023-03-20 08:24:01.333	- Info  -	[service] registered client to server
2023-03-20 08:24:01.333	- Info  -	[http call3] new call id:33, url:https://sl-log.oray.net/slclientlog
2023-03-20 08:24:01.333	- Info  -	Current client status: 1
2023-03-20 08:24:01.334	- Info  -	send status_changed notify 1
2023-03-20 08:24:01.335	- Info  -	[http call3] id:33 create new connection : https://sl-log.oray.net:443
2023-03-20 08:24:01.349	- Info  -	[discover] Client NotifyDiscover type=5
2023-03-20 08:24:01.357	- Info  -	attempt to connect server sl-log.oray.net:443(47.97.186.100:443)
2023-03-20 08:24:01.540	- Info  -	[http call3] id:33, url:https://sl-log.oray.net/slclientlog, status code:200
2023-03-20 08:24:01.690	- Info  -	[OnLogin start]
2023-03-20 08:24:01.691	- Info  -	[OnLogin end]
2023-03-20 08:24:01.748	- Info  -	[OnLogin] WaittingTask Start
2023-03-20 08:24:01.771	- Info  -	Set auto_run : true
2023-03-20 08:24:02.405	- Info  -	[OnLogin] WaittingTask end
2023-03-20 08:24:15.788	* Error *	SSLStream::IsWantReadWrite|peer(121.40.99.129:443), SSL_read failed( 6 ), error:00000000:lib(0):func(0):reason(0), file( ..\includes\common\phstream\SSLStream.cpp:1898 )
2023-03-20 08:24:15.788	- Info  -	[http call3] disconnect, error( 0 )
2023-03-20 08:24:31.526	* Error *	SSLStream::IsWantReadWrite|peer(47.97.186.100:443), SSL_read failed( 6 ), error:00000000:lib(0):func(0):reason(0), file( ..\includes\common\phstream\SSLStream.cpp:1898 )
2023-03-20 08:24:31.528	- Info  -	[http call3] disconnect, error( 0 )
2023-03-20 09:13:06.874	- Info  -	[ServiceEx] the service control is 13
2023-03-20 09:13:06.876	- Info  -	SERVICE_CONTROL_POWEREVENT************dwEventType:10
2023-03-20 09:32:25.183	- Info  -	[ServiceEx] the service control is 13
2023-03-20 09:32:25.213	- Info  -	SERVICE_CONTROL_POWEREVENT************dwEventType:10
2023-03-20 09:32:27.515	- Info  -	[ServiceEx] the service control is 13
2023-03-20 09:32:27.516	- Info  -	SERVICE_CONTROL_POWEREVENT************dwEventType:10
2023-03-20 09:34:14.931	- Info  -	[ServiceEx] the service control is 13
2023-03-20 09:34:14.931	- Info  -	SERVICE_CONTROL_POWEREVENT************dwEventType:10
2023-03-20 09:34:18.866	- Info  -	[ServiceEx] the service control is 13
2023-03-20 09:34:18.866	- Info  -	SERVICE_CONTROL_POWEREVENT************dwEventType:10
2023-03-20 09:42:45.717	- Info  -	[ServiceEx] the service control is 13
2023-03-20 09:42:45.717	- Info  -	SERVICE_CONTROL_POWEREVENT************dwEventType:10
2023-03-20 09:42:47.728	- Info  -	[ServiceEx] the service control is 13
2023-03-20 09:42:47.728	- Info  -	SERVICE_CONTROL_POWEREVENT************dwEventType:10
2023-03-20 12:31:51.478	- Info  -	[ServiceEx] the service control is 13
2023-03-20 12:31:51.538	- Info  -	SERVICE_CONTROL_POWEREVENT************dwEventType:10
2023-03-20 12:31:55.287	- Info  -	[ServiceEx] the service control is 13
2023-03-20 12:31:55.287	- Info  -	SERVICE_CONTROL_POWEREVENT************dwEventType:10
2023-03-20 12:32:00.015	- Info  -	[ServiceEx] the service control is 13
2023-03-20 12:32:00.017	- Info  -	SERVICE_CONTROL_POWEREVENT************dwEventType:10
2023-03-20 13:28:24.789	- Info  -	[ServiceEx] the service control is 5
2023-03-20 13:28:24.805	- Info  -	SERVICE_CONTROL_SHUTDOWN************
2023-03-20 13:28:24.805	- Info  -	[discover] Client NotifyDiscover type=6
2023-03-20 13:28:25.008	- Info  -	Logout ...
2023-03-20 13:28:25.008	- Info  -	[oray][erroCode] errorcode=oray_errorcode(0), product=0, type=0, inner code=0 [CMultiplexLogicStream::Disconnect_impl:121]
2023-03-20 13:28:25.008	- Info  -	[RemoteControl] disconnected server(47.118.71.166:443),error code:0
2023-03-20 13:28:25.023	* Error *	[online] online disconnected,error code:0
2023-03-20 13:28:25.023	- Info  -	[oray][erroCode] errorcode=errorcode(0), product=0, type=0, inner code=0 [COnlineHandler::OnDisconnect:86]
2023-03-20 13:28:25.023	- Info  -	[service] disconnected server(47.118.71.166:443),errorcode:0
2023-03-20 13:28:25.023	- Info  -	curStatus: 0, m_Status: 1
2023-03-20 13:28:25.055	- Info  -	[http call3] new call id:34, url:https://sl-log.oray.net/slclientlog
2023-03-20 13:28:25.055	- Info  -	Current client status: 0
2023-03-20 13:28:25.086	- Info  -	[http call3] id:34 create new connection : https://sl-log.oray.net:443
2023-03-20 13:28:25.211	- Info  -	attempt to connect server sl-log.oray.net:443(121.199.72.21:443)
2023-03-20 13:28:25.289	- Info  -	[CUDPLibWrapper] map size: 0, value: 
2023-03-20 13:28:25.289	- Info  -	[service] stop listen OK
2023-03-20 13:28:25.305	- Info  -	[service] stop all projections
2023-03-20 13:28:25.305	- Info  -	[discover] Client NotifyDiscover type=6
2023-03-20 13:28:25.539	- Info  -	[http call3] id:34, url:https://sl-log.oray.net/slclientlog, status code:200
2023-03-20 13:28:26.252	- Info  -	[http call3] disconnect, error( 10054 )
2023-03-20 13:28:28.326	* Error *	[hidden_wnd] Message Thread Exit wrong: 258
2023-03-20 13:28:28.346	- Info  -	[CUDPLibWrapper] map size: 0, value: 
2023-03-20 13:28:28.349	- Info  -	Terminate OK
2023-03-20 13:28:28.354	- Info  -	Terminate OK
2023-03-20 13:28:28.361	- Info  -	[service] stop all projections
2023-03-20 13:28:28.395	- Info  -	program service is exit 
