2023-01-15 11:13:11.833	- Info  -	version:3.2.1.40406
2023-01-15 11:13:11.972	* Error *	SSLStream|Remove temp(C:\Windows\TEMP\u2qo.0) file ok
2023-01-15 11:13:12.248	- Info  -	Initialize OK
2023-01-15 11:13:12.248	- Info  -	CAcceptorRaw::set_listener
2023-01-15 11:13:12.248	- Info  -	DesktopAgentServer created with port 0.
2023-01-15 11:13:12.715	* Error *	[udpstack] bind 0.0.0.0:15223 error , errorno = 10048
2023-01-15 11:13:12.717	- Info  -	[service] start listen OK,tcp:0.0.0.0:49675,udp:15334
2023-01-15 11:13:12.739	- Info  -	[discover] Client NotifyDiscover type=5
2023-01-15 11:13:12.882	- Info  -	[localserver] Not use proxy
2023-01-15 11:13:13.117	- Info  -	network error, retrying login server
2023-01-15 11:13:16.133	- Info  -	[mac] local ip:192.168.0.193
2023-01-15 11:13:16.211	- Info  -	[mac] mac address:00:F4:8D:D2:3C:CF
2023-01-15 11:13:16.211	- Info  -	get mac address: 00:F4:8D:D2:3C:CF
2023-01-15 11:13:19.478	- Info  -	os name:Microsoft Windows 10 专业版
2023-01-15 11:13:20.851	- Info  -	m_clientinfo.mac: 00:F4:8D:D2:3C:CF
2023-01-15 11:13:20.936	- Info  -	Current client status: 2
2023-01-15 11:13:20.936	- Info  -	send status_changed notify 2
2023-01-15 11:13:20.936	- Info  -	Login task time 0
2023-01-15 11:13:20.936	- Info  -	Do login( type: 2 ) at 379
2023-01-15 11:13:20.936	- Info  -	[http call3] new call id:1, url:https://slapi.oray.net/remote/get-fastcode
2023-01-15 11:13:20.936	- Info  -	[http call3] id:1 create new connection : https://slapi.oray.net:443
2023-01-15 11:13:21.019	- Info  -	attempt to connect server slapi.oray.net:443(121.40.99.129:443)
2023-01-15 11:13:21.424	- Info  -	[http call3] id:1, url:https://slapi.oray.net/remote/get-fastcode, status code:200
2023-01-15 11:13:21.469	- Info  -	attempt to connect server rc10-fc11.oray.com:443(120.55.59.130:443)
2023-01-15 11:13:21.583	- Info  -	[service] attempted logon
2023-01-15 11:13:21.632	- Info  -	[service] logon server OK. public ip:183.219.207.244
2023-01-15 11:13:21.652	- Info  -	[online] attempted client online
2023-01-15 11:13:21.680	- Info  -	[online] client online OK.
2023-01-15 11:13:21.681	- Info  -	[online] received name:default , description:default .
2023-01-15 11:13:21.687	- Info  -	[service] attempted register client to server
2023-01-15 11:13:21.714	- Info  -	[service] registered client to server
2023-01-15 11:13:21.714	- Info  -	[http call3] new call id:2, url:https://sl-log.oray.net/slclientlog
2023-01-15 11:13:21.714	- Info  -	Current client status: 1
2023-01-15 11:13:21.714	- Info  -	send status_changed notify 1
2023-01-15 11:13:21.719	- Info  -	[http call3] id:2 create new connection : https://sl-log.oray.net:443
2023-01-15 11:13:21.735	- Info  -	attempt to connect server sl-log.oray.net:443(47.97.162.230:443)
2023-01-15 11:13:21.748	- Info  -	[discover] Client NotifyDiscover type=5
2023-01-15 11:13:21.792	- Info  -	[OnLogin start]
2023-01-15 11:13:21.793	- Info  -	[OnLogin end]
2023-01-15 11:13:21.815	- Info  -	[OnLogin] WaittingTask Start
2023-01-15 11:13:21.818	- Info  -	Set auto_run : true
2023-01-15 11:13:21.866	- Info  -	[http call3] id:2, url:https://sl-log.oray.net/slclientlog, status code:200
2023-01-15 11:13:21.868	- Info  -	[OnLogin] WaittingTask end
2023-01-15 11:13:28.541	- Info  -	[ServiceEx] the service control is 13
2023-01-15 11:13:28.541	- Info  -	SERVICE_CONTROL_POWEREVENT************dwEventType:10
2023-01-15 11:13:36.421	* Error *	SSLStream::IsWantReadWrite|peer(121.40.99.129:443), SSL_read failed( 6 ), error:00000000:lib(0):func(0):reason(0), file( ..\includes\common\phstream\SSLStream.cpp:1898 )
2023-01-15 11:13:36.421	- Info  -	[http call3] disconnect, error( 0 )
2023-01-15 11:13:51.865	* Error *	SSLStream::IsWantReadWrite|peer(47.97.162.230:443), SSL_read failed( 6 ), error:00000000:lib(0):func(0):reason(0), file( ..\includes\common\phstream\SSLStream.cpp:1898 )
2023-01-15 11:13:51.865	- Info  -	[http call3] disconnect, error( 0 )
2023-01-15 11:13:53.976	- Info  -	[MICRO LIVE] shell oninitdialog to get microlive info enable = 0 status = 0 timelast = 0
2023-01-15 11:22:29.404	- Info  -	[ServiceEx] the service control is 13
2023-01-15 11:22:29.410	- Info  -	SERVICE_CONTROL_POWEREVENT************dwEventType:10
2023-01-15 11:22:36.406	- Info  -	[ServiceEx] the service control is 13
2023-01-15 11:22:36.406	- Info  -	SERVICE_CONTROL_POWEREVENT************dwEventType:10
2023-01-15 11:27:14.463	- Info  -	[ServiceEx] the service control is 13
2023-01-15 11:27:14.464	- Info  -	SERVICE_CONTROL_POWEREVENT************dwEventType:4
2023-01-15 11:27:14.464	+Warning+	[service] power event, system is suspending.
2023-01-15 11:27:14.465	- Info  -	Logout ...
2023-01-15 11:27:14.465	- Info  -	[oray][erroCode] errorcode=oray_errorcode(0), product=0, type=0, inner code=0 [CMultiplexLogicStream::Disconnect_impl:121]
2023-01-15 11:27:14.465	- Info  -	[RemoteControl] disconnected server(120.55.59.130:443),error code:0
2023-01-15 11:27:14.465	* Error *	[online] online disconnected,error code:0
2023-01-15 11:27:14.466	- Info  -	[oray][erroCode] errorcode=errorcode(0), product=0, type=0, inner code=0 [COnlineHandler::OnDisconnect:86]
2023-01-15 11:27:14.468	- Info  -	[service] disconnected server(120.55.59.130:443),errorcode:0
2023-01-15 11:27:14.468	- Info  -	curStatus: 0, m_Status: 1
2023-01-15 11:27:14.468	- Info  -	[http call3] new call id:3, url:https://sl-log.oray.net/slclientlog
2023-01-15 11:27:14.468	- Info  -	Current client status: 0
2023-01-15 11:27:14.468	- Info  -	send status_changed notify 0
2023-01-15 11:27:14.468	- Info  -	[OnLogout start]
2023-01-15 11:27:14.470	- Info  -	[service] stop all projections
2023-01-15 11:27:14.470	- Info  -	[OnLogout end]
2023-01-15 11:27:14.480	- Info  -	[http call3] id:3 create new connection : https://sl-log.oray.net:443
2023-01-15 11:27:14.491	- Info  -	[MICRO LIVE] shell send close micro_live_plugin
2023-01-15 11:27:14.496	- Info  -	attempt to connect server sl-log.oray.net:443(121.199.72.21:443)
2023-01-15 11:27:14.664	- Info  -	[http call3] id:3, url:https://sl-log.oray.net/slclientlog, status code:200
2023-01-15 13:04:08.515	+Warning+	[passive:keepalive:] 121.199.72.21:443 disconnect by keepalive timeout(6679421>=865578+30000)
2023-01-15 13:04:08.515	+Warning+	[oray][erroCode] errorcode=ORAY_ERROR_PHSTREAM_KEEPALIVE_TIMEOUT(57351), product=0, type=3, inner code=7 [CPassiveKeepAliveHandler::Done:141]
2023-01-15 13:04:08.516	- Info  -	[http call3] disconnect, error( 57351 )
2023-01-15 13:04:12.573	- Info  -	[ServiceEx] the service control is 13
2023-01-15 13:04:12.573	- Info  -	SERVICE_CONTROL_POWEREVENT************dwEventType:18
2023-01-15 13:04:12.573	+Warning+	[service] power event, system is resumed.
2023-01-15 13:04:13.343	- Info  -	retry login now......
2023-01-15 13:04:13.343	- Info  -	Current client status: 2
2023-01-15 13:04:13.343	- Info  -	send status_changed notify 2
2023-01-15 13:04:13.344	- Info  -	Login task time 0
2023-01-15 13:04:13.344	- Info  -	[service] retry login by power event
2023-01-15 13:04:13.405	- Info  -	Do login( type: 2 ) at 379
2023-01-15 13:04:13.406	- Info  -	[http call3] new call id:4, url:https://slapi.oray.net/remote/get-fastcode
2023-01-15 13:04:13.416	- Info  -	[http call3] id:4 create new connection : https://slapi.oray.net:443
2023-01-15 13:04:15.448	- Info  -	attempt to connect server slapi.oray.net:443(121.40.99.129:443)
2023-01-15 13:04:16.401	- Info  -	[http call3] id:4, url:https://slapi.oray.net/remote/get-fastcode, status code:200
2023-01-15 13:04:17.144	- Info  -	attempt to connect server rc10-fc.oray.com:443(47.110.142.43:443)
2023-01-15 13:04:17.525	- Info  -	[ServiceEx] the service control is 13
2023-01-15 13:04:17.525	- Info  -	SERVICE_CONTROL_POWEREVENT************dwEventType:7
2023-01-15 13:04:17.525	+Warning+	[service] power event, system is resumed.
2023-01-15 13:04:17.839	- Info  -	[service] retry login by power event
2023-01-15 13:04:17.877	- Info  -	[service] attempted logon
2023-01-15 13:04:17.911	- Info  -	[service] logon server OK. public ip:183.219.207.244
2023-01-15 13:04:17.933	- Info  -	[online] attempted client online
2023-01-15 13:04:17.957	- Info  -	[online] client online OK.
2023-01-15 13:04:17.958	- Info  -	[online] received name:default , description:default .
2023-01-15 13:04:17.969	- Info  -	[service] attempted register client to server
2023-01-15 13:04:17.993	- Info  -	[service] registered client to server
2023-01-15 13:04:17.993	- Info  -	[http call3] new call id:5, url:https://sl-log.oray.net/slclientlog
2023-01-15 13:04:17.993	- Info  -	Current client status: 1
2023-01-15 13:04:17.993	- Info  -	send status_changed notify 1
2023-01-15 13:04:18.000	- Info  -	[http call3] id:5 create new connection : https://sl-log.oray.net:443
2023-01-15 13:04:18.026	- Info  -	[discover] Client NotifyDiscover type=5
2023-01-15 13:04:18.036	- Info  -	[OnLogin start]
2023-01-15 13:04:18.048	- Info  -	[OnLogin] WaittingTask Start
2023-01-15 13:04:18.247	- Info  -	[OnLogin end]
2023-01-15 13:04:18.331	- Info  -	attempt to connect server sl-log.oray.net:443(121.199.72.21:443)
2023-01-15 13:04:19.042	- Info  -	[http call3] id:5, url:https://sl-log.oray.net/slclientlog, status code:200
2023-01-15 13:04:19.272	- Info  -	Set auto_run : true
2023-01-15 13:04:20.540	- Info  -	[OnLogin] WaittingTask end
2023-01-15 13:04:31.400	* Error *	SSLStream::IsWantReadWrite|peer(121.40.99.129:443), SSL_read failed( 6 ), error:00000000:lib(0):func(0):reason(0), file( ..\includes\common\phstream\SSLStream.cpp:1898 )
2023-01-15 13:04:31.401	- Info  -	[http call3] disconnect, error( 0 )
2023-01-15 13:04:49.027	* Error *	SSLStream::IsWantReadWrite|peer(121.199.72.21:443), SSL_read failed( 6 ), error:00000000:lib(0):func(0):reason(0), file( ..\includes\common\phstream\SSLStream.cpp:1898 )
2023-01-15 13:04:49.028	- Info  -	[http call3] disconnect, error( 0 )
2023-01-15 13:05:17.882	- Info  -	[ServiceEx] the service control is 13
2023-01-15 13:05:17.883	- Info  -	SERVICE_CONTROL_POWEREVENT************dwEventType:10
2023-01-15 13:05:19.823	- Info  -	[ServiceEx] the service control is 13
2023-01-15 13:05:19.823	- Info  -	SERVICE_CONTROL_POWEREVENT************dwEventType:10
2023-01-15 13:48:19.486	- Info  -	[ServiceEx] the service control is 13
2023-01-15 13:48:19.489	- Info  -	SERVICE_CONTROL_POWEREVENT************dwEventType:10
2023-01-15 13:53:11.014	- Info  -	[ServiceEx] the service control is 13
2023-01-15 13:53:11.014	- Info  -	SERVICE_CONTROL_POWEREVENT************dwEventType:10
2023-01-15 13:53:12.954	- Info  -	[ServiceEx] the service control is 13
2023-01-15 13:53:12.954	- Info  -	SERVICE_CONTROL_POWEREVENT************dwEventType:10
2023-01-15 15:47:18.290	+Warning+	[passive:keepalive:] 47.110.142.43:443 disconnect by keepalive timeout(16469187>=16348625+120000)
2023-01-15 15:47:18.297	+Warning+	[oray][erroCode] errorcode=ORAY_ERROR_PHSTREAM_KEEPALIVE_TIMEOUT(57351), product=0, type=3, inner code=7 [CPassiveKeepAliveHandler::Done:141]
2023-01-15 15:47:18.298	- Info  -	[oray][erroCode] errorcode=oray_errorcode(57351), product=0, type=3, inner code=7 [CMultiplexLogicStream::Disconnect_impl:121]
2023-01-15 15:47:18.299	* Error *	[online] online disconnected,error code:0
2023-01-15 15:47:18.299	- Info  -	[oray][erroCode] errorcode=errorcode(0), product=0, type=0, inner code=0 [COnlineHandler::OnDisconnect:86]
2023-01-15 15:47:18.305	- Info  -	[RemoteControl] disconnected server(47.110.142.43:443),error code:0
2023-01-15 15:47:18.309	- Info  -	[service] disconnected server(47.110.142.43:443),errorcode:0
2023-01-15 15:47:18.313	- Info  -	curStatus: 0, m_Status: 1
2023-01-15 15:47:18.333	- Info  -	[http call3] new call id:6, url:https://sl-log.oray.net/slclientlog
2023-01-15 15:47:18.335	- Info  -	Current client status: 0
2023-01-15 15:47:18.336	- Info  -	send status_changed notify 0
2023-01-15 15:47:18.336	- Info  -	[OnLogout start]
2023-01-15 15:47:18.363	- Info  -	[http call3] id:6 create new connection : https://sl-log.oray.net:443
2023-01-15 15:47:18.368	- Info  -	[service] stop all projections
2023-01-15 15:47:18.378	- Info  -	retry login now......
2023-01-15 15:47:18.378	- Info  -	Current client status: 2
2023-01-15 15:47:18.378	- Info  -	send status_changed notify 2
2023-01-15 15:47:18.380	- Info  -	Login task time 0
2023-01-15 15:47:18.381	- Info  -	[OnLogout end]
2023-01-15 15:47:18.391	- Info  -	Do login( type: 2 ) at 379
2023-01-15 15:47:18.401	- Info  -	[http call3] new call id:7, url:https://slapi.oray.net/remote/get-fastcode
2023-01-15 15:47:18.411	- Info  -	attempt to connect server sl-log.oray.net:443(121.41.32.171:443)
2023-01-15 15:47:18.414	- Info  -	[http call3] id:7 create new connection : https://slapi.oray.net:443
2023-01-15 15:47:18.463	- Info  -	attempt to connect server slapi.oray.net:443(121.40.99.129:443)
2023-01-15 15:47:18.830	- Info  -	[http call3] id:6, url:https://sl-log.oray.net/slclientlog, status code:200
2023-01-15 15:47:18.924	- Info  -	[http call3] id:7, url:https://slapi.oray.net/remote/get-fastcode, status code:200
2023-01-15 15:47:18.951	- Info  -	attempt to connect server rc10-fc06.oray.com:443(120.26.127.51:443)
2023-01-15 15:47:19.060	- Info  -	[service] attempted logon
2023-01-15 15:47:19.125	- Info  -	[service] logon server OK. public ip:183.219.207.244
2023-01-15 15:47:19.155	- Info  -	[online] attempted client online
2023-01-15 15:47:19.189	- Info  -	[online] client online OK.
2023-01-15 15:47:19.191	- Info  -	[online] received name:default , description:default .
2023-01-15 15:47:19.212	- Info  -	[service] attempted register client to server
2023-01-15 15:47:19.244	- Info  -	[service] registered client to server
2023-01-15 15:47:19.245	- Info  -	[http call3] new call id:8, url:https://sl-log.oray.net/slclientlog
2023-01-15 15:47:19.245	- Info  -	Current client status: 1
2023-01-15 15:47:19.246	- Info  -	send status_changed notify 1
2023-01-15 15:47:19.263	- Info  -	[http call3] id:8 use old connection : https://sl-log.oray.net:443
2023-01-15 15:47:19.291	- Info  -	[http call3] id:8, url:https://sl-log.oray.net/slclientlog, status code:200
2023-01-15 15:47:19.332	- Info  -	[discover] Client NotifyDiscover type=5
2023-01-15 15:47:19.380	- Info  -	[OnLogin start]
2023-01-15 15:47:19.387	- Info  -	[OnLogin end]
2023-01-15 15:47:19.413	- Info  -	[OnLogin] WaittingTask Start
2023-01-15 15:47:19.685	- Info  -	Set auto_run : true
2023-01-15 15:47:19.819	- Info  -	[OnLogin] WaittingTask end
2023-01-15 15:47:24.286	- Info  -	[ServiceEx] the service control is 13
2023-01-15 15:47:24.286	- Info  -	SERVICE_CONTROL_POWEREVENT************dwEventType:10
2023-01-15 15:47:27.026	- Info  -	[ServiceEx] the service control is 13
2023-01-15 15:47:27.026	- Info  -	SERVICE_CONTROL_POWEREVENT************dwEventType:10
2023-01-15 15:47:33.921	* Error *	SSLStream::IsWantReadWrite|peer(121.40.99.129:443), SSL_read failed( 6 ), error:00000000:lib(0):func(0):reason(0), file( ..\includes\common\phstream\SSLStream.cpp:1898 )
2023-01-15 15:47:33.921	- Info  -	[http call3] disconnect, error( 0 )
2023-01-15 15:47:49.294	* Error *	SSLStream::IsWantReadWrite|peer(121.41.32.171:443), SSL_read failed( 6 ), error:00000000:lib(0):func(0):reason(0), file( ..\includes\common\phstream\SSLStream.cpp:1898 )
2023-01-15 15:47:49.294	- Info  -	[http call3] disconnect, error( 0 )
2023-01-15 16:52:10.079	- Info  -	[ServiceEx] the service control is 13
2023-01-15 16:52:10.080	- Info  -	SERVICE_CONTROL_POWEREVENT************dwEventType:4
2023-01-15 16:52:10.080	+Warning+	[service] power event, system is suspending.
2023-01-15 16:52:10.082	- Info  -	Logout ...
2023-01-15 16:52:10.082	- Info  -	[oray][erroCode] errorcode=oray_errorcode(0), product=0, type=0, inner code=0 [CMultiplexLogicStream::Disconnect_impl:121]
2023-01-15 16:52:10.082	- Info  -	[RemoteControl] disconnected server(120.26.127.51:443),error code:0
2023-01-15 16:52:10.087	* Error *	[online] online disconnected,error code:0
2023-01-15 16:52:10.088	- Info  -	[oray][erroCode] errorcode=errorcode(0), product=0, type=0, inner code=0 [COnlineHandler::OnDisconnect:86]
2023-01-15 16:52:10.088	- Info  -	[service] disconnected server(120.26.127.51:443),errorcode:0
2023-01-15 16:52:10.088	- Info  -	curStatus: 0, m_Status: 1
2023-01-15 16:52:10.088	- Info  -	[http call3] new call id:9, url:https://sl-log.oray.net/slclientlog
2023-01-15 16:52:10.088	- Info  -	Current client status: 0
2023-01-15 16:52:10.088	- Info  -	send status_changed notify 0
2023-01-15 16:52:10.088	- Info  -	[OnLogout start]
2023-01-15 16:52:10.089	- Info  -	[service] stop all projections
2023-01-15 16:52:10.089	- Info  -	[OnLogout end]
2023-01-15 16:52:10.107	- Info  -	[MICRO LIVE] shell send close micro_live_plugin
2023-01-15 16:52:10.164	- Info  -	[http call3] id:9 create new connection : https://sl-log.oray.net:443
2023-01-15 16:52:10.201	- Info  -	attempt to connect server sl-log.oray.net:443(47.97.106.171:443)
2023-01-15 16:52:10.879	- Info  -	[http call3] id:9, url:https://sl-log.oray.net/slclientlog, status code:200
2023-01-15 19:41:48.517	+Warning+	[passive:keepalive:] 47.97.106.171:443 disconnect by keepalive timeout(30539421>=20361796+30000)
2023-01-15 19:41:48.517	+Warning+	[oray][erroCode] errorcode=ORAY_ERROR_PHSTREAM_KEEPALIVE_TIMEOUT(57351), product=0, type=3, inner code=7 [CPassiveKeepAliveHandler::Done:141]
2023-01-15 19:41:48.518	- Info  -	[http call3] disconnect, error( 57351 )
2023-01-15 19:41:51.515	- Info  -	[ServiceEx] the service control is 13
2023-01-15 19:41:51.515	- Info  -	SERVICE_CONTROL_POWEREVENT************dwEventType:7
2023-01-15 19:41:51.515	+Warning+	[service] power event, system is resumed.
2023-01-15 19:41:54.047	- Info  -	[ServiceEx] the service control is 13
2023-01-15 19:41:54.047	- Info  -	SERVICE_CONTROL_POWEREVENT************dwEventType:18
2023-01-15 19:41:54.047	+Warning+	[service] power event, system is resumed.
2023-01-15 19:41:57.117	- Info  -	retry login now......
2023-01-15 19:41:57.117	- Info  -	Current client status: 2
2023-01-15 19:41:57.117	- Info  -	send status_changed notify 2
2023-01-15 19:41:57.118	- Info  -	Login task time 0
2023-01-15 19:41:57.118	- Info  -	[service] retry login by power event
2023-01-15 19:41:57.164	- Info  -	Do login( type: 2 ) at 379
2023-01-15 19:41:57.164	- Info  -	[http call3] new call id:10, url:https://slapi.oray.net/remote/get-fastcode
2023-01-15 19:41:57.170	- Info  -	[http call3] id:10 create new connection : https://slapi.oray.net:443
2023-01-15 19:41:57.228	* Error *	[oray][erroCode] errorcode=ORAY_ERROR_DOMAIN_RESOLVED_FAILED(57394), product=0, type=3, inner code=50 [CSockConnector::ConnectSock:229]
2023-01-15 19:42:02.366	- Info  -	[service] retry login by power event
2023-01-15 19:42:27.224	- Info  -	[http call3] disconnect, error( 0 )
2023-01-15 19:42:27.224	- Info  -	[http call3] disconnect id:10, error( 0 )
2023-01-15 19:42:27.224	* Error *	GetFastcode failed! error:-1, msg:net error
2023-01-15 19:42:27.224	- Info  -	Current client status: 0
2023-01-15 19:42:27.224	- Info  -	send status_changed notify 0
2023-01-15 19:42:27.224	- Info  -	[OnLogout start]
2023-01-15 19:42:27.226	- Info  -	[service] stop all projections
2023-01-15 19:42:27.226	- Info  -	retry login now......
2023-01-15 19:42:27.226	- Info  -	Current client status: 2
2023-01-15 19:42:27.226	- Info  -	send status_changed notify 2
2023-01-15 19:42:27.227	- Info  -	Login task time 0
2023-01-15 19:42:27.227	- Info  -	[OnLogout end]
2023-01-15 19:42:27.238	- Info  -	Do login( type: 2 ) at 379
2023-01-15 19:42:27.239	- Info  -	[http call3] new call id:11, url:https://slapi.oray.net/remote/get-fastcode
2023-01-15 19:42:27.247	- Info  -	[http call3] id:11 create new connection : https://slapi.oray.net:443
2023-01-15 19:42:27.260	- Info  -	attempt to connect server slapi.oray.net:443(121.40.200.192:443)
2023-01-15 19:42:27.482	- Info  -	[http call3] id:11, url:https://slapi.oray.net/remote/get-fastcode, status code:200
2023-01-15 19:42:27.508	- Info  -	attempt to connect server rc10-fc09.oray.com:443(116.62.66.134:443)
2023-01-15 19:42:27.671	- Info  -	[service] attempted logon
2023-01-15 19:42:27.718	- Info  -	[service] logon server OK. public ip:183.219.207.244
2023-01-15 19:42:27.765	- Info  -	[online] attempted client online
2023-01-15 19:42:27.793	- Info  -	[online] client online OK.
2023-01-15 19:42:27.794	- Info  -	[online] received name:default , description:default .
2023-01-15 19:42:27.808	- Info  -	[service] attempted register client to server
2023-01-15 19:42:27.840	- Info  -	[service] registered client to server
2023-01-15 19:42:27.841	- Info  -	[http call3] new call id:12, url:https://sl-log.oray.net/slclientlog
2023-01-15 19:42:27.841	- Info  -	Current client status: 1
2023-01-15 19:42:27.841	- Info  -	send status_changed notify 1
2023-01-15 19:42:27.845	- Info  -	[http call3] id:12 create new connection : https://sl-log.oray.net:443
2023-01-15 19:42:27.876	- Info  -	attempt to connect server sl-log.oray.net:443(47.97.183.66:443)
2023-01-15 19:42:27.884	- Info  -	[discover] Client NotifyDiscover type=5
2023-01-15 19:42:27.919	- Info  -	[OnLogin start]
2023-01-15 19:42:27.924	- Info  -	[OnLogin end]
2023-01-15 19:42:27.960	- Info  -	[OnLogin] WaittingTask Start
2023-01-15 19:42:28.107	- Info  -	[http call3] id:12, url:https://sl-log.oray.net/slclientlog, status code:200
2023-01-15 19:42:28.228	- Info  -	Set auto_run : true
2023-01-15 19:42:28.768	- Info  -	[OnLogin] WaittingTask end
2023-01-15 19:42:42.483	* Error *	SSLStream::IsWantReadWrite|peer(121.40.200.192:443), SSL_read failed( 6 ), error:00000000:lib(0):func(0):reason(0), file( ..\includes\common\phstream\SSLStream.cpp:1898 )
2023-01-15 19:42:42.484	- Info  -	[http call3] disconnect, error( 0 )
2023-01-15 19:42:58.108	* Error *	SSLStream::IsWantReadWrite|peer(47.97.183.66:443), SSL_read failed( 6 ), error:00000000:lib(0):func(0):reason(0), file( ..\includes\common\phstream\SSLStream.cpp:1898 )
2023-01-15 19:42:58.109	- Info  -	[http call3] disconnect, error( 0 )
2023-01-15 20:05:02.007	- Info  -	[ServiceEx] the service control is 13
2023-01-15 20:05:02.007	- Info  -	SERVICE_CONTROL_POWEREVENT************dwEventType:10
