2022-12-03 09:37:20.138	- Info  -	version:3.2.1.40406
2022-12-03 09:37:20.400	* Error *	SSLStream|Remove temp(C:\Windows\TEMP\u2ro.0) file ok
2022-12-03 09:37:20.985	- Info  -	Initialize OK
2022-12-03 09:37:20.985	- Info  -	CAcceptorRaw::set_listener
2022-12-03 09:37:20.985	- Info  -	DesktopAgentServer created with port 0.
2022-12-03 09:37:21.454	- Info  -	[service] start listen OK,tcp:0.0.0.0:49678,udp:16046
2022-12-03 09:37:21.470	- Info  -	[discover] Client NotifyDiscover type=5
2022-12-03 09:37:21.548	- Info  -	[localserver] Not use proxy
2022-12-03 09:37:21.704	- Info  -	[mac] local ip:192.168.0.193
2022-12-03 09:37:21.720	- Info  -	[mac] mac address:00:F4:8D:D2:3C:CF
2022-12-03 09:37:21.720	- Info  -	get mac address: 00:F4:8D:D2:3C:CF
2022-12-03 09:37:24.439	- Info  -	os name:Microsoft Windows 10 专业版
2022-12-03 09:37:26.243	- Info  -	m_clientinfo.mac: 00:F4:8D:D2:3C:CF
2022-12-03 09:37:26.376	- Info  -	Current client status: 2
2022-12-03 09:37:26.376	- Info  -	send status_changed notify 2
2022-12-03 09:37:26.376	- Info  -	Login task time 0
2022-12-03 09:37:26.409	- Info  -	Do login( type: 2 ) at 379
2022-12-03 09:37:26.409	- Info  -	[http call3] new call id:1, url:https://slapi.oray.net/remote/get-fastcode
2022-12-03 09:37:26.412	- Info  -	[http call3] id:1 create new connection : https://slapi.oray.net:443
2022-12-03 09:37:26.478	- Info  -	attempt to connect server slapi.oray.net:443(121.40.99.129:443)
2022-12-03 09:37:29.289	- Info  -	[http call3] id:1, url:https://slapi.oray.net/remote/get-fastcode, status code:200
2022-12-03 09:37:29.303	- Info  -	attempt to connect server rc10-fc01.oray.com:443(212.129.230.34:443)
2022-12-03 09:37:29.401	- Info  -	[service] attempted logon
2022-12-03 09:37:29.464	- Info  -	[service] logon server OK. public ip:183.217.165.158
2022-12-03 09:37:29.488	- Info  -	[online] attempted client online
2022-12-03 09:37:29.521	- Info  -	[online] client online OK.
2022-12-03 09:37:29.522	- Info  -	[online] received name:default , description:default .
2022-12-03 09:37:29.531	- Info  -	[service] attempted register client to server
2022-12-03 09:37:29.555	- Info  -	[service] registered client to server
2022-12-03 09:37:29.555	- Info  -	[http call3] new call id:2, url:https://sl-log.oray.net/slclientlog
2022-12-03 09:37:29.555	- Info  -	Current client status: 1
2022-12-03 09:37:29.555	- Info  -	send status_changed notify 1
2022-12-03 09:37:29.563	- Info  -	[http call3] id:2 create new connection : https://sl-log.oray.net:443
2022-12-03 09:37:29.579	- Info  -	attempt to connect server sl-log.oray.net:443(120.26.160.74:443)
2022-12-03 09:37:29.634	- Info  -	[discover] Client NotifyDiscover type=5
2022-12-03 09:37:29.644	- Info  -	[OnLogin start]
2022-12-03 09:37:29.645	- Info  -	[OnLogin end]
2022-12-03 09:37:29.699	- Info  -	[http call3] id:2, url:https://sl-log.oray.net/slclientlog, status code:200
2022-12-03 09:37:29.710	- Info  -	[OnLogin] WaittingTask Start
2022-12-03 09:37:29.712	- Info  -	Set auto_run : true
2022-12-03 09:37:29.847	- Info  -	[OnLogin] WaittingTask end
2022-12-03 09:37:44.286	* Error *	SSLStream::IsWantReadWrite|peer(121.40.99.129:443), SSL_read failed( 6 ), error:00000000:lib(0):func(0):reason(0), file( ..\includes\common\phstream\SSLStream.cpp:1898 )
2022-12-03 09:37:44.286	- Info  -	[http call3] disconnect, error( 0 )
2022-12-03 09:37:58.645	- Info  -	[MICRO LIVE] shell oninitdialog to get microlive info enable = 0 status = 0 timelast = 0
2022-12-03 09:37:59.717	* Error *	SSLStream::IsWantReadWrite|peer(120.26.160.74:443), SSL_read failed( 6 ), error:00000000:lib(0):func(0):reason(0), file( ..\includes\common\phstream\SSLStream.cpp:1898 )
2022-12-03 09:37:59.720	- Info  -	[http call3] disconnect, error( 0 )
2022-12-03 09:39:25.762	- Info  -	[ServiceEx] the service control is 13
2022-12-03 09:39:25.762	- Info  -	SERVICE_CONTROL_POWEREVENT************dwEventType:4
2022-12-03 09:39:25.762	+Warning+	[service] power event, system is suspending.
2022-12-03 09:39:25.763	- Info  -	Logout ...
2022-12-03 09:39:25.763	- Info  -	[oray][erroCode] errorcode=oray_errorcode(0), product=0, type=0, inner code=0 [CMultiplexLogicStream::Disconnect_impl:121]
2022-12-03 09:39:25.763	- Info  -	[RemoteControl] disconnected server(212.129.230.34:443),error code:0
2022-12-03 09:39:25.764	* Error *	[online] online disconnected,error code:0
2022-12-03 09:39:25.765	- Info  -	[oray][erroCode] errorcode=errorcode(0), product=0, type=0, inner code=0 [COnlineHandler::OnDisconnect:86]
2022-12-03 09:39:25.765	- Info  -	[service] disconnected server(212.129.230.34:443),errorcode:0
2022-12-03 09:39:25.765	- Info  -	curStatus: 0, m_Status: 1
2022-12-03 09:39:25.765	- Info  -	[http call3] new call id:3, url:https://sl-log.oray.net/slclientlog
2022-12-03 09:39:25.765	- Info  -	Current client status: 0
2022-12-03 09:39:25.765	- Info  -	send status_changed notify 0
2022-12-03 09:39:25.765	- Info  -	[OnLogout start]
2022-12-03 09:39:25.765	- Info  -	[service] stop all projections
2022-12-03 09:39:25.765	- Info  -	[OnLogout end]
2022-12-03 09:39:25.770	- Info  -	[http call3] id:3 create new connection : https://sl-log.oray.net:443
2022-12-03 09:39:25.776	- Info  -	[MICRO LIVE] shell send close micro_live_plugin
2022-12-03 09:39:25.786	- Info  -	attempt to connect server sl-log.oray.net:443(47.97.186.100:443)
2022-12-03 09:39:25.915	- Info  -	[http call3] id:3, url:https://sl-log.oray.net/slclientlog, status code:200
2022-12-03 10:11:34.518	+Warning+	[passive:keepalive:] 47.97.186.100:443 disconnect by keepalive timeout(2074421>=145812+30000)
2022-12-03 10:11:34.518	+Warning+	[oray][erroCode] errorcode=ORAY_ERROR_PHSTREAM_KEEPALIVE_TIMEOUT(57351), product=0, type=3, inner code=7 [CPassiveKeepAliveHandler::Done:141]
2022-12-03 10:11:34.518	- Info  -	[http call3] disconnect, error( 57351 )
2022-12-03 10:11:37.694	- Info  -	[ServiceEx] the service control is 13
2022-12-03 10:11:37.694	- Info  -	SERVICE_CONTROL_POWEREVENT************dwEventType:18
2022-12-03 10:11:37.694	+Warning+	[service] power event, system is resumed.
2022-12-03 10:11:39.818	- Info  -	retry login now......
2022-12-03 10:11:39.818	- Info  -	Current client status: 2
2022-12-03 10:11:39.818	- Info  -	send status_changed notify 2
2022-12-03 10:11:39.819	- Info  -	Login task time 0
2022-12-03 10:11:39.819	- Info  -	[service] retry login by power event
2022-12-03 10:11:39.951	- Info  -	Do login( type: 2 ) at 379
2022-12-03 10:11:39.951	- Info  -	[http call3] new call id:4, url:https://slapi.oray.net/remote/get-fastcode
2022-12-03 10:11:39.967	- Info  -	[http call3] id:4 create new connection : https://slapi.oray.net:443
2022-12-03 10:11:41.142	- Info  -	attempt to connect server slapi.oray.net:443(121.40.200.192:443)
2022-12-03 10:11:41.898	- Info  -	[http call3] id:4, url:https://slapi.oray.net/remote/get-fastcode, status code:200
2022-12-03 10:11:42.154	- Info  -	[ServiceEx] the service control is 13
2022-12-03 10:11:42.154	- Info  -	SERVICE_CONTROL_POWEREVENT************dwEventType:7
2022-12-03 10:11:42.154	+Warning+	[service] power event, system is resumed.
2022-12-03 10:11:42.214	- Info  -	attempt to connect server rc10-fc06.oray.com:443(120.26.127.51:443)
2022-12-03 10:11:42.723	- Info  -	[service] retry login by power event
2022-12-03 10:11:43.551	- Info  -	[service] attempted logon
2022-12-03 10:11:43.589	- Info  -	[service] logon server OK. public ip:183.217.165.158
2022-12-03 10:11:43.615	- Info  -	[online] attempted client online
2022-12-03 10:11:43.645	- Info  -	[online] client online OK.
2022-12-03 10:11:43.647	- Info  -	[online] received name:default , description:default .
2022-12-03 10:11:43.658	- Info  -	[service] attempted register client to server
2022-12-03 10:11:43.684	- Info  -	[service] registered client to server
2022-12-03 10:11:43.684	- Info  -	[http call3] new call id:5, url:https://sl-log.oray.net/slclientlog
2022-12-03 10:11:43.684	- Info  -	Current client status: 1
2022-12-03 10:11:43.684	- Info  -	send status_changed notify 1
2022-12-03 10:11:43.687	- Info  -	[http call3] id:5 create new connection : https://sl-log.oray.net:443
2022-12-03 10:11:43.723	- Info  -	[discover] Client NotifyDiscover type=5
2022-12-03 10:11:43.849	- Info  -	[OnLogin start]
2022-12-03 10:11:43.854	- Info  -	[OnLogin end]
2022-12-03 10:11:43.883	- Info  -	attempt to connect server sl-log.oray.net:443(47.97.162.230:443)
2022-12-03 10:11:43.895	- Info  -	[OnLogin] WaittingTask Start
2022-12-03 10:11:44.238	- Info  -	Set auto_run : true
2022-12-03 10:11:44.493	- Info  -	[http call3] id:5, url:https://sl-log.oray.net/slclientlog, status code:200
2022-12-03 10:11:45.381	- Info  -	[OnLogin] WaittingTask end
2022-12-03 10:11:56.897	* Error *	SSLStream::IsWantReadWrite|peer(121.40.200.192:443), SSL_read failed( 6 ), error:00000000:lib(0):func(0):reason(0), file( ..\includes\common\phstream\SSLStream.cpp:1898 )
2022-12-03 10:11:56.898	- Info  -	[http call3] disconnect, error( 0 )
2022-12-03 10:12:14.495	* Error *	SSLStream::IsWantReadWrite|peer(47.97.162.230:443), SSL_read failed( 6 ), error:00000000:lib(0):func(0):reason(0), file( ..\includes\common\phstream\SSLStream.cpp:1898 )
2022-12-03 10:12:14.495	- Info  -	[http call3] disconnect, error( 0 )
2022-12-03 10:13:44.630	- Info  -	[ServiceEx] the service control is 13
2022-12-03 10:13:44.630	- Info  -	SERVICE_CONTROL_POWEREVENT************dwEventType:4
2022-12-03 10:13:44.631	+Warning+	[service] power event, system is suspending.
2022-12-03 10:13:44.631	- Info  -	Logout ...
2022-12-03 10:13:44.631	- Info  -	[oray][erroCode] errorcode=oray_errorcode(0), product=0, type=0, inner code=0 [CMultiplexLogicStream::Disconnect_impl:121]
2022-12-03 10:13:44.631	- Info  -	[RemoteControl] disconnected server(120.26.127.51:443),error code:0
2022-12-03 10:13:44.632	* Error *	[online] online disconnected,error code:0
2022-12-03 10:13:44.632	- Info  -	[oray][erroCode] errorcode=errorcode(0), product=0, type=0, inner code=0 [COnlineHandler::OnDisconnect:86]
2022-12-03 10:13:44.632	- Info  -	[service] disconnected server(120.26.127.51:443),errorcode:0
2022-12-03 10:13:44.632	- Info  -	curStatus: 0, m_Status: 1
2022-12-03 10:13:44.632	- Info  -	[http call3] new call id:6, url:https://sl-log.oray.net/slclientlog
2022-12-03 10:13:44.632	- Info  -	Current client status: 0
2022-12-03 10:13:44.632	- Info  -	send status_changed notify 0
2022-12-03 10:13:44.632	- Info  -	[OnLogout start]
2022-12-03 10:13:44.632	- Info  -	[service] stop all projections
2022-12-03 10:13:44.632	- Info  -	[OnLogout end]
2022-12-03 10:13:44.639	- Info  -	[MICRO LIVE] shell send close micro_live_plugin
2022-12-03 10:13:44.644	- Info  -	[http call3] id:6 create new connection : https://sl-log.oray.net:443
2022-12-03 10:13:44.662	- Info  -	attempt to connect server sl-log.oray.net:443(47.97.183.66:443)
2022-12-03 10:13:44.833	- Info  -	[http call3] id:6, url:https://sl-log.oray.net/slclientlog, status code:200
2022-12-04 09:56:03.686	+Warning+	[passive:keepalive:] 47.97.183.66:443 disconnect by keepalive timeout(87543593>=2204734+30000)
2022-12-04 09:56:03.686	+Warning+	[oray][erroCode] errorcode=ORAY_ERROR_PHSTREAM_KEEPALIVE_TIMEOUT(57351), product=0, type=3, inner code=7 [CPassiveKeepAliveHandler::Done:141]
2022-12-04 09:56:03.686	- Info  -	[http call3] disconnect, error( 57351 )
2022-12-04 09:56:09.944	- Info  -	[ServiceEx] the service control is 13
2022-12-04 09:56:09.945	- Info  -	SERVICE_CONTROL_POWEREVENT************dwEventType:18
2022-12-04 09:56:09.945	+Warning+	[service] power event, system is resumed.
2022-12-04 09:56:13.091	- Info  -	[ServiceEx] the service control is 13
2022-12-04 09:56:13.091	- Info  -	SERVICE_CONTROL_POWEREVENT************dwEventType:7
2022-12-04 09:56:13.091	+Warning+	[service] power event, system is resumed.
2022-12-04 09:56:16.185	- Info  -	retry login now......
2022-12-04 09:56:16.186	- Info  -	Current client status: 2
2022-12-04 09:56:16.186	- Info  -	send status_changed notify 2
2022-12-04 09:56:16.187	- Info  -	Login task time 0
2022-12-04 09:56:16.187	- Info  -	[service] retry login by power event
2022-12-04 09:56:16.199	- Info  -	Do login( type: 2 ) at 379
2022-12-04 09:56:16.199	- Info  -	[http call3] new call id:7, url:https://slapi.oray.net/remote/get-fastcode
2022-12-04 09:56:16.200	- Info  -	[http call3] id:7 create new connection : https://slapi.oray.net:443
2022-12-04 09:56:16.201	* Error *	[oray][erroCode] errorcode=ORAY_ERROR_DOMAIN_RESOLVED_FAILED(57394), product=0, type=3, inner code=50 [CSockConnector::ConnectSock:229]
2022-12-04 09:56:20.880	- Info  -	[service] retry login by power event
2022-12-04 09:56:21.352	- Info  -	[ServiceEx] the service control is 13
2022-12-04 09:56:21.353	- Info  -	SERVICE_CONTROL_POWEREVENT************dwEventType:10
2022-12-04 09:56:44.889	- Info  -	[http call3] disconnect, error( 0 )
2022-12-04 09:56:44.889	- Info  -	[http call3] disconnect id:7, error( 0 )
2022-12-04 09:56:44.889	* Error *	GetFastcode failed! error:-1, msg:net error
2022-12-04 09:56:44.889	- Info  -	Current client status: 0
2022-12-04 09:56:44.889	- Info  -	send status_changed notify 0
2022-12-04 09:56:44.889	- Info  -	[OnLogout start]
2022-12-04 09:56:44.890	- Info  -	[service] stop all projections
2022-12-04 09:56:44.890	- Info  -	retry login now......
2022-12-04 09:56:44.890	- Info  -	Current client status: 2
2022-12-04 09:56:44.890	- Info  -	send status_changed notify 2
2022-12-04 09:56:44.892	- Info  -	Login task time 0
2022-12-04 09:56:44.892	- Info  -	[OnLogout end]
2022-12-04 09:56:45.289	- Info  -	Do login( type: 2 ) at 379
2022-12-04 09:56:45.290	- Info  -	[http call3] new call id:8, url:https://slapi.oray.net/remote/get-fastcode
2022-12-04 09:56:45.326	- Info  -	[http call3] id:8 create new connection : https://slapi.oray.net:443
2022-12-04 09:56:45.791	- Info  -	attempt to connect server slapi.oray.net:443(121.40.99.129:443)
2022-12-04 09:56:46.855	- Info  -	[http call3] id:8, url:https://slapi.oray.net/remote/get-fastcode, status code:200
2022-12-04 09:56:47.005	- Info  -	attempt to connect server rc10-fc06.oray.com:443(120.26.127.51:443)
2022-12-04 09:56:47.392	- Info  -	[service] attempted logon
2022-12-04 09:56:47.443	- Info  -	[service] logon server OK. public ip:183.217.165.158
2022-12-04 09:56:47.471	- Info  -	[online] attempted client online
2022-12-04 09:56:47.498	- Info  -	[online] client online OK.
2022-12-04 09:56:47.499	- Info  -	[online] received name:default , description:default .
2022-12-04 09:56:47.509	- Info  -	[service] attempted register client to server
2022-12-04 09:56:47.534	- Info  -	[service] registered client to server
2022-12-04 09:56:47.535	- Info  -	[http call3] new call id:9, url:https://sl-log.oray.net/slclientlog
2022-12-04 09:56:47.535	- Info  -	Current client status: 1
2022-12-04 09:56:47.535	- Info  -	send status_changed notify 1
2022-12-04 09:56:47.551	- Info  -	[http call3] id:9 create new connection : https://sl-log.oray.net:443
2022-12-04 09:56:47.566	- Info  -	attempt to connect server sl-log.oray.net:443(47.97.186.100:443)
2022-12-04 09:56:47.575	- Info  -	[discover] Client NotifyDiscover type=5
2022-12-04 09:56:47.899	- Info  -	[OnLogin start]
2022-12-04 09:56:47.921	- Info  -	[OnLogin end]
2022-12-04 09:56:47.989	- Info  -	[OnLogin] WaittingTask Start
2022-12-04 09:56:48.585	- Info  -	[http call3] id:9, url:https://sl-log.oray.net/slclientlog, status code:200
2022-12-04 09:56:48.613	- Info  -	Set auto_run : true
2022-12-04 09:56:49.239	- Info  -	[OnLogin] WaittingTask end
2022-12-04 09:57:01.854	* Error *	SSLStream::IsWantReadWrite|peer(121.40.99.129:443), SSL_read failed( 6 ), error:00000000:lib(0):func(0):reason(0), file( ..\includes\common\phstream\SSLStream.cpp:1898 )
2022-12-04 09:57:01.854	- Info  -	[http call3] disconnect, error( 0 )
2022-12-04 09:57:18.597	* Error *	SSLStream::IsWantReadWrite|peer(47.97.186.100:443), SSL_read failed( 6 ), error:00000000:lib(0):func(0):reason(0), file( ..\includes\common\phstream\SSLStream.cpp:1898 )
2022-12-04 09:57:18.597	- Info  -	[http call3] disconnect, error( 0 )
2022-12-04 11:13:46.550	- Info  -	[ServiceEx] the service control is 13
2022-12-04 11:13:46.552	- Info  -	SERVICE_CONTROL_POWEREVENT************dwEventType:10
2022-12-04 12:03:59.454	- Info  -	[ServiceEx] the service control is 13
2022-12-04 12:03:59.455	- Info  -	SERVICE_CONTROL_POWEREVENT************dwEventType:4
2022-12-04 12:03:59.455	+Warning+	[service] power event, system is suspending.
2022-12-04 12:03:59.466	- Info  -	Logout ...
2022-12-04 12:03:59.469	- Info  -	[oray][erroCode] errorcode=oray_errorcode(0), product=0, type=0, inner code=0 [CMultiplexLogicStream::Disconnect_impl:121]
2022-12-04 12:03:59.469	- Info  -	[RemoteControl] disconnected server(120.26.127.51:443),error code:0
2022-12-04 12:03:59.470	* Error *	[online] online disconnected,error code:0
2022-12-04 12:03:59.471	- Info  -	[oray][erroCode] errorcode=errorcode(0), product=0, type=0, inner code=0 [COnlineHandler::OnDisconnect:86]
2022-12-04 12:03:59.471	- Info  -	[service] disconnected server(120.26.127.51:443),errorcode:0
2022-12-04 12:03:59.472	- Info  -	curStatus: 0, m_Status: 1
2022-12-04 12:03:59.476	- Info  -	[http call3] new call id:10, url:https://sl-log.oray.net/slclientlog
2022-12-04 12:03:59.477	- Info  -	Current client status: 0
2022-12-04 12:03:59.477	- Info  -	send status_changed notify 0
2022-12-04 12:03:59.477	- Info  -	[OnLogout start]
2022-12-04 12:03:59.479	- Info  -	[service] stop all projections
2022-12-04 12:03:59.480	- Info  -	[OnLogout end]
2022-12-04 12:03:59.511	- Info  -	[http call3] id:10 create new connection : https://sl-log.oray.net:443
2022-12-04 12:03:59.540	- Info  -	attempt to connect server sl-log.oray.net:443(120.26.160.74:443)
2022-12-04 12:03:59.579	- Info  -	[MICRO LIVE] shell send close micro_live_plugin
2022-12-04 12:03:59.908	- Info  -	[http call3] id:10, url:https://sl-log.oray.net/slclientlog, status code:200
2022-12-04 14:09:11.805	+Warning+	[passive:keepalive:] 120.26.160.74:443 disconnect by keepalive timeout(102733015>=95221125+30000)
2022-12-04 14:09:11.805	+Warning+	[oray][erroCode] errorcode=ORAY_ERROR_PHSTREAM_KEEPALIVE_TIMEOUT(57351), product=0, type=3, inner code=7 [CPassiveKeepAliveHandler::Done:141]
2022-12-04 14:09:11.805	- Info  -	[http call3] disconnect, error( 57351 )
2022-12-04 14:09:16.281	- Info  -	[ServiceEx] the service control is 13
2022-12-04 14:09:16.281	- Info  -	SERVICE_CONTROL_POWEREVENT************dwEventType:18
2022-12-04 14:09:16.281	+Warning+	[service] power event, system is resumed.
2022-12-04 14:09:23.687	- Info  -	[ServiceEx] the service control is 13
2022-12-04 14:09:23.687	- Info  -	SERVICE_CONTROL_POWEREVENT************dwEventType:7
2022-12-04 14:09:23.687	+Warning+	[service] power event, system is resumed.
2022-12-04 14:09:25.582	- Info  -	retry login now......
2022-12-04 14:09:25.598	- Info  -	Current client status: 2
2022-12-04 14:09:25.598	- Info  -	send status_changed notify 2
2022-12-04 14:09:25.599	- Info  -	Login task time 0
2022-12-04 14:09:25.599	- Info  -	[service] retry login by power event
2022-12-04 14:09:25.607	- Info  -	Do login( type: 2 ) at 379
2022-12-04 14:09:25.630	- Info  -	[http call3] new call id:11, url:https://slapi.oray.net/remote/get-fastcode
2022-12-04 14:09:25.642	- Info  -	[http call3] id:11 create new connection : https://slapi.oray.net:443
2022-12-04 14:09:25.816	* Error *	[oray][erroCode] errorcode=ORAY_ERROR_DOMAIN_RESOLVED_FAILED(57394), product=0, type=3, inner code=50 [CSockConnector::ConnectSock:229]
2022-12-04 14:09:33.833	- Info  -	[service] retry login by power event
2022-12-04 14:09:55.861	- Info  -	[http call3] disconnect, error( 0 )
2022-12-04 14:09:55.861	- Info  -	[http call3] disconnect id:11, error( 0 )
2022-12-04 14:09:55.861	* Error *	GetFastcode failed! error:-1, msg:net error
2022-12-04 14:09:55.861	- Info  -	Current client status: 0
2022-12-04 14:09:55.861	- Info  -	send status_changed notify 0
2022-12-04 14:09:55.861	- Info  -	[OnLogout start]
2022-12-04 14:09:55.861	- Info  -	[service] stop all projections
2022-12-04 14:09:55.861	- Info  -	retry login now......
2022-12-04 14:09:55.861	- Info  -	Current client status: 2
2022-12-04 14:09:55.862	- Info  -	send status_changed notify 2
2022-12-04 14:09:55.863	- Info  -	Login task time 0
2022-12-04 14:09:55.863	- Info  -	[OnLogout end]
2022-12-04 14:09:55.911	- Info  -	Do login( type: 2 ) at 379
2022-12-04 14:09:55.912	- Info  -	[http call3] new call id:12, url:https://slapi.oray.net/remote/get-fastcode
2022-12-04 14:09:55.958	- Info  -	[http call3] id:12 create new connection : https://slapi.oray.net:443
2022-12-04 14:09:55.959	* Error *	[oray][erroCode] errorcode=ORAY_ERROR_DOMAIN_RESOLVED_FAILED(57394), product=0, type=3, inner code=50 [CSockConnector::ConnectSock:229]
2022-12-04 14:10:25.968	- Info  -	[http call3] disconnect, error( 0 )
2022-12-04 14:10:25.968	- Info  -	[http call3] disconnect id:12, error( 0 )
2022-12-04 14:10:25.968	* Error *	GetFastcode failed! error:-1, msg:net error
2022-12-04 14:10:25.968	- Info  -	Current client status: 0
2022-12-04 14:10:25.968	- Info  -	send status_changed notify 0
2022-12-04 14:10:25.968	- Info  -	[OnLogout start]
2022-12-04 14:10:25.987	- Info  -	[service] stop all projections
2022-12-04 14:10:25.999	- Info  -	[OnLogout end]
2022-12-04 14:10:26.025	- Info  -	[MICRO LIVE] shell send close micro_live_plugin
2022-12-04 14:12:34.835	- Info  -	[localserver] Not use proxy
2022-12-04 14:12:34.835	- Info  -	retry login now......
2022-12-04 14:12:34.835	- Info  -	Current client status: 2
2022-12-04 14:12:34.835	- Info  -	send status_changed notify 2
2022-12-04 14:12:34.836	- Info  -	Login task time 0
2022-12-04 14:12:34.842	- Info  -	Do login( type: 2 ) at 379
2022-12-04 14:12:34.850	- Info  -	[http call3] new call id:13, url:https://slapi.oray.net/remote/get-fastcode
2022-12-04 14:12:34.851	- Info  -	[http call3] id:13 create new connection : https://slapi.oray.net:443
2022-12-04 14:12:34.891	- Info  -	attempt to connect server slapi.oray.net:443(121.40.200.192:443)
2022-12-04 14:12:35.130	- Info  -	[http call3] id:13, url:https://slapi.oray.net/remote/get-fastcode, status code:200
2022-12-04 14:12:35.153	- Info  -	attempt to connect server rc10-fc04.oray.com:443(47.114.34.123:443)
2022-12-04 14:12:35.250	- Info  -	[service] attempted logon
2022-12-04 14:12:35.290	- Info  -	[service] logon server OK. public ip:183.217.165.158
2022-12-04 14:12:35.320	- Info  -	[online] attempted client online
2022-12-04 14:12:35.353	- Info  -	[online] client online OK.
2022-12-04 14:12:35.353	- Info  -	[online] received name:default , description:default .
2022-12-04 14:12:35.368	- Info  -	[service] attempted register client to server
2022-12-04 14:12:35.398	- Info  -	[service] registered client to server
2022-12-04 14:12:35.399	- Info  -	[http call3] new call id:14, url:https://sl-log.oray.net/slclientlog
2022-12-04 14:12:35.399	- Info  -	Current client status: 1
2022-12-04 14:12:35.399	- Info  -	send status_changed notify 1
2022-12-04 14:12:35.416	- Info  -	[http call3] id:14 create new connection : https://sl-log.oray.net:443
2022-12-04 14:12:35.446	- Info  -	attempt to connect server sl-log.oray.net:443(47.97.106.171:443)
2022-12-04 14:12:35.495	- Info  -	[discover] Client NotifyDiscover type=5
2022-12-04 14:12:35.575	- Info  -	[OnLogin start]
2022-12-04 14:12:35.579	- Info  -	[OnLogin end]
2022-12-04 14:12:35.594	- Info  -	[OnLogin] WaittingTask Start
2022-12-04 14:12:35.681	- Info  -	[http call3] id:14, url:https://sl-log.oray.net/slclientlog, status code:200
2022-12-04 14:12:35.870	- Info  -	Set auto_run : true
2022-12-04 14:12:36.287	- Info  -	[OnLogin] WaittingTask end
2022-12-04 14:12:50.132	* Error *	SSLStream::IsWantReadWrite|peer(121.40.200.192:443), SSL_read failed( 6 ), error:00000000:lib(0):func(0):reason(0), file( ..\includes\common\phstream\SSLStream.cpp:1898 )
2022-12-04 14:12:50.133	- Info  -	[http call3] disconnect, error( 0 )
2022-12-04 14:13:05.682	* Error *	SSLStream::IsWantReadWrite|peer(47.97.106.171:443), SSL_read failed( 6 ), error:00000000:lib(0):func(0):reason(0), file( ..\includes\common\phstream\SSLStream.cpp:1898 )
2022-12-04 14:13:05.682	- Info  -	[http call3] disconnect, error( 0 )
2022-12-04 14:28:03.167	- Info  -	[ServiceEx] the service control is 13
2022-12-04 14:28:03.168	- Info  -	SERVICE_CONTROL_POWEREVENT************dwEventType:4
2022-12-04 14:28:03.168	+Warning+	[service] power event, system is suspending.
2022-12-04 14:28:03.169	- Info  -	Logout ...
2022-12-04 14:28:03.169	- Info  -	[oray][erroCode] errorcode=oray_errorcode(0), product=0, type=0, inner code=0 [CMultiplexLogicStream::Disconnect_impl:121]
2022-12-04 14:28:03.169	- Info  -	[RemoteControl] disconnected server(47.114.34.123:443),error code:0
2022-12-04 14:28:03.170	* Error *	[online] online disconnected,error code:0
2022-12-04 14:28:03.170	- Info  -	[oray][erroCode] errorcode=errorcode(0), product=0, type=0, inner code=0 [COnlineHandler::OnDisconnect:86]
2022-12-04 14:28:03.170	- Info  -	[service] disconnected server(47.114.34.123:443),errorcode:0
2022-12-04 14:28:03.170	- Info  -	curStatus: 0, m_Status: 1
2022-12-04 14:28:03.170	- Info  -	[http call3] new call id:15, url:https://sl-log.oray.net/slclientlog
2022-12-04 14:28:03.171	- Info  -	Current client status: 0
2022-12-04 14:28:03.171	- Info  -	send status_changed notify 0
2022-12-04 14:28:03.171	- Info  -	[OnLogout start]
2022-12-04 14:28:03.171	- Info  -	[service] stop all projections
2022-12-04 14:28:03.171	- Info  -	[OnLogout end]
2022-12-04 14:28:03.189	- Info  -	[MICRO LIVE] shell send close micro_live_plugin
2022-12-04 14:28:03.209	- Info  -	[http call3] id:15 create new connection : https://sl-log.oray.net:443
2022-12-04 14:28:03.232	- Info  -	attempt to connect server sl-log.oray.net:443(47.97.183.66:443)
2022-12-04 14:28:03.401	- Info  -	[http call3] id:15, url:https://sl-log.oray.net/slclientlog, status code:200
2022-12-04 14:29:31.517	+Warning+	[passive:keepalive:] 47.97.183.66:443 disconnect by keepalive timeout(103952734>=103864625+30000)
2022-12-04 14:29:31.517	+Warning+	[oray][erroCode] errorcode=ORAY_ERROR_PHSTREAM_KEEPALIVE_TIMEOUT(57351), product=0, type=3, inner code=7 [CPassiveKeepAliveHandler::Done:141]
2022-12-04 14:29:31.517	- Info  -	[http call3] disconnect, error( 57351 )
2022-12-04 14:29:34.060	- Info  -	[ServiceEx] the service control is 13
2022-12-04 14:29:34.060	- Info  -	SERVICE_CONTROL_POWEREVENT************dwEventType:18
2022-12-04 14:29:34.061	+Warning+	[service] power event, system is resumed.
2022-12-04 14:29:35.169	- Info  -	[ServiceEx] the service control is 13
2022-12-04 14:29:35.170	- Info  -	SERVICE_CONTROL_POWEREVENT************dwEventType:7
2022-12-04 14:29:35.170	+Warning+	[service] power event, system is resumed.
2022-12-04 14:29:35.893	- Info  -	[ServiceEx] the service control is 13
2022-12-04 14:29:35.893	- Info  -	SERVICE_CONTROL_POWEREVENT************dwEventType:10
2022-12-04 14:29:39.917	- Info  -	retry login now......
2022-12-04 14:29:39.917	- Info  -	Current client status: 2
2022-12-04 14:29:39.917	- Info  -	send status_changed notify 2
2022-12-04 14:29:39.918	- Info  -	Login task time 0
2022-12-04 14:29:39.918	- Info  -	[service] retry login by power event
2022-12-04 14:29:39.931	- Info  -	Do login( type: 2 ) at 379
2022-12-04 14:29:39.931	- Info  -	[http call3] new call id:16, url:https://slapi.oray.net/remote/get-fastcode
2022-12-04 14:29:39.942	- Info  -	[http call3] id:16 create new connection : https://slapi.oray.net:443
2022-12-04 14:29:40.149	- Info  -	[service] retry login by power event
2022-12-04 14:29:40.219	- Info  -	attempt to connect server slapi.oray.net:443(121.40.200.192:443)
2022-12-04 14:29:40.640	- Info  -	[http call3] id:16, url:https://slapi.oray.net/remote/get-fastcode, status code:200
2022-12-04 14:29:41.186	- Info  -	attempt to connect server rc10-fc10.oray.com:443(121.40.171.186:443)
2022-12-04 14:29:42.479	- Info  -	[service] attempted logon
2022-12-04 14:29:42.529	- Info  -	[service] logon server OK. public ip:183.217.165.158
2022-12-04 14:29:42.567	- Info  -	[online] attempted client online
2022-12-04 14:29:42.615	- Info  -	[online] client online OK.
2022-12-04 14:29:42.616	- Info  -	[online] received name:default , description:default .
2022-12-04 14:29:42.630	- Info  -	[service] attempted register client to server
2022-12-04 14:29:42.676	- Info  -	[service] registered client to server
2022-12-04 14:29:42.677	- Info  -	[http call3] new call id:17, url:https://sl-log.oray.net/slclientlog
2022-12-04 14:29:42.677	- Info  -	Current client status: 1
2022-12-04 14:29:42.677	- Info  -	send status_changed notify 1
2022-12-04 14:29:42.694	- Info  -	[http call3] id:17 create new connection : https://sl-log.oray.net:443
2022-12-04 14:29:42.718	- Info  -	[discover] Client NotifyDiscover type=5
2022-12-04 14:29:42.863	- Info  -	[OnLogin start]
2022-12-04 14:29:42.871	- Info  -	[OnLogin end]
2022-12-04 14:29:42.883	- Info  -	[OnLogin] WaittingTask Start
2022-12-04 14:29:42.923	- Info  -	attempt to connect server sl-log.oray.net:443(47.97.106.171:443)
2022-12-04 14:29:43.273	- Info  -	Set auto_run : true
2022-12-04 14:29:43.553	- Info  -	[http call3] id:17, url:https://sl-log.oray.net/slclientlog, status code:200
2022-12-04 14:29:44.831	- Info  -	[OnLogin] WaittingTask end
2022-12-04 14:29:55.643	* Error *	SSLStream::IsWantReadWrite|peer(121.40.200.192:443), SSL_read failed( 6 ), error:00000000:lib(0):func(0):reason(0), file( ..\includes\common\phstream\SSLStream.cpp:1898 )
2022-12-04 14:29:55.643	- Info  -	[http call3] disconnect, error( 0 )
2022-12-04 14:30:13.550	* Error *	SSLStream::IsWantReadWrite|peer(47.97.106.171:443), SSL_read failed( 6 ), error:00000000:lib(0):func(0):reason(0), file( ..\includes\common\phstream\SSLStream.cpp:1898 )
2022-12-04 14:30:13.551	- Info  -	[http call3] disconnect, error( 0 )
2022-12-04 15:16:39.171	- Info  -	[ServiceEx] the service control is 13
2022-12-04 15:16:39.171	- Info  -	SERVICE_CONTROL_POWEREVENT************dwEventType:10
2022-12-04 15:18:02.664	- Info  -	[ServiceEx] the service control is 13
2022-12-04 15:18:02.664	- Info  -	SERVICE_CONTROL_POWEREVENT************dwEventType:10
2022-12-04 15:18:02.941	- Info  -	[ServiceEx] the service control is 13
2022-12-04 15:18:02.941	- Info  -	SERVICE_CONTROL_POWEREVENT************dwEventType:10
2022-12-04 15:18:05.991	- Info  -	[ServiceEx] the service control is 13
2022-12-04 15:18:05.991	- Info  -	SERVICE_CONTROL_POWEREVENT************dwEventType:10
2022-12-04 15:18:16.750	- Info  -	[ServiceEx] the service control is 13
2022-12-04 15:18:16.751	- Info  -	SERVICE_CONTROL_POWEREVENT************dwEventType:10
2022-12-04 15:35:43.607	- Info  -	[ServiceEx] the service control is 13
2022-12-04 15:35:43.607	- Info  -	SERVICE_CONTROL_POWEREVENT************dwEventType:10
2022-12-04 16:44:34.419	- Info  -	[ServiceEx] the service control is 13
2022-12-04 16:44:34.419	- Info  -	SERVICE_CONTROL_POWEREVENT************dwEventType:4
2022-12-04 16:44:34.419	+Warning+	[service] power event, system is suspending.
2022-12-04 16:44:34.421	- Info  -	Logout ...
2022-12-04 16:44:34.421	- Info  -	[oray][erroCode] errorcode=oray_errorcode(0), product=0, type=0, inner code=0 [CMultiplexLogicStream::Disconnect_impl:121]
2022-12-04 16:44:34.421	- Info  -	[RemoteControl] disconnected server(121.40.171.186:443),error code:0
2022-12-04 16:44:34.423	* Error *	[online] online disconnected,error code:0
2022-12-04 16:44:34.423	- Info  -	[oray][erroCode] errorcode=errorcode(0), product=0, type=0, inner code=0 [COnlineHandler::OnDisconnect:86]
2022-12-04 16:44:34.423	- Info  -	[service] disconnected server(121.40.171.186:443),errorcode:0
2022-12-04 16:44:34.423	- Info  -	curStatus: 0, m_Status: 1
2022-12-04 16:44:34.424	- Info  -	[http call3] new call id:18, url:https://sl-log.oray.net/slclientlog
2022-12-04 16:44:34.424	- Info  -	Current client status: 0
2022-12-04 16:44:34.424	- Info  -	send status_changed notify 0
2022-12-04 16:44:34.424	- Info  -	[OnLogout start]
2022-12-04 16:44:34.425	- Info  -	[service] stop all projections
2022-12-04 16:44:34.425	- Info  -	[OnLogout end]
2022-12-04 16:44:34.445	- Info  -	[http call3] id:18 create new connection : https://sl-log.oray.net:443
2022-12-04 16:44:34.451	- Info  -	[MICRO LIVE] shell send close micro_live_plugin
2022-12-04 16:44:34.467	- Info  -	attempt to connect server sl-log.oray.net:443(47.97.162.230:443)
2022-12-04 16:44:34.614	- Info  -	[http call3] id:18, url:https://sl-log.oray.net/slclientlog, status code:200
2022-12-04 17:09:32.515	+Warning+	[passive:keepalive:] 47.97.162.230:443 disconnect by keepalive timeout(113553734>=112055828+30000)
2022-12-04 17:09:32.515	+Warning+	[oray][erroCode] errorcode=ORAY_ERROR_PHSTREAM_KEEPALIVE_TIMEOUT(57351), product=0, type=3, inner code=7 [CPassiveKeepAliveHandler::Done:141]
2022-12-04 17:09:32.516	- Info  -	[http call3] disconnect, error( 57351 )
2022-12-04 17:09:35.416	- Info  -	[ServiceEx] the service control is 13
2022-12-04 17:09:35.417	- Info  -	SERVICE_CONTROL_POWEREVENT************dwEventType:7
2022-12-04 17:09:35.417	+Warning+	[service] power event, system is resumed.
2022-12-04 17:09:38.542	- Info  -	[ServiceEx] the service control is 13
2022-12-04 17:09:38.542	- Info  -	SERVICE_CONTROL_POWEREVENT************dwEventType:18
2022-12-04 17:09:38.542	+Warning+	[service] power event, system is resumed.
2022-12-04 17:09:40.892	- Info  -	retry login now......
2022-12-04 17:09:40.892	- Info  -	Current client status: 2
2022-12-04 17:09:40.892	- Info  -	send status_changed notify 2
2022-12-04 17:09:40.893	- Info  -	Login task time 0
2022-12-04 17:09:40.893	- Info  -	[service] retry login by power event
2022-12-04 17:09:40.894	- Info  -	Do login( type: 2 ) at 379
2022-12-04 17:09:40.895	- Info  -	[http call3] new call id:19, url:https://slapi.oray.net/remote/get-fastcode
2022-12-04 17:09:40.896	- Info  -	[http call3] id:19 create new connection : https://slapi.oray.net:443
2022-12-04 17:09:41.008	* Error *	[oray][erroCode] errorcode=ORAY_ERROR_DOMAIN_RESOLVED_FAILED(57394), product=0, type=3, inner code=50 [CSockConnector::ConnectSock:229]
2022-12-04 17:09:46.187	- Info  -	[service] retry login by power event
2022-12-04 17:10:11.000	- Info  -	[http call3] disconnect, error( 0 )
2022-12-04 17:10:11.000	- Info  -	[http call3] disconnect id:19, error( 0 )
2022-12-04 17:10:11.000	* Error *	GetFastcode failed! error:-1, msg:net error
2022-12-04 17:10:11.000	- Info  -	Current client status: 0
2022-12-04 17:10:11.000	- Info  -	send status_changed notify 0
2022-12-04 17:10:11.000	- Info  -	[OnLogout start]
2022-12-04 17:10:11.001	- Info  -	[service] stop all projections
2022-12-04 17:10:11.001	- Info  -	retry login now......
2022-12-04 17:10:11.001	- Info  -	Current client status: 2
2022-12-04 17:10:11.001	- Info  -	send status_changed notify 2
2022-12-04 17:10:11.002	- Info  -	Login task time 0
2022-12-04 17:10:11.002	- Info  -	[OnLogout end]
2022-12-04 17:10:11.017	- Info  -	Do login( type: 2 ) at 379
2022-12-04 17:10:11.017	- Info  -	[http call3] new call id:20, url:https://slapi.oray.net/remote/get-fastcode
2022-12-04 17:10:11.032	- Info  -	[http call3] id:20 create new connection : https://slapi.oray.net:443
2022-12-04 17:10:11.060	- Info  -	attempt to connect server slapi.oray.net:443(121.40.99.129:443)
2022-12-04 17:10:11.297	- Info  -	[http call3] id:20, url:https://slapi.oray.net/remote/get-fastcode, status code:200
2022-12-04 17:10:11.312	- Info  -	attempt to connect server rc10-fc11.oray.com:443(81.69.183.65:443)
2022-12-04 17:10:11.409	- Info  -	[service] attempted logon
2022-12-04 17:10:11.471	- Info  -	[service] logon server OK. public ip:183.217.165.158
2022-12-04 17:10:11.497	- Info  -	[online] attempted client online
2022-12-04 17:10:11.523	- Info  -	[online] client online OK.
2022-12-04 17:10:11.524	- Info  -	[online] received name:default , description:default .
2022-12-04 17:10:11.539	- Info  -	[service] attempted register client to server
2022-12-04 17:10:11.569	- Info  -	[service] registered client to server
2022-12-04 17:10:11.569	- Info  -	[http call3] new call id:21, url:https://sl-log.oray.net/slclientlog
2022-12-04 17:10:11.569	- Info  -	Current client status: 1
2022-12-04 17:10:11.569	- Info  -	send status_changed notify 1
2022-12-04 17:10:11.570	- Info  -	[http call3] id:21 create new connection : https://sl-log.oray.net:443
2022-12-04 17:10:11.587	- Info  -	attempt to connect server sl-log.oray.net:443(47.97.106.171:443)
2022-12-04 17:10:11.640	- Info  -	[discover] Client NotifyDiscover type=5
2022-12-04 17:10:11.653	- Info  -	[OnLogin start]
2022-12-04 17:10:11.657	- Info  -	[OnLogin end]
2022-12-04 17:10:11.659	- Info  -	[OnLogin] WaittingTask Start
2022-12-04 17:10:11.808	- Info  -	[http call3] id:21, url:https://sl-log.oray.net/slclientlog, status code:200
2022-12-04 17:10:11.832	- Info  -	Set auto_run : true
2022-12-04 17:10:12.723	- Info  -	[OnLogin] WaittingTask end
2022-12-04 17:10:26.307	* Error *	SSLStream::IsWantReadWrite|peer(121.40.99.129:443), SSL_read failed( 6 ), error:00000000:lib(0):func(0):reason(0), file( ..\includes\common\phstream\SSLStream.cpp:1898 )
2022-12-04 17:10:26.308	- Info  -	[http call3] disconnect, error( 0 )
2022-12-04 17:10:41.803	* Error *	SSLStream::IsWantReadWrite|peer(47.97.106.171:443), SSL_read failed( 6 ), error:00000000:lib(0):func(0):reason(0), file( ..\includes\common\phstream\SSLStream.cpp:1898 )
2022-12-04 17:10:41.804	- Info  -	[http call3] disconnect, error( 0 )
2022-12-04 17:45:13.840	- Info  -	[ServiceEx] the service control is 13
2022-12-04 17:45:13.840	- Info  -	SERVICE_CONTROL_POWEREVENT************dwEventType:10
2022-12-04 17:45:15.004	- Info  -	[ServiceEx] the service control is 13
2022-12-04 17:45:15.004	- Info  -	SERVICE_CONTROL_POWEREVENT************dwEventType:10
2022-12-04 17:45:38.519	- Info  -	[ServiceEx] the service control is 13
2022-12-04 17:45:38.519	- Info  -	SERVICE_CONTROL_POWEREVENT************dwEventType:10
2022-12-04 17:45:42.518	- Info  -	[ServiceEx] the service control is 13
2022-12-04 17:45:42.518	- Info  -	SERVICE_CONTROL_POWEREVENT************dwEventType:10
2022-12-04 19:00:59.555	- Info  -	[ServiceEx] the service control is 13
2022-12-04 19:00:59.556	- Info  -	SERVICE_CONTROL_POWEREVENT************dwEventType:10
2022-12-04 19:01:02.926	- Info  -	[ServiceEx] the service control is 13
2022-12-04 19:01:02.928	- Info  -	SERVICE_CONTROL_POWEREVENT************dwEventType:10
2022-12-04 19:01:18.161	- Info  -	[ServiceEx] the service control is 13
2022-12-04 19:01:18.161	- Info  -	SERVICE_CONTROL_POWEREVENT************dwEventType:10
2022-12-04 19:01:22.290	- Info  -	[ServiceEx] the service control is 13
2022-12-04 19:01:22.290	- Info  -	SERVICE_CONTROL_POWEREVENT************dwEventType:10
2022-12-04 20:13:57.115	- Info  -	[ServiceEx] the service control is 13
2022-12-04 20:13:58.194	- Info  -	SERVICE_CONTROL_POWEREVENT************dwEventType:10
2022-12-04 20:13:59.776	- Info  -	[ServiceEx] the service control is 13
2022-12-04 20:13:59.777	- Info  -	SERVICE_CONTROL_POWEREVENT************dwEventType:10
2022-12-04 20:31:42.404	- Info  -	[ServiceEx] the service control is 13
2022-12-04 20:31:42.405	- Info  -	SERVICE_CONTROL_POWEREVENT************dwEventType:10
2022-12-04 20:31:43.073	- Info  -	[ServiceEx] the service control is 13
2022-12-04 20:31:43.073	- Info  -	SERVICE_CONTROL_POWEREVENT************dwEventType:10
2022-12-04 20:31:46.061	- Info  -	[ServiceEx] the service control is 13
2022-12-04 20:31:46.061	- Info  -	SERVICE_CONTROL_POWEREVENT************dwEventType:10
2022-12-04 21:01:16.172	- Info  -	[ServiceEx] the service control is 13
2022-12-04 21:01:16.172	- Info  -	SERVICE_CONTROL_POWEREVENT************dwEventType:4
2022-12-04 21:01:16.172	+Warning+	[service] power event, system is suspending.
2022-12-04 21:01:16.174	- Info  -	Logout ...
2022-12-04 21:01:16.174	- Info  -	[oray][erroCode] errorcode=oray_errorcode(0), product=0, type=0, inner code=0 [CMultiplexLogicStream::Disconnect_impl:121]
2022-12-04 21:01:16.174	- Info  -	[RemoteControl] disconnected server(81.69.183.65:443),error code:0
2022-12-04 21:01:16.175	* Error *	[online] online disconnected,error code:0
2022-12-04 21:01:16.175	- Info  -	[oray][erroCode] errorcode=errorcode(0), product=0, type=0, inner code=0 [COnlineHandler::OnDisconnect:86]
2022-12-04 21:01:16.175	- Info  -	[service] disconnected server(81.69.183.65:443),errorcode:0
2022-12-04 21:01:16.175	- Info  -	curStatus: 0, m_Status: 1
2022-12-04 21:01:16.175	- Info  -	[http call3] new call id:22, url:https://sl-log.oray.net/slclientlog
2022-12-04 21:01:16.176	- Info  -	Current client status: 0
2022-12-04 21:01:16.176	- Info  -	send status_changed notify 0
2022-12-04 21:01:16.176	- Info  -	[OnLogout start]
2022-12-04 21:01:16.176	- Info  -	[service] stop all projections
2022-12-04 21:01:16.177	- Info  -	[OnLogout end]
2022-12-04 21:01:16.189	- Info  -	[http call3] id:22 create new connection : https://sl-log.oray.net:443
2022-12-04 21:01:16.192	- Info  -	[MICRO LIVE] shell send close micro_live_plugin
2022-12-04 21:01:16.212	- Info  -	attempt to connect server sl-log.oray.net:443(121.41.32.171:443)
2022-12-04 21:01:16.412	- Info  -	[http call3] id:22, url:https://sl-log.oray.net/slclientlog, status code:200
2022-12-04 21:01:28.677	- Info  -	[ServiceEx] the service control is 13
2022-12-04 21:01:28.678	- Info  -	SERVICE_CONTROL_POWEREVENT************dwEventType:7
2022-12-04 21:01:28.678	+Warning+	[service] power event, system is resumed.
2022-12-04 21:01:30.760	- Info  -	[ServiceEx] the service control is 13
2022-12-04 21:01:30.760	- Info  -	SERVICE_CONTROL_POWEREVENT************dwEventType:18
2022-12-04 21:01:30.760	+Warning+	[service] power event, system is resumed.
2022-12-04 21:01:34.242	- Info  -	retry login now......
2022-12-04 21:01:34.242	- Info  -	Current client status: 2
2022-12-04 21:01:34.242	- Info  -	send status_changed notify 2
2022-12-04 21:01:34.244	- Info  -	Login task time 0
2022-12-04 21:01:34.244	- Info  -	[service] retry login by power event
2022-12-04 21:01:34.245	- Info  -	Do login( type: 2 ) at 379
2022-12-04 21:01:34.245	- Info  -	[http call3] new call id:23, url:https://slapi.oray.net/remote/get-fastcode
2022-12-04 21:01:34.253	- Info  -	[http call3] id:23 create new connection : https://slapi.oray.net:443
2022-12-04 21:01:34.659	- Info  -	[service] retry login by power event
2022-12-04 21:01:34.664	- Info  -	attempt to connect server slapi.oray.net:443(121.40.200.192:443)
2022-12-04 21:01:35.075	- Info  -	[http call3] id:23, url:https://slapi.oray.net/remote/get-fastcode, status code:200
2022-12-04 21:01:35.686	- Info  -	attempt to connect server rc10-fc12.oray.com:443(47.111.1.108:443)
2022-12-04 21:01:36.968	- Info  -	[service] attempted logon
2022-12-04 21:01:37.014	- Info  -	[service] logon server OK. public ip:183.217.165.158
2022-12-04 21:01:37.045	- Info  -	[online] attempted client online
2022-12-04 21:01:37.073	- Info  -	[online] client online OK.
2022-12-04 21:01:37.074	- Info  -	[online] received name:default , description:default .
2022-12-04 21:01:37.089	- Info  -	[service] attempted register client to server
2022-12-04 21:01:37.119	- Info  -	[service] registered client to server
2022-12-04 21:01:37.120	- Info  -	[http call3] new call id:24, url:https://sl-log.oray.net/slclientlog
2022-12-04 21:01:37.120	- Info  -	Current client status: 1
2022-12-04 21:01:37.120	- Info  -	send status_changed notify 1
2022-12-04 21:01:37.135	- Info  -	[http call3] id:24 use old connection : https://sl-log.oray.net:443
2022-12-04 21:01:37.168	- Info  -	[http call3] id:24, url:https://sl-log.oray.net/slclientlog, status code:200
2022-12-04 21:01:37.776	- Info  -	[discover] Client NotifyDiscover type=5
2022-12-04 21:01:37.803	- Info  -	[OnLogin start]
2022-12-04 21:01:37.811	- Info  -	[OnLogin end]
2022-12-04 21:01:37.845	- Info  -	[OnLogin] WaittingTask Start
2022-12-04 21:01:38.434	- Info  -	Set auto_run : true
2022-12-04 21:01:39.436	- Info  -	[OnLogin] WaittingTask end
2022-12-04 21:01:50.070	* Error *	SSLStream::IsWantReadWrite|peer(121.40.200.192:443), SSL_read failed( 6 ), error:00000000:lib(0):func(0):reason(0), file( ..\includes\common\phstream\SSLStream.cpp:1898 )
2022-12-04 21:01:50.070	- Info  -	[http call3] disconnect, error( 0 )
2022-12-04 21:02:02.095	- Info  -	[ServiceEx] the service control is 13
2022-12-04 21:02:02.096	- Info  -	SERVICE_CONTROL_POWEREVENT************dwEventType:4
2022-12-04 21:02:02.096	+Warning+	[service] power event, system is suspending.
2022-12-04 21:02:02.097	- Info  -	Logout ...
2022-12-04 21:02:02.097	- Info  -	[oray][erroCode] errorcode=oray_errorcode(0), product=0, type=0, inner code=0 [CMultiplexLogicStream::Disconnect_impl:121]
2022-12-04 21:02:02.097	- Info  -	[RemoteControl] disconnected server(47.111.1.108:443),error code:0
2022-12-04 21:02:02.097	* Error *	[online] online disconnected,error code:0
2022-12-04 21:02:02.098	- Info  -	[oray][erroCode] errorcode=errorcode(0), product=0, type=0, inner code=0 [COnlineHandler::OnDisconnect:86]
2022-12-04 21:02:02.098	- Info  -	[service] disconnected server(47.111.1.108:443),errorcode:0
2022-12-04 21:02:02.098	- Info  -	curStatus: 0, m_Status: 1
2022-12-04 21:02:02.098	- Info  -	[http call3] new call id:25, url:https://sl-log.oray.net/slclientlog
2022-12-04 21:02:02.098	- Info  -	Current client status: 0
2022-12-04 21:02:02.098	- Info  -	send status_changed notify 0
2022-12-04 21:02:02.098	- Info  -	[OnLogout start]
2022-12-04 21:02:02.098	- Info  -	[service] stop all projections
2022-12-04 21:02:02.098	- Info  -	[OnLogout end]
2022-12-04 21:02:02.111	- Info  -	[MICRO LIVE] shell send close micro_live_plugin
2022-12-04 21:02:02.112	- Info  -	[http call3] id:25 use old connection : https://sl-log.oray.net:443
2022-12-04 21:02:02.175	- Info  -	[http call3] id:25, url:https://sl-log.oray.net/slclientlog, status code:200
2022-12-05 09:31:42.519	+Warning+	[passive:keepalive:] 121.41.32.171:443 disconnect by keepalive timeout(172483781>=127503437+30000)
2022-12-05 09:31:42.519	+Warning+	[oray][erroCode] errorcode=ORAY_ERROR_PHSTREAM_KEEPALIVE_TIMEOUT(57351), product=0, type=3, inner code=7 [CPassiveKeepAliveHandler::Done:141]
2022-12-05 09:31:42.519	- Info  -	[http call3] disconnect, error( 57351 )
2022-12-05 09:31:47.278	- Info  -	[ServiceEx] the service control is 13
2022-12-05 09:31:47.278	- Info  -	SERVICE_CONTROL_POWEREVENT************dwEventType:10
2022-12-05 09:31:50.791	- Info  -	[ServiceEx] the service control is 13
2022-12-05 09:31:50.791	- Info  -	SERVICE_CONTROL_POWEREVENT************dwEventType:18
2022-12-05 09:31:50.791	+Warning+	[service] power event, system is resumed.
2022-12-05 09:31:51.911	- Info  -	[ServiceEx] the service control is 13
2022-12-05 09:31:51.911	- Info  -	SERVICE_CONTROL_POWEREVENT************dwEventType:7
2022-12-05 09:31:51.911	+Warning+	[service] power event, system is resumed.
2022-12-05 09:31:56.446	- Info  -	retry login now......
2022-12-05 09:31:56.447	- Info  -	Current client status: 2
2022-12-05 09:31:56.447	- Info  -	send status_changed notify 2
2022-12-05 09:31:56.452	- Info  -	Login task time 0
2022-12-05 09:31:56.453	- Info  -	[service] retry login by power event
2022-12-05 09:31:56.513	- Info  -	Do login( type: 2 ) at 379
2022-12-05 09:31:56.513	- Info  -	[http call3] new call id:26, url:https://slapi.oray.net/remote/get-fastcode
2022-12-05 09:31:56.524	- Info  -	[http call3] id:26 create new connection : https://slapi.oray.net:443
2022-12-05 09:31:56.525	* Error *	[oray][erroCode] errorcode=ORAY_ERROR_DOMAIN_RESOLVED_FAILED(57394), product=0, type=3, inner code=50 [CSockConnector::ConnectSock:229]
2022-12-05 09:32:03.628	- Info  -	[service] retry login by power event
2022-12-05 09:32:26.534	- Info  -	[http call3] disconnect, error( 0 )
2022-12-05 09:32:26.534	- Info  -	[http call3] disconnect id:26, error( 0 )
2022-12-05 09:32:26.534	* Error *	GetFastcode failed! error:-1, msg:net error
2022-12-05 09:32:26.534	- Info  -	Current client status: 0
2022-12-05 09:32:26.534	- Info  -	send status_changed notify 0
2022-12-05 09:32:26.535	- Info  -	[OnLogout start]
2022-12-05 09:32:26.535	- Info  -	[service] stop all projections
2022-12-05 09:32:26.535	- Info  -	retry login now......
2022-12-05 09:32:26.535	- Info  -	Current client status: 2
2022-12-05 09:32:26.535	- Info  -	send status_changed notify 2
2022-12-05 09:32:26.536	- Info  -	Login task time 0
2022-12-05 09:32:26.536	- Info  -	[OnLogout end]
2022-12-05 09:32:26.626	- Info  -	Do login( type: 2 ) at 379
2022-12-05 09:32:26.626	- Info  -	[http call3] new call id:27, url:https://slapi.oray.net/remote/get-fastcode
2022-12-05 09:32:26.756	- Info  -	[http call3] id:27 create new connection : https://slapi.oray.net:443
2022-12-05 09:32:27.127	- Info  -	attempt to connect server slapi.oray.net:443(121.40.99.129:443)
2022-12-05 09:32:27.581	- Info  -	[http call3] id:27, url:https://slapi.oray.net/remote/get-fastcode, status code:200
2022-12-05 09:32:28.216	- Info  -	attempt to connect server rc10-fc09.oray.com:443(81.69.153.131:443)
2022-12-05 09:32:28.351	- Info  -	[service] attempted logon
2022-12-05 09:32:28.419	- Info  -	[service] logon server OK. public ip:183.217.165.158
2022-12-05 09:32:28.448	- Info  -	[online] attempted client online
2022-12-05 09:32:28.478	- Info  -	[online] client online OK.
2022-12-05 09:32:28.479	- Info  -	[online] received name:default , description:default .
2022-12-05 09:32:28.490	- Info  -	[service] attempted register client to server
2022-12-05 09:32:28.516	- Info  -	[service] registered client to server
2022-12-05 09:32:28.516	- Info  -	[http call3] new call id:28, url:https://sl-log.oray.net/slclientlog
2022-12-05 09:32:28.516	- Info  -	Current client status: 1
2022-12-05 09:32:28.516	- Info  -	send status_changed notify 1
2022-12-05 09:32:28.532	- Info  -	[http call3] id:28 create new connection : https://sl-log.oray.net:443
2022-12-05 09:32:28.560	- Info  -	[discover] Client NotifyDiscover type=5
2022-12-05 09:32:28.567	- Info  -	attempt to connect server sl-log.oray.net:443(47.97.183.66:443)
2022-12-05 09:32:28.577	- Info  -	[OnLogin start]
2022-12-05 09:32:28.584	- Info  -	[OnLogin end]
2022-12-05 09:32:28.585	- Info  -	[OnLogin] WaittingTask Start
2022-12-05 09:32:28.831	- Info  -	[http call3] id:28, url:https://sl-log.oray.net/slclientlog, status code:200
2022-12-05 09:32:27.863	- Info  -	Set auto_run : true
2022-12-05 09:32:28.148	- Info  -	[OnLogin] WaittingTask end
2022-12-05 09:32:31.406	- Info  -	[ServiceEx] the service control is 13
2022-12-05 09:32:31.406	- Info  -	SERVICE_CONTROL_POWEREVENT************dwEventType:4
2022-12-05 09:32:31.406	+Warning+	[service] power event, system is suspending.
2022-12-05 09:32:31.407	- Info  -	Logout ...
2022-12-05 09:32:31.407	- Info  -	[oray][erroCode] errorcode=oray_errorcode(0), product=0, type=0, inner code=0 [CMultiplexLogicStream::Disconnect_impl:121]
2022-12-05 09:32:31.407	- Info  -	[RemoteControl] disconnected server(81.69.153.131:443),error code:0
2022-12-05 09:32:31.408	* Error *	[online] online disconnected,error code:0
2022-12-05 09:32:31.408	- Info  -	[oray][erroCode] errorcode=errorcode(0), product=0, type=0, inner code=0 [COnlineHandler::OnDisconnect:86]
2022-12-05 09:32:31.408	- Info  -	[service] disconnected server(81.69.153.131:443),errorcode:0
2022-12-05 09:32:31.408	- Info  -	curStatus: 0, m_Status: 1
2022-12-05 09:32:31.408	- Info  -	[http call3] new call id:29, url:https://sl-log.oray.net/slclientlog
2022-12-05 09:32:31.408	- Info  -	Current client status: 0
2022-12-05 09:32:31.408	- Info  -	send status_changed notify 0
2022-12-05 09:32:31.408	- Info  -	[OnLogout start]
2022-12-05 09:32:31.408	- Info  -	[service] stop all projections
2022-12-05 09:32:31.408	- Info  -	[OnLogout end]
2022-12-05 09:32:31.414	- Info  -	[MICRO LIVE] shell send close micro_live_plugin
2022-12-05 09:32:31.421	- Info  -	[http call3] id:29 use old connection : https://sl-log.oray.net:443
2022-12-05 09:32:31.451	- Info  -	[http call3] id:29, url:https://sl-log.oray.net/slclientlog, status code:200
2022-12-05 14:06:04.533	+Warning+	[passive:keepalive:] 121.40.99.129:443 disconnect by keepalive timeout(188947062>=172528843+30000)
2022-12-05 14:06:04.533	+Warning+	[oray][erroCode] errorcode=ORAY_ERROR_PHSTREAM_KEEPALIVE_TIMEOUT(57351), product=0, type=3, inner code=7 [CPassiveKeepAliveHandler::Done:141]
2022-12-05 14:06:04.533	- Info  -	[http call3] disconnect, error( 57351 )
2022-12-05 14:06:04.533	+Warning+	[passive:keepalive:] 47.97.183.66:443 disconnect by keepalive timeout(188947062>=172533984+30000)
2022-12-05 14:06:04.533	+Warning+	[oray][erroCode] errorcode=ORAY_ERROR_PHSTREAM_KEEPALIVE_TIMEOUT(57351), product=0, type=3, inner code=7 [CPassiveKeepAliveHandler::Done:141]
2022-12-05 14:06:04.534	- Info  -	[http call3] disconnect, error( 57351 )
2022-12-05 14:06:10.565	- Info  -	[ServiceEx] the service control is 13
2022-12-05 14:06:10.565	- Info  -	SERVICE_CONTROL_POWEREVENT************dwEventType:18
2022-12-05 14:06:10.565	+Warning+	[service] power event, system is resumed.
2022-12-05 14:06:14.799	- Info  -	[ServiceEx] the service control is 13
2022-12-05 14:06:14.799	- Info  -	SERVICE_CONTROL_POWEREVENT************dwEventType:7
2022-12-05 14:06:14.799	+Warning+	[service] power event, system is resumed.
2022-12-05 14:06:17.984	- Info  -	retry login now......
2022-12-05 14:06:17.984	- Info  -	Current client status: 2
2022-12-05 14:06:17.984	- Info  -	send status_changed notify 2
2022-12-05 14:06:17.985	- Info  -	Login task time 0
2022-12-05 14:06:17.985	- Info  -	[service] retry login by power event
2022-12-05 14:06:18.095	- Info  -	Do login( type: 2 ) at 379
2022-12-05 14:06:18.096	- Info  -	[http call3] new call id:30, url:https://slapi.oray.net/remote/get-fastcode
2022-12-05 14:06:18.103	- Info  -	[http call3] id:30 create new connection : https://slapi.oray.net:443
2022-12-05 14:06:18.187	* Error *	[oray][erroCode] errorcode=ORAY_ERROR_DOMAIN_RESOLVED_FAILED(57394), product=0, type=3, inner code=50 [CSockConnector::ConnectSock:229]
2022-12-05 14:06:23.907	- Info  -	[ServiceEx] the service control is 13
2022-12-05 14:06:23.907	- Info  -	SERVICE_CONTROL_POWEREVENT************dwEventType:10
2022-12-05 14:06:24.076	- Info  -	[service] retry login by power event
2022-12-05 14:06:27.350	- Info  -	[ServiceEx] the service control is 13
2022-12-05 14:06:27.350	- Info  -	SERVICE_CONTROL_POWEREVENT************dwEventType:10
2022-12-05 14:06:48.692	- Info  -	[http call3] disconnect, error( 0 )
2022-12-05 14:06:48.692	- Info  -	[http call3] disconnect id:30, error( 0 )
2022-12-05 14:06:48.692	* Error *	GetFastcode failed! error:-1, msg:net error
2022-12-05 14:06:48.692	- Info  -	Current client status: 0
2022-12-05 14:06:48.692	- Info  -	send status_changed notify 0
2022-12-05 14:06:48.692	- Info  -	[OnLogout start]
2022-12-05 14:06:48.693	- Info  -	[service] stop all projections
2022-12-05 14:06:48.693	- Info  -	retry login now......
2022-12-05 14:06:48.693	- Info  -	Current client status: 2
2022-12-05 14:06:48.693	- Info  -	send status_changed notify 2
2022-12-05 14:06:48.694	- Info  -	Login task time 0
2022-12-05 14:06:48.694	- Info  -	[OnLogout end]
2022-12-05 14:06:48.695	- Info  -	Do login( type: 2 ) at 379
2022-12-05 14:06:48.700	- Info  -	[http call3] new call id:31, url:https://slapi.oray.net/remote/get-fastcode
2022-12-05 14:06:48.714	- Info  -	[http call3] id:31 create new connection : https://slapi.oray.net:443
2022-12-05 14:06:49.445	- Info  -	attempt to connect server slapi.oray.net:443(121.40.99.129:443)
2022-12-05 14:06:50.348	- Info  -	[http call3] id:31, url:https://slapi.oray.net/remote/get-fastcode, status code:200
2022-12-05 14:06:50.626	- Info  -	attempt to connect server rc10-fc10.oray.com:443(121.40.171.186:443)
2022-12-05 14:06:51.396	- Info  -	[service] attempted logon
2022-12-05 14:06:51.456	- Info  -	[service] logon server OK. public ip:183.217.165.158
2022-12-05 14:06:51.487	- Info  -	[online] attempted client online
2022-12-05 14:06:51.523	- Info  -	[online] client online OK.
2022-12-05 14:06:51.525	- Info  -	[online] received name:default , description:default .
2022-12-05 14:06:51.539	- Info  -	[service] attempted register client to server
2022-12-05 14:06:51.571	- Info  -	[service] registered client to server
2022-12-05 14:06:51.572	- Info  -	[http call3] new call id:32, url:https://sl-log.oray.net/slclientlog
2022-12-05 14:06:51.572	- Info  -	Current client status: 1
2022-12-05 14:06:51.572	- Info  -	send status_changed notify 1
2022-12-05 14:06:51.588	- Info  -	[http call3] id:32 create new connection : https://sl-log.oray.net:443
2022-12-05 14:06:51.619	- Info  -	attempt to connect server sl-log.oray.net:443(121.199.72.21:443)
2022-12-05 14:06:51.637	- Info  -	[discover] Client NotifyDiscover type=5
2022-12-05 14:06:51.909	- Info  -	[OnLogin start]
2022-12-05 14:06:51.916	- Info  -	[OnLogin end]
2022-12-05 14:06:51.988	- Info  -	[OnLogin] WaittingTask Start
2022-12-05 14:06:53.090	- Info  -	[http call3] id:32, url:https://sl-log.oray.net/slclientlog, status code:200
2022-12-05 14:06:53.342	- Info  -	Set auto_run : true
2022-12-05 14:06:53.982	- Info  -	[OnLogin] WaittingTask end
2022-12-05 14:07:05.336	* Error *	SSLStream::IsWantReadWrite|peer(121.40.99.129:443), SSL_read failed( 6 ), error:00000000:lib(0):func(0):reason(0), file( ..\includes\common\phstream\SSLStream.cpp:1898 )
2022-12-05 14:07:05.336	- Info  -	[http call3] disconnect, error( 0 )
2022-12-05 14:07:23.107	* Error *	SSLStream::IsWantReadWrite|peer(121.199.72.21:443), SSL_read failed( 6 ), error:00000000:lib(0):func(0):reason(0), file( ..\includes\common\phstream\SSLStream.cpp:1898 )
2022-12-05 14:07:23.107	- Info  -	[http call3] disconnect, error( 0 )
2022-12-05 14:39:21.981	+Warning+	[passive:keepalive:] 121.40.171.186:443 disconnect by keepalive timeout(190944515>=190824000+120000)
2022-12-05 14:39:21.982	+Warning+	[oray][erroCode] errorcode=ORAY_ERROR_PHSTREAM_KEEPALIVE_TIMEOUT(57351), product=0, type=3, inner code=7 [CPassiveKeepAliveHandler::Done:141]
2022-12-05 14:39:21.982	- Info  -	[oray][erroCode] errorcode=oray_errorcode(57351), product=0, type=3, inner code=7 [CMultiplexLogicStream::Disconnect_impl:121]
2022-12-05 14:39:21.982	* Error *	[online] online disconnected,error code:0
2022-12-05 14:39:21.982	- Info  -	[oray][erroCode] errorcode=errorcode(0), product=0, type=0, inner code=0 [COnlineHandler::OnDisconnect:86]
2022-12-05 14:39:21.985	- Info  -	[RemoteControl] disconnected server(121.40.171.186:443),error code:0
2022-12-05 14:39:21.985	- Info  -	[service] disconnected server(121.40.171.186:443),errorcode:0
2022-12-05 14:39:21.985	- Info  -	curStatus: 0, m_Status: 1
2022-12-05 14:39:21.985	- Info  -	[http call3] new call id:33, url:https://sl-log.oray.net/slclientlog
2022-12-05 14:39:21.985	- Info  -	Current client status: 0
2022-12-05 14:39:21.985	- Info  -	send status_changed notify 0
2022-12-05 14:39:21.985	- Info  -	[OnLogout start]
2022-12-05 14:39:22.000	- Info  -	[http call3] id:33 create new connection : https://sl-log.oray.net:443
2022-12-05 14:39:22.004	- Info  -	[service] stop all projections
2022-12-05 14:39:22.004	- Info  -	retry login now......
2022-12-05 14:39:22.004	- Info  -	Current client status: 2
2022-12-05 14:39:22.004	- Info  -	send status_changed notify 2
2022-12-05 14:39:22.005	- Info  -	Login task time 0
2022-12-05 14:39:22.005	- Info  -	[OnLogout end]
2022-12-05 14:39:22.009	- Info  -	Do login( type: 2 ) at 379
2022-12-05 14:39:22.010	- Info  -	[http call3] new call id:34, url:https://slapi.oray.net/remote/get-fastcode
2022-12-05 14:39:22.021	- Info  -	attempt to connect server sl-log.oray.net:443(47.97.106.171:443)
2022-12-05 14:39:22.022	- Info  -	[http call3] id:34 create new connection : https://slapi.oray.net:443
2022-12-05 14:39:22.037	- Info  -	attempt to connect server slapi.oray.net:443(121.40.200.192:443)
2022-12-05 14:39:22.161	- Info  -	[http call3] id:33, url:https://sl-log.oray.net/slclientlog, status code:200
2022-12-05 14:39:22.234	- Info  -	[http call3] id:34, url:https://slapi.oray.net/remote/get-fastcode, status code:200
2022-12-05 14:39:22.250	- Info  -	attempt to connect server rc10-fc06.oray.com:443(120.26.127.51:443)
2022-12-05 14:39:22.344	- Info  -	[service] attempted logon
2022-12-05 14:39:22.376	- Info  -	[service] logon server OK. public ip:183.217.165.158
2022-12-05 14:39:22.399	- Info  -	[online] attempted client online
2022-12-05 14:39:22.425	- Info  -	[online] client online OK.
2022-12-05 14:39:22.426	- Info  -	[online] received name:default , description:default .
2022-12-05 14:39:22.438	- Info  -	[service] attempted register client to server
2022-12-05 14:39:22.463	- Info  -	[service] registered client to server
2022-12-05 14:39:22.464	- Info  -	[http call3] new call id:35, url:https://sl-log.oray.net/slclientlog
2022-12-05 14:39:22.465	- Info  -	Current client status: 1
2022-12-05 14:39:22.465	- Info  -	send status_changed notify 1
2022-12-05 14:39:22.469	- Info  -	[http call3] id:35 use old connection : https://sl-log.oray.net:443
2022-12-05 14:39:22.500	- Info  -	[http call3] id:35, url:https://sl-log.oray.net/slclientlog, status code:200
2022-12-05 14:39:22.517	- Info  -	[discover] Client NotifyDiscover type=5
2022-12-05 14:39:22.538	- Info  -	[OnLogin start]
2022-12-05 14:39:22.542	- Info  -	[OnLogin end]
2022-12-05 14:39:22.554	- Info  -	[OnLogin] WaittingTask Start
2022-12-05 14:39:22.652	- Info  -	Set auto_run : true
2022-12-05 14:39:23.128	- Info  -	[OnLogin] WaittingTask end
2022-12-05 14:39:37.233	* Error *	SSLStream::IsWantReadWrite|peer(121.40.200.192:443), SSL_read failed( 6 ), error:00000000:lib(0):func(0):reason(0), file( ..\includes\common\phstream\SSLStream.cpp:1898 )
2022-12-05 14:39:37.234	- Info  -	[http call3] disconnect, error( 0 )
2022-12-05 14:39:52.496	* Error *	SSLStream::IsWantReadWrite|peer(47.97.106.171:443), SSL_read failed( 6 ), error:00000000:lib(0):func(0):reason(0), file( ..\includes\common\phstream\SSLStream.cpp:1898 )
2022-12-05 14:39:52.497	- Info  -	[http call3] disconnect, error( 0 )
2022-12-05 14:41:05.918	- Info  -	[ServiceEx] the service control is 13
2022-12-05 14:41:05.918	- Info  -	SERVICE_CONTROL_POWEREVENT************dwEventType:10
2022-12-05 16:26:00.607	- Info  -	[ServiceEx] the service control is 13
2022-12-05 16:26:00.609	- Info  -	SERVICE_CONTROL_POWEREVENT************dwEventType:10
2022-12-05 16:26:12.807	- Info  -	[ServiceEx] the service control is 5
2022-12-05 16:26:12.807	- Info  -	SERVICE_CONTROL_SHUTDOWN************
2022-12-05 16:26:12.807	- Info  -	[discover] Client NotifyDiscover type=6
2022-12-05 16:26:12.823	- Info  -	Logout ...
2022-12-05 16:26:12.823	- Info  -	[oray][erroCode] errorcode=oray_errorcode(0), product=0, type=0, inner code=0 [CMultiplexLogicStream::Disconnect_impl:121]
2022-12-05 16:26:12.823	- Info  -	[RemoteControl] disconnected server(120.26.127.51:443),error code:0
2022-12-05 16:26:12.823	* Error *	[online] online disconnected,error code:0
2022-12-05 16:26:12.823	- Info  -	[oray][erroCode] errorcode=errorcode(0), product=0, type=0, inner code=0 [COnlineHandler::OnDisconnect:86]
2022-12-05 16:26:12.823	- Info  -	[service] disconnected server(120.26.127.51:443),errorcode:0
2022-12-05 16:26:12.823	- Info  -	curStatus: 0, m_Status: 1
2022-12-05 16:26:12.823	- Info  -	[http call3] new call id:36, url:https://sl-log.oray.net/slclientlog
2022-12-05 16:26:12.823	- Info  -	Current client status: 0
2022-12-05 16:26:12.932	- Info  -	[http call3] id:36 create new connection : https://sl-log.oray.net:443
2022-12-05 16:26:13.120	- Info  -	attempt to connect server sl-log.oray.net:443(47.97.162.230:443)
2022-12-05 16:26:13.260	- Info  -	[CUDPLibWrapper] map size: 0, value: 
2022-12-05 16:26:13.260	- Info  -	[service] stop listen OK
2022-12-05 16:26:13.276	- Info  -	[service] stop all projections
2022-12-05 16:26:13.276	- Info  -	[discover] Client NotifyDiscover type=6
2022-12-05 16:26:13.541	- Info  -	[http call3] id:36, url:https://sl-log.oray.net/slclientlog, status code:200
2022-12-05 16:26:16.379	* Error *	[hidden_wnd] Message Thread Exit wrong: 258
2022-12-05 16:26:16.403	- Info  -	[CUDPLibWrapper] map size: 0, value: 
2022-12-05 16:26:16.406	- Info  -	Terminate OK
2022-12-05 16:26:16.412	- Info  -	Terminate OK
2022-12-05 16:26:16.421	- Info  -	[service] stop all projections
2022-12-05 16:26:16.443	- Info  -	[http call3] disconnect, error( 0 )
2022-12-05 16:26:16.451	- Info  -	program service is exit 
