2022-10-28 22:29:45.690	- Info  -	version:3.2.1.40406
2022-10-28 22:29:45.730	- Info  -	[dlg_main] on_create
2022-10-28 22:29:45.903	- Info  -	attempt to connect server 127.0.0.1:16308(127.0.0.1:16308)
2022-10-28 22:29:45.958	- Info  -	[shell] OnConnect
2022-10-28 22:29:45.959	- Info  -	[shell] status_changed:1
2022-10-28 22:29:47.034	- Info  -	[dlg_main] init_fastcode_histroy
2022-10-28 22:29:47.055	- Info  -	[http call3] new call id:1, url:https://ddns.oray.com/checkip?clean=1
2022-10-28 22:29:47.055	- Info  -	[dlg_main] on_create end
2022-10-28 22:29:47.129	- Info  -	[http call3] id:1 create new connection : https://ddns.oray.com:443
2022-10-28 22:29:47.203	- Info  -	sensors init with file: C:/ProgramData/Oray/SunloginClient/sensors/datas
2022-10-28 22:29:47.205	- Info  -	[http call3] new call id:2, url:https://slapi.oray.net/client/free-tips
2022-10-28 22:29:47.211	- Info  -	attempt to connect server ddns.oray.com:443(114.215.199.192:443)
2022-10-28 22:29:47.211	- Info  -	[http call3] id:2 create new connection : https://slapi.oray.net:443
2022-10-28 22:29:47.228	- Info  -	attempt to connect server slapi.oray.net:443(121.40.99.129:443)
2022-10-28 22:29:47.610	- Info  -	[http call3] id:1, url:https://ddns.oray.com/checkip?clean=1, status code:200
2022-10-28 22:29:47.680	- Info  -	[http call3] id:2, url:https://slapi.oray.net/client/free-tips, status code:200
2022-10-28 22:30:02.679	* Error *	SSLStream::IsWantReadWrite|peer(121.40.99.129:443), SSL_read failed( 6 ), error:00000000:lib(0):func(0):reason(0), file( ..\includes\common\phstream\SSLStream.cpp:1898 )
2022-10-28 22:30:02.679	- Info  -	[http call3] disconnect, error( 0 )
2022-10-28 22:30:17.611	* Error *	SSLStream::IsWantReadWrite|peer(114.215.199.192:443), SSL_read failed( 6 ), error:00000000:lib(0):func(0):reason(0), file( ..\includes\common\phstream\SSLStream.cpp:1898 )
2022-10-28 22:30:17.611	- Info  -	[http call3] disconnect, error( 0 )
2022-10-28 23:03:54.950	- Info  -	[shell] status_changed:0
2022-10-29 07:09:32.997	- Info  -	[shell] status_changed:2
2022-10-29 07:10:03.055	- Info  -	[shell] status_changed:2
2022-10-29 07:10:03.056	- Info  -	[shell] status_changed:2
2022-10-29 07:10:03.664	- Info  -	[shell] status_changed:1
2022-10-29 07:10:03.693	- Info  -	[http call3] new call id:3, url:https://slapi.oray.net/client/free-tips
2022-10-29 07:10:03.696	- Info  -	[http call3] id:3 create new connection : https://slapi.oray.net:443
2022-10-29 07:10:03.697	- Info  -	attempt to connect server slapi.oray.net:443(121.40.200.192:443)
2022-10-29 07:10:03.954	- Info  -	[http call3] id:3, url:https://slapi.oray.net/client/free-tips, status code:200
2022-10-29 07:10:18.949	* Error *	SSLStream::IsWantReadWrite|peer(121.40.200.192:443), SSL_read failed( 6 ), error:00000000:lib(0):func(0):reason(0), file( ..\includes\common\phstream\SSLStream.cpp:1898 )
2022-10-29 07:10:18.950	- Info  -	[http call3] disconnect, error( 0 )
2022-10-29 07:31:03.686	- Info  -	[shell] status_changed:2
2022-10-29 07:31:03.687	- Info  -	[shell] status_changed:2
2022-10-29 07:31:33.721	- Info  -	[shell] status_changed:0
2022-10-29 07:33:34.934	- Info  -	[shell] status_changed:2
2022-10-29 07:33:35.470	- Info  -	[shell] status_changed:1
2022-10-29 07:33:35.503	- Info  -	[http call3] new call id:4, url:https://slapi.oray.net/client/free-tips
2022-10-29 07:33:35.509	- Info  -	[http call3] id:4 create new connection : https://slapi.oray.net:443
2022-10-29 07:33:35.511	- Info  -	attempt to connect server slapi.oray.net:443(121.40.200.192:443)
2022-10-29 07:33:35.765	- Info  -	[http call3] id:4, url:https://slapi.oray.net/client/free-tips, status code:200
2022-10-29 07:33:50.759	* Error *	SSLStream::IsWantReadWrite|peer(121.40.200.192:443), SSL_read failed( 6 ), error:00000000:lib(0):func(0):reason(0), file( ..\includes\common\phstream\SSLStream.cpp:1898 )
2022-10-29 07:33:50.760	- Info  -	[http call3] disconnect, error( 0 )
2022-10-29 08:43:05.208	- Info  -	[shell] status_changed:0
2022-10-29 08:43:16.299	- Info  -	[shell] status_changed:2
2022-10-29 08:43:24.264	- Info  -	[shell] status_changed:1
2022-10-29 08:43:24.287	- Info  -	[http call3] new call id:5, url:https://slapi.oray.net/client/free-tips
2022-10-29 08:43:24.352	- Info  -	[http call3] id:5 create new connection : https://slapi.oray.net:443
2022-10-29 08:43:24.377	- Info  -	attempt to connect server slapi.oray.net:443(121.40.200.192:443)
2022-10-29 08:43:25.002	- Info  -	[http call3] id:5, url:https://slapi.oray.net/client/free-tips, status code:200
2022-10-29 08:43:39.995	* Error *	SSLStream::IsWantReadWrite|peer(121.40.200.192:443), SSL_read failed( 6 ), error:00000000:lib(0):func(0):reason(0), file( ..\includes\common\phstream\SSLStream.cpp:1898 )
2022-10-29 08:43:39.996	- Info  -	[http call3] disconnect, error( 0 )
2022-10-29 08:48:35.444	- Info  -	[shell] status_changed:0
2022-10-29 08:52:23.326	- Info  -	[shell] status_changed:2
2022-10-29 08:52:24.074	- Info  -	[shell] status_changed:1
2022-10-29 08:52:24.097	- Info  -	[http call3] new call id:6, url:https://slapi.oray.net/client/free-tips
2022-10-29 08:52:24.164	- Info  -	[http call3] id:6 create new connection : https://slapi.oray.net:443
2022-10-29 08:52:24.297	- Info  -	attempt to connect server slapi.oray.net:443(121.40.99.129:443)
2022-10-29 08:52:24.666	- Info  -	[http call3] id:6, url:https://slapi.oray.net/client/free-tips, status code:200
2022-10-29 08:52:39.659	* Error *	SSLStream::IsWantReadWrite|peer(121.40.99.129:443), SSL_read failed( 6 ), error:00000000:lib(0):func(0):reason(0), file( ..\includes\common\phstream\SSLStream.cpp:1898 )
2022-10-29 08:52:39.659	- Info  -	[http call3] disconnect, error( 0 )
2022-10-29 09:21:30.856	- Info  -	[shell] status_changed:0
2022-10-29 09:29:21.224	- Info  -	[shell] status_changed:2
2022-10-29 09:29:21.993	- Info  -	[shell] status_changed:1
2022-10-29 09:29:22.016	- Info  -	[http call3] new call id:7, url:https://slapi.oray.net/client/free-tips
2022-10-29 09:29:22.067	- Info  -	[http call3] id:7 create new connection : https://slapi.oray.net:443
2022-10-29 09:29:22.161	- Info  -	attempt to connect server slapi.oray.net:443(121.40.200.192:443)
2022-10-29 09:29:22.513	- Info  -	[http call3] id:7, url:https://slapi.oray.net/client/free-tips, status code:200
2022-10-29 09:29:23.955	- Info  -	[shell] status_changed:0
2022-10-29 09:32:16.504	+Warning+	[passive:keepalive:] 121.40.200.192:443 disconnect by keepalive timeout(39803406>=39629406+30000)
2022-10-29 09:32:16.504	+Warning+	[oray][erroCode] errorcode=ORAY_ERROR_PHSTREAM_KEEPALIVE_TIMEOUT(57351), product=0, type=3, inner code=7 [CPassiveKeepAliveHandler::Done:141]
2022-10-29 09:32:16.504	- Info  -	[http call3] disconnect, error( 57351 )
2022-10-29 09:32:23.559	- Info  -	[shell] status_changed:2
2022-10-29 09:32:25.198	- Info  -	[shell] status_changed:1
2022-10-29 09:32:25.277	- Info  -	[http call3] new call id:8, url:https://slapi.oray.net/client/free-tips
2022-10-29 09:32:25.284	- Info  -	[http call3] id:8 create new connection : https://slapi.oray.net:443
2022-10-29 09:32:25.480	- Info  -	attempt to connect server slapi.oray.net:443(121.40.200.192:443)
2022-10-29 09:32:25.856	- Info  -	[http call3] id:8, url:https://slapi.oray.net/client/free-tips, status code:200
2022-10-29 09:32:40.844	* Error *	SSLStream::IsWantReadWrite|peer(121.40.200.192:443), SSL_read failed( 6 ), error:00000000:lib(0):func(0):reason(0), file( ..\includes\common\phstream\SSLStream.cpp:1898 )
2022-10-29 09:32:40.845	- Info  -	[http call3] disconnect, error( 0 )
2022-10-29 09:39:55.026	- Info  -	[shell] status_changed:2
2022-10-29 09:39:55.030	- Info  -	[shell] status_changed:2
2022-10-29 09:39:55.658	- Info  -	[shell] status_changed:1
2022-10-29 09:39:55.688	- Info  -	[http call3] new call id:9, url:https://slapi.oray.net/client/free-tips
2022-10-29 09:39:55.725	- Info  -	[http call3] id:9 create new connection : https://slapi.oray.net:443
2022-10-29 09:39:55.726	- Info  -	attempt to connect server slapi.oray.net:443(121.40.99.129:443)
2022-10-29 09:39:55.945	- Info  -	[http call3] id:9, url:https://slapi.oray.net/client/free-tips, status code:200
2022-10-29 09:40:10.937	* Error *	SSLStream::IsWantReadWrite|peer(121.40.99.129:443), SSL_read failed( 6 ), error:00000000:lib(0):func(0):reason(0), file( ..\includes\common\phstream\SSLStream.cpp:1898 )
2022-10-29 09:40:10.937	- Info  -	[http call3] disconnect, error( 0 )
2022-10-29 09:48:37.539	- Info  -	[shell] status_changed:0
2022-10-29 11:18:06.243	- Info  -	[shell] status_changed:2
2022-10-29 11:18:07.621	- Info  -	[shell] status_changed:0
2022-10-29 11:18:11.435	- Info  -	[shell] status_changed:2
2022-10-29 11:18:27.908	- Info  -	[shell] status_changed:0
2022-10-29 11:18:29.167	- Info  -	[shell] status_changed:2
2022-10-29 12:29:40.503	- Info  -	[shell] status_changed:0
2022-10-29 12:29:47.697	- Info  -	[shell] status_changed:2
2022-10-29 12:30:17.818	- Info  -	[shell] status_changed:2
2022-10-29 12:30:17.819	- Info  -	[shell] status_changed:2
2022-10-29 12:30:18.432	- Info  -	[shell] status_changed:1
2022-10-29 12:30:18.482	- Info  -	[http call3] new call id:10, url:https://slapi.oray.net/client/free-tips
2022-10-29 12:30:18.485	- Info  -	[http call3] id:10 create new connection : https://slapi.oray.net:443
2022-10-29 12:30:18.486	- Info  -	attempt to connect server slapi.oray.net:443(121.40.200.192:443)
2022-10-29 12:30:18.820	- Info  -	[http call3] id:10, url:https://slapi.oray.net/client/free-tips, status code:200
2022-10-29 12:30:33.797	* Error *	SSLStream::IsWantReadWrite|peer(121.40.200.192:443), SSL_read failed( 6 ), error:00000000:lib(0):func(0):reason(0), file( ..\includes\common\phstream\SSLStream.cpp:1898 )
2022-10-29 12:30:33.797	- Info  -	[http call3] disconnect, error( 0 )
2022-10-29 12:39:52.572	- Info  -	[shell] status_changed:0
2022-10-29 13:33:18.652	- Info  -	[shell] status_changed:2
2022-10-29 13:33:48.675	- Info  -	[shell] status_changed:2
2022-10-29 13:33:48.676	- Info  -	[shell] status_changed:2
2022-10-29 13:33:49.258	- Info  -	[shell] status_changed:1
2022-10-29 13:33:49.277	- Info  -	[http call3] new call id:11, url:https://slapi.oray.net/client/free-tips
2022-10-29 13:33:49.279	- Info  -	[http call3] id:11 create new connection : https://slapi.oray.net:443
2022-10-29 13:33:49.280	- Info  -	attempt to connect server slapi.oray.net:443(121.40.99.129:443)
2022-10-29 13:33:49.464	- Info  -	[http call3] id:11, url:https://slapi.oray.net/client/free-tips, status code:200
2022-10-29 13:34:04.462	* Error *	SSLStream::IsWantReadWrite|peer(121.40.99.129:443), SSL_read failed( 6 ), error:00000000:lib(0):func(0):reason(0), file( ..\includes\common\phstream\SSLStream.cpp:1898 )
2022-10-29 13:34:04.462	- Info  -	[http call3] disconnect, error( 0 )
2022-10-29 13:55:18.892	- Info  -	[shell] status_changed:0
2022-10-29 13:57:48.175	- Info  -	[shell] status_changed:2
2022-10-29 13:57:49.083	- Info  -	[shell] status_changed:1
2022-10-29 13:57:49.193	- Info  -	[http call3] new call id:12, url:https://slapi.oray.net/client/free-tips
2022-10-29 13:57:49.236	- Info  -	[http call3] id:12 create new connection : https://slapi.oray.net:443
2022-10-29 13:57:49.338	- Info  -	attempt to connect server slapi.oray.net:443(121.40.200.192:443)
2022-10-29 13:57:49.581	- Info  -	[http call3] id:12, url:https://slapi.oray.net/client/free-tips, status code:200
2022-10-29 13:58:04.575	* Error *	SSLStream::IsWantReadWrite|peer(121.40.200.192:443), SSL_read failed( 6 ), error:00000000:lib(0):func(0):reason(0), file( ..\includes\common\phstream\SSLStream.cpp:1898 )
2022-10-29 13:58:04.575	- Info  -	[http call3] disconnect, error( 0 )
2022-10-29 17:50:19.793	- Info  -	[shell] status_changed:2
2022-10-29 17:50:19.794	- Info  -	[shell] status_changed:2
2022-10-29 17:50:49.816	- Info  -	[shell] status_changed:0
2022-10-29 17:52:50.841	- Info  -	[shell] status_changed:2
2022-10-29 17:53:20.885	- Info  -	[shell] status_changed:0
2022-10-29 17:55:21.964	- Info  -	[shell] status_changed:2
2022-10-29 17:55:52.008	- Info  -	[shell] status_changed:0
2022-10-29 17:57:53.013	- Info  -	[shell] status_changed:2
2022-10-29 17:58:01.766	- Info  -	[shell] status_changed:0
2022-10-29 19:36:54.239	- Info  -	[shell] status_changed:2
2022-10-29 19:37:24.281	- Info  -	[shell] status_changed:0
2022-10-29 19:40:01.755	- Info  -	[shell] status_changed:2
2022-10-29 19:40:02.700	- Info  -	[shell] status_changed:1
2022-10-29 19:40:02.732	- Info  -	[http call3] new call id:13, url:https://slapi.oray.net/client/free-tips
2022-10-29 19:40:02.746	- Info  -	[http call3] id:13 create new connection : https://slapi.oray.net:443
2022-10-29 19:40:02.759	- Info  -	attempt to connect server slapi.oray.net:443(121.40.99.129:443)
2022-10-29 19:40:03.012	- Info  -	[http call3] id:13, url:https://slapi.oray.net/client/free-tips, status code:200
2022-10-29 19:40:18.009	* Error *	SSLStream::IsWantReadWrite|peer(121.40.99.129:443), SSL_read failed( 6 ), error:00000000:lib(0):func(0):reason(0), file( ..\includes\common\phstream\SSLStream.cpp:1898 )
2022-10-29 19:40:18.009	- Info  -	[http call3] disconnect, error( 0 )
2022-10-29 19:46:42.096	- Info  -	[shell] status_changed:0
2022-10-29 20:04:27.860	- Info  -	[shell] status_changed:2
2022-10-29 20:04:28.634	- Info  -	[shell] status_changed:1
2022-10-29 20:04:28.681	- Info  -	[http call3] new call id:14, url:https://slapi.oray.net/client/free-tips
2022-10-29 20:04:28.704	- Info  -	[http call3] id:14 create new connection : https://slapi.oray.net:443
2022-10-29 20:04:28.705	- Info  -	attempt to connect server slapi.oray.net:443(121.40.200.192:443)
2022-10-29 20:04:29.158	- Info  -	[http call3] id:14, url:https://slapi.oray.net/client/free-tips, status code:200
2022-10-29 20:04:44.153	* Error *	SSLStream::IsWantReadWrite|peer(121.40.200.192:443), SSL_read failed( 6 ), error:00000000:lib(0):func(0):reason(0), file( ..\includes\common\phstream\SSLStream.cpp:1898 )
2022-10-29 20:04:44.153	- Info  -	[http call3] disconnect, error( 0 )
2022-10-29 22:00:30.252	- Info  -	[shell] status_changed:2
2022-10-29 22:00:30.260	- Info  -	[shell] status_changed:2
2022-10-29 22:01:00.291	- Info  -	[shell] status_changed:0
2022-10-30 07:35:50.416	- Info  -	[shell] status_changed:2
2022-10-30 07:36:02.734	- Info  -	[shell] status_changed:0
2022-10-30 08:46:52.048	- Info  -	[shell] status_changed:2
2022-10-30 08:47:22.074	- Info  -	[shell] status_changed:0
2022-10-30 12:16:46.709	- Info  -	[shell] status_changed:2
2022-10-30 12:17:16.847	- Info  -	[shell] status_changed:0
2022-10-30 12:19:17.860	- Info  -	[shell] status_changed:2
2022-10-30 12:19:18.636	- Info  -	[shell] status_changed:1
2022-10-30 12:19:18.688	- Info  -	[http call3] new call id:15, url:https://slapi.oray.net/client/free-tips
2022-10-30 12:19:18.693	- Info  -	[http call3] id:15 create new connection : https://slapi.oray.net:443
2022-10-30 12:19:18.697	- Info  -	attempt to connect server slapi.oray.net:443(121.40.200.192:443)
2022-10-30 12:19:18.954	- Info  -	[http call3] id:15, url:https://slapi.oray.net/client/free-tips, status code:200
2022-10-30 12:19:33.960	* Error *	SSLStream::IsWantReadWrite|peer(121.40.200.192:443), SSL_read failed( 6 ), error:00000000:lib(0):func(0):reason(0), file( ..\includes\common\phstream\SSLStream.cpp:1898 )
2022-10-30 12:19:33.960	- Info  -	[http call3] disconnect, error( 0 )
2022-10-30 12:20:08.711	- Info  -	[shell] status_changed:0
2022-10-30 12:20:19.883	- Info  -	[shell] status_changed:2
2022-10-30 12:20:20.526	- Info  -	[shell] status_changed:1
2022-10-30 12:20:20.557	- Info  -	[http call3] new call id:16, url:https://slapi.oray.net/client/free-tips
2022-10-30 12:20:20.565	- Info  -	[http call3] id:16 create new connection : https://slapi.oray.net:443
2022-10-30 12:20:20.583	- Info  -	attempt to connect server slapi.oray.net:443(121.40.200.192:443)
2022-10-30 12:20:20.843	- Info  -	[http call3] id:16, url:https://slapi.oray.net/client/free-tips, status code:200
2022-10-30 12:20:35.837	* Error *	SSLStream::IsWantReadWrite|peer(121.40.200.192:443), SSL_read failed( 6 ), error:00000000:lib(0):func(0):reason(0), file( ..\includes\common\phstream\SSLStream.cpp:1898 )
2022-10-30 12:20:35.837	- Info  -	[http call3] disconnect, error( 0 )
2022-10-30 12:26:12.119	- Info  -	[shell] status_changed:0
2022-10-30 12:29:12.194	- Info  -	[shell] status_changed:2
2022-10-30 12:29:13.133	- Info  -	[shell] status_changed:1
2022-10-30 12:29:13.163	- Info  -	[http call3] new call id:17, url:https://slapi.oray.net/client/free-tips
2022-10-30 12:29:13.175	- Info  -	[http call3] id:17 create new connection : https://slapi.oray.net:443
2022-10-30 12:29:13.188	- Info  -	attempt to connect server slapi.oray.net:443(121.40.200.192:443)
2022-10-30 12:29:13.442	- Info  -	[http call3] id:17, url:https://slapi.oray.net/client/free-tips, status code:200
2022-10-30 12:29:25.935	- Info  -	[shell] status_changed:0
2022-10-30 12:32:50.500	+Warning+	[passive:keepalive:] 121.40.200.192:443 disconnect by keepalive timeout(137037609>=136820546+30000)
2022-10-30 12:32:50.500	+Warning+	[oray][erroCode] errorcode=ORAY_ERROR_PHSTREAM_KEEPALIVE_TIMEOUT(57351), product=0, type=3, inner code=7 [CPassiveKeepAliveHandler::Done:141]
2022-10-30 12:32:50.500	- Info  -	[http call3] disconnect, error( 57351 )
2022-10-30 12:32:55.054	- Info  -	[shell] status_changed:2
2022-10-30 12:32:56.183	- Info  -	[shell] status_changed:1
2022-10-30 12:32:56.217	- Info  -	[http call3] new call id:18, url:https://slapi.oray.net/client/free-tips
2022-10-30 12:32:56.220	- Info  -	[http call3] id:18 create new connection : https://slapi.oray.net:443
2022-10-30 12:32:56.222	- Info  -	attempt to connect server slapi.oray.net:443(121.40.200.192:443)
2022-10-30 12:32:56.624	- Info  -	[http call3] id:18, url:https://slapi.oray.net/client/free-tips, status code:200
2022-10-30 12:33:11.719	* Error *	SSLStream::IsWantReadWrite|peer(121.40.200.192:443), SSL_read failed( 6 ), error:00000000:lib(0):func(0):reason(0), file( ..\includes\common\phstream\SSLStream.cpp:1898 )
2022-10-30 12:33:11.720	- Info  -	[http call3] disconnect, error( 0 )
2022-10-30 12:37:36.486	- Info  -	[shell] status_changed:0
2022-10-30 13:06:18.507	- Info  -	[shell] status_changed:2
2022-10-30 13:06:19.693	- Info  -	[shell] status_changed:1
2022-10-30 13:06:19.727	- Info  -	[http call3] new call id:19, url:https://slapi.oray.net/client/free-tips
2022-10-30 13:06:19.750	- Info  -	[http call3] id:19 create new connection : https://slapi.oray.net:443
2022-10-30 13:06:19.913	- Info  -	attempt to connect server slapi.oray.net:443(121.40.200.192:443)
2022-10-30 13:06:20.298	- Info  -	[http call3] id:19, url:https://slapi.oray.net/client/free-tips, status code:200
2022-10-30 13:06:35.292	* Error *	SSLStream::IsWantReadWrite|peer(121.40.200.192:443), SSL_read failed( 6 ), error:00000000:lib(0):func(0):reason(0), file( ..\includes\common\phstream\SSLStream.cpp:1898 )
2022-10-30 13:06:35.293	- Info  -	[http call3] disconnect, error( 0 )
2022-10-30 13:18:50.616	- Info  -	[shell] status_changed:0
2022-10-30 14:05:08.038	- Info  -	[shell] status_changed:2
2022-10-30 14:05:38.217	- Info  -	[shell] status_changed:2
2022-10-30 14:05:38.218	- Info  -	[shell] status_changed:2
2022-10-30 14:05:38.859	- Info  -	[shell] status_changed:1
2022-10-30 14:05:38.913	- Info  -	[http call3] new call id:20, url:https://slapi.oray.net/client/free-tips
2022-10-30 14:05:38.930	- Info  -	[http call3] id:20 create new connection : https://slapi.oray.net:443
2022-10-30 14:05:38.933	- Info  -	attempt to connect server slapi.oray.net:443(121.40.200.192:443)
2022-10-30 14:05:39.191	- Info  -	[http call3] id:20, url:https://slapi.oray.net/client/free-tips, status code:200
2022-10-30 14:05:54.237	* Error *	SSLStream::IsWantReadWrite|peer(121.40.200.192:443), SSL_read failed( 6 ), error:00000000:lib(0):func(0):reason(0), file( ..\includes\common\phstream\SSLStream.cpp:1898 )
2022-10-30 14:05:54.238	- Info  -	[http call3] disconnect, error( 0 )
2022-10-30 14:10:26.963	- Info  -	[shell] status_changed:0
2022-10-30 14:28:28.824	- Info  -	[shell] status_changed:2
2022-10-30 14:28:30.857	- Info  -	[shell] status_changed:1
2022-10-30 14:28:30.905	- Info  -	[http call3] new call id:21, url:https://slapi.oray.net/client/free-tips
2022-10-30 14:28:30.934	- Info  -	[http call3] id:21 create new connection : https://slapi.oray.net:443
2022-10-30 14:28:31.150	- Info  -	attempt to connect server slapi.oray.net:443(121.40.200.192:443)
2022-10-30 14:28:31.692	- Info  -	[http call3] id:21, url:https://slapi.oray.net/client/free-tips, status code:200
2022-10-30 14:28:46.686	* Error *	SSLStream::IsWantReadWrite|peer(121.40.200.192:443), SSL_read failed( 6 ), error:00000000:lib(0):func(0):reason(0), file( ..\includes\common\phstream\SSLStream.cpp:1898 )
2022-10-30 14:28:46.687	- Info  -	[http call3] disconnect, error( 0 )
2022-10-30 14:37:53.586	- Info  -	[shell] status_changed:0
2022-10-31 11:02:09.624	- Info  -	[shell] status_changed:2
2022-10-31 11:02:36.847	- Info  -	[shell] status_changed:0
2022-10-31 19:57:59.350	- Info  -	[shell] status_changed:2
2022-10-31 19:58:26.965	- Info  -	[shell] status_changed:2
2022-10-31 19:58:26.966	- Info  -	[shell] status_changed:2
2022-10-31 19:58:27.541	- Info  -	[shell] status_changed:1
2022-10-31 19:58:27.563	- Info  -	[http call3] new call id:22, url:https://slapi.oray.net/client/free-tips
2022-10-31 19:58:27.563	- Info  -	[http call3] id:22 create new connection : https://slapi.oray.net:443
2022-10-31 19:58:27.564	- Info  -	attempt to connect server slapi.oray.net:443(121.40.200.192:443)
2022-10-31 19:58:27.759	- Info  -	[http call3] id:22, url:https://slapi.oray.net/client/free-tips, status code:200
2022-10-31 19:58:42.754	* Error *	SSLStream::IsWantReadWrite|peer(121.40.200.192:443), SSL_read failed( 6 ), error:00000000:lib(0):func(0):reason(0), file( ..\includes\common\phstream\SSLStream.cpp:1898 )
2022-10-31 19:58:42.755	- Info  -	[http call3] disconnect, error( 0 )
2022-10-31 21:13:10.901	- Info  -	[shell] status_changed:0
2022-11-01 14:03:40.589	- Info  -	[shell] status_changed:2
2022-11-01 14:04:10.715	- Info  -	[shell] status_changed:2
2022-11-01 14:04:10.715	- Info  -	[shell] status_changed:2
2022-11-01 14:04:33.455	- Info  -	[shell] status_changed:0
2022-11-01 14:09:47.320	- Info  -	[shell] status_changed:2
2022-11-01 14:09:48.102	- Info  -	[shell] status_changed:1
2022-11-01 14:09:48.127	- Info  -	[http call3] new call id:23, url:https://slapi.oray.net/client/free-tips
2022-11-01 14:09:48.159	- Info  -	[http call3] id:23 create new connection : https://slapi.oray.net:443
2022-11-01 14:09:48.210	- Info  -	attempt to connect server slapi.oray.net:443(121.40.200.192:443)
2022-11-01 14:09:48.446	- Info  -	[http call3] id:23, url:https://slapi.oray.net/client/free-tips, status code:200
2022-11-01 14:10:03.443	* Error *	SSLStream::IsWantReadWrite|peer(121.40.200.192:443), SSL_read failed( 6 ), error:00000000:lib(0):func(0):reason(0), file( ..\includes\common\phstream\SSLStream.cpp:1898 )
2022-11-01 14:10:03.444	- Info  -	[http call3] disconnect, error( 0 )
2022-11-01 14:17:32.523	- Info  -	[shell] status_changed:0
2022-11-01 15:48:50.035	- Info  -	[shell] status_changed:2
2022-11-01 15:48:51.574	- Info  -	[shell] status_changed:1
2022-11-01 15:48:51.594	- Info  -	[http call3] new call id:24, url:https://slapi.oray.net/client/free-tips
2022-11-01 15:48:51.620	- Info  -	[http call3] id:24 create new connection : https://slapi.oray.net:443
2022-11-01 15:48:52.143	- Info  -	attempt to connect server slapi.oray.net:443(121.40.200.192:443)
2022-11-01 15:48:52.611	- Info  -	[http call3] id:24, url:https://slapi.oray.net/client/free-tips, status code:200
2022-11-01 15:49:07.610	* Error *	SSLStream::IsWantReadWrite|peer(121.40.200.192:443), SSL_read failed( 6 ), error:00000000:lib(0):func(0):reason(0), file( ..\includes\common\phstream\SSLStream.cpp:1898 )
2022-11-01 15:49:07.610	- Info  -	[http call3] disconnect, error( 0 )
2022-11-01 17:03:25.256	- Info  -	[shell] status_changed:0
2022-11-01 17:05:14.380	- Info  -	[shell] status_changed:2
2022-11-01 17:05:15.327	- Info  -	[shell] status_changed:1
2022-11-01 17:05:15.351	- Info  -	[http call3] new call id:25, url:https://slapi.oray.net/client/free-tips
2022-11-01 17:05:15.384	- Info  -	[http call3] id:25 create new connection : https://slapi.oray.net:443
2022-11-01 17:05:15.498	- Info  -	attempt to connect server slapi.oray.net:443(121.40.99.129:443)
2022-11-01 17:05:15.923	- Info  -	[http call3] id:25, url:https://slapi.oray.net/client/free-tips, status code:200
2022-11-01 17:05:30.923	* Error *	SSLStream::IsWantReadWrite|peer(121.40.99.129:443), SSL_read failed( 6 ), error:00000000:lib(0):func(0):reason(0), file( ..\includes\common\phstream\SSLStream.cpp:1898 )
2022-11-01 17:05:30.924	- Info  -	[http call3] disconnect, error( 0 )
2022-11-01 17:11:54.175	- Info  -	[shell] status_changed:0
2022-11-01 17:13:02.288	- Info  -	[shell] status_changed:2
2022-11-01 17:13:03.425	- Info  -	[shell] status_changed:1
2022-11-01 17:13:03.448	- Info  -	[http call3] new call id:26, url:https://slapi.oray.net/client/free-tips
2022-11-01 17:13:03.452	- Info  -	[http call3] id:26 create new connection : https://slapi.oray.net:443
2022-11-01 17:13:03.454	- Info  -	attempt to connect server slapi.oray.net:443(121.40.200.192:443)
2022-11-01 17:13:03.749	- Info  -	[http call3] id:26, url:https://slapi.oray.net/client/free-tips, status code:200
2022-11-01 17:13:18.741	* Error *	SSLStream::IsWantReadWrite|peer(121.40.200.192:443), SSL_read failed( 6 ), error:00000000:lib(0):func(0):reason(0), file( ..\includes\common\phstream\SSLStream.cpp:1898 )
2022-11-01 17:13:18.741	- Info  -	[http call3] disconnect, error( 0 )
2022-11-01 17:51:21.276	- Info  -	[shell] status_changed:0
2022-11-01 19:33:14.072	- Info  -	[shell] status_changed:2
2022-11-01 19:33:16.544	- Info  -	[shell] status_changed:1
2022-11-01 19:33:16.571	- Info  -	[http call3] new call id:27, url:https://slapi.oray.net/client/free-tips
2022-11-01 19:33:16.647	- Info  -	[http call3] id:27 create new connection : https://slapi.oray.net:443
2022-11-01 19:33:16.830	- Info  -	attempt to connect server slapi.oray.net:443(121.40.200.192:443)
2022-11-01 19:33:17.236	- Info  -	[http call3] id:27, url:https://slapi.oray.net/client/free-tips, status code:200
2022-11-01 19:33:32.233	* Error *	SSLStream::IsWantReadWrite|peer(121.40.200.192:443), SSL_read failed( 6 ), error:00000000:lib(0):func(0):reason(0), file( ..\includes\common\phstream\SSLStream.cpp:1898 )
2022-11-01 19:33:32.234	- Info  -	[http call3] disconnect, error( 0 )
2022-11-01 19:45:19.327	- Info  -	[shell] status_changed:0
2022-11-01 19:54:42.166	- Info  -	[shell] status_changed:2
2022-11-01 19:54:42.888	- Info  -	[shell] status_changed:1
2022-11-01 19:54:42.914	- Info  -	[http call3] new call id:28, url:https://slapi.oray.net/client/free-tips
2022-11-01 19:54:42.920	- Info  -	[http call3] id:28 create new connection : https://slapi.oray.net:443
2022-11-01 19:54:42.923	- Info  -	attempt to connect server slapi.oray.net:443(121.40.200.192:443)
2022-11-01 19:54:43.315	- Info  -	[http call3] id:28, url:https://slapi.oray.net/client/free-tips, status code:200
2022-11-01 19:54:58.315	* Error *	SSLStream::IsWantReadWrite|peer(121.40.200.192:443), SSL_read failed( 6 ), error:00000000:lib(0):func(0):reason(0), file( ..\includes\common\phstream\SSLStream.cpp:1898 )
2022-11-01 19:54:58.316	- Info  -	[http call3] disconnect, error( 0 )
2022-11-01 20:02:56.710	- Info  -	[shell] status_changed:0
2022-11-01 20:08:18.695	- Info  -	[shell] status_changed:2
2022-11-01 20:08:48.715	- Info  -	[shell] status_changed:2
2022-11-01 20:08:48.716	- Info  -	[shell] status_changed:2
2022-11-01 20:08:49.245	- Info  -	[shell] status_changed:1
2022-11-01 20:08:49.273	- Info  -	[http call3] new call id:29, url:https://slapi.oray.net/client/free-tips
2022-11-01 20:08:49.276	- Info  -	[http call3] id:29 create new connection : https://slapi.oray.net:443
2022-11-01 20:08:49.295	- Info  -	attempt to connect server slapi.oray.net:443(121.40.200.192:443)
2022-11-01 20:08:49.504	- Info  -	[http call3] id:29, url:https://slapi.oray.net/client/free-tips, status code:200
2022-11-01 20:09:04.500	* Error *	SSLStream::IsWantReadWrite|peer(121.40.200.192:443), SSL_read failed( 6 ), error:00000000:lib(0):func(0):reason(0), file( ..\includes\common\phstream\SSLStream.cpp:1898 )
2022-11-01 20:09:04.500	- Info  -	[http call3] disconnect, error( 0 )
2022-11-01 20:44:49.201	- Info  -	[shell] status_changed:2
2022-11-01 20:44:49.203	- Info  -	[shell] status_changed:2
2022-11-01 20:45:19.249	- Info  -	[shell] status_changed:0
2022-11-01 20:47:20.339	- Info  -	[shell] status_changed:2
2022-11-01 20:47:50.396	- Info  -	[shell] status_changed:0
2022-11-01 20:49:51.477	- Info  -	[shell] status_changed:2
2022-11-01 20:50:21.492	- Info  -	[shell] status_changed:0
2022-11-01 20:52:22.862	- Info  -	[shell] status_changed:2
2022-11-01 20:52:23.563	- Info  -	[shell] status_changed:1
2022-11-01 20:52:23.631	- Info  -	[http call3] new call id:30, url:https://slapi.oray.net/client/free-tips
2022-11-01 20:52:23.671	- Info  -	[http call3] id:30 create new connection : https://slapi.oray.net:443
2022-11-01 20:52:23.674	- Info  -	attempt to connect server slapi.oray.net:443(121.40.99.129:443)
2022-11-01 20:52:23.977	- Info  -	[http call3] id:30, url:https://slapi.oray.net/client/free-tips, status code:200
2022-11-01 20:52:38.977	* Error *	SSLStream::IsWantReadWrite|peer(121.40.99.129:443), SSL_read failed( 6 ), error:00000000:lib(0):func(0):reason(0), file( ..\includes\common\phstream\SSLStream.cpp:1898 )
2022-11-01 20:52:38.978	- Info  -	[http call3] disconnect, error( 0 )
2022-11-01 21:26:02.391	- Info  -	[shell] status_changed:0
2022-11-02 06:40:42.384	- Info  -	[shell] status_changed:2
2022-11-02 06:41:12.402	- Info  -	[shell] status_changed:2
2022-11-02 06:41:12.403	- Info  -	[shell] status_changed:2
2022-11-02 06:41:38.351	- Info  -	[shell] status_changed:0
2022-11-02 12:12:11.421	- Info  -	[shell] status_changed:2
2022-11-02 12:12:41.468	- Info  -	[shell] status_changed:0
2022-11-02 12:14:42.737	- Info  -	[shell] status_changed:2
2022-11-02 12:15:12.774	- Info  -	[shell] status_changed:0
2022-11-02 12:17:14.048	- Info  -	[shell] status_changed:2
2022-11-02 12:17:44.092	- Info  -	[shell] status_changed:0
