2023-01-03 11:00:30.827	- Info  -	version:3.2.1.40406
2023-01-03 11:00:30.888	* Error *	SSLStream|Remove temp(C:\Windows\TEMP\u20k.0) file ok
2023-01-03 11:00:31.514	- Info  -	Initialize OK
2023-01-03 11:00:31.514	- Info  -	CAcceptorRaw::set_listener
2023-01-03 11:00:31.514	- Info  -	DesktopAgentServer created with port 0.
2023-01-03 11:00:31.686	* Error *	[udpstack] bind 0.0.0.0:15686 error , errorno = 10048
2023-01-03 11:00:31.696	- Info  -	[service] start listen OK,tcp:0.0.0.0:49675,udp:15797
2023-01-03 11:00:32.166	- Info  -	[discover] Client NotifyDiscover type=5
2023-01-03 11:00:32.234	- Info  -	[localserver] Not use proxy
2023-01-03 11:00:32.236	- Info  -	[mac] local ip:192.168.0.193
2023-01-03 11:00:32.247	- Info  -	[mac] mac address:00:F4:8D:D2:3C:CF
2023-01-03 11:00:32.247	- Info  -	get mac address: 00:F4:8D:D2:3C:CF
2023-01-03 11:00:36.314	- Info  -	os name:Microsoft Windows 10 专业版
2023-01-03 11:00:37.449	- Info  -	m_clientinfo.mac: 00:F4:8D:D2:3C:CF
2023-01-03 11:00:37.527	- Info  -	Current client status: 2
2023-01-03 11:00:37.527	- Info  -	send status_changed notify 2
2023-01-03 11:00:37.527	- Info  -	Login task time 0
2023-01-03 11:00:37.566	- Info  -	Do login( type: 2 ) at 379
2023-01-03 11:00:37.570	- Info  -	[http call3] new call id:1, url:https://slapi.oray.net/remote/get-fastcode
2023-01-03 11:00:37.571	- Info  -	[http call3] id:1 create new connection : https://slapi.oray.net:443
2023-01-03 11:00:37.690	- Info  -	attempt to connect server slapi.oray.net:443(121.40.99.129:443)
2023-01-03 11:00:39.956	- Info  -	[http call3] id:1, url:https://slapi.oray.net/remote/get-fastcode, status code:200
2023-01-03 11:00:39.969	- Info  -	attempt to connect server rc10-fc08.oray.com:443(47.96.179.70:443)
2023-01-03 11:00:40.169	- Info  -	[service] attempted logon
2023-01-03 11:00:40.201	- Info  -	[service] logon server OK. public ip:183.217.156.200
2023-01-03 11:00:40.223	- Info  -	[online] attempted client online
2023-01-03 11:00:40.246	- Info  -	[online] client online OK.
2023-01-03 11:00:40.246	- Info  -	[online] received name:default , description:default .
2023-01-03 11:00:40.251	- Info  -	[service] attempted register client to server
2023-01-03 11:00:40.273	- Info  -	[service] registered client to server
2023-01-03 11:00:40.274	- Info  -	[http call3] new call id:2, url:https://sl-log.oray.net/slclientlog
2023-01-03 11:00:40.274	- Info  -	Current client status: 1
2023-01-03 11:00:40.274	- Info  -	send status_changed notify 1
2023-01-03 11:00:40.283	- Info  -	[http call3] id:2 create new connection : https://sl-log.oray.net:443
2023-01-03 11:00:40.298	- Info  -	attempt to connect server sl-log.oray.net:443(121.199.72.21:443)
2023-01-03 11:00:40.314	- Info  -	[discover] Client NotifyDiscover type=5
2023-01-03 11:00:40.372	- Info  -	[OnLogin start]
2023-01-03 11:00:40.374	- Info  -	[OnLogin end]
2023-01-03 11:00:40.409	- Info  -	[OnLogin] WaittingTask Start
2023-01-03 11:00:40.412	- Info  -	Set auto_run : true
2023-01-03 11:00:40.465	- Info  -	[OnLogin] WaittingTask end
2023-01-03 11:00:40.503	- Info  -	[http call3] id:2, url:https://sl-log.oray.net/slclientlog, status code:200
2023-01-03 11:00:54.954	* Error *	SSLStream::IsWantReadWrite|peer(121.40.99.129:443), SSL_read failed( 6 ), error:00000000:lib(0):func(0):reason(0), file( ..\includes\common\phstream\SSLStream.cpp:1898 )
2023-01-03 11:00:54.954	- Info  -	[http call3] disconnect, error( 0 )
2023-01-03 11:01:10.490	* Error *	SSLStream::IsWantReadWrite|peer(121.199.72.21:443), SSL_read failed( 6 ), error:00000000:lib(0):func(0):reason(0), file( ..\includes\common\phstream\SSLStream.cpp:1898 )
2023-01-03 11:01:10.490	- Info  -	[http call3] disconnect, error( 0 )
2023-01-03 11:01:14.896	- Info  -	[MICRO LIVE] shell oninitdialog to get microlive info enable = 0 status = 0 timelast = 0
2023-01-03 11:29:38.422	- Info  -	[ServiceEx] the service control is 13
2023-01-03 11:29:38.423	- Info  -	SERVICE_CONTROL_POWEREVENT************dwEventType:4
2023-01-03 11:29:38.423	+Warning+	[service] power event, system is suspending.
2023-01-03 11:29:38.425	- Info  -	Logout ...
2023-01-03 11:29:38.425	- Info  -	[oray][erroCode] errorcode=oray_errorcode(0), product=0, type=0, inner code=0 [CMultiplexLogicStream::Disconnect_impl:121]
2023-01-03 11:29:38.425	- Info  -	[RemoteControl] disconnected server(47.96.179.70:443),error code:0
2023-01-03 11:29:38.426	* Error *	[online] online disconnected,error code:0
2023-01-03 11:29:38.426	- Info  -	[oray][erroCode] errorcode=errorcode(0), product=0, type=0, inner code=0 [COnlineHandler::OnDisconnect:86]
2023-01-03 11:29:38.426	- Info  -	[service] disconnected server(47.96.179.70:443),errorcode:0
2023-01-03 11:29:38.426	- Info  -	curStatus: 0, m_Status: 1
2023-01-03 11:29:38.427	- Info  -	[http call3] new call id:3, url:https://sl-log.oray.net/slclientlog
2023-01-03 11:29:38.427	- Info  -	Current client status: 0
2023-01-03 11:29:38.427	- Info  -	send status_changed notify 0
2023-01-03 11:29:38.427	- Info  -	[OnLogout start]
2023-01-03 11:29:38.427	- Info  -	[service] stop all projections
2023-01-03 11:29:38.427	- Info  -	[OnLogout end]
2023-01-03 11:29:38.434	- Info  -	[http call3] id:3 create new connection : https://sl-log.oray.net:443
2023-01-03 11:29:38.438	- Info  -	[MICRO LIVE] shell send close micro_live_plugin
2023-01-03 11:29:38.448	- Info  -	attempt to connect server sl-log.oray.net:443(120.26.160.74:443)
2023-01-03 11:29:38.600	- Info  -	[http call3] id:3, url:https://sl-log.oray.net/slclientlog, status code:200
2023-01-03 12:29:03.515	+Warning+	[passive:keepalive:] 120.26.160.74:443 disconnect by keepalive timeout(5327421>=1762500+30000)
2023-01-03 12:29:03.515	+Warning+	[oray][erroCode] errorcode=ORAY_ERROR_PHSTREAM_KEEPALIVE_TIMEOUT(57351), product=0, type=3, inner code=7 [CPassiveKeepAliveHandler::Done:141]
2023-01-03 12:29:03.516	- Info  -	[http call3] disconnect, error( 57351 )
2023-01-03 12:29:07.008	- Info  -	[ServiceEx] the service control is 13
2023-01-03 12:29:07.008	- Info  -	SERVICE_CONTROL_POWEREVENT************dwEventType:7
2023-01-03 12:29:07.008	+Warning+	[service] power event, system is resumed.
2023-01-03 12:29:08.643	- Info  -	retry login now......
2023-01-03 12:29:08.643	- Info  -	Current client status: 2
2023-01-03 12:29:08.643	- Info  -	send status_changed notify 2
2023-01-03 12:29:08.645	- Info  -	Login task time 0
2023-01-03 12:29:08.645	- Info  -	[service] retry login by power event
2023-01-03 12:29:08.979	- Info  -	Do login( type: 2 ) at 379
2023-01-03 12:29:08.979	- Info  -	[http call3] new call id:4, url:https://slapi.oray.net/remote/get-fastcode
2023-01-03 12:29:08.984	- Info  -	[http call3] id:4 create new connection : https://slapi.oray.net:443
2023-01-03 12:29:10.473	- Info  -	attempt to connect server slapi.oray.net:443(121.40.200.192:443)
2023-01-03 12:29:11.793	- Info  -	[http call3] id:4, url:https://slapi.oray.net/remote/get-fastcode, status code:200
2023-01-03 12:29:11.990	- Info  -	attempt to connect server rc10-fc08.oray.com:443(47.96.179.70:443)
2023-01-03 12:29:12.893	- Info  -	[ServiceEx] the service control is 13
2023-01-03 12:29:12.893	- Info  -	SERVICE_CONTROL_POWEREVENT************dwEventType:18
2023-01-03 12:29:12.893	+Warning+	[service] power event, system is resumed.
2023-01-03 12:29:13.073	- Info  -	[service] attempted logon
2023-01-03 12:29:13.125	- Info  -	[service] logon server OK. public ip:183.217.156.200
2023-01-03 12:29:13.157	- Info  -	[online] attempted client online
2023-01-03 12:29:13.198	- Info  -	[online] client online OK.
2023-01-03 12:29:13.198	- Info  -	[online] received name:default , description:default .
2023-01-03 12:29:13.209	- Info  -	[service] attempted register client to server
2023-01-03 12:29:13.240	- Info  -	[service] registered client to server
2023-01-03 12:29:13.241	- Info  -	[http call3] new call id:5, url:https://sl-log.oray.net/slclientlog
2023-01-03 12:29:13.241	- Info  -	Current client status: 1
2023-01-03 12:29:13.241	- Info  -	send status_changed notify 1
2023-01-03 12:29:13.276	- Info  -	[http call3] id:5 create new connection : https://sl-log.oray.net:443
2023-01-03 12:29:13.326	- Info  -	[discover] Client NotifyDiscover type=5
2023-01-03 12:29:13.338	- Info  -	[OnLogin start]
2023-01-03 12:29:13.342	- Info  -	[OnLogin end]
2023-01-03 12:29:14.551	- Info  -	[service] retry login by power event
2023-01-03 12:29:14.551	- Info  -	[OnLogin] WaittingTask Start
2023-01-03 12:29:14.589	- Info  -	attempt to connect server sl-log.oray.net:443(121.199.72.21:443)
2023-01-03 12:29:15.145	- Info  -	[http call3] id:5, url:https://sl-log.oray.net/slclientlog, status code:200
2023-01-03 12:29:15.192	- Info  -	Set auto_run : true
2023-01-03 12:29:16.126	- Info  -	[OnLogin] WaittingTask end
2023-01-03 12:29:26.811	* Error *	SSLStream::IsWantReadWrite|peer(121.40.200.192:443), SSL_read failed( 6 ), error:00000000:lib(0):func(0):reason(0), file( ..\includes\common\phstream\SSLStream.cpp:1898 )
2023-01-03 12:29:26.811	- Info  -	[http call3] disconnect, error( 0 )
2023-01-03 12:29:52.570	+Warning+	[passive:keepalive:] 121.199.72.21:443 disconnect by keepalive timeout(5376468>=5339046+30000)
2023-01-03 12:29:52.570	+Warning+	[oray][erroCode] errorcode=ORAY_ERROR_PHSTREAM_KEEPALIVE_TIMEOUT(57351), product=0, type=3, inner code=7 [CPassiveKeepAliveHandler::Done:141]
2023-01-03 12:29:52.570	- Info  -	[http call3] disconnect, error( 57351 )
2023-01-03 12:34:58.963	- Info  -	[ServiceEx] the service control is 13
2023-01-03 12:34:58.964	- Info  -	SERVICE_CONTROL_POWEREVENT************dwEventType:4
2023-01-03 12:34:58.964	+Warning+	[service] power event, system is suspending.
2023-01-03 12:34:58.964	- Info  -	Logout ...
2023-01-03 12:34:58.964	- Info  -	[oray][erroCode] errorcode=oray_errorcode(0), product=0, type=0, inner code=0 [CMultiplexLogicStream::Disconnect_impl:121]
2023-01-03 12:34:58.964	- Info  -	[RemoteControl] disconnected server(47.96.179.70:443),error code:0
2023-01-03 12:34:58.965	* Error *	[online] online disconnected,error code:0
2023-01-03 12:34:58.965	- Info  -	[oray][erroCode] errorcode=errorcode(0), product=0, type=0, inner code=0 [COnlineHandler::OnDisconnect:86]
2023-01-03 12:34:58.965	- Info  -	[service] disconnected server(47.96.179.70:443),errorcode:0
2023-01-03 12:34:58.965	- Info  -	curStatus: 0, m_Status: 1
2023-01-03 12:34:58.965	- Info  -	[http call3] new call id:6, url:https://sl-log.oray.net/slclientlog
2023-01-03 12:34:58.965	- Info  -	Current client status: 0
2023-01-03 12:34:58.965	- Info  -	send status_changed notify 0
2023-01-03 12:34:58.965	- Info  -	[OnLogout start]
2023-01-03 12:34:58.966	- Info  -	[service] stop all projections
2023-01-03 12:34:58.966	- Info  -	[OnLogout end]
2023-01-03 12:34:58.974	- Info  -	[http call3] id:6 create new connection : https://sl-log.oray.net:443
2023-01-03 12:34:58.980	- Info  -	[MICRO LIVE] shell send close micro_live_plugin
2023-01-03 12:34:58.995	- Info  -	attempt to connect server sl-log.oray.net:443(47.97.186.100:443)
2023-01-03 12:34:59.124	- Info  -	[http call3] id:6, url:https://sl-log.oray.net/slclientlog, status code:200
2023-01-03 13:31:15.516	+Warning+	[passive:keepalive:] 47.97.186.100:443 disconnect by keepalive timeout(9059421>=5683031+30000)
2023-01-03 13:31:15.517	+Warning+	[oray][erroCode] errorcode=ORAY_ERROR_PHSTREAM_KEEPALIVE_TIMEOUT(57351), product=0, type=3, inner code=7 [CPassiveKeepAliveHandler::Done:141]
2023-01-03 13:31:15.517	- Info  -	[http call3] disconnect, error( 57351 )
2023-01-03 13:31:18.758	- Info  -	[ServiceEx] the service control is 13
2023-01-03 13:31:18.758	- Info  -	SERVICE_CONTROL_POWEREVENT************dwEventType:7
2023-01-03 13:31:18.758	+Warning+	[service] power event, system is resumed.
2023-01-03 13:31:19.571	- Info  -	retry login now......
2023-01-03 13:31:19.571	- Info  -	Current client status: 2
2023-01-03 13:31:19.571	- Info  -	send status_changed notify 2
2023-01-03 13:31:19.572	- Info  -	Login task time 0
2023-01-03 13:31:19.572	- Info  -	[service] retry login by power event
2023-01-03 13:31:19.675	- Info  -	Do login( type: 2 ) at 379
2023-01-03 13:31:19.675	- Info  -	[http call3] new call id:7, url:https://slapi.oray.net/remote/get-fastcode
2023-01-03 13:31:19.676	- Info  -	[http call3] id:7 create new connection : https://slapi.oray.net:443
2023-01-03 13:31:19.786	- Info  -	attempt to connect server slapi.oray.net:443(121.40.200.192:443)
2023-01-03 13:31:20.656	- Info  -	[http call3] id:7, url:https://slapi.oray.net/remote/get-fastcode, status code:200
2023-01-03 13:31:21.551	- Info  -	attempt to connect server rc10-fc05.oray.com:443(47.118.71.166:443)
2023-01-03 13:31:22.380	- Info  -	[service] attempted logon
2023-01-03 13:31:22.422	- Info  -	[service] logon server OK. public ip:183.217.156.200
2023-01-03 13:31:22.451	- Info  -	[online] attempted client online
2023-01-03 13:31:22.483	- Info  -	[online] client online OK.
2023-01-03 13:31:22.483	- Info  -	[online] received name:default , description:default .
2023-01-03 13:31:22.493	- Info  -	[service] attempted register client to server
2023-01-03 13:31:22.523	- Info  -	[service] registered client to server
2023-01-03 13:31:22.524	- Info  -	[http call3] new call id:8, url:https://sl-log.oray.net/slclientlog
2023-01-03 13:31:22.524	- Info  -	Current client status: 1
2023-01-03 13:31:22.524	- Info  -	send status_changed notify 1
2023-01-03 13:31:22.532	- Info  -	[http call3] id:8 create new connection : https://sl-log.oray.net:443
2023-01-03 13:31:22.555	- Info  -	[discover] Client NotifyDiscover type=5
2023-01-03 13:31:22.581	- Info  -	[OnLogin start]
2023-01-03 13:31:22.584	- Info  -	[OnLogin end]
2023-01-03 13:31:22.598	- Info  -	[OnLogin] WaittingTask Start
2023-01-03 13:31:23.011	- Info  -	attempt to connect server sl-log.oray.net:443(47.97.183.66:443)
2023-01-03 13:31:23.405	- Info  -	Set auto_run : true
2023-01-03 13:31:23.408	- Info  -	[http call3] id:8, url:https://sl-log.oray.net/slclientlog, status code:200
2023-01-03 13:31:25.039	- Info  -	[OnLogin] WaittingTask end
2023-01-03 13:31:26.591	- Info  -	[ServiceEx] the service control is 13
2023-01-03 13:31:26.592	- Info  -	SERVICE_CONTROL_POWEREVENT************dwEventType:18
2023-01-03 13:31:26.592	+Warning+	[service] power event, system is resumed.
2023-01-03 13:31:35.668	* Error *	SSLStream::IsWantReadWrite|peer(121.40.200.192:443), SSL_read failed( 6 ), error:00000000:lib(0):func(0):reason(0), file( ..\includes\common\phstream\SSLStream.cpp:1898 )
2023-01-03 13:31:35.668	- Info  -	[http call3] disconnect, error( 0 )
2023-01-03 13:31:53.409	* Error *	SSLStream::IsWantReadWrite|peer(47.97.183.66:443), SSL_read failed( 6 ), error:00000000:lib(0):func(0):reason(0), file( ..\includes\common\phstream\SSLStream.cpp:1898 )
2023-01-03 13:31:53.410	- Info  -	[http call3] disconnect, error( 0 )
2023-01-03 14:19:34.273	- Info  -	[ServiceEx] the service control is 13
2023-01-03 14:19:34.273	- Info  -	SERVICE_CONTROL_POWEREVENT************dwEventType:4
2023-01-03 14:19:34.274	+Warning+	[service] power event, system is suspending.
2023-01-03 14:19:34.274	- Info  -	Logout ...
2023-01-03 14:19:34.274	- Info  -	[oray][erroCode] errorcode=oray_errorcode(0), product=0, type=0, inner code=0 [CMultiplexLogicStream::Disconnect_impl:121]
2023-01-03 14:19:34.274	- Info  -	[RemoteControl] disconnected server(47.118.71.166:443),error code:0
2023-01-03 14:19:34.275	* Error *	[online] online disconnected,error code:0
2023-01-03 14:19:34.275	- Info  -	[oray][erroCode] errorcode=errorcode(0), product=0, type=0, inner code=0 [COnlineHandler::OnDisconnect:86]
2023-01-03 14:19:34.275	- Info  -	[service] disconnected server(47.118.71.166:443),errorcode:0
2023-01-03 14:19:34.275	- Info  -	curStatus: 0, m_Status: 1
2023-01-03 14:19:34.275	- Info  -	[http call3] new call id:9, url:https://sl-log.oray.net/slclientlog
2023-01-03 14:19:34.276	- Info  -	Current client status: 0
2023-01-03 14:19:34.276	- Info  -	send status_changed notify 0
2023-01-03 14:19:34.276	- Info  -	[OnLogout start]
2023-01-03 14:19:34.276	- Info  -	[service] stop all projections
2023-01-03 14:19:34.276	- Info  -	[OnLogout end]
2023-01-03 14:19:34.286	- Info  -	[http call3] id:9 create new connection : https://sl-log.oray.net:443
2023-01-03 14:19:34.290	- Info  -	[MICRO LIVE] shell send close micro_live_plugin
2023-01-03 14:19:34.327	- Info  -	attempt to connect server sl-log.oray.net:443(120.26.160.74:443)
2023-01-03 14:19:34.471	- Info  -	[http call3] id:9, url:https://sl-log.oray.net/slclientlog, status code:200
2023-01-03 15:53:59.520	+Warning+	[passive:keepalive:] 120.26.160.74:443 disconnect by keepalive timeout(17623421>=11958375+30000)
2023-01-03 15:53:59.520	+Warning+	[oray][erroCode] errorcode=ORAY_ERROR_PHSTREAM_KEEPALIVE_TIMEOUT(57351), product=0, type=3, inner code=7 [CPassiveKeepAliveHandler::Done:141]
2023-01-03 15:53:59.520	- Info  -	[http call3] disconnect, error( 57351 )
2023-01-03 15:54:02.409	- Info  -	[ServiceEx] the service control is 13
2023-01-03 15:54:02.410	- Info  -	SERVICE_CONTROL_POWEREVENT************dwEventType:7
2023-01-03 15:54:02.410	+Warning+	[service] power event, system is resumed.
2023-01-03 15:54:02.996	- Info  -	retry login now......
2023-01-03 15:54:02.996	- Info  -	Current client status: 2
2023-01-03 15:54:02.996	- Info  -	send status_changed notify 2
2023-01-03 15:54:02.997	- Info  -	Login task time 0
2023-01-03 15:54:02.997	- Info  -	[service] retry login by power event
2023-01-03 15:54:03.199	- Info  -	Do login( type: 2 ) at 379
2023-01-03 15:54:03.200	- Info  -	[http call3] new call id:10, url:https://slapi.oray.net/remote/get-fastcode
2023-01-03 15:54:03.212	- Info  -	[http call3] id:10 create new connection : https://slapi.oray.net:443
2023-01-03 15:54:05.488	- Info  -	attempt to connect server slapi.oray.net:443(121.40.99.129:443)
2023-01-03 15:54:06.039	- Info  -	[http call3] id:10, url:https://slapi.oray.net/remote/get-fastcode, status code:200
2023-01-03 15:54:07.977	- Info  -	attempt to connect server rc10-fc12.oray.com:443(47.111.1.108:443)
2023-01-03 15:54:09.241	- Info  -	[service] attempted logon
2023-01-03 15:54:09.281	- Info  -	[service] logon server OK. public ip:183.217.156.200
2023-01-03 15:54:09.310	- Info  -	[online] attempted client online
2023-01-03 15:54:09.340	- Info  -	[online] client online OK.
2023-01-03 15:54:09.340	- Info  -	[online] received name:default , description:default .
2023-01-03 15:54:09.355	- Info  -	[service] attempted register client to server
2023-01-03 15:54:09.383	- Info  -	[service] registered client to server
2023-01-03 15:54:09.384	- Info  -	[http call3] new call id:11, url:https://sl-log.oray.net/slclientlog
2023-01-03 15:54:09.384	- Info  -	Current client status: 1
2023-01-03 15:54:09.384	- Info  -	send status_changed notify 1
2023-01-03 15:54:09.394	- Info  -	[http call3] id:11 create new connection : https://sl-log.oray.net:443
2023-01-03 15:54:09.421	- Info  -	[discover] Client NotifyDiscover type=5
2023-01-03 15:54:09.774	- Info  -	[OnLogin start]
2023-01-03 15:54:09.786	- Info  -	[OnLogin end]
2023-01-03 15:54:09.835	- Info  -	[ServiceEx] the service control is 13
2023-01-03 15:54:09.835	- Info  -	SERVICE_CONTROL_POWEREVENT************dwEventType:18
2023-01-03 15:54:09.835	+Warning+	[service] power event, system is resumed.
2023-01-03 15:54:10.010	- Info  -	[OnLogin] WaittingTask Start
2023-01-03 15:54:10.425	- Info  -	attempt to connect server sl-log.oray.net:443(121.40.118.44:443)
2023-01-03 15:54:11.367	- Info  -	Set auto_run : true
2023-01-03 15:54:11.476	- Info  -	[http call3] id:11, url:https://sl-log.oray.net/slclientlog, status code:200
2023-01-03 15:54:12.723	- Info  -	[OnLogin] WaittingTask end
2023-01-03 15:54:13.992	- Info  -	[ServiceEx] the service control is 13
2023-01-03 15:54:13.992	- Info  -	SERVICE_CONTROL_POWEREVENT************dwEventType:10
2023-01-03 15:54:21.037	* Error *	SSLStream::IsWantReadWrite|peer(121.40.99.129:443), SSL_read failed( 6 ), error:00000000:lib(0):func(0):reason(0), file( ..\includes\common\phstream\SSLStream.cpp:1898 )
2023-01-03 15:54:21.037	- Info  -	[http call3] disconnect, error( 0 )
2023-01-03 15:54:41.481	* Error *	SSLStream::IsWantReadWrite|peer(121.40.118.44:443), SSL_read failed( 6 ), error:00000000:lib(0):func(0):reason(0), file( ..\includes\common\phstream\SSLStream.cpp:1898 )
2023-01-03 15:54:41.481	- Info  -	[http call3] disconnect, error( 0 )
2023-01-03 15:57:05.883	- Info  -	[ServiceEx] the service control is 13
2023-01-03 15:57:05.883	- Info  -	SERVICE_CONTROL_POWEREVENT************dwEventType:10
2023-01-03 16:13:53.557	- Info  -	[ServiceEx] the service control is 13
2023-01-03 16:13:53.558	- Info  -	SERVICE_CONTROL_POWEREVENT************dwEventType:10
2023-01-03 16:20:56.979	- Info  -	[ServiceEx] the service control is 13
2023-01-03 16:20:56.979	- Info  -	SERVICE_CONTROL_POWEREVENT************dwEventType:4
2023-01-03 16:20:56.979	+Warning+	[service] power event, system is suspending.
2023-01-03 16:20:56.980	- Info  -	Logout ...
2023-01-03 16:20:56.981	- Info  -	[oray][erroCode] errorcode=oray_errorcode(0), product=0, type=0, inner code=0 [CMultiplexLogicStream::Disconnect_impl:121]
2023-01-03 16:20:56.981	- Info  -	[RemoteControl] disconnected server(47.111.1.108:443),error code:0
2023-01-03 16:20:56.981	* Error *	[online] online disconnected,error code:0
2023-01-03 16:20:56.981	- Info  -	[oray][erroCode] errorcode=errorcode(0), product=0, type=0, inner code=0 [COnlineHandler::OnDisconnect:86]
2023-01-03 16:20:56.981	- Info  -	[service] disconnected server(47.111.1.108:443),errorcode:0
2023-01-03 16:20:56.981	- Info  -	curStatus: 0, m_Status: 1
2023-01-03 16:20:56.981	- Info  -	[http call3] new call id:12, url:https://sl-log.oray.net/slclientlog
2023-01-03 16:20:56.981	- Info  -	Current client status: 0
2023-01-03 16:20:56.981	- Info  -	send status_changed notify 0
2023-01-03 16:20:56.981	- Info  -	[OnLogout start]
2023-01-03 16:20:56.982	- Info  -	[service] stop all projections
2023-01-03 16:20:56.982	- Info  -	[OnLogout end]
2023-01-03 16:20:56.989	- Info  -	[MICRO LIVE] shell send close micro_live_plugin
2023-01-03 16:20:57.018	- Info  -	[http call3] id:12 create new connection : https://sl-log.oray.net:443
2023-01-03 16:20:57.032	- Info  -	attempt to connect server sl-log.oray.net:443(47.97.183.66:443)
2023-01-03 16:20:57.227	- Info  -	[http call3] id:12, url:https://sl-log.oray.net/slclientlog, status code:200
2023-01-03 20:22:15.535	+Warning+	[passive:keepalive:] 47.97.183.66:443 disconnect by keepalive timeout(33719437>=19241125+30000)
2023-01-03 20:22:15.535	+Warning+	[oray][erroCode] errorcode=ORAY_ERROR_PHSTREAM_KEEPALIVE_TIMEOUT(57351), product=0, type=3, inner code=7 [CPassiveKeepAliveHandler::Done:141]
2023-01-03 20:22:15.536	- Info  -	[http call3] disconnect, error( 57351 )
2023-01-03 20:22:18.866	- Info  -	[ServiceEx] the service control is 13
2023-01-03 20:22:18.866	- Info  -	SERVICE_CONTROL_POWEREVENT************dwEventType:7
2023-01-03 20:22:18.866	+Warning+	[service] power event, system is resumed.
2023-01-03 20:22:23.392	- Info  -	[ServiceEx] the service control is 13
2023-01-03 20:22:23.392	- Info  -	SERVICE_CONTROL_POWEREVENT************dwEventType:18
2023-01-03 20:22:23.392	+Warning+	[service] power event, system is resumed.
2023-01-03 20:22:24.741	- Info  -	retry login now......
2023-01-03 20:22:24.741	- Info  -	Current client status: 2
2023-01-03 20:22:24.742	- Info  -	send status_changed notify 2
2023-01-03 20:22:24.743	- Info  -	Login task time 0
2023-01-03 20:22:24.743	- Info  -	[service] retry login by power event
2023-01-03 20:22:24.744	- Info  -	Do login( type: 2 ) at 379
2023-01-03 20:22:24.744	- Info  -	[http call3] new call id:13, url:https://slapi.oray.net/remote/get-fastcode
2023-01-03 20:22:24.745	- Info  -	[http call3] id:13 create new connection : https://slapi.oray.net:443
2023-01-03 20:22:24.954	* Error *	[oray][erroCode] errorcode=ORAY_ERROR_DOMAIN_RESOLVED_FAILED(57394), product=0, type=3, inner code=50 [CSockConnector::ConnectSock:229]
2023-01-03 20:22:27.587	- Info  -	[ServiceEx] the service control is 13
2023-01-03 20:22:27.587	- Info  -	SERVICE_CONTROL_POWEREVENT************dwEventType:10
2023-01-03 20:22:28.186	- Info  -	[service] retry login by power event
2023-01-03 20:22:54.955	- Info  -	[http call3] disconnect, error( 0 )
2023-01-03 20:22:54.955	- Info  -	[http call3] disconnect id:13, error( 0 )
2023-01-03 20:22:54.955	* Error *	GetFastcode failed! error:-1, msg:net error
2023-01-03 20:22:54.955	- Info  -	Current client status: 0
2023-01-03 20:22:54.955	- Info  -	send status_changed notify 0
2023-01-03 20:22:54.955	- Info  -	[OnLogout start]
2023-01-03 20:22:54.956	- Info  -	[service] stop all projections
2023-01-03 20:22:54.956	- Info  -	retry login now......
2023-01-03 20:22:54.956	- Info  -	Current client status: 2
2023-01-03 20:22:54.956	- Info  -	send status_changed notify 2
2023-01-03 20:22:54.957	- Info  -	Login task time 0
2023-01-03 20:22:54.958	- Info  -	[OnLogout end]
2023-01-03 20:22:54.971	- Info  -	Do login( type: 2 ) at 379
2023-01-03 20:22:54.971	- Info  -	[http call3] new call id:14, url:https://slapi.oray.net/remote/get-fastcode
2023-01-03 20:22:54.972	- Info  -	[http call3] id:14 create new connection : https://slapi.oray.net:443
2023-01-03 20:22:54.977	- Info  -	attempt to connect server slapi.oray.net:443(121.40.99.129:443)
2023-01-03 20:22:55.196	- Info  -	[http call3] id:14, url:https://slapi.oray.net/remote/get-fastcode, status code:200
2023-01-03 20:22:55.209	- Info  -	attempt to connect server rc10-fc09.oray.com:443(116.62.66.134:443)
2023-01-03 20:22:55.323	- Info  -	[service] attempted logon
2023-01-03 20:22:55.362	- Info  -	[service] logon server OK. public ip:183.217.156.200
2023-01-03 20:22:55.391	- Info  -	[online] attempted client online
2023-01-03 20:22:55.420	- Info  -	[online] client online OK.
2023-01-03 20:22:55.421	- Info  -	[online] received name:default , description:default .
2023-01-03 20:22:55.435	- Info  -	[service] attempted register client to server
2023-01-03 20:22:55.464	- Info  -	[service] registered client to server
2023-01-03 20:22:55.464	- Info  -	[http call3] new call id:15, url:https://sl-log.oray.net/slclientlog
2023-01-03 20:22:55.464	- Info  -	Current client status: 1
2023-01-03 20:22:55.464	- Info  -	send status_changed notify 1
2023-01-03 20:22:55.471	- Info  -	[http call3] id:15 create new connection : https://sl-log.oray.net:443
2023-01-03 20:22:55.486	- Info  -	attempt to connect server sl-log.oray.net:443(121.40.118.44:443)
2023-01-03 20:22:55.497	- Info  -	[discover] Client NotifyDiscover type=5
2023-01-03 20:22:55.511	- Info  -	[OnLogin start]
2023-01-03 20:22:55.514	- Info  -	[OnLogin end]
2023-01-03 20:22:55.523	- Info  -	[OnLogin] WaittingTask Start
2023-01-03 20:22:55.651	- Info  -	Set auto_run : true
2023-01-03 20:22:55.652	- Info  -	[http call3] id:15, url:https://sl-log.oray.net/slclientlog, status code:200
2023-01-03 20:22:56.556	- Info  -	[OnLogin] WaittingTask end
2023-01-03 20:23:10.195	* Error *	SSLStream::IsWantReadWrite|peer(121.40.99.129:443), SSL_read failed( 6 ), error:00000000:lib(0):func(0):reason(0), file( ..\includes\common\phstream\SSLStream.cpp:1898 )
2023-01-03 20:23:10.195	- Info  -	[http call3] disconnect, error( 0 )
2023-01-03 20:23:25.640	* Error *	SSLStream::IsWantReadWrite|peer(121.40.118.44:443), SSL_read failed( 6 ), error:00000000:lib(0):func(0):reason(0), file( ..\includes\common\phstream\SSLStream.cpp:1898 )
2023-01-03 20:23:25.640	- Info  -	[http call3] disconnect, error( 0 )
2023-01-03 20:24:50.649	- Info  -	[ServiceEx] the service control is 13
2023-01-03 20:24:50.649	- Info  -	SERVICE_CONTROL_POWEREVENT************dwEventType:4
2023-01-03 20:24:50.649	+Warning+	[service] power event, system is suspending.
2023-01-03 20:24:50.650	- Info  -	Logout ...
2023-01-03 20:24:50.650	- Info  -	[oray][erroCode] errorcode=oray_errorcode(0), product=0, type=0, inner code=0 [CMultiplexLogicStream::Disconnect_impl:121]
2023-01-03 20:24:50.650	- Info  -	[RemoteControl] disconnected server(116.62.66.134:443),error code:0
2023-01-03 20:24:50.650	* Error *	[online] online disconnected,error code:0
2023-01-03 20:24:50.650	- Info  -	[oray][erroCode] errorcode=errorcode(0), product=0, type=0, inner code=0 [COnlineHandler::OnDisconnect:86]
2023-01-03 20:24:50.651	- Info  -	[service] disconnected server(116.62.66.134:443),errorcode:0
2023-01-03 20:24:50.651	- Info  -	curStatus: 0, m_Status: 1
2023-01-03 20:24:50.651	- Info  -	[http call3] new call id:16, url:https://sl-log.oray.net/slclientlog
2023-01-03 20:24:50.651	- Info  -	Current client status: 0
2023-01-03 20:24:50.651	- Info  -	send status_changed notify 0
2023-01-03 20:24:50.651	- Info  -	[OnLogout start]
2023-01-03 20:24:50.651	- Info  -	[service] stop all projections
2023-01-03 20:24:50.651	- Info  -	[OnLogout end]
2023-01-03 20:24:50.660	- Info  -	[MICRO LIVE] shell send close micro_live_plugin
2023-01-03 20:24:50.668	- Info  -	[http call3] id:16 create new connection : https://sl-log.oray.net:443
2023-01-03 20:24:50.683	- Info  -	attempt to connect server sl-log.oray.net:443(47.97.186.100:443)
2023-01-03 20:24:50.824	- Info  -	[http call3] id:16, url:https://sl-log.oray.net/slclientlog, status code:200
2023-01-03 20:29:32.518	+Warning+	[passive:keepalive:] 47.97.186.100:443 disconnect by keepalive timeout(34156421>=33874718+30000)
2023-01-03 20:29:32.518	+Warning+	[oray][erroCode] errorcode=ORAY_ERROR_PHSTREAM_KEEPALIVE_TIMEOUT(57351), product=0, type=3, inner code=7 [CPassiveKeepAliveHandler::Done:141]
2023-01-03 20:29:32.519	- Info  -	[http call3] disconnect, error( 57351 )
2023-01-03 20:29:34.468	- Info  -	[ServiceEx] the service control is 13
2023-01-03 20:29:34.468	- Info  -	SERVICE_CONTROL_POWEREVENT************dwEventType:18
2023-01-03 20:29:34.468	+Warning+	[service] power event, system is resumed.
2023-01-03 20:29:34.896	- Info  -	retry login now......
2023-01-03 20:29:34.897	- Info  -	Current client status: 2
2023-01-03 20:29:34.897	- Info  -	send status_changed notify 2
2023-01-03 20:29:34.897	- Info  -	Login task time 0
2023-01-03 20:29:34.897	- Info  -	[service] retry login by power event
2023-01-03 20:29:34.917	- Info  -	Do login( type: 2 ) at 379
2023-01-03 20:29:34.918	- Info  -	[http call3] new call id:17, url:https://slapi.oray.net/remote/get-fastcode
2023-01-03 20:29:34.927	- Info  -	[http call3] id:17 create new connection : https://slapi.oray.net:443
2023-01-03 20:29:35.190	- Info  -	attempt to connect server slapi.oray.net:443(121.40.99.129:443)
2023-01-03 20:29:35.610	- Info  -	[http call3] id:17, url:https://slapi.oray.net/remote/get-fastcode, status code:200
2023-01-03 20:29:35.689	- Info  -	attempt to connect server rc10-fc06.oray.com:443(120.26.127.51:443)
2023-01-03 20:29:35.739	- Info  -	[ServiceEx] the service control is 13
2023-01-03 20:29:35.739	- Info  -	SERVICE_CONTROL_POWEREVENT************dwEventType:7
2023-01-03 20:29:35.740	+Warning+	[service] power event, system is resumed.
2023-01-03 20:29:35.742	- Info  -	[service] retry login by power event
2023-01-03 20:29:35.961	- Info  -	[service] attempted logon
2023-01-03 20:29:36.016	- Info  -	[service] logon server OK. public ip:183.217.156.200
2023-01-03 20:29:36.046	- Info  -	[online] attempted client online
2023-01-03 20:29:36.077	- Info  -	[online] client online OK.
2023-01-03 20:29:36.077	- Info  -	[online] received name:default , description:default .
2023-01-03 20:29:36.089	- Info  -	[service] attempted register client to server
2023-01-03 20:29:36.120	- Info  -	[service] registered client to server
2023-01-03 20:29:36.120	- Info  -	[http call3] new call id:18, url:https://sl-log.oray.net/slclientlog
2023-01-03 20:29:36.120	- Info  -	Current client status: 1
2023-01-03 20:29:36.120	- Info  -	send status_changed notify 1
2023-01-03 20:29:36.136	- Info  -	[http call3] id:18 create new connection : https://sl-log.oray.net:443
2023-01-03 20:29:36.165	- Info  -	[discover] Client NotifyDiscover type=5
2023-01-03 20:29:36.281	- Info  -	attempt to connect server sl-log.oray.net:443(47.97.183.66:443)
2023-01-03 20:29:36.322	- Info  -	[OnLogin start]
2023-01-03 20:29:36.345	- Info  -	[OnLogin] WaittingTask Start
2023-01-03 20:29:36.352	- Info  -	[OnLogin end]
2023-01-03 20:29:36.729	- Info  -	Set auto_run : true
2023-01-03 20:29:36.810	- Info  -	[http call3] id:18, url:https://sl-log.oray.net/slclientlog, status code:200
2023-01-03 20:29:37.818	- Info  -	[OnLogin] WaittingTask end
2023-01-03 20:29:50.609	* Error *	SSLStream::IsWantReadWrite|peer(121.40.99.129:443), SSL_read failed( 6 ), error:00000000:lib(0):func(0):reason(0), file( ..\includes\common\phstream\SSLStream.cpp:1898 )
2023-01-03 20:29:50.609	- Info  -	[http call3] disconnect, error( 0 )
2023-01-03 20:30:06.809	* Error *	SSLStream::IsWantReadWrite|peer(47.97.183.66:443), SSL_read failed( 6 ), error:00000000:lib(0):func(0):reason(0), file( ..\includes\common\phstream\SSLStream.cpp:1898 )
2023-01-03 20:30:06.809	- Info  -	[http call3] disconnect, error( 0 )
2023-01-03 21:16:27.940	- Info  -	[ServiceEx] the service control is 13
2023-01-03 21:16:27.940	- Info  -	SERVICE_CONTROL_POWEREVENT************dwEventType:4
2023-01-03 21:16:27.940	+Warning+	[service] power event, system is suspending.
2023-01-03 21:16:27.943	- Info  -	Logout ...
2023-01-03 21:16:27.943	- Info  -	[oray][erroCode] errorcode=oray_errorcode(0), product=0, type=0, inner code=0 [CMultiplexLogicStream::Disconnect_impl:121]
2023-01-03 21:16:27.943	- Info  -	[RemoteControl] disconnected server(120.26.127.51:443),error code:0
2023-01-03 21:16:27.943	* Error *	[online] online disconnected,error code:0
2023-01-03 21:16:27.944	- Info  -	[oray][erroCode] errorcode=errorcode(0), product=0, type=0, inner code=0 [COnlineHandler::OnDisconnect:86]
2023-01-03 21:16:27.944	- Info  -	[service] disconnected server(120.26.127.51:443),errorcode:0
2023-01-03 21:16:27.944	- Info  -	curStatus: 0, m_Status: 1
2023-01-03 21:16:27.944	- Info  -	[http call3] new call id:19, url:https://sl-log.oray.net/slclientlog
2023-01-03 21:16:27.944	- Info  -	Current client status: 0
2023-01-03 21:16:27.944	- Info  -	send status_changed notify 0
2023-01-03 21:16:27.944	- Info  -	[OnLogout start]
2023-01-03 21:16:27.944	- Info  -	[service] stop all projections
2023-01-03 21:16:27.944	- Info  -	[OnLogout end]
2023-01-03 21:16:27.949	- Info  -	[http call3] id:19 create new connection : https://sl-log.oray.net:443
2023-01-03 21:16:27.952	- Info  -	[MICRO LIVE] shell send close micro_live_plugin
2023-01-03 21:16:27.963	- Info  -	attempt to connect server sl-log.oray.net:443(121.40.118.44:443)
2023-01-03 21:16:28.091	- Info  -	[http call3] id:19, url:https://sl-log.oray.net/slclientlog, status code:200
2023-01-03 21:18:51.515	+Warning+	[passive:keepalive:] 121.40.118.44:443 disconnect by keepalive timeout(37115421>=36972000+30000)
2023-01-03 21:18:51.515	+Warning+	[oray][erroCode] errorcode=ORAY_ERROR_PHSTREAM_KEEPALIVE_TIMEOUT(57351), product=0, type=3, inner code=7 [CPassiveKeepAliveHandler::Done:141]
2023-01-03 21:18:51.516	- Info  -	[http call3] disconnect, error( 57351 )
2023-01-03 21:18:53.902	- Info  -	[ServiceEx] the service control is 13
2023-01-03 21:18:53.902	- Info  -	SERVICE_CONTROL_POWEREVENT************dwEventType:7
2023-01-03 21:18:53.902	+Warning+	[service] power event, system is resumed.
2023-01-03 21:18:53.974	- Info  -	retry login now......
2023-01-03 21:18:53.974	- Info  -	Current client status: 2
2023-01-03 21:18:53.975	- Info  -	send status_changed notify 2
2023-01-03 21:18:53.976	- Info  -	Login task time 0
2023-01-03 21:18:53.976	- Info  -	[service] retry login by power event
2023-01-03 21:18:53.976	- Info  -	Do login( type: 2 ) at 379
2023-01-03 21:18:53.976	- Info  -	[http call3] new call id:20, url:https://slapi.oray.net/remote/get-fastcode
2023-01-03 21:18:54.061	- Info  -	[http call3] id:20 create new connection : https://slapi.oray.net:443
2023-01-03 21:18:54.279	- Info  -	attempt to connect server slapi.oray.net:443(121.40.200.192:443)
2023-01-03 21:18:54.788	- Info  -	[http call3] id:20, url:https://slapi.oray.net/remote/get-fastcode, status code:200
2023-01-03 21:18:54.915	- Info  -	attempt to connect server rc10-fc13.oray.com:443(121.40.51.117:443)
2023-01-03 21:18:55.243	- Info  -	[service] attempted logon
2023-01-03 21:18:55.288	- Info  -	[service] logon server OK. public ip:183.217.156.200
2023-01-03 21:18:55.314	- Info  -	[online] attempted client online
2023-01-03 21:18:55.348	- Info  -	[online] client online OK.
2023-01-03 21:18:55.349	- Info  -	[online] received name:default , description:default .
2023-01-03 21:18:55.360	- Info  -	[service] attempted register client to server
2023-01-03 21:18:55.386	- Info  -	[service] registered client to server
2023-01-03 21:18:55.386	- Info  -	[http call3] new call id:21, url:https://sl-log.oray.net/slclientlog
2023-01-03 21:18:55.386	- Info  -	Current client status: 1
2023-01-03 21:18:55.386	- Info  -	send status_changed notify 1
2023-01-03 21:18:55.392	- Info  -	[http call3] id:21 create new connection : https://sl-log.oray.net:443
2023-01-03 21:18:55.425	- Info  -	[discover] Client NotifyDiscover type=5
2023-01-03 21:18:55.432	- Info  -	attempt to connect server sl-log.oray.net:443(47.97.183.66:443)
2023-01-03 21:18:55.461	- Info  -	[OnLogin start]
2023-01-03 21:18:55.465	- Info  -	[OnLogin end]
2023-01-03 21:18:55.486	- Info  -	[OnLogin] WaittingTask Start
2023-01-03 21:18:55.643	- Info  -	Set auto_run : true
2023-01-03 21:18:55.744	- Info  -	[http call3] id:21, url:https://sl-log.oray.net/slclientlog, status code:200
2023-01-03 21:18:55.785	- Info  -	[ServiceEx] the service control is 13
2023-01-03 21:18:55.785	- Info  -	SERVICE_CONTROL_POWEREVENT************dwEventType:18
2023-01-03 21:18:55.785	+Warning+	[service] power event, system is resumed.
2023-01-03 21:18:56.892	- Info  -	[OnLogin] WaittingTask end
2023-01-03 21:19:09.785	* Error *	SSLStream::IsWantReadWrite|peer(121.40.200.192:443), SSL_read failed( 6 ), error:00000000:lib(0):func(0):reason(0), file( ..\includes\common\phstream\SSLStream.cpp:1898 )
2023-01-03 21:19:09.785	- Info  -	[http call3] disconnect, error( 0 )
2023-01-03 21:19:25.778	* Error *	SSLStream::IsWantReadWrite|peer(47.97.183.66:443), SSL_read failed( 6 ), error:00000000:lib(0):func(0):reason(0), file( ..\includes\common\phstream\SSLStream.cpp:1898 )
2023-01-03 21:19:25.779	- Info  -	[http call3] disconnect, error( 0 )
