2022-11-10 15:53:57.434	- Info  -	version:3.2.1.40406
2022-11-10 15:53:57.783	* Error *	SSLStream|Remove temp(C:\Windows\TEMP\u2hk.0) file ok
2022-11-10 15:53:59.395	- Info  -	Initialize OK
2022-11-10 15:53:59.395	- Info  -	CAcceptorRaw::set_listener
2022-11-10 15:53:59.395	- Info  -	DesktopAgentServer created with port 0.
2022-11-10 15:54:00.286	- Info  -	[service] start listen OK,tcp:0.0.0.0:49672,udp:15947
2022-11-10 15:54:01.623	- Info  -	[discover] Client NotifyDiscover type=5
2022-11-10 15:54:01.751	- Info  -	[localserver] Not use proxy
2022-11-10 15:54:01.757	- Info  -	[mac] local ip:192.168.0.193
2022-11-10 15:54:01.794	- Info  -	[mac] mac address:00:F4:8D:D2:3C:CF
2022-11-10 15:54:01.794	- Info  -	get mac address: 00:F4:8D:D2:3C:CF
2022-11-10 15:54:06.742	- Info  -	os name:Microsoft Windows 10 专业版
2022-11-10 15:54:07.631	- Info  -	m_clientinfo.mac: 00:F4:8D:D2:3C:CF
2022-11-10 15:54:07.652	- Info  -	Current client status: 2
2022-11-10 15:54:07.652	- Info  -	send status_changed notify 2
2022-11-10 15:54:07.652	- Info  -	Login task time 0
2022-11-10 15:54:07.669	- Info  -	Do login( type: 2 ) at 379
2022-11-10 15:54:07.669	- Info  -	[http call3] new call id:1, url:https://slapi.oray.net/remote/get-fastcode
2022-11-10 15:54:07.669	- Info  -	[http call3] id:1 create new connection : https://slapi.oray.net:443
2022-11-10 15:54:07.727	- Info  -	attempt to connect server slapi.oray.net:443(121.40.99.129:443)
2022-11-10 15:54:10.189	- Info  -	[http call3] id:1, url:https://slapi.oray.net/remote/get-fastcode, status code:200
2022-11-10 15:54:10.202	- Info  -	attempt to connect server rc10-fc13.oray.com:443(121.40.51.117:443)
2022-11-10 15:54:10.410	- Info  -	[service] attempted logon
2022-11-10 15:54:10.452	- Info  -	[service] logon server OK. public ip:183.217.165.156
2022-11-10 15:54:10.477	- Info  -	[online] attempted client online
2022-11-10 15:54:10.504	- Info  -	[online] client online OK.
2022-11-10 15:54:10.504	- Info  -	[online] received name:default , description:default .
2022-11-10 15:54:10.510	- Info  -	[service] attempted register client to server
2022-11-10 15:54:10.535	- Info  -	[service] registered client to server
2022-11-10 15:54:10.537	- Info  -	[http call3] new call id:2, url:https://sl-log.oray.net/slclientlog
2022-11-10 15:54:10.537	- Info  -	Current client status: 1
2022-11-10 15:54:10.537	- Info  -	send status_changed notify 1
2022-11-10 15:54:10.547	- Info  -	[http call3] id:2 create new connection : https://sl-log.oray.net:443
2022-11-10 15:54:10.580	- Info  -	attempt to connect server sl-log.oray.net:443(121.41.32.171:443)
2022-11-10 15:54:10.723	- Info  -	[http call3] id:2, url:https://sl-log.oray.net/slclientlog, status code:200
2022-11-10 15:54:10.758	- Info  -	[discover] Client NotifyDiscover type=5
2022-11-10 15:54:10.832	- Info  -	[OnLogin start]
2022-11-10 15:54:10.833	- Info  -	[OnLogin end]
2022-11-10 15:54:10.884	- Info  -	[OnLogin] WaittingTask Start
2022-11-10 15:54:10.887	- Info  -	Set auto_run : true
2022-11-10 15:54:10.909	- Info  -	[OnLogin] WaittingTask end
2022-11-10 15:54:13.446	- Info  -	[ServiceEx] the service control is 13
2022-11-10 15:54:13.446	- Info  -	SERVICE_CONTROL_POWEREVENT************dwEventType:10
2022-11-10 15:54:25.194	* Error *	SSLStream::IsWantReadWrite|peer(121.40.99.129:443), SSL_read failed( 6 ), error:00000000:lib(0):func(0):reason(0), file( ..\includes\common\phstream\SSLStream.cpp:1898 )
2022-11-10 15:54:25.194	- Info  -	[http call3] disconnect, error( 0 )
2022-11-10 15:54:40.735	* Error *	SSLStream::IsWantReadWrite|peer(121.41.32.171:443), SSL_read failed( 6 ), error:00000000:lib(0):func(0):reason(0), file( ..\includes\common\phstream\SSLStream.cpp:1898 )
2022-11-10 15:54:40.735	- Info  -	[http call3] disconnect, error( 0 )
2022-11-10 15:54:44.094	- Info  -	[MICRO LIVE] shell oninitdialog to get microlive info enable = 0 status = 0 timelast = 0
2022-11-10 16:36:21.107	- Info  -	[ServiceEx] the service control is 13
2022-11-10 16:36:21.117	- Info  -	SERVICE_CONTROL_POWEREVENT************dwEventType:4
2022-11-10 16:36:21.118	+Warning+	[service] power event, system is suspending.
2022-11-10 16:36:21.168	- Info  -	Logout ...
2022-11-10 16:36:21.170	- Info  -	[oray][erroCode] errorcode=oray_errorcode(0), product=0, type=0, inner code=0 [CMultiplexLogicStream::Disconnect_impl:121]
2022-11-10 16:36:21.170	- Info  -	[RemoteControl] disconnected server(121.40.51.117:443),error code:0
2022-11-10 16:36:21.172	* Error *	[online] online disconnected,error code:0
2022-11-10 16:36:21.172	- Info  -	[oray][erroCode] errorcode=errorcode(0), product=0, type=0, inner code=0 [COnlineHandler::OnDisconnect:86]
2022-11-10 16:36:21.173	- Info  -	[service] disconnected server(121.40.51.117:443),errorcode:0
2022-11-10 16:36:21.178	- Info  -	curStatus: 0, m_Status: 1
2022-11-10 16:36:21.196	- Info  -	[http call3] new call id:3, url:https://sl-log.oray.net/slclientlog
2022-11-10 16:36:21.197	- Info  -	Current client status: 0
2022-11-10 16:36:21.198	- Info  -	send status_changed notify 0
2022-11-10 16:36:21.198	- Info  -	[OnLogout start]
2022-11-10 16:36:21.199	- Info  -	[service] stop all projections
2022-11-10 16:36:21.200	- Info  -	[OnLogout end]
2022-11-10 16:36:21.206	- Info  -	[http call3] id:3 create new connection : https://sl-log.oray.net:443
2022-11-10 16:36:21.235	- Info  -	attempt to connect server sl-log.oray.net:443(121.199.72.21:443)
2022-11-10 16:36:21.320	- Info  -	[MICRO LIVE] shell send close micro_live_plugin
2022-11-10 16:36:21.971	- Info  -	[http call3] id:3, url:https://sl-log.oray.net/slclientlog, status code:200
2022-11-11 15:30:56.642	+Warning+	[passive:keepalive:] 121.199.72.21:443 disconnect by keepalive timeout(85045046>=2570375+30000)
2022-11-11 15:30:56.642	+Warning+	[oray][erroCode] errorcode=ORAY_ERROR_PHSTREAM_KEEPALIVE_TIMEOUT(57351), product=0, type=3, inner code=7 [CPassiveKeepAliveHandler::Done:141]
2022-11-11 15:30:56.643	- Info  -	[http call3] disconnect, error( 57351 )
2022-11-11 15:31:00.367	- Info  -	[ServiceEx] the service control is 13
2022-11-11 15:31:00.367	- Info  -	SERVICE_CONTROL_POWEREVENT************dwEventType:10
2022-11-11 15:31:03.806	- Info  -	[ServiceEx] the service control is 13
2022-11-11 15:31:03.808	- Info  -	SERVICE_CONTROL_POWEREVENT************dwEventType:18
2022-11-11 15:31:03.808	+Warning+	[service] power event, system is resumed.
2022-11-11 15:31:04.680	- Info  -	retry login now......
2022-11-11 15:31:04.680	- Info  -	Current client status: 2
2022-11-11 15:31:04.680	- Info  -	send status_changed notify 2
2022-11-11 15:31:04.681	- Info  -	Login task time 0
2022-11-11 15:31:04.681	- Info  -	[service] retry login by power event
2022-11-11 15:31:04.699	- Info  -	Do login( type: 2 ) at 379
2022-11-11 15:31:04.704	- Info  -	[http call3] new call id:4, url:https://slapi.oray.net/remote/get-fastcode
2022-11-11 15:31:04.714	- Info  -	[http call3] id:4 create new connection : https://slapi.oray.net:443
2022-11-11 15:31:05.240	- Info  -	attempt to connect server slapi.oray.net:443(121.40.99.129:443)
2022-11-11 15:31:05.628	- Info  -	[http call3] id:4, url:https://slapi.oray.net/remote/get-fastcode, status code:200
2022-11-11 15:31:05.901	- Info  -	[ServiceEx] the service control is 13
2022-11-11 15:31:05.902	- Info  -	SERVICE_CONTROL_POWEREVENT************dwEventType:7
2022-11-11 15:31:05.908	+Warning+	[service] power event, system is resumed.
2022-11-11 15:31:06.300	- Info  -	attempt to connect server rc10-fc10.oray.com:443(121.40.171.186:443)
2022-11-11 15:31:06.752	- Info  -	[service] attempted logon
2022-11-11 15:31:06.792	- Info  -	[service] logon server OK. public ip:183.217.165.156
2022-11-11 15:31:06.822	- Info  -	[online] attempted client online
2022-11-11 15:31:06.860	- Info  -	[online] client online OK.
2022-11-11 15:31:06.861	- Info  -	[online] received name:default , description:default .
2022-11-11 15:31:06.873	- Info  -	[service] attempted register client to server
2022-11-11 15:31:06.900	- Info  -	[service] registered client to server
2022-11-11 15:31:06.901	- Info  -	[http call3] new call id:5, url:https://sl-log.oray.net/slclientlog
2022-11-11 15:31:06.901	- Info  -	Current client status: 1
2022-11-11 15:31:06.901	- Info  -	send status_changed notify 1
2022-11-11 15:31:06.902	- Info  -	[http call3] id:5 create new connection : https://sl-log.oray.net:443
2022-11-11 15:31:06.953	- Info  -	[discover] Client NotifyDiscover type=5
2022-11-11 15:31:07.127	- Info  -	attempt to connect server sl-log.oray.net:443(121.199.72.21:443)
2022-11-11 15:31:07.269	- Info  -	[OnLogin start]
2022-11-11 15:31:07.273	- Info  -	[OnLogin end]
2022-11-11 15:31:07.283	- Info  -	[service] retry login by power event
2022-11-11 15:31:07.283	- Info  -	[OnLogin] WaittingTask Start
2022-11-11 15:31:07.692	- Info  -	Set auto_run : true
2022-11-11 15:31:07.948	- Info  -	[http call3] id:5, url:https://sl-log.oray.net/slclientlog, status code:200
2022-11-11 15:31:08.794	- Info  -	[OnLogin] WaittingTask end
2022-11-11 15:31:20.627	* Error *	SSLStream::IsWantReadWrite|peer(121.40.99.129:443), SSL_read failed( 6 ), error:00000000:lib(0):func(0):reason(0), file( ..\includes\common\phstream\SSLStream.cpp:1898 )
2022-11-11 15:31:20.627	- Info  -	[http call3] disconnect, error( 0 )
2022-11-11 15:31:37.963	* Error *	SSLStream::IsWantReadWrite|peer(121.199.72.21:443), SSL_read failed( 6 ), error:00000000:lib(0):func(0):reason(0), file( ..\includes\common\phstream\SSLStream.cpp:1898 )
2022-11-11 15:31:37.963	- Info  -	[http call3] disconnect, error( 0 )
2022-11-11 16:55:25.504	- Info  -	[ServiceEx] the service control is 13
2022-11-11 16:55:25.505	- Info  -	SERVICE_CONTROL_POWEREVENT************dwEventType:4
2022-11-11 16:55:25.505	+Warning+	[service] power event, system is suspending.
2022-11-11 16:55:25.506	- Info  -	Logout ...
2022-11-11 16:55:25.507	- Info  -	[oray][erroCode] errorcode=oray_errorcode(0), product=0, type=0, inner code=0 [CMultiplexLogicStream::Disconnect_impl:121]
2022-11-11 16:55:25.507	- Info  -	[RemoteControl] disconnected server(121.40.171.186:443),error code:0
2022-11-11 16:55:25.508	* Error *	[online] online disconnected,error code:0
2022-11-11 16:55:25.508	- Info  -	[oray][erroCode] errorcode=errorcode(0), product=0, type=0, inner code=0 [COnlineHandler::OnDisconnect:86]
2022-11-11 16:55:25.508	- Info  -	[service] disconnected server(121.40.171.186:443),errorcode:0
2022-11-11 16:55:25.508	- Info  -	curStatus: 0, m_Status: 1
2022-11-11 16:55:25.508	- Info  -	[http call3] new call id:6, url:https://sl-log.oray.net/slclientlog
2022-11-11 16:55:25.508	- Info  -	Current client status: 0
2022-11-11 16:55:25.508	- Info  -	send status_changed notify 0
2022-11-11 16:55:25.508	- Info  -	[OnLogout start]
2022-11-11 16:55:25.509	- Info  -	[service] stop all projections
2022-11-11 16:55:25.509	- Info  -	[OnLogout end]
2022-11-11 16:55:25.520	- Info  -	[http call3] id:6 create new connection : https://sl-log.oray.net:443
2022-11-11 16:55:25.522	- Info  -	[MICRO LIVE] shell send close micro_live_plugin
2022-11-11 16:55:25.567	- Info  -	attempt to connect server sl-log.oray.net:443(47.97.106.171:443)
2022-11-11 16:55:25.735	- Info  -	[http call3] id:6, url:https://sl-log.oray.net/slclientlog, status code:200
2022-11-11 19:32:33.517	+Warning+	[passive:keepalive:] 47.97.106.171:443 disconnect by keepalive timeout(99541921>=90114140+30000)
2022-11-11 19:32:33.517	+Warning+	[oray][erroCode] errorcode=ORAY_ERROR_PHSTREAM_KEEPALIVE_TIMEOUT(57351), product=0, type=3, inner code=7 [CPassiveKeepAliveHandler::Done:141]
2022-11-11 19:32:33.518	- Info  -	[http call3] disconnect, error( 57351 )
2022-11-11 19:32:35.662	- Info  -	[ServiceEx] the service control is 13
2022-11-11 19:32:35.662	- Info  -	SERVICE_CONTROL_POWEREVENT************dwEventType:18
2022-11-11 19:32:35.663	+Warning+	[service] power event, system is resumed.
2022-11-11 19:32:39.332	- Info  -	[ServiceEx] the service control is 13
2022-11-11 19:32:39.332	- Info  -	SERVICE_CONTROL_POWEREVENT************dwEventType:7
2022-11-11 19:32:39.332	+Warning+	[service] power event, system is resumed.
2022-11-11 19:32:41.731	- Info  -	[ServiceEx] the service control is 13
2022-11-11 19:32:41.731	- Info  -	SERVICE_CONTROL_POWEREVENT************dwEventType:10
2022-11-11 19:32:42.630	- Info  -	retry login now......
2022-11-11 19:32:42.630	- Info  -	Current client status: 2
2022-11-11 19:32:42.630	- Info  -	send status_changed notify 2
2022-11-11 19:32:42.632	- Info  -	Login task time 0
2022-11-11 19:32:42.632	- Info  -	[service] retry login by power event
2022-11-11 19:32:42.643	- Info  -	Do login( type: 2 ) at 379
2022-11-11 19:32:42.644	- Info  -	[http call3] new call id:7, url:https://slapi.oray.net/remote/get-fastcode
2022-11-11 19:32:42.647	- Info  -	[http call3] id:7 create new connection : https://slapi.oray.net:443
2022-11-11 19:32:42.745	* Error *	[oray][erroCode] errorcode=ORAY_ERROR_DOMAIN_RESOLVED_FAILED(57394), product=0, type=3, inner code=50 [CSockConnector::ConnectSock:229]
2022-11-11 19:32:44.039	- Info  -	[ServiceEx] the service control is 13
2022-11-11 19:32:44.039	- Info  -	SERVICE_CONTROL_POWEREVENT************dwEventType:10
2022-11-11 19:32:47.853	- Info  -	[service] retry login by power event
2022-11-11 19:33:12.777	- Info  -	[http call3] disconnect, error( 0 )
2022-11-11 19:33:12.777	- Info  -	[http call3] disconnect id:7, error( 0 )
2022-11-11 19:33:12.778	* Error *	GetFastcode failed! error:-1, msg:net error
2022-11-11 19:33:12.778	- Info  -	Current client status: 0
2022-11-11 19:33:12.778	- Info  -	send status_changed notify 0
2022-11-11 19:33:12.778	- Info  -	[OnLogout start]
2022-11-11 19:33:12.785	- Info  -	[service] stop all projections
2022-11-11 19:33:12.785	- Info  -	retry login now......
2022-11-11 19:33:12.785	- Info  -	Current client status: 2
2022-11-11 19:33:12.785	- Info  -	send status_changed notify 2
2022-11-11 19:33:12.786	- Info  -	Login task time 0
2022-11-11 19:33:12.786	- Info  -	[OnLogout end]
2022-11-11 19:33:12.835	- Info  -	Do login( type: 2 ) at 379
2022-11-11 19:33:12.835	- Info  -	[http call3] new call id:8, url:https://slapi.oray.net/remote/get-fastcode
2022-11-11 19:33:12.895	- Info  -	[http call3] id:8 create new connection : https://slapi.oray.net:443
2022-11-11 19:33:13.054	- Info  -	attempt to connect server slapi.oray.net:443(121.40.200.192:443)
2022-11-11 19:33:14.025	- Info  -	[http call3] id:8, url:https://slapi.oray.net/remote/get-fastcode, status code:200
2022-11-11 19:33:14.172	- Info  -	attempt to connect server rc10-fc03.oray.com:443(8.136.215.212:443)
2022-11-11 19:33:14.758	- Info  -	[service] attempted logon
2022-11-11 19:33:14.810	- Info  -	[service] logon server OK. public ip:183.217.165.156
2022-11-11 19:33:14.890	- Info  -	[online] attempted client online
2022-11-11 19:33:14.939	- Info  -	[online] client online OK.
2022-11-11 19:33:14.939	- Info  -	[online] received name:default , description:default .
2022-11-11 19:33:14.963	- Info  -	[service] attempted register client to server
2022-11-11 19:33:15.001	- Info  -	[service] registered client to server
2022-11-11 19:33:15.001	- Info  -	[http call3] new call id:9, url:https://sl-log.oray.net/slclientlog
2022-11-11 19:33:15.001	- Info  -	Current client status: 1
2022-11-11 19:33:15.001	- Info  -	send status_changed notify 1
2022-11-11 19:33:15.035	- Info  -	[http call3] id:9 create new connection : https://sl-log.oray.net:443
2022-11-11 19:33:15.081	- Info  -	attempt to connect server sl-log.oray.net:443(121.40.118.44:443)
2022-11-11 19:33:15.178	- Info  -	[discover] Client NotifyDiscover type=5
2022-11-11 19:33:15.456	- Info  -	[OnLogin start]
2022-11-11 19:33:15.466	- Info  -	[OnLogin end]
2022-11-11 19:33:15.503	- Info  -	[OnLogin] WaittingTask Start
2022-11-11 19:33:16.401	- Info  -	Set auto_run : true
2022-11-11 19:33:16.674	- Info  -	[http call3] id:9, url:https://sl-log.oray.net/slclientlog, status code:200
2022-11-11 19:33:16.956	- Info  -	[OnLogin] WaittingTask end
2022-11-11 19:33:29.022	* Error *	SSLStream::IsWantReadWrite|peer(121.40.200.192:443), SSL_read failed( 6 ), error:00000000:lib(0):func(0):reason(0), file( ..\includes\common\phstream\SSLStream.cpp:1898 )
2022-11-11 19:33:29.023	- Info  -	[http call3] disconnect, error( 0 )
2022-11-11 19:33:46.668	* Error *	SSLStream::IsWantReadWrite|peer(121.40.118.44:443), SSL_read failed( 6 ), error:00000000:lib(0):func(0):reason(0), file( ..\includes\common\phstream\SSLStream.cpp:1898 )
2022-11-11 19:33:46.669	- Info  -	[http call3] disconnect, error( 0 )
2022-11-11 19:55:43.513	* Error *	[online] online disconnected,error code:0
2022-11-11 19:55:43.513	- Info  -	[oray][erroCode] errorcode=errorcode(0), product=0, type=0, inner code=0 [COnlineHandler::OnDisconnect:86]
2022-11-11 19:55:43.513	- Info  -	[RemoteControl] disconnected server(8.136.215.212:443),error code:0
2022-11-11 19:55:43.513	- Info  -	[service] disconnected server(8.136.215.212:443),errorcode:10054
2022-11-11 19:55:43.513	- Info  -	curStatus: 0, m_Status: 1
2022-11-11 19:55:43.513	- Info  -	[http call3] new call id:10, url:https://sl-log.oray.net/slclientlog
2022-11-11 19:55:43.513	- Info  -	Current client status: 0
2022-11-11 19:55:43.513	- Info  -	send status_changed notify 0
2022-11-11 19:55:43.513	- Info  -	[OnLogout start]
2022-11-11 19:55:43.520	- Info  -	[service] stop all projections
2022-11-11 19:55:43.520	- Info  -	retry login now......
2022-11-11 19:55:43.520	- Info  -	Current client status: 2
2022-11-11 19:55:43.520	- Info  -	send status_changed notify 2
2022-11-11 19:55:43.521	- Info  -	Login task time 0
2022-11-11 19:55:43.521	- Info  -	[OnLogout end]
2022-11-11 19:55:43.530	- Info  -	Do login( type: 2 ) at 379
2022-11-11 19:55:43.530	- Info  -	[http call3] new call id:11, url:https://slapi.oray.net/remote/get-fastcode
2022-11-11 19:55:43.713	- Info  -	[http call3] id:10 create new connection : https://sl-log.oray.net:443
2022-11-11 19:55:43.953	* Error *	[oray][erroCode] errorcode=ORAY_ERROR_DOMAIN_RESOLVED_FAILED(57394), product=0, type=3, inner code=50 [CSockConnector::ConnectSock:229]
2022-11-11 19:55:43.953	- Info  -	[http call3] id:11 create new connection : https://slapi.oray.net:443
2022-11-11 19:55:44.094	* Error *	[oray][erroCode] errorcode=ORAY_ERROR_DOMAIN_RESOLVED_FAILED(57394), product=0, type=3, inner code=50 [CSockConnector::ConnectSock:229]
2022-11-11 19:56:13.952	- Info  -	[http call3] disconnect, error( 0 )
2022-11-11 19:56:13.953	- Info  -	[http call3] disconnect id:10, error( 0 )
2022-11-11 19:56:14.099	- Info  -	[http call3] disconnect, error( 0 )
2022-11-11 19:56:14.099	- Info  -	[http call3] disconnect id:11, error( 0 )
2022-11-11 19:56:14.099	* Error *	GetFastcode failed! error:-1, msg:net error
2022-11-11 19:56:14.099	- Info  -	Current client status: 0
2022-11-11 19:56:14.099	- Info  -	send status_changed notify 0
2022-11-11 19:56:14.099	- Info  -	[OnLogout start]
2022-11-11 19:56:14.100	- Info  -	[service] stop all projections
2022-11-11 19:56:14.100	- Info  -	[OnLogout end]
2022-11-11 19:56:14.109	- Info  -	[MICRO LIVE] shell send close micro_live_plugin
2022-11-11 19:58:15.186	- Info  -	[localserver] Not use proxy
2022-11-11 19:58:15.187	- Info  -	retry login now......
2022-11-11 19:58:15.187	- Info  -	Current client status: 2
2022-11-11 19:58:15.187	- Info  -	send status_changed notify 2
2022-11-11 19:58:15.188	- Info  -	Login task time 0
2022-11-11 19:58:15.200	- Info  -	Do login( type: 2 ) at 379
2022-11-11 19:58:15.201	- Info  -	[http call3] new call id:12, url:https://slapi.oray.net/remote/get-fastcode
2022-11-11 19:58:15.201	- Info  -	[http call3] id:12 create new connection : https://slapi.oray.net:443
2022-11-11 19:58:15.221	- Info  -	attempt to connect server slapi.oray.net:443(121.40.200.192:443)
2022-11-11 19:58:15.445	- Info  -	[http call3] id:12, url:https://slapi.oray.net/remote/get-fastcode, status code:200
2022-11-11 19:58:15.461	- Info  -	attempt to connect server rc10-fc09.oray.com:443(81.69.153.131:443)
2022-11-11 19:58:15.605	- Info  -	[service] attempted logon
2022-11-11 19:58:15.669	- Info  -	[service] logon server OK. public ip:183.217.165.179
2022-11-11 19:58:15.698	- Info  -	[online] attempted client online
2022-11-11 19:58:15.726	- Info  -	[online] client online OK.
2022-11-11 19:58:15.726	- Info  -	[online] received name:default , description:default .
2022-11-11 19:58:15.750	- Info  -	[service] attempted register client to server
2022-11-11 19:58:15.777	- Info  -	[service] registered client to server
2022-11-11 19:58:15.777	- Info  -	[http call3] new call id:13, url:https://sl-log.oray.net/slclientlog
2022-11-11 19:58:15.777	- Info  -	Current client status: 1
2022-11-11 19:58:15.777	- Info  -	send status_changed notify 1
2022-11-11 19:58:15.790	- Info  -	[http call3] id:13 create new connection : https://sl-log.oray.net:443
2022-11-11 19:58:15.805	- Info  -	attempt to connect server sl-log.oray.net:443(47.97.186.100:443)
2022-11-11 19:58:15.849	- Info  -	[discover] Client NotifyDiscover type=5
2022-11-11 19:58:15.866	- Info  -	[OnLogin start]
2022-11-11 19:58:15.872	- Info  -	[OnLogin end]
2022-11-11 19:58:15.872	- Info  -	[OnLogin] WaittingTask Start
2022-11-11 19:58:15.930	- Info  -	Set auto_run : true
2022-11-11 19:58:15.934	- Info  -	[http call3] id:13, url:https://sl-log.oray.net/slclientlog, status code:200
2022-11-11 19:58:16.360	- Info  -	[OnLogin] WaittingTask end
2022-11-11 19:58:30.472	* Error *	SSLStream::IsWantReadWrite|peer(121.40.200.192:443), SSL_read failed( 6 ), error:00000000:lib(0):func(0):reason(0), file( ..\includes\common\phstream\SSLStream.cpp:1898 )
2022-11-11 19:58:30.472	- Info  -	[http call3] disconnect, error( 0 )
2022-11-11 19:58:45.936	* Error *	SSLStream::IsWantReadWrite|peer(47.97.186.100:443), SSL_read failed( 6 ), error:00000000:lib(0):func(0):reason(0), file( ..\includes\common\phstream\SSLStream.cpp:1898 )
2022-11-11 19:58:45.936	- Info  -	[http call3] disconnect, error( 0 )
2022-11-11 20:36:34.922	- Info  -	[ServiceEx] the service control is 13
2022-11-11 20:36:34.923	- Info  -	SERVICE_CONTROL_POWEREVENT************dwEventType:10
2022-11-11 21:31:32.911	- Info  -	[ServiceEx] the service control is 13
2022-11-11 21:31:32.912	- Info  -	SERVICE_CONTROL_POWEREVENT************dwEventType:4
2022-11-11 21:31:32.913	+Warning+	[service] power event, system is suspending.
2022-11-11 21:31:32.916	- Info  -	Logout ...
2022-11-11 21:31:32.916	- Info  -	[oray][erroCode] errorcode=oray_errorcode(0), product=0, type=0, inner code=0 [CMultiplexLogicStream::Disconnect_impl:121]
2022-11-11 21:31:32.916	- Info  -	[RemoteControl] disconnected server(81.69.153.131:443),error code:0
2022-11-11 21:31:32.918	* Error *	[online] online disconnected,error code:0
2022-11-11 21:31:32.918	- Info  -	[oray][erroCode] errorcode=errorcode(0), product=0, type=0, inner code=0 [COnlineHandler::OnDisconnect:86]
2022-11-11 21:31:32.918	- Info  -	[service] disconnected server(81.69.153.131:443),errorcode:0
2022-11-11 21:31:32.918	- Info  -	curStatus: 0, m_Status: 1
2022-11-11 21:31:32.918	- Info  -	[http call3] new call id:14, url:https://sl-log.oray.net/slclientlog
2022-11-11 21:31:32.918	- Info  -	Current client status: 0
2022-11-11 21:31:32.918	- Info  -	send status_changed notify 0
2022-11-11 21:31:32.918	- Info  -	[OnLogout start]
2022-11-11 21:31:32.919	- Info  -	[service] stop all projections
2022-11-11 21:31:32.919	- Info  -	[OnLogout end]
2022-11-11 21:31:32.926	- Info  -	[http call3] id:14 create new connection : https://sl-log.oray.net:443
2022-11-11 21:31:32.948	- Info  -	[MICRO LIVE] shell send close micro_live_plugin
2022-11-11 21:31:32.953	- Info  -	attempt to connect server sl-log.oray.net:443(120.26.160.74:443)
2022-11-11 21:31:33.158	- Info  -	[http call3] id:14, url:https://sl-log.oray.net/slclientlog, status code:200
2022-11-11 21:31:40.998	- Info  -	[ServiceEx] the service control is 13
2022-11-11 21:31:40.999	- Info  -	SERVICE_CONTROL_POWEREVENT************dwEventType:18
2022-11-11 21:31:41.999	+Warning+	[service] power event, system is resumed.
2022-11-11 21:31:42.940	- Info  -	[ServiceEx] the service control is 13
2022-11-11 21:31:42.940	- Info  -	SERVICE_CONTROL_POWEREVENT************dwEventType:7
2022-11-11 21:31:42.940	+Warning+	[service] power event, system is resumed.
2022-11-11 21:31:46.884	- Info  -	retry login now......
2022-11-11 21:31:46.885	- Info  -	Current client status: 2
2022-11-11 21:31:46.885	- Info  -	send status_changed notify 2
2022-11-11 21:31:46.886	- Info  -	Login task time 0
2022-11-11 21:31:46.888	- Info  -	[service] retry login by power event
2022-11-11 21:31:46.892	- Info  -	Do login( type: 2 ) at 379
2022-11-11 21:31:46.905	- Info  -	[http call3] new call id:15, url:https://slapi.oray.net/remote/get-fastcode
2022-11-11 21:31:46.917	- Info  -	[http call3] id:15 create new connection : https://slapi.oray.net:443
2022-11-11 21:31:46.920	* Error *	[oray][erroCode] errorcode=ORAY_ERROR_DOMAIN_RESOLVED_FAILED(57394), product=0, type=3, inner code=50 [CSockConnector::ConnectSock:229]
2022-11-11 21:31:49.761	- Info  -	[service] retry login by power event
2022-11-11 21:32:03.666	* Error *	SSLStream::IsWantReadWrite|peer(120.26.160.74:443), SSL_read failed( 6 ), error:00000000:lib(0):func(0):reason(0), file( ..\includes\common\phstream\SSLStream.cpp:1898 )
2022-11-11 21:32:03.667	- Info  -	[http call3] disconnect, error( 0 )
2022-11-11 21:32:16.923	- Info  -	[http call3] disconnect, error( 0 )
2022-11-11 21:32:16.925	- Info  -	[http call3] disconnect id:15, error( 0 )
2022-11-11 21:32:16.925	* Error *	GetFastcode failed! error:-1, msg:net error
2022-11-11 21:32:16.925	- Info  -	Current client status: 0
2022-11-11 21:32:16.925	- Info  -	send status_changed notify 0
2022-11-11 21:32:16.925	- Info  -	[OnLogout start]
2022-11-11 21:32:16.927	- Info  -	[service] stop all projections
2022-11-11 21:32:16.927	- Info  -	retry login now......
2022-11-11 21:32:16.928	- Info  -	Current client status: 2
2022-11-11 21:32:16.928	- Info  -	send status_changed notify 2
2022-11-11 21:32:16.929	- Info  -	Login task time 0
2022-11-11 21:32:16.931	- Info  -	[OnLogout end]
2022-11-11 21:32:16.934	- Info  -	Do login( type: 2 ) at 379
2022-11-11 21:32:16.935	- Info  -	[http call3] new call id:16, url:https://slapi.oray.net/remote/get-fastcode
2022-11-11 21:32:16.988	- Info  -	[http call3] id:16 create new connection : https://slapi.oray.net:443
2022-11-11 21:32:17.022	- Info  -	attempt to connect server slapi.oray.net:443(121.40.99.129:443)
2022-11-11 21:32:17.353	- Info  -	[http call3] id:16, url:https://slapi.oray.net/remote/get-fastcode, status code:200
2022-11-11 21:32:17.410	- Info  -	attempt to connect server rc10-fc10.oray.com:443(121.40.171.186:443)
2022-11-11 21:32:17.600	- Info  -	[service] attempted logon
2022-11-11 21:32:17.636	- Info  -	[service] logon server OK. public ip:183.217.165.179
2022-11-11 21:32:17.675	- Info  -	[online] attempted client online
2022-11-11 21:32:17.711	- Info  -	[online] client online OK.
2022-11-11 21:32:17.712	- Info  -	[online] received name:default , description:default .
2022-11-11 21:32:17.732	- Info  -	[service] attempted register client to server
2022-11-11 21:32:17.778	- Info  -	[service] registered client to server
2022-11-11 21:32:17.779	- Info  -	[http call3] new call id:17, url:https://sl-log.oray.net/slclientlog
2022-11-11 21:32:17.779	- Info  -	Current client status: 1
2022-11-11 21:32:17.779	- Info  -	send status_changed notify 1
2022-11-11 21:32:17.779	- Info  -	[http call3] id:17 create new connection : https://sl-log.oray.net:443
2022-11-11 21:32:17.802	- Info  -	attempt to connect server sl-log.oray.net:443(121.41.32.171:443)
2022-11-11 21:32:17.840	- Info  -	[discover] Client NotifyDiscover type=5
2022-11-11 21:32:17.869	- Info  -	[OnLogin start]
2022-11-11 21:32:17.876	- Info  -	[OnLogin end]
2022-11-11 21:32:17.891	- Info  -	[OnLogin] WaittingTask Start
2022-11-11 21:32:18.070	- Info  -	[http call3] id:17, url:https://sl-log.oray.net/slclientlog, status code:200
2022-11-11 21:32:18.420	- Info  -	Set auto_run : true
2022-11-11 21:32:18.861	- Info  -	[OnLogin] WaittingTask end
2022-11-11 21:32:32.339	* Error *	SSLStream::IsWantReadWrite|peer(121.40.99.129:443), SSL_read failed( 6 ), error:00000000:lib(0):func(0):reason(0), file( ..\includes\common\phstream\SSLStream.cpp:1898 )
2022-11-11 21:32:32.340	- Info  -	[http call3] disconnect, error( 0 )
2022-11-11 21:32:48.052	* Error *	SSLStream::IsWantReadWrite|peer(121.41.32.171:443), SSL_read failed( 6 ), error:00000000:lib(0):func(0):reason(0), file( ..\includes\common\phstream\SSLStream.cpp:1898 )
2022-11-11 21:32:48.052	- Info  -	[http call3] disconnect, error( 0 )
2022-11-11 21:51:48.183	+Warning+	[passive:keepalive:] 121.40.171.186:443 disconnect by keepalive timeout(107896578>=107776109+120000)
2022-11-11 21:51:48.184	+Warning+	[oray][erroCode] errorcode=ORAY_ERROR_PHSTREAM_KEEPALIVE_TIMEOUT(57351), product=0, type=3, inner code=7 [CPassiveKeepAliveHandler::Done:141]
2022-11-11 21:51:48.184	- Info  -	[oray][erroCode] errorcode=oray_errorcode(57351), product=0, type=3, inner code=7 [CMultiplexLogicStream::Disconnect_impl:121]
2022-11-11 21:51:48.184	* Error *	[online] online disconnected,error code:0
2022-11-11 21:51:48.184	- Info  -	[oray][erroCode] errorcode=errorcode(0), product=0, type=0, inner code=0 [COnlineHandler::OnDisconnect:86]
2022-11-11 21:51:48.184	- Info  -	[RemoteControl] disconnected server(121.40.171.186:443),error code:0
2022-11-11 21:51:48.184	- Info  -	[service] disconnected server(121.40.171.186:443),errorcode:0
2022-11-11 21:51:48.184	- Info  -	curStatus: 0, m_Status: 1
2022-11-11 21:51:48.185	- Info  -	[http call3] new call id:18, url:https://sl-log.oray.net/slclientlog
2022-11-11 21:51:48.185	- Info  -	Current client status: 0
2022-11-11 21:51:48.185	- Info  -	send status_changed notify 0
2022-11-11 21:51:48.185	- Info  -	[OnLogout start]
2022-11-11 21:51:48.198	- Info  -	[service] stop all projections
2022-11-11 21:51:48.198	- Info  -	retry login now......
2022-11-11 21:51:48.198	- Info  -	Current client status: 2
2022-11-11 21:51:48.198	- Info  -	send status_changed notify 2
2022-11-11 21:51:48.200	- Info  -	Login task time 0
2022-11-11 21:51:48.200	- Info  -	[OnLogout end]
2022-11-11 21:51:48.201	- Info  -	[http call3] id:18 create new connection : https://sl-log.oray.net:443
2022-11-11 21:51:48.202	* Error *	[oray][erroCode] errorcode=ORAY_ERROR_DOMAIN_RESOLVED_FAILED(57394), product=0, type=3, inner code=50 [CSockConnector::ConnectSock:229]
2022-11-11 21:51:48.213	- Info  -	Do login( type: 2 ) at 379
2022-11-11 21:51:48.214	- Info  -	[http call3] new call id:19, url:https://slapi.oray.net/remote/get-fastcode
2022-11-11 21:51:48.217	- Info  -	[http call3] id:19 create new connection : https://slapi.oray.net:443
2022-11-11 21:51:48.222	* Error *	[oray][erroCode] errorcode=ORAY_ERROR_DOMAIN_RESOLVED_FAILED(57394), product=0, type=3, inner code=50 [CSockConnector::ConnectSock:229]
2022-11-11 21:52:18.201	- Info  -	[http call3] disconnect, error( 0 )
2022-11-11 21:52:18.201	- Info  -	[http call3] disconnect id:18, error( 0 )
2022-11-11 21:52:18.216	- Info  -	[http call3] disconnect, error( 0 )
2022-11-11 21:52:18.216	- Info  -	[http call3] disconnect id:19, error( 0 )
2022-11-11 21:52:18.216	* Error *	GetFastcode failed! error:-1, msg:net error
2022-11-11 21:52:18.216	- Info  -	Current client status: 0
2022-11-11 21:52:18.217	- Info  -	send status_changed notify 0
2022-11-11 21:52:18.217	- Info  -	[OnLogout start]
2022-11-11 21:52:18.217	- Info  -	[service] stop all projections
2022-11-11 21:52:18.217	- Info  -	[OnLogout end]
2022-11-11 21:52:18.231	- Info  -	[MICRO LIVE] shell send close micro_live_plugin
2022-11-11 21:52:32.052	- Info  -	[ServiceEx] the service control is 13
2022-11-11 21:52:32.052	- Info  -	SERVICE_CONTROL_POWEREVENT************dwEventType:10
2022-11-11 21:53:22.204	- Info  -	[ServiceEx] the service control is 13
2022-11-11 21:53:22.205	- Info  -	SERVICE_CONTROL_POWEREVENT************dwEventType:4
2022-11-11 21:53:22.205	+Warning+	[service] power event, system is suspending.
2022-11-11 21:53:22.205	- Info  -	Logout ...
2022-11-11 21:53:23.448	- Info  -	[ServiceEx] the service control is 13
2022-11-11 21:53:23.449	- Info  -	SERVICE_CONTROL_POWEREVENT************dwEventType:10
2022-11-12 06:49:00.130	- Info  -	[ServiceEx] the service control is 13
2022-11-12 06:49:00.130	- Info  -	SERVICE_CONTROL_POWEREVENT************dwEventType:18
2022-11-12 06:49:00.130	+Warning+	[service] power event, system is resumed.
2022-11-12 06:49:05.464	- Info  -	[ServiceEx] the service control is 13
2022-11-12 06:49:05.464	- Info  -	SERVICE_CONTROL_POWEREVENT************dwEventType:7
2022-11-12 06:49:05.464	+Warning+	[service] power event, system is resumed.
2022-11-12 06:49:23.245	- Info  -	retry login now......
2022-11-12 06:49:23.246	- Info  -	Current client status: 2
2022-11-12 06:49:23.246	- Info  -	send status_changed notify 2
2022-11-12 06:49:23.246	- Info  -	Login task time 0
2022-11-12 06:49:23.246	- Info  -	[service] retry login by power event
2022-11-12 06:49:23.297	- Info  -	Do login( type: 2 ) at 379
2022-11-12 06:49:23.297	- Info  -	[http call3] new call id:20, url:https://slapi.oray.net/remote/get-fastcode
2022-11-12 06:49:23.385	- Info  -	[http call3] id:20 create new connection : https://slapi.oray.net:443
2022-11-12 06:49:23.507	* Error *	[oray][erroCode] errorcode=ORAY_ERROR_DOMAIN_RESOLVED_FAILED(57394), product=0, type=3, inner code=50 [CSockConnector::ConnectSock:229]
2022-11-12 06:49:29.057	- Info  -	[service] retry login by power event
2022-11-12 06:49:53.497	- Info  -	[http call3] disconnect, error( 0 )
2022-11-12 06:49:53.497	- Info  -	[http call3] disconnect id:20, error( 0 )
2022-11-12 06:49:53.497	* Error *	GetFastcode failed! error:-1, msg:net error
2022-11-12 06:49:53.497	- Info  -	Current client status: 0
2022-11-12 06:49:53.497	- Info  -	send status_changed notify 0
2022-11-12 06:49:53.497	- Info  -	[OnLogout start]
2022-11-12 06:49:53.498	- Info  -	[service] stop all projections
2022-11-12 06:49:53.498	- Info  -	[OnLogout end]
2022-11-12 06:49:53.515	- Info  -	[MICRO LIVE] shell send close micro_live_plugin
2022-11-12 06:50:05.683	- Info  -	[ServiceEx] the service control is 13
2022-11-12 06:50:05.683	- Info  -	SERVICE_CONTROL_POWEREVENT************dwEventType:4
2022-11-12 06:50:05.683	+Warning+	[service] power event, system is suspending.
2022-11-12 06:50:05.684	- Info  -	Logout ...
2022-11-12 09:10:39.027	- Info  -	[ServiceEx] the service control is 13
2022-11-12 09:10:39.027	- Info  -	SERVICE_CONTROL_POWEREVENT************dwEventType:10
2022-11-12 09:10:41.665	- Info  -	[ServiceEx] the service control is 13
2022-11-12 09:10:41.665	- Info  -	SERVICE_CONTROL_POWEREVENT************dwEventType:18
2022-11-12 09:10:41.665	+Warning+	[service] power event, system is resumed.
2022-11-12 09:10:42.302	- Info  -	[ServiceEx] the service control is 13
2022-11-12 09:10:42.303	- Info  -	SERVICE_CONTROL_POWEREVENT************dwEventType:7
2022-11-12 09:10:42.303	+Warning+	[service] power event, system is resumed.
2022-11-12 09:10:43.323	- Info  -	[ServiceEx] the service control is 13
2022-11-12 09:10:43.323	- Info  -	SERVICE_CONTROL_POWEREVENT************dwEventType:10
2022-11-12 09:10:46.960	- Info  -	retry login now......
2022-11-12 09:10:46.960	- Info  -	Current client status: 2
2022-11-12 09:10:46.960	- Info  -	send status_changed notify 2
2022-11-12 09:10:46.961	- Info  -	Login task time 0
2022-11-12 09:10:46.962	- Info  -	[service] retry login by power event
2022-11-12 09:10:47.020	- Info  -	Do login( type: 2 ) at 379
2022-11-12 09:10:47.020	- Info  -	[http call3] new call id:21, url:https://slapi.oray.net/remote/get-fastcode
2022-11-12 09:10:47.020	- Info  -	[http call3] id:21 create new connection : https://slapi.oray.net:443
2022-11-12 09:10:47.021	* Error *	[oray][erroCode] errorcode=ORAY_ERROR_DOMAIN_RESOLVED_FAILED(57394), product=0, type=3, inner code=50 [CSockConnector::ConnectSock:229]
2022-11-12 09:10:53.391	- Info  -	[service] retry login by power event
2022-11-12 09:11:17.207	- Info  -	[http call3] disconnect, error( 0 )
2022-11-12 09:11:17.207	- Info  -	[http call3] disconnect id:21, error( 0 )
2022-11-12 09:11:17.207	* Error *	GetFastcode failed! error:-1, msg:net error
2022-11-12 09:11:17.207	- Info  -	Current client status: 0
2022-11-12 09:11:17.207	- Info  -	send status_changed notify 0
2022-11-12 09:11:17.207	- Info  -	[OnLogout start]
2022-11-12 09:11:17.208	- Info  -	[service] stop all projections
2022-11-12 09:11:17.209	- Info  -	[OnLogout end]
2022-11-12 09:11:17.223	- Info  -	[MICRO LIVE] shell send close micro_live_plugin
2022-11-12 09:13:18.603	- Info  -	[localserver] Not use proxy
2022-11-12 09:13:18.603	- Info  -	retry login now......
2022-11-12 09:13:18.603	- Info  -	Current client status: 2
2022-11-12 09:13:18.603	- Info  -	send status_changed notify 2
2022-11-12 09:13:18.604	- Info  -	Login task time 0
2022-11-12 09:13:18.605	- Info  -	Do login( type: 2 ) at 379
2022-11-12 09:13:18.605	- Info  -	[http call3] new call id:22, url:https://slapi.oray.net/remote/get-fastcode
2022-11-12 09:13:18.623	- Info  -	[http call3] id:22 create new connection : https://slapi.oray.net:443
2022-11-12 09:13:18.649	- Info  -	attempt to connect server slapi.oray.net:443(121.40.200.192:443)
2022-11-12 09:13:18.908	- Info  -	[http call3] id:22, url:https://slapi.oray.net/remote/get-fastcode, status code:200
2022-11-12 09:13:18.924	- Info  -	attempt to connect server rc10-fc08.oray.com:443(42.192.63.173:443)
2022-11-12 09:13:19.059	- Info  -	[service] attempted logon
2022-11-12 09:13:19.137	- Info  -	[service] logon server OK. public ip:183.217.165.179
2022-11-12 09:13:19.160	- Info  -	[online] attempted client online
2022-11-12 09:13:19.200	- Info  -	[online] client online OK.
2022-11-12 09:13:19.200	- Info  -	[online] received name:default , description:default .
2022-11-12 09:13:19.215	- Info  -	[service] attempted register client to server
2022-11-12 09:13:19.262	- Info  -	[service] registered client to server
2022-11-12 09:13:19.263	- Info  -	[http call3] new call id:23, url:https://sl-log.oray.net/slclientlog
2022-11-12 09:13:19.263	- Info  -	Current client status: 1
2022-11-12 09:13:19.263	- Info  -	send status_changed notify 1
2022-11-12 09:13:19.298	- Info  -	[http call3] id:23 create new connection : https://sl-log.oray.net:443
2022-11-12 09:13:19.329	- Info  -	attempt to connect server sl-log.oray.net:443(120.26.160.74:443)
2022-11-12 09:13:19.332	- Info  -	[discover] Client NotifyDiscover type=5
2022-11-12 09:13:19.354	- Info  -	[OnLogin start]
2022-11-12 09:13:19.360	- Info  -	[OnLogin end]
2022-11-12 09:13:19.411	- Info  -	[OnLogin] WaittingTask Start
2022-11-12 09:13:19.572	- Info  -	[http call3] id:23, url:https://sl-log.oray.net/slclientlog, status code:200
2022-11-12 09:13:19.662	- Info  -	Set auto_run : true
2022-11-12 09:13:19.927	- Info  -	[OnLogin] WaittingTask end
2022-11-12 09:13:33.913	* Error *	SSLStream::IsWantReadWrite|peer(121.40.200.192:443), SSL_read failed( 6 ), error:00000000:lib(0):func(0):reason(0), file( ..\includes\common\phstream\SSLStream.cpp:1898 )
2022-11-12 09:13:33.914	- Info  -	[http call3] disconnect, error( 0 )
2022-11-12 09:13:49.577	* Error *	SSLStream::IsWantReadWrite|peer(120.26.160.74:443), SSL_read failed( 6 ), error:00000000:lib(0):func(0):reason(0), file( ..\includes\common\phstream\SSLStream.cpp:1898 )
2022-11-12 09:13:49.577	- Info  -	[http call3] disconnect, error( 0 )
2022-11-12 09:39:43.138	- Info  -	[ServiceEx] the service control is 13
2022-11-12 09:39:43.138	- Info  -	SERVICE_CONTROL_POWEREVENT************dwEventType:4
2022-11-12 09:39:43.138	+Warning+	[service] power event, system is suspending.
2022-11-12 09:39:43.140	- Info  -	Logout ...
2022-11-12 09:39:43.140	- Info  -	[oray][erroCode] errorcode=oray_errorcode(0), product=0, type=0, inner code=0 [CMultiplexLogicStream::Disconnect_impl:121]
2022-11-12 09:39:43.140	- Info  -	[RemoteControl] disconnected server(42.192.63.173:443),error code:0
2022-11-12 09:39:43.141	* Error *	[online] online disconnected,error code:0
2022-11-12 09:39:43.141	- Info  -	[oray][erroCode] errorcode=errorcode(0), product=0, type=0, inner code=0 [COnlineHandler::OnDisconnect:86]
2022-11-12 09:39:43.141	- Info  -	[service] disconnected server(42.192.63.173:443),errorcode:0
2022-11-12 09:39:43.141	- Info  -	curStatus: 0, m_Status: 1
2022-11-12 09:39:43.142	- Info  -	[http call3] new call id:24, url:https://sl-log.oray.net/slclientlog
2022-11-12 09:39:43.142	- Info  -	Current client status: 0
2022-11-12 09:39:43.142	- Info  -	send status_changed notify 0
2022-11-12 09:39:43.142	- Info  -	[OnLogout start]
2022-11-12 09:39:43.142	- Info  -	[service] stop all projections
2022-11-12 09:39:43.142	- Info  -	[OnLogout end]
2022-11-12 09:39:43.149	- Info  -	[http call3] id:24 create new connection : https://sl-log.oray.net:443
2022-11-12 09:39:43.152	- Info  -	[MICRO LIVE] shell send close micro_live_plugin
2022-11-12 09:39:43.201	- Info  -	attempt to connect server sl-log.oray.net:443(121.40.118.44:443)
2022-11-12 09:39:43.451	- Info  -	[http call3] id:24, url:https://sl-log.oray.net/slclientlog, status code:200
2022-11-12 09:40:06.643	- Info  -	[ServiceEx] the service control is 13
2022-11-12 09:40:06.643	- Info  -	SERVICE_CONTROL_POWEREVENT************dwEventType:18
2022-11-12 09:40:06.643	+Warning+	[service] power event, system is resumed.
2022-11-12 09:40:07.965	- Info  -	[ServiceEx] the service control is 13
2022-11-12 09:40:07.965	- Info  -	SERVICE_CONTROL_POWEREVENT************dwEventType:7
2022-11-12 09:40:07.965	+Warning+	[service] power event, system is resumed.
2022-11-12 09:40:10.143	- Info  -	retry login now......
2022-11-12 09:40:10.143	- Info  -	Current client status: 2
2022-11-12 09:40:10.143	- Info  -	send status_changed notify 2
2022-11-12 09:40:10.144	- Info  -	Login task time 0
2022-11-12 09:40:10.144	- Info  -	[service] retry login by power event
2022-11-12 09:40:10.145	- Info  -	Do login( type: 2 ) at 379
2022-11-12 09:40:10.145	- Info  -	[http call3] new call id:25, url:https://slapi.oray.net/remote/get-fastcode
2022-11-12 09:40:10.154	- Info  -	[http call3] id:25 create new connection : https://slapi.oray.net:443
2022-11-12 09:40:10.301	- Info  -	[service] retry login by power event
2022-11-12 09:40:10.308	- Info  -	attempt to connect server slapi.oray.net:443(121.40.99.129:443)
2022-11-12 09:40:11.042	- Info  -	[http call3] id:25, url:https://slapi.oray.net/remote/get-fastcode, status code:200
2022-11-12 09:40:11.286	- Info  -	attempt to connect server rc10-fc12.oray.com:443(47.111.1.108:443)
2022-11-12 09:40:11.752	- Info  -	[service] attempted logon
2022-11-12 09:40:11.791	- Info  -	[service] logon server OK. public ip:183.217.165.179
2022-11-12 09:40:11.821	- Info  -	[online] attempted client online
2022-11-12 09:40:11.863	- Info  -	[online] client online OK.
2022-11-12 09:40:11.864	- Info  -	[online] received name:default , description:default .
2022-11-12 09:40:11.880	- Info  -	[service] attempted register client to server
2022-11-12 09:40:11.910	- Info  -	[service] registered client to server
2022-11-12 09:40:11.910	- Info  -	[http call3] new call id:26, url:https://sl-log.oray.net/slclientlog
2022-11-12 09:40:11.911	- Info  -	Current client status: 1
2022-11-12 09:40:11.911	- Info  -	send status_changed notify 1
2022-11-12 09:40:11.925	- Info  -	[http call3] id:26 use old connection : https://sl-log.oray.net:443
2022-11-12 09:40:11.959	- Info  -	[http call3] id:26, url:https://sl-log.oray.net/slclientlog, status code:200
2022-11-12 09:40:11.964	- Info  -	[discover] Client NotifyDiscover type=5
2022-11-12 09:40:12.050	- Info  -	[OnLogin start]
2022-11-12 09:40:12.057	- Info  -	[OnLogin end]
2022-11-12 09:40:12.076	- Info  -	[OnLogin] WaittingTask Start
2022-11-12 09:40:12.355	- Info  -	Set auto_run : true
2022-11-12 09:40:12.983	- Info  -	[OnLogin] WaittingTask end
2022-11-12 09:40:26.048	* Error *	SSLStream::IsWantReadWrite|peer(121.40.99.129:443), SSL_read failed( 6 ), error:00000000:lib(0):func(0):reason(0), file( ..\includes\common\phstream\SSLStream.cpp:1898 )
2022-11-12 09:40:26.048	- Info  -	[http call3] disconnect, error( 0 )
2022-11-12 09:40:41.949	* Error *	SSLStream::IsWantReadWrite|peer(121.40.118.44:443), SSL_read failed( 6 ), error:00000000:lib(0):func(0):reason(0), file( ..\includes\common\phstream\SSLStream.cpp:1898 )
2022-11-12 09:40:41.949	- Info  -	[http call3] disconnect, error( 0 )
2022-11-12 09:40:44.427	- Info  -	[ServiceEx] the service control is 13
2022-11-12 09:40:44.427	- Info  -	SERVICE_CONTROL_POWEREVENT************dwEventType:4
2022-11-12 09:40:44.427	+Warning+	[service] power event, system is suspending.
2022-11-12 09:40:44.428	- Info  -	Logout ...
2022-11-12 09:40:44.428	- Info  -	[oray][erroCode] errorcode=oray_errorcode(0), product=0, type=0, inner code=0 [CMultiplexLogicStream::Disconnect_impl:121]
2022-11-12 09:40:44.428	- Info  -	[RemoteControl] disconnected server(47.111.1.108:443),error code:0
2022-11-12 09:40:44.428	* Error *	[online] online disconnected,error code:0
2022-11-12 09:40:44.428	- Info  -	[oray][erroCode] errorcode=errorcode(0), product=0, type=0, inner code=0 [COnlineHandler::OnDisconnect:86]
2022-11-12 09:40:44.428	- Info  -	[service] disconnected server(47.111.1.108:443),errorcode:0
2022-11-12 09:40:44.428	- Info  -	curStatus: 0, m_Status: 1
2022-11-12 09:40:44.428	- Info  -	[http call3] new call id:27, url:https://sl-log.oray.net/slclientlog
2022-11-12 09:40:44.428	- Info  -	Current client status: 0
2022-11-12 09:40:44.428	- Info  -	send status_changed notify 0
2022-11-12 09:40:44.428	- Info  -	[OnLogout start]
2022-11-12 09:40:44.429	- Info  -	[service] stop all projections
2022-11-12 09:40:44.429	- Info  -	[OnLogout end]
2022-11-12 09:40:44.435	- Info  -	[MICRO LIVE] shell send close micro_live_plugin
2022-11-12 09:40:44.453	- Info  -	[http call3] id:27 create new connection : https://sl-log.oray.net:443
2022-11-12 09:40:44.483	- Info  -	attempt to connect server sl-log.oray.net:443(47.97.186.100:443)
2022-11-12 09:40:44.678	- Info  -	[http call3] id:27, url:https://sl-log.oray.net/slclientlog, status code:200
2022-11-12 09:48:16.516	+Warning+	[passive:keepalive:] 47.97.186.100:443 disconnect by keepalive timeout(150886328>=150434484+30000)
2022-11-12 09:48:16.516	+Warning+	[oray][erroCode] errorcode=ORAY_ERROR_PHSTREAM_KEEPALIVE_TIMEOUT(57351), product=0, type=3, inner code=7 [CPassiveKeepAliveHandler::Done:141]
2022-11-12 09:48:16.516	- Info  -	[http call3] disconnect, error( 57351 )
2022-11-12 09:48:18.551	- Info  -	[ServiceEx] the service control is 13
2022-11-12 09:48:18.552	- Info  -	SERVICE_CONTROL_POWEREVENT************dwEventType:7
2022-11-12 09:48:18.552	+Warning+	[service] power event, system is resumed.
2022-11-12 09:48:20.780	- Info  -	[ServiceEx] the service control is 13
2022-11-12 09:48:20.780	- Info  -	SERVICE_CONTROL_POWEREVENT************dwEventType:18
2022-11-12 09:48:20.780	+Warning+	[service] power event, system is resumed.
2022-11-12 09:48:24.042	- Info  -	retry login now......
2022-11-12 09:48:24.042	- Info  -	Current client status: 2
2022-11-12 09:48:24.042	- Info  -	send status_changed notify 2
2022-11-12 09:48:24.044	- Info  -	Login task time 0
2022-11-12 09:48:24.044	- Info  -	[service] retry login by power event
2022-11-12 09:48:24.082	- Info  -	Do login( type: 2 ) at 379
2022-11-12 09:48:24.082	- Info  -	[http call3] new call id:28, url:https://slapi.oray.net/remote/get-fastcode
2022-11-12 09:48:24.084	- Info  -	[http call3] id:28 create new connection : https://slapi.oray.net:443
2022-11-12 09:48:24.176	- Info  -	[service] retry login by power event
2022-11-12 09:48:24.239	- Info  -	attempt to connect server slapi.oray.net:443(121.40.200.192:443)
2022-11-12 09:48:24.845	- Info  -	[http call3] id:28, url:https://slapi.oray.net/remote/get-fastcode, status code:200
2022-11-12 09:48:25.945	- Info  -	attempt to connect server rc10-fc01.oray.com:443(212.129.230.34:443)
2022-11-12 09:48:26.434	- Info  -	[service] attempted logon
2022-11-12 09:48:26.501	- Info  -	[service] logon server OK. public ip:183.217.165.179
2022-11-12 09:48:26.531	- Info  -	[online] attempted client online
2022-11-12 09:48:26.568	- Info  -	[online] client online OK.
2022-11-12 09:48:26.568	- Info  -	[online] received name:default , description:default .
2022-11-12 09:48:26.582	- Info  -	[service] attempted register client to server
2022-11-12 09:48:26.624	- Info  -	[service] registered client to server
2022-11-12 09:48:26.624	- Info  -	[http call3] new call id:29, url:https://sl-log.oray.net/slclientlog
2022-11-12 09:48:26.624	- Info  -	Current client status: 1
2022-11-12 09:48:26.624	- Info  -	send status_changed notify 1
2022-11-12 09:48:26.638	- Info  -	[http call3] id:29 create new connection : https://sl-log.oray.net:443
2022-11-12 09:48:26.672	- Info  -	[discover] Client NotifyDiscover type=5
2022-11-12 09:48:26.751	- Info  -	[OnLogin start]
2022-11-12 09:48:26.756	- Info  -	[OnLogin end]
2022-11-12 09:48:26.767	- Info  -	[OnLogin] WaittingTask Start
2022-11-12 09:48:27.215	- Info  -	Set auto_run : true
2022-11-12 09:48:27.303	- Info  -	attempt to connect server sl-log.oray.net:443(47.97.183.66:443)
2022-11-12 09:48:28.085	- Info  -	[http call3] id:29, url:https://sl-log.oray.net/slclientlog, status code:200
2022-11-12 09:48:29.180	- Info  -	[OnLogin] WaittingTask end
2022-11-12 09:48:39.846	* Error *	SSLStream::IsWantReadWrite|peer(121.40.200.192:443), SSL_read failed( 6 ), error:00000000:lib(0):func(0):reason(0), file( ..\includes\common\phstream\SSLStream.cpp:1898 )
2022-11-12 09:48:39.847	- Info  -	[http call3] disconnect, error( 0 )
2022-11-12 09:48:58.091	* Error *	SSLStream::IsWantReadWrite|peer(47.97.183.66:443), SSL_read failed( 6 ), error:00000000:lib(0):func(0):reason(0), file( ..\includes\common\phstream\SSLStream.cpp:1898 )
2022-11-12 09:48:58.091	- Info  -	[http call3] disconnect, error( 0 )
2022-11-12 09:49:51.539	- Info  -	[ServiceEx] the service control is 13
2022-11-12 09:49:51.539	- Info  -	SERVICE_CONTROL_POWEREVENT************dwEventType:4
2022-11-12 09:49:51.539	+Warning+	[service] power event, system is suspending.
2022-11-12 09:49:51.541	- Info  -	Logout ...
2022-11-12 09:49:51.541	- Info  -	[oray][erroCode] errorcode=oray_errorcode(0), product=0, type=0, inner code=0 [CMultiplexLogicStream::Disconnect_impl:121]
2022-11-12 09:49:51.541	- Info  -	[RemoteControl] disconnected server(212.129.230.34:443),error code:0
2022-11-12 09:49:51.542	* Error *	[online] online disconnected,error code:0
2022-11-12 09:49:51.542	- Info  -	[oray][erroCode] errorcode=errorcode(0), product=0, type=0, inner code=0 [COnlineHandler::OnDisconnect:86]
2022-11-12 09:49:51.542	- Info  -	[service] disconnected server(212.129.230.34:443),errorcode:0
2022-11-12 09:49:51.542	- Info  -	curStatus: 0, m_Status: 1
2022-11-12 09:49:51.542	- Info  -	[http call3] new call id:30, url:https://sl-log.oray.net/slclientlog
2022-11-12 09:49:51.542	- Info  -	Current client status: 0
2022-11-12 09:49:51.542	- Info  -	send status_changed notify 0
2022-11-12 09:49:51.542	- Info  -	[OnLogout start]
2022-11-12 09:49:51.543	- Info  -	[service] stop all projections
2022-11-12 09:49:51.543	- Info  -	[OnLogout end]
2022-11-12 09:49:51.550	- Info  -	[MICRO LIVE] shell send close micro_live_plugin
2022-11-12 09:49:51.565	- Info  -	[http call3] id:30 create new connection : https://sl-log.oray.net:443
2022-11-12 09:49:51.584	- Info  -	attempt to connect server sl-log.oray.net:443(121.199.72.21:443)
2022-11-12 09:49:51.791	- Info  -	[http call3] id:30, url:https://sl-log.oray.net/slclientlog, status code:200
2022-11-13 07:08:22.365	+Warning+	[passive:keepalive:] 121.199.72.21:443 disconnect by keepalive timeout(227692171>=150981609+30000)
2022-11-13 07:08:22.365	+Warning+	[oray][erroCode] errorcode=ORAY_ERROR_PHSTREAM_KEEPALIVE_TIMEOUT(57351), product=0, type=3, inner code=7 [CPassiveKeepAliveHandler::Done:141]
2022-11-13 07:08:22.365	- Info  -	[http call3] disconnect, error( 57351 )
2022-11-13 07:08:28.484	- Info  -	[ServiceEx] the service control is 13
2022-11-13 07:08:28.485	- Info  -	SERVICE_CONTROL_POWEREVENT************dwEventType:18
2022-11-13 07:08:28.485	+Warning+	[service] power event, system is resumed.
2022-11-13 07:08:36.968	- Info  -	[ServiceEx] the service control is 13
2022-11-13 07:08:36.968	- Info  -	SERVICE_CONTROL_POWEREVENT************dwEventType:7
2022-11-13 07:08:36.968	+Warning+	[service] power event, system is resumed.
2022-11-13 07:08:39.785	- Info  -	retry login now......
2022-11-13 07:08:39.785	- Info  -	Current client status: 2
2022-11-13 07:08:39.785	- Info  -	send status_changed notify 2
2022-11-13 07:08:39.802	- Info  -	Login task time 0
2022-11-13 07:08:39.802	- Info  -	[service] retry login by power event
2022-11-13 07:08:39.986	- Info  -	Do login( type: 2 ) at 379
2022-11-13 07:08:39.986	- Info  -	[http call3] new call id:31, url:https://slapi.oray.net/remote/get-fastcode
2022-11-13 07:08:39.991	- Info  -	[http call3] id:31 create new connection : https://slapi.oray.net:443
2022-11-13 07:08:40.266	* Error *	[oray][erroCode] errorcode=ORAY_ERROR_DOMAIN_RESOLVED_FAILED(57394), product=0, type=3, inner code=50 [CSockConnector::ConnectSock:229]
2022-11-13 07:08:45.337	- Info  -	[ServiceEx] the service control is 13
2022-11-13 07:08:45.337	- Info  -	SERVICE_CONTROL_POWEREVENT************dwEventType:10
2022-11-13 07:08:47.208	- Info  -	[service] retry login by power event
2022-11-13 07:09:10.352	- Info  -	[http call3] disconnect, error( 0 )
2022-11-13 07:09:10.352	- Info  -	[http call3] disconnect id:31, error( 0 )
2022-11-13 07:09:10.352	* Error *	GetFastcode failed! error:-1, msg:net error
2022-11-13 07:09:10.352	- Info  -	Current client status: 0
2022-11-13 07:09:10.352	- Info  -	send status_changed notify 0
2022-11-13 07:09:10.352	- Info  -	[OnLogout start]
2022-11-13 07:09:10.354	- Info  -	[service] stop all projections
2022-11-13 07:09:10.354	- Info  -	retry login now......
2022-11-13 07:09:10.354	- Info  -	Current client status: 2
2022-11-13 07:09:10.354	- Info  -	send status_changed notify 2
2022-11-13 07:09:10.354	- Info  -	Login task time 0
2022-11-13 07:09:10.355	- Info  -	[OnLogout end]
2022-11-13 07:09:10.465	- Info  -	Do login( type: 2 ) at 379
2022-11-13 07:09:10.465	- Info  -	[http call3] new call id:32, url:https://slapi.oray.net/remote/get-fastcode
2022-11-13 07:09:10.470	- Info  -	[http call3] id:32 create new connection : https://slapi.oray.net:443
2022-11-13 07:09:10.559	* Error *	[oray][erroCode] errorcode=ORAY_ERROR_DOMAIN_RESOLVED_FAILED(57394), product=0, type=3, inner code=50 [CSockConnector::ConnectSock:229]
2022-11-13 07:09:39.474	- Info  -	[http call3] disconnect, error( 0 )
2022-11-13 07:09:39.475	- Info  -	[http call3] disconnect id:32, error( 0 )
2022-11-13 07:09:39.475	* Error *	GetFastcode failed! error:-1, msg:net error
2022-11-13 07:09:39.475	- Info  -	Current client status: 0
2022-11-13 07:09:39.475	- Info  -	send status_changed notify 0
2022-11-13 07:09:39.475	- Info  -	[OnLogout start]
2022-11-13 07:09:39.476	- Info  -	[service] stop all projections
2022-11-13 07:09:39.476	- Info  -	[OnLogout end]
2022-11-13 07:09:39.522	- Info  -	[MICRO LIVE] shell send close micro_live_plugin
2022-11-13 07:11:46.524	- Info  -	[localserver] Not use proxy
2022-11-13 07:11:46.524	- Info  -	retry login now......
2022-11-13 07:11:46.524	- Info  -	Current client status: 2
2022-11-13 07:11:46.524	- Info  -	send status_changed notify 2
2022-11-13 07:11:46.525	- Info  -	Login task time 0
2022-11-13 07:11:46.526	- Info  -	Do login( type: 2 ) at 379
2022-11-13 07:11:46.527	- Info  -	[http call3] new call id:33, url:https://slapi.oray.net/remote/get-fastcode
2022-11-13 07:11:46.527	- Info  -	[http call3] id:33 create new connection : https://slapi.oray.net:443
2022-11-13 07:11:46.627	- Info  -	attempt to connect server slapi.oray.net:443(121.40.200.192:443)
2022-11-13 07:11:47.276	- Info  -	[http call3] id:33, url:https://slapi.oray.net/remote/get-fastcode, status code:200
2022-11-13 07:11:47.372	- Info  -	attempt to connect server rc10-fc02.oray.com:443(212.129.159.51:443)
2022-11-13 07:11:48.182	- Info  -	[service] attempted logon
2022-11-13 07:11:48.260	- Info  -	[service] logon server OK. public ip:183.217.165.179
2022-11-13 07:11:48.284	- Info  -	[online] attempted client online
2022-11-13 07:11:48.310	- Info  -	[online] client online OK.
2022-11-13 07:11:48.310	- Info  -	[online] received name:default , description:default .
2022-11-13 07:11:48.322	- Info  -	[service] attempted register client to server
2022-11-13 07:11:48.352	- Info  -	[service] registered client to server
2022-11-13 07:11:48.353	- Info  -	[http call3] new call id:34, url:https://sl-log.oray.net/slclientlog
2022-11-13 07:11:48.353	- Info  -	Current client status: 1
2022-11-13 07:11:48.353	- Info  -	send status_changed notify 1
2022-11-13 07:11:48.368	- Info  -	[http call3] id:34 create new connection : https://sl-log.oray.net:443
2022-11-13 07:11:48.394	- Info  -	[discover] Client NotifyDiscover type=5
2022-11-13 07:11:48.401	- Info  -	attempt to connect server sl-log.oray.net:443(120.26.160.74:443)
2022-11-13 07:11:48.535	- Info  -	[OnLogin start]
2022-11-13 07:11:48.538	- Info  -	[OnLogin end]
2022-11-13 07:11:48.579	- Info  -	[OnLogin] WaittingTask Start
2022-11-13 07:11:49.316	- Info  -	Set auto_run : true
2022-11-13 07:11:49.492	- Info  -	[http call3] id:34, url:https://sl-log.oray.net/slclientlog, status code:200
2022-11-13 07:11:50.553	- Info  -	[OnLogin] WaittingTask end
2022-11-13 07:12:02.265	* Error *	SSLStream::IsWantReadWrite|peer(121.40.200.192:443), SSL_read failed( 6 ), error:00000000:lib(0):func(0):reason(0), file( ..\includes\common\phstream\SSLStream.cpp:1898 )
2022-11-13 07:12:02.265	- Info  -	[http call3] disconnect, error( 0 )
2022-11-13 07:12:19.490	* Error *	SSLStream::IsWantReadWrite|peer(120.26.160.74:443), SSL_read failed( 6 ), error:00000000:lib(0):func(0):reason(0), file( ..\includes\common\phstream\SSLStream.cpp:1898 )
2022-11-13 07:12:19.490	- Info  -	[http call3] disconnect, error( 0 )
2022-11-13 07:29:13.690	- Info  -	[ServiceEx] the service control is 13
2022-11-13 07:29:13.691	- Info  -	SERVICE_CONTROL_POWEREVENT************dwEventType:10
2022-11-13 07:53:36.901	- Info  -	[ServiceEx] the service control is 13
2022-11-13 07:53:36.901	- Info  -	SERVICE_CONTROL_POWEREVENT************dwEventType:10
2022-11-13 08:13:01.685	- Info  -	[ServiceEx] the service control is 13
2022-11-13 08:13:01.685	- Info  -	SERVICE_CONTROL_POWEREVENT************dwEventType:4
2022-11-13 08:13:01.685	+Warning+	[service] power event, system is suspending.
2022-11-13 08:13:01.690	- Info  -	Logout ...
2022-11-13 08:13:01.690	- Info  -	[oray][erroCode] errorcode=oray_errorcode(0), product=0, type=0, inner code=0 [CMultiplexLogicStream::Disconnect_impl:121]
2022-11-13 08:13:01.690	- Info  -	[RemoteControl] disconnected server(212.129.159.51:443),error code:0
2022-11-13 08:13:01.691	* Error *	[online] online disconnected,error code:0
2022-11-13 08:13:01.691	- Info  -	[oray][erroCode] errorcode=errorcode(0), product=0, type=0, inner code=0 [COnlineHandler::OnDisconnect:86]
2022-11-13 08:13:01.691	- Info  -	[service] disconnected server(212.129.159.51:443),errorcode:0
2022-11-13 08:13:01.691	- Info  -	curStatus: 0, m_Status: 1
2022-11-13 08:13:01.691	- Info  -	[http call3] new call id:35, url:https://sl-log.oray.net/slclientlog
2022-11-13 08:13:01.692	- Info  -	Current client status: 0
2022-11-13 08:13:01.692	- Info  -	send status_changed notify 0
2022-11-13 08:13:01.692	- Info  -	[OnLogout start]
2022-11-13 08:13:01.693	- Info  -	[service] stop all projections
2022-11-13 08:13:01.693	- Info  -	[OnLogout end]
2022-11-13 08:13:01.711	- Info  -	[http call3] id:35 create new connection : https://sl-log.oray.net:443
2022-11-13 08:13:01.726	- Info  -	[MICRO LIVE] shell send close micro_live_plugin
2022-11-13 08:13:01.740	- Info  -	attempt to connect server sl-log.oray.net:443(121.41.32.171:443)
2022-11-13 08:13:01.895	- Info  -	[http call3] id:35, url:https://sl-log.oray.net/slclientlog, status code:200
2022-11-13 08:13:08.606	- Info  -	[ServiceEx] the service control is 13
2022-11-13 08:13:08.606	- Info  -	SERVICE_CONTROL_POWEREVENT************dwEventType:7
2022-11-13 08:13:08.606	+Warning+	[service] power event, system is resumed.
2022-11-13 08:13:09.811	- Info  -	[ServiceEx] the service control is 13
2022-11-13 08:13:09.812	- Info  -	SERVICE_CONTROL_POWEREVENT************dwEventType:18
2022-11-13 08:13:09.816	+Warning+	[service] power event, system is resumed.
2022-11-13 08:13:14.194	- Info  -	retry login now......
2022-11-13 08:13:14.195	- Info  -	Current client status: 2
2022-11-13 08:13:14.195	- Info  -	send status_changed notify 2
2022-11-13 08:13:14.196	- Info  -	Login task time 0
2022-11-13 08:13:14.196	- Info  -	[service] retry login by power event
2022-11-13 08:13:14.318	- Info  -	Do login( type: 2 ) at 379
2022-11-13 08:13:14.318	- Info  -	[http call3] new call id:36, url:https://slapi.oray.net/remote/get-fastcode
2022-11-13 08:13:14.327	- Info  -	[http call3] id:36 create new connection : https://slapi.oray.net:443
2022-11-13 08:13:15.495	* Error *	[oray][erroCode] errorcode=ORAY_ERROR_DOMAIN_RESOLVED_FAILED(57394), product=0, type=3, inner code=50 [CSockConnector::ConnectSock:229]
2022-11-13 08:13:17.588	- Info  -	[service] retry login by power event
2022-11-13 08:13:31.642	* Error *	SSLStream::IsWantReadWrite|peer(121.41.32.171:443), SSL_read failed( 6 ), error:00000000:lib(0):func(0):reason(0), file( ..\includes\common\phstream\SSLStream.cpp:1898 )
2022-11-13 08:13:31.643	- Info  -	[http call3] disconnect, error( 0 )
2022-11-13 08:13:45.487	- Info  -	[http call3] disconnect, error( 0 )
2022-11-13 08:13:45.487	- Info  -	[http call3] disconnect id:36, error( 0 )
2022-11-13 08:13:45.489	* Error *	GetFastcode failed! error:-1, msg:net error
2022-11-13 08:13:45.489	- Info  -	Current client status: 0
2022-11-13 08:13:45.489	- Info  -	send status_changed notify 0
2022-11-13 08:13:45.489	- Info  -	[OnLogout start]
2022-11-13 08:13:45.498	- Info  -	[service] stop all projections
2022-11-13 08:13:45.498	- Info  -	retry login now......
2022-11-13 08:13:45.498	- Info  -	Current client status: 2
2022-11-13 08:13:45.498	- Info  -	send status_changed notify 2
2022-11-13 08:13:45.501	- Info  -	Login task time 0
2022-11-13 08:13:45.501	- Info  -	[OnLogout end]
2022-11-13 08:13:45.502	- Info  -	Do login( type: 2 ) at 379
2022-11-13 08:13:45.502	- Info  -	[http call3] new call id:37, url:https://slapi.oray.net/remote/get-fastcode
2022-11-13 08:13:45.517	- Info  -	[http call3] id:37 create new connection : https://slapi.oray.net:443
2022-11-13 08:13:45.549	- Info  -	attempt to connect server slapi.oray.net:443(121.40.99.129:443)
2022-11-13 08:13:45.839	- Info  -	[http call3] id:37, url:https://slapi.oray.net/remote/get-fastcode, status code:200
2022-11-13 08:13:45.868	- Info  -	attempt to connect server rc10-fc12.oray.com:443(47.111.1.108:443)
2022-11-13 08:13:45.988	- Info  -	[service] attempted logon
2022-11-13 08:13:46.028	- Info  -	[service] logon server OK. public ip:183.217.165.179
2022-11-13 08:13:46.052	- Info  -	[online] attempted client online
2022-11-13 08:13:46.082	- Info  -	[online] client online OK.
2022-11-13 08:13:46.083	- Info  -	[online] received name:default , description:default .
2022-11-13 08:13:46.097	- Info  -	[service] attempted register client to server
2022-11-13 08:13:46.123	- Info  -	[service] registered client to server
2022-11-13 08:13:46.124	- Info  -	[http call3] new call id:38, url:https://sl-log.oray.net/slclientlog
2022-11-13 08:13:46.124	- Info  -	Current client status: 1
2022-11-13 08:13:46.124	- Info  -	send status_changed notify 1
2022-11-13 08:13:46.133	- Info  -	[http call3] id:38 create new connection : https://sl-log.oray.net:443
2022-11-13 08:13:46.135	- Info  -	attempt to connect server sl-log.oray.net:443(121.41.32.171:443)
2022-11-13 08:13:46.173	- Info  -	[discover] Client NotifyDiscover type=5
2022-11-13 08:13:46.186	- Info  -	[OnLogin start]
2022-11-13 08:13:46.222	- Info  -	[OnLogin end]
2022-11-13 08:13:46.225	- Info  -	[OnLogin] WaittingTask Start
2022-11-13 08:13:46.422	- Info  -	[http call3] id:38, url:https://sl-log.oray.net/slclientlog, status code:200
2022-11-13 08:13:46.497	- Info  -	Set auto_run : true
2022-11-13 08:13:46.850	- Info  -	[OnLogin] WaittingTask end
2022-11-13 08:14:00.839	* Error *	SSLStream::IsWantReadWrite|peer(121.40.99.129:443), SSL_read failed( 6 ), error:00000000:lib(0):func(0):reason(0), file( ..\includes\common\phstream\SSLStream.cpp:1898 )
2022-11-13 08:14:00.839	- Info  -	[http call3] disconnect, error( 0 )
2022-11-13 08:14:16.431	* Error *	SSLStream::IsWantReadWrite|peer(121.41.32.171:443), SSL_read failed( 6 ), error:00000000:lib(0):func(0):reason(0), file( ..\includes\common\phstream\SSLStream.cpp:1898 )
2022-11-13 08:14:16.432	- Info  -	[http call3] disconnect, error( 0 )
2022-11-13 09:10:21.852	- Info  -	[ServiceEx] the service control is 13
2022-11-13 09:10:21.852	- Info  -	SERVICE_CONTROL_POWEREVENT************dwEventType:4
2022-11-13 09:10:21.852	+Warning+	[service] power event, system is suspending.
2022-11-13 09:10:21.853	- Info  -	Logout ...
2022-11-13 09:10:21.853	- Info  -	[oray][erroCode] errorcode=oray_errorcode(0), product=0, type=0, inner code=0 [CMultiplexLogicStream::Disconnect_impl:121]
2022-11-13 09:10:21.853	- Info  -	[RemoteControl] disconnected server(47.111.1.108:443),error code:0
2022-11-13 09:10:21.854	* Error *	[online] online disconnected,error code:0
2022-11-13 09:10:21.854	- Info  -	[oray][erroCode] errorcode=errorcode(0), product=0, type=0, inner code=0 [COnlineHandler::OnDisconnect:86]
2022-11-13 09:10:21.854	- Info  -	[service] disconnected server(47.111.1.108:443),errorcode:0
2022-11-13 09:10:21.854	- Info  -	curStatus: 0, m_Status: 1
2022-11-13 09:10:21.854	- Info  -	[http call3] new call id:39, url:https://sl-log.oray.net/slclientlog
2022-11-13 09:10:21.854	- Info  -	Current client status: 0
2022-11-13 09:10:21.854	- Info  -	send status_changed notify 0
2022-11-13 09:10:21.854	- Info  -	[OnLogout start]
2022-11-13 09:10:21.855	- Info  -	[service] stop all projections
2022-11-13 09:10:21.855	- Info  -	[OnLogout end]
2022-11-13 09:10:21.862	- Info  -	[http call3] id:39 create new connection : https://sl-log.oray.net:443
2022-11-13 09:10:21.866	- Info  -	[MICRO LIVE] shell send close micro_live_plugin
2022-11-13 09:10:21.900	- Info  -	attempt to connect server sl-log.oray.net:443(47.97.162.230:443)
2022-11-13 09:10:22.195	- Info  -	[http call3] id:39, url:https://sl-log.oray.net/slclientlog, status code:200
2022-11-13 10:52:53.517	+Warning+	[passive:keepalive:] 47.97.162.230:443 disconnect by keepalive timeout(241164437>=235013109+30000)
2022-11-13 10:52:53.517	+Warning+	[oray][erroCode] errorcode=ORAY_ERROR_PHSTREAM_KEEPALIVE_TIMEOUT(57351), product=0, type=3, inner code=7 [CPassiveKeepAliveHandler::Done:141]
2022-11-13 10:52:53.518	- Info  -	[http call3] disconnect, error( 57351 )
2022-11-13 10:52:58.376	- Info  -	[ServiceEx] the service control is 13
2022-11-13 10:52:58.377	- Info  -	SERVICE_CONTROL_POWEREVENT************dwEventType:18
2022-11-13 10:52:58.377	+Warning+	[service] power event, system is resumed.
2022-11-13 10:53:04.769	- Info  -	[ServiceEx] the service control is 13
2022-11-13 10:53:04.769	- Info  -	SERVICE_CONTROL_POWEREVENT************dwEventType:7
2022-11-13 10:53:04.769	+Warning+	[service] power event, system is resumed.
2022-11-13 10:53:06.352	- Info  -	retry login now......
2022-11-13 10:53:06.352	- Info  -	Current client status: 2
2022-11-13 10:53:06.352	- Info  -	send status_changed notify 2
2022-11-13 10:53:06.353	- Info  -	Login task time 0
2022-11-13 10:53:06.353	- Info  -	[service] retry login by power event
2022-11-13 10:53:06.391	- Info  -	Do login( type: 2 ) at 379
2022-11-13 10:53:06.391	- Info  -	[http call3] new call id:40, url:https://slapi.oray.net/remote/get-fastcode
2022-11-13 10:53:06.401	- Info  -	[http call3] id:40 create new connection : https://slapi.oray.net:443
2022-11-13 10:53:06.566	* Error *	[oray][erroCode] errorcode=ORAY_ERROR_DOMAIN_RESOLVED_FAILED(57394), product=0, type=3, inner code=50 [CSockConnector::ConnectSock:229]
2022-11-13 10:53:12.470	- Info  -	[service] retry login by power event
2022-11-13 10:53:36.579	- Info  -	[http call3] disconnect, error( 0 )
2022-11-13 10:53:36.579	- Info  -	[http call3] disconnect id:40, error( 0 )
2022-11-13 10:53:36.579	* Error *	GetFastcode failed! error:-1, msg:net error
2022-11-13 10:53:36.579	- Info  -	Current client status: 0
2022-11-13 10:53:36.579	- Info  -	send status_changed notify 0
2022-11-13 10:53:36.579	- Info  -	[OnLogout start]
2022-11-13 10:53:36.580	- Info  -	[service] stop all projections
2022-11-13 10:53:36.580	- Info  -	retry login now......
2022-11-13 10:53:36.580	- Info  -	Current client status: 2
2022-11-13 10:53:36.580	- Info  -	send status_changed notify 2
2022-11-13 10:53:36.581	- Info  -	Login task time 0
2022-11-13 10:53:36.581	- Info  -	[OnLogout end]
2022-11-13 10:53:36.592	- Info  -	Do login( type: 2 ) at 379
2022-11-13 10:53:36.592	- Info  -	[http call3] new call id:41, url:https://slapi.oray.net/remote/get-fastcode
2022-11-13 10:53:36.592	- Info  -	[http call3] id:41 create new connection : https://slapi.oray.net:443
2022-11-13 10:53:36.630	- Info  -	attempt to connect server slapi.oray.net:443(121.40.200.192:443)
2022-11-13 10:53:36.861	- Info  -	[http call3] id:41, url:https://slapi.oray.net/remote/get-fastcode, status code:200
2022-11-13 10:53:37.422	- Info  -	attempt to connect server rc10-fc13.oray.com:443(121.40.51.117:443)
2022-11-13 10:53:38.243	- Info  -	[service] attempted logon
2022-11-13 10:53:38.304	- Info  -	[service] logon server OK. public ip:183.217.165.179
2022-11-13 10:53:38.335	- Info  -	[online] attempted client online
2022-11-13 10:53:38.368	- Info  -	[online] client online OK.
2022-11-13 10:53:38.369	- Info  -	[online] received name:default , description:default .
2022-11-13 10:53:38.381	- Info  -	[service] attempted register client to server
2022-11-13 10:53:38.415	- Info  -	[service] registered client to server
2022-11-13 10:53:38.416	- Info  -	[http call3] new call id:42, url:https://sl-log.oray.net/slclientlog
2022-11-13 10:53:38.416	- Info  -	Current client status: 1
2022-11-13 10:53:38.416	- Info  -	send status_changed notify 1
2022-11-13 10:53:38.432	- Info  -	[http call3] id:42 create new connection : https://sl-log.oray.net:443
2022-11-13 10:53:38.456	- Info  -	[discover] Client NotifyDiscover type=5
2022-11-13 10:53:38.561	- Info  -	[OnLogin start]
2022-11-13 10:53:38.566	- Info  -	[OnLogin end]
2022-11-13 10:53:38.648	- Info  -	[OnLogin] WaittingTask Start
2022-11-13 10:53:39.080	- Info  -	attempt to connect server sl-log.oray.net:443(47.97.162.230:443)
2022-11-13 10:53:39.383	- Info  -	[http call3] id:42, url:https://sl-log.oray.net/slclientlog, status code:200
2022-11-13 10:53:39.429	- Info  -	Set auto_run : true
2022-11-13 10:53:39.781	- Info  -	[OnLogin] WaittingTask end
2022-11-13 10:53:51.847	* Error *	SSLStream::IsWantReadWrite|peer(121.40.200.192:443), SSL_read failed( 6 ), error:00000000:lib(0):func(0):reason(0), file( ..\includes\common\phstream\SSLStream.cpp:1898 )
2022-11-13 10:53:51.847	- Info  -	[http call3] disconnect, error( 0 )
2022-11-13 10:54:09.465	* Error *	SSLStream::IsWantReadWrite|peer(47.97.162.230:443), SSL_read failed( 6 ), error:00000000:lib(0):func(0):reason(0), file( ..\includes\common\phstream\SSLStream.cpp:1898 )
2022-11-13 10:54:09.465	- Info  -	[http call3] disconnect, error( 0 )
2022-11-13 10:57:23.545	- Info  -	[ServiceEx] the service control is 13
2022-11-13 10:57:23.546	- Info  -	SERVICE_CONTROL_POWEREVENT************dwEventType:4
2022-11-13 10:57:23.546	+Warning+	[service] power event, system is suspending.
2022-11-13 10:57:23.546	- Info  -	Logout ...
2022-11-13 10:57:23.546	- Info  -	[oray][erroCode] errorcode=oray_errorcode(0), product=0, type=0, inner code=0 [CMultiplexLogicStream::Disconnect_impl:121]
2022-11-13 10:57:23.546	- Info  -	[RemoteControl] disconnected server(121.40.51.117:443),error code:0
2022-11-13 10:57:23.547	* Error *	[online] online disconnected,error code:0
2022-11-13 10:57:23.547	- Info  -	[oray][erroCode] errorcode=errorcode(0), product=0, type=0, inner code=0 [COnlineHandler::OnDisconnect:86]
2022-11-13 10:57:23.547	- Info  -	[service] disconnected server(121.40.51.117:443),errorcode:0
2022-11-13 10:57:23.547	- Info  -	curStatus: 0, m_Status: 1
2022-11-13 10:57:23.547	- Info  -	[http call3] new call id:43, url:https://sl-log.oray.net/slclientlog
2022-11-13 10:57:23.547	- Info  -	Current client status: 0
2022-11-13 10:57:23.547	- Info  -	send status_changed notify 0
2022-11-13 10:57:23.547	- Info  -	[OnLogout start]
2022-11-13 10:57:23.548	- Info  -	[service] stop all projections
2022-11-13 10:57:23.548	- Info  -	[OnLogout end]
2022-11-13 10:57:23.554	- Info  -	[MICRO LIVE] shell send close micro_live_plugin
2022-11-13 10:57:23.569	- Info  -	[http call3] id:43 create new connection : https://sl-log.oray.net:443
2022-11-13 10:57:23.613	- Info  -	attempt to connect server sl-log.oray.net:443(120.26.160.74:443)
2022-11-13 10:57:23.749	- Info  -	[http call3] id:43, url:https://sl-log.oray.net/slclientlog, status code:200
2022-11-13 11:19:04.533	+Warning+	[passive:keepalive:] 120.26.160.74:443 disconnect by keepalive timeout(242735453>=241434671+30000)
2022-11-13 11:19:04.533	+Warning+	[oray][erroCode] errorcode=ORAY_ERROR_PHSTREAM_KEEPALIVE_TIMEOUT(57351), product=0, type=3, inner code=7 [CPassiveKeepAliveHandler::Done:141]
2022-11-13 11:19:04.534	- Info  -	[http call3] disconnect, error( 57351 )
2022-11-13 11:19:06.664	- Info  -	[ServiceEx] the service control is 13
2022-11-13 11:19:06.665	- Info  -	SERVICE_CONTROL_POWEREVENT************dwEventType:7
2022-11-13 11:19:06.665	+Warning+	[service] power event, system is resumed.
2022-11-13 11:19:10.391	- Info  -	[ServiceEx] the service control is 13
2022-11-13 11:19:10.391	- Info  -	SERVICE_CONTROL_POWEREVENT************dwEventType:18
2022-11-13 11:19:10.391	+Warning+	[service] power event, system is resumed.
2022-11-13 11:19:12.355	- Info  -	retry login now......
2022-11-13 11:19:12.355	- Info  -	Current client status: 2
2022-11-13 11:19:12.355	- Info  -	send status_changed notify 2
2022-11-13 11:19:12.358	- Info  -	Login task time 0
2022-11-13 11:19:12.358	- Info  -	[service] retry login by power event
2022-11-13 11:19:12.380	- Info  -	Do login( type: 2 ) at 379
2022-11-13 11:19:12.380	- Info  -	[http call3] new call id:44, url:https://slapi.oray.net/remote/get-fastcode
2022-11-13 11:19:12.386	- Info  -	[http call3] id:44 create new connection : https://slapi.oray.net:443
2022-11-13 11:19:12.387	* Error *	[oray][erroCode] errorcode=ORAY_ERROR_DOMAIN_RESOLVED_FAILED(57394), product=0, type=3, inner code=50 [CSockConnector::ConnectSock:229]
2022-11-13 11:19:14.945	- Info  -	[service] retry login by power event
2022-11-13 11:19:42.386	- Info  -	[http call3] disconnect, error( 0 )
2022-11-13 11:19:42.386	- Info  -	[http call3] disconnect id:44, error( 0 )
2022-11-13 11:19:42.386	* Error *	GetFastcode failed! error:-1, msg:net error
2022-11-13 11:19:42.386	- Info  -	Current client status: 0
2022-11-13 11:19:42.387	- Info  -	send status_changed notify 0
2022-11-13 11:19:42.387	- Info  -	[OnLogout start]
2022-11-13 11:19:42.387	- Info  -	[service] stop all projections
2022-11-13 11:19:42.387	- Info  -	retry login now......
2022-11-13 11:19:42.387	- Info  -	Current client status: 2
2022-11-13 11:19:42.387	- Info  -	send status_changed notify 2
2022-11-13 11:19:42.388	- Info  -	Login task time 0
2022-11-13 11:19:42.388	- Info  -	[OnLogout end]
2022-11-13 11:19:42.402	- Info  -	Do login( type: 2 ) at 379
2022-11-13 11:19:42.402	- Info  -	[http call3] new call id:45, url:https://slapi.oray.net/remote/get-fastcode
2022-11-13 11:19:42.404	- Info  -	[http call3] id:45 create new connection : https://slapi.oray.net:443
2022-11-13 11:19:42.412	- Info  -	attempt to connect server slapi.oray.net:443(121.40.99.129:443)
2022-11-13 11:19:42.637	- Info  -	[http call3] id:45, url:https://slapi.oray.net/remote/get-fastcode, status code:200
2022-11-13 11:19:42.657	- Info  -	attempt to connect server rc10-fc08.oray.com:443(42.192.63.173:443)
2022-11-13 11:19:42.753	- Info  -	[service] attempted logon
2022-11-13 11:19:42.868	- Info  -	[service] logon server OK. public ip:183.217.165.179
2022-11-13 11:19:42.893	- Info  -	[online] attempted client online
2022-11-13 11:19:42.921	- Info  -	[online] client online OK.
2022-11-13 11:19:42.922	- Info  -	[online] received name:default , description:default .
2022-11-13 11:19:42.936	- Info  -	[service] attempted register client to server
2022-11-13 11:19:42.962	- Info  -	[service] registered client to server
2022-11-13 11:19:42.963	- Info  -	[http call3] new call id:46, url:https://sl-log.oray.net/slclientlog
2022-11-13 11:19:42.963	- Info  -	Current client status: 1
2022-11-13 11:19:42.963	- Info  -	send status_changed notify 1
2022-11-13 11:19:42.969	- Info  -	[http call3] id:46 create new connection : https://sl-log.oray.net:443
2022-11-13 11:19:42.985	- Info  -	attempt to connect server sl-log.oray.net:443(121.40.118.44:443)
2022-11-13 11:19:43.009	- Info  -	[discover] Client NotifyDiscover type=5
2022-11-13 11:19:43.022	- Info  -	[OnLogin start]
2022-11-13 11:19:43.026	- Info  -	[OnLogin end]
2022-11-13 11:19:43.054	- Info  -	[OnLogin] WaittingTask Start
2022-11-13 11:19:43.166	- Info  -	[http call3] id:46, url:https://sl-log.oray.net/slclientlog, status code:200
2022-11-13 11:19:43.194	- Info  -	Set auto_run : true
2022-11-13 11:19:43.735	- Info  -	[OnLogin] WaittingTask end
2022-11-13 11:19:57.632	* Error *	SSLStream::IsWantReadWrite|peer(121.40.99.129:443), SSL_read failed( 6 ), error:00000000:lib(0):func(0):reason(0), file( ..\includes\common\phstream\SSLStream.cpp:1898 )
2022-11-13 11:19:57.633	- Info  -	[http call3] disconnect, error( 0 )
2022-11-13 11:20:13.167	* Error *	SSLStream::IsWantReadWrite|peer(121.40.118.44:443), SSL_read failed( 6 ), error:00000000:lib(0):func(0):reason(0), file( ..\includes\common\phstream\SSLStream.cpp:1898 )
2022-11-13 11:20:13.167	- Info  -	[http call3] disconnect, error( 0 )
