2023-04-06 15:52:40.655	- Info  -	version:3.2.1.40406
2023-04-06 15:52:40.656	- Info  -	[clipboard][client] current session id 1, ProcessID 15576

2023-04-06 15:52:40.658	- Info  -	attempt to connect server 127.0.0.1:50135(127.0.0.1:50135)
2023-04-06 15:52:40.659	- Info  -	[clipboard][DesktopAgentClient] connect DesktopServer ok.
2023-04-06 15:52:40.663	- Info  -	[clipboard][client::handler] connected sid(0), thread(8068)
2023-04-06 15:52:40.664	- Info  -	[clipboard] start clipboard...
2023-04-06 15:52:40.714	- Info  -	[clipboard][converter] html format 49319
2023-04-06 15:52:40.723	- Info  -	[clipboard][converter] rtf format 49356
2023-04-06 15:52:40.723	- Info  -	[clipboard] start clipboard ok.
2023-04-06 15:52:40.723	- Info  -	[clipboard] stop clipboard...
2023-04-06 15:52:40.743	- Info  -	[clipboard] call CClipboardViewer::DestroyWnd at 190
2023-04-06 15:52:40.743	- Info  -	[clipboard] recv WM_CLOSE, end thread.
2023-04-06 15:52:40.745	- Info  -	[clipboard] Stop Clipboard ok
2023-04-06 15:52:41.134	- Info  -	[clipboard] start clipboard...
2023-04-06 15:52:41.215	- Info  -	[clipboard][converter] html format 49319
2023-04-06 15:52:41.215	- Info  -	[clipboard][converter] rtf format 49356
2023-04-06 15:52:41.215	- Info  -	[clipboard] start clipboard ok.
2023-04-06 15:52:41.216	- Info  -	[clipboard] recv thread end(2).
2023-04-06 15:52:43.396	- Info  -	CClipboardRaw::OnReceiveQueryVersionRes 2
2023-04-06 15:52:43.396	- Info  -	CClipboardRaw::OnReceiveQueryVersionRes 2
2023-04-06 15:52:43.397	- Info  -	CClipboardRaw::OnReceiveQueryVersionReq 2
2023-04-06 15:52:46.886	- Info  -	[clipboard] CClipboardViewer::OnClipboardUpdate
2023-04-06 15:52:46.887	- Info  -	[clipboard] push format(2) 49319
2023-04-06 15:52:46.888	- Info  -	[clipboard] push format(2) 13
2023-04-06 15:52:46.888	- Info  -	[clipboard] push format(2) 1
2023-04-06 15:52:46.888	- Info  -	[clipboard] CClipboardViewer::OnClipboardUpdate
2023-04-06 15:52:46.888	- Info  -	[clipboard] push format(2) 49319
2023-04-06 15:52:46.888	- Info  -	[clipboard] push format(2) 13
2023-04-06 15:52:46.888	- Info  -	[clipboard] push format(2) 1
2023-04-06 15:52:46.888	- Info  -	[clipboard] CClipboardViewer::OnClipboardUpdate
2023-04-06 15:52:46.888	- Info  -	[clipboard] push format(2) 49319
2023-04-06 15:52:46.888	- Info  -	[clipboard] push format(2) 13
2023-04-06 15:52:46.888	- Info  -	[clipboard] push format(2) 1
2023-04-06 15:52:47.459	- Info  -	[clipboard] send clip data, src size 164, encode size 164 at CClipboardRaw::SendClipDataOray:1310
2023-04-06 15:52:47.459	- Info  -	[clipboard] get buffer, current size: 164, remaining size0: 0 , total size: 164, at time: 1463548000
2023-04-06 16:10:02.929	- Info  -	[clipboard][client::handler] disconnected
2023-04-06 16:10:02.930	- Info  -	[clipboard] stop clipboard...
2023-04-06 16:10:02.930	- Info  -	[clipboard] call CClipboardViewer::DestroyWnd at 190
2023-04-06 16:10:02.930	- Info  -	[clipboard] recv WM_CLOSE, end thread.
2023-04-06 16:10:02.932	- Info  -	[clipboard] Stop Clipboard ok
2023-04-06 16:10:02.932	- Info  -	[clipboard][DesktopAgentClient] on_disconnect ok.
