2023-04-14 13:11:42.764	- Info  -	version:3.2.1.40406
2023-04-14 13:11:42.765	- Info  -	[clipboard][client] current session id 1, ProcessID 6240

2023-04-14 13:11:42.768	- Info  -	attempt to connect server 127.0.0.1:1440(127.0.0.1:1440)
2023-04-14 13:11:42.801	- Info  -	[clipboard][DesktopAgentClient] connect DesktopServer ok.
2023-04-14 13:11:42.801	- Info  -	[clipboard][client::handler] connected sid(0), thread(9660)
2023-04-14 13:11:42.802	- Info  -	[clipboard] start clipboard...
2023-04-14 13:11:42.930	- Info  -	[clipboard][converter] html format 49428
2023-04-14 13:11:42.931	- Info  -	[clipboard][converter] rtf format 49289
2023-04-14 13:11:42.931	- Info  -	[clipboard] start clipboard ok.
2023-04-14 13:11:42.932	- Info  -	[clipboard] stop clipboard...
2023-04-14 13:11:42.946	- Info  -	[clipboard] call CClipboardViewer::DestroyWnd at 190
2023-04-14 13:11:42.946	- Info  -	[clipboard] recv WM_CLOSE, end thread.
2023-04-14 13:11:42.947	- Info  -	[clipboard] Stop Clipboard ok
2023-04-14 13:11:43.183	- Info  -	[clipboard] start clipboard...
2023-04-14 13:11:43.234	- Info  -	[clipboard][converter] html format 49428
2023-04-14 13:11:43.235	- Info  -	[clipboard][converter] rtf format 49289
2023-04-14 13:11:43.235	- Info  -	[clipboard] start clipboard ok.
2023-04-14 13:11:43.236	- Info  -	[clipboard] recv thread end(2).
2023-04-14 13:11:45.415	- Info  -	CClipboardRaw::OnReceiveQueryVersionRes 2
2023-04-14 13:11:45.417	- Info  -	CClipboardRaw::OnReceiveQueryVersionRes 2
2023-04-14 13:11:45.418	- Info  -	CClipboardRaw::OnReceiveQueryVersionReq 2
2023-04-14 13:12:00.440	- Info  -	recv [000] file:D:\vk\mk\d, format:directory
2023-04-14 13:19:54.289	- Info  -	[clipboard] CClipboardViewer::OnClipboardUpdate
2023-04-14 13:19:54.290	- Info  -	[clipboard] push format(2) 13
2023-04-14 13:19:54.290	- Info  -	[clipboard] push format(2) 1
2023-04-14 13:20:04.913	- Info  -	[clipboard] CClipboardViewer::OnClipboardUpdate
2023-04-14 13:20:04.913	- Info  -	[clipboard] push format(2) 49428
2023-04-14 13:20:04.913	- Info  -	[clipboard] push format(2) 13
2023-04-14 13:20:04.913	- Info  -	[clipboard] push format(2) 1
2023-04-14 13:20:05.225	- Info  -	[clipboard] send clip data, src size 29, encode size 29 at CClipboardRaw::SendClipDataOray:1310
2023-04-14 13:20:05.226	- Info  -	[clipboard] get buffer, current size: 29, remaining size0: 0 , total size: 29, at time: 99255765
2023-04-14 13:21:11.867	- Info  -	[clipboard] CClipboardViewer::OnClipboardUpdate
2023-04-14 13:21:11.868	- Info  -	[clipboard] push format(2) 13
2023-04-14 13:21:11.868	- Info  -	[clipboard] push format(2) 1
2023-04-14 13:21:14.133	- Info  -	[clipboard] CClipboardViewer::OnClipboardUpdate
2023-04-14 13:21:14.133	- Info  -	[clipboard] push format(2) 13
2023-04-14 13:21:14.133	- Info  -	[clipboard] push format(2) 1
2023-04-14 13:21:30.080	- Info  -	[clipboard] CClipboardViewer::OnClipboardUpdate
2023-04-14 13:21:30.081	- Info  -	[clipboard] push format(2) 13
2023-04-14 13:21:30.081	- Info  -	[clipboard] push format(2) 1
2023-04-14 13:22:10.764	- Info  -	[clipboard] CClipboardViewer::OnClipboardUpdate
2023-04-14 13:22:10.765	- Info  -	[clipboard] push format(2) 15
2023-04-14 13:22:10.765	- Info  -	[clipboard] CClipboardViewer::OnClipboardUpdate
2023-04-14 13:22:10.766	- Info  -	[clipboard] push format(2) 15
2023-04-14 13:22:10.802	- Info  -	recv [000] file:D:\vk\mk\d\sk4.py, format:file
2023-04-14 13:22:10.803	- Info  -	recv [001] file:D:\vk\mk\d\ds-html, format:directory
2023-04-14 13:22:10.803	- Info  -	[clipboard] send clip data, src size 7448, encode size 7448 at CClipboardRaw::SendClipDataOray:1310
2023-04-14 13:22:10.803	- Info  -	[clipboard] get buffer, current size: 7448, remaining size0: 0 , total size: 7448, at time: 99381343
2023-04-14 13:22:10.863	- Info  -	recv [000] file:D:\vk\mk\d\sk4.py, format:file
2023-04-14 13:22:10.864	- Info  -	recv [001] file:D:\vk\mk\d\ds-html, format:directory
2023-04-14 13:22:10.864	- Info  -	[clipboard] send clip data, src size 7448, encode size 7448 at CClipboardRaw::SendClipDataOray:1310
2023-04-14 13:22:10.864	- Info  -	[clipboard] get buffer, current size: 7448, remaining size0: 0 , total size: 7448, at time: 99381406
2023-04-14 13:26:26.724	- Info  -	[clipboard] CClipboardViewer::OnClipboardUpdate
2023-04-14 13:26:26.725	- Info  -	[clipboard] push format(2) 15
2023-04-14 13:26:26.726	- Info  -	[clipboard] CClipboardViewer::OnClipboardUpdate
2023-04-14 13:26:26.726	- Info  -	[clipboard] push format(2) 15
2023-04-14 13:26:26.782	- Info  -	recv [000] file:D:\vk\mk\d\ds-html, format:directory
2023-04-14 13:26:26.782	- Info  -	recv [001] file:D:\vk\mk\d\sk4.py, format:file
2023-04-14 13:26:26.783	- Info  -	[clipboard] send clip data, src size 7448, encode size 7448 at CClipboardRaw::SendClipDataOray:1310
2023-04-14 13:26:26.783	- Info  -	[clipboard] get buffer, current size: 7448, remaining size0: 0 , total size: 7448, at time: 99637328
2023-04-14 13:26:26.838	- Info  -	recv [000] file:D:\vk\mk\d\ds-html, format:directory
2023-04-14 13:26:26.838	- Info  -	recv [001] file:D:\vk\mk\d\sk4.py, format:file
2023-04-14 13:26:26.838	- Info  -	[clipboard] send clip data, src size 7448, encode size 7448 at CClipboardRaw::SendClipDataOray:1310
2023-04-14 13:26:26.839	- Info  -	[clipboard] get buffer, current size: 7448, remaining size0: 0 , total size: 7448, at time: 99637375
2023-04-14 13:26:30.614	- Info  -	[clipboard] CClipboardViewer::OnClipboardUpdate
2023-04-14 13:31:14.135	- Info  -	[clipboard] CClipboardViewer::OnClipboardUpdate
2023-04-14 13:31:14.136	- Info  -	[clipboard] push format(2) 13
2023-04-14 13:31:14.141	- Info  -	[clipboard] push format(2) 1
2023-04-14 13:41:32.674	- Info  -	[clipboard] CClipboardViewer::OnClipboardUpdate
2023-04-14 13:41:32.908	- Info  -	[clipboard] CClipboardViewer::OnRenderFormat begin, uformat 13
2023-04-14 13:41:32.908	- Info  -	[clipboard] RenderFormat, win format 13, 100543453
2023-04-14 13:41:32.948	- Info  -	[clipboard] OnReceiveClipData, type 1872605741069, size 26
2023-04-14 13:41:32.948	- Info  -	[clipboard] format 13, data size: 26
2023-04-14 13:41:32.948	- Info  -	[clipboard] setClipboardData, format 13, oray format 13
2023-04-14 13:41:32.948	- Info  -	[clipboard] RenderFormat end
2023-04-14 13:41:32.948	- Info  -	[clipboard] CClipboardViewer::OnRenderFormat end, uformat 13
2023-04-14 13:41:32.986	- Info  -	[clipboard] CClipboardViewer::OnRenderFormat begin, uformat 49428
2023-04-14 13:41:32.986	- Info  -	[clipboard] RenderFormat, win format 49428, oray format 32, 100543531
2023-04-14 13:41:32.999	- Info  -	[clipboard] OnReceiveClipDataOray, type 1872605741088, data size 619
2023-04-14 13:41:32.999	- Info  -	[clipboard] format 49428, data size: 619
2023-04-14 13:41:32.999	- Info  -	[clipboard] setClipboardData, format 49428, oray format 32
2023-04-14 13:41:33.999	- Info  -	[clipboard] RenderFormat end
2023-04-14 13:41:33.999	- Info  -	[clipboard] CClipboardViewer::OnRenderFormat end, uformat 49428
2023-04-14 13:55:40.898	- Info  -	[clipboard] CClipboardViewer::OnClipboardUpdate
2023-04-14 13:55:41.128	- Info  -	[clipboard] CClipboardViewer::OnRenderFormat begin, uformat 13
2023-04-14 13:55:41.128	- Info  -	[clipboard] RenderFormat, win format 13, 101391671
2023-04-14 13:55:41.137	- Info  -	[clipboard] OnReceiveClipData, type 1872605741069, size 426
2023-04-14 13:55:41.137	- Info  -	[clipboard] format 13, data size: 426
2023-04-14 13:55:41.137	- Info  -	[clipboard] setClipboardData, format 13, oray format 13
2023-04-14 13:55:41.137	- Info  -	[clipboard] RenderFormat end
2023-04-14 13:55:41.137	- Info  -	[clipboard] CClipboardViewer::OnRenderFormat end, uformat 13
2023-04-14 14:00:10.917	- Info  -	[clipboard][client::handler] disconnected
2023-04-14 14:00:10.918	- Info  -	[clipboard] stop clipboard...
2023-04-14 14:00:10.955	- Info  -	[clipboard] call CClipboardViewer::DestroyWnd at 190
2023-04-14 14:00:10.956	- Info  -	[clipboard] recv WM_CLOSE, end thread.
2023-04-14 14:00:10.960	- Info  -	[clipboard] Stop Clipboard ok
2023-04-14 14:00:10.960	- Info  -	[clipboard][DesktopAgentClient] on_disconnect ok.
