2023-03-29 09:55:34.020	- Info  -	version:3.2.1.40406
2023-03-29 09:55:34.020	- Info  -	[clipboard][client] current session id 1, ProcessID 11096

2023-03-29 09:55:34.022	- Info  -	attempt to connect server 127.0.0.1:52393(127.0.0.1:52393)
2023-03-29 09:55:34.023	- Info  -	[clipboard][DesktopAgentClient] connect DesktopServer ok.
2023-03-29 09:55:34.029	- Info  -	[clipboard][client::handler] connected sid(0), thread(6448)
2023-03-29 09:55:34.030	- Info  -	[clipboard] start clipboard...
2023-03-29 09:55:34.055	- Info  -	[clipboard][converter] html format 49319
2023-03-29 09:55:34.056	- Info  -	[clipboard][converter] rtf format 49356
2023-03-29 09:55:34.056	- Info  -	[clipboard] start clipboard ok.
2023-03-29 09:55:34.056	- Info  -	[clipboard] stop clipboard...
2023-03-29 09:55:34.067	- Info  -	[clipboard] recv thread end(1).
2023-03-29 09:55:34.067	- Info  -	[clipboard] call CClipboardViewer::DestroyWnd at 190
2023-03-29 09:55:34.068	- Info  -	[clipboard] recv WM_CLOSE, end thread.
2023-03-29 09:55:34.071	- Info  -	[clipboard] Stop Clipboard ok
2023-03-29 09:55:34.509	- Info  -	[clipboard] start clipboard...
2023-03-29 09:55:34.521	- Info  -	[clipboard][converter] html format 49319
2023-03-29 09:55:34.522	- Info  -	[clipboard][converter] rtf format 49356
2023-03-29 09:55:34.522	- Info  -	[clipboard] start clipboard ok.
2023-03-29 09:55:34.525	- Info  -	[clipboard] recv thread end(2).
2023-03-29 09:55:36.840	- Info  -	CClipboardRaw::OnReceiveQueryVersionRes 2
2023-03-29 09:55:36.842	- Info  -	CClipboardRaw::OnReceiveQueryVersionRes 2
2023-03-29 09:55:36.842	- Info  -	CClipboardRaw::OnReceiveQueryVersionReq 2
2023-03-29 09:58:26.634	- Info  -	[clipboard][client::handler] disconnected
2023-03-29 09:58:26.636	- Info  -	[clipboard] stop clipboard...
2023-03-29 09:58:26.636	- Info  -	[clipboard] call CClipboardViewer::DestroyWnd at 190
2023-03-29 09:58:26.636	- Info  -	[clipboard] recv WM_CLOSE, end thread.
2023-03-29 09:58:26.638	- Info  -	[clipboard] Stop Clipboard ok
2023-03-29 09:58:26.638	- Info  -	[clipboard][DesktopAgentClient] on_disconnect ok.
