2023-03-25 11:09:37.566	- Info  -	version:3.2.1.40406
2023-03-25 11:09:37.566	- Info  -	[clipboard][client] current session id 1, ProcessID 9800

2023-03-25 11:09:37.568	- Info  -	attempt to connect server 127.0.0.1:56074(127.0.0.1:56074)
2023-03-25 11:09:37.568	- Info  -	[clipboard][DesktopAgentClient] connect DesktopServer ok.
2023-03-25 11:09:37.591	- Info  -	[clipboard][client::handler] connected sid(0), thread(9980)
2023-03-25 11:09:37.591	- Info  -	[clipboard] start clipboard...
2023-03-25 11:09:37.681	- Info  -	[clipboard][converter] html format 49319
2023-03-25 11:09:37.682	- Info  -	[clipboard][converter] rtf format 49356
2023-03-25 11:09:37.682	- Info  -	[clipboard] start clipboard ok.
2023-03-25 11:09:37.683	- Info  -	[clipboard] stop clipboard...
2023-03-25 11:09:37.768	- Info  -	[clipboard] recv thread end(2).
2023-03-25 11:09:37.839	- Info  -	[clipboard] call CClipboardViewer::DestroyWnd at 190
2023-03-25 11:09:37.839	- Info  -	[clipboard] recv WM_CLOSE, end thread.
2023-03-25 11:09:37.841	- Info  -	[clipboard] Stop Clipboard ok
2023-03-25 11:09:37.983	- Info  -	[clipboard] start clipboard...
2023-03-25 11:09:38.052	- Info  -	[clipboard][converter] html format 49319
2023-03-25 11:09:38.052	- Info  -	[clipboard][converter] rtf format 49356
2023-03-25 11:09:38.052	- Info  -	[clipboard] start clipboard ok.
2023-03-25 11:09:38.106	- Info  -	[clipboard] recv thread end(2).
2023-03-25 11:09:40.260	- Info  -	CClipboardRaw::OnReceiveQueryVersionRes 2
2023-03-25 11:09:40.267	- Info  -	CClipboardRaw::OnReceiveQueryVersionRes 2
2023-03-25 11:09:40.267	- Info  -	CClipboardRaw::OnReceiveQueryVersionReq 2
2023-03-25 11:10:14.003	- Info  -	[clipboard][client::handler] disconnected
2023-03-25 11:10:14.003	- Info  -	[clipboard] stop clipboard...
2023-03-25 11:10:14.021	- Info  -	[clipboard] call CClipboardViewer::DestroyWnd at 190
2023-03-25 11:10:14.021	- Info  -	[clipboard] recv WM_CLOSE, end thread.
2023-03-25 11:10:14.022	- Info  -	[clipboard] Stop Clipboard ok
2023-03-25 11:10:14.022	- Info  -	[clipboard][DesktopAgentClient] on_disconnect ok.
