2023-04-14 12:50:51.671	- Info  -	version:3.2.1.40406
2023-04-14 12:50:51.671	- Info  -	[clipboard][client] current session id 1, ProcessID 7048

2023-04-14 12:50:51.673	- Info  -	attempt to connect server 127.0.0.1:1053(127.0.0.1:1053)
2023-04-14 12:50:51.674	- Info  -	[clipboard][DesktopAgentClient] connect DesktopServer ok.
2023-04-14 12:50:51.682	- Info  -	[clipboard][client::handler] connected sid(0), thread(10224)
2023-04-14 12:50:51.682	- Info  -	[clipboard] start clipboard...
2023-04-14 12:50:51.808	- Info  -	[clipboard][converter] html format 49428
2023-04-14 12:50:51.810	- Info  -	[clipboard][converter] rtf format 49289
2023-04-14 12:50:51.810	- Info  -	[clipboard] start clipboard ok.
2023-04-14 12:50:51.810	- Info  -	[clipboard] stop clipboard...
2023-04-14 12:50:51.850	- Info  -	[clipboard] recv thread end(2).
2023-04-14 12:50:51.895	- Info  -	[clipboard] call CClipboardViewer::DestroyWnd at 190
2023-04-14 12:50:51.895	- Info  -	[clipboard] recv WM_CLOSE, end thread.
2023-04-14 12:50:51.897	- Info  -	[clipboard] Stop Clipboard ok
2023-04-14 12:50:52.058	- Info  -	[clipboard] start clipboard...
2023-04-14 12:50:52.153	- Info  -	[clipboard][converter] html format 49428
2023-04-14 12:50:52.153	- Info  -	[clipboard][converter] rtf format 49289
2023-04-14 12:50:52.153	- Info  -	[clipboard] start clipboard ok.
2023-04-14 12:50:52.154	- Info  -	[clipboard] recv thread end(2).
2023-04-14 12:50:54.395	- Info  -	CClipboardRaw::OnReceiveQueryVersionRes 2
2023-04-14 12:50:54.396	- Info  -	CClipboardRaw::OnReceiveQueryVersionRes 2
2023-04-14 12:50:54.396	- Info  -	CClipboardRaw::OnReceiveQueryVersionReq 2
2023-04-14 12:51:31.385	- Info  -	[clipboard] CClipboardViewer::OnClipboardUpdate
2023-04-14 12:51:31.396	- Info  -	[clipboard] CClipboardViewer::OnClipboardUpdate
2023-04-14 12:51:31.396	- Info  -	[clipboard] CClipboardViewer::OnClipboardUpdate
2023-04-14 12:51:31.621	- Info  -	[clipboard] CClipboardViewer::OnRenderFormat begin, uformat 13
2023-04-14 12:51:31.621	- Info  -	[clipboard] RenderFormat, win format 13, 97542156
2023-04-14 12:51:31.626	- Info  -	[clipboard] OnReceiveClipData, type 2332167241741, size 110
2023-04-14 12:51:31.626	- Info  -	[clipboard] format 13, data size: 110
2023-04-14 12:51:31.626	- Info  -	[clipboard] setClipboardData, format 13, oray format 13
2023-04-14 12:51:31.627	- Info  -	[clipboard] RenderFormat end
2023-04-14 12:51:31.627	- Info  -	[clipboard] CClipboardViewer::OnRenderFormat end, uformat 13
2023-04-14 12:51:31.693	- Info  -	[clipboard] CClipboardViewer::OnRenderFormat begin, uformat 49428
2023-04-14 12:51:31.694	- Info  -	[clipboard] RenderFormat, win format 49428, oray format 32, 97542234
2023-04-14 12:51:31.699	- Info  -	[clipboard] OnReceiveClipDataOray, type 2332167241760, data size 0
2023-04-14 12:51:31.699	- Info  -	[clipboard] format 49428, data size: 0
2023-04-14 12:51:31.700	- Info  -	[clipboard] setClipboardData, format 49428, oray format 32
2023-04-14 12:51:31.700	- Info  -	[clipboard] RenderFormat end
2023-04-14 12:51:31.700	- Info  -	[clipboard] CClipboardViewer::OnRenderFormat end, uformat 49428
2023-04-14 12:51:45.478	- Info  -	[clipboard][client::handler] disconnected
2023-04-14 12:51:45.480	- Info  -	[clipboard] stop clipboard...
2023-04-14 12:51:45.484	- Info  -	[clipboard] call CClipboardViewer::DestroyWnd at 190
2023-04-14 12:51:45.484	- Info  -	[clipboard] recv WM_CLOSE, end thread.
2023-04-14 12:51:45.485	- Info  -	[clipboard] Stop Clipboard ok
2023-04-14 12:51:45.485	- Info  -	[clipboard][DesktopAgentClient] on_disconnect ok.
