2023-05-22 09:53:55.147	- Info  -	version:3.2.1.40406
2023-05-22 09:53:55.148	- Info  -	[clipboard][client] current session id 1, ProcessID 2148

2023-05-22 09:53:55.150	- Info  -	attempt to connect server 127.0.0.1:34862(127.0.0.1:34862)
2023-05-22 09:53:55.151	- Info  -	[clipboard][DesktopAgentClient] connect DesktopServer ok.
2023-05-22 09:53:55.159	- Info  -	[clipboard][client::handler] connected sid(0), thread(10192)
2023-05-22 09:53:55.159	- Info  -	[clipboard] start clipboard...
2023-05-22 09:53:55.196	- Info  -	[clipboard][converter] html format 49429
2023-05-22 09:53:55.197	- Info  -	[clipboard][converter] rtf format 49271
2023-05-22 09:53:55.197	- Info  -	[clipboard] start clipboard ok.
2023-05-22 09:53:55.197	- Info  -	[clipboard] stop clipboard...
2023-05-22 09:53:55.199	- Info  -	[clipboard] call CClipboardViewer::DestroyWnd at 190
2023-05-22 09:53:55.199	- Info  -	[clipboard] recv WM_CLOSE, end thread.
2023-05-22 09:53:55.200	- Info  -	[clipboard] Stop Clipboard ok
2023-05-22 09:53:55.594	- Info  -	[clipboard] start clipboard...
2023-05-22 09:53:55.630	- Info  -	[clipboard][converter] html format 49429
2023-05-22 09:53:55.630	- Info  -	[clipboard][converter] rtf format 49271
2023-05-22 09:53:55.631	- Info  -	[clipboard] start clipboard ok.
2023-05-22 09:53:55.685	- Info  -	[clipboard] recv thread end(2).
2023-05-22 09:53:57.880	- Info  -	CClipboardRaw::OnReceiveQueryVersionRes 2
2023-05-22 09:53:57.891	- Info  -	CClipboardRaw::OnReceiveQueryVersionRes 2
2023-05-22 09:53:57.892	- Info  -	CClipboardRaw::OnReceiveQueryVersionReq 2
2023-05-22 16:29:14.438	- Info  -	[clipboard][client::handler] disconnected
2023-05-22 16:29:14.441	- Info  -	[clipboard] stop clipboard...
2023-05-22 16:29:14.525	- Info  -	[clipboard] call CClipboardViewer::DestroyWnd at 190
2023-05-22 16:29:14.525	- Info  -	[clipboard] recv WM_CLOSE, end thread.
2023-05-22 16:29:14.536	- Info  -	[clipboard] Stop Clipboard ok
2023-05-22 16:29:14.536	- Info  -	[clipboard][DesktopAgentClient] on_disconnect ok.
