2023-03-25 09:48:38.007	- Info  -	version:3.2.1.40406
2023-03-25 09:48:38.007	- Info  -	[clipboard][client] current session id 1, ProcessID 5608

2023-03-25 09:48:38.010	- Info  -	attempt to connect server 127.0.0.1:57877(127.0.0.1:57877)
2023-03-25 09:48:38.015	- Info  -	[clipboard][DesktopAgentClient] connect DesktopServer ok.
2023-03-25 09:48:38.061	- Info  -	[clipboard][client::handler] connected sid(0), thread(7856)
2023-03-25 09:48:38.062	- Info  -	[clipboard] start clipboard...
2023-03-25 09:48:38.184	- Info  -	[clipboard][converter] html format 49319
2023-03-25 09:48:38.184	- Info  -	[clipboard][converter] rtf format 49356
2023-03-25 09:48:38.184	- Info  -	[clipboard] start clipboard ok.
2023-03-25 09:48:38.185	- Info  -	[clipboard] stop clipboard...
2023-03-25 09:48:38.356	- Info  -	[clipboard] call CClipboardViewer::DestroyWnd at 190
2023-03-25 09:48:38.356	- Info  -	[clipboard] recv WM_CLOSE, end thread.
2023-03-25 09:48:38.357	- Info  -	[clipboard] Stop Clipboard ok
2023-03-25 09:48:38.448	- Info  -	[clipboard] start clipboard...
2023-03-25 09:48:38.533	- Info  -	[clipboard][converter] html format 49319
2023-03-25 09:48:38.534	- Info  -	[clipboard][converter] rtf format 49356
2023-03-25 09:48:38.534	- Info  -	[clipboard] start clipboard ok.
2023-03-25 09:48:38.546	- Info  -	[clipboard] recv thread end(2).
2023-03-25 09:48:40.836	- Info  -	CClipboardRaw::OnReceiveQueryVersionRes 2
2023-03-25 09:48:40.876	- Info  -	CClipboardRaw::OnReceiveQueryVersionRes 2
2023-03-25 09:48:40.876	- Info  -	CClipboardRaw::OnReceiveQueryVersionReq 2
2023-03-25 09:49:02.682	- Info  -	[clipboard][client::handler] disconnected
2023-03-25 09:49:02.682	- Info  -	[clipboard] stop clipboard...
2023-03-25 09:49:02.747	- Info  -	[clipboard] call CClipboardViewer::DestroyWnd at 190
2023-03-25 09:49:02.748	- Info  -	[clipboard] recv WM_CLOSE, end thread.
2023-03-25 09:49:02.749	- Info  -	[clipboard] Stop Clipboard ok
2023-03-25 09:49:02.749	- Info  -	[clipboard][DesktopAgentClient] on_disconnect ok.
