2023-03-25 10:03:46.083	- Info  -	version:3.2.1.40406
2023-03-25 10:03:46.084	- Info  -	[clipboard][client] current session id 1, ProcessID 1040

2023-03-25 10:03:46.086	- Info  -	attempt to connect server 127.0.0.1:57937(127.0.0.1:57937)
2023-03-25 10:03:46.086	- Info  -	[clipboard][DesktopAgentClient] connect DesktopServer ok.
2023-03-25 10:03:46.088	- Info  -	[clipboard][client::handler] connected sid(0), thread(7720)
2023-03-25 10:03:46.089	- Info  -	[clipboard] start clipboard...
2023-03-25 10:03:46.102	- Info  -	[clipboard][converter] html format 49319
2023-03-25 10:03:46.102	- Info  -	[clipboard][converter] rtf format 49356
2023-03-25 10:03:46.103	- Info  -	[clipboard] start clipboard ok.
2023-03-25 10:03:46.103	- Info  -	[clipboard] stop clipboard...
2023-03-25 10:03:46.117	- Info  -	[clipboard] recv thread end(1).
2023-03-25 10:03:46.117	- Info  -	[clipboard] call CClipboardViewer::DestroyWnd at 190
2023-03-25 10:03:46.117	- Info  -	[clipboard] recv WM_CLOSE, end thread.
2023-03-25 10:03:46.118	- Info  -	[clipboard] Stop Clipboard ok
2023-03-25 10:03:46.551	- Info  -	[clipboard] start clipboard...
2023-03-25 10:03:46.593	- Info  -	[clipboard][converter] html format 49319
2023-03-25 10:03:46.593	- Info  -	[clipboard][converter] rtf format 49356
2023-03-25 10:03:46.593	- Info  -	[clipboard] start clipboard ok.
2023-03-25 10:03:46.595	- Info  -	[clipboard] recv thread end(2).
2023-03-25 10:03:48.926	- Info  -	CClipboardRaw::OnReceiveQueryVersionRes 2
2023-03-25 10:03:48.926	- Info  -	CClipboardRaw::OnReceiveQueryVersionRes 2
2023-03-25 10:03:48.926	- Info  -	CClipboardRaw::OnReceiveQueryVersionReq 2
2023-03-25 10:06:25.582	- Info  -	[clipboard][client::handler] disconnected
2023-03-25 10:06:25.582	- Info  -	[clipboard] stop clipboard...
2023-03-25 10:06:25.583	- Info  -	[clipboard] call CClipboardViewer::DestroyWnd at 190
2023-03-25 10:06:25.583	- Info  -	[clipboard] recv WM_CLOSE, end thread.
2023-03-25 10:06:25.583	- Info  -	[clipboard] Stop Clipboard ok
2023-03-25 10:06:25.583	- Info  -	[clipboard][DesktopAgentClient] on_disconnect ok.
