2023-05-17 14:32:39.659	- Info  -	version:3.2.1.40406
2023-05-17 14:32:39.666	- Info  -	DPIAwareness set 2 success.
2023-05-17 14:32:39.675	- Info  -	config path:  $óÇR
2023-05-17 14:32:39.766	- Info  -	[displayclt] CDisplayClient::CDisplayClient(all)
2023-05-17 14:32:39.766	- Info  -	[desktop] CRemoteDesktopPlugin::CRemoteDesktopPlugin(all)
2023-05-17 14:32:39.777	- Info  -	sensors init with file: C:/ProgramData/Oray/SunloginClient/sensors/datas
2023-05-17 14:32:39.814	- Info  -	CMultiChannelStreamImpl::CMultiChannelStreamImpl
2023-05-17 14:32:39.815	- Info  -	CConnectorRaw::OnStreamEvent(1) state: CNTS_FORWARD, error: 0
2023-05-17 14:32:39.815	- Info  -	CConnectorRaw::OnEvent() state: CNTS_FORWARD, error: 0, oray errorcode: 0
2023-05-17 14:32:39.815	- Info  -	[oray][erroCode] errorcode=oray_errorcode(0), product=0, type=0, inner code=0 [CConnectorRaw::OnEvent:624]
2023-05-17 14:32:39.850	* Error *	sensors data send failed!
2023-05-17 14:32:39.887	- Info  -	attempt to connect server 894619644.slp2p-east-std210.oray.net:443(122.246.13.13:443)
2023-05-17 14:32:39.979	- Info  -	plugin_public access_token is NULL
2023-05-17 14:32:39.989	- Info  -	[TCPConnector] CCurStream handle client_connect
2023-05-17 14:32:40.011	- Info  -	[MultiChannel] Forward channel shake handle 122.246.13.13:443
2023-05-17 14:32:40.011	- Info  -	CMultiChannelStreamImpl::OnConnect()
2023-05-17 14:32:40.012	- Info  -	CClientStream 122.246.13.13:443 OnConnect
2023-05-17 14:32:40.012	- Info  -	CConnectorRaw::OnEvent() state: CNTS_LOGIN, error: 0, oray errorcode: 0
2023-05-17 14:32:40.012	- Info  -	[oray][erroCode] errorcode=oray_errorcode(0), product=0, type=0, inner code=0 [CConnectorRaw::OnEvent:624]
2023-05-17 14:32:40.012	- Info  -	CConnectorRaw::OnEvent() state: CNTS_FWD_SHAKEHANDLE, error: 0, oray errorcode: 0
2023-05-17 14:32:40.012	- Info  -	[oray][erroCode] errorcode=oray_errorcode(0), product=0, type=0, inner code=0 [CConnectorRaw::OnEvent:624]
2023-05-17 14:32:40.160	- Info  -	[MultiChannel] Forward channel connected 122.246.13.13:443
2023-05-17 14:32:40.161	- Info  -	CMultiChannelStreamImpl::OnConnectEvent, status: CNTS_FWD_CONNECTED, isclosed:false, HadFwdConnected: true, HadBeenHolePunch: false
2023-05-17 14:32:40.161	- Info  -	CConnectorRaw::OnEvent() state: CNTS_FWD_CONNECTED, error: 0, oray errorcode: 0
2023-05-17 14:32:40.161	- Info  -	[oray][erroCode] errorcode=oray_errorcode(0), product=0, type=0, inner code=0 [CConnectorRaw::OnEvent:624]
2023-05-17 14:32:40.161	* Error *	CClientStream receive invalid Logon_OK_Message
2023-05-17 14:32:40.161	- Info  -	CClientStream 122.246.13.13:443 OnReceive reply 1 
2023-05-17 14:32:40.161	- Info  -	CClientStream 122.246.13.13:443 start keepalive
2023-05-17 14:32:40.161	- Info  -	CClientStream 122.246.13.13:443 login OK
2023-05-17 14:32:40.161	- Info  -	CConnectorRaw::OnEvent() state: CNTS_CONNECTED, error: 0, oray errorcode: 0
2023-05-17 14:32:40.161	- Info  -	[oray][erroCode] errorcode=oray_errorcode(0), product=0, type=0, inner code=0 [CConnectorRaw::OnEvent:624]
2023-05-17 14:32:40.161	- Info  -	CPluginThreadManager start plugin thread
2023-05-17 14:32:40.161	- Info  -	CActivePlugin prepare to init plugin
2023-05-17 14:32:40.162	- Info  -	[desktop] create drag server OK
2023-05-17 14:32:40.162	- Info  -	CActivePlugin prepare to run plugin
2023-05-17 14:32:40.163	- Info  -	[desktop] sending switch desktop type message...
2023-05-17 14:32:40.163	- Info  -	[desktop] request enumerate user list.
2023-05-17 14:32:40.164	- Info  -	[desktop] Separation message loop start.
2023-05-17 14:32:40.567	- Info  -	[desktop] receive switch host message res = 1 
2023-05-17 14:32:40.567	- Info  -	[desktop] request enum screen
2023-05-17 14:32:40.567	- Info  -	[DisplayClient] SetCompression 11/15
2023-05-17 14:32:40.567	- Info  -	[desktop] request start stream
2023-05-17 14:32:40.567	- Info  -	[desktop] SetCompressionParam: layer=1;encoding=4;format=1;reserved=0, size: 38
2023-05-17 14:32:40.698	- Info  -	[desktop] OnQueryConfigRes
2023-05-17 14:32:40.698	- Info  -	[desktop] OnQueryConfigRes
2023-05-17 14:32:40.699	- Info  -	[desktop] recv enum screen, number is 1
2023-05-17 14:32:40.699	- Info  -	[clipboard] start clipboard...
2023-05-17 14:32:40.716	- Info  -	[clipboard][converter] html format 49429
2023-05-17 14:32:40.716	- Info  -	[clipboard][converter] rtf format 49271
2023-05-17 14:32:40.716	- Info  -	[clipboard] start clipboard ok.
2023-05-17 14:32:40.716	- Info  -	[desktop] sync clipboard enable
2023-05-17 14:32:40.833	* Error *	sensors data send failed!
2023-05-17 14:32:41.277	- Info  -	CClipboardRaw::OnReceiveQueryVersionReq 2
2023-05-17 14:32:42.160	- Info  -	CMultiChannelStreamImpl::ConnectP2PServer, thread id: 10960
2023-05-17 14:32:42.188	- Info  -	CConnectorRaw::OnStreamEvent(1) state: CNTS_P2P, error: 0
2023-05-17 14:32:42.188	- Info  -	CConnectorRaw::OnEvent() state: CNTS_P2P, error: 0, oray errorcode: 0
2023-05-17 14:32:42.188	- Info  -	[oray][erroCode] errorcode=oray_errorcode(0), product=0, type=0, inner code=0 [CConnectorRaw::OnEvent:624]
2023-05-17 14:32:42.188	- Info  -	[P2PConnector] attempt to connect server PHSRC://894619644.slp2p-east-std210.oray.net:4118/desktop(slp2p-east-std210.oray.net:4118) 
2023-05-17 14:32:42.254	- Info  -	[udp] support straight send in peer : no 122.246.13.13:4118 CConnection::OnConnectRes
2023-05-17 14:32:42.254	- Info  -	[P2PHelper] detect local ip ...
2023-05-17 14:32:42.255	- Info  -	[P2PHelper] detect local ip 172.16.77.18
2023-05-17 14:32:42.255	- Info  -	[P2PHelper] attempt to login P2P Server...
2023-05-17 14:32:42.357	- Info  -	[P2PHelper] Login P2P Server OK
2023-05-17 14:32:42.357	- Info  -	[P2PHelper] OnLoginRes, receive public ip 223.82.110.30:15772
2023-05-17 14:32:42.357	- Info  -	[P2PHelper] sending P2P request ...
2023-05-17 14:32:42.411	- Info  -	[P2PHelper] receive peer local ip 192.168.1.3:15274, public ip 220.175.60.121:33078
2023-05-17 14:32:42.412	- Info  -	[P2PStream] EstablishP2P local ip 223.82.110.30:15772/172.16.77.18:15772 ==> peer ip 220.175.60.121:33078/192.168.1.3:15274
2023-05-17 14:32:42.522	- Info  -	SetDisplayMode() w=1600, h=900, bpp=32
2023-05-17 14:32:42.522	- Info  -	ResetBitmap width=1600, height=900, bpp=32, srcbpp=32, Size = 5760000
2023-05-17 14:32:42.522	- Info  -	[DisplayClient] recv image info, width: 1600, height: 900, bpp: 32
2023-05-17 14:32:42.522	- Info  -	[DisplayClient] OnRecvCompInfo format/quality 11/15
2023-05-17 14:32:42.522	- Info  -	[desktop][DisplayClient] recv first frame.
2023-05-17 14:32:42.529	- Info  -	[DisplayClient] recv compimage type: ID_IMAGE_RAPIDCOMP
2023-05-17 14:32:42.620	- Info  -	[vpx] open codec.
2023-05-17 14:32:42.756	+Warning+	not found upnp devices on network!
2023-05-17 14:32:42.756	- Info  -	upnpnat_search_thread::ThreadLoop end
2023-05-17 14:32:42.759	- Info  -	[udpwrapper] attempt to establish P2P connection via: 122.246.13.13:4118, (local)172.16.77.18:15772|(public)223.82.110.30:15772 ==> (local)192.168.1.3:15274|(public)220.175.60.121:33078
2023-05-17 14:32:42.770	- Info  -	[desktop][DisplayClient] decode first frame end.
2023-05-17 14:32:42.771	- Info  -	[desktop] receive first frame message
2023-05-17 14:32:42.775	- Info  -	SetDisplayMode() w=1600, h=900, bpp=32
2023-05-17 14:32:42.775	- Info  -	ResetBitmap width=1600, height=900, bpp=32, srcbpp=32, Size = 5760000
2023-05-17 14:32:42.777	- Info  -	[DisplayClient] recv image info, width: 1600, height: 900, bpp: 32
2023-05-17 14:32:42.827	- Info  -	[vpx][decoder] close codec.
2023-05-17 14:32:42.849	- Info  -	[DisplayClient] OnRecvCompInfo format/quality 11/15
2023-05-17 14:32:42.850	- Info  -	[desktop][DisplayClient] recv first frame.
2023-05-17 14:32:42.859	- Info  -	[DisplayClient] recv compimage type: ID_IMAGE_RAPIDCOMP
2023-05-17 14:32:42.963	- Info  -	[vpx] open codec.
2023-05-17 14:32:43.037	- Info  -	[desktop][DisplayClient] decode first frame end.
2023-05-17 14:32:43.038	- Info  -	[desktop] receive first frame message
2023-05-17 14:32:43.150	- Info  -	Init D3D2 OK
2023-05-17 14:32:43.150	- Info  -	[DesktopSurface] Use DirectX Paint mode 2
2023-05-17 14:32:43.203	- Info  -	Init D3D2 OK
2023-05-17 14:32:43.212	- Info  -	[drag] QueryVersionRes is true
2023-05-17 14:32:43.212	- Info  -	CClipboardRaw::OnReceiveQueryVersionRes 2
2023-05-17 14:32:43.247	- Info  -	[maindialog] draw first frame end
2023-05-17 14:32:43.259	+Warning+	not found upnp devices on network!
2023-05-17 14:32:43.259	+Warning+	[udpwrapper] UPNP discovery failed, 
2023-05-17 14:32:43.282	- Info  -	[desktop] sync clipboard enable
2023-05-17 14:32:43.282	- Info  -	[http call3] new call id:1, url:https://slapi.oray.net/client/free-tips
2023-05-17 14:32:43.286	- Info  -	[http call3] new call id:2, url:https://slapi.oray.net/remote/get-network
2023-05-17 14:32:43.292	- Info  -	[http call3] id:1 create new connection : https://slapi.oray.net:443
2023-05-17 14:32:43.293	- Info  -	attempt to connect server slapi.oray.net:443(121.40.99.129:443)
2023-05-17 14:32:43.294	- Info  -	[http call3] id:2 use old connection : https://slapi.oray.net:443
2023-05-17 14:32:43.324	- Info  -	[udp] OnConnectAck working in advanced mode 2
2023-05-17 14:32:43.324	- Info  -	[udp] support straight send in peer : yes 220.175.60.121:33078 CConnection::OnConnectRes
2023-05-17 14:32:43.325	- Info  -	[oray][erroCode] errorcode=oray_errorcode(0), product=0, type=0, inner code=0 [CUDPLibStream::Disconnect_impl:73]
2023-05-17 14:32:43.325	- Info  -	[udp] Disconnect
2023-05-17 14:32:43.325	- Info  -	[udp] SendDisconnect
2023-05-17 14:32:43.325	- Info  -	[P2PHelper] MainServer disconnect
2023-05-17 14:32:43.325	- Info  -	[MultiChannel] P2P channel shake handle 220.175.60.121:33078
2023-05-17 14:32:43.325	- Info  -	CConnectorRaw::OnEvent() state: CNTS_P2P_SHAKEHANDLE, error: 0, oray errorcode: 0
2023-05-17 14:32:43.325	- Info  -	[oray][erroCode] errorcode=oray_errorcode(0), product=0, type=0, inner code=0 [CConnectorRaw::OnEvent:624]
2023-05-17 14:32:43.325	- Info  -	[MultiChannel] send SHAKE_HANDLES_MSG, read 388199, write 2764
2023-05-17 14:32:43.325	- Info  -	[P2PStream] connected (by udp) 0.0.0.0:15772 <--> 220.175.60.121:33078
2023-05-17 14:32:43.341	- Info  -	[MultiChannel] Received SHAKE_HANDLES_MSG, read 2732 / (local write 2764), write 388644 / (local read 388199)
2023-05-17 14:32:43.341	- Info  -	[MultiChannel] P2P channel connected 220.175.60.121:33078
2023-05-17 14:32:43.341	- Info  -	CConnectorRaw::OnEvent() state: CNTS_P2P_CONNECTED, error: 0, oray errorcode: 0
2023-05-17 14:32:43.341	- Info  -	[oray][erroCode] errorcode=oray_errorcode(0), product=0, type=0, inner code=0 [CConnectorRaw::OnEvent:624]
2023-05-17 14:32:43.341	- Info  -	[MultiChannel] forward stream read data(size:80, 80, left:445) when p2p state is CONNECTED @ 445
2023-05-17 14:32:43.341	- Info  -	[MultiChannel] forward stream read data(size:20, 20, left:365) when p2p state is CONNECTED @ 445
2023-05-17 14:32:43.342	- Info  -	[MultiChannel] forward stream read data(size:28, 28, left:345) when p2p state is CONNECTED @ 445
2023-05-17 14:32:43.342	- Info  -	[MultiChannel] forward stream read data(size:20, 20, left:317) when p2p state is CONNECTED @ 445
2023-05-17 14:32:43.342	- Info  -	[MultiChannel] forward stream read data(size:44, 44, left:297) when p2p state is CONNECTED @ 445
2023-05-17 14:32:43.342	- Info  -	[MultiChannel] forward stream read data(size:20, 20, left:253) when p2p state is CONNECTED @ 445
2023-05-17 14:32:43.345	- Info  -	[MultiChannel] forward data write completed @ 216
2023-05-17 14:32:43.352	- Info  -	[MultiChannel] forward stream read data(size:233, 233, left:233) when p2p state is CONNECTED @ 445
2023-05-17 14:32:43.352	- Info  -	[MultiChannel] forward data read completed @ 462
2023-05-17 14:32:43.352	- Info  -	[udpwrapper] disconnect reason : 1
2023-05-17 14:32:43.352	- Info  -	[oray][erroCode] errorcode=oray_errorcode(57354), product=0, type=3, inner code=10 [CUDPLibWrapper::OnDisconnect:833]
2023-05-17 14:32:43.352	- Info  -	[udpwrapper] Disconnect 122.246.13.13:4118 @ 838
2023-05-17 14:32:43.352	- Info  -	[oray][erroCode] errorcode=oray_errorcode(57354), product=0, type=3, inner code=10 [CUDPLibStream::Disconnect_impl:73]
2023-05-17 14:32:43.473	- Info  -	[http call3] id:1, url:https://slapi.oray.net/client/free-tips, status code:200
2023-05-17 14:32:43.581	- Info  -	[http call3] id:2, url:https://slapi.oray.net/remote/get-network, status code:200
2023-05-17 14:32:46.593	- Info  -	Init D3D2 OK
2023-05-17 14:32:46.624	* Error *	sensors data send failed!
2023-05-17 14:32:47.949	* Error *	sensors data send failed!
2023-05-17 14:32:58.563	* Error *	SSLStream::IsWantReadWrite|peer(121.40.99.129:443), SSL_read failed( 6 ), error:00000000:lib(0):func(0):reason(0), file( ..\includes\common\phstream\SSLStream.cpp:1898 )
2023-05-17 14:32:58.563	- Info  -	[http call3] disconnect, error( 0 )
2023-05-17 14:34:51.188	+Warning+	[BinaryPluginStream] rate reader pending data size 268478 exceed 262144
2023-05-17 14:34:51.283	+Warning+	[BinaryPluginStream] rate reader data all clear
2023-05-17 14:38:36.496	* Error *	sensors data send failed!
2023-05-17 14:38:36.499	- Info  -	[oray][erroCode] errorcode=oray_errorcode(0), product=0, type=0, inner code=0 [CMultiChannelStream::Disconnect_impl:254]
2023-05-17 14:38:36.500	- Info  -	[TCPConnector] CCurStream handle client_disconnect
2023-05-17 14:38:36.500	- Info  -	[oray][erroCode] errorcode=transf(0), product=0, type=0, inner code=0 [CMultiChannelStream::ForwardHandler::Handle:647]
2023-05-17 14:38:36.501	- Info  -	CConnectorRaw::OnEvent() state: CNTS_FWD_DISCONNECT, error: 0, oray errorcode: 0
2023-05-17 14:38:36.501	- Info  -	[oray][erroCode] errorcode=oray_errorcode(0), product=0, type=0, inner code=0 [CConnectorRaw::OnEvent:624]
2023-05-17 14:38:36.501	+Warning+	[MultiChannel] unbind forward stream(errorcode 0) @ 651
2023-05-17 14:38:36.501	- Info  -	[oray][erroCode] errorcode=oray_errorcode(0), product=0, type=0, inner code=0 [CP2PStream::Disconnect_impl:678]
2023-05-17 14:38:36.501	- Info  -	[oray][erroCode] errorcode=oray_errorcode(0), product=0, type=0, inner code=0 [CP2PStream::CUDPStream::Disconnect_impl:1044]
2023-05-17 14:38:36.501	- Info  -	[oray][erroCode] errorcode=oray_errorcode(0), product=0, type=0, inner code=0 [CUDPLibStream::Disconnect_impl:73]
2023-05-17 14:38:36.501	- Info  -	[udp] Disconnect
2023-05-17 14:38:36.501	- Info  -	[udp] SendDisconnect
2023-05-17 14:38:36.502	- Info  -	[MultiChannel] P2P channel disconnect 220.175.60.121:33078
2023-05-17 14:38:36.502	- Info  -	[oray][erroCode] errorcode=transf(0), product=0, type=0, inner code=0 [CMultiChannelStream::P2PHandler::Handle:834]
2023-05-17 14:38:36.503	- Info  -	[oray][erroCode] errorcode=transf(0), product=0, type=0, inner code=0 [CMultiChannelStream::HandleDisconnect:1041]
2023-05-17 14:38:36.503	- Info  -	CMultiChannelStreamImpl::OnDisconnect()
2023-05-17 14:38:36.503	- Info  -	[oray][erroCode] errorcode=oray_errorcode(0), product=0, type=0, inner code=0 [CMultiChannelStreamImpl::OnDisconnect:100]
2023-05-17 14:38:36.503	- Info  -	CClientStream 220.175.60.121:33078 OnDisconnect, errocde:0
2023-05-17 14:38:36.503	- Info  -	[oray][erroCode] errorcode=errcode(0), product=0, type=0, inner code=0 [CClientStream::OnDisconnect:104]
2023-05-17 14:38:36.503	- Info  -	OnDisconnect, error code 0
2023-05-17 14:38:36.503	- Info  -	[oray][erroCode] errorcode=errcode(0), product=0, type=0, inner code=0 [BinaryPluginStream::OnDisconnect:404]
2023-05-17 14:38:36.503	- Info  -	CPluginThreadManager stop plugin thread
2023-05-17 14:38:36.503	- Info  -	[desktop] Separation message loop stop.
2023-05-17 14:38:36.503	- Info  -	CActivePlugin prepare to exit plugin
2023-05-17 14:38:36.503	- Info  -	[desktop] RemoteDesktopPlugin::ExitInstance. >
2023-05-17 14:38:36.503	- Info  -	[clipboard] stop clipboard...
2023-05-17 14:38:36.517	- Info  -	[udpwrapper] udprelay connecting 220.175.60.121:33078 via 122.246.13.13:4118
2023-05-17 14:38:36.517	- Info  -	[clipboard] recv thread end(1).
2023-05-17 14:38:36.517	- Info  -	[clipboard] call CClipboardViewer::DestroyWnd at 190
2023-05-17 14:38:36.517	- Info  -	[clipboard] recv WM_CLOSE, end thread.
2023-05-17 14:38:36.519	- Info  -	[clipboard] Stop Clipboard ok
2023-05-17 14:38:36.550	- Info  -	[desktop] [thread] cancel.
2023-05-17 14:38:36.550	- Info  -	[desktop] RemoteDesktopPlugin::ExitInstance. <
2023-05-17 14:38:36.551	- Info  -	CConnectorRaw::OnEvent() state: CNTS_P2P_DISCONNECT, error: 0, oray errorcode: 0
2023-05-17 14:38:36.551	- Info  -	[oray][erroCode] errorcode=oray_errorcode(0), product=0, type=0, inner code=0 [CConnectorRaw::OnEvent:624]
2023-05-17 14:38:36.551	- Info  -	[oray][erroCode] errorcode=oray_errorcode(0), product=0, type=0, inner code=0 [CP2PStream::CTCPStream::Disconnect_impl:1016]
2023-05-17 14:38:36.551	- Info  -	CConnectorRaw::OnEvent() state: CNTS_DISCONNECTED, error: 0, oray errorcode: 0
2023-05-17 14:38:36.552	- Info  -	[oray][erroCode] errorcode=oray_errorcode(0), product=0, type=0, inner code=0 [CConnectorRaw::OnEvent:624]
2023-05-17 14:38:36.552	- Info  -	CConnectorRaw::Stop in>
2023-05-17 14:38:36.552	- Info  -	[CUDPLibWrapper] map size: 1, value: [220.175.60.121:33078/15772-2] = 0.0.0.0:15772;

2023-05-17 14:38:36.552	- Info  -	[oray][erroCode] errorcode=oray_errorcode(0), product=0, type=0, inner code=0 [CP2PStream::CUDPStream::Disconnect_impl:1044]
2023-05-17 14:38:36.552	- Info  -	[oray][erroCode] errorcode=oray_errorcode(0), product=0, type=0, inner code=0 [CUDPLibStream::Disconnect_impl:73]
2023-05-17 14:38:36.553	- Info  -	CConnectorRaw::Stop out<
2023-05-17 14:38:36.553	- Info  -	sensors close
2023-05-17 14:38:36.567	* Error *	Plugin disconnect with error : 0
2023-05-17 14:38:36.633	- Info  -	[desktop] CRemoteDesktopPlugin::~CRemoteDesktopPlugin(void)
2023-05-17 14:38:36.634	- Info  -	[vpx][decoder] close codec.
2023-05-17 14:38:36.900	- Info  -	CMultiChannelStreamImpl::~CMultiChannelStreamImpl
2023-05-17 14:38:36.902	- Info  -	program remote_plugin is exit 
