2023-05-05 08:40:47.960	- Info  -	version:3.2.1.40406
2023-05-05 08:40:47.965	- Info  -	DPIAwareness set 2 success.
2023-05-05 08:40:47.975	- Info  -	config path: 
2023-05-05 08:40:48.041	- Info  -	[displayclt] CDisplayClient::CDisplayClient(all)
2023-05-05 08:40:48.041	- Info  -	[desktop] CRemoteDesktopPlugin::CRemoteDesktopPlugin(all)
2023-05-05 08:40:48.054	- Info  -	sensors init with file: C:/ProgramData/Oray/SunloginClient/sensors/datas
2023-05-05 08:40:48.068	- Info  -	CMultiChannelStreamImpl::CMultiChannelStreamImpl
2023-05-05 08:40:48.070	- Info  -	CConnectorRaw::OnStreamEvent(1) state: CNTS_FORWARD, error: 0
2023-05-05 08:40:48.070	- Info  -	CConnectorRaw::OnEvent() state: CNTS_FORWARD, error: 0, oray errorcode: 0
2023-05-05 08:40:48.070	- Info  -	[oray][erroCode] errorcode=oray_errorcode(0), product=0, type=0, inner code=0 [CConnectorRaw::OnEvent:624]
2023-05-05 08:40:48.075	* Error *	sensors data send failed!
2023-05-05 08:40:48.164	- Info  -	plugin_public access_token is NULL
2023-05-05 08:40:48.223	- Info  -	attempt to connect server 1113597864.slp2p-east-std246.oray.net:443(117.68.2.102:443)
2023-05-05 08:40:48.403	- Info  -	[TCPConnector] CCurStream handle client_connect
2023-05-05 08:40:48.424	- Info  -	[MultiChannel] Forward channel shake handle 117.68.2.102:443
2023-05-05 08:40:48.424	- Info  -	CMultiChannelStreamImpl::OnConnect()
2023-05-05 08:40:48.425	- Info  -	CClientStream 117.68.2.102:443 OnConnect
2023-05-05 08:40:48.425	- Info  -	CConnectorRaw::OnEvent() state: CNTS_LOGIN, error: 0, oray errorcode: 0
2023-05-05 08:40:48.425	- Info  -	[oray][erroCode] errorcode=oray_errorcode(0), product=0, type=0, inner code=0 [CConnectorRaw::OnEvent:624]
2023-05-05 08:40:48.425	- Info  -	CConnectorRaw::OnEvent() state: CNTS_FWD_SHAKEHANDLE, error: 0, oray errorcode: 0
2023-05-05 08:40:48.425	- Info  -	[oray][erroCode] errorcode=oray_errorcode(0), product=0, type=0, inner code=0 [CConnectorRaw::OnEvent:624]
2023-05-05 08:40:48.717	- Info  -	[MultiChannel] Forward channel connected 117.68.2.102:443
2023-05-05 08:40:48.717	- Info  -	CMultiChannelStreamImpl::OnConnectEvent, status: CNTS_FWD_CONNECTED, isclosed:false, HadFwdConnected: true, HadBeenHolePunch: false
2023-05-05 08:40:48.717	- Info  -	CConnectorRaw::OnEvent() state: CNTS_FWD_CONNECTED, error: 0, oray errorcode: 0
2023-05-05 08:40:48.717	- Info  -	[oray][erroCode] errorcode=oray_errorcode(0), product=0, type=0, inner code=0 [CConnectorRaw::OnEvent:624]
2023-05-05 08:40:48.717	- Info  -	CClientStream 117.68.2.102:443 OnReceive reply 1 
2023-05-05 08:40:48.717	- Info  -	CClientStream 117.68.2.102:443 start keepalive
2023-05-05 08:40:48.717	- Info  -	CClientStream 117.68.2.102:443 login OK
2023-05-05 08:40:48.718	- Info  -	CConnectorRaw::OnEvent() state: CNTS_CONNECTED, error: 0, oray errorcode: 0
2023-05-05 08:40:48.718	- Info  -	[oray][erroCode] errorcode=oray_errorcode(0), product=0, type=0, inner code=0 [CConnectorRaw::OnEvent:624]
2023-05-05 08:40:48.718	- Info  -	CPluginThreadManager start plugin thread
2023-05-05 08:40:48.718	- Info  -	CActivePlugin prepare to init plugin
2023-05-05 08:40:48.719	- Info  -	[desktop] create drag server OK
2023-05-05 08:40:48.719	- Info  -	CActivePlugin prepare to run plugin
2023-05-05 08:40:48.719	- Info  -	[desktop] sending switch desktop type message...
2023-05-05 08:40:48.720	- Info  -	[desktop] request enumerate user list.
2023-05-05 08:40:48.720	- Info  -	[desktop] Separation message loop start.
2023-05-05 08:40:48.720	- Info  -	[desktop] receive enumerate user respond
2023-05-05 08:40:48.720	- Info  -	[desktop] request switch user host message...
2023-05-05 08:40:48.735	* Error *	sensors data send failed!
2023-05-05 08:40:49.054	- Info  -	[desktop] receive switch host message res = 1 
2023-05-05 08:40:49.054	- Info  -	[desktop] request enum screen
2023-05-05 08:40:49.054	- Info  -	[DisplayClient] SetCompression 11/15
2023-05-05 08:40:49.054	- Info  -	[desktop] request start stream
2023-05-05 08:40:49.054	- Info  -	[desktop] SetCompressionParam: layer=1;encoding=4;format=1;reserved=0, size: 38
2023-05-05 08:40:49.154	- Info  -	[desktop] OnQueryConfigRes
2023-05-05 08:40:49.154	- Info  -	[desktop] OnQueryConfigRes
2023-05-05 08:40:49.154	- Info  -	[desktop] recv enum screen, number is 1
2023-05-05 08:40:49.763	- Info  -	[clipboard] start clipboard...
2023-05-05 08:40:49.771	- Info  -	[clipboard][converter] html format 49428
2023-05-05 08:40:49.771	- Info  -	[clipboard][converter] rtf format 49271
2023-05-05 08:40:49.771	- Info  -	[clipboard] start clipboard ok.
2023-05-05 08:40:49.771	- Info  -	[desktop] sync clipboard enable
2023-05-05 08:40:49.882	- Info  -	CClipboardRaw::OnReceiveQueryVersionReq 2
2023-05-05 08:40:50.203	- Info  -	CClipboardRaw::OnReceiveQueryVersionReq 2
2023-05-05 08:40:50.568	- Info  -	SetDisplayMode() w=1440, h=900, bpp=32
2023-05-05 08:40:50.568	- Info  -	ResetBitmap width=1440, height=900, bpp=32, srcbpp=32, Size = 5184000
2023-05-05 08:40:50.568	- Info  -	[DisplayClient] recv image info, width: 1440, height: 900, bpp: 32
2023-05-05 08:40:50.568	- Info  -	[DisplayClient] OnRecvCompInfo format/quality 11/15
2023-05-05 08:40:50.568	- Info  -	[desktop][DisplayClient] recv first frame.
2023-05-05 08:40:50.576	- Info  -	[DisplayClient] recv compimage type: ID_IMAGE_RAPIDCOMP
2023-05-05 08:40:50.653	- Info  -	[vpx] open h264 codec
2023-05-05 08:40:50.655	- Info  -	[vpx] close h264 codec
2023-05-05 08:40:50.655	- Info  -	[vpx] open h264 codec
2023-05-05 08:40:50.692	- Info  -	[desktop][DisplayClient] decode first frame end.
2023-05-05 08:40:50.693	- Info  -	[desktop] receive first frame message
2023-05-05 08:40:50.717	- Info  -	CMultiChannelStreamImpl::ConnectP2PServer, thread id: 1492
2023-05-05 08:40:50.885	- Info  -	CConnectorRaw::OnStreamEvent(1) state: CNTS_P2P, error: 0
2023-05-05 08:40:50.885	- Info  -	CConnectorRaw::OnEvent() state: CNTS_P2P, error: 0, oray errorcode: 0
2023-05-05 08:40:50.885	- Info  -	[oray][erroCode] errorcode=oray_errorcode(0), product=0, type=0, inner code=0 [CConnectorRaw::OnEvent:624]
2023-05-05 08:40:50.885	- Info  -	[P2PConnector] attempt to connect server PHSRC://1113597864.slp2p-east-std246.oray.net:4118/desktop(slp2p-east-std246.oray.net:4118) 
2023-05-05 08:40:50.987	- Info  -	[udp] support straight send in peer : no 117.68.2.102:4118 CConnection::OnConnectRes
2023-05-05 08:40:50.988	- Info  -	[P2PHelper] detect local ip ...
2023-05-05 08:40:50.988	- Info  -	[P2PHelper] detect local ip 172.16.76.4
2023-05-05 08:40:50.988	- Info  -	[P2PHelper] attempt to login P2P Server...
2023-05-05 08:40:51.009	- Info  -	Init D3D2 OK
2023-05-05 08:40:51.009	- Info  -	[DesktopSurface] Use DirectX Paint mode 2
2023-05-05 08:40:51.024	- Info  -	[P2PHelper] Login P2P Server OK
2023-05-05 08:40:51.024	- Info  -	[P2PHelper] OnLoginRes, receive public ip 223.82.110.30:15843
2023-05-05 08:40:51.024	- Info  -	[P2PHelper] sending P2P request ...
2023-05-05 08:40:51.065	- Info  -	Init D3D2 OK
2023-05-05 08:40:51.074	- Info  -	[P2PHelper] receive peer local ip 10.21.160.2:15137, public ip 59.52.253.123:6334
2023-05-05 08:40:51.074	- Info  -	[P2PStream] EstablishP2P local ip 223.82.110.30:15843/172.16.76.4:15843 ==> peer ip 59.52.253.123:6334/10.21.160.2:15137
2023-05-05 08:40:51.101	- Info  -	[maindialog] draw first frame end
2023-05-05 08:40:51.132	- Info  -	[desktop] sync clipboard enable
2023-05-05 08:40:51.132	- Info  -	[http call3] new call id:1, url:https://slapi.oray.net/client/free-tips
2023-05-05 08:40:51.133	- Info  -	[http call3] id:1 create new connection : https://slapi.oray.net:443
2023-05-05 08:40:51.133	- Info  -	[http call3] new call id:2, url:https://slapi.oray.net/remote/get-network
2023-05-05 08:40:51.134	- Info  -	attempt to connect server slapi.oray.net:443(121.40.200.192:443)
2023-05-05 08:40:51.134	- Info  -	[http call3] id:2 use old connection : https://slapi.oray.net:443
2023-05-05 08:40:51.326	- Info  -	[http call3] id:1, url:https://slapi.oray.net/client/free-tips, status code:200
2023-05-05 08:40:51.436	- Info  -	[http call3] id:2, url:https://slapi.oray.net/remote/get-network, status code:200
2023-05-05 08:40:51.493	+Warning+	not found upnp devices on network!
2023-05-05 08:40:51.493	- Info  -	upnpnat_search_thread::ThreadLoop end
2023-05-05 08:40:51.503	- Info  -	[udpwrapper] attempt to establish P2P connection via: 117.68.2.102:4118, (local)172.16.76.4:15843|(public)223.82.110.30:15843 ==> (local)10.21.160.2:15137|(public)59.52.253.123:6334
2023-05-05 08:40:51.778	- Info  -	[drag] QueryVersionRes is true
2023-05-05 08:40:51.805	- Info  -	CClipboardRaw::OnReceiveQueryVersionRes 2
2023-05-05 08:40:52.003	+Warning+	not found upnp devices on network!
2023-05-05 08:40:52.003	+Warning+	[udpwrapper] UPNP discovery failed, 
2023-05-05 08:40:52.045	- Info  -	[udp] OnConnectAck working in advanced mode 2
2023-05-05 08:40:52.045	- Info  -	[udp] support straight send in peer : no 59.52.253.123:6334 CConnection::OnConnectRes
2023-05-05 08:40:52.046	- Info  -	[oray][erroCode] errorcode=oray_errorcode(0), product=0, type=0, inner code=0 [CUDPLibStream::Disconnect_impl:73]
2023-05-05 08:40:52.046	- Info  -	[udp] Disconnect
2023-05-05 08:40:52.046	- Info  -	[udp] SendDisconnect
2023-05-05 08:40:52.046	- Info  -	[P2PHelper] MainServer disconnect
2023-05-05 08:40:52.046	- Info  -	[MultiChannel] P2P channel shake handle 59.52.253.123:6334
2023-05-05 08:40:52.046	- Info  -	CConnectorRaw::OnEvent() state: CNTS_P2P_SHAKEHANDLE, error: 0, oray errorcode: 0
2023-05-05 08:40:52.046	- Info  -	[oray][erroCode] errorcode=oray_errorcode(0), product=0, type=0, inner code=0 [CConnectorRaw::OnEvent:624]
2023-05-05 08:40:52.046	- Info  -	[MultiChannel] send SHAKE_HANDLES_MSG, read 190282, write 3814
2023-05-05 08:40:52.046	- Info  -	[P2PStream] connected (by udp) 0.0.0.0:15843 <--> 59.52.253.123:6334
2023-05-05 08:40:52.063	- Info  -	[MultiChannel] Received SHAKE_HANDLES_MSG, read 3834 / (local write 3814), write 190262 / (local read 190282)
2023-05-05 08:40:52.063	- Info  -	[MultiChannel] P2P channel connected 59.52.253.123:6334
2023-05-05 08:40:52.063	- Info  -	CConnectorRaw::OnEvent() state: CNTS_P2P_CONNECTED, error: 0, oray errorcode: 0
2023-05-05 08:40:52.063	- Info  -	[oray][erroCode] errorcode=oray_errorcode(0), product=0, type=0, inner code=0 [CConnectorRaw::OnEvent:624]
2023-05-05 08:40:52.073	- Info  -	[udpwrapper] disconnect reason : 1
2023-05-05 08:40:52.073	- Info  -	[oray][erroCode] errorcode=oray_errorcode(57354), product=0, type=3, inner code=10 [CUDPLibWrapper::OnDisconnect:833]
2023-05-05 08:40:52.073	- Info  -	[udpwrapper] Disconnect 117.68.2.102:4118 @ 838
2023-05-05 08:40:52.073	- Info  -	[oray][erroCode] errorcode=oray_errorcode(57354), product=0, type=3, inner code=10 [CUDPLibStream::Disconnect_impl:73]
2023-05-05 08:40:52.108	- Info  -	[MultiChannel] forward data read completed @ 462
2023-05-05 08:40:52.121	- Info  -	[udpwrapper] receive p2p hello message from 59.52.253.123:6334, stop hole punch thread @1325
2023-05-05 08:40:52.122	+Warning+	[udpwrapper] stream has disconnect @ 1406
2023-05-05 08:40:52.125	- Info  -	[MultiChannel] write data when p2p state is CONNECTED, is full 0, writed data 3814 / peer read 3834, left 20, size 52 @ 153
2023-05-05 08:40:52.143	- Info  -	[MultiChannel] forward data write completed @ 216
2023-05-05 08:41:00.769	- Info  -	Init D3D2 OK
2023-05-05 08:41:00.793	* Error *	sensors data send failed!
2023-05-05 08:41:04.467	* Error *	sensors data send failed!
2023-05-05 08:41:06.443	* Error *	SSLStream::IsWantReadWrite|peer(121.40.200.192:443), SSL_read failed( 6 ), error:00000000:lib(0):func(0):reason(0), file( ..\includes\common\phstream\SSLStream.cpp:1898 )
2023-05-05 08:41:06.444	- Info  -	[http call3] disconnect, error( 0 )
2023-05-05 08:43:20.352	- Info  -	[clipboard] CClipboardViewer::OnClipboardUpdate
2023-05-05 08:43:20.352	- Info  -	[clipboard] push format(2) 8
2023-05-05 08:43:20.407	- Info  -	[clipboard] CClipboardViewer::OnClipboardUpdate
2023-05-05 08:43:20.407	- Info  -	[clipboard] push format(2) 8
2023-05-05 08:43:40.593	* Error *	sensors data send failed!
2023-05-05 08:43:40.598	- Info  -	[oray][erroCode] errorcode=oray_errorcode(0), product=0, type=0, inner code=0 [CMultiChannelStream::Disconnect_impl:254]
2023-05-05 08:43:40.601	- Info  -	[TCPConnector] CCurStream handle client_disconnect
2023-05-05 08:43:40.601	- Info  -	[oray][erroCode] errorcode=transf(0), product=0, type=0, inner code=0 [CMultiChannelStream::ForwardHandler::Handle:647]
2023-05-05 08:43:40.612	- Info  -	CConnectorRaw::OnEvent() state: CNTS_FWD_DISCONNECT, error: 0, oray errorcode: 0
2023-05-05 08:43:40.612	- Info  -	[oray][erroCode] errorcode=oray_errorcode(0), product=0, type=0, inner code=0 [CConnectorRaw::OnEvent:624]
2023-05-05 08:43:40.612	+Warning+	[MultiChannel] unbind forward stream(errorcode 0) @ 651
2023-05-05 08:43:40.612	- Info  -	[oray][erroCode] errorcode=oray_errorcode(0), product=0, type=0, inner code=0 [CP2PStream::Disconnect_impl:678]
2023-05-05 08:43:40.612	- Info  -	[oray][erroCode] errorcode=oray_errorcode(0), product=0, type=0, inner code=0 [CP2PStream::CUDPStream::Disconnect_impl:1044]
2023-05-05 08:43:40.612	- Info  -	[oray][erroCode] errorcode=oray_errorcode(0), product=0, type=0, inner code=0 [CUDPLibStream::Disconnect_impl:73]
2023-05-05 08:43:40.612	- Info  -	[udp] Disconnect
2023-05-05 08:43:40.614	- Info  -	[udp] SendDisconnect
2023-05-05 08:43:40.614	- Info  -	[MultiChannel] P2P channel disconnect 59.52.253.123:6334
2023-05-05 08:43:40.614	- Info  -	[oray][erroCode] errorcode=transf(0), product=0, type=0, inner code=0 [CMultiChannelStream::P2PHandler::Handle:834]
2023-05-05 08:43:40.614	- Info  -	[oray][erroCode] errorcode=transf(0), product=0, type=0, inner code=0 [CMultiChannelStream::HandleDisconnect:1041]
2023-05-05 08:43:40.614	- Info  -	CMultiChannelStreamImpl::OnDisconnect()
2023-05-05 08:43:40.614	- Info  -	[oray][erroCode] errorcode=oray_errorcode(0), product=0, type=0, inner code=0 [CMultiChannelStreamImpl::OnDisconnect:100]
2023-05-05 08:43:40.614	- Info  -	CClientStream 59.52.253.123:6334 OnDisconnect, errocde:0
2023-05-05 08:43:40.614	- Info  -	[oray][erroCode] errorcode=errcode(0), product=0, type=0, inner code=0 [CClientStream::OnDisconnect:104]
2023-05-05 08:43:40.614	- Info  -	OnDisconnect, error code 0
2023-05-05 08:43:40.614	- Info  -	[oray][erroCode] errorcode=errcode(0), product=0, type=0, inner code=0 [BinaryPluginStream::OnDisconnect:404]
2023-05-05 08:43:40.614	- Info  -	CPluginThreadManager stop plugin thread
2023-05-05 08:43:40.622	- Info  -	[desktop] Separation message loop stop.
2023-05-05 08:43:40.622	- Info  -	CActivePlugin prepare to exit plugin
2023-05-05 08:43:40.623	- Info  -	[desktop] RemoteDesktopPlugin::ExitInstance. >
2023-05-05 08:43:40.623	- Info  -	[clipboard] stop clipboard...
2023-05-05 08:43:40.628	- Info  -	[udpwrapper] disconnect reason : 1
2023-05-05 08:43:40.628	- Info  -	[oray][erroCode] errorcode=oray_errorcode(57354), product=0, type=3, inner code=10 [CUDPLibWrapper::OnDisconnect:833]
2023-05-05 08:43:40.628	- Info  -	[udpwrapper] Disconnect 59.52.253.123:6334 @ 838
2023-05-05 08:43:40.629	- Info  -	[oray][erroCode] errorcode=oray_errorcode(57354), product=0, type=3, inner code=10 [CP2PStream::CUDPStream::Disconnect_impl:1044]
2023-05-05 08:43:40.629	- Info  -	[oray][erroCode] errorcode=oray_errorcode(57354), product=0, type=3, inner code=10 [CUDPLibStream::Disconnect_impl:73]
2023-05-05 08:43:40.629	- Info  -	[clipboard] recv thread end(1).
2023-05-05 08:43:40.629	- Info  -	[clipboard] call CClipboardViewer::DestroyWnd at 190
2023-05-05 08:43:40.629	- Info  -	[clipboard] recv WM_CLOSE, end thread.
2023-05-05 08:43:40.630	- Info  -	[clipboard] Stop Clipboard ok
2023-05-05 08:43:40.644	- Info  -	[desktop] [thread] cancel.
2023-05-05 08:43:40.644	- Info  -	[desktop] RemoteDesktopPlugin::ExitInstance. <
2023-05-05 08:43:40.645	- Info  -	CConnectorRaw::OnEvent() state: CNTS_P2P_DISCONNECT, error: 0, oray errorcode: 0
2023-05-05 08:43:40.645	- Info  -	[oray][erroCode] errorcode=oray_errorcode(0), product=0, type=0, inner code=0 [CConnectorRaw::OnEvent:624]
2023-05-05 08:43:40.645	- Info  -	[oray][erroCode] errorcode=oray_errorcode(0), product=0, type=0, inner code=0 [CP2PStream::CTCPStream::Disconnect_impl:1016]
2023-05-05 08:43:40.645	- Info  -	CConnectorRaw::OnEvent() state: CNTS_DISCONNECTED, error: 0, oray errorcode: 0
2023-05-05 08:43:40.645	- Info  -	[oray][erroCode] errorcode=oray_errorcode(0), product=0, type=0, inner code=0 [CConnectorRaw::OnEvent:624]
2023-05-05 08:43:40.645	- Info  -	CConnectorRaw::Stop in>
2023-05-05 08:43:40.646	- Info  -	[CUDPLibWrapper] map size: 0, value: 
2023-05-05 08:43:40.646	- Info  -	CConnectorRaw::Stop out<
2023-05-05 08:43:40.647	- Info  -	sensors close
2023-05-05 08:43:40.652	* Error *	Plugin disconnect with error : 0
2023-05-05 08:43:40.680	- Info  -	[desktop] CRemoteDesktopPlugin::~CRemoteDesktopPlugin(void)
2023-05-05 08:43:40.680	- Info  -	[vpx] close h264 codec
2023-05-05 08:43:40.753	- Info  -	CMultiChannelStreamImpl::~CMultiChannelStreamImpl
2023-05-05 08:43:40.754	- Info  -	program remote_plugin is exit 
