2023-02-08 20:31:55.746	- Info  -	version:3.2.1.40406
2023-02-08 20:31:55.763	- Info  -	DPIAwareness set 2 success.
2023-02-08 20:31:55.774	- Info  -	config path: 
2023-02-08 20:31:56.036	- Info  -	[displayclt] CDisplayClient::CDisplayClient(all)
2023-02-08 20:31:56.036	- Info  -	[desktop] CRemoteDesktopPlugin::CRemoteDesktopPlugin(all)
2023-02-08 20:31:56.072	- Info  -	CMultiChannelStreamImpl::CMultiChannelStreamImpl
2023-02-08 20:31:56.075	- Info  -	CConnectorRaw::OnStreamEvent(1) state: CNTS_FORWARD, error: 0
2023-02-08 20:31:56.075	- Info  -	CConnectorRaw::OnEvent() state: CNTS_FORWARD, error: 0, oray errorcode: 0
2023-02-08 20:31:56.076	- Info  -	[oray][erroCode] errorcode=oray_errorcode(0), product=0, type=0, inner code=0 [CConnectorRaw::OnEvent:624]
2023-02-08 20:31:56.109	- Info  -	sensors init with file: C:/ProgramData/Oray/SunloginClient/sensors/datas
2023-02-08 20:31:56.111	* Error *	sensors data send failed!
2023-02-08 20:31:56.281	- Info  -	attempt to connect server 204334504.slp2p-east-std280.oray.net:443(117.68.2.24:443)
2023-02-08 20:31:56.420	- Info  -	plugin_public access_token is NULL
2023-02-08 20:31:57.379	* Error *	sensors data send failed!
2023-02-08 20:31:58.105	- Info  -	[TCPConnector] CCurStream handle client_connect
2023-02-08 20:31:58.232	- Info  -	[MultiChannel] Forward channel shake handle 117.68.2.24:443
2023-02-08 20:31:58.232	- Info  -	CMultiChannelStreamImpl::OnConnect()
2023-02-08 20:31:58.232	- Info  -	CClientStream 117.68.2.24:443 OnConnect
2023-02-08 20:31:58.233	- Info  -	CConnectorRaw::OnEvent() state: CNTS_LOGIN, error: 0, oray errorcode: 0
2023-02-08 20:31:58.233	- Info  -	[oray][erroCode] errorcode=oray_errorcode(0), product=0, type=0, inner code=0 [CConnectorRaw::OnEvent:624]
2023-02-08 20:31:58.233	- Info  -	CConnectorRaw::OnEvent() state: CNTS_FWD_SHAKEHANDLE, error: 0, oray errorcode: 0
2023-02-08 20:31:58.233	- Info  -	[oray][erroCode] errorcode=oray_errorcode(0), product=0, type=0, inner code=0 [CConnectorRaw::OnEvent:624]
2023-02-08 20:31:58.395	- Info  -	[MultiChannel] Forward channel connected 117.68.2.24:443
2023-02-08 20:31:58.395	- Info  -	CMultiChannelStreamImpl::OnConnectEvent, status: CNTS_FWD_CONNECTED, isclosed:false, HadFwdConnected: true, HadBeenHolePunch: false
2023-02-08 20:31:58.395	- Info  -	CConnectorRaw::OnEvent() state: CNTS_FWD_CONNECTED, error: 0, oray errorcode: 0
2023-02-08 20:31:58.395	- Info  -	[oray][erroCode] errorcode=oray_errorcode(0), product=0, type=0, inner code=0 [CConnectorRaw::OnEvent:624]
2023-02-08 20:31:58.395	- Info  -	CClientStream 117.68.2.24:443 OnReceive reply 1 
2023-02-08 20:31:58.395	- Info  -	CClientStream 117.68.2.24:443 start keepalive
2023-02-08 20:31:58.395	- Info  -	CClientStream 117.68.2.24:443 login OK
2023-02-08 20:31:58.395	- Info  -	CConnectorRaw::OnEvent() state: CNTS_CONNECTED, error: 0, oray errorcode: 0
2023-02-08 20:31:58.395	- Info  -	[oray][erroCode] errorcode=oray_errorcode(0), product=0, type=0, inner code=0 [CConnectorRaw::OnEvent:624]
2023-02-08 20:31:58.395	- Info  -	CPluginThreadManager start plugin thread
2023-02-08 20:31:58.399	- Info  -	CActivePlugin prepare to init plugin
2023-02-08 20:31:58.401	- Info  -	[desktop] create drag server OK
2023-02-08 20:31:58.402	- Info  -	CActivePlugin prepare to run plugin
2023-02-08 20:31:58.405	- Info  -	[desktop] Separation message loop start.
2023-02-08 20:31:58.405	- Info  -	[desktop] sending switch desktop type message...
2023-02-08 20:31:58.405	- Info  -	[desktop] receive enumerate user respond
2023-02-08 20:31:58.405	- Info  -	[desktop] request switch user host message...
2023-02-08 20:31:58.405	- Info  -	[desktop] request enumerate user list.
2023-02-08 20:31:58.555	- Info  -	[desktop] receive switch host message res = 1 
2023-02-08 20:31:58.555	- Info  -	[desktop] request enum screen
2023-02-08 20:31:58.555	- Info  -	[DisplayClient] SetCompression 11/15
2023-02-08 20:31:58.555	- Info  -	[desktop] request start stream
2023-02-08 20:31:58.556	- Info  -	[desktop] SetCompressionParam: layer=1;encoding=4;format=1;reserved=0, size: 38
2023-02-08 20:31:58.623	- Info  -	[desktop] OnQueryConfigRes
2023-02-08 20:31:58.623	- Info  -	[desktop] OnQueryConfigRes
2023-02-08 20:31:58.623	- Info  -	[desktop] recv enum screen, number is 1
2023-02-08 20:31:59.049	- Info  -	[clipboard] start clipboard...
2023-02-08 20:31:59.061	- Info  -	[clipboard][converter] html format 49455
2023-02-08 20:31:59.061	- Info  -	[clipboard][converter] rtf format 49289
2023-02-08 20:31:59.061	- Info  -	[clipboard] start clipboard ok.
2023-02-08 20:31:59.061	- Info  -	[desktop] sync clipboard enable
2023-02-08 20:31:59.235	- Info  -	SetDisplayMode() w=1600, h=900, bpp=32
2023-02-08 20:31:59.235	- Info  -	ResetBitmap width=1600, height=900, bpp=32, srcbpp=32, Size = 5760000
2023-02-08 20:31:59.235	- Info  -	[DisplayClient] recv image info, width: 1600, height: 900, bpp: 32
2023-02-08 20:31:59.236	- Info  -	[DisplayClient] OnRecvCompInfo format/quality 11/15
2023-02-08 20:31:59.236	- Info  -	[desktop][DisplayClient] recv first frame.
2023-02-08 20:31:59.243	- Info  -	[DisplayClient] recv compimage type: ID_IMAGE_RAPIDCOMP
2023-02-08 20:31:59.318	- Info  -	[vpx] open codec.
2023-02-08 20:31:59.376	- Info  -	[desktop][DisplayClient] decode first frame end.
2023-02-08 20:31:59.377	- Info  -	[desktop] receive first frame message
2023-02-08 20:31:59.377	- Info  -	CClipboardRaw::OnReceiveQueryVersionReq 2
2023-02-08 20:31:59.410	- Info  -	CClipboardRaw::OnReceiveQueryVersionReq 2
2023-02-08 20:31:59.540	- Info  -	Init D3D2 OK
2023-02-08 20:31:59.540	- Info  -	[DesktopSurface] Use DirectX Paint mode 2
2023-02-08 20:31:59.585	- Info  -	Init D3D2 OK
2023-02-08 20:31:59.610	- Info  -	[maindialog] draw first frame end
2023-02-08 20:31:59.640	- Info  -	[desktop] sync clipboard enable
2023-02-08 20:31:59.640	- Info  -	[http call3] new call id:1, url:https://slapi.oray.net/client/free-tips
2023-02-08 20:31:59.641	- Info  -	[http call3] id:1 create new connection : https://slapi.oray.net:443
2023-02-08 20:31:59.642	- Info  -	[http call3] new call id:2, url:https://slapi.oray.net/remote/get-network
2023-02-08 20:31:59.665	- Info  -	attempt to connect server slapi.oray.net:443(121.40.200.192:443)
2023-02-08 20:31:59.666	- Info  -	[http call3] id:2 use old connection : https://slapi.oray.net:443
2023-02-08 20:32:00.182	- Info  -	[http call3] id:1, url:https://slapi.oray.net/client/free-tips, status code:200
2023-02-08 20:32:00.275	- Info  -	[http call3] id:2, url:https://slapi.oray.net/remote/get-network, status code:200
2023-02-08 20:32:00.394	- Info  -	CMultiChannelStreamImpl::ConnectP2PServer, thread id: 10724
2023-02-08 20:32:00.554	- Info  -	CConnectorRaw::OnStreamEvent(1) state: CNTS_P2P, error: 0
2023-02-08 20:32:00.554	- Info  -	CConnectorRaw::OnEvent() state: CNTS_P2P, error: 0, oray errorcode: 0
2023-02-08 20:32:00.554	- Info  -	[oray][erroCode] errorcode=oray_errorcode(0), product=0, type=0, inner code=0 [CConnectorRaw::OnEvent:624]
2023-02-08 20:32:00.554	- Info  -	[P2PConnector] attempt to connect server PHSRC://204334504.slp2p-east-std280.oray.net:4118/desktop(slp2p-east-std280.oray.net:4118) 
2023-02-08 20:32:00.626	- Info  -	[udp] support straight send in peer : no 117.68.2.24:4118 CConnection::OnConnectRes
2023-02-08 20:32:00.627	- Info  -	[P2PHelper] detect local ip ...
2023-02-08 20:32:00.627	- Info  -	[P2PHelper] detect local ip 192.168.0.106
2023-02-08 20:32:00.627	- Info  -	[P2PHelper] attempt to login P2P Server...
2023-02-08 20:32:00.667	- Info  -	[P2PHelper] Login P2P Server OK
2023-02-08 20:32:00.667	- Info  -	[P2PHelper] OnLoginRes, receive public ip 183.219.206.222:27693
2023-02-08 20:32:00.667	- Info  -	[P2PHelper] sending P2P request ...
2023-02-08 20:32:00.706	- Info  -	[P2PHelper] receive peer local ip 10.21.26.2:15266, public ip 220.175.31.165:3151
2023-02-08 20:32:00.706	- Info  -	[P2PStream] EstablishP2P local ip 183.219.206.222:27693/192.168.0.106:15945 ==> peer ip 220.175.31.165:3151/10.21.26.2:15266
2023-02-08 20:32:01.356	- Info  -	discovery ok, find root devices: http://192.168.0.1:1900/igd.xml
2023-02-08 20:32:01.462	- Info  -	[drag] QueryVersionRes is true
2023-02-08 20:32:01.462	- Info  -	CClipboardRaw::OnReceiveQueryVersionRes 2
2023-02-08 20:32:01.585	- Info  -	external ip address 192.168.1.3
2023-02-08 20:32:01.585	- Info  -	upnpnat_search_thread::ThreadLoop end
2023-02-08 20:32:01.595	- Info  -	[udpwrapper] attempt to establish P2P connection via: 117.68.2.24:4118, (local)192.168.0.106:15945|(public)183.219.206.222:27693 ==> (local)10.21.26.2:15266|(public)220.175.31.165:3151
2023-02-08 20:32:01.595	- Info  -	add_port_mapping external port 27693, internalclient ip 192.168.0.106, internal port 15945
2023-02-08 20:32:01.677	- Info  -	add_port_mapping ok
2023-02-08 20:32:01.714	- Info  -	[udp] OnConnectAck working in advanced mode 2
2023-02-08 20:32:01.714	- Info  -	[udp] support straight send in peer : yes 220.175.31.165:3151 CConnection::OnConnectRes
2023-02-08 20:32:01.715	- Info  -	[oray][erroCode] errorcode=oray_errorcode(0), product=0, type=0, inner code=0 [CUDPLibStream::Disconnect_impl:73]
2023-02-08 20:32:01.715	- Info  -	[udp] Disconnect
2023-02-08 20:32:01.715	- Info  -	[udp] SendDisconnect
2023-02-08 20:32:01.715	- Info  -	[P2PHelper] MainServer disconnect
2023-02-08 20:32:01.716	- Info  -	[MultiChannel] P2P channel shake handle 220.175.31.165:3151
2023-02-08 20:32:01.716	- Info  -	CConnectorRaw::OnEvent() state: CNTS_P2P_SHAKEHANDLE, error: 0, oray errorcode: 0
2023-02-08 20:32:01.716	- Info  -	[oray][erroCode] errorcode=oray_errorcode(0), product=0, type=0, inner code=0 [CConnectorRaw::OnEvent:624]
2023-02-08 20:32:01.716	- Info  -	[MultiChannel] send SHAKE_HANDLES_MSG, read 100445, write 3408
2023-02-08 20:32:01.716	- Info  -	[P2PStream] connected (by udp) 0.0.0.0:15945 <--> 220.175.31.165:3151
2023-02-08 20:32:01.857	- Info  -	[MultiChannel] Received SHAKE_HANDLES_MSG, read 3428 / (local write 3408), write 100425 / (local read 100445)
2023-02-08 20:32:01.857	- Info  -	[MultiChannel] P2P channel connected 220.175.31.165:3151
2023-02-08 20:32:01.857	- Info  -	CConnectorRaw::OnEvent() state: CNTS_P2P_CONNECTED, error: 0, oray errorcode: 0
2023-02-08 20:32:01.857	- Info  -	[oray][erroCode] errorcode=oray_errorcode(0), product=0, type=0, inner code=0 [CConnectorRaw::OnEvent:624]
2023-02-08 20:32:01.868	- Info  -	[MultiChannel] forward data read completed @ 462
2023-02-08 20:32:01.868	- Info  -	[udpwrapper] disconnect reason : 1
2023-02-08 20:32:01.868	- Info  -	[oray][erroCode] errorcode=oray_errorcode(57354), product=0, type=3, inner code=10 [CUDPLibWrapper::OnDisconnect:833]
2023-02-08 20:32:01.868	- Info  -	[udpwrapper] Disconnect 117.68.2.24:4118 @ 838
2023-02-08 20:32:01.868	- Info  -	[oray][erroCode] errorcode=oray_errorcode(57354), product=0, type=3, inner code=10 [CUDPLibStream::Disconnect_impl:73]
2023-02-08 20:32:01.894	- Info  -	[MultiChannel] write data when p2p state is CONNECTED, is full 0, writed data 3408 / peer read 3428, left 20, size 52 @ 153
2023-02-08 20:32:01.897	* Error *	[vpx] Failed to decode frame.: Corrupt frame detected
2023-02-08 20:32:01.897	* Error *	[vpx]    Failed to decode tile data
2023-02-08 20:32:01.897	- Info  -	[vpx][decoder] close codec.
2023-02-08 20:32:01.900	+Warning+	[DisplayClient][report] transfer faild, count: 1.
2023-02-08 20:32:01.900	* Error *	[oray][erroCode] errorcode=ORAY_ERROR_CTRLDESKTOP_DECODE_FRAME_FAILED(134275073), product=2, type=3, inner code=1 [CDisplayClient::DecodeFrameData:628]
2023-02-08 20:32:01.900	- Info  -	[MultiChannel] forward data write completed @ 216
2023-02-08 20:32:14.414	* Error *	sensors data send failed!
2023-02-08 20:32:15.293	* Error *	SSLStream::IsWantReadWrite|peer(121.40.200.192:443), SSL_read failed( 6 ), error:00000000:lib(0):func(0):reason(0), file( ..\includes\common\phstream\SSLStream.cpp:1898 )
2023-02-08 20:32:15.293	- Info  -	[http call3] disconnect, error( 0 )
2023-02-08 20:34:16.986	- Info  -	Init D3D2 OK
2023-02-08 20:34:17.179	- Info  -	Init D3D2 OK
2023-02-08 20:34:17.213	- Info  -	Init D3D2 OK
2023-02-08 20:34:17.243	- Info  -	Init D3D2 OK
2023-02-08 20:34:17.272	- Info  -	Init D3D2 OK
2023-02-08 20:34:17.299	- Info  -	Init D3D2 OK
2023-02-08 20:34:17.325	- Info  -	Init D3D2 OK
2023-02-08 20:34:17.353	- Info  -	Init D3D2 OK
2023-02-08 20:34:17.379	- Info  -	Init D3D2 OK
2023-02-08 20:34:17.405	- Info  -	Init D3D2 OK
2023-02-08 20:34:17.441	- Info  -	Init D3D2 OK
2023-02-08 20:34:17.470	- Info  -	Init D3D2 OK
2023-02-08 20:34:17.495	- Info  -	Init D3D2 OK
2023-02-08 20:34:17.521	- Info  -	Init D3D2 OK
2023-02-08 20:34:17.551	- Info  -	Init D3D2 OK
2023-02-08 20:34:17.575	- Info  -	Init D3D2 OK
2023-02-08 20:34:17.603	- Info  -	Init D3D2 OK
2023-02-08 20:34:17.643	- Info  -	Init D3D2 OK
2023-02-08 20:34:17.671	- Info  -	Init D3D2 OK
2023-02-08 20:34:17.696	- Info  -	Init D3D2 OK
2023-02-08 20:34:17.723	- Info  -	Init D3D2 OK
2023-02-08 20:34:17.758	- Info  -	Init D3D2 OK
2023-02-08 20:34:17.792	- Info  -	Init D3D2 OK
2023-02-08 20:34:17.846	- Info  -	Init D3D2 OK
2023-02-08 20:34:17.874	- Info  -	Init D3D2 OK
2023-02-08 20:34:17.897	- Info  -	Init D3D2 OK
2023-02-08 20:34:17.922	- Info  -	Init D3D2 OK
2023-02-08 20:34:17.949	- Info  -	Init D3D2 OK
2023-02-08 20:34:17.974	- Info  -	Init D3D2 OK
2023-02-08 20:34:18.001	- Info  -	Init D3D2 OK
2023-02-08 20:34:18.028	- Info  -	Init D3D2 OK
2023-02-08 20:34:18.054	- Info  -	Init D3D2 OK
2023-02-08 20:34:18.091	- Info  -	Init D3D2 OK
2023-02-08 20:34:18.118	- Info  -	Init D3D2 OK
2023-02-08 20:34:18.141	- Info  -	Init D3D2 OK
2023-02-08 20:34:18.166	- Info  -	Init D3D2 OK
2023-02-08 20:34:18.622	- Info  -	Init D3D2 OK
2023-02-08 20:34:27.409	- Info  -	[vpx] open codec.
2023-02-08 20:34:27.410	* Error *	[vpx] Failed to decode frame.: Unspecified internal error
2023-02-08 20:34:27.410	- Info  -	[vpx][decoder] close codec.
2023-02-08 20:34:27.410	+Warning+	[DisplayClient][report] transfer faild, count: 2.
2023-02-08 20:34:27.410	* Error *	[oray][erroCode] errorcode=ORAY_ERROR_CTRLDESKTOP_DECODE_FRAME_FAILED(134275073), product=2, type=3, inner code=1 [CDisplayClient::DecodeFrameData:628]
2023-02-08 20:34:34.601	- Info  -	Init D3D2 OK
2023-02-08 20:34:34.819	- Info  -	Init D3D2 OK
2023-02-08 20:34:34.851	- Info  -	Init D3D2 OK
2023-02-08 20:34:34.894	- Info  -	Init D3D2 OK
2023-02-08 20:34:34.923	- Info  -	Init D3D2 OK
2023-02-08 20:34:35.323	- Info  -	Init D3D2 OK
2023-02-08 20:34:36.906	- Info  -	Init D3D2 OK
2023-02-08 20:34:37.113	- Info  -	Init D3D2 OK
2023-02-08 20:34:37.149	- Info  -	Init D3D2 OK
2023-02-08 20:34:37.180	- Info  -	Init D3D2 OK
2023-02-08 20:34:37.205	- Info  -	Init D3D2 OK
2023-02-08 20:34:37.235	- Info  -	Init D3D2 OK
2023-02-08 20:34:37.259	- Info  -	Init D3D2 OK
2023-02-08 20:34:37.287	- Info  -	Init D3D2 OK
2023-02-08 20:34:37.313	- Info  -	Init D3D2 OK
2023-02-08 20:34:37.340	- Info  -	Init D3D2 OK
2023-02-08 20:34:37.367	- Info  -	Init D3D2 OK
2023-02-08 20:34:37.391	- Info  -	Init D3D2 OK
2023-02-08 20:34:37.417	- Info  -	Init D3D2 OK
2023-02-08 20:34:37.441	- Info  -	Init D3D2 OK
2023-02-08 20:34:37.470	- Info  -	Init D3D2 OK
2023-02-08 20:34:37.509	- Info  -	Init D3D2 OK
2023-02-08 20:34:37.905	- Info  -	Init D3D2 OK
2023-02-08 20:34:41.292	- Info  -	[vpx] open codec.
2023-02-08 20:34:41.294	* Error *	[vpx] Failed to decode frame.: Unspecified internal error
2023-02-08 20:34:41.294	- Info  -	[vpx][decoder] close codec.
2023-02-08 20:34:41.294	+Warning+	[DisplayClient][report] transfer faild, count: 3.
2023-02-08 20:34:41.294	* Error *	[oray][erroCode] errorcode=ORAY_ERROR_CTRLDESKTOP_DECODE_FRAME_FAILED(134275073), product=2, type=3, inner code=1 [CDisplayClient::DecodeFrameData:628]
2023-02-08 20:34:44.107	- Info  -	Init D3D2 OK
2023-02-08 20:34:44.552	- Info  -	Init D3D2 OK
2023-02-08 20:34:44.670	- Info  -	Init D3D2 OK
2023-02-08 20:34:44.778	- Info  -	Init D3D2 OK
2023-02-08 20:34:44.881	- Info  -	Init D3D2 OK
2023-02-08 20:34:45.168	- Info  -	Init D3D2 OK
2023-02-08 20:34:45.279	- Info  -	Init D3D2 OK
2023-02-08 20:34:46.694	- Info  -	Init D3D2 OK
2023-02-08 20:34:46.859	- Info  -	Init D3D2 OK
2023-02-08 20:34:46.889	- Info  -	Init D3D2 OK
2023-02-08 20:34:46.916	- Info  -	Init D3D2 OK
2023-02-08 20:34:46.943	- Info  -	Init D3D2 OK
2023-02-08 20:34:46.966	- Info  -	Init D3D2 OK
2023-02-08 20:34:46.992	- Info  -	Init D3D2 OK
2023-02-08 20:34:47.015	- Info  -	Init D3D2 OK
2023-02-08 20:34:47.042	- Info  -	Init D3D2 OK
2023-02-08 20:34:47.066	- Info  -	Init D3D2 OK
2023-02-08 20:34:47.091	- Info  -	Init D3D2 OK
2023-02-08 20:34:47.121	- Info  -	Init D3D2 OK
2023-02-08 20:34:47.148	- Info  -	Init D3D2 OK
2023-02-08 20:34:47.171	- Info  -	Init D3D2 OK
2023-02-08 20:34:47.198	- Info  -	Init D3D2 OK
2023-02-08 20:34:47.221	- Info  -	Init D3D2 OK
2023-02-08 20:34:47.246	- Info  -	Init D3D2 OK
2023-02-08 20:34:47.277	- Info  -	Init D3D2 OK
2023-02-08 20:34:47.300	- Info  -	Init D3D2 OK
2023-02-08 20:34:47.327	- Info  -	Init D3D2 OK
2023-02-08 20:34:47.351	- Info  -	Init D3D2 OK
2023-02-08 20:34:47.378	- Info  -	Init D3D2 OK
2023-02-08 20:34:47.402	- Info  -	Init D3D2 OK
2023-02-08 20:34:47.428	- Info  -	Init D3D2 OK
2023-02-08 20:34:47.452	- Info  -	Init D3D2 OK
2023-02-08 20:34:47.475	- Info  -	Init D3D2 OK
2023-02-08 20:34:47.515	- Info  -	Init D3D2 OK
2023-02-08 20:34:47.535	- Info  -	Init D3D2 OK
2023-02-08 20:34:49.003	- Info  -	Init D3D2 OK
2023-02-08 20:34:49.207	- Info  -	Init D3D2 OK
2023-02-08 20:34:49.236	- Info  -	Init D3D2 OK
2023-02-08 20:34:49.264	- Info  -	Init D3D2 OK
2023-02-08 20:34:49.290	- Info  -	Init D3D2 OK
2023-02-08 20:34:49.314	- Info  -	Init D3D2 OK
2023-02-08 20:34:49.341	- Info  -	Init D3D2 OK
2023-02-08 20:34:49.365	- Info  -	Init D3D2 OK
2023-02-08 20:34:49.390	- Info  -	Init D3D2 OK
2023-02-08 20:34:49.415	- Info  -	Init D3D2 OK
2023-02-08 20:34:49.441	- Info  -	Init D3D2 OK
2023-02-08 20:34:49.464	- Info  -	Init D3D2 OK
2023-02-08 20:34:49.487	- Info  -	Init D3D2 OK
2023-02-08 20:34:49.513	- Info  -	Init D3D2 OK
2023-02-08 20:34:49.537	- Info  -	Init D3D2 OK
2023-02-08 20:34:49.562	- Info  -	Init D3D2 OK
2023-02-08 20:34:49.585	- Info  -	Init D3D2 OK
2023-02-08 20:34:49.611	- Info  -	Init D3D2 OK
2023-02-08 20:34:49.634	- Info  -	Init D3D2 OK
2023-02-08 20:34:49.666	- Info  -	Init D3D2 OK
2023-02-08 20:34:49.814	- Info  -	Init D3D2 OK
2023-02-08 20:34:55.018	- Info  -	[vpx] open codec.
2023-02-08 20:34:55.018	* Error *	[vpx] Failed to decode frame.: Unspecified internal error
2023-02-08 20:34:55.018	- Info  -	[vpx][decoder] close codec.
2023-02-08 20:34:55.019	+Warning+	[DisplayClient][report] transfer faild, count: 4.
2023-02-08 20:34:55.019	* Error *	[oray][erroCode] errorcode=ORAY_ERROR_CTRLDESKTOP_DECODE_FRAME_FAILED(134275073), product=2, type=3, inner code=1 [CDisplayClient::DecodeFrameData:628]
2023-02-08 20:34:58.845	- Info  -	Init D3D2 OK
2023-02-08 20:34:59.085	- Info  -	Init D3D2 OK
2023-02-08 20:34:59.109	- Info  -	Init D3D2 OK
2023-02-08 20:34:59.136	- Info  -	Init D3D2 OK
2023-02-08 20:34:59.160	- Info  -	Init D3D2 OK
2023-02-08 20:34:59.186	- Info  -	Init D3D2 OK
2023-02-08 20:34:59.210	- Info  -	Init D3D2 OK
2023-02-08 20:34:59.236	- Info  -	Init D3D2 OK
2023-02-08 20:34:59.262	- Info  -	Init D3D2 OK
2023-02-08 20:34:59.294	- Info  -	Init D3D2 OK
2023-02-08 20:34:59.322	- Info  -	Init D3D2 OK
2023-02-08 20:34:59.350	- Info  -	Init D3D2 OK
2023-02-08 20:34:59.373	- Info  -	Init D3D2 OK
2023-02-08 20:34:59.400	- Info  -	Init D3D2 OK
2023-02-08 20:34:59.422	- Info  -	Init D3D2 OK
2023-02-08 20:34:59.461	- Info  -	Init D3D2 OK
2023-02-08 20:34:59.974	- Info  -	Init D3D2 OK
2023-02-08 20:35:00.017	- Info  -	Init D3D2 OK
2023-02-08 20:35:00.059	- Info  -	Init D3D2 OK
2023-02-08 20:35:00.091	- Info  -	Init D3D2 OK
2023-02-08 20:35:00.118	- Info  -	Init D3D2 OK
2023-02-08 20:35:00.141	- Info  -	Init D3D2 OK
2023-02-08 20:35:00.168	- Info  -	Init D3D2 OK
2023-02-08 20:35:00.193	- Info  -	Init D3D2 OK
2023-02-08 20:35:00.219	- Info  -	Init D3D2 OK
2023-02-08 20:35:01.173	- Info  -	Init D3D2 OK
2023-02-08 20:35:01.203	- Info  -	Init D3D2 OK
2023-02-08 20:35:01.229	- Info  -	Init D3D2 OK
2023-02-08 20:35:01.254	- Info  -	Init D3D2 OK
2023-02-08 20:35:01.282	- Info  -	Init D3D2 OK
2023-02-08 20:35:01.319	- Info  -	Init D3D2 OK
2023-02-08 20:35:01.345	- Info  -	Init D3D2 OK
2023-02-08 20:35:01.371	- Info  -	Init D3D2 OK
2023-02-08 20:35:01.398	- Info  -	Init D3D2 OK
2023-02-08 20:35:01.422	- Info  -	Init D3D2 OK
2023-02-08 20:35:01.449	- Info  -	Init D3D2 OK
2023-02-08 20:35:01.471	- Info  -	Init D3D2 OK
2023-02-08 20:35:01.497	- Info  -	Init D3D2 OK
2023-02-08 20:35:01.521	- Info  -	Init D3D2 OK
2023-02-08 20:35:01.546	- Info  -	Init D3D2 OK
2023-02-08 20:35:01.570	- Info  -	Init D3D2 OK
2023-02-08 20:35:01.591	- Info  -	Init D3D2 OK
2023-02-08 20:35:03.616	- Info  -	Init D3D2 OK
2023-02-08 20:35:03.829	- Info  -	Init D3D2 OK
2023-02-08 20:35:03.864	- Info  -	Init D3D2 OK
2023-02-08 20:35:03.899	- Info  -	Init D3D2 OK
2023-02-08 20:35:03.922	- Info  -	Init D3D2 OK
2023-02-08 20:35:03.950	- Info  -	Init D3D2 OK
2023-02-08 20:35:04.357	- Info  -	Init D3D2 OK
2023-02-08 20:35:06.925	- Info  -	[vpx] open codec.
2023-02-08 20:35:06.926	* Error *	[vpx] Failed to decode frame.: Unspecified internal error
2023-02-08 20:35:06.926	- Info  -	[vpx][decoder] close codec.
2023-02-08 20:35:06.926	+Warning+	[DisplayClient][report] transfer faild, count: 5.
2023-02-08 20:35:06.926	* Error *	[oray][erroCode] errorcode=ORAY_ERROR_CTRLDESKTOP_DECODE_FRAME_FAILED(134275073), product=2, type=3, inner code=1 [CDisplayClient::DecodeFrameData:628]
2023-02-08 20:35:07.291	- Info  -	[vpx] open codec.
2023-02-08 20:35:07.292	* Error *	[vpx] Failed to decode frame.: Unspecified internal error
2023-02-08 20:35:07.292	- Info  -	[vpx][decoder] close codec.
2023-02-08 20:35:07.293	+Warning+	[DisplayClient][report] transfer faild, count: 6.
2023-02-08 20:35:07.293	* Error *	[oray][erroCode] errorcode=ORAY_ERROR_CTRLDESKTOP_DECODE_FRAME_FAILED(134275073), product=2, type=3, inner code=1 [CDisplayClient::DecodeFrameData:628]
2023-02-08 20:35:07.356	- Info  -	[vpx] open codec.
2023-02-08 20:35:07.356	* Error *	[vpx] Failed to decode frame.: Unspecified internal error
2023-02-08 20:35:07.356	- Info  -	[vpx][decoder] close codec.
2023-02-08 20:35:07.356	+Warning+	[DisplayClient][report] transfer faild, count: 7.
2023-02-08 20:35:07.357	* Error *	[oray][erroCode] errorcode=ORAY_ERROR_CTRLDESKTOP_DECODE_FRAME_FAILED(134275073), product=2, type=3, inner code=1 [CDisplayClient::DecodeFrameData:628]
2023-02-08 20:35:11.437	- Info  -	Init D3D2 OK
2023-02-08 20:35:11.641	- Info  -	Init D3D2 OK
2023-02-08 20:35:11.674	- Info  -	Init D3D2 OK
2023-02-08 20:35:11.705	- Info  -	Init D3D2 OK
2023-02-08 20:35:11.731	- Info  -	Init D3D2 OK
2023-02-08 20:35:11.758	- Info  -	Init D3D2 OK
2023-02-08 20:35:11.789	- Info  -	Init D3D2 OK
2023-02-08 20:35:11.814	- Info  -	Init D3D2 OK
2023-02-08 20:35:11.842	- Info  -	Init D3D2 OK
2023-02-08 20:35:11.867	- Info  -	Init D3D2 OK
2023-02-08 20:35:11.893	- Info  -	Init D3D2 OK
2023-02-08 20:35:11.916	- Info  -	Init D3D2 OK
2023-02-08 20:35:11.947	- Info  -	Init D3D2 OK
2023-02-08 20:35:11.975	- Info  -	Init D3D2 OK
2023-02-08 20:35:12.013	- Info  -	Init D3D2 OK
2023-02-08 20:35:12.041	- Info  -	Init D3D2 OK
2023-02-08 20:35:12.561	- Info  -	Init D3D2 OK
2023-02-08 20:35:43.461	- Info  -	[vpx] open codec.
2023-02-08 20:35:43.461	* Error *	[vpx] Failed to decode frame.: Unspecified internal error
2023-02-08 20:35:43.461	- Info  -	[vpx][decoder] close codec.
2023-02-08 20:35:43.461	+Warning+	[DisplayClient][report] transfer faild, count: 8.
2023-02-08 20:35:43.461	* Error *	[oray][erroCode] errorcode=ORAY_ERROR_CTRLDESKTOP_DECODE_FRAME_FAILED(134275073), product=2, type=3, inner code=1 [CDisplayClient::DecodeFrameData:628]
2023-02-08 20:35:46.422	- Info  -	[vpx] open codec.
2023-02-08 20:35:46.422	* Error *	[vpx] Failed to decode frame.: Unspecified internal error
2023-02-08 20:35:46.422	- Info  -	[vpx][decoder] close codec.
2023-02-08 20:35:46.422	+Warning+	[DisplayClient][report] transfer faild, count: 9.
2023-02-08 20:35:46.422	* Error *	[oray][erroCode] errorcode=ORAY_ERROR_CTRLDESKTOP_DECODE_FRAME_FAILED(134275073), product=2, type=3, inner code=1 [CDisplayClient::DecodeFrameData:628]
2023-02-08 20:35:46.425	- Info  -	[vpx] open codec.
2023-02-08 20:35:46.425	* Error *	[vpx] Failed to decode frame.: Unspecified internal error
2023-02-08 20:35:46.425	- Info  -	[vpx][decoder] close codec.
2023-02-08 20:35:46.425	+Warning+	[DisplayClient][report] transfer faild, count: 10.
2023-02-08 20:35:46.425	* Error *	[oray][erroCode] errorcode=ORAY_ERROR_CTRLDESKTOP_DECODE_FRAME_FAILED(134275073), product=2, type=3, inner code=1 [CDisplayClient::DecodeFrameData:628]
2023-02-08 20:35:46.512	- Info  -	[vpx] open codec.
2023-02-08 20:35:46.512	* Error *	[vpx] Failed to decode frame.: Unspecified internal error
2023-02-08 20:35:46.512	- Info  -	[vpx][decoder] close codec.
2023-02-08 20:35:46.512	+Warning+	[DisplayClient][report] transfer faild, count: 11.
2023-02-08 20:35:46.512	* Error *	[oray][erroCode] errorcode=ORAY_ERROR_CTRLDESKTOP_DECODE_FRAME_FAILED(134275073), product=2, type=3, inner code=1 [CDisplayClient::DecodeFrameData:628]
2023-02-08 20:35:46.521	- Info  -	[vpx] open codec.
2023-02-08 20:35:46.522	* Error *	[vpx] Failed to decode frame.: Unspecified internal error
2023-02-08 20:35:46.522	- Info  -	[vpx][decoder] close codec.
2023-02-08 20:35:46.522	+Warning+	[DisplayClient][report] transfer faild, count: 12.
2023-02-08 20:35:46.522	* Error *	[oray][erroCode] errorcode=ORAY_ERROR_CTRLDESKTOP_DECODE_FRAME_FAILED(134275073), product=2, type=3, inner code=1 [CDisplayClient::DecodeFrameData:628]
2023-02-08 20:35:46.672	- Info  -	[vpx] open codec.
2023-02-08 20:35:46.672	* Error *	[vpx] Failed to decode frame.: Unspecified internal error
2023-02-08 20:35:46.672	- Info  -	[vpx][decoder] close codec.
2023-02-08 20:35:46.672	+Warning+	[DisplayClient][report] transfer faild, count: 13.
2023-02-08 20:35:46.672	* Error *	[oray][erroCode] errorcode=ORAY_ERROR_CTRLDESKTOP_DECODE_FRAME_FAILED(134275073), product=2, type=3, inner code=1 [CDisplayClient::DecodeFrameData:628]
2023-02-08 20:35:54.464	- Info  -	[vpx] open codec.
2023-02-08 20:35:54.464	* Error *	[vpx] Failed to decode frame.: Unspecified internal error
2023-02-08 20:35:54.464	- Info  -	[vpx][decoder] close codec.
2023-02-08 20:35:54.464	+Warning+	[DisplayClient][report] transfer faild, count: 14.
2023-02-08 20:35:54.464	* Error *	[oray][erroCode] errorcode=ORAY_ERROR_CTRLDESKTOP_DECODE_FRAME_FAILED(134275073), product=2, type=3, inner code=1 [CDisplayClient::DecodeFrameData:628]
2023-02-08 20:35:54.536	- Info  -	[vpx] open codec.
2023-02-08 20:35:54.536	* Error *	[vpx] Failed to decode frame.: Unspecified internal error
2023-02-08 20:35:54.536	- Info  -	[vpx][decoder] close codec.
2023-02-08 20:35:54.536	+Warning+	[DisplayClient][report] transfer faild, count: 15.
2023-02-08 20:35:54.536	* Error *	[oray][erroCode] errorcode=ORAY_ERROR_CTRLDESKTOP_DECODE_FRAME_FAILED(134275073), product=2, type=3, inner code=1 [CDisplayClient::DecodeFrameData:628]
2023-02-08 20:35:54.574	- Info  -	[vpx] open codec.
2023-02-08 20:35:54.574	* Error *	[vpx] Failed to decode frame.: Unspecified internal error
2023-02-08 20:35:54.574	- Info  -	[vpx][decoder] close codec.
2023-02-08 20:35:54.574	+Warning+	[DisplayClient][report] transfer faild, count: 16.
2023-02-08 20:35:54.575	* Error *	[oray][erroCode] errorcode=ORAY_ERROR_CTRLDESKTOP_DECODE_FRAME_FAILED(134275073), product=2, type=3, inner code=1 [CDisplayClient::DecodeFrameData:628]
2023-02-08 20:35:54.701	- Info  -	[vpx] open codec.
2023-02-08 20:35:54.701	* Error *	[vpx] Failed to decode frame.: Unspecified internal error
2023-02-08 20:35:54.701	- Info  -	[vpx][decoder] close codec.
2023-02-08 20:35:54.701	+Warning+	[DisplayClient][report] transfer faild, count: 17.
2023-02-08 20:35:54.701	* Error *	[oray][erroCode] errorcode=ORAY_ERROR_CTRLDESKTOP_DECODE_FRAME_FAILED(134275073), product=2, type=3, inner code=1 [CDisplayClient::DecodeFrameData:628]
2023-02-08 20:35:56.041	- Info  -	[vpx] open codec.
2023-02-08 20:35:56.041	* Error *	[vpx] Failed to decode frame.: Unspecified internal error
2023-02-08 20:35:56.041	- Info  -	[vpx][decoder] close codec.
2023-02-08 20:35:56.041	+Warning+	[DisplayClient][report] transfer faild, count: 18.
2023-02-08 20:35:56.041	* Error *	[oray][erroCode] errorcode=ORAY_ERROR_CTRLDESKTOP_DECODE_FRAME_FAILED(134275073), product=2, type=3, inner code=1 [CDisplayClient::DecodeFrameData:628]
2023-02-08 20:35:56.094	- Info  -	[vpx] open codec.
2023-02-08 20:35:56.094	* Error *	[vpx] Failed to decode frame.: Unspecified internal error
2023-02-08 20:35:56.094	- Info  -	[vpx][decoder] close codec.
2023-02-08 20:35:56.094	+Warning+	[DisplayClient][report] transfer faild, count: 19.
2023-02-08 20:35:56.094	* Error *	[oray][erroCode] errorcode=ORAY_ERROR_CTRLDESKTOP_DECODE_FRAME_FAILED(134275073), product=2, type=3, inner code=1 [CDisplayClient::DecodeFrameData:628]
2023-02-08 20:35:56.157	- Info  -	[vpx] open codec.
2023-02-08 20:35:56.157	* Error *	[vpx] Failed to decode frame.: Unspecified internal error
2023-02-08 20:35:56.157	- Info  -	[vpx][decoder] close codec.
2023-02-08 20:35:56.157	+Warning+	[DisplayClient][report] transfer faild, count: 20.
2023-02-08 20:35:56.157	* Error *	[oray][erroCode] errorcode=ORAY_ERROR_CTRLDESKTOP_DECODE_FRAME_FAILED(134275073), product=2, type=3, inner code=1 [CDisplayClient::DecodeFrameData:628]
2023-02-08 20:35:56.204	- Info  -	[vpx] open codec.
2023-02-08 20:35:56.204	* Error *	[vpx] Failed to decode frame.: Unspecified internal error
2023-02-08 20:35:56.204	- Info  -	[vpx][decoder] close codec.
2023-02-08 20:35:56.204	+Warning+	[DisplayClient][report] transfer faild, count: 21.
2023-02-08 20:35:56.204	* Error *	[oray][erroCode] errorcode=ORAY_ERROR_CTRLDESKTOP_DECODE_FRAME_FAILED(134275073), product=2, type=3, inner code=1 [CDisplayClient::DecodeFrameData:628]
2023-02-08 20:35:56.242	- Info  -	[vpx] open codec.
2023-02-08 20:35:56.243	* Error *	[vpx] Failed to decode frame.: Unspecified internal error
2023-02-08 20:35:56.243	- Info  -	[vpx][decoder] close codec.
2023-02-08 20:35:56.243	+Warning+	[DisplayClient][report] transfer faild, count: 22.
2023-02-08 20:35:56.243	* Error *	[oray][erroCode] errorcode=ORAY_ERROR_CTRLDESKTOP_DECODE_FRAME_FAILED(134275073), product=2, type=3, inner code=1 [CDisplayClient::DecodeFrameData:628]
2023-02-08 20:35:56.264	- Info  -	[vpx] open codec.
2023-02-08 20:35:56.264	* Error *	[vpx] Failed to decode frame.: Unspecified internal error
2023-02-08 20:35:56.264	- Info  -	[vpx][decoder] close codec.
2023-02-08 20:35:56.264	+Warning+	[DisplayClient][report] transfer faild, count: 23.
2023-02-08 20:35:56.264	* Error *	[oray][erroCode] errorcode=ORAY_ERROR_CTRLDESKTOP_DECODE_FRAME_FAILED(134275073), product=2, type=3, inner code=1 [CDisplayClient::DecodeFrameData:628]
2023-02-08 20:35:56.299	- Info  -	[vpx] open codec.
2023-02-08 20:35:56.299	* Error *	[vpx] Failed to decode frame.: Unspecified internal error
2023-02-08 20:35:56.299	- Info  -	[vpx][decoder] close codec.
2023-02-08 20:35:56.299	+Warning+	[DisplayClient][report] transfer faild, count: 24.
2023-02-08 20:35:56.299	* Error *	[oray][erroCode] errorcode=ORAY_ERROR_CTRLDESKTOP_DECODE_FRAME_FAILED(134275073), product=2, type=3, inner code=1 [CDisplayClient::DecodeFrameData:628]
2023-02-08 20:35:56.341	- Info  -	[vpx] open codec.
2023-02-08 20:35:56.341	* Error *	[vpx] Failed to decode frame.: Unspecified internal error
2023-02-08 20:35:56.342	- Info  -	[vpx][decoder] close codec.
2023-02-08 20:35:56.342	+Warning+	[DisplayClient][report] transfer faild, count: 25.
2023-02-08 20:35:56.342	* Error *	[oray][erroCode] errorcode=ORAY_ERROR_CTRLDESKTOP_DECODE_FRAME_FAILED(134275073), product=2, type=3, inner code=1 [CDisplayClient::DecodeFrameData:628]
2023-02-08 20:35:58.430	- Info  -	[vpx] open codec.
2023-02-08 20:35:58.430	* Error *	[vpx] Failed to decode frame.: Unspecified internal error
2023-02-08 20:35:58.431	- Info  -	[vpx][decoder] close codec.
2023-02-08 20:35:58.431	+Warning+	[DisplayClient][report] transfer faild, count: 26.
2023-02-08 20:35:58.431	* Error *	[oray][erroCode] errorcode=ORAY_ERROR_CTRLDESKTOP_DECODE_FRAME_FAILED(134275073), product=2, type=3, inner code=1 [CDisplayClient::DecodeFrameData:628]
2023-02-08 20:35:58.496	- Info  -	[vpx] open codec.
2023-02-08 20:35:58.496	* Error *	[vpx] Failed to decode frame.: Unspecified internal error
2023-02-08 20:35:58.496	- Info  -	[vpx][decoder] close codec.
2023-02-08 20:35:58.496	+Warning+	[DisplayClient][report] transfer faild, count: 27.
2023-02-08 20:35:58.496	* Error *	[oray][erroCode] errorcode=ORAY_ERROR_CTRLDESKTOP_DECODE_FRAME_FAILED(134275073), product=2, type=3, inner code=1 [CDisplayClient::DecodeFrameData:628]
2023-02-08 20:35:58.531	- Info  -	[vpx] open codec.
2023-02-08 20:35:58.531	* Error *	[vpx] Failed to decode frame.: Unspecified internal error
2023-02-08 20:35:58.531	- Info  -	[vpx][decoder] close codec.
2023-02-08 20:35:58.531	+Warning+	[DisplayClient][report] transfer faild, count: 28.
2023-02-08 20:35:58.531	* Error *	[oray][erroCode] errorcode=ORAY_ERROR_CTRLDESKTOP_DECODE_FRAME_FAILED(134275073), product=2, type=3, inner code=1 [CDisplayClient::DecodeFrameData:628]
2023-02-08 20:35:58.567	- Info  -	[vpx] open codec.
2023-02-08 20:35:58.567	* Error *	[vpx] Failed to decode frame.: Unspecified internal error
2023-02-08 20:35:58.567	- Info  -	[vpx][decoder] close codec.
2023-02-08 20:35:58.567	+Warning+	[DisplayClient][report] transfer faild, count: 29.
2023-02-08 20:35:58.567	* Error *	[oray][erroCode] errorcode=ORAY_ERROR_CTRLDESKTOP_DECODE_FRAME_FAILED(134275073), product=2, type=3, inner code=1 [CDisplayClient::DecodeFrameData:628]
2023-02-08 20:35:58.597	- Info  -	[vpx] open codec.
2023-02-08 20:35:58.597	* Error *	[vpx] Failed to decode frame.: Unspecified internal error
2023-02-08 20:35:58.597	- Info  -	[vpx][decoder] close codec.
2023-02-08 20:35:58.597	+Warning+	[DisplayClient][report] transfer faild, count: 30.
2023-02-08 20:35:58.597	* Error *	[oray][erroCode] errorcode=ORAY_ERROR_CTRLDESKTOP_DECODE_FRAME_FAILED(134275073), product=2, type=3, inner code=1 [CDisplayClient::DecodeFrameData:628]
2023-02-08 20:35:59.959	- Info  -	[vpx] open codec.
2023-02-08 20:35:59.960	* Error *	[vpx] Failed to decode frame.: Unspecified internal error
2023-02-08 20:35:59.960	- Info  -	[vpx][decoder] close codec.
2023-02-08 20:35:59.960	+Warning+	[DisplayClient][report] transfer faild, count: 31.
2023-02-08 20:35:59.960	* Error *	[oray][erroCode] errorcode=ORAY_ERROR_CTRLDESKTOP_DECODE_FRAME_FAILED(134275073), product=2, type=3, inner code=1 [CDisplayClient::DecodeFrameData:628]
2023-02-08 20:35:59.985	- Info  -	[vpx] open codec.
2023-02-08 20:35:59.985	* Error *	[vpx] Failed to decode frame.: Unspecified internal error
2023-02-08 20:35:59.985	- Info  -	[vpx][decoder] close codec.
2023-02-08 20:35:59.985	+Warning+	[DisplayClient][report] transfer faild, count: 32.
2023-02-08 20:35:59.985	* Error *	[oray][erroCode] errorcode=ORAY_ERROR_CTRLDESKTOP_DECODE_FRAME_FAILED(134275073), product=2, type=3, inner code=1 [CDisplayClient::DecodeFrameData:628]
2023-02-08 20:36:00.067	- Info  -	[vpx] open codec.
2023-02-08 20:36:00.067	* Error *	[vpx] Failed to decode frame.: Unspecified internal error
2023-02-08 20:36:00.067	- Info  -	[vpx][decoder] close codec.
2023-02-08 20:36:00.067	+Warning+	[DisplayClient][report] transfer faild, count: 33.
2023-02-08 20:36:00.067	* Error *	[oray][erroCode] errorcode=ORAY_ERROR_CTRLDESKTOP_DECODE_FRAME_FAILED(134275073), product=2, type=3, inner code=1 [CDisplayClient::DecodeFrameData:628]
2023-02-08 20:36:00.332	- Info  -	[vpx] open codec.
2023-02-08 20:36:00.332	* Error *	[vpx] Failed to decode frame.: Unspecified internal error
2023-02-08 20:36:00.332	- Info  -	[vpx][decoder] close codec.
2023-02-08 20:36:00.332	+Warning+	[DisplayClient][report] transfer faild, count: 34.
2023-02-08 20:36:00.332	* Error *	[oray][erroCode] errorcode=ORAY_ERROR_CTRLDESKTOP_DECODE_FRAME_FAILED(134275073), product=2, type=3, inner code=1 [CDisplayClient::DecodeFrameData:628]
2023-02-08 20:36:00.333	- Info  -	[vpx] open codec.
2023-02-08 20:36:00.333	* Error *	[vpx] Failed to decode frame.: Unspecified internal error
2023-02-08 20:36:00.333	- Info  -	[vpx][decoder] close codec.
2023-02-08 20:36:00.333	+Warning+	[DisplayClient][report] transfer faild, count: 35.
2023-02-08 20:36:00.333	* Error *	[oray][erroCode] errorcode=ORAY_ERROR_CTRLDESKTOP_DECODE_FRAME_FAILED(134275073), product=2, type=3, inner code=1 [CDisplayClient::DecodeFrameData:628]
2023-02-08 20:36:00.333	- Info  -	[vpx] open codec.
2023-02-08 20:36:00.333	* Error *	[vpx] Failed to decode frame.: Unspecified internal error
2023-02-08 20:36:00.333	- Info  -	[vpx][decoder] close codec.
2023-02-08 20:36:00.333	+Warning+	[DisplayClient][report] transfer faild, count: 36.
2023-02-08 20:36:00.333	* Error *	[oray][erroCode] errorcode=ORAY_ERROR_CTRLDESKTOP_DECODE_FRAME_FAILED(134275073), product=2, type=3, inner code=1 [CDisplayClient::DecodeFrameData:628]
2023-02-08 20:36:00.345	- Info  -	[vpx] open codec.
2023-02-08 20:36:00.346	* Error *	[vpx] Failed to decode frame.: Unspecified internal error
2023-02-08 20:36:00.346	- Info  -	[vpx][decoder] close codec.
2023-02-08 20:36:00.346	+Warning+	[DisplayClient][report] transfer faild, count: 37.
2023-02-08 20:36:00.346	* Error *	[oray][erroCode] errorcode=ORAY_ERROR_CTRLDESKTOP_DECODE_FRAME_FAILED(134275073), product=2, type=3, inner code=1 [CDisplayClient::DecodeFrameData:628]
2023-02-08 20:36:00.394	- Info  -	[vpx] open codec.
2023-02-08 20:36:00.394	* Error *	[vpx] Failed to decode frame.: Unspecified internal error
2023-02-08 20:36:00.394	- Info  -	[vpx][decoder] close codec.
2023-02-08 20:36:00.394	+Warning+	[DisplayClient][report] transfer faild, count: 38.
2023-02-08 20:36:00.394	* Error *	[oray][erroCode] errorcode=ORAY_ERROR_CTRLDESKTOP_DECODE_FRAME_FAILED(134275073), product=2, type=3, inner code=1 [CDisplayClient::DecodeFrameData:628]
2023-02-08 20:36:00.418	- Info  -	[vpx] open codec.
2023-02-08 20:36:00.418	* Error *	[vpx] Failed to decode frame.: Unspecified internal error
2023-02-08 20:36:00.418	- Info  -	[vpx][decoder] close codec.
2023-02-08 20:36:00.418	+Warning+	[DisplayClient][report] transfer faild, count: 39.
2023-02-08 20:36:00.418	* Error *	[oray][erroCode] errorcode=ORAY_ERROR_CTRLDESKTOP_DECODE_FRAME_FAILED(134275073), product=2, type=3, inner code=1 [CDisplayClient::DecodeFrameData:628]
2023-02-08 20:36:00.501	- Info  -	[vpx] open codec.
2023-02-08 20:36:00.501	* Error *	[vpx] Failed to decode frame.: Unspecified internal error
2023-02-08 20:36:00.501	- Info  -	[vpx][decoder] close codec.
2023-02-08 20:36:00.501	+Warning+	[DisplayClient][report] transfer faild, count: 40.
2023-02-08 20:36:00.501	* Error *	[oray][erroCode] errorcode=ORAY_ERROR_CTRLDESKTOP_DECODE_FRAME_FAILED(134275073), product=2, type=3, inner code=1 [CDisplayClient::DecodeFrameData:628]
2023-02-08 20:36:00.539	- Info  -	[vpx] open codec.
2023-02-08 20:36:00.540	* Error *	[vpx] Failed to decode frame.: Unspecified internal error
2023-02-08 20:36:00.540	- Info  -	[vpx][decoder] close codec.
2023-02-08 20:36:00.540	+Warning+	[DisplayClient][report] transfer faild, count: 41.
2023-02-08 20:36:00.540	* Error *	[oray][erroCode] errorcode=ORAY_ERROR_CTRLDESKTOP_DECODE_FRAME_FAILED(134275073), product=2, type=3, inner code=1 [CDisplayClient::DecodeFrameData:628]
2023-02-08 20:36:00.579	- Info  -	[vpx] open codec.
2023-02-08 20:36:00.579	* Error *	[vpx] Failed to decode frame.: Unspecified internal error
2023-02-08 20:36:00.579	- Info  -	[vpx][decoder] close codec.
2023-02-08 20:36:00.579	+Warning+	[DisplayClient][report] transfer faild, count: 42.
2023-02-08 20:36:00.579	* Error *	[oray][erroCode] errorcode=ORAY_ERROR_CTRLDESKTOP_DECODE_FRAME_FAILED(134275073), product=2, type=3, inner code=1 [CDisplayClient::DecodeFrameData:628]
2023-02-08 20:36:00.596	- Info  -	[vpx] open codec.
2023-02-08 20:36:00.596	* Error *	[vpx] Failed to decode frame.: Unspecified internal error
2023-02-08 20:36:00.596	- Info  -	[vpx][decoder] close codec.
2023-02-08 20:36:00.596	+Warning+	[DisplayClient][report] transfer faild, count: 43.
2023-02-08 20:36:00.596	* Error *	[oray][erroCode] errorcode=ORAY_ERROR_CTRLDESKTOP_DECODE_FRAME_FAILED(134275073), product=2, type=3, inner code=1 [CDisplayClient::DecodeFrameData:628]
2023-02-08 20:36:18.450	- Info  -	[clipboard] CClipboardViewer::OnClipboardUpdate
2023-02-08 20:36:18.453	- Info  -	[clipboard] CClipboardViewer::OnClipboardUpdate
2023-02-08 20:36:18.453	- Info  -	[clipboard] CClipboardViewer::OnClipboardUpdate
2023-02-08 20:36:18.453	- Info  -	[clipboard] CClipboardViewer::OnClipboardUpdate
2023-02-08 20:36:18.453	- Info  -	[clipboard] CClipboardViewer::OnClipboardUpdate
2023-02-08 20:36:18.453	- Info  -	[clipboard] CClipboardViewer::OnClipboardUpdate
2023-02-08 20:36:18.454	- Info  -	[clipboard] CClipboardViewer::OnClipboardUpdate
2023-02-08 20:36:18.517	- Info  -	[clipboard] CClipboardViewer::OnRenderFormat begin, uformat 13
2023-02-08 20:36:18.517	- Info  -	[clipboard] RenderFormat, win format 13, 173495515
2023-02-08 20:36:18.530	- Info  -	[clipboard] OnReceiveClipData, type 1924145348621, size 2
2023-02-08 20:36:18.530	- Info  -	[clipboard] format 13, data size: 2
2023-02-08 20:36:18.530	- Info  -	[clipboard] setClipboardData, format 13, oray format 13
2023-02-08 20:36:18.531	- Info  -	[clipboard] RenderFormat end
2023-02-08 20:36:18.531	- Info  -	[clipboard] CClipboardViewer::OnRenderFormat end, uformat 13
2023-02-08 20:36:18.601	- Info  -	[clipboard] CClipboardViewer::OnClipboardUpdate
2023-02-08 20:37:15.186	* Error *	sensors data send failed!
2023-02-08 20:37:15.189	- Info  -	[oray][erroCode] errorcode=oray_errorcode(0), product=0, type=0, inner code=0 [CMultiChannelStream::Disconnect_impl:254]
2023-02-08 20:37:15.190	- Info  -	[TCPConnector] CCurStream handle client_disconnect
2023-02-08 20:37:15.190	- Info  -	[oray][erroCode] errorcode=transf(0), product=0, type=0, inner code=0 [CMultiChannelStream::ForwardHandler::Handle:647]
2023-02-08 20:37:15.190	- Info  -	CConnectorRaw::OnEvent() state: CNTS_FWD_DISCONNECT, error: 0, oray errorcode: 0
2023-02-08 20:37:15.190	- Info  -	[oray][erroCode] errorcode=oray_errorcode(0), product=0, type=0, inner code=0 [CConnectorRaw::OnEvent:624]
2023-02-08 20:37:15.190	+Warning+	[MultiChannel] unbind forward stream(errorcode 0) @ 651
2023-02-08 20:37:15.190	- Info  -	[oray][erroCode] errorcode=oray_errorcode(0), product=0, type=0, inner code=0 [CP2PStream::Disconnect_impl:678]
2023-02-08 20:37:15.190	- Info  -	[oray][erroCode] errorcode=oray_errorcode(0), product=0, type=0, inner code=0 [CP2PStream::CUDPStream::Disconnect_impl:1044]
2023-02-08 20:37:15.190	- Info  -	[oray][erroCode] errorcode=oray_errorcode(0), product=0, type=0, inner code=0 [CUDPLibStream::Disconnect_impl:73]
2023-02-08 20:37:15.191	- Info  -	[udp] Disconnect
2023-02-08 20:37:15.191	- Info  -	[udp] SendDisconnect
2023-02-08 20:37:15.191	- Info  -	[MultiChannel] P2P channel disconnect 220.175.31.165:3151
2023-02-08 20:37:15.192	- Info  -	[desktop] Separation message loop stop.
2023-02-08 20:37:15.192	* Error *	[desktop] Send2StreamRaw fail, type: 1/19 .
2023-02-08 20:37:15.193	* Error *	[oray][erroCode] errorcode=ORAY_ERROR_CTRLDESKTOP_SEND_DATA_FAILED(134275079), product=2, type=3, inner code=7 [CRemoteDesktopPlugin::SendThreadLoop:871]
2023-02-08 20:37:15.193	- Info  -	[oray][erroCode] errorcode=transf(0), product=0, type=0, inner code=0 [CMultiChannelStream::P2PHandler::Handle:834]
2023-02-08 20:37:15.193	- Info  -	[oray][erroCode] errorcode=transf(0), product=0, type=0, inner code=0 [CMultiChannelStream::HandleDisconnect:1041]
2023-02-08 20:37:15.193	- Info  -	CMultiChannelStreamImpl::OnDisconnect()
2023-02-08 20:37:15.193	- Info  -	[oray][erroCode] errorcode=oray_errorcode(0), product=0, type=0, inner code=0 [CMultiChannelStreamImpl::OnDisconnect:100]
2023-02-08 20:37:15.194	- Info  -	CClientStream 220.175.31.165:3151 OnDisconnect, errocde:0
2023-02-08 20:37:15.194	- Info  -	[oray][erroCode] errorcode=errcode(0), product=0, type=0, inner code=0 [CClientStream::OnDisconnect:104]
2023-02-08 20:37:15.194	- Info  -	OnDisconnect, error code 0
2023-02-08 20:37:15.194	- Info  -	[oray][erroCode] errorcode=errcode(0), product=0, type=0, inner code=0 [BinaryPluginStream::OnDisconnect:404]
2023-02-08 20:37:15.194	- Info  -	CPluginThreadManager stop plugin thread
2023-02-08 20:37:15.194	- Info  -	CActivePlugin prepare to exit plugin
2023-02-08 20:37:15.194	- Info  -	[desktop] RemoteDesktopPlugin::ExitInstance. >
2023-02-08 20:37:15.194	- Info  -	[clipboard] stop clipboard...
2023-02-08 20:37:15.196	- Info  -	[clipboard] recv thread end(1).
2023-02-08 20:37:15.197	- Info  -	[clipboard] call CClipboardViewer::DestroyWnd at 190
2023-02-08 20:37:15.197	- Info  -	[clipboard] recv WM_CLOSE, end thread.
2023-02-08 20:37:15.201	- Info  -	[udpwrapper] udprelay connecting 220.175.31.165:3151 via 117.68.2.24:4118
2023-02-08 20:37:15.208	- Info  -	[clipboard] Stop Clipboard ok
2023-02-08 20:37:15.222	- Info  -	[desktop] [thread] cancel.
2023-02-08 20:37:15.223	- Info  -	[desktop] RemoteDesktopPlugin::ExitInstance. <
2023-02-08 20:37:15.227	- Info  -	CConnectorRaw::OnEvent() state: CNTS_P2P_DISCONNECT, error: 0, oray errorcode: 0
2023-02-08 20:37:15.234	- Info  -	[oray][erroCode] errorcode=oray_errorcode(0), product=0, type=0, inner code=0 [CConnectorRaw::OnEvent:624]
2023-02-08 20:37:15.235	- Info  -	[oray][erroCode] errorcode=oray_errorcode(0), product=0, type=0, inner code=0 [CP2PStream::CTCPStream::Disconnect_impl:1016]
2023-02-08 20:37:15.236	- Info  -	CConnectorRaw::OnEvent() state: CNTS_DISCONNECTED, error: 0, oray errorcode: 0
2023-02-08 20:37:15.236	- Info  -	[oray][erroCode] errorcode=oray_errorcode(0), product=0, type=0, inner code=0 [CConnectorRaw::OnEvent:624]
2023-02-08 20:37:15.236	- Info  -	CConnectorRaw::Stop in>
2023-02-08 20:37:15.237	* Error *	Plugin disconnect with error : 0
2023-02-08 20:37:15.241	- Info  -	[CUDPLibWrapper] map size: 1, value: [220.175.31.165:3151/15945-2] = 0.0.0.0:15945;

2023-02-08 20:37:15.241	- Info  -	[oray][erroCode] errorcode=oray_errorcode(0), product=0, type=0, inner code=0 [CP2PStream::CUDPStream::Disconnect_impl:1044]
2023-02-08 20:37:15.241	- Info  -	[oray][erroCode] errorcode=oray_errorcode(0), product=0, type=0, inner code=0 [CUDPLibStream::Disconnect_impl:73]
2023-02-08 20:37:15.241	- Info  -	del_port_mapping external port 27693, internalclient ip 192.168.0.106, internal port 15945
2023-02-08 20:37:15.277	- Info  -	Delete port mapping ok!
2023-02-08 20:37:15.278	- Info  -	CConnectorRaw::Stop out<
2023-02-08 20:37:15.278	- Info  -	sensors close
2023-02-08 20:37:15.321	- Info  -	[desktop] CRemoteDesktopPlugin::~CRemoteDesktopPlugin(void)
2023-02-08 20:37:15.393	- Info  -	CMultiChannelStreamImpl::~CMultiChannelStreamImpl
2023-02-08 20:37:15.395	- Info  -	program remote_plugin is exit 
