2023-04-04 17:21:13.392	- Info  -	version:3.2.1.40406
2023-04-04 17:21:13.398	- Info  -	DPIAwareness set 2 success.
2023-04-04 17:21:13.409	- Info  -	config path: pír˜8
2023-04-04 17:21:13.603	- Info  -	[displayclt] CDisplayClient::CDisplayClient(all)
2023-04-04 17:21:13.603	- Info  -	[desktop] CRemoteDesktopPlugin::CRemoteDesktopPlugin(all)
2023-04-04 17:21:13.680	- Info  -	sensors init with file: C:/ProgramData/Oray/SunloginClient/sensors/datas
2023-04-04 17:21:13.739	- Info  -	CMultiChannelStreamImpl::CMultiChannelStreamImpl
2023-04-04 17:21:13.740	- Info  -	CConnectorRaw::OnStreamEvent(1) state: CNTS_FORWARD, error: 0
2023-04-04 17:21:13.741	- Info  -	CConnectorRaw::OnEvent() state: CNTS_FORWARD, error: 0, oray errorcode: 0
2023-04-04 17:21:13.741	- Info  -	[oray][erroCode] errorcode=oray_errorcode(0), product=0, type=0, inner code=0 [CConnectorRaw::OnEvent:624]
2023-04-04 17:21:13.794	* Error *	sensors data send failed!
2023-04-04 17:21:13.891	- Info  -	plugin_public access_token is NULL
2023-04-04 17:21:14.222	- Info  -	attempt to connect server 463222632.slp2p-east-std204.oray.net:443(122.246.13.83:443)
2023-04-04 17:21:14.310	- Info  -	[TCPConnector] CCurStream handle client_connect
2023-04-04 17:21:14.336	- Info  -	[MultiChannel] Forward channel shake handle 122.246.13.83:443
2023-04-04 17:21:14.336	- Info  -	CMultiChannelStreamImpl::OnConnect()
2023-04-04 17:21:14.336	- Info  -	CClientStream 122.246.13.83:443 OnConnect
2023-04-04 17:21:14.336	- Info  -	CConnectorRaw::OnEvent() state: CNTS_LOGIN, error: 0, oray errorcode: 0
2023-04-04 17:21:14.336	- Info  -	[oray][erroCode] errorcode=oray_errorcode(0), product=0, type=0, inner code=0 [CConnectorRaw::OnEvent:624]
2023-04-04 17:21:14.337	- Info  -	CConnectorRaw::OnEvent() state: CNTS_FWD_SHAKEHANDLE, error: 0, oray errorcode: 0
2023-04-04 17:21:14.337	- Info  -	[oray][erroCode] errorcode=oray_errorcode(0), product=0, type=0, inner code=0 [CConnectorRaw::OnEvent:624]
2023-04-04 17:21:14.684	- Info  -	[MultiChannel] Forward channel connected 122.246.13.83:443
2023-04-04 17:21:14.684	- Info  -	CMultiChannelStreamImpl::OnConnectEvent, status: CNTS_FWD_CONNECTED, isclosed:false, HadFwdConnected: true, HadBeenHolePunch: false
2023-04-04 17:21:14.684	- Info  -	CConnectorRaw::OnEvent() state: CNTS_FWD_CONNECTED, error: 0, oray errorcode: 0
2023-04-04 17:21:14.684	- Info  -	[oray][erroCode] errorcode=oray_errorcode(0), product=0, type=0, inner code=0 [CConnectorRaw::OnEvent:624]
2023-04-04 17:21:14.684	* Error *	CClientStream receive invalid Logon_OK_Message
2023-04-04 17:21:14.684	- Info  -	CClientStream 122.246.13.83:443 OnReceive reply 1 
2023-04-04 17:21:14.684	- Info  -	CClientStream 122.246.13.83:443 start keepalive
2023-04-04 17:21:14.684	- Info  -	CClientStream 122.246.13.83:443 login OK
2023-04-04 17:21:14.684	- Info  -	CConnectorRaw::OnEvent() state: CNTS_CONNECTED, error: 0, oray errorcode: 0
2023-04-04 17:21:14.684	- Info  -	[oray][erroCode] errorcode=oray_errorcode(0), product=0, type=0, inner code=0 [CConnectorRaw::OnEvent:624]
2023-04-04 17:21:14.684	- Info  -	CPluginThreadManager start plugin thread
2023-04-04 17:21:14.695	- Info  -	CActivePlugin prepare to init plugin
2023-04-04 17:21:14.695	- Info  -	[desktop] create drag server OK
2023-04-04 17:21:14.695	- Info  -	CActivePlugin prepare to run plugin
2023-04-04 17:21:14.749	- Info  -	[desktop] sending switch desktop type message...
2023-04-04 17:21:14.749	- Info  -	[desktop] request enumerate user list.
2023-04-04 17:21:14.750	- Info  -	[desktop] Separation message loop start.
2023-04-04 17:21:14.815	- Info  -	[desktop] receive switch host message res = 1 
2023-04-04 17:21:14.816	- Info  -	[desktop] request enum screen
2023-04-04 17:21:14.816	- Info  -	[DisplayClient] SetCompression 11/15
2023-04-04 17:21:14.816	- Info  -	[desktop] request start stream
2023-04-04 17:21:14.816	- Info  -	[desktop] SetCompressionParam: layer=1;encoding=4;format=1;reserved=0, size: 38
2023-04-04 17:21:14.861	- Info  -	[desktop] OnQueryConfigRes
2023-04-04 17:21:14.861	- Info  -	[desktop] OnQueryConfigRes
2023-04-04 17:21:14.862	- Info  -	[desktop] recv enum screen, number is 1
2023-04-04 17:21:14.887	* Error *	sensors data send failed!
2023-04-04 17:21:15.328	- Info  -	[clipboard] start clipboard...
2023-04-04 17:21:15.338	- Info  -	[clipboard][converter] html format 49319
2023-04-04 17:21:15.338	- Info  -	[clipboard][converter] rtf format 49356
2023-04-04 17:21:15.338	- Info  -	[clipboard] start clipboard ok.
2023-04-04 17:21:15.338	- Info  -	[desktop] sync clipboard enable
2023-04-04 17:21:15.521	- Info  -	SetDisplayMode() w=1440, h=900, bpp=32
2023-04-04 17:21:15.521	- Info  -	ResetBitmap width=1440, height=900, bpp=32, srcbpp=32, Size = 5184000
2023-04-04 17:21:15.521	- Info  -	[DisplayClient] recv image info, width: 1440, height: 900, bpp: 32
2023-04-04 17:21:15.522	- Info  -	[DisplayClient] OnRecvCompInfo format/quality 11/15
2023-04-04 17:21:15.522	- Info  -	[desktop][DisplayClient] recv first frame.
2023-04-04 17:21:15.529	- Info  -	[DisplayClient] recv compimage type: ID_IMAGE_RAPIDCOMP
2023-04-04 17:21:15.605	- Info  -	[vpx] open codec.
2023-04-04 17:21:15.726	- Info  -	[desktop][DisplayClient] decode first frame end.
2023-04-04 17:21:15.728	- Info  -	[desktop] receive first frame message
2023-04-04 17:21:15.730	- Info  -	SetDisplayMode() w=1440, h=900, bpp=32
2023-04-04 17:21:15.730	- Info  -	ResetBitmap width=1440, height=900, bpp=32, srcbpp=32, Size = 5184000
2023-04-04 17:21:15.731	- Info  -	[DisplayClient] recv image info, width: 1440, height: 900, bpp: 32
2023-04-04 17:21:15.795	- Info  -	[vpx][decoder] close codec.
2023-04-04 17:21:15.816	- Info  -	[DisplayClient] OnRecvCompInfo format/quality 11/15
2023-04-04 17:21:15.817	- Info  -	[desktop][DisplayClient] recv first frame.
2023-04-04 17:21:15.824	- Info  -	[DisplayClient] recv compimage type: ID_IMAGE_RAPIDCOMP
2023-04-04 17:21:15.930	- Info  -	[vpx] open codec.
2023-04-04 17:21:15.989	- Info  -	[desktop][DisplayClient] decode first frame end.
2023-04-04 17:21:15.990	- Info  -	[desktop] receive first frame message
2023-04-04 17:21:15.991	- Info  -	CClipboardRaw::OnReceiveQueryVersionReq 2
2023-04-04 17:21:15.994	- Info  -	CClipboardRaw::OnReceiveQueryVersionReq 2
2023-04-04 17:21:16.084	- Info  -	Init D3D2 OK
2023-04-04 17:21:16.084	- Info  -	[DesktopSurface] Use DirectX Paint mode 2
2023-04-04 17:21:16.138	- Info  -	Init D3D2 OK
2023-04-04 17:21:16.157	- Info  -	[maindialog] draw first frame end
2023-04-04 17:21:16.209	- Info  -	[desktop] sync clipboard enable
2023-04-04 17:21:16.209	- Info  -	[http call3] new call id:1, url:https://slapi.oray.net/client/free-tips
2023-04-04 17:21:16.210	- Info  -	[http call3] id:1 create new connection : https://slapi.oray.net:443
2023-04-04 17:21:16.210	- Info  -	[http call3] new call id:2, url:https://slapi.oray.net/remote/get-network
2023-04-04 17:21:16.211	- Info  -	attempt to connect server slapi.oray.net:443(121.40.200.192:443)
2023-04-04 17:21:16.211	- Info  -	[http call3] id:2 use old connection : https://slapi.oray.net:443
2023-04-04 17:21:16.380	- Info  -	[http call3] id:1, url:https://slapi.oray.net/client/free-tips, status code:200
2023-04-04 17:21:16.456	- Info  -	[http call3] id:2, url:https://slapi.oray.net/remote/get-network, status code:200
2023-04-04 17:21:16.672	- Info  -	CMultiChannelStreamImpl::ConnectP2PServer, thread id: 5428
2023-04-04 17:21:16.756	- Info  -	CConnectorRaw::OnStreamEvent(1) state: CNTS_P2P, error: 0
2023-04-04 17:21:16.757	- Info  -	CConnectorRaw::OnEvent() state: CNTS_P2P, error: 0, oray errorcode: 0
2023-04-04 17:21:16.757	- Info  -	[oray][erroCode] errorcode=oray_errorcode(0), product=0, type=0, inner code=0 [CConnectorRaw::OnEvent:624]
2023-04-04 17:21:16.757	- Info  -	[P2PConnector] attempt to connect server PHSRC://463222632.slp2p-east-std204.oray.net:4118/desktop(slp2p-east-std204.oray.net:4118) 
2023-04-04 17:21:16.827	- Info  -	[udp] support straight send in peer : no 122.246.13.83:4118 CConnection::OnConnectRes
2023-04-04 17:21:16.829	- Info  -	[P2PHelper] detect local ip ...
2023-04-04 17:21:16.829	- Info  -	[P2PHelper] detect local ip 172.16.77.151
2023-04-04 17:21:16.829	- Info  -	[P2PHelper] attempt to login P2P Server...
2023-04-04 17:21:16.859	- Info  -	[P2PHelper] Login P2P Server OK
2023-04-04 17:21:16.859	- Info  -	[P2PHelper] OnLoginRes, receive public ip 223.82.110.30:15985
2023-04-04 17:21:16.859	- Info  -	[P2PHelper] sending P2P request ...
2023-04-04 17:21:16.903	- Info  -	[P2PHelper] receive peer local ip 10.21.122.3:15596, public ip 106.7.248.44:6049
2023-04-04 17:21:16.903	- Info  -	[P2PStream] EstablishP2P local ip 223.82.110.30:15985/172.16.77.151:15985 ==> peer ip 106.7.248.44:6049/10.21.122.3:15596
2023-04-04 17:21:17.334	+Warning+	not found upnp devices on network!
2023-04-04 17:21:17.334	- Info  -	upnpnat_search_thread::ThreadLoop end
2023-04-04 17:21:17.345	- Info  -	[udpwrapper] attempt to establish P2P connection via: 122.246.13.83:4118, (local)172.16.77.151:15985|(public)223.82.110.30:15985 ==> (local)10.21.122.3:15596|(public)106.7.248.44:6049
2023-04-04 17:21:17.807	- Info  -	[drag] QueryVersionRes is true
2023-04-04 17:21:17.807	- Info  -	CClipboardRaw::OnReceiveQueryVersionRes 2
2023-04-04 17:21:17.846	+Warning+	not found upnp devices on network!
2023-04-04 17:21:17.846	+Warning+	[udpwrapper] UPNP discovery failed, 
2023-04-04 17:21:17.899	- Info  -	[udp] OnConnectAck working in advanced mode 2
2023-04-04 17:21:17.899	- Info  -	[udp] support straight send in peer : yes 106.7.248.44:6049 CConnection::OnConnectRes
2023-04-04 17:21:17.900	- Info  -	[oray][erroCode] errorcode=oray_errorcode(0), product=0, type=0, inner code=0 [CUDPLibStream::Disconnect_impl:73]
2023-04-04 17:21:17.900	- Info  -	[udp] Disconnect
2023-04-04 17:21:17.900	- Info  -	[udp] SendDisconnect
2023-04-04 17:21:17.900	- Info  -	[P2PHelper] MainServer disconnect
2023-04-04 17:21:17.901	- Info  -	[MultiChannel] P2P channel shake handle 106.7.248.44:6049
2023-04-04 17:21:17.901	- Info  -	CConnectorRaw::OnEvent() state: CNTS_P2P_SHAKEHANDLE, error: 0, oray errorcode: 0
2023-04-04 17:21:17.901	- Info  -	[oray][erroCode] errorcode=oray_errorcode(0), product=0, type=0, inner code=0 [CConnectorRaw::OnEvent:624]
2023-04-04 17:21:17.901	- Info  -	[MultiChannel] send SHAKE_HANDLES_MSG, read 333364, write 4064
2023-04-04 17:21:17.901	- Info  -	[P2PStream] connected (by udp) 0.0.0.0:15985 <--> 106.7.248.44:6049
2023-04-04 17:21:17.912	- Info  -	[MultiChannel] Received SHAKE_HANDLES_MSG, read 4084 / (local write 4064), write 333344 / (local read 333364)
2023-04-04 17:21:17.912	- Info  -	[MultiChannel] P2P channel connected 106.7.248.44:6049
2023-04-04 17:21:17.912	- Info  -	CConnectorRaw::OnEvent() state: CNTS_P2P_CONNECTED, error: 0, oray errorcode: 0
2023-04-04 17:21:17.912	- Info  -	[oray][erroCode] errorcode=oray_errorcode(0), product=0, type=0, inner code=0 [CConnectorRaw::OnEvent:624]
2023-04-04 17:21:17.938	- Info  -	[udpwrapper] disconnect reason : 2
2023-04-04 17:21:17.939	- Info  -	[oray][erroCode] errorcode=oray_errorcode(57355), product=0, type=3, inner code=11 [CUDPLibWrapper::OnDisconnect:833]
2023-04-04 17:21:17.939	- Info  -	[udpwrapper] Disconnect 122.246.13.83:4118 @ 838
2023-04-04 17:21:17.939	- Info  -	[oray][erroCode] errorcode=oray_errorcode(57355), product=0, type=3, inner code=11 [CUDPLibStream::Disconnect_impl:73]
2023-04-04 17:21:18.019	- Info  -	[MultiChannel] forward data read completed @ 462
2023-04-04 17:21:18.026	- Info  -	[MultiChannel] write data when p2p state is CONNECTED, is full 0, writed data 4064 / peer read 4084, left 20, size 52 @ 153
2023-04-04 17:21:18.029	- Info  -	[MultiChannel] forward data write completed @ 216
2023-04-04 17:21:28.573	- Info  -	Init D3D2 OK
2023-04-04 17:21:28.600	- Info  -	Init D3D2 OK
2023-04-04 17:21:28.632	- Info  -	Init D3D2 OK
2023-04-04 17:21:28.686	- Info  -	Init D3D2 OK
2023-04-04 17:21:28.715	- Info  -	Init D3D2 OK
2023-04-04 17:21:28.737	- Info  -	Init D3D2 OK
2023-04-04 17:21:28.760	- Info  -	Init D3D2 OK
2023-04-04 17:21:28.782	- Info  -	Init D3D2 OK
2023-04-04 17:21:28.824	- Info  -	Init D3D2 OK
2023-04-04 17:21:28.842	- Info  -	Init D3D2 OK
2023-04-04 17:21:28.862	- Info  -	Init D3D2 OK
2023-04-04 17:21:28.888	- Info  -	Init D3D2 OK
2023-04-04 17:21:28.907	- Info  -	Init D3D2 OK
2023-04-04 17:21:28.932	- Info  -	Init D3D2 OK
2023-04-04 17:21:28.958	- Info  -	Init D3D2 OK
2023-04-04 17:21:28.978	- Info  -	Init D3D2 OK
2023-04-04 17:21:29.024	- Info  -	Init D3D2 OK
2023-04-04 17:21:29.073	- Info  -	Init D3D2 OK
2023-04-04 17:21:29.092	- Info  -	Init D3D2 OK
2023-04-04 17:21:29.123	- Info  -	Init D3D2 OK
2023-04-04 17:21:29.525	- Info  -	Init D3D2 OK
2023-04-04 17:21:31.227	* Error *	sensors data send failed!
2023-04-04 17:21:31.456	* Error *	SSLStream::IsWantReadWrite|peer(121.40.200.192:443), SSL_read failed( 6 ), error:00000000:lib(0):func(0):reason(0), file( ..\includes\common\phstream\SSLStream.cpp:1898 )
2023-04-04 17:21:31.456	- Info  -	[http call3] disconnect, error( 0 )
2023-04-04 17:21:35.389	- Info  -	Init D3D2 OK
2023-04-04 17:21:35.426	- Info  -	Init D3D2 OK
2023-04-04 17:21:35.460	- Info  -	Init D3D2 OK
2023-04-04 17:21:35.515	- Info  -	Init D3D2 OK
2023-04-04 17:21:35.541	- Info  -	Init D3D2 OK
2023-04-04 17:21:35.562	- Info  -	Init D3D2 OK
2023-04-04 17:21:35.584	- Info  -	Init D3D2 OK
2023-04-04 17:21:35.610	- Info  -	Init D3D2 OK
2023-04-04 17:21:35.637	- Info  -	Init D3D2 OK
2023-04-04 17:21:35.664	- Info  -	Init D3D2 OK
2023-04-04 17:21:35.685	- Info  -	Init D3D2 OK
2023-04-04 17:21:35.705	- Info  -	Init D3D2 OK
2023-04-04 17:21:35.732	- Info  -	Init D3D2 OK
2023-04-04 17:21:35.765	- Info  -	Init D3D2 OK
2023-04-04 17:21:35.790	- Info  -	Init D3D2 OK
2023-04-04 17:21:35.816	- Info  -	Init D3D2 OK
2023-04-04 17:21:49.386	- Info  -	Init D3D2 OK
2023-04-04 17:21:49.405	- Info  -	Init D3D2 OK
2023-04-04 17:21:49.438	- Info  -	Init D3D2 OK
2023-04-04 17:21:49.456	- Info  -	Init D3D2 OK
2023-04-04 17:21:49.481	- Info  -	Init D3D2 OK
2023-04-04 17:21:49.505	- Info  -	Init D3D2 OK
2023-04-04 17:21:49.529	- Info  -	Init D3D2 OK
2023-04-04 17:21:49.555	- Info  -	Init D3D2 OK
2023-04-04 17:21:49.579	- Info  -	Init D3D2 OK
2023-04-04 17:21:49.597	- Info  -	Init D3D2 OK
2023-04-04 17:21:49.617	- Info  -	Init D3D2 OK
2023-04-04 17:21:49.734	- Info  -	Init D3D2 OK
2023-04-04 17:21:51.057	- Info  -	Init D3D2 OK
2023-04-04 17:21:51.387	- Info  -	Init D3D2 OK
2023-04-04 17:21:54.897	- Info  -	Init D3D2 OK
2023-04-04 17:21:54.984	- Info  -	Init D3D2 OK
2023-04-04 17:21:55.012	- Info  -	Init D3D2 OK
2023-04-04 17:21:55.031	- Info  -	Init D3D2 OK
2023-04-04 17:21:55.054	- Info  -	Init D3D2 OK
2023-04-04 17:21:55.076	- Info  -	Init D3D2 OK
2023-04-04 17:21:55.095	- Info  -	Init D3D2 OK
2023-04-04 17:21:55.120	- Info  -	Init D3D2 OK
2023-04-04 17:21:55.139	- Info  -	Init D3D2 OK
2023-04-04 17:21:55.354	- Info  -	Init D3D2 OK
2023-04-04 17:21:55.378	- Info  -	Init D3D2 OK
2023-04-04 17:21:55.400	- Info  -	Init D3D2 OK
2023-04-04 17:21:55.419	- Info  -	Init D3D2 OK
2023-04-04 17:21:55.669	- Info  -	Init D3D2 OK
2023-04-04 17:22:02.715	- Info  -	Init D3D2 OK
2023-04-04 17:22:02.755	- Info  -	Init D3D2 OK
2023-04-04 17:22:02.789	- Info  -	Init D3D2 OK
2023-04-04 17:22:02.819	- Info  -	Init D3D2 OK
2023-04-04 17:22:02.849	- Info  -	Init D3D2 OK
2023-04-04 17:22:02.873	- Info  -	Init D3D2 OK
2023-04-04 17:22:02.907	- Info  -	Init D3D2 OK
2023-04-04 17:22:02.926	- Info  -	Init D3D2 OK
2023-04-04 17:22:02.951	- Info  -	Init D3D2 OK
2023-04-04 17:22:02.971	- Info  -	Init D3D2 OK
2023-04-04 17:22:03.104	- Info  -	Init D3D2 OK
2023-04-04 17:22:03.183	- Info  -	Init D3D2 OK
2023-04-04 17:22:03.217	- Info  -	Init D3D2 OK
2023-04-04 17:22:03.259	- Info  -	Init D3D2 OK
2023-04-04 17:22:03.279	- Info  -	Init D3D2 OK
2023-04-04 17:22:03.559	- Info  -	Init D3D2 OK
2023-04-04 17:22:07.155	- Info  -	Init D3D2 OK
2023-04-04 17:22:07.193	- Info  -	Init D3D2 OK
2023-04-04 17:22:07.231	- Info  -	Init D3D2 OK
2023-04-04 17:22:07.267	- Info  -	Init D3D2 OK
2023-04-04 17:22:07.302	- Info  -	Init D3D2 OK
2023-04-04 17:22:07.360	- Info  -	Init D3D2 OK
2023-04-04 17:22:07.493	- Info  -	Init D3D2 OK
2023-04-04 17:22:15.824	* Error *	sensors data send failed!
2023-04-04 17:22:15.825	- Info  -	[oray][erroCode] errorcode=oray_errorcode(0), product=0, type=0, inner code=0 [CMultiChannelStream::Disconnect_impl:254]
2023-04-04 17:22:15.825	- Info  -	[TCPConnector] CCurStream handle client_disconnect
2023-04-04 17:22:15.825	- Info  -	[oray][erroCode] errorcode=transf(0), product=0, type=0, inner code=0 [CMultiChannelStream::ForwardHandler::Handle:647]
2023-04-04 17:22:15.825	- Info  -	CConnectorRaw::OnEvent() state: CNTS_FWD_DISCONNECT, error: 0, oray errorcode: 0
2023-04-04 17:22:15.825	- Info  -	[oray][erroCode] errorcode=oray_errorcode(0), product=0, type=0, inner code=0 [CConnectorRaw::OnEvent:624]
2023-04-04 17:22:15.825	+Warning+	[MultiChannel] unbind forward stream(errorcode 0) @ 651
2023-04-04 17:22:15.825	- Info  -	[oray][erroCode] errorcode=oray_errorcode(0), product=0, type=0, inner code=0 [CP2PStream::Disconnect_impl:678]
2023-04-04 17:22:15.825	- Info  -	[oray][erroCode] errorcode=oray_errorcode(0), product=0, type=0, inner code=0 [CP2PStream::CUDPStream::Disconnect_impl:1044]
2023-04-04 17:22:15.825	- Info  -	[oray][erroCode] errorcode=oray_errorcode(0), product=0, type=0, inner code=0 [CUDPLibStream::Disconnect_impl:73]
2023-04-04 17:22:15.825	- Info  -	[udp] Disconnect
2023-04-04 17:22:15.826	- Info  -	[udp] SendDisconnect
2023-04-04 17:22:15.826	- Info  -	[MultiChannel] P2P channel disconnect 106.7.248.44:6049
2023-04-04 17:22:15.826	- Info  -	[oray][erroCode] errorcode=transf(0), product=0, type=0, inner code=0 [CMultiChannelStream::P2PHandler::Handle:834]
2023-04-04 17:22:15.826	- Info  -	[oray][erroCode] errorcode=transf(0), product=0, type=0, inner code=0 [CMultiChannelStream::HandleDisconnect:1041]
2023-04-04 17:22:15.826	- Info  -	CMultiChannelStreamImpl::OnDisconnect()
2023-04-04 17:22:15.826	- Info  -	[oray][erroCode] errorcode=oray_errorcode(0), product=0, type=0, inner code=0 [CMultiChannelStreamImpl::OnDisconnect:100]
2023-04-04 17:22:15.826	- Info  -	CClientStream 106.7.248.44:6049 OnDisconnect, errocde:0
2023-04-04 17:22:15.826	- Info  -	[oray][erroCode] errorcode=errcode(0), product=0, type=0, inner code=0 [CClientStream::OnDisconnect:104]
2023-04-04 17:22:15.826	- Info  -	OnDisconnect, error code 0
2023-04-04 17:22:15.826	- Info  -	[oray][erroCode] errorcode=errcode(0), product=0, type=0, inner code=0 [BinaryPluginStream::OnDisconnect:404]
2023-04-04 17:22:15.826	- Info  -	[desktop] Separation message loop stop.
2023-04-04 17:22:15.826	- Info  -	CPluginThreadManager stop plugin thread
2023-04-04 17:22:15.827	- Info  -	CActivePlugin prepare to exit plugin
2023-04-04 17:22:15.827	- Info  -	[desktop] RemoteDesktopPlugin::ExitInstance. >
2023-04-04 17:22:15.827	- Info  -	[clipboard] stop clipboard...
2023-04-04 17:22:15.827	- Info  -	[clipboard] recv thread end(1).
2023-04-04 17:22:15.827	- Info  -	[clipboard] call CClipboardViewer::DestroyWnd at 190
2023-04-04 17:22:15.827	- Info  -	[clipboard] recv WM_CLOSE, end thread.
2023-04-04 17:22:15.828	- Info  -	[clipboard] Stop Clipboard ok
2023-04-04 17:22:15.833	- Info  -	[udpwrapper] udprelay connecting 106.7.248.44:6049 via 122.246.13.83:4118
2023-04-04 17:22:15.855	- Info  -	[desktop] [thread] cancel.
2023-04-04 17:22:15.855	- Info  -	[desktop] RemoteDesktopPlugin::ExitInstance. <
2023-04-04 17:22:15.857	- Info  -	CConnectorRaw::OnEvent() state: CNTS_P2P_DISCONNECT, error: 0, oray errorcode: 0
2023-04-04 17:22:15.861	- Info  -	[oray][erroCode] errorcode=oray_errorcode(0), product=0, type=0, inner code=0 [CConnectorRaw::OnEvent:624]
2023-04-04 17:22:15.861	- Info  -	[oray][erroCode] errorcode=oray_errorcode(0), product=0, type=0, inner code=0 [CP2PStream::CTCPStream::Disconnect_impl:1016]
2023-04-04 17:22:15.861	- Info  -	CConnectorRaw::OnEvent() state: CNTS_DISCONNECTED, error: 0, oray errorcode: 0
2023-04-04 17:22:15.862	- Info  -	[oray][erroCode] errorcode=oray_errorcode(0), product=0, type=0, inner code=0 [CConnectorRaw::OnEvent:624]
2023-04-04 17:22:15.862	- Info  -	CConnectorRaw::Stop in>
2023-04-04 17:22:15.870	- Info  -	[CUDPLibWrapper] map size: 1, value: [106.7.248.44:6049/15985-2] = 0.0.0.0:15985;

2023-04-04 17:22:15.870	- Info  -	[oray][erroCode] errorcode=oray_errorcode(0), product=0, type=0, inner code=0 [CP2PStream::CUDPStream::Disconnect_impl:1044]
2023-04-04 17:22:15.870	- Info  -	[oray][erroCode] errorcode=oray_errorcode(0), product=0, type=0, inner code=0 [CUDPLibStream::Disconnect_impl:73]
2023-04-04 17:22:15.870	* Error *	Plugin disconnect with error : 0
2023-04-04 17:22:15.870	- Info  -	CConnectorRaw::Stop out<
2023-04-04 17:22:15.873	- Info  -	sensors close
2023-04-04 17:22:15.928	- Info  -	[desktop] CRemoteDesktopPlugin::~CRemoteDesktopPlugin(void)
2023-04-04 17:22:15.930	- Info  -	[vpx][decoder] close codec.
2023-04-04 17:22:15.961	- Info  -	CMultiChannelStreamImpl::~CMultiChannelStreamImpl
2023-04-04 17:22:15.964	- Info  -	program remote_plugin is exit 
