2023-03-08 13:32:26.467	- Info  -	version:3.2.1.40406
2023-03-08 13:32:26.470	- Info  -	DPIAwareness set 2 success.
2023-03-08 13:32:26.479	- Info  -	config path: àôŒœ~
2023-03-08 13:32:26.527	- Info  -	[displayclt] CDisplayClient::CDisplayClient(all)
2023-03-08 13:32:26.528	- Info  -	[desktop] CRemoteDesktopPlugin::CRemoteDesktopPlugin(all)
2023-03-08 13:32:26.536	- Info  -	sensors init with file: C:/ProgramData/Oray/SunloginClient/sensors/datas
2023-03-08 13:32:26.550	- Info  -	CMultiChannelStreamImpl::CMultiChannelStreamImpl
2023-03-08 13:32:26.551	* Error *	sensors data send failed!
2023-03-08 13:32:26.551	- Info  -	CConnectorRaw::OnStreamEvent(1) state: CNTS_FORWARD, error: 0
2023-03-08 13:32:26.552	- Info  -	CConnectorRaw::OnEvent() state: CNTS_FORWARD, error: 0, oray errorcode: 0
2023-03-08 13:32:26.552	- Info  -	[oray][erroCode] errorcode=oray_errorcode(0), product=0, type=0, inner code=0 [CConnectorRaw::OnEvent:624]
2023-03-08 13:32:26.645	- Info  -	plugin_public access_token is NULL
2023-03-08 13:32:26.668	- Info  -	attempt to connect server 1829313111.slp2p-east-std203.oray.net:443(122.246.12.46:443)
2023-03-08 13:32:26.767	- Info  -	[TCPConnector] CCurStream handle client_connect
2023-03-08 13:32:26.810	- Info  -	[MultiChannel] Forward channel shake handle 122.246.12.46:443
2023-03-08 13:32:26.810	- Info  -	CMultiChannelStreamImpl::OnConnect()
2023-03-08 13:32:26.810	- Info  -	CClientStream 122.246.12.46:443 OnConnect
2023-03-08 13:32:26.810	- Info  -	CConnectorRaw::OnEvent() state: CNTS_LOGIN, error: 0, oray errorcode: 0
2023-03-08 13:32:26.810	- Info  -	[oray][erroCode] errorcode=oray_errorcode(0), product=0, type=0, inner code=0 [CConnectorRaw::OnEvent:624]
2023-03-08 13:32:26.810	- Info  -	CConnectorRaw::OnEvent() state: CNTS_FWD_SHAKEHANDLE, error: 0, oray errorcode: 0
2023-03-08 13:32:26.810	- Info  -	[oray][erroCode] errorcode=oray_errorcode(0), product=0, type=0, inner code=0 [CConnectorRaw::OnEvent:624]
2023-03-08 13:32:26.963	- Info  -	[MultiChannel] Forward channel connected 122.246.12.46:443
2023-03-08 13:32:26.963	- Info  -	CMultiChannelStreamImpl::OnConnectEvent, status: CNTS_FWD_CONNECTED, isclosed:false, HadFwdConnected: true, HadBeenHolePunch: false
2023-03-08 13:32:26.963	- Info  -	CConnectorRaw::OnEvent() state: CNTS_FWD_CONNECTED, error: 0, oray errorcode: 0
2023-03-08 13:32:26.963	- Info  -	[oray][erroCode] errorcode=oray_errorcode(0), product=0, type=0, inner code=0 [CConnectorRaw::OnEvent:624]
2023-03-08 13:32:26.963	* Error *	CClientStream receive invalid Logon_OK_Message
2023-03-08 13:32:26.963	- Info  -	CClientStream 122.246.12.46:443 OnReceive reply 1 
2023-03-08 13:32:26.963	- Info  -	CClientStream 122.246.12.46:443 start keepalive
2023-03-08 13:32:26.964	- Info  -	CClientStream 122.246.12.46:443 login OK
2023-03-08 13:32:26.964	- Info  -	CConnectorRaw::OnEvent() state: CNTS_CONNECTED, error: 0, oray errorcode: 0
2023-03-08 13:32:26.964	- Info  -	[oray][erroCode] errorcode=oray_errorcode(0), product=0, type=0, inner code=0 [CConnectorRaw::OnEvent:624]
2023-03-08 13:32:26.964	- Info  -	CPluginThreadManager start plugin thread
2023-03-08 13:32:26.965	- Info  -	CActivePlugin prepare to init plugin
2023-03-08 13:32:26.966	- Info  -	[desktop] create drag server OK
2023-03-08 13:32:26.966	- Info  -	CActivePlugin prepare to run plugin
2023-03-08 13:32:26.966	- Info  -	[desktop] sending switch desktop type message...
2023-03-08 13:32:26.967	- Info  -	[desktop] request enumerate user list.
2023-03-08 13:32:26.967	- Info  -	[desktop] Separation message loop start.
2023-03-08 13:32:27.013	- Info  -	[desktop] receive switch host message res = 1 
2023-03-08 13:32:27.013	- Info  -	[desktop] request enum screen
2023-03-08 13:32:27.014	- Info  -	[DisplayClient] SetCompression 11/15
2023-03-08 13:32:27.014	- Info  -	[desktop] request start stream
2023-03-08 13:32:27.014	- Info  -	[desktop] SetCompressionParam: layer=1;encoding=4;format=1;reserved=0, size: 38
2023-03-08 13:32:27.060	- Info  -	[desktop] OnQueryConfigRes
2023-03-08 13:32:27.061	- Info  -	[desktop] OnQueryConfigRes
2023-03-08 13:32:27.083	- Info  -	[desktop] recv enum screen, number is 1
2023-03-08 13:32:27.094	- Info  -	[clipboard] start clipboard...
2023-03-08 13:32:27.118	- Info  -	[clipboard][converter] html format 49319
2023-03-08 13:32:27.118	- Info  -	[clipboard][converter] rtf format 49379
2023-03-08 13:32:27.118	- Info  -	[clipboard] start clipboard ok.
2023-03-08 13:32:27.118	- Info  -	[desktop] sync clipboard enable
2023-03-08 13:32:27.273	* Error *	sensors data send failed!
2023-03-08 13:32:27.490	- Info  -	SetDisplayMode() w=1600, h=900, bpp=32
2023-03-08 13:32:27.490	- Info  -	ResetBitmap width=1600, height=900, bpp=32, srcbpp=32, Size = 5760000
2023-03-08 13:32:27.490	- Info  -	[DisplayClient] recv image info, width: 1600, height: 900, bpp: 32
2023-03-08 13:32:27.490	- Info  -	[DisplayClient] OnRecvCompInfo format/quality 11/15
2023-03-08 13:32:27.490	- Info  -	[desktop][DisplayClient] recv first frame.
2023-03-08 13:32:27.498	- Info  -	[DisplayClient] recv compimage type: ID_IMAGE_RAPIDCOMP
2023-03-08 13:32:27.564	- Info  -	[vpx] open codec.
2023-03-08 13:32:27.610	- Info  -	[desktop][DisplayClient] decode first frame end.
2023-03-08 13:32:27.611	- Info  -	[desktop] receive first frame message
2023-03-08 13:32:27.632	- Info  -	CClipboardRaw::OnReceiveQueryVersionReq 2
2023-03-08 13:32:27.754	- Info  -	Init D3D2 OK
2023-03-08 13:32:27.754	- Info  -	[DesktopSurface] Use DirectX Paint mode 2
2023-03-08 13:32:27.792	- Info  -	Init D3D2 OK
2023-03-08 13:32:27.813	- Info  -	[maindialog] draw first frame end
2023-03-08 13:32:27.834	- Info  -	[desktop] sync clipboard enable
2023-03-08 13:32:27.834	- Info  -	[http call3] new call id:1, url:https://slapi.oray.net/client/free-tips
2023-03-08 13:32:27.835	- Info  -	[http call3] new call id:2, url:https://slapi.oray.net/remote/get-network
2023-03-08 13:32:27.835	- Info  -	[http call3] id:1 create new connection : https://slapi.oray.net:443
2023-03-08 13:32:27.838	- Info  -	attempt to connect server slapi.oray.net:443(121.40.99.129:443)
2023-03-08 13:32:27.848	- Info  -	[http call3] id:2 use old connection : https://slapi.oray.net:443
2023-03-08 13:32:28.015	- Info  -	[http call3] id:1, url:https://slapi.oray.net/client/free-tips, status code:200
2023-03-08 13:32:28.200	- Info  -	[http call3] id:2, url:https://slapi.oray.net/remote/get-network, status code:200
2023-03-08 13:32:28.949	- Info  -	CMultiChannelStreamImpl::ConnectP2PServer, thread id: 7360
2023-03-08 13:32:28.998	- Info  -	CConnectorRaw::OnStreamEvent(1) state: CNTS_P2P, error: 0
2023-03-08 13:32:28.998	- Info  -	CConnectorRaw::OnEvent() state: CNTS_P2P, error: 0, oray errorcode: 0
2023-03-08 13:32:28.998	- Info  -	[oray][erroCode] errorcode=oray_errorcode(0), product=0, type=0, inner code=0 [CConnectorRaw::OnEvent:624]
2023-03-08 13:32:28.998	- Info  -	[P2PConnector] attempt to connect server PHSRC://1829313111.slp2p-east-std203.oray.net:4118/desktop(slp2p-east-std203.oray.net:4118) 
2023-03-08 13:32:29.120	- Info  -	[udp] support straight send in peer : no 122.246.12.46:4118 CConnection::OnConnectRes
2023-03-08 13:32:29.121	- Info  -	[P2PHelper] detect local ip ...
2023-03-08 13:32:29.121	- Info  -	[P2PHelper] detect local ip 172.16.76.182
2023-03-08 13:32:29.121	- Info  -	[P2PHelper] attempt to login P2P Server...
2023-03-08 13:32:29.156	- Info  -	[P2PHelper] Login P2P Server OK
2023-03-08 13:32:29.156	- Info  -	[P2PHelper] OnLoginRes, receive public ip 223.82.110.30:15878
2023-03-08 13:32:29.156	- Info  -	[P2PHelper] sending P2P request ...
2023-03-08 13:32:29.206	- Info  -	[P2PHelper] receive peer local ip 10.21.159.2:15620, public ip 115.148.157.246:17906
2023-03-08 13:32:29.206	- Info  -	[P2PStream] EstablishP2P local ip 223.82.110.30:15878/172.16.76.182:15878 ==> peer ip 115.148.157.246:17906/10.21.159.2:15620
2023-03-08 13:32:29.622	+Warning+	not found upnp devices on network!
2023-03-08 13:32:29.622	- Info  -	upnpnat_search_thread::ThreadLoop end
2023-03-08 13:32:29.629	- Info  -	[udpwrapper] attempt to establish P2P connection via: 122.246.12.46:4118, (local)172.16.76.182:15878|(public)223.82.110.30:15878 ==> (local)10.21.159.2:15620|(public)115.148.157.246:17906
2023-03-08 13:32:30.025	- Info  -	[drag] QueryVersionRes is true
2023-03-08 13:32:30.025	- Info  -	CClipboardRaw::OnReceiveQueryVersionRes 2
2023-03-08 13:32:30.131	+Warning+	not found upnp devices on network!
2023-03-08 13:32:30.131	+Warning+	[udpwrapper] UPNP discovery failed, 
2023-03-08 13:32:30.178	- Info  -	[udp] OnConnectAck working in advanced mode 2
2023-03-08 13:32:30.179	- Info  -	[udp] support straight send in peer : yes 115.148.157.246:17906 CConnection::OnConnectRes
2023-03-08 13:32:30.180	- Info  -	[oray][erroCode] errorcode=oray_errorcode(0), product=0, type=0, inner code=0 [CUDPLibStream::Disconnect_impl:73]
2023-03-08 13:32:30.180	- Info  -	[udp] Disconnect
2023-03-08 13:32:30.180	- Info  -	[udp] SendDisconnect
2023-03-08 13:32:30.180	- Info  -	[P2PHelper] MainServer disconnect
2023-03-08 13:32:30.181	- Info  -	[MultiChannel] P2P channel shake handle 115.148.157.246:17906
2023-03-08 13:32:30.181	- Info  -	CConnectorRaw::OnEvent() state: CNTS_P2P_SHAKEHANDLE, error: 0, oray errorcode: 0
2023-03-08 13:32:30.181	- Info  -	[oray][erroCode] errorcode=oray_errorcode(0), product=0, type=0, inner code=0 [CConnectorRaw::OnEvent:624]
2023-03-08 13:32:30.181	- Info  -	[MultiChannel] send SHAKE_HANDLES_MSG, read 212667, write 4074
2023-03-08 13:32:30.181	- Info  -	[P2PStream] connected (by udp) 0.0.0.0:15878 <--> 115.148.157.246:17906
2023-03-08 13:32:30.195	- Info  -	[MultiChannel] Received SHAKE_HANDLES_MSG, read 4042 / (local write 4074), write 212647 / (local read 212667)
2023-03-08 13:32:30.195	- Info  -	[MultiChannel] P2P channel connected 115.148.157.246:17906
2023-03-08 13:32:30.195	- Info  -	CConnectorRaw::OnEvent() state: CNTS_P2P_CONNECTED, error: 0, oray errorcode: 0
2023-03-08 13:32:30.195	- Info  -	[oray][erroCode] errorcode=oray_errorcode(0), product=0, type=0, inner code=0 [CConnectorRaw::OnEvent:624]
2023-03-08 13:32:30.215	- Info  -	[udpwrapper] disconnect reason : 1
2023-03-08 13:32:30.215	- Info  -	[MultiChannel] forward data read completed @ 462
2023-03-08 13:32:30.215	- Info  -	[oray][erroCode] errorcode=oray_errorcode(57354), product=0, type=3, inner code=10 [CUDPLibWrapper::OnDisconnect:833]
2023-03-08 13:32:30.215	- Info  -	[udpwrapper] Disconnect 122.246.12.46:4118 @ 838
2023-03-08 13:32:30.215	- Info  -	[oray][erroCode] errorcode=oray_errorcode(57354), product=0, type=3, inner code=10 [CUDPLibStream::Disconnect_impl:73]
2023-03-08 13:32:30.219	- Info  -	[MultiChannel] forward data write completed @ 216
2023-03-08 13:32:43.203	* Error *	SSLStream::IsWantReadWrite|peer(121.40.99.129:443), SSL_read failed( 6 ), error:00000000:lib(0):func(0):reason(0), file( ..\includes\common\phstream\SSLStream.cpp:1898 )
2023-03-08 13:32:43.203	- Info  -	[http call3] disconnect, error( 0 )
2023-03-08 13:32:53.896	* Error *	sensors data send failed!
2023-03-08 13:32:53.960	- Info  -	Init D3D2 OK
2023-03-08 13:33:49.573	- Info  -	Init D3D2 OK
2023-03-08 13:33:49.722	- Info  -	Init D3D2 OK
2023-03-08 13:33:49.752	- Info  -	Init D3D2 OK
2023-03-08 13:33:49.785	- Info  -	Init D3D2 OK
2023-03-08 13:33:49.808	- Info  -	Init D3D2 OK
2023-03-08 13:33:49.827	- Info  -	Init D3D2 OK
2023-03-08 13:33:49.849	- Info  -	Init D3D2 OK
2023-03-08 13:33:49.869	- Info  -	Init D3D2 OK
2023-03-08 13:33:49.886	- Info  -	Init D3D2 OK
2023-03-08 13:33:49.907	- Info  -	Init D3D2 OK
2023-03-08 13:33:49.925	- Info  -	Init D3D2 OK
2023-03-08 13:33:49.946	- Info  -	Init D3D2 OK
2023-03-08 13:33:49.967	- Info  -	Init D3D2 OK
2023-03-08 13:33:50.087	- Info  -	Init D3D2 OK
2023-03-08 13:33:50.103	- Info  -	Init D3D2 OK
2023-03-08 13:33:50.119	- Info  -	Init D3D2 OK
2023-03-08 13:33:50.140	- Info  -	Init D3D2 OK
2023-03-08 13:33:50.162	- Info  -	Init D3D2 OK
2023-03-08 13:33:50.180	- Info  -	Init D3D2 OK
2023-03-08 13:33:50.197	- Info  -	Init D3D2 OK
2023-03-08 13:33:50.218	- Info  -	Init D3D2 OK
2023-03-08 13:33:50.243	- Info  -	Init D3D2 OK
2023-03-08 13:33:50.262	- Info  -	Init D3D2 OK
2023-03-08 13:33:50.282	- Info  -	Init D3D2 OK
2023-03-08 13:33:55.067	- Info  -	Init D3D2 OK
2023-03-08 13:33:55.082	- Info  -	Init D3D2 OK
2023-03-08 13:33:55.098	- Info  -	Init D3D2 OK
2023-03-08 13:33:55.115	- Info  -	Init D3D2 OK
2023-03-08 13:33:55.131	- Info  -	Init D3D2 OK
2023-03-08 13:33:55.148	- Info  -	Init D3D2 OK
2023-03-08 13:33:55.165	- Info  -	Init D3D2 OK
2023-03-08 13:33:55.181	- Info  -	Init D3D2 OK
2023-03-08 13:33:55.199	- Info  -	Init D3D2 OK
2023-03-08 13:33:55.216	- Info  -	Init D3D2 OK
2023-03-08 13:33:55.232	- Info  -	Init D3D2 OK
2023-03-08 13:33:55.249	- Info  -	Init D3D2 OK
2023-03-08 13:33:55.265	- Info  -	Init D3D2 OK
2023-03-08 13:33:55.283	- Info  -	Init D3D2 OK
2023-03-08 13:33:55.300	- Info  -	Init D3D2 OK
2023-03-08 13:33:55.317	- Info  -	Init D3D2 OK
2023-03-08 13:33:55.333	- Info  -	Init D3D2 OK
2023-03-08 13:33:55.350	- Info  -	Init D3D2 OK
2023-03-08 13:33:55.366	- Info  -	Init D3D2 OK
2023-03-08 13:33:55.383	- Info  -	Init D3D2 OK
2023-03-08 13:33:55.443	- Info  -	Init D3D2 OK
2023-03-08 13:33:58.635	- Info  -	Init D3D2 OK
2023-03-08 13:33:59.673	* Error *	sensors data send failed!
2023-03-08 13:34:08.928	* Error *	sensors data send failed!
2023-03-08 13:35:52.421	- Info  -	[clipboard] CClipboardViewer::OnClipboardUpdate
2023-03-08 13:35:52.663	- Info  -	[clipboard] CClipboardViewer::OnRenderFormat begin, uformat 13
2023-03-08 13:35:52.663	- Info  -	[clipboard] RenderFormat, win format 13, 10054578
2023-03-08 13:35:52.693	- Info  -	[clipboard] OnReceiveClipData, type 2740189134861, size 26
2023-03-08 13:35:52.694	- Info  -	[clipboard] format 13, data size: 26
2023-03-08 13:35:52.694	- Info  -	[clipboard] setClipboardData, format 13, oray format 13
2023-03-08 13:35:52.694	- Info  -	[clipboard] RenderFormat end
2023-03-08 13:35:52.694	- Info  -	[clipboard] CClipboardViewer::OnRenderFormat end, uformat 13
2023-03-08 13:36:29.314	* Error *	sensors data send failed!
2023-03-08 13:36:37.194	* Error *	sensors data send failed!
2023-03-08 13:36:37.822	- Info  -	SetDisplayMode() w=1280, h=600, bpp=32
2023-03-08 13:36:37.822	- Info  -	ResetBitmap width=1280, height=600, bpp=32, srcbpp=32, Size = 3072000
2023-03-08 13:36:37.823	- Info  -	[DisplayClient] recv image info, width: 1280, height: 600, bpp: 32
2023-03-08 13:36:37.866	- Info  -	[vpx][decoder] close codec.
2023-03-08 13:36:37.884	- Info  -	[DisplayClient] OnRecvCompInfo format/quality 11/15
2023-03-08 13:36:37.885	- Info  -	[desktop][DisplayClient] recv first frame.
2023-03-08 13:36:37.891	- Info  -	[DisplayClient] recv compimage type: ID_IMAGE_RAPIDCOMP
2023-03-08 13:36:37.952	- Info  -	[vpx] open codec.
2023-03-08 13:36:37.985	- Info  -	[desktop][DisplayClient] decode first frame end.
2023-03-08 13:36:37.986	- Info  -	[desktop] receive first frame message
2023-03-08 13:36:38.105	- Info  -	Init D3D2 OK
2023-03-08 13:36:38.105	- Info  -	[DesktopSurface] Use DirectX Paint mode 2
2023-03-08 13:36:38.128	- Info  -	Init D3D2 OK
2023-03-08 13:36:38.136	- Info  -	[maindialog] draw first frame end
2023-03-08 13:36:41.974	* Error *	sensors data send failed!
2023-03-08 13:36:44.788	* Error *	sensors data send failed!
2023-03-08 13:36:45.423	- Info  -	SetDisplayMode() w=1024, h=768, bpp=32
2023-03-08 13:36:45.423	- Info  -	ResetBitmap width=1024, height=768, bpp=32, srcbpp=32, Size = 3145728
2023-03-08 13:36:45.423	- Info  -	[DisplayClient] recv image info, width: 1024, height: 768, bpp: 32
2023-03-08 13:36:45.452	- Info  -	[vpx][decoder] close codec.
2023-03-08 13:36:45.468	- Info  -	[DisplayClient] OnRecvCompInfo format/quality 11/15
2023-03-08 13:36:45.468	- Info  -	[desktop][DisplayClient] recv first frame.
2023-03-08 13:36:45.474	- Info  -	[DisplayClient] recv compimage type: ID_IMAGE_RAPIDCOMP
2023-03-08 13:36:45.531	- Info  -	[vpx] open codec.
2023-03-08 13:36:45.547	- Info  -	[desktop][DisplayClient] decode first frame end.
2023-03-08 13:36:45.547	- Info  -	[desktop] receive first frame message
2023-03-08 13:36:45.647	- Info  -	Init D3D2 OK
2023-03-08 13:36:45.647	- Info  -	[DesktopSurface] Use DirectX Paint mode 2
2023-03-08 13:36:45.664	- Info  -	Init D3D2 OK
2023-03-08 13:36:45.671	- Info  -	[maindialog] draw first frame end
2023-03-08 13:36:49.067	* Error *	sensors data send failed!
2023-03-08 13:36:54.194	* Error *	sensors data send failed!
2023-03-08 13:36:54.760	- Info  -	SetDisplayMode() w=1152, h=864, bpp=32
2023-03-08 13:36:54.760	- Info  -	ResetBitmap width=1152, height=864, bpp=32, srcbpp=32, Size = 3981312
2023-03-08 13:36:54.761	- Info  -	[DisplayClient] recv image info, width: 1152, height: 864, bpp: 32
2023-03-08 13:36:54.788	- Info  -	[vpx][decoder] close codec.
2023-03-08 13:36:54.808	- Info  -	[DisplayClient] OnRecvCompInfo format/quality 11/15
2023-03-08 13:36:54.808	- Info  -	[desktop][DisplayClient] recv first frame.
2023-03-08 13:36:54.813	- Info  -	[DisplayClient] recv compimage type: ID_IMAGE_RAPIDCOMP
2023-03-08 13:36:54.872	- Info  -	[vpx] open codec.
2023-03-08 13:36:54.895	- Info  -	[desktop][DisplayClient] decode first frame end.
2023-03-08 13:36:54.895	- Info  -	[desktop] receive first frame message
2023-03-08 13:36:54.985	- Info  -	Init D3D2 OK
2023-03-08 13:36:54.985	- Info  -	[DesktopSurface] Use DirectX Paint mode 2
2023-03-08 13:36:55.005	- Info  -	Init D3D2 OK
2023-03-08 13:36:55.012	- Info  -	[maindialog] draw first frame end
2023-03-08 13:36:58.302	* Error *	sensors data send failed!
2023-03-08 13:37:02.620	* Error *	sensors data send failed!
2023-03-08 13:37:03.095	- Info  -	SetDisplayMode() w=800, h=600, bpp=32
2023-03-08 13:37:03.095	- Info  -	ResetBitmap width=800, height=600, bpp=32, srcbpp=32, Size = 1920000
2023-03-08 13:37:03.095	- Info  -	[DisplayClient] recv image info, width: 800, height: 600, bpp: 32
2023-03-08 13:37:03.121	- Info  -	[vpx][decoder] close codec.
2023-03-08 13:37:03.138	- Info  -	[DisplayClient] OnRecvCompInfo format/quality 11/15
2023-03-08 13:37:03.139	- Info  -	[desktop][DisplayClient] recv first frame.
2023-03-08 13:37:03.144	- Info  -	[DisplayClient] recv compimage type: ID_IMAGE_RAPIDCOMP
2023-03-08 13:37:03.200	- Info  -	[vpx] open codec.
2023-03-08 13:37:03.221	- Info  -	[desktop][DisplayClient] decode first frame end.
2023-03-08 13:37:03.222	- Info  -	[desktop] receive first frame message
2023-03-08 13:37:03.321	- Info  -	Init D3D2 OK
2023-03-08 13:37:03.321	- Info  -	[DesktopSurface] Use DirectX Paint mode 2
2023-03-08 13:37:03.338	- Info  -	Init D3D2 OK
2023-03-08 13:37:03.343	- Info  -	[maindialog] draw first frame end
2023-03-08 13:37:09.454	* Error *	sensors data send failed!
2023-03-08 13:37:25.784	* Error *	sensors data send failed!
2023-03-08 13:37:26.344	- Info  -	SetDisplayMode() w=1280, h=600, bpp=32
2023-03-08 13:37:26.344	- Info  -	ResetBitmap width=1280, height=600, bpp=32, srcbpp=32, Size = 3072000
2023-03-08 13:37:26.344	- Info  -	[DisplayClient] recv image info, width: 1280, height: 600, bpp: 32
2023-03-08 13:37:26.371	- Info  -	[vpx][decoder] close codec.
2023-03-08 13:37:26.387	- Info  -	[DisplayClient] OnRecvCompInfo format/quality 11/15
2023-03-08 13:37:26.387	- Info  -	[desktop][DisplayClient] recv first frame.
2023-03-08 13:37:26.391	- Info  -	[DisplayClient] recv compimage type: ID_IMAGE_RAPIDCOMP
2023-03-08 13:37:26.445	- Info  -	[vpx] open codec.
2023-03-08 13:37:26.471	- Info  -	[desktop][DisplayClient] decode first frame end.
2023-03-08 13:37:26.471	- Info  -	[desktop] receive first frame message
2023-03-08 13:37:26.571	- Info  -	Init D3D2 OK
2023-03-08 13:37:26.572	- Info  -	[DesktopSurface] Use DirectX Paint mode 2
2023-03-08 13:37:26.592	- Info  -	Init D3D2 OK
2023-03-08 13:37:26.597	- Info  -	[maindialog] draw first frame end
2023-03-08 13:38:41.389	- Info  -	[clipboard] CClipboardViewer::OnClipboardUpdate
2023-03-08 13:38:41.611	- Info  -	[clipboard] CClipboardViewer::OnRenderFormat begin, uformat 13
2023-03-08 13:38:41.611	- Info  -	[clipboard] RenderFormat, win format 13, 10223531
2023-03-08 13:38:41.629	- Info  -	[clipboard] OnReceiveClipData, type 2740189134861, size 0
2023-03-08 13:38:41.629	- Info  -	[clipboard] format 13, data size: 0
2023-03-08 13:38:41.629	- Info  -	[clipboard] RenderFormat end
2023-03-08 13:38:41.629	- Info  -	[clipboard] CClipboardViewer::OnRenderFormat end, uformat 13
2023-03-08 13:41:50.243	- Info  -	[clipboard] CClipboardViewer::OnClipboardUpdate
2023-03-08 13:41:50.462	- Info  -	[clipboard] CClipboardViewer::OnRenderFormat begin, uformat 13
2023-03-08 13:41:50.462	- Info  -	[clipboard] RenderFormat, win format 13, 10412375
2023-03-08 13:41:50.470	- Info  -	[clipboard] OnReceiveClipData, type 2740189134861, size 86
2023-03-08 13:41:50.470	- Info  -	[clipboard] format 13, data size: 86
2023-03-08 13:41:50.470	- Info  -	[clipboard] setClipboardData, format 13, oray format 13
2023-03-08 13:41:50.471	- Info  -	[clipboard] RenderFormat end
2023-03-08 13:41:50.471	- Info  -	[clipboard] CClipboardViewer::OnRenderFormat end, uformat 13
2023-03-08 13:42:36.390	- Info  -	[clipboard] CClipboardViewer::OnClipboardUpdate
2023-03-08 13:42:36.606	- Info  -	[clipboard] CClipboardViewer::OnRenderFormat begin, uformat 13
2023-03-08 13:42:36.606	- Info  -	[clipboard] RenderFormat, win format 13, 10458531
2023-03-08 13:42:36.620	- Info  -	[clipboard] OnReceiveClipData, type 2740189134861, size 86
2023-03-08 13:42:36.621	- Info  -	[clipboard] format 13, data size: 86
2023-03-08 13:42:36.621	- Info  -	[clipboard] setClipboardData, format 13, oray format 13
2023-03-08 13:42:36.621	- Info  -	[clipboard] RenderFormat end
2023-03-08 13:42:36.621	- Info  -	[clipboard] CClipboardViewer::OnRenderFormat end, uformat 13
2023-03-08 13:46:05.738	* Error *	sensors data send failed!
2023-03-08 13:46:07.479	* Error *	sensors data send failed!
2023-03-08 13:46:07.480	- Info  -	[oray][erroCode] errorcode=oray_errorcode(0), product=0, type=0, inner code=0 [CMultiChannelStream::Disconnect_impl:254]
2023-03-08 13:46:07.481	- Info  -	[TCPConnector] CCurStream handle client_disconnect
2023-03-08 13:46:07.481	- Info  -	[oray][erroCode] errorcode=transf(0), product=0, type=0, inner code=0 [CMultiChannelStream::ForwardHandler::Handle:647]
2023-03-08 13:46:07.481	- Info  -	CConnectorRaw::OnEvent() state: CNTS_FWD_DISCONNECT, error: 0, oray errorcode: 0
2023-03-08 13:46:07.481	- Info  -	[oray][erroCode] errorcode=oray_errorcode(0), product=0, type=0, inner code=0 [CConnectorRaw::OnEvent:624]
2023-03-08 13:46:07.481	+Warning+	[MultiChannel] unbind forward stream(errorcode 0) @ 651
2023-03-08 13:46:07.481	- Info  -	[oray][erroCode] errorcode=oray_errorcode(0), product=0, type=0, inner code=0 [CP2PStream::Disconnect_impl:678]
2023-03-08 13:46:07.481	- Info  -	[oray][erroCode] errorcode=oray_errorcode(0), product=0, type=0, inner code=0 [CP2PStream::CUDPStream::Disconnect_impl:1044]
2023-03-08 13:46:07.481	- Info  -	[oray][erroCode] errorcode=oray_errorcode(0), product=0, type=0, inner code=0 [CUDPLibStream::Disconnect_impl:73]
2023-03-08 13:46:07.481	- Info  -	[udp] Disconnect
2023-03-08 13:46:07.481	- Info  -	[udp] SendDisconnect
2023-03-08 13:46:07.481	- Info  -	[MultiChannel] P2P channel disconnect 115.148.157.246:17906
2023-03-08 13:46:07.481	- Info  -	[oray][erroCode] errorcode=transf(0), product=0, type=0, inner code=0 [CMultiChannelStream::P2PHandler::Handle:834]
2023-03-08 13:46:07.481	- Info  -	[oray][erroCode] errorcode=transf(0), product=0, type=0, inner code=0 [CMultiChannelStream::HandleDisconnect:1041]
2023-03-08 13:46:07.481	- Info  -	CMultiChannelStreamImpl::OnDisconnect()
2023-03-08 13:46:07.481	- Info  -	[oray][erroCode] errorcode=oray_errorcode(0), product=0, type=0, inner code=0 [CMultiChannelStreamImpl::OnDisconnect:100]
2023-03-08 13:46:07.481	- Info  -	CClientStream 115.148.157.246:17906 OnDisconnect, errocde:0
2023-03-08 13:46:07.481	- Info  -	[oray][erroCode] errorcode=errcode(0), product=0, type=0, inner code=0 [CClientStream::OnDisconnect:104]
2023-03-08 13:46:07.481	- Info  -	OnDisconnect, error code 0
2023-03-08 13:46:07.481	- Info  -	[oray][erroCode] errorcode=errcode(0), product=0, type=0, inner code=0 [BinaryPluginStream::OnDisconnect:404]
2023-03-08 13:46:07.481	- Info  -	[desktop] Separation message loop stop.
2023-03-08 13:46:07.482	- Info  -	CPluginThreadManager stop plugin thread
2023-03-08 13:46:07.482	- Info  -	CActivePlugin prepare to exit plugin
2023-03-08 13:46:07.482	- Info  -	[desktop] RemoteDesktopPlugin::ExitInstance. >
2023-03-08 13:46:07.482	- Info  -	[clipboard] stop clipboard...
2023-03-08 13:46:07.491	- Info  -	[clipboard] recv thread end(1).
2023-03-08 13:46:07.492	- Info  -	[clipboard] call CClipboardViewer::DestroyWnd at 190
2023-03-08 13:46:07.492	- Info  -	[clipboard] recv WM_CLOSE, end thread.
2023-03-08 13:46:07.493	- Info  -	[clipboard] Stop Clipboard ok
2023-03-08 13:46:07.495	- Info  -	[udpwrapper] udprelay connecting 115.148.157.246:17906 via 122.246.12.46:4118
2023-03-08 13:46:07.525	- Info  -	[desktop] [thread] cancel.
2023-03-08 13:46:07.525	- Info  -	[desktop] RemoteDesktopPlugin::ExitInstance. <
2023-03-08 13:46:07.529	- Info  -	CConnectorRaw::OnEvent() state: CNTS_P2P_DISCONNECT, error: 0, oray errorcode: 0
2023-03-08 13:46:07.529	- Info  -	[oray][erroCode] errorcode=oray_errorcode(0), product=0, type=0, inner code=0 [CConnectorRaw::OnEvent:624]
2023-03-08 13:46:07.529	- Info  -	[oray][erroCode] errorcode=oray_errorcode(0), product=0, type=0, inner code=0 [CP2PStream::CTCPStream::Disconnect_impl:1016]
2023-03-08 13:46:07.529	- Info  -	CConnectorRaw::OnEvent() state: CNTS_DISCONNECTED, error: 0, oray errorcode: 0
2023-03-08 13:46:07.530	- Info  -	[oray][erroCode] errorcode=oray_errorcode(0), product=0, type=0, inner code=0 [CConnectorRaw::OnEvent:624]
2023-03-08 13:46:07.530	- Info  -	CConnectorRaw::Stop in>
2023-03-08 13:46:07.533	* Error *	Plugin disconnect with error : 0
2023-03-08 13:46:07.535	- Info  -	[CUDPLibWrapper] map size: 1, value: [115.148.157.246:17906/15878-2] = 0.0.0.0:15878;

2023-03-08 13:46:07.535	- Info  -	[oray][erroCode] errorcode=oray_errorcode(0), product=0, type=0, inner code=0 [CP2PStream::CUDPStream::Disconnect_impl:1044]
2023-03-08 13:46:07.535	- Info  -	[oray][erroCode] errorcode=oray_errorcode(0), product=0, type=0, inner code=0 [CUDPLibStream::Disconnect_impl:73]
2023-03-08 13:46:07.536	- Info  -	CConnectorRaw::Stop out<
2023-03-08 13:46:07.539	- Info  -	sensors close
2023-03-08 13:46:07.573	- Info  -	[desktop] CRemoteDesktopPlugin::~CRemoteDesktopPlugin(void)
2023-03-08 13:46:07.574	- Info  -	[vpx][decoder] close codec.
2023-03-08 13:46:07.618	- Info  -	CMultiChannelStreamImpl::~CMultiChannelStreamImpl
2023-03-08 13:46:07.619	- Info  -	program remote_plugin is exit 
