2023-03-08 15:58:23.254	- Info  -	version:3.2.1.40406
2023-03-08 15:58:23.257	- Info  -	DPIAwareness set 2 success.
2023-03-08 15:58:23.265	- Info  -	config path: @Õ)W§
2023-03-08 15:58:23.316	- Info  -	[displayclt] CDisplayClient::CDisplayClient(all)
2023-03-08 15:58:23.316	- Info  -	[desktop] CRemoteDesktopPlugin::CRemoteDesktopPlugin(all)
2023-03-08 15:58:23.325	- Info  -	sensors init with file: C:/ProgramData/Oray/SunloginClient/sensors/datas
2023-03-08 15:58:23.339	- Info  -	CMultiChannelStreamImpl::CMultiChannelStreamImpl
2023-03-08 15:58:23.341	- Info  -	CConnectorRaw::OnStreamEvent(1) state: CNTS_FORWARD, error: 0
2023-03-08 15:58:23.341	- Info  -	CConnectorRaw::OnEvent() state: CNTS_FORWARD, error: 0, oray errorcode: 0
2023-03-08 15:58:23.341	- Info  -	[oray][erroCode] errorcode=oray_errorcode(0), product=0, type=0, inner code=0 [CConnectorRaw::OnEvent:624]
2023-03-08 15:58:23.343	* Error *	sensors data send failed!
2023-03-08 15:58:23.424	- Info  -	attempt to connect server 1178002288.slp2p-east-std206.oray.net:443(122.246.13.100:443)
2023-03-08 15:58:23.433	- Info  -	plugin_public access_token is NULL
2023-03-08 15:58:23.535	- Info  -	[TCPConnector] CCurStream handle client_connect
2023-03-08 15:58:23.566	- Info  -	[MultiChannel] Forward channel shake handle 122.246.13.100:443
2023-03-08 15:58:23.572	- Info  -	CMultiChannelStreamImpl::OnConnect()
2023-03-08 15:58:23.572	- Info  -	CClientStream 122.246.13.100:443 OnConnect
2023-03-08 15:58:23.572	- Info  -	CConnectorRaw::OnEvent() state: CNTS_LOGIN, error: 0, oray errorcode: 0
2023-03-08 15:58:23.572	- Info  -	[oray][erroCode] errorcode=oray_errorcode(0), product=0, type=0, inner code=0 [CConnectorRaw::OnEvent:624]
2023-03-08 15:58:23.572	- Info  -	CConnectorRaw::OnEvent() state: CNTS_FWD_SHAKEHANDLE, error: 0, oray errorcode: 0
2023-03-08 15:58:23.572	- Info  -	[oray][erroCode] errorcode=oray_errorcode(0), product=0, type=0, inner code=0 [CConnectorRaw::OnEvent:624]
2023-03-08 15:58:23.716	- Info  -	[MultiChannel] Forward channel connected 122.246.13.100:443
2023-03-08 15:58:23.716	- Info  -	CMultiChannelStreamImpl::OnConnectEvent, status: CNTS_FWD_CONNECTED, isclosed:false, HadFwdConnected: true, HadBeenHolePunch: false
2023-03-08 15:58:23.716	- Info  -	CConnectorRaw::OnEvent() state: CNTS_FWD_CONNECTED, error: 0, oray errorcode: 0
2023-03-08 15:58:23.716	- Info  -	[oray][erroCode] errorcode=oray_errorcode(0), product=0, type=0, inner code=0 [CConnectorRaw::OnEvent:624]
2023-03-08 15:58:23.716	* Error *	CClientStream receive invalid Logon_OK_Message
2023-03-08 15:58:23.716	- Info  -	CClientStream 122.246.13.100:443 OnReceive reply 1 
2023-03-08 15:58:23.716	- Info  -	CClientStream 122.246.13.100:443 start keepalive
2023-03-08 15:58:23.716	- Info  -	CClientStream 122.246.13.100:443 login OK
2023-03-08 15:58:23.716	- Info  -	CConnectorRaw::OnEvent() state: CNTS_CONNECTED, error: 0, oray errorcode: 0
2023-03-08 15:58:23.716	- Info  -	[oray][erroCode] errorcode=oray_errorcode(0), product=0, type=0, inner code=0 [CConnectorRaw::OnEvent:624]
2023-03-08 15:58:23.716	- Info  -	CPluginThreadManager start plugin thread
2023-03-08 15:58:23.717	- Info  -	CActivePlugin prepare to init plugin
2023-03-08 15:58:23.717	- Info  -	[desktop] create drag server OK
2023-03-08 15:58:23.717	- Info  -	CActivePlugin prepare to run plugin
2023-03-08 15:58:23.717	- Info  -	[desktop] sending switch desktop type message...
2023-03-08 15:58:23.718	- Info  -	[desktop] request enumerate user list.
2023-03-08 15:58:23.719	- Info  -	[desktop] Separation message loop start.
2023-03-08 15:58:23.850	- Info  -	[desktop] receive switch host message res = 1 
2023-03-08 15:58:23.850	- Info  -	[desktop] request enum screen
2023-03-08 15:58:23.850	- Info  -	[DisplayClient] SetCompression 11/15
2023-03-08 15:58:23.850	- Info  -	[desktop] request start stream
2023-03-08 15:58:23.850	- Info  -	[desktop] SetCompressionParam: layer=1;encoding=4;format=1;reserved=0, size: 38
2023-03-08 15:58:23.909	- Info  -	[desktop] OnQueryConfigRes
2023-03-08 15:58:23.909	- Info  -	[desktop] OnQueryConfigRes
2023-03-08 15:58:23.909	- Info  -	[desktop] recv enum screen, number is 1
2023-03-08 15:58:24.116	* Error *	sensors data send failed!
2023-03-08 15:58:24.396	- Info  -	[clipboard] start clipboard...
2023-03-08 15:58:24.412	- Info  -	[clipboard][converter] html format 49319
2023-03-08 15:58:24.413	- Info  -	[clipboard][converter] rtf format 49379
2023-03-08 15:58:24.413	- Info  -	[clipboard] start clipboard ok.
2023-03-08 15:58:24.413	- Info  -	[desktop] sync clipboard enable
2023-03-08 15:58:24.611	- Info  -	SetDisplayMode() w=1440, h=900, bpp=32
2023-03-08 15:58:24.611	- Info  -	ResetBitmap width=1440, height=900, bpp=32, srcbpp=32, Size = 5184000
2023-03-08 15:58:24.611	- Info  -	[DisplayClient] recv image info, width: 1440, height: 900, bpp: 32
2023-03-08 15:58:24.611	- Info  -	[DisplayClient] OnRecvCompInfo format/quality 11/15
2023-03-08 15:58:24.611	- Info  -	[desktop][DisplayClient] recv first frame.
2023-03-08 15:58:24.619	- Info  -	[DisplayClient] recv compimage type: ID_IMAGE_RAPIDCOMP
2023-03-08 15:58:24.683	- Info  -	[vpx] open codec.
2023-03-08 15:58:24.768	- Info  -	[desktop][DisplayClient] decode first frame end.
2023-03-08 15:58:24.770	- Info  -	[desktop] receive first frame message
2023-03-08 15:58:24.770	- Info  -	CClipboardRaw::OnReceiveQueryVersionReq 2
2023-03-08 15:58:24.770	- Info  -	CClipboardRaw::OnReceiveQueryVersionReq 2
2023-03-08 15:58:24.771	- Info  -	SetDisplayMode() w=1440, h=900, bpp=32
2023-03-08 15:58:24.771	- Info  -	ResetBitmap width=1440, height=900, bpp=32, srcbpp=32, Size = 5184000
2023-03-08 15:58:24.772	- Info  -	[DisplayClient] recv image info, width: 1440, height: 900, bpp: 32
2023-03-08 15:58:24.815	- Info  -	[vpx][decoder] close codec.
2023-03-08 15:58:24.837	- Info  -	[DisplayClient] OnRecvCompInfo format/quality 11/15
2023-03-08 15:58:24.837	- Info  -	[desktop][DisplayClient] recv first frame.
2023-03-08 15:58:24.845	- Info  -	[DisplayClient] recv compimage type: ID_IMAGE_RAPIDCOMP
2023-03-08 15:58:24.929	- Info  -	[vpx] open codec.
2023-03-08 15:58:24.931	- Info  -	Init D3D2 OK
2023-03-08 15:58:24.931	- Info  -	[DesktopSurface] Use DirectX Paint mode 2
2023-03-08 15:58:24.974	- Info  -	Init D3D2 OK
2023-03-08 15:58:24.993	- Info  -	[desktop][DisplayClient] decode first frame end.
2023-03-08 15:58:24.993	- Info  -	[desktop] receive first frame message
2023-03-08 15:58:25.011	- Info  -	[maindialog] draw first frame end
2023-03-08 15:58:25.044	- Info  -	[desktop] sync clipboard enable
2023-03-08 15:58:25.044	- Info  -	[http call3] new call id:1, url:https://slapi.oray.net/client/free-tips
2023-03-08 15:58:25.044	- Info  -	[http call3] new call id:2, url:https://slapi.oray.net/remote/get-network
2023-03-08 15:58:25.058	- Info  -	[http call3] id:1 create new connection : https://slapi.oray.net:443
2023-03-08 15:58:25.059	- Info  -	attempt to connect server slapi.oray.net:443(121.40.200.192:443)
2023-03-08 15:58:25.060	- Info  -	[http call3] id:2 use old connection : https://slapi.oray.net:443
2023-03-08 15:58:25.247	- Info  -	[http call3] id:1, url:https://slapi.oray.net/client/free-tips, status code:200
2023-03-08 15:58:25.321	- Info  -	[http call3] id:2, url:https://slapi.oray.net/remote/get-network, status code:200
2023-03-08 15:58:25.715	- Info  -	CMultiChannelStreamImpl::ConnectP2PServer, thread id: 1384
2023-03-08 15:58:25.769	- Info  -	CConnectorRaw::OnStreamEvent(1) state: CNTS_P2P, error: 0
2023-03-08 15:58:25.769	- Info  -	CConnectorRaw::OnEvent() state: CNTS_P2P, error: 0, oray errorcode: 0
2023-03-08 15:58:25.769	- Info  -	[oray][erroCode] errorcode=oray_errorcode(0), product=0, type=0, inner code=0 [CConnectorRaw::OnEvent:624]
2023-03-08 15:58:25.769	- Info  -	[P2PConnector] attempt to connect server PHSRC://1178002288.slp2p-east-std206.oray.net:4118/desktop(slp2p-east-std206.oray.net:4118) 
2023-03-08 15:58:25.823	- Info  -	[udp] support straight send in peer : no 122.246.13.100:4118 CConnection::OnConnectRes
2023-03-08 15:58:25.823	- Info  -	[P2PHelper] detect local ip ...
2023-03-08 15:58:25.824	- Info  -	[P2PHelper] detect local ip 172.16.76.182
2023-03-08 15:58:25.824	- Info  -	[P2PHelper] attempt to login P2P Server...
2023-03-08 15:58:25.856	- Info  -	Init D3D2 OK
2023-03-08 15:58:25.866	- Info  -	[P2PHelper] Login P2P Server OK
2023-03-08 15:58:25.866	- Info  -	[P2PHelper] OnLoginRes, receive public ip 223.82.110.30:15743
2023-03-08 15:58:25.866	- Info  -	[P2PHelper] sending P2P request ...
2023-03-08 15:58:25.908	- Info  -	[P2PHelper] receive peer local ip 10.21.36.6:15681, public ip 106.7.253.67:55169
2023-03-08 15:58:25.908	- Info  -	[P2PStream] EstablishP2P local ip 223.82.110.30:15743/172.16.76.182:15743 ==> peer ip 106.7.253.67:55169/10.21.36.6:15681
2023-03-08 15:58:26.324	+Warning+	not found upnp devices on network!
2023-03-08 15:58:26.324	- Info  -	upnpnat_search_thread::ThreadLoop end
2023-03-08 15:58:26.326	- Info  -	[udpwrapper] attempt to establish P2P connection via: 122.246.13.100:4118, (local)172.16.76.182:15743|(public)223.82.110.30:15743 ==> (local)10.21.36.6:15681|(public)106.7.253.67:55169
2023-03-08 15:58:26.763	- Info  -	[drag] QueryVersionRes is true
2023-03-08 15:58:26.763	- Info  -	CClipboardRaw::OnReceiveQueryVersionRes 2
2023-03-08 15:58:26.826	+Warning+	not found upnp devices on network!
2023-03-08 15:58:26.826	+Warning+	[udpwrapper] UPNP discovery failed, 
2023-03-08 15:58:26.872	- Info  -	[udp] OnConnectAck working in advanced mode 2
2023-03-08 15:58:26.872	- Info  -	[udp] support straight send in peer : yes 106.7.253.67:55169 CConnection::OnConnectRes
2023-03-08 15:58:26.872	- Info  -	[oray][erroCode] errorcode=oray_errorcode(0), product=0, type=0, inner code=0 [CUDPLibStream::Disconnect_impl:73]
2023-03-08 15:58:26.872	- Info  -	[udp] Disconnect
2023-03-08 15:58:26.872	- Info  -	[udp] SendDisconnect
2023-03-08 15:58:26.872	- Info  -	[P2PHelper] MainServer disconnect
2023-03-08 15:58:26.873	- Info  -	[MultiChannel] P2P channel shake handle 106.7.253.67:55169
2023-03-08 15:58:26.873	- Info  -	CConnectorRaw::OnEvent() state: CNTS_P2P_SHAKEHANDLE, error: 0, oray errorcode: 0
2023-03-08 15:58:26.873	- Info  -	[oray][erroCode] errorcode=oray_errorcode(0), product=0, type=0, inner code=0 [CConnectorRaw::OnEvent:624]
2023-03-08 15:58:26.873	- Info  -	[MultiChannel] send SHAKE_HANDLES_MSG, read 422155, write 6214
2023-03-08 15:58:26.873	- Info  -	[P2PStream] connected (by udp) 0.0.0.0:15743 <--> 106.7.253.67:55169
2023-03-08 15:58:26.884	- Info  -	[MultiChannel] Received SHAKE_HANDLES_MSG, read 6130 / (local write 6214), write 422199 / (local read 422155)
2023-03-08 15:58:26.884	- Info  -	[MultiChannel] P2P channel connected 106.7.253.67:55169
2023-03-08 15:58:26.884	- Info  -	CConnectorRaw::OnEvent() state: CNTS_P2P_CONNECTED, error: 0, oray errorcode: 0
2023-03-08 15:58:26.884	- Info  -	[oray][erroCode] errorcode=oray_errorcode(0), product=0, type=0, inner code=0 [CConnectorRaw::OnEvent:624]
2023-03-08 15:58:26.884	- Info  -	[MultiChannel] forward stream read data(size:44, 44, left:44) when p2p state is CONNECTED @ 445
2023-03-08 15:58:26.884	- Info  -	[MultiChannel] forward data read completed @ 462
2023-03-08 15:58:26.887	- Info  -	[MultiChannel] forward data write completed @ 216
2023-03-08 15:58:26.900	- Info  -	[udpwrapper] disconnect reason : 1
2023-03-08 15:58:26.900	- Info  -	[oray][erroCode] errorcode=oray_errorcode(57354), product=0, type=3, inner code=10 [CUDPLibWrapper::OnDisconnect:833]
2023-03-08 15:58:26.900	- Info  -	[udpwrapper] Disconnect 122.246.13.100:4118 @ 838
2023-03-08 15:58:26.900	- Info  -	[oray][erroCode] errorcode=oray_errorcode(57354), product=0, type=3, inner code=10 [CUDPLibStream::Disconnect_impl:73]
2023-03-08 15:58:40.322	* Error *	SSLStream::IsWantReadWrite|peer(121.40.200.192:443), SSL_read failed( 6 ), error:00000000:lib(0):func(0):reason(0), file( ..\includes\common\phstream\SSLStream.cpp:1898 )
2023-03-08 15:58:40.322	- Info  -	[http call3] disconnect, error( 0 )
2023-03-08 16:00:09.867	* Error *	sensors data send failed!
2023-03-08 16:00:14.653	* Error *	sensors data send failed!
2023-03-08 16:00:16.399	- Info  -	SetDisplayMode() w=1280, h=600, bpp=32
2023-03-08 16:00:16.399	- Info  -	ResetBitmap width=1280, height=600, bpp=32, srcbpp=32, Size = 3072000
2023-03-08 16:00:16.399	- Info  -	[DisplayClient] recv image info, width: 1280, height: 600, bpp: 32
2023-03-08 16:00:16.436	- Info  -	[vpx][decoder] close codec.
2023-03-08 16:00:16.455	- Info  -	[DisplayClient] OnRecvCompInfo format/quality 11/15
2023-03-08 16:00:16.456	- Info  -	[desktop][DisplayClient] recv first frame.
2023-03-08 16:00:16.469	- Info  -	[DisplayClient] recv compimage type: ID_IMAGE_RAPIDCOMP
2023-03-08 16:00:16.530	- Info  -	[vpx] open codec.
2023-03-08 16:00:16.556	- Info  -	[desktop][DisplayClient] decode first frame end.
2023-03-08 16:00:16.556	- Info  -	[desktop] receive first frame message
2023-03-08 16:00:16.674	- Info  -	Init D3D2 OK
2023-03-08 16:00:16.674	- Info  -	[DesktopSurface] Use DirectX Paint mode 2
2023-03-08 16:00:16.700	- Info  -	Init D3D2 OK
2023-03-08 16:00:16.709	- Info  -	[maindialog] draw first frame end
2023-03-08 16:00:16.752	- Info  -	Init D3D2 OK
2023-03-08 16:10:38.412	- Info  -	SetDisplayMode() w=1280, h=960, bpp=32
2023-03-08 16:10:38.412	- Info  -	ResetBitmap width=1280, height=960, bpp=32, srcbpp=32, Size = 4915200
2023-03-08 16:10:38.412	- Info  -	[DisplayClient] recv image info, width: 1280, height: 960, bpp: 32
2023-03-08 16:10:38.504	- Info  -	[vpx][decoder] close codec.
2023-03-08 16:10:38.527	- Info  -	[DisplayClient] OnRecvCompInfo format/quality 11/15
2023-03-08 16:10:38.528	- Info  -	[desktop][DisplayClient] recv first frame.
2023-03-08 16:10:38.533	- Info  -	[DisplayClient] recv compimage type: ID_IMAGE_RAPIDCOMP
2023-03-08 16:10:38.589	- Info  -	[vpx] open codec.
2023-03-08 16:10:38.625	- Info  -	[desktop][DisplayClient] decode first frame end.
2023-03-08 16:10:38.626	- Info  -	[desktop] receive first frame message
2023-03-08 16:10:38.730	- Info  -	Init D3D2 OK
2023-03-08 16:10:38.730	- Info  -	[DesktopSurface] Use DirectX Paint mode 2
2023-03-08 16:10:38.760	- Info  -	Init D3D2 OK
2023-03-08 16:10:38.790	- Info  -	[maindialog] draw first frame end
2023-03-08 16:10:38.819	- Info  -	Init D3D2 OK
2023-03-08 16:10:48.475	- Info  -	SetDisplayMode() w=1024, h=768, bpp=32
2023-03-08 16:10:48.476	- Info  -	ResetBitmap width=1024, height=768, bpp=32, srcbpp=32, Size = 3145728
2023-03-08 16:10:48.476	- Info  -	[DisplayClient] recv image info, width: 1024, height: 768, bpp: 32
2023-03-08 16:10:48.502	- Info  -	[vpx][decoder] close codec.
2023-03-08 16:10:48.521	- Info  -	[DisplayClient] OnRecvCompInfo format/quality 11/15
2023-03-08 16:10:48.522	- Info  -	[desktop][DisplayClient] recv first frame.
2023-03-08 16:10:48.527	- Info  -	[DisplayClient] recv compimage type: ID_IMAGE_RAPIDCOMP
2023-03-08 16:10:48.585	- Info  -	[vpx] open codec.
2023-03-08 16:10:48.605	- Info  -	[desktop][DisplayClient] decode first frame end.
2023-03-08 16:10:48.606	- Info  -	[desktop] receive first frame message
2023-03-08 16:10:48.712	- Info  -	Init D3D2 OK
2023-03-08 16:10:48.712	- Info  -	[DesktopSurface] Use DirectX Paint mode 2
2023-03-08 16:10:48.739	- Info  -	Init D3D2 OK
2023-03-08 16:10:48.754	- Info  -	[maindialog] draw first frame end
2023-03-08 16:10:48.788	- Info  -	Init D3D2 OK
2023-03-08 16:12:55.300	* Error *	sensors data send failed!
2023-03-08 16:12:55.312	- Info  -	[oray][erroCode] errorcode=oray_errorcode(0), product=0, type=0, inner code=0 [CMultiChannelStream::Disconnect_impl:254]
2023-03-08 16:12:55.312	- Info  -	[TCPConnector] CCurStream handle client_disconnect
2023-03-08 16:12:55.312	- Info  -	[oray][erroCode] errorcode=transf(0), product=0, type=0, inner code=0 [CMultiChannelStream::ForwardHandler::Handle:647]
2023-03-08 16:12:55.312	- Info  -	CConnectorRaw::OnEvent() state: CNTS_FWD_DISCONNECT, error: 0, oray errorcode: 0
2023-03-08 16:12:55.312	- Info  -	[oray][erroCode] errorcode=oray_errorcode(0), product=0, type=0, inner code=0 [CConnectorRaw::OnEvent:624]
2023-03-08 16:12:55.312	+Warning+	[MultiChannel] unbind forward stream(errorcode 0) @ 651
2023-03-08 16:12:55.313	- Info  -	[oray][erroCode] errorcode=oray_errorcode(0), product=0, type=0, inner code=0 [CP2PStream::Disconnect_impl:678]
2023-03-08 16:12:55.313	- Info  -	[oray][erroCode] errorcode=oray_errorcode(0), product=0, type=0, inner code=0 [CP2PStream::CUDPStream::Disconnect_impl:1044]
2023-03-08 16:12:55.313	- Info  -	[oray][erroCode] errorcode=oray_errorcode(0), product=0, type=0, inner code=0 [CUDPLibStream::Disconnect_impl:73]
2023-03-08 16:12:55.313	- Info  -	[udp] Disconnect
2023-03-08 16:12:55.313	- Info  -	[udp] SendDisconnect
2023-03-08 16:12:55.313	- Info  -	[MultiChannel] P2P channel disconnect 106.7.253.67:55169
2023-03-08 16:12:55.313	- Info  -	[oray][erroCode] errorcode=transf(0), product=0, type=0, inner code=0 [CMultiChannelStream::P2PHandler::Handle:834]
2023-03-08 16:12:55.313	- Info  -	[oray][erroCode] errorcode=transf(0), product=0, type=0, inner code=0 [CMultiChannelStream::HandleDisconnect:1041]
2023-03-08 16:12:55.313	- Info  -	CMultiChannelStreamImpl::OnDisconnect()
2023-03-08 16:12:55.313	- Info  -	[oray][erroCode] errorcode=oray_errorcode(0), product=0, type=0, inner code=0 [CMultiChannelStreamImpl::OnDisconnect:100]
2023-03-08 16:12:55.313	- Info  -	CClientStream 106.7.253.67:55169 OnDisconnect, errocde:0
2023-03-08 16:12:55.313	- Info  -	[oray][erroCode] errorcode=errcode(0), product=0, type=0, inner code=0 [CClientStream::OnDisconnect:104]
2023-03-08 16:12:55.313	- Info  -	OnDisconnect, error code 0
2023-03-08 16:12:55.313	- Info  -	[oray][erroCode] errorcode=errcode(0), product=0, type=0, inner code=0 [BinaryPluginStream::OnDisconnect:404]
2023-03-08 16:12:55.313	- Info  -	[desktop] Separation message loop stop.
2023-03-08 16:12:55.314	- Info  -	CPluginThreadManager stop plugin thread
2023-03-08 16:12:55.314	- Info  -	CActivePlugin prepare to exit plugin
2023-03-08 16:12:55.314	- Info  -	[desktop] RemoteDesktopPlugin::ExitInstance. >
2023-03-08 16:12:55.314	- Info  -	[clipboard] stop clipboard...
2023-03-08 16:12:55.315	- Info  -	[clipboard] recv thread end(1).
2023-03-08 16:12:55.322	- Info  -	[clipboard] call CClipboardViewer::DestroyWnd at 190
2023-03-08 16:12:55.322	- Info  -	[clipboard] recv WM_CLOSE, end thread.
2023-03-08 16:12:55.323	- Info  -	[clipboard] Stop Clipboard ok
2023-03-08 16:12:55.325	- Info  -	[udpwrapper] udprelay connecting 106.7.253.67:55169 via 122.246.13.100:4118
2023-03-08 16:12:55.340	- Info  -	[desktop] [thread] cancel.
2023-03-08 16:12:55.340	- Info  -	[desktop] RemoteDesktopPlugin::ExitInstance. <
2023-03-08 16:12:55.343	- Info  -	CConnectorRaw::OnEvent() state: CNTS_P2P_DISCONNECT, error: 0, oray errorcode: 0
2023-03-08 16:12:55.343	- Info  -	[oray][erroCode] errorcode=oray_errorcode(0), product=0, type=0, inner code=0 [CConnectorRaw::OnEvent:624]
2023-03-08 16:12:55.343	- Info  -	[oray][erroCode] errorcode=oray_errorcode(0), product=0, type=0, inner code=0 [CP2PStream::CTCPStream::Disconnect_impl:1016]
2023-03-08 16:12:55.343	- Info  -	CConnectorRaw::OnEvent() state: CNTS_DISCONNECTED, error: 0, oray errorcode: 0
2023-03-08 16:12:55.344	- Info  -	[oray][erroCode] errorcode=oray_errorcode(0), product=0, type=0, inner code=0 [CConnectorRaw::OnEvent:624]
2023-03-08 16:12:55.344	- Info  -	CConnectorRaw::Stop in>
2023-03-08 16:12:55.344	- Info  -	[CUDPLibWrapper] map size: 1, value: [106.7.253.67:55169/15743-2] = 0.0.0.0:15743;

2023-03-08 16:12:55.344	- Info  -	[oray][erroCode] errorcode=oray_errorcode(0), product=0, type=0, inner code=0 [CP2PStream::CUDPStream::Disconnect_impl:1044]
2023-03-08 16:12:55.344	- Info  -	[oray][erroCode] errorcode=oray_errorcode(0), product=0, type=0, inner code=0 [CUDPLibStream::Disconnect_impl:73]
2023-03-08 16:12:55.345	- Info  -	CConnectorRaw::Stop out<
2023-03-08 16:12:55.346	- Info  -	sensors close
2023-03-08 16:12:55.349	* Error *	Plugin disconnect with error : 0
2023-03-08 16:12:55.375	- Info  -	[desktop] CRemoteDesktopPlugin::~CRemoteDesktopPlugin(void)
2023-03-08 16:12:55.376	- Info  -	[vpx][decoder] close codec.
2023-03-08 16:12:55.409	- Info  -	CMultiChannelStreamImpl::~CMultiChannelStreamImpl
2023-03-08 16:12:55.410	- Info  -	program remote_plugin is exit 
