2023-05-19 10:04:31.459	- Info  -	version:3.2.1.40406
2023-05-19 10:04:31.469	- Info  -	DPIAwareness set 2 success.
2023-05-19 10:04:31.479	- Info  -	config path: `vÆÒY
2023-05-19 10:04:31.628	- Info  -	[displayclt] CDisplayClient::CDisplayClient(all)
2023-05-19 10:04:31.628	- Info  -	[desktop] CRemoteDesktopPlugin::CRemoteDesktopPlugin(all)
2023-05-19 10:04:31.657	- Info  -	sensors init with file: C:/ProgramData/Oray/SunloginClient/sensors/datas
2023-05-19 10:04:31.675	- Info  -	CMultiChannelStreamImpl::CMultiChannelStreamImpl
2023-05-19 10:04:31.676	- Info  -	CConnectorRaw::OnStreamEvent(1) state: CNTS_FORWARD, error: 0
2023-05-19 10:04:31.677	- Info  -	CConnectorRaw::OnEvent() state: CNTS_FORWARD, error: 0, oray errorcode: 0
2023-05-19 10:04:31.677	- Info  -	[oray][erroCode] errorcode=oray_errorcode(0), product=0, type=0, inner code=0 [CConnectorRaw::OnEvent:624]
2023-05-19 10:04:31.689	* Error *	sensors data send failed!
2023-05-19 10:04:31.801	- Info  -	plugin_public access_token is NULL
2023-05-19 10:04:31.878	- Info  -	attempt to connect server 1829666886.slp2p-east-std04.oray.net:443(180.113.2.153:443)
2023-05-19 10:04:32.003	- Info  -	[TCPConnector] CCurStream handle client_connect
2023-05-19 10:04:32.030	- Info  -	[MultiChannel] Forward channel shake handle 180.113.2.153:443
2023-05-19 10:04:32.030	- Info  -	CMultiChannelStreamImpl::OnConnect()
2023-05-19 10:04:32.030	- Info  -	CClientStream 180.113.2.153:443 OnConnect
2023-05-19 10:04:32.031	- Info  -	CConnectorRaw::OnEvent() state: CNTS_LOGIN, error: 0, oray errorcode: 0
2023-05-19 10:04:32.031	- Info  -	[oray][erroCode] errorcode=oray_errorcode(0), product=0, type=0, inner code=0 [CConnectorRaw::OnEvent:624]
2023-05-19 10:04:32.031	- Info  -	CConnectorRaw::OnEvent() state: CNTS_FWD_SHAKEHANDLE, error: 0, oray errorcode: 0
2023-05-19 10:04:32.031	- Info  -	[oray][erroCode] errorcode=oray_errorcode(0), product=0, type=0, inner code=0 [CConnectorRaw::OnEvent:624]
2023-05-19 10:04:32.376	- Info  -	[MultiChannel] Forward channel connected 180.113.2.153:443
2023-05-19 10:04:32.377	- Info  -	CMultiChannelStreamImpl::OnConnectEvent, status: CNTS_FWD_CONNECTED, isclosed:false, HadFwdConnected: true, HadBeenHolePunch: false
2023-05-19 10:04:32.377	- Info  -	CConnectorRaw::OnEvent() state: CNTS_FWD_CONNECTED, error: 0, oray errorcode: 0
2023-05-19 10:04:32.377	- Info  -	[oray][erroCode] errorcode=oray_errorcode(0), product=0, type=0, inner code=0 [CConnectorRaw::OnEvent:624]
2023-05-19 10:04:32.377	* Error *	CClientStream receive invalid Logon_OK_Message
2023-05-19 10:04:32.381	- Info  -	CClientStream 180.113.2.153:443 OnReceive reply 1 
2023-05-19 10:04:32.381	- Info  -	CClientStream 180.113.2.153:443 start keepalive
2023-05-19 10:04:32.381	- Info  -	CClientStream 180.113.2.153:443 login OK
2023-05-19 10:04:32.381	- Info  -	CConnectorRaw::OnEvent() state: CNTS_CONNECTED, error: 0, oray errorcode: 0
2023-05-19 10:04:32.381	- Info  -	[oray][erroCode] errorcode=oray_errorcode(0), product=0, type=0, inner code=0 [CConnectorRaw::OnEvent:624]
2023-05-19 10:04:32.381	- Info  -	CPluginThreadManager start plugin thread
2023-05-19 10:04:32.382	- Info  -	CActivePlugin prepare to init plugin
2023-05-19 10:04:32.382	- Info  -	[desktop] create drag server OK
2023-05-19 10:04:32.382	- Info  -	CActivePlugin prepare to run plugin
2023-05-19 10:04:32.383	- Info  -	[desktop] sending switch desktop type message...
2023-05-19 10:04:32.384	- Info  -	[desktop] request enumerate user list.
2023-05-19 10:04:32.384	- Info  -	[desktop] Separation message loop start.
2023-05-19 10:04:32.823	* Error *	sensors data send failed!
2023-05-19 10:04:33.163	- Info  -	[desktop] receive switch host message res = 1 
2023-05-19 10:04:33.164	- Info  -	[desktop] request enum screen
2023-05-19 10:04:33.164	- Info  -	[DisplayClient] SetCompression 11/15
2023-05-19 10:04:33.164	- Info  -	[desktop] request start stream
2023-05-19 10:04:33.164	- Info  -	[desktop] SetCompressionParam: layer=1;encoding=4;format=1;reserved=0, size: 38
2023-05-19 10:04:33.765	- Info  -	[desktop] OnQueryConfigRes
2023-05-19 10:04:33.766	- Info  -	[desktop] OnQueryConfigRes
2023-05-19 10:04:33.766	- Info  -	[desktop] recv enum screen, number is 1
2023-05-19 10:04:33.766	- Info  -	[clipboard] start clipboard...
2023-05-19 10:04:33.791	- Info  -	[clipboard][converter] html format 49429
2023-05-19 10:04:33.791	- Info  -	[clipboard][converter] rtf format 49271
2023-05-19 10:04:33.791	- Info  -	[clipboard] start clipboard ok.
2023-05-19 10:04:33.792	- Info  -	[desktop] sync clipboard enable
2023-05-19 10:04:34.313	- Info  -	CClipboardRaw::OnReceiveQueryVersionReq 2
2023-05-19 10:04:34.370	- Info  -	CMultiChannelStreamImpl::ConnectP2PServer, thread id: 13160
2023-05-19 10:04:34.648	- Info  -	CConnectorRaw::OnStreamEvent(1) state: CNTS_P2P, error: 0
2023-05-19 10:04:34.648	- Info  -	CConnectorRaw::OnEvent() state: CNTS_P2P, error: 0, oray errorcode: 0
2023-05-19 10:04:34.648	- Info  -	[oray][erroCode] errorcode=oray_errorcode(0), product=0, type=0, inner code=0 [CConnectorRaw::OnEvent:624]
2023-05-19 10:04:34.648	- Info  -	[P2PConnector] attempt to connect server PHSRC://1829666886.slp2p-east-std04.oray.net:4118/desktop(slp2p-east-std04.oray.net:4118) 
2023-05-19 10:04:34.765	- Info  -	[udp] support straight send in peer : no 180.113.2.153:4118 CConnection::OnConnectRes
2023-05-19 10:04:34.766	- Info  -	[P2PHelper] detect local ip ...
2023-05-19 10:04:34.766	- Info  -	[P2PHelper] detect local ip 172.16.77.18
2023-05-19 10:04:34.767	- Info  -	[P2PHelper] attempt to login P2P Server...
2023-05-19 10:04:34.796	- Info  -	[P2PHelper] Login P2P Server OK
2023-05-19 10:04:34.796	- Info  -	[P2PHelper] OnLoginRes, receive public ip 223.82.110.30:15348
2023-05-19 10:04:34.796	- Info  -	[P2PHelper] sending P2P request ...
2023-05-19 10:04:34.891	- Info  -	[P2PHelper] receive peer local ip 10.21.146.2:16051, public ip 106.5.128.119:26746
2023-05-19 10:04:34.891	- Info  -	[P2PStream] EstablishP2P local ip 223.82.110.30:15348/172.16.77.18:15348 ==> peer ip 106.5.128.119:26746/10.21.146.2:16051
2023-05-19 10:04:35.268	+Warning+	not found upnp devices on network!
2023-05-19 10:04:35.268	- Info  -	upnpnat_search_thread::ThreadLoop end
2023-05-19 10:04:35.272	- Info  -	[udpwrapper] attempt to establish P2P connection via: 180.113.2.153:4118, (local)172.16.77.18:15348|(public)223.82.110.30:15348 ==> (local)10.21.146.2:16051|(public)106.5.128.119:26746
2023-05-19 10:04:35.321	- Info  -	SetDisplayMode() w=1600, h=900, bpp=32
2023-05-19 10:04:35.321	- Info  -	ResetBitmap width=1600, height=900, bpp=32, srcbpp=32, Size = 5760000
2023-05-19 10:04:35.321	- Info  -	[DisplayClient] recv image info, width: 1600, height: 900, bpp: 32
2023-05-19 10:04:35.321	- Info  -	[DisplayClient] OnRecvCompInfo format/quality 11/15
2023-05-19 10:04:35.321	- Info  -	[desktop][DisplayClient] recv first frame.
2023-05-19 10:04:35.330	- Info  -	[DisplayClient] recv compimage type: ID_IMAGE_RAPIDCOMP
2023-05-19 10:04:35.420	- Info  -	[vpx] open codec.
2023-05-19 10:04:35.520	- Info  -	[desktop][DisplayClient] decode first frame end.
2023-05-19 10:04:35.522	- Info  -	[desktop] receive first frame message
2023-05-19 10:04:35.561	- Info  -	[drag] QueryVersionRes is true
2023-05-19 10:04:35.565	- Info  -	CClipboardRaw::OnReceiveQueryVersionRes 2
2023-05-19 10:04:35.757	- Info  -	Init D3D2 OK
2023-05-19 10:04:35.758	- Info  -	[DesktopSurface] Use DirectX Paint mode 2
2023-05-19 10:04:35.773	+Warning+	not found upnp devices on network!
2023-05-19 10:04:35.773	+Warning+	[udpwrapper] UPNP discovery failed, 
2023-05-19 10:04:35.856	- Info  -	[udp] OnConnectAck working in advanced mode 2
2023-05-19 10:04:35.856	- Info  -	[udp] support straight send in peer : yes 106.5.128.119:26746 CConnection::OnConnectRes
2023-05-19 10:04:35.857	- Info  -	[oray][erroCode] errorcode=oray_errorcode(0), product=0, type=0, inner code=0 [CUDPLibStream::Disconnect_impl:73]
2023-05-19 10:04:35.857	- Info  -	[udp] Disconnect
2023-05-19 10:04:35.857	- Info  -	[udp] SendDisconnect
2023-05-19 10:04:35.857	- Info  -	[P2PHelper] MainServer disconnect
2023-05-19 10:04:35.857	- Info  -	[MultiChannel] P2P channel shake handle 106.5.128.119:26746
2023-05-19 10:04:35.858	- Info  -	CConnectorRaw::OnEvent() state: CNTS_P2P_SHAKEHANDLE, error: 0, oray errorcode: 0
2023-05-19 10:04:35.858	- Info  -	[oray][erroCode] errorcode=oray_errorcode(0), product=0, type=0, inner code=0 [CConnectorRaw::OnEvent:624]
2023-05-19 10:04:35.858	- Info  -	[MultiChannel] send SHAKE_HANDLES_MSG, read 222106, write 2244
2023-05-19 10:04:35.858	- Info  -	[P2PStream] connected (by udp) 0.0.0.0:15348 <--> 106.5.128.119:26746
2023-05-19 10:04:35.885	- Info  -	[udpwrapper] disconnect reason : 1
2023-05-19 10:04:35.886	- Info  -	[oray][erroCode] errorcode=oray_errorcode(57354), product=0, type=3, inner code=10 [CUDPLibWrapper::OnDisconnect:833]
2023-05-19 10:04:35.886	- Info  -	[udpwrapper] Disconnect 180.113.2.153:4118 @ 838
2023-05-19 10:04:35.886	- Info  -	[oray][erroCode] errorcode=oray_errorcode(57354), product=0, type=3, inner code=10 [CUDPLibStream::Disconnect_impl:73]
2023-05-19 10:04:35.886	- Info  -	[MultiChannel] Received SHAKE_HANDLES_MSG, read 2264 / (local write 2244), write 222186 / (local read 222106)
2023-05-19 10:04:35.886	- Info  -	[MultiChannel] P2P channel connected 106.5.128.119:26746
2023-05-19 10:04:35.886	- Info  -	CConnectorRaw::OnEvent() state: CNTS_P2P_CONNECTED, error: 0, oray errorcode: 0
2023-05-19 10:04:35.886	- Info  -	[oray][erroCode] errorcode=oray_errorcode(0), product=0, type=0, inner code=0 [CConnectorRaw::OnEvent:624]
2023-05-19 10:04:35.886	- Info  -	[MultiChannel] forward stream read data(size:80, 80, left:80) when p2p state is CONNECTED @ 445
2023-05-19 10:04:35.886	- Info  -	[MultiChannel] forward data read completed @ 462
2023-05-19 10:04:35.889	- Info  -	[MultiChannel] write data when p2p state is CONNECTED, is full 0, writed data 2244 / peer read 2264, left 20, size 52 @ 153
2023-05-19 10:04:35.897	- Info  -	[MultiChannel] forward data write completed @ 216
2023-05-19 10:04:35.906	- Info  -	Init D3D2 OK
2023-05-19 10:04:35.940	- Info  -	[maindialog] draw first frame end
2023-05-19 10:04:36.026	- Info  -	[desktop] sync clipboard enable
2023-05-19 10:04:36.027	- Info  -	[http call3] new call id:1, url:https://slapi.oray.net/remote/get-network
2023-05-19 10:04:36.041	- Info  -	[http call3] id:1 create new connection : https://slapi.oray.net:443
2023-05-19 10:04:36.044	- Info  -	attempt to connect server slapi.oray.net:443(121.40.99.129:443)
2023-05-19 10:04:36.215	- Info  -	[http call3] id:1, url:https://slapi.oray.net/remote/get-network, status code:200
2023-05-19 10:04:40.668	* Error *	sensors data send failed!
2023-05-19 10:04:51.214	* Error *	SSLStream::IsWantReadWrite|peer(121.40.99.129:443), SSL_read failed( 6 ), error:00000000:lib(0):func(0):reason(0), file( ..\includes\common\phstream\SSLStream.cpp:1898 )
2023-05-19 10:04:51.215	- Info  -	[http call3] disconnect, error( 0 )
2023-05-19 10:07:42.148	- Info  -	[clipboard] CClipboardViewer::OnClipboardUpdate
2023-05-19 10:07:42.148	- Info  -	[clipboard] CClipboardViewer::OnClipboardUpdate
2023-05-19 10:07:42.172	- Info  -	[clipboard] CClipboardViewer::OnClipboardUpdate
2023-05-19 10:07:42.177	- Info  -	[clipboard] CClipboardViewer::OnClipboardUpdate
2023-05-19 10:07:42.177	- Info  -	[clipboard] CClipboardViewer::OnClipboardUpdate
2023-05-19 10:07:42.189	- Info  -	[clipboard] CClipboardViewer::OnClipboardUpdate
2023-05-19 10:07:42.189	- Info  -	[clipboard] CClipboardViewer::OnClipboardUpdate
2023-05-19 10:07:42.468	- Info  -	[clipboard] CClipboardViewer::OnRenderFormat begin, uformat 13
2023-05-19 10:07:42.468	- Info  -	[clipboard] RenderFormat, win format 13, 680888046
2023-05-19 10:07:42.479	- Info  -	[clipboard] OnReceiveClipData, type 1481763717133, size 1204
2023-05-19 10:07:42.479	- Info  -	[clipboard] format 13, data size: 1204
2023-05-19 10:07:42.480	- Info  -	[clipboard] setClipboardData, format 13, oray format 13
2023-05-19 10:07:42.480	- Info  -	[clipboard] RenderFormat end
2023-05-19 10:07:42.480	- Info  -	[clipboard] CClipboardViewer::OnRenderFormat end, uformat 13
2023-05-19 10:15:54.739	- Info  -	Init D3D2 OK
2023-05-19 10:15:54.939	- Info  -	Init D3D2 OK
2023-05-19 10:15:56.289	- Info  -	Init D3D2 OK
2023-05-19 10:15:56.625	- Info  -	Init D3D2 OK
2023-05-19 10:15:56.851	- Info  -	Init D3D2 OK
2023-05-19 10:15:57.140	- Info  -	Init D3D2 OK
2023-05-19 10:46:37.847	+Warning+	[BinaryPluginStream] rate reader pending data size 282844 exceed 262144
2023-05-19 10:46:37.868	+Warning+	[BinaryPluginStream] rate reader data all clear
2023-05-19 10:47:40.080	- Info  -	WM_MOUSELEAVE
2023-05-19 10:48:03.390	* Error *	sensors data send failed!
2023-05-19 10:48:03.392	- Info  -	[oray][erroCode] errorcode=oray_errorcode(0), product=0, type=0, inner code=0 [CMultiChannelStream::Disconnect_impl:254]
2023-05-19 10:48:03.392	- Info  -	[TCPConnector] CCurStream handle client_disconnect
2023-05-19 10:48:03.392	- Info  -	[oray][erroCode] errorcode=transf(0), product=0, type=0, inner code=0 [CMultiChannelStream::ForwardHandler::Handle:647]
2023-05-19 10:48:03.392	- Info  -	CConnectorRaw::OnEvent() state: CNTS_FWD_DISCONNECT, error: 0, oray errorcode: 0
2023-05-19 10:48:03.393	- Info  -	[oray][erroCode] errorcode=oray_errorcode(0), product=0, type=0, inner code=0 [CConnectorRaw::OnEvent:624]
2023-05-19 10:48:03.393	+Warning+	[MultiChannel] unbind forward stream(errorcode 0) @ 651
2023-05-19 10:48:03.393	- Info  -	[oray][erroCode] errorcode=oray_errorcode(0), product=0, type=0, inner code=0 [CP2PStream::Disconnect_impl:678]
2023-05-19 10:48:03.393	- Info  -	[oray][erroCode] errorcode=oray_errorcode(0), product=0, type=0, inner code=0 [CP2PStream::CUDPStream::Disconnect_impl:1044]
2023-05-19 10:48:03.393	- Info  -	[oray][erroCode] errorcode=oray_errorcode(0), product=0, type=0, inner code=0 [CUDPLibStream::Disconnect_impl:73]
2023-05-19 10:48:03.393	- Info  -	[udp] Disconnect
2023-05-19 10:48:03.393	- Info  -	[udp] SendDisconnect
2023-05-19 10:48:03.393	- Info  -	[MultiChannel] P2P channel disconnect 106.5.128.119:26746
2023-05-19 10:48:03.393	- Info  -	[oray][erroCode] errorcode=transf(0), product=0, type=0, inner code=0 [CMultiChannelStream::P2PHandler::Handle:834]
2023-05-19 10:48:03.393	- Info  -	[oray][erroCode] errorcode=transf(0), product=0, type=0, inner code=0 [CMultiChannelStream::HandleDisconnect:1041]
2023-05-19 10:48:03.393	- Info  -	CMultiChannelStreamImpl::OnDisconnect()
2023-05-19 10:48:03.393	- Info  -	[oray][erroCode] errorcode=oray_errorcode(0), product=0, type=0, inner code=0 [CMultiChannelStreamImpl::OnDisconnect:100]
2023-05-19 10:48:03.393	- Info  -	CClientStream 106.5.128.119:26746 OnDisconnect, errocde:0
2023-05-19 10:48:03.393	- Info  -	[oray][erroCode] errorcode=errcode(0), product=0, type=0, inner code=0 [CClientStream::OnDisconnect:104]
2023-05-19 10:48:03.393	- Info  -	OnDisconnect, error code 0
2023-05-19 10:48:03.393	- Info  -	[oray][erroCode] errorcode=errcode(0), product=0, type=0, inner code=0 [BinaryPluginStream::OnDisconnect:404]
2023-05-19 10:48:03.393	- Info  -	CPluginThreadManager stop plugin thread
2023-05-19 10:48:03.393	- Info  -	[desktop] Separation message loop stop.
2023-05-19 10:48:03.394	- Info  -	CActivePlugin prepare to exit plugin
2023-05-19 10:48:03.394	- Info  -	[desktop] RemoteDesktopPlugin::ExitInstance. >
2023-05-19 10:48:03.394	- Info  -	[clipboard] stop clipboard...
2023-05-19 10:48:03.417	- Info  -	[udpwrapper] udprelay connecting 106.5.128.119:26746 via 180.113.2.153:4118
2023-05-19 10:48:03.459	- Info  -	[clipboard] recv thread end(2).
2023-05-19 10:48:03.490	- Info  -	[clipboard] call CClipboardViewer::DestroyWnd at 190
2023-05-19 10:48:03.491	- Info  -	[clipboard] recv WM_CLOSE, end thread.
2023-05-19 10:48:03.540	- Info  -	[clipboard] Stop Clipboard ok
2023-05-19 10:48:03.583	- Info  -	[desktop] [thread] cancel.
2023-05-19 10:48:03.583	- Info  -	[desktop] RemoteDesktopPlugin::ExitInstance. <
2023-05-19 10:48:03.606	- Info  -	CConnectorRaw::OnEvent() state: CNTS_P2P_DISCONNECT, error: 0, oray errorcode: 0
2023-05-19 10:48:03.606	- Info  -	[oray][erroCode] errorcode=oray_errorcode(0), product=0, type=0, inner code=0 [CConnectorRaw::OnEvent:624]
2023-05-19 10:48:03.606	- Info  -	[oray][erroCode] errorcode=oray_errorcode(0), product=0, type=0, inner code=0 [CP2PStream::CTCPStream::Disconnect_impl:1016]
2023-05-19 10:48:03.606	- Info  -	CConnectorRaw::OnEvent() state: CNTS_DISCONNECTED, error: 0, oray errorcode: 0
2023-05-19 10:48:03.606	- Info  -	[oray][erroCode] errorcode=oray_errorcode(0), product=0, type=0, inner code=0 [CConnectorRaw::OnEvent:624]
2023-05-19 10:48:03.606	- Info  -	CConnectorRaw::Stop in>
2023-05-19 10:48:03.613	* Error *	Plugin disconnect with error : 0
2023-05-19 10:48:03.617	- Info  -	[CUDPLibWrapper] map size: 1, value: [106.5.128.119:26746/15348-2] = 0.0.0.0:15348;

2023-05-19 10:48:03.618	- Info  -	[oray][erroCode] errorcode=oray_errorcode(0), product=0, type=0, inner code=0 [CP2PStream::CUDPStream::Disconnect_impl:1044]
2023-05-19 10:48:03.618	- Info  -	[oray][erroCode] errorcode=oray_errorcode(0), product=0, type=0, inner code=0 [CUDPLibStream::Disconnect_impl:73]
2023-05-19 10:48:03.619	- Info  -	CConnectorRaw::Stop out<
2023-05-19 10:48:03.620	- Info  -	sensors close
2023-05-19 10:48:03.679	- Info  -	[desktop] CRemoteDesktopPlugin::~CRemoteDesktopPlugin(void)
2023-05-19 10:48:03.681	- Info  -	[vpx][decoder] close codec.
2023-05-19 10:48:04.515	- Info  -	CMultiChannelStreamImpl::~CMultiChannelStreamImpl
2023-05-19 10:48:04.521	- Info  -	program remote_plugin is exit 
