2023-05-05 08:45:12.968	- Info  -	version:3.2.1.40406
2023-05-05 08:45:12.971	- Info  -	DPIAwareness set 2 success.
2023-05-05 08:45:12.977	- Info  -	config path: 
2023-05-05 08:45:13.026	- Info  -	[displayclt] CDisplayClient::CDisplayClient(all)
2023-05-05 08:45:13.026	- Info  -	[desktop] CRemoteDesktopPlugin::CRemoteDesktopPlugin(all)
2023-05-05 08:45:13.034	- Info  -	sensors init with file: C:/ProgramData/Oray/SunloginClient/sensors/datas
2023-05-05 08:45:13.048	- Info  -	CMultiChannelStreamImpl::CMultiChannelStreamImpl
2023-05-05 08:45:13.050	- Info  -	CConnectorRaw::OnStreamEvent(1) state: CNTS_FORWARD, error: 0
2023-05-05 08:45:13.050	- Info  -	CConnectorRaw::OnEvent() state: CNTS_FORWARD, error: 0, oray errorcode: 0
2023-05-05 08:45:13.050	- Info  -	[oray][erroCode] errorcode=oray_errorcode(0), product=0, type=0, inner code=0 [CConnectorRaw::OnEvent:624]
2023-05-05 08:45:13.054	* Error *	sensors data send failed!
2023-05-05 08:45:13.125	- Info  -	plugin_public access_token is NULL
2023-05-05 08:45:13.144	- Info  -	attempt to connect server 164407112.slp2p-east-std203.oray.net:443(122.246.12.46:443)
2023-05-05 08:45:13.296	- Info  -	[TCPConnector] CCurStream handle client_connect
2023-05-05 08:45:13.339	- Info  -	[MultiChannel] Forward channel shake handle 122.246.12.46:443
2023-05-05 08:45:13.339	- Info  -	CMultiChannelStreamImpl::OnConnect()
2023-05-05 08:45:13.339	- Info  -	CClientStream 122.246.12.46:443 OnConnect
2023-05-05 08:45:13.339	- Info  -	CConnectorRaw::OnEvent() state: CNTS_LOGIN, error: 0, oray errorcode: 0
2023-05-05 08:45:13.339	- Info  -	[oray][erroCode] errorcode=oray_errorcode(0), product=0, type=0, inner code=0 [CConnectorRaw::OnEvent:624]
2023-05-05 08:45:13.339	- Info  -	CConnectorRaw::OnEvent() state: CNTS_FWD_SHAKEHANDLE, error: 0, oray errorcode: 0
2023-05-05 08:45:13.339	- Info  -	[oray][erroCode] errorcode=oray_errorcode(0), product=0, type=0, inner code=0 [CConnectorRaw::OnEvent:624]
2023-05-05 08:45:13.528	- Info  -	[MultiChannel] Forward channel connected 122.246.12.46:443
2023-05-05 08:45:13.529	- Info  -	CMultiChannelStreamImpl::OnConnectEvent, status: CNTS_FWD_CONNECTED, isclosed:false, HadFwdConnected: true, HadBeenHolePunch: false
2023-05-05 08:45:13.529	- Info  -	CConnectorRaw::OnEvent() state: CNTS_FWD_CONNECTED, error: 0, oray errorcode: 0
2023-05-05 08:45:13.529	- Info  -	[oray][erroCode] errorcode=oray_errorcode(0), product=0, type=0, inner code=0 [CConnectorRaw::OnEvent:624]
2023-05-05 08:45:13.529	* Error *	CClientStream receive invalid Logon_OK_Message
2023-05-05 08:45:13.529	- Info  -	CClientStream 122.246.12.46:443 OnReceive reply 1 
2023-05-05 08:45:13.529	- Info  -	CClientStream 122.246.12.46:443 start keepalive
2023-05-05 08:45:13.529	- Info  -	CClientStream 122.246.12.46:443 login OK
2023-05-05 08:45:13.529	- Info  -	CConnectorRaw::OnEvent() state: CNTS_CONNECTED, error: 0, oray errorcode: 0
2023-05-05 08:45:13.530	- Info  -	[oray][erroCode] errorcode=oray_errorcode(0), product=0, type=0, inner code=0 [CConnectorRaw::OnEvent:624]
2023-05-05 08:45:13.530	- Info  -	CPluginThreadManager start plugin thread
2023-05-05 08:45:13.530	- Info  -	CActivePlugin prepare to init plugin
2023-05-05 08:45:13.530	- Info  -	[desktop] create drag server OK
2023-05-05 08:45:13.531	- Info  -	CActivePlugin prepare to run plugin
2023-05-05 08:45:13.531	- Info  -	[desktop] sending switch desktop type message...
2023-05-05 08:45:13.532	- Info  -	[desktop] request enumerate user list.
2023-05-05 08:45:13.532	- Info  -	[desktop] Separation message loop start.
2023-05-05 08:45:13.618	- Info  -	[desktop] receive switch host message res = 1 
2023-05-05 08:45:13.618	- Info  -	[desktop] request enum screen
2023-05-05 08:45:13.618	- Info  -	[DisplayClient] SetCompression 11/15
2023-05-05 08:45:13.618	- Info  -	[desktop] request start stream
2023-05-05 08:45:13.618	- Info  -	[desktop] SetCompressionParam: layer=1;encoding=4;format=1;reserved=0, size: 38
2023-05-05 08:45:13.645	* Error *	sensors data send failed!
2023-05-05 08:45:13.692	- Info  -	[desktop] OnQueryConfigRes
2023-05-05 08:45:13.692	- Info  -	[desktop] OnQueryConfigRes
2023-05-05 08:45:13.692	- Info  -	[desktop] recv enum screen, number is 1
2023-05-05 08:45:13.980	- Info  -	SetDisplayMode() w=1440, h=900, bpp=32
2023-05-05 08:45:13.980	- Info  -	ResetBitmap width=1440, height=900, bpp=32, srcbpp=32, Size = 5184000
2023-05-05 08:45:13.980	- Info  -	[DisplayClient] recv image info, width: 1440, height: 900, bpp: 32
2023-05-05 08:45:13.980	- Info  -	[DisplayClient] OnRecvCompInfo format/quality 11/15
2023-05-05 08:45:13.980	- Info  -	[desktop][DisplayClient] recv first frame.
2023-05-05 08:45:13.986	- Info  -	[DisplayClient] recv compimage type: ID_IMAGE_RAPIDCOMP
2023-05-05 08:45:14.044	- Info  -	[vpx] open h264 codec
2023-05-05 08:45:14.046	- Info  -	[vpx] close h264 codec
2023-05-05 08:45:14.046	- Info  -	[vpx] open h264 codec
2023-05-05 08:45:14.070	- Info  -	[desktop][DisplayClient] decode first frame end.
2023-05-05 08:45:14.071	- Info  -	[desktop] receive first frame message
2023-05-05 08:45:14.159	- Info  -	[clipboard] start clipboard...
2023-05-05 08:45:14.166	- Info  -	Init D3D2 OK
2023-05-05 08:45:14.166	- Info  -	[DesktopSurface] Use DirectX Paint mode 2
2023-05-05 08:45:14.174	- Info  -	[clipboard][converter] html format 49428
2023-05-05 08:45:14.174	- Info  -	[clipboard][converter] rtf format 49271
2023-05-05 08:45:14.174	- Info  -	[clipboard] start clipboard ok.
2023-05-05 08:45:14.174	- Info  -	[desktop] sync clipboard enable
2023-05-05 08:45:14.189	- Info  -	CClipboardRaw::OnReceiveQueryVersionReq 2
2023-05-05 08:45:14.241	- Info  -	Init D3D2 OK
2023-05-05 08:45:14.258	- Info  -	CClipboardRaw::OnReceiveQueryVersionReq 2
2023-05-05 08:45:14.265	- Info  -	[maindialog] draw first frame end
2023-05-05 08:45:14.296	- Info  -	[desktop] sync clipboard enable
2023-05-05 08:45:14.296	- Info  -	[http call3] new call id:1, url:https://slapi.oray.net/client/free-tips
2023-05-05 08:45:14.297	- Info  -	[http call3] new call id:2, url:https://slapi.oray.net/remote/get-network
2023-05-05 08:45:14.299	- Info  -	[http call3] id:1 create new connection : https://slapi.oray.net:443
2023-05-05 08:45:14.304	- Info  -	attempt to connect server slapi.oray.net:443(121.40.200.192:443)
2023-05-05 08:45:14.305	- Info  -	[http call3] id:2 use old connection : https://slapi.oray.net:443
2023-05-05 08:45:14.507	- Info  -	[http call3] id:1, url:https://slapi.oray.net/client/free-tips, status code:200
2023-05-05 08:45:14.598	- Info  -	[http call3] id:2, url:https://slapi.oray.net/remote/get-network, status code:200
2023-05-05 08:45:15.518	- Info  -	CMultiChannelStreamImpl::ConnectP2PServer, thread id: 5696
2023-05-05 08:45:15.625	- Info  -	CConnectorRaw::OnStreamEvent(1) state: CNTS_P2P, error: 0
2023-05-05 08:45:15.625	- Info  -	CConnectorRaw::OnEvent() state: CNTS_P2P, error: 0, oray errorcode: 0
2023-05-05 08:45:15.625	- Info  -	[oray][erroCode] errorcode=oray_errorcode(0), product=0, type=0, inner code=0 [CConnectorRaw::OnEvent:624]
2023-05-05 08:45:15.625	- Info  -	[P2PConnector] attempt to connect server PHSRC://164407112.slp2p-east-std203.oray.net:4118/desktop(slp2p-east-std203.oray.net:4118) 
2023-05-05 08:45:15.700	- Info  -	[udp] support straight send in peer : no 122.246.12.46:4118 CConnection::OnConnectRes
2023-05-05 08:45:15.702	- Info  -	[P2PHelper] detect local ip ...
2023-05-05 08:45:15.702	- Info  -	[P2PHelper] detect local ip 172.16.76.4
2023-05-05 08:45:15.702	- Info  -	[P2PHelper] attempt to login P2P Server...
2023-05-05 08:45:15.745	- Info  -	[P2PHelper] Login P2P Server OK
2023-05-05 08:45:15.745	- Info  -	[P2PHelper] OnLoginRes, receive public ip 223.82.110.30:15699
2023-05-05 08:45:15.745	- Info  -	[P2PHelper] sending P2P request ...
2023-05-05 08:45:15.805	- Info  -	[P2PHelper] receive peer local ip 10.21.160.2:15137, public ip 59.52.253.123:6334
2023-05-05 08:45:15.805	- Info  -	[P2PStream] EstablishP2P local ip 223.82.110.30:15699/172.16.76.4:15699 ==> peer ip 59.52.253.123:6334/10.21.160.2:15137
2023-05-05 08:45:16.202	+Warning+	not found upnp devices on network!
2023-05-05 08:45:16.202	- Info  -	upnpnat_search_thread::ThreadLoop end
2023-05-05 08:45:16.211	- Info  -	[udpwrapper] attempt to establish P2P connection via: 122.246.12.46:4118, (local)172.16.76.4:15699|(public)223.82.110.30:15699 ==> (local)10.21.160.2:15137|(public)59.52.253.123:6334
2023-05-05 08:45:16.628	- Info  -	[drag] QueryVersionRes is true
2023-05-05 08:45:16.668	- Info  -	CClipboardRaw::OnReceiveQueryVersionRes 2
2023-05-05 08:45:16.714	+Warning+	not found upnp devices on network!
2023-05-05 08:45:16.714	+Warning+	[udpwrapper] UPNP discovery failed, 
2023-05-05 08:45:16.748	- Info  -	[udp] OnConnectAck working in advanced mode 2
2023-05-05 08:45:16.748	- Info  -	[udp] support straight send in peer : no 59.52.253.123:6334 CConnection::OnConnectRes
2023-05-05 08:45:16.749	- Info  -	[oray][erroCode] errorcode=oray_errorcode(0), product=0, type=0, inner code=0 [CUDPLibStream::Disconnect_impl:73]
2023-05-05 08:45:16.749	- Info  -	[udp] Disconnect
2023-05-05 08:45:16.749	- Info  -	[udp] SendDisconnect
2023-05-05 08:45:16.749	- Info  -	[P2PHelper] MainServer disconnect
2023-05-05 08:45:16.749	- Info  -	[MultiChannel] P2P channel shake handle 59.52.253.123:6334
2023-05-05 08:45:16.749	- Info  -	CConnectorRaw::OnEvent() state: CNTS_P2P_SHAKEHANDLE, error: 0, oray errorcode: 0
2023-05-05 08:45:16.749	- Info  -	[oray][erroCode] errorcode=oray_errorcode(0), product=0, type=0, inner code=0 [CConnectorRaw::OnEvent:624]
2023-05-05 08:45:16.749	- Info  -	[MultiChannel] send SHAKE_HANDLES_MSG, read 119586, write 7596
2023-05-05 08:45:16.749	- Info  -	[P2PStream] connected (by udp) 0.0.0.0:15699 <--> 59.52.253.123:6334
2023-05-05 08:45:16.765	- Info  -	write data when p2p state is SHAKE_HANDLES @ 137
2023-05-05 08:45:16.768	- Info  -	[MultiChannel] Received SHAKE_HANDLES_MSG, read 7564 / (local write 7596), write 119940 / (local read 119586)
2023-05-05 08:45:16.768	- Info  -	[MultiChannel] P2P channel connected 59.52.253.123:6334
2023-05-05 08:45:16.768	- Info  -	CConnectorRaw::OnEvent() state: CNTS_P2P_CONNECTED, error: 0, oray errorcode: 0
2023-05-05 08:45:16.768	- Info  -	[oray][erroCode] errorcode=oray_errorcode(0), product=0, type=0, inner code=0 [CConnectorRaw::OnEvent:624]
2023-05-05 08:45:16.768	- Info  -	[MultiChannel] forward data write completed @ 216
2023-05-05 08:45:16.788	- Info  -	[MultiChannel] forward stream read data(size:354, 354, left:354) when p2p state is CONNECTED @ 445
2023-05-05 08:45:16.789	- Info  -	[MultiChannel] forward data read completed @ 462
2023-05-05 08:45:16.789	- Info  -	[udpwrapper] disconnect reason : 1
2023-05-05 08:45:16.789	- Info  -	[oray][erroCode] errorcode=oray_errorcode(57354), product=0, type=3, inner code=10 [CUDPLibWrapper::OnDisconnect:833]
2023-05-05 08:45:16.789	- Info  -	[udpwrapper] Disconnect 122.246.12.46:4118 @ 838
2023-05-05 08:45:16.789	- Info  -	[oray][erroCode] errorcode=oray_errorcode(57354), product=0, type=3, inner code=10 [CUDPLibStream::Disconnect_impl:73]
2023-05-05 08:45:16.946	- Info  -	[udpwrapper] receive p2p hello message from 10.21.160.2:15137, stop hole punch thread @1325
2023-05-05 08:45:16.946	+Warning+	[udpwrapper] stream has disconnect @ 1406
2023-05-05 08:45:23.226	* Error *	sensors data send failed!
2023-05-05 08:45:29.593	* Error *	SSLStream::IsWantReadWrite|peer(121.40.200.192:443), SSL_read failed( 6 ), error:00000000:lib(0):func(0):reason(0), file( ..\includes\common\phstream\SSLStream.cpp:1898 )
2023-05-05 08:45:29.593	- Info  -	[http call3] disconnect, error( 0 )
2023-05-05 08:45:50.731	* Error *	sensors data send failed!
2023-05-05 08:45:50.732	- Info  -	[oray][erroCode] errorcode=oray_errorcode(0), product=0, type=0, inner code=0 [CMultiChannelStream::Disconnect_impl:254]
2023-05-05 08:45:50.733	- Info  -	[TCPConnector] CCurStream handle client_disconnect
2023-05-05 08:45:50.733	- Info  -	[oray][erroCode] errorcode=transf(0), product=0, type=0, inner code=0 [CMultiChannelStream::ForwardHandler::Handle:647]
2023-05-05 08:45:50.733	- Info  -	CConnectorRaw::OnEvent() state: CNTS_FWD_DISCONNECT, error: 0, oray errorcode: 0
2023-05-05 08:45:50.733	- Info  -	[oray][erroCode] errorcode=oray_errorcode(0), product=0, type=0, inner code=0 [CConnectorRaw::OnEvent:624]
2023-05-05 08:45:50.733	+Warning+	[MultiChannel] unbind forward stream(errorcode 0) @ 651
2023-05-05 08:45:50.733	- Info  -	[oray][erroCode] errorcode=oray_errorcode(0), product=0, type=0, inner code=0 [CP2PStream::Disconnect_impl:678]
2023-05-05 08:45:50.733	- Info  -	[oray][erroCode] errorcode=oray_errorcode(0), product=0, type=0, inner code=0 [CP2PStream::CUDPStream::Disconnect_impl:1044]
2023-05-05 08:45:50.733	- Info  -	[oray][erroCode] errorcode=oray_errorcode(0), product=0, type=0, inner code=0 [CUDPLibStream::Disconnect_impl:73]
2023-05-05 08:45:50.733	- Info  -	[udp] Disconnect
2023-05-05 08:45:50.733	- Info  -	[udp] SendDisconnect
2023-05-05 08:45:50.733	- Info  -	[MultiChannel] P2P channel disconnect 59.52.253.123:6334
2023-05-05 08:45:50.734	- Info  -	[oray][erroCode] errorcode=transf(0), product=0, type=0, inner code=0 [CMultiChannelStream::P2PHandler::Handle:834]
2023-05-05 08:45:50.734	- Info  -	[oray][erroCode] errorcode=transf(0), product=0, type=0, inner code=0 [CMultiChannelStream::HandleDisconnect:1041]
2023-05-05 08:45:50.734	- Info  -	CMultiChannelStreamImpl::OnDisconnect()
2023-05-05 08:45:50.734	- Info  -	[oray][erroCode] errorcode=oray_errorcode(0), product=0, type=0, inner code=0 [CMultiChannelStreamImpl::OnDisconnect:100]
2023-05-05 08:45:50.734	- Info  -	CClientStream 59.52.253.123:6334 OnDisconnect, errocde:0
2023-05-05 08:45:50.734	- Info  -	[oray][erroCode] errorcode=errcode(0), product=0, type=0, inner code=0 [CClientStream::OnDisconnect:104]
2023-05-05 08:45:50.734	- Info  -	OnDisconnect, error code 0
2023-05-05 08:45:50.734	- Info  -	[oray][erroCode] errorcode=errcode(0), product=0, type=0, inner code=0 [BinaryPluginStream::OnDisconnect:404]
2023-05-05 08:45:50.734	- Info  -	[desktop] Separation message loop stop.
2023-05-05 08:45:50.734	- Info  -	CPluginThreadManager stop plugin thread
2023-05-05 08:45:50.735	- Info  -	CActivePlugin prepare to exit plugin
2023-05-05 08:45:50.735	- Info  -	[desktop] RemoteDesktopPlugin::ExitInstance. >
2023-05-05 08:45:50.735	- Info  -	[clipboard] stop clipboard...
2023-05-05 08:45:50.741	- Info  -	[clipboard] recv thread end(1).
2023-05-05 08:45:50.741	- Info  -	[udpwrapper] disconnect reason : 1
2023-05-05 08:45:50.741	- Info  -	[clipboard] call CClipboardViewer::DestroyWnd at 190
2023-05-05 08:45:50.741	- Info  -	[oray][erroCode] errorcode=oray_errorcode(57354), product=0, type=3, inner code=10 [CUDPLibWrapper::OnDisconnect:833]
2023-05-05 08:45:50.741	- Info  -	[udpwrapper] Disconnect 59.52.253.123:6334 @ 838
2023-05-05 08:45:50.741	- Info  -	[clipboard] recv WM_CLOSE, end thread.
2023-05-05 08:45:50.741	- Info  -	[oray][erroCode] errorcode=oray_errorcode(57354), product=0, type=3, inner code=10 [CP2PStream::CUDPStream::Disconnect_impl:1044]
2023-05-05 08:45:50.741	- Info  -	[oray][erroCode] errorcode=oray_errorcode(57354), product=0, type=3, inner code=10 [CUDPLibStream::Disconnect_impl:73]
2023-05-05 08:45:50.742	- Info  -	[clipboard] Stop Clipboard ok
2023-05-05 08:45:50.761	- Info  -	[desktop] [thread] cancel.
2023-05-05 08:45:50.761	- Info  -	[desktop] RemoteDesktopPlugin::ExitInstance. <
2023-05-05 08:45:50.763	- Info  -	CConnectorRaw::OnEvent() state: CNTS_P2P_DISCONNECT, error: 0, oray errorcode: 0
2023-05-05 08:45:50.763	- Info  -	[oray][erroCode] errorcode=oray_errorcode(0), product=0, type=0, inner code=0 [CConnectorRaw::OnEvent:624]
2023-05-05 08:45:50.763	- Info  -	[oray][erroCode] errorcode=oray_errorcode(0), product=0, type=0, inner code=0 [CP2PStream::CTCPStream::Disconnect_impl:1016]
2023-05-05 08:45:50.763	- Info  -	CConnectorRaw::OnEvent() state: CNTS_DISCONNECTED, error: 0, oray errorcode: 0
2023-05-05 08:45:50.764	- Info  -	[oray][erroCode] errorcode=oray_errorcode(0), product=0, type=0, inner code=0 [CConnectorRaw::OnEvent:624]
2023-05-05 08:45:50.764	- Info  -	CConnectorRaw::Stop in>
2023-05-05 08:45:50.764	- Info  -	[CUDPLibWrapper] map size: 0, value: 
2023-05-05 08:45:50.768	- Info  -	CConnectorRaw::Stop out<
2023-05-05 08:45:50.768	- Info  -	sensors close
2023-05-05 08:45:50.773	* Error *	Plugin disconnect with error : 0
2023-05-05 08:45:50.792	- Info  -	[desktop] CRemoteDesktopPlugin::~CRemoteDesktopPlugin(void)
2023-05-05 08:45:50.793	- Info  -	[vpx] close h264 codec
2023-05-05 08:45:50.814	- Info  -	CMultiChannelStreamImpl::~CMultiChannelStreamImpl
2023-05-05 08:45:50.815	- Info  -	program remote_plugin is exit 
