2023-03-18 10:54:45.404	- Info  -	version:3.2.1.40406
2023-03-18 10:54:45.412	- Info  -	DPIAwareness set 2 success.
2023-03-18 10:54:45.421	- Info  -	config path: 0|nÙR
2023-03-18 10:54:45.517	- Info  -	[displayclt] CDisplayClient::CDisplayClient(all)
2023-03-18 10:54:45.517	- Info  -	[desktop] CRemoteDesktopPlugin::CRemoteDesktopPlugin(all)
2023-03-18 10:54:45.648	- Info  -	sensors init with file: C:/ProgramData/Oray/SunloginClient/sensors/datas
2023-03-18 10:54:45.674	- Info  -	CMultiChannelStreamImpl::CMultiChannelStreamImpl
2023-03-18 10:54:45.675	- Info  -	CConnectorRaw::OnStreamEvent(1) state: CNTS_FORWARD, error: 0
2023-03-18 10:54:45.676	- Info  -	CConnectorRaw::OnEvent() state: CNTS_FORWARD, error: 0, oray errorcode: 0
2023-03-18 10:54:45.676	- Info  -	[oray][erroCode] errorcode=oray_errorcode(0), product=0, type=0, inner code=0 [CConnectorRaw::OnEvent:624]
2023-03-18 10:54:45.702	* Error *	sensors data send failed!
2023-03-18 10:54:45.803	- Info  -	attempt to connect server 869603108.slp2p-east-std249.oray.net:443(117.68.2.19:443)
2023-03-18 10:54:45.867	- Info  -	[TCPConnector] CCurStream handle client_connect
2023-03-18 10:54:45.897	- Info  -	[MultiChannel] Forward channel shake handle 117.68.2.19:443
2023-03-18 10:54:45.897	- Info  -	CMultiChannelStreamImpl::OnConnect()
2023-03-18 10:54:45.897	- Info  -	CClientStream 117.68.2.19:443 OnConnect
2023-03-18 10:54:45.897	- Info  -	CConnectorRaw::OnEvent() state: CNTS_LOGIN, error: 0, oray errorcode: 0
2023-03-18 10:54:45.897	- Info  -	[oray][erroCode] errorcode=oray_errorcode(0), product=0, type=0, inner code=0 [CConnectorRaw::OnEvent:624]
2023-03-18 10:54:45.897	- Info  -	CConnectorRaw::OnEvent() state: CNTS_FWD_SHAKEHANDLE, error: 0, oray errorcode: 0
2023-03-18 10:54:45.897	- Info  -	[oray][erroCode] errorcode=oray_errorcode(0), product=0, type=0, inner code=0 [CConnectorRaw::OnEvent:624]
2023-03-18 10:54:45.952	- Info  -	plugin_public access_token is NULL
2023-03-18 10:54:46.932	- Info  -	[MultiChannel] Forward channel connected 117.68.2.19:443
2023-03-18 10:54:46.932	- Info  -	CMultiChannelStreamImpl::OnConnectEvent, status: CNTS_FWD_CONNECTED, isclosed:false, HadFwdConnected: true, HadBeenHolePunch: false
2023-03-18 10:54:46.932	- Info  -	CConnectorRaw::OnEvent() state: CNTS_FWD_CONNECTED, error: 0, oray errorcode: 0
2023-03-18 10:54:46.932	- Info  -	[oray][erroCode] errorcode=oray_errorcode(0), product=0, type=0, inner code=0 [CConnectorRaw::OnEvent:624]
2023-03-18 10:54:46.932	* Error *	CClientStream receive invalid Logon_OK_Message
2023-03-18 10:54:46.981	- Info  -	CClientStream 117.68.2.19:443 OnReceive reply 1 
2023-03-18 10:54:46.981	- Info  -	CClientStream 117.68.2.19:443 start keepalive
2023-03-18 10:54:46.981	- Info  -	CClientStream 117.68.2.19:443 login OK
2023-03-18 10:54:46.981	- Info  -	CConnectorRaw::OnEvent() state: CNTS_CONNECTED, error: 0, oray errorcode: 0
2023-03-18 10:54:46.981	- Info  -	[oray][erroCode] errorcode=oray_errorcode(0), product=0, type=0, inner code=0 [CConnectorRaw::OnEvent:624]
2023-03-18 10:54:46.981	- Info  -	CPluginThreadManager start plugin thread
2023-03-18 10:54:47.016	* Error *	sensors data send failed!
2023-03-18 10:54:47.017	- Info  -	CActivePlugin prepare to init plugin
2023-03-18 10:54:47.017	- Info  -	[desktop] create drag server OK
2023-03-18 10:54:47.017	- Info  -	CActivePlugin prepare to run plugin
2023-03-18 10:54:47.047	- Info  -	[desktop] sending switch desktop type message...
2023-03-18 10:54:47.048	- Info  -	[desktop] request enumerate user list.
2023-03-18 10:54:47.048	- Info  -	[desktop] Separation message loop start.
2023-03-18 10:54:48.928	- Info  -	CMultiChannelStreamImpl::ConnectP2PServer, thread id: 14748
2023-03-18 10:54:49.117	- Info  -	CConnectorRaw::OnStreamEvent(1) state: CNTS_P2P, error: 0
2023-03-18 10:54:49.117	- Info  -	CConnectorRaw::OnEvent() state: CNTS_P2P, error: 0, oray errorcode: 0
2023-03-18 10:54:49.117	- Info  -	[oray][erroCode] errorcode=oray_errorcode(0), product=0, type=0, inner code=0 [CConnectorRaw::OnEvent:624]
2023-03-18 10:54:49.117	- Info  -	[P2PConnector] attempt to connect server PHSRC://869603108.slp2p-east-std249.oray.net:4118/desktop(slp2p-east-std249.oray.net:4118) 
2023-03-18 10:54:49.161	- Info  -	[udp] support straight send in peer : no 117.68.2.19:4118 CConnection::OnConnectRes
2023-03-18 10:54:49.162	- Info  -	[P2PHelper] detect local ip ...
2023-03-18 10:54:49.162	- Info  -	[P2PHelper] detect local ip 172.16.76.17
2023-03-18 10:54:49.162	- Info  -	[P2PHelper] attempt to login P2P Server...
2023-03-18 10:54:49.185	- Info  -	[P2PHelper] Login P2P Server OK
2023-03-18 10:54:49.185	- Info  -	[P2PHelper] OnLoginRes, receive public ip 223.82.110.30:15113
2023-03-18 10:54:49.185	- Info  -	[P2PHelper] sending P2P request ...
2023-03-18 10:54:49.217	- Info  -	[P2PHelper] receive peer local ip 10.21.129.3:15701, public ip 182.110.5.143:28698
2023-03-18 10:54:49.217	- Info  -	[P2PStream] EstablishP2P local ip 223.82.110.30:15113/172.16.76.17:15113 ==> peer ip 182.110.5.143:28698/10.21.129.3:15701
2023-03-18 10:54:49.663	+Warning+	not found upnp devices on network!
2023-03-18 10:54:49.663	- Info  -	upnpnat_search_thread::ThreadLoop end
2023-03-18 10:54:49.669	- Info  -	[udpwrapper] attempt to establish P2P connection via: 117.68.2.19:4118, (local)172.16.76.17:15113|(public)223.82.110.30:15113 ==> (local)10.21.129.3:15701|(public)182.110.5.143:28698
2023-03-18 10:54:50.161	- Info  -	[desktop] receive switch host message res = 1 
2023-03-18 10:54:50.161	- Info  -	[desktop] request enum screen
2023-03-18 10:54:50.161	- Info  -	[DisplayClient] SetCompression 11/15
2023-03-18 10:54:50.161	- Info  -	[desktop] request start stream
2023-03-18 10:54:50.161	- Info  -	[desktop] SetCompressionParam: layer=1;encoding=4;format=1;reserved=0, size: 38
2023-03-18 10:54:50.171	+Warning+	not found upnp devices on network!
2023-03-18 10:54:50.171	+Warning+	[udpwrapper] UPNP discovery failed, 
2023-03-18 10:54:50.273	- Info  -	[udp] OnConnectAck working in advanced mode 2
2023-03-18 10:54:50.273	- Info  -	[udp] support straight send in peer : yes 182.110.5.143:28698 CConnection::OnConnectRes
2023-03-18 10:54:50.274	- Info  -	[oray][erroCode] errorcode=oray_errorcode(0), product=0, type=0, inner code=0 [CUDPLibStream::Disconnect_impl:73]
2023-03-18 10:54:50.274	- Info  -	[udp] Disconnect
2023-03-18 10:54:50.274	- Info  -	[udp] SendDisconnect
2023-03-18 10:54:50.274	- Info  -	[P2PHelper] MainServer disconnect
2023-03-18 10:54:50.274	- Info  -	[MultiChannel] P2P channel shake handle 182.110.5.143:28698
2023-03-18 10:54:50.274	- Info  -	CConnectorRaw::OnEvent() state: CNTS_P2P_SHAKEHANDLE, error: 0, oray errorcode: 0
2023-03-18 10:54:50.274	- Info  -	[oray][erroCode] errorcode=oray_errorcode(0), product=0, type=0, inner code=0 [CConnectorRaw::OnEvent:624]
2023-03-18 10:54:50.274	- Info  -	[MultiChannel] send SHAKE_HANDLES_MSG, read 244, write 1228
2023-03-18 10:54:50.274	- Info  -	[P2PStream] connected (by udp) 0.0.0.0:15113 <--> 182.110.5.143:28698
2023-03-18 10:54:50.303	- Info  -	[udpwrapper] disconnect reason : 1
2023-03-18 10:54:50.303	- Info  -	[oray][erroCode] errorcode=oray_errorcode(57354), product=0, type=3, inner code=10 [CUDPLibWrapper::OnDisconnect:833]
2023-03-18 10:54:50.303	- Info  -	[udpwrapper] Disconnect 117.68.2.19:4118 @ 838
2023-03-18 10:54:50.303	- Info  -	[oray][erroCode] errorcode=oray_errorcode(57354), product=0, type=3, inner code=10 [CUDPLibStream::Disconnect_impl:73]
2023-03-18 10:54:50.448	- Info  -	[MultiChannel] Received SHAKE_HANDLES_MSG, read 1248 / (local write 1228), write 224 / (local read 244)
2023-03-18 10:54:50.448	- Info  -	[MultiChannel] P2P channel connected 182.110.5.143:28698
2023-03-18 10:54:50.448	- Info  -	CConnectorRaw::OnEvent() state: CNTS_P2P_CONNECTED, error: 0, oray errorcode: 0
2023-03-18 10:54:50.448	- Info  -	[oray][erroCode] errorcode=oray_errorcode(0), product=0, type=0, inner code=0 [CConnectorRaw::OnEvent:624]
2023-03-18 10:54:52.550	- Info  -	[MultiChannel] forward data read completed @ 462
2023-03-18 10:54:52.582	- Info  -	[desktop] OnQueryConfigRes
2023-03-18 10:54:52.582	- Info  -	[desktop] OnQueryConfigRes
2023-03-18 10:54:52.582	- Info  -	[MultiChannel] write data when p2p state is CONNECTED, is full 0, writed data 1228 / peer read 1248, left 20, size 40 @ 153
2023-03-18 10:54:52.583	- Info  -	[desktop] recv enum screen, number is 1
2023-03-18 10:54:52.583	- Info  -	[MultiChannel] forward data write completed @ 216
2023-03-18 10:54:54.687	- Info  -	[clipboard] start clipboard...
2023-03-18 10:54:54.710	- Info  -	[clipboard][converter] html format 49319
2023-03-18 10:54:54.710	- Info  -	[clipboard][converter] rtf format 49397
2023-03-18 10:54:54.710	- Info  -	[clipboard] start clipboard ok.
2023-03-18 10:54:54.710	- Info  -	[desktop] sync clipboard enable
2023-03-18 10:54:56.770	- Info  -	SetDisplayMode() w=0, h=0, bpp=32
2023-03-18 10:54:56.770	- Info  -	ResetBitmap width=0, height=0, bpp=32, srcbpp=32, Size = 0
2023-03-18 10:54:56.770	- Info  -	[DisplayClient] recv image info, width: 0, height: 0, bpp: 32
2023-03-18 10:54:56.770	- Info  -	[DisplayClient] OnRecvCompInfo format/quality 11/15
2023-03-18 10:54:56.770	- Info  -	[desktop][DisplayClient] recv first frame.
2023-03-18 10:54:56.779	- Info  -	[DisplayClient] recv compimage type: ID_IMAGE_RAPIDCOMP
2023-03-18 10:54:56.870	- Info  -	[vpx] open codec.
2023-03-18 10:54:56.926	- Info  -	[desktop][DisplayClient] decode first frame end.
2023-03-18 10:54:56.926	- Info  -	[desktop] receive first frame message
2023-03-18 10:54:56.927	- Info  -	[drag] CDragServer::OnQueryVersionReq is installed
2023-03-18 10:54:56.927	* Error *	[drag] QueryVersion send is true
2023-03-18 10:54:57.212	- Info  -	Init D3D2 OK
2023-03-18 10:54:57.212	- Info  -	[DesktopSurface] Use DirectX Paint mode 2
2023-03-18 10:54:57.276	- Info  -	Init D3D2 OK
2023-03-18 10:54:57.305	- Info  -	[maindialog] draw first frame end
2023-03-18 10:54:57.335	- Info  -	[desktop] sync clipboard enable
2023-03-18 10:54:57.337	- Info  -	[http call3] new call id:1, url:https://slapi.oray.net/remote/get-network
2023-03-18 10:54:57.344	- Info  -	[http call3] id:1 create new connection : https://slapi.oray.net:443
2023-03-18 10:54:57.347	- Info  -	attempt to connect server slapi.oray.net:443(121.40.200.192:443)
2023-03-18 10:54:57.515	- Info  -	[http call3] id:1, url:https://slapi.oray.net/remote/get-network, status code:200
2023-03-18 10:54:57.809	- Info  -	CClipboardRaw::OnReceiveQueryVersionReq 2
2023-03-18 10:55:12.108	- Info  -	[udpwrapper] udprelay connecting 182.110.5.143:28698 via 117.68.2.19:4118
2023-03-18 10:55:12.118	- Info  -	[TCPConnector] CCurStream handle client_disconnect
2023-03-18 10:55:12.118	- Info  -	[oray][erroCode] errorcode=transf(0), product=0, type=0, inner code=0 [CMultiChannelStream::ForwardHandler::Handle:647]
2023-03-18 10:55:12.118	- Info  -	CConnectorRaw::OnEvent() state: CNTS_FWD_DISCONNECT, error: 0, oray errorcode: 0
2023-03-18 10:55:12.118	- Info  -	[oray][erroCode] errorcode=oray_errorcode(0), product=0, type=0, inner code=0 [CConnectorRaw::OnEvent:624]
2023-03-18 10:55:12.118	+Warning+	[MultiChannel] unbind forward stream(errorcode 0) @ 651
2023-03-18 10:55:12.151	- Info  -	[udp] OnConnectAck working in advanced mode 2
2023-03-18 10:55:12.151	- Info  -	[udp] support straight send in peer : yes 117.68.2.19:4118 CConnection::OnConnectRes
2023-03-18 10:55:12.152	- Info  -	[oray][erroCode] errorcode=oray_errorcode(0), product=0, type=0, inner code=0 [CUDPLibStream::Disconnect_impl:73]
2023-03-18 10:55:12.152	- Info  -	[MultiChannel] P2P channel shake handle 182.110.5.143:4118
2023-03-18 10:55:12.152	- Info  -	CConnectorRaw::OnEvent() state: CNTS_P2P_SHAKEHANDLE, error: 0, oray errorcode: 0
2023-03-18 10:55:12.152	- Info  -	[oray][erroCode] errorcode=oray_errorcode(0), product=0, type=0, inner code=0 [CConnectorRaw::OnEvent:624]
2023-03-18 10:55:12.152	- Info  -	[MultiChannel] send SHAKE_HANDLES_MSG, read 244, write 1228
2023-03-18 10:55:12.152	- Info  -	[P2PStream] connected (by udp) 0.0.0.0:15113 <--> 182.110.5.143:4118
2023-03-18 10:55:12.189	- Info  -	[udpwrapper] disconnect reason : 2
2023-03-18 10:55:12.189	- Info  -	[oray][erroCode] errorcode=oray_errorcode(57355), product=0, type=3, inner code=11 [CUDPLibWrapper::OnDisconnect:833]
2023-03-18 10:55:12.189	- Info  -	[udpwrapper] Disconnect 182.110.5.143:28698 @ 838
2023-03-18 10:55:12.189	- Info  -	[oray][erroCode] errorcode=oray_errorcode(57355), product=0, type=3, inner code=11 [CP2PStream::CUDPStream::Disconnect_impl:1044]
2023-03-18 10:55:12.189	- Info  -	[oray][erroCode] errorcode=oray_errorcode(57355), product=0, type=3, inner code=11 [CUDPLibStream::Disconnect_impl:73]
2023-03-18 10:55:12.189	- Info  -	[udp] Disconnect
2023-03-18 10:55:12.189	- Info  -	[udp] SendDisconnect
2023-03-18 10:55:12.189	- Info  -	[MultiChannel] P2P channel disconnect 182.110.5.143:4118
2023-03-18 10:55:12.189	- Info  -	[oray][erroCode] errorcode=transf(57355), product=0, type=3, inner code=11 [CMultiChannelStream::P2PHandler::Handle:834]
2023-03-18 10:55:12.189	- Info  -	[oray][erroCode] errorcode=transf(57355), product=0, type=3, inner code=11 [CMultiChannelStream::HandleDisconnect:1041]
2023-03-18 10:55:12.189	- Info  -	CMultiChannelStreamImpl::OnDisconnect()
2023-03-18 10:55:12.189	- Info  -	[oray][erroCode] errorcode=oray_errorcode(57355), product=0, type=3, inner code=11 [CMultiChannelStreamImpl::OnDisconnect:100]
2023-03-18 10:55:12.189	- Info  -	[oray][erroCode] errorcode=oray_errorcode(57355), product=0, type=3, inner code=11 [CMultiChannelStream::Disconnect_impl:254]
2023-03-18 10:55:12.189	- Info  -	[oray][erroCode] errorcode=oray_errorcode(57355), product=0, type=3, inner code=11 [CP2PStream::Disconnect_impl:678]
2023-03-18 10:55:12.190	- Info  -	[oray][erroCode] errorcode=oray_errorcode(57355), product=0, type=3, inner code=11 [CP2PStream::CUDPStream::Disconnect_impl:1044]
2023-03-18 10:55:12.190	- Info  -	[oray][erroCode] errorcode=oray_errorcode(57355), product=0, type=3, inner code=11 [CUDPLibStream::Disconnect_impl:73]
2023-03-18 10:55:12.190	- Info  -	[oray][erroCode] errorcode=oray_errorcode(57355), product=0, type=3, inner code=11 [CP2PStream::CTCPStream::Disconnect_impl:1016]
2023-03-18 10:55:12.190	- Info  -	CConnectorRaw::OnEvent() state: CNTS_DISCONNECTED, error: 0, oray errorcode: 57355
2023-03-18 10:55:12.190	- Info  -	[oray][erroCode] errorcode=oray_errorcode(57355), product=0, type=3, inner code=11 [CConnectorRaw::OnEvent:624]
2023-03-18 10:55:12.190	- Info  -	CClientStream  OnDisconnect, errocde:57355
2023-03-18 10:55:12.190	- Info  -	[oray][erroCode] errorcode=errcode(57355), product=0, type=3, inner code=11 [CClientStream::OnDisconnect:104]
2023-03-18 10:55:12.190	- Info  -	OnDisconnect, error code 57355
2023-03-18 10:55:12.190	- Info  -	[oray][erroCode] errorcode=errcode(57355), product=0, type=3, inner code=11 [BinaryPluginStream::OnDisconnect:404]
2023-03-18 10:55:12.190	- Info  -	CPluginThreadManager stop plugin thread
2023-03-18 10:55:12.190	- Info  -	[desktop] Separation message loop stop.
2023-03-18 10:55:12.190	- Info  -	CActivePlugin prepare to exit plugin
2023-03-18 10:55:12.190	- Info  -	[desktop] RemoteDesktopPlugin::ExitInstance. >
2023-03-18 10:55:12.190	- Info  -	[clipboard] stop clipboard...
2023-03-18 10:55:12.199	- Info  -	[clipboard] recv thread end(1).
2023-03-18 10:55:12.199	- Info  -	[clipboard] call CClipboardViewer::DestroyWnd at 190
2023-03-18 10:55:12.200	- Info  -	[clipboard] recv WM_CLOSE, end thread.
2023-03-18 10:55:12.202	- Info  -	[clipboard] Stop Clipboard ok
2023-03-18 10:55:12.202	* Error *	Plugin disconnect with error : 57355
2023-03-18 10:55:12.203	* Error *	[desktop] Send2StreamRaw fail, type: 1/11 .
2023-03-18 10:55:12.203	* Error *	[oray][erroCode] errorcode=ORAY_ERROR_CTRLDESKTOP_SEND_DATA_FAILED(134275079), product=2, type=3, inner code=7 [CRemoteDesktopPlugin::SendThreadLoop:871]
2023-03-18 10:55:12.219	- Info  -	[desktop] [thread] cancel.
2023-03-18 10:55:12.219	- Info  -	[desktop] RemoteDesktopPlugin::ExitInstance. <
2023-03-18 10:55:12.221	- Info  -	CConnectorRaw::OnEvent() state: CNTS_P2P_DISCONNECT, error: 0, oray errorcode: 57355
2023-03-18 10:55:12.221	- Info  -	[oray][erroCode] errorcode=oray_errorcode(57355), product=0, type=3, inner code=11 [CConnectorRaw::OnEvent:624]
2023-03-18 10:55:12.513	* Error *	SSLStream::IsWantReadWrite|peer(121.40.200.192:443), SSL_read failed( 6 ), error:00000000:lib(0):func(0):reason(0), file( ..\includes\common\phstream\SSLStream.cpp:1898 )
2023-03-18 10:55:12.513	- Info  -	[http call3] disconnect, error( 0 )
2023-03-18 10:55:21.679	* Error *	[desktop] send stream failed.
2023-03-18 10:55:21.679	* Error *	[desktop] send stream failed.
2023-03-18 10:55:21.679	* Error *	[desktop] send stream failed.
2023-03-18 10:55:21.679	* Error *	[desktop] send stream failed.
2023-03-18 10:55:21.679	* Error *	[desktop] send stream failed.
2023-03-18 10:55:21.679	* Error *	[desktop] send stream failed.
2023-03-18 10:55:21.679	* Error *	[desktop] send stream failed.
2023-03-18 10:55:21.679	* Error *	[desktop] send stream failed.
2023-03-18 10:55:21.734	* Error *	sensors data send failed!
2023-03-18 10:55:21.734	- Info  -	CConnectorRaw::Stop in>
2023-03-18 10:55:21.735	- Info  -	[CUDPLibWrapper] map size: 0, value: 
2023-03-18 10:55:21.735	- Info  -	CConnectorRaw::Stop out<
2023-03-18 10:55:21.736	- Info  -	sensors close
2023-03-18 10:55:21.768	- Info  -	[desktop] CRemoteDesktopPlugin::~CRemoteDesktopPlugin(void)
2023-03-18 10:55:21.771	- Info  -	[vpx][decoder] close codec.
2023-03-18 10:55:21.788	- Info  -	CMultiChannelStreamImpl::~CMultiChannelStreamImpl
2023-03-18 10:55:21.790	- Info  -	program remote_plugin is exit 
