2023-05-02 12:20:26.441	- Info  -	version:3.2.1.40406
2023-05-02 12:20:26.444	- Info  -	DPIAwareness set 2 success.
2023-05-02 12:20:26.452	- Info  -	config path: 
2023-05-02 12:20:26.502	- Info  -	[displayclt] CDisplayClient::CDisplayClient(all)
2023-05-02 12:20:26.503	- Info  -	[desktop] CRemoteDesktopPlugin::CRemoteDesktopPlugin(all)
2023-05-02 12:20:26.511	- Info  -	sensors init with file: C:/ProgramData/Oray/SunloginClient/sensors/datas
2023-05-02 12:20:26.526	* Error *	sensors data send failed!
2023-05-02 12:20:26.526	- Info  -	CMultiChannelStreamImpl::CMultiChannelStreamImpl
2023-05-02 12:20:26.528	- Info  -	CConnectorRaw::OnStreamEvent(1) state: CNTS_FORWARD, error: 0
2023-05-02 12:20:26.528	- Info  -	CConnectorRaw::OnEvent() state: CNTS_FORWARD, error: 0, oray errorcode: 0
2023-05-02 12:20:26.528	- Info  -	[oray][erroCode] errorcode=oray_errorcode(0), product=0, type=0, inner code=0 [CConnectorRaw::OnEvent:624]
2023-05-02 12:20:26.599	- Info  -	plugin_public access_token is NULL
2023-05-02 12:20:26.631	- Info  -	attempt to connect server 704264686.slp2p-east-std02.oray.net:443(221.228.93.130:443)
2023-05-02 12:20:26.748	- Info  -	[TCPConnector] CCurStream handle client_connect
2023-05-02 12:20:26.777	- Info  -	[MultiChannel] Forward channel shake handle 221.228.93.130:443
2023-05-02 12:20:26.777	- Info  -	CMultiChannelStreamImpl::OnConnect()
2023-05-02 12:20:26.777	- Info  -	CClientStream 221.228.93.130:443 OnConnect
2023-05-02 12:20:26.777	- Info  -	CConnectorRaw::OnEvent() state: CNTS_LOGIN, error: 0, oray errorcode: 0
2023-05-02 12:20:26.777	- Info  -	[oray][erroCode] errorcode=oray_errorcode(0), product=0, type=0, inner code=0 [CConnectorRaw::OnEvent:624]
2023-05-02 12:20:26.777	- Info  -	CConnectorRaw::OnEvent() state: CNTS_FWD_SHAKEHANDLE, error: 0, oray errorcode: 0
2023-05-02 12:20:26.777	- Info  -	[oray][erroCode] errorcode=oray_errorcode(0), product=0, type=0, inner code=0 [CConnectorRaw::OnEvent:624]
2023-05-02 12:20:27.119	- Info  -	[MultiChannel] Forward channel connected 221.228.93.130:443
2023-05-02 12:20:27.119	- Info  -	CMultiChannelStreamImpl::OnConnectEvent, status: CNTS_FWD_CONNECTED, isclosed:false, HadFwdConnected: true, HadBeenHolePunch: false
2023-05-02 12:20:27.119	- Info  -	CConnectorRaw::OnEvent() state: CNTS_FWD_CONNECTED, error: 0, oray errorcode: 0
2023-05-02 12:20:27.119	- Info  -	[oray][erroCode] errorcode=oray_errorcode(0), product=0, type=0, inner code=0 [CConnectorRaw::OnEvent:624]
2023-05-02 12:20:27.119	* Error *	CClientStream receive invalid Logon_OK_Message
2023-05-02 12:20:27.144	* Error *	sensors data send failed!
2023-05-02 12:20:27.160	- Info  -	CClientStream 221.228.93.130:443 OnReceive reply 1 
2023-05-02 12:20:27.160	- Info  -	CClientStream 221.228.93.130:443 start keepalive
2023-05-02 12:20:27.160	- Info  -	CClientStream 221.228.93.130:443 login OK
2023-05-02 12:20:27.160	- Info  -	CConnectorRaw::OnEvent() state: CNTS_CONNECTED, error: 0, oray errorcode: 0
2023-05-02 12:20:27.160	- Info  -	[oray][erroCode] errorcode=oray_errorcode(0), product=0, type=0, inner code=0 [CConnectorRaw::OnEvent:624]
2023-05-02 12:20:27.160	- Info  -	CPluginThreadManager start plugin thread
2023-05-02 12:20:27.161	- Info  -	CActivePlugin prepare to init plugin
2023-05-02 12:20:27.161	- Info  -	[desktop] create drag server OK
2023-05-02 12:20:27.162	- Info  -	CActivePlugin prepare to run plugin
2023-05-02 12:20:27.163	- Info  -	[desktop] sending switch desktop type message...
2023-05-02 12:20:27.163	- Info  -	[desktop] request enumerate user list.
2023-05-02 12:20:27.163	- Info  -	[desktop] Separation message loop start.
2023-05-02 12:20:27.793	- Info  -	[desktop] receive switch host message res = 1 
2023-05-02 12:20:27.793	- Info  -	[desktop] request enum screen
2023-05-02 12:20:27.793	- Info  -	[DisplayClient] SetCompression 11/15
2023-05-02 12:20:27.793	- Info  -	[desktop] request start stream
2023-05-02 12:20:27.793	- Info  -	[desktop] SetCompressionParam: layer=1;encoding=4;format=1;reserved=0, size: 38
2023-05-02 12:20:27.843	- Info  -	[desktop] OnQueryConfigRes
2023-05-02 12:20:27.843	- Info  -	[desktop] OnQueryConfigRes
2023-05-02 12:20:27.843	- Info  -	[desktop] recv enum screen, number is 1
2023-05-02 12:20:28.410	- Info  -	[clipboard] start clipboard...
2023-05-02 12:20:28.419	- Info  -	[clipboard][converter] html format 49428
2023-05-02 12:20:28.419	- Info  -	[clipboard][converter] rtf format 49271
2023-05-02 12:20:28.419	- Info  -	[clipboard] start clipboard ok.
2023-05-02 12:20:28.419	- Info  -	[desktop] sync clipboard enable
2023-05-02 12:20:29.115	- Info  -	CMultiChannelStreamImpl::ConnectP2PServer, thread id: 1808
2023-05-02 12:20:29.134	- Info  -	CConnectorRaw::OnStreamEvent(1) state: CNTS_P2P, error: 0
2023-05-02 12:20:29.134	- Info  -	CConnectorRaw::OnEvent() state: CNTS_P2P, error: 0, oray errorcode: 0
2023-05-02 12:20:29.134	- Info  -	[oray][erroCode] errorcode=oray_errorcode(0), product=0, type=0, inner code=0 [CConnectorRaw::OnEvent:624]
2023-05-02 12:20:29.134	- Info  -	[P2PConnector] attempt to connect server PHSRC://704264686.slp2p-east-std02.oray.net:4118/desktop(slp2p-east-std02.oray.net:4118) 
2023-05-02 12:20:29.176	- Info  -	[udp] support straight send in peer : no 221.228.93.130:4118 CConnection::OnConnectRes
2023-05-02 12:20:29.176	- Info  -	[P2PHelper] detect local ip ...
2023-05-02 12:20:29.177	- Info  -	[P2PHelper] detect local ip 172.16.76.35
2023-05-02 12:20:29.177	- Info  -	[P2PHelper] attempt to login P2P Server...
2023-05-02 12:20:29.204	- Info  -	[P2PHelper] Login P2P Server OK
2023-05-02 12:20:29.204	- Info  -	[P2PHelper] OnLoginRes, receive public ip 223.82.110.30:15498
2023-05-02 12:20:29.204	- Info  -	[P2PHelper] sending P2P request ...
2023-05-02 12:20:29.250	- Info  -	[P2PHelper] receive peer local ip 10.21.92.32:15779, public ip 182.101.61.109:23338
2023-05-02 12:20:29.250	- Info  -	[P2PStream] EstablishP2P local ip 223.82.110.30:15498/172.16.76.35:15498 ==> peer ip 182.101.61.109:23338/10.21.92.32:15779
2023-05-02 12:20:29.274	- Info  -	CClipboardRaw::OnReceiveQueryVersionReq 2
2023-05-02 12:20:29.274	- Info  -	CClipboardRaw::OnReceiveQueryVersionReq 2
2023-05-02 12:20:29.532	- Info  -	SetDisplayMode() w=1366, h=768, bpp=32
2023-05-02 12:20:29.532	- Info  -	ResetBitmap width=1366, height=768, bpp=32, srcbpp=32, Size = 4196352
2023-05-02 12:20:29.532	- Info  -	[DisplayClient] recv image info, width: 1366, height: 768, bpp: 32
2023-05-02 12:20:29.532	- Info  -	[DisplayClient] OnRecvCompInfo format/quality 11/15
2023-05-02 12:20:29.532	- Info  -	[desktop][DisplayClient] recv first frame.
2023-05-02 12:20:29.539	- Info  -	[DisplayClient] recv compimage type: ID_IMAGE_RAPIDCOMP
2023-05-02 12:20:29.601	- Info  -	[vpx] open codec.
2023-05-02 12:20:29.650	- Info  -	[desktop][DisplayClient] decode first frame end.
2023-05-02 12:20:29.651	- Info  -	[desktop] receive first frame message
2023-05-02 12:20:29.678	+Warning+	not found upnp devices on network!
2023-05-02 12:20:29.678	- Info  -	upnpnat_search_thread::ThreadLoop end
2023-05-02 12:20:29.686	- Info  -	[udpwrapper] attempt to establish P2P connection via: 221.228.93.130:4118, (local)172.16.76.35:15498|(public)223.82.110.30:15498 ==> (local)10.21.92.32:15779|(public)182.101.61.109:23338
2023-05-02 12:20:29.760	- Info  -	Init D3D2 OK
2023-05-02 12:20:29.761	- Info  -	[DesktopSurface] Use DirectX Paint mode 2
2023-05-02 12:20:29.794	- Info  -	Init D3D2 OK
2023-05-02 12:20:29.815	- Info  -	[maindialog] draw first frame end
2023-05-02 12:20:29.831	- Info  -	[desktop] sync clipboard enable
2023-05-02 12:20:29.831	- Info  -	[http call3] new call id:1, url:https://slapi.oray.net/client/free-tips
2023-05-02 12:20:29.832	- Info  -	[http call3] new call id:2, url:https://slapi.oray.net/remote/get-network
2023-05-02 12:20:29.832	- Info  -	[http call3] id:1 create new connection : https://slapi.oray.net:443
2023-05-02 12:20:29.840	- Info  -	attempt to connect server slapi.oray.net:443(121.40.99.129:443)
2023-05-02 12:20:29.840	- Info  -	[http call3] id:2 use old connection : https://slapi.oray.net:443
2023-05-02 12:20:30.059	- Info  -	[http call3] id:1, url:https://slapi.oray.net/client/free-tips, status code:200
2023-05-02 12:20:30.156	- Info  -	[http call3] id:2, url:https://slapi.oray.net/remote/get-network, status code:200
2023-05-02 12:20:30.187	+Warning+	not found upnp devices on network!
2023-05-02 12:20:30.187	+Warning+	[udpwrapper] UPNP discovery failed, 
2023-05-02 12:20:30.220	- Info  -	[drag] QueryVersionRes is true
2023-05-02 12:20:30.220	- Info  -	CClipboardRaw::OnReceiveQueryVersionRes 2
2023-05-02 12:20:30.308	- Info  -	[udp] OnConnectAck working in advanced mode 2
2023-05-02 12:20:30.308	- Info  -	[udp] support straight send in peer : yes 182.101.61.109:23338 CConnection::OnConnectRes
2023-05-02 12:20:30.309	- Info  -	[oray][erroCode] errorcode=oray_errorcode(0), product=0, type=0, inner code=0 [CUDPLibStream::Disconnect_impl:73]
2023-05-02 12:20:30.309	- Info  -	[udp] Disconnect
2023-05-02 12:20:30.309	- Info  -	[udp] SendDisconnect
2023-05-02 12:20:30.309	- Info  -	[P2PHelper] MainServer disconnect
2023-05-02 12:20:30.309	- Info  -	[MultiChannel] P2P channel shake handle 182.101.61.109:23338
2023-05-02 12:20:30.309	- Info  -	CConnectorRaw::OnEvent() state: CNTS_P2P_SHAKEHANDLE, error: 0, oray errorcode: 0
2023-05-02 12:20:30.309	- Info  -	[oray][erroCode] errorcode=oray_errorcode(0), product=0, type=0, inner code=0 [CConnectorRaw::OnEvent:624]
2023-05-02 12:20:30.309	- Info  -	[MultiChannel] send SHAKE_HANDLES_MSG, read 132336, write 2482
2023-05-02 12:20:30.309	- Info  -	[P2PStream] connected (by udp) 0.0.0.0:15498 <--> 182.101.61.109:23338
2023-05-02 12:20:30.321	- Info  -	[MultiChannel] Received SHAKE_HANDLES_MSG, read 2502 / (local write 2482), write 132995 / (local read 132336)
2023-05-02 12:20:30.321	- Info  -	[MultiChannel] P2P channel connected 182.101.61.109:23338
2023-05-02 12:20:30.321	- Info  -	CConnectorRaw::OnEvent() state: CNTS_P2P_CONNECTED, error: 0, oray errorcode: 0
2023-05-02 12:20:30.321	- Info  -	[oray][erroCode] errorcode=oray_errorcode(0), product=0, type=0, inner code=0 [CConnectorRaw::OnEvent:624]
2023-05-02 12:20:30.321	- Info  -	[MultiChannel] forward stream read data(size:659, 659, left:659) when p2p state is CONNECTED @ 445
2023-05-02 12:20:30.321	- Info  -	[MultiChannel] forward data read completed @ 462
2023-05-02 12:20:30.324	- Info  -	[MultiChannel] write data when p2p state is CONNECTED, is full 0, writed data 2482 / peer read 2502, left 20, size 52 @ 153
2023-05-02 12:20:30.335	- Info  -	[udpwrapper] disconnect reason : 1
2023-05-02 12:20:30.335	- Info  -	[oray][erroCode] errorcode=oray_errorcode(57354), product=0, type=3, inner code=10 [CUDPLibWrapper::OnDisconnect:833]
2023-05-02 12:20:30.335	- Info  -	[udpwrapper] Disconnect 221.228.93.130:4118 @ 838
2023-05-02 12:20:30.335	- Info  -	[oray][erroCode] errorcode=oray_errorcode(57354), product=0, type=3, inner code=10 [CUDPLibStream::Disconnect_impl:73]
2023-05-02 12:20:31.144	- Info  -	[MultiChannel] forward data write completed @ 216
2023-05-02 12:20:43.494	- Info  -	Init D3D2 OK
2023-05-02 12:20:43.516	* Error *	sensors data send failed!
2023-05-02 12:20:45.122	* Error *	SSLStream::IsWantReadWrite|peer(121.40.99.129:443), SSL_read failed( 6 ), error:00000000:lib(0):func(0):reason(0), file( ..\includes\common\phstream\SSLStream.cpp:1898 )
2023-05-02 12:20:45.122	- Info  -	[http call3] disconnect, error( 0 )
2023-05-02 12:20:51.570	* Error *	sensors data send failed!
2023-05-02 12:21:17.870	- Info  -	[clipboard] CClipboardViewer::OnClipboardUpdate
2023-05-02 12:21:18.120	- Info  -	[clipboard] CClipboardViewer::OnRenderFormat begin, uformat 13
2023-05-02 12:21:18.121	- Info  -	[clipboard] RenderFormat, win format 13, 14062859
2023-05-02 12:21:18.151	- Info  -	[clipboard] OnReceiveClipData, type 1760936591373, size 44
2023-05-02 12:21:18.151	- Info  -	[clipboard] format 13, data size: 44
2023-05-02 12:21:18.151	- Info  -	[clipboard] setClipboardData, format 13, oray format 13
2023-05-02 12:21:18.152	- Info  -	[clipboard] RenderFormat end
2023-05-02 12:21:18.152	- Info  -	[clipboard] CClipboardViewer::OnRenderFormat end, uformat 13
2023-05-02 12:24:42.162	- Info  -	[clipboard] CClipboardViewer::OnClipboardUpdate
2023-05-02 12:24:42.392	- Info  -	[clipboard] CClipboardViewer::OnRenderFormat begin, uformat 13
2023-05-02 12:24:42.393	- Info  -	[clipboard] RenderFormat, win format 13, 14267125
2023-05-02 12:24:42.404	- Info  -	[clipboard] OnReceiveClipData, type 1760936591373, size 18
2023-05-02 12:24:42.404	- Info  -	[clipboard] format 13, data size: 18
2023-05-02 12:24:42.405	- Info  -	[clipboard] setClipboardData, format 13, oray format 13
2023-05-02 12:24:42.405	- Info  -	[clipboard] RenderFormat end
2023-05-02 12:24:42.405	- Info  -	[clipboard] CClipboardViewer::OnRenderFormat end, uformat 13
2023-05-02 12:34:53.761	- Info  -	[clipboard] CClipboardViewer::OnClipboardUpdate
2023-05-02 12:34:53.983	- Info  -	[clipboard] CClipboardViewer::OnRenderFormat begin, uformat 13
2023-05-02 12:34:53.983	- Info  -	[clipboard] RenderFormat, win format 13, 14878718
2023-05-02 12:34:54.019	- Info  -	[clipboard] OnReceiveClipData, type 1760936591373, size 44
2023-05-02 12:34:54.019	- Info  -	[clipboard] format 13, data size: 44
2023-05-02 12:34:54.019	- Info  -	[clipboard] setClipboardData, format 13, oray format 13
2023-05-02 12:34:54.019	- Info  -	[clipboard] RenderFormat end
2023-05-02 12:34:54.019	- Info  -	[clipboard] CClipboardViewer::OnRenderFormat end, uformat 13
2023-05-02 12:35:04.789	- Info  -	[clipboard] CClipboardViewer::OnClipboardUpdate
2023-05-02 12:35:05.016	- Info  -	[clipboard] CClipboardViewer::OnRenderFormat begin, uformat 13
2023-05-02 12:35:05.016	- Info  -	[clipboard] RenderFormat, win format 13, 14889750
2023-05-02 12:35:05.026	- Info  -	[clipboard] OnReceiveClipData, type 1760936591373, size 44
2023-05-02 12:35:05.026	- Info  -	[clipboard] format 13, data size: 44
2023-05-02 12:35:05.026	- Info  -	[clipboard] setClipboardData, format 13, oray format 13
2023-05-02 12:35:05.026	- Info  -	[clipboard] RenderFormat end
2023-05-02 12:35:05.026	- Info  -	[clipboard] CClipboardViewer::OnRenderFormat end, uformat 13
2023-05-02 12:42:22.456	* Error *	sensors data send failed!
2023-05-02 12:42:22.457	- Info  -	[oray][erroCode] errorcode=oray_errorcode(0), product=0, type=0, inner code=0 [CMultiChannelStream::Disconnect_impl:254]
2023-05-02 12:42:22.458	- Info  -	[TCPConnector] CCurStream handle client_disconnect
2023-05-02 12:42:22.458	- Info  -	[oray][erroCode] errorcode=transf(0), product=0, type=0, inner code=0 [CMultiChannelStream::ForwardHandler::Handle:647]
2023-05-02 12:42:22.458	- Info  -	CConnectorRaw::OnEvent() state: CNTS_FWD_DISCONNECT, error: 0, oray errorcode: 0
2023-05-02 12:42:22.458	- Info  -	[oray][erroCode] errorcode=oray_errorcode(0), product=0, type=0, inner code=0 [CConnectorRaw::OnEvent:624]
2023-05-02 12:42:22.458	+Warning+	[MultiChannel] unbind forward stream(errorcode 0) @ 651
2023-05-02 12:42:22.458	- Info  -	[oray][erroCode] errorcode=oray_errorcode(0), product=0, type=0, inner code=0 [CP2PStream::Disconnect_impl:678]
2023-05-02 12:42:22.458	- Info  -	[oray][erroCode] errorcode=oray_errorcode(0), product=0, type=0, inner code=0 [CP2PStream::CUDPStream::Disconnect_impl:1044]
2023-05-02 12:42:22.458	- Info  -	[oray][erroCode] errorcode=oray_errorcode(0), product=0, type=0, inner code=0 [CUDPLibStream::Disconnect_impl:73]
2023-05-02 12:42:22.458	- Info  -	[udp] Disconnect
2023-05-02 12:42:22.458	- Info  -	[udp] SendDisconnect
2023-05-02 12:42:22.458	- Info  -	[MultiChannel] P2P channel disconnect 182.101.61.109:23338
2023-05-02 12:42:22.458	- Info  -	[oray][erroCode] errorcode=transf(0), product=0, type=0, inner code=0 [CMultiChannelStream::P2PHandler::Handle:834]
2023-05-02 12:42:22.458	- Info  -	[oray][erroCode] errorcode=transf(0), product=0, type=0, inner code=0 [CMultiChannelStream::HandleDisconnect:1041]
2023-05-02 12:42:22.458	- Info  -	CMultiChannelStreamImpl::OnDisconnect()
2023-05-02 12:42:22.458	- Info  -	[oray][erroCode] errorcode=oray_errorcode(0), product=0, type=0, inner code=0 [CMultiChannelStreamImpl::OnDisconnect:100]
2023-05-02 12:42:22.458	- Info  -	CClientStream 182.101.61.109:23338 OnDisconnect, errocde:0
2023-05-02 12:42:22.459	- Info  -	[oray][erroCode] errorcode=errcode(0), product=0, type=0, inner code=0 [CClientStream::OnDisconnect:104]
2023-05-02 12:42:22.459	- Info  -	OnDisconnect, error code 0
2023-05-02 12:42:22.459	- Info  -	[oray][erroCode] errorcode=errcode(0), product=0, type=0, inner code=0 [BinaryPluginStream::OnDisconnect:404]
2023-05-02 12:42:22.459	- Info  -	[desktop] Separation message loop stop.
2023-05-02 12:42:22.459	- Info  -	CPluginThreadManager stop plugin thread
2023-05-02 12:42:22.459	- Info  -	CActivePlugin prepare to exit plugin
2023-05-02 12:42:22.459	- Info  -	[desktop] RemoteDesktopPlugin::ExitInstance. >
2023-05-02 12:42:22.459	- Info  -	[clipboard] stop clipboard...
2023-05-02 12:42:22.460	- Info  -	[clipboard] recv thread end(1).
2023-05-02 12:42:22.462	- Info  -	[clipboard] call CClipboardViewer::DestroyWnd at 190
2023-05-02 12:42:22.462	- Info  -	[clipboard] recv WM_CLOSE, end thread.
2023-05-02 12:42:22.464	- Info  -	[clipboard] Stop Clipboard ok
2023-05-02 12:42:22.465	- Info  -	[udpwrapper] udprelay connecting 182.101.61.109:23338 via 221.228.93.130:4118
2023-05-02 12:42:22.476	- Info  -	[desktop] [thread] cancel.
2023-05-02 12:42:22.476	- Info  -	[desktop] RemoteDesktopPlugin::ExitInstance. <
2023-05-02 12:42:22.477	- Info  -	CConnectorRaw::OnEvent() state: CNTS_P2P_DISCONNECT, error: 0, oray errorcode: 0
2023-05-02 12:42:22.477	- Info  -	[oray][erroCode] errorcode=oray_errorcode(0), product=0, type=0, inner code=0 [CConnectorRaw::OnEvent:624]
2023-05-02 12:42:22.477	- Info  -	[oray][erroCode] errorcode=oray_errorcode(0), product=0, type=0, inner code=0 [CP2PStream::CTCPStream::Disconnect_impl:1016]
2023-05-02 12:42:22.477	- Info  -	CConnectorRaw::OnEvent() state: CNTS_DISCONNECTED, error: 0, oray errorcode: 0
2023-05-02 12:42:22.477	- Info  -	[oray][erroCode] errorcode=oray_errorcode(0), product=0, type=0, inner code=0 [CConnectorRaw::OnEvent:624]
2023-05-02 12:42:22.477	- Info  -	CConnectorRaw::Stop in>
2023-05-02 12:42:22.478	* Error *	Plugin disconnect with error : 0
2023-05-02 12:42:22.483	- Info  -	[CUDPLibWrapper] map size: 1, value: [182.101.61.109:23338/15498-2] = 0.0.0.0:15498;

2023-05-02 12:42:22.483	- Info  -	[oray][erroCode] errorcode=oray_errorcode(0), product=0, type=0, inner code=0 [CP2PStream::CUDPStream::Disconnect_impl:1044]
2023-05-02 12:42:22.483	- Info  -	[oray][erroCode] errorcode=oray_errorcode(0), product=0, type=0, inner code=0 [CUDPLibStream::Disconnect_impl:73]
2023-05-02 12:42:22.484	- Info  -	CConnectorRaw::Stop out<
2023-05-02 12:42:22.484	- Info  -	sensors close
2023-05-02 12:42:22.511	- Info  -	[desktop] CRemoteDesktopPlugin::~CRemoteDesktopPlugin(void)
2023-05-02 12:42:22.512	- Info  -	[vpx][decoder] close codec.
2023-05-02 12:42:22.641	- Info  -	CMultiChannelStreamImpl::~CMultiChannelStreamImpl
2023-05-02 12:42:22.642	- Info  -	program remote_plugin is exit 
