2023-03-13 10:04:15.283	- Info  -	version:3.2.1.40406
2023-03-13 10:04:15.286	- Info  -	DPIAwareness set 2 success.
2023-03-13 10:04:15.292	- Info  -	config path:  gù]X
2023-03-13 10:04:15.340	- Info  -	[displayclt] CDisplayClient::CDisplayClient(all)
2023-03-13 10:04:15.340	- Info  -	[desktop] CRemoteDesktopPlugin::CRemoteDesktopPlugin(all)
2023-03-13 10:04:15.349	- Info  -	sensors init with file: C:/ProgramData/Oray/SunloginClient/sensors/datas
2023-03-13 10:04:15.364	* Error *	sensors data send failed!
2023-03-13 10:04:15.364	- Info  -	CMultiChannelStreamImpl::CMultiChannelStreamImpl
2023-03-13 10:04:15.365	- Info  -	CConnectorRaw::OnStreamEvent(1) state: CNTS_FORWARD, error: 0
2023-03-13 10:04:15.365	- Info  -	CConnectorRaw::OnEvent() state: CNTS_FORWARD, error: 0, oray errorcode: 0
2023-03-13 10:04:15.365	- Info  -	[oray][erroCode] errorcode=oray_errorcode(0), product=0, type=0, inner code=0 [CConnectorRaw::OnEvent:624]
2023-03-13 10:04:15.467	- Info  -	attempt to connect server 883090430.slp2p-east-std05.oray.net:443(221.228.93.179:443)
2023-03-13 10:04:15.474	- Info  -	plugin_public access_token is NULL
2023-03-13 10:04:15.612	- Info  -	[TCPConnector] CCurStream handle client_connect
2023-03-13 10:04:15.642	- Info  -	[MultiChannel] Forward channel shake handle 221.228.93.179:443
2023-03-13 10:04:15.642	- Info  -	CMultiChannelStreamImpl::OnConnect()
2023-03-13 10:04:15.642	- Info  -	CClientStream 221.228.93.179:443 OnConnect
2023-03-13 10:04:15.642	- Info  -	CConnectorRaw::OnEvent() state: CNTS_LOGIN, error: 0, oray errorcode: 0
2023-03-13 10:04:15.642	- Info  -	[oray][erroCode] errorcode=oray_errorcode(0), product=0, type=0, inner code=0 [CConnectorRaw::OnEvent:624]
2023-03-13 10:04:15.642	- Info  -	CConnectorRaw::OnEvent() state: CNTS_FWD_SHAKEHANDLE, error: 0, oray errorcode: 0
2023-03-13 10:04:15.642	- Info  -	[oray][erroCode] errorcode=oray_errorcode(0), product=0, type=0, inner code=0 [CConnectorRaw::OnEvent:624]
2023-03-13 10:04:16.090	* Error *	sensors data send failed!
2023-03-13 10:04:16.176	- Info  -	[MultiChannel] Forward channel connected 221.228.93.179:443
2023-03-13 10:04:16.176	- Info  -	CMultiChannelStreamImpl::OnConnectEvent, status: CNTS_FWD_CONNECTED, isclosed:false, HadFwdConnected: true, HadBeenHolePunch: false
2023-03-13 10:04:16.176	- Info  -	CConnectorRaw::OnEvent() state: CNTS_FWD_CONNECTED, error: 0, oray errorcode: 0
2023-03-13 10:04:16.176	- Info  -	[oray][erroCode] errorcode=oray_errorcode(0), product=0, type=0, inner code=0 [CConnectorRaw::OnEvent:624]
2023-03-13 10:04:16.176	* Error *	CClientStream receive invalid Logon_OK_Message
2023-03-13 10:04:16.182	- Info  -	CClientStream 221.228.93.179:443 OnReceive reply 1 
2023-03-13 10:04:16.182	- Info  -	CClientStream 221.228.93.179:443 start keepalive
2023-03-13 10:04:16.182	- Info  -	CClientStream 221.228.93.179:443 login OK
2023-03-13 10:04:16.182	- Info  -	CConnectorRaw::OnEvent() state: CNTS_CONNECTED, error: 0, oray errorcode: 0
2023-03-13 10:04:16.182	- Info  -	[oray][erroCode] errorcode=oray_errorcode(0), product=0, type=0, inner code=0 [CConnectorRaw::OnEvent:624]
2023-03-13 10:04:16.182	- Info  -	CPluginThreadManager start plugin thread
2023-03-13 10:04:16.183	- Info  -	CActivePlugin prepare to init plugin
2023-03-13 10:04:16.183	- Info  -	[desktop] create drag server OK
2023-03-13 10:04:16.183	- Info  -	CActivePlugin prepare to run plugin
2023-03-13 10:04:16.184	- Info  -	[desktop] sending switch desktop type message...
2023-03-13 10:04:16.184	- Info  -	[desktop] request enumerate user list.
2023-03-13 10:04:16.184	- Info  -	[desktop] Separation message loop start.
2023-03-13 10:04:16.848	- Info  -	[desktop] receive switch host message res = 1 
2023-03-13 10:04:16.848	- Info  -	[desktop] request enum screen
2023-03-13 10:04:16.848	- Info  -	[DisplayClient] SetCompression 11/15
2023-03-13 10:04:16.848	- Info  -	[desktop] request start stream
2023-03-13 10:04:16.848	- Info  -	[desktop] SetCompressionParam: layer=1;encoding=4;format=1;reserved=0, size: 38
2023-03-13 10:04:17.106	- Info  -	[desktop] OnQueryConfigRes
2023-03-13 10:04:17.106	- Info  -	[desktop] OnQueryConfigRes
2023-03-13 10:04:17.144	- Info  -	[desktop] recv enum screen, number is 1
2023-03-13 10:04:17.154	- Info  -	[clipboard] start clipboard...
2023-03-13 10:04:17.173	- Info  -	[clipboard][converter] html format 49319
2023-03-13 10:04:17.173	- Info  -	[clipboard][converter] rtf format 49379
2023-03-13 10:04:17.173	- Info  -	[clipboard] start clipboard ok.
2023-03-13 10:04:17.173	- Info  -	[desktop] sync clipboard enable
2023-03-13 10:04:18.175	- Info  -	CMultiChannelStreamImpl::ConnectP2PServer, thread id: 11876
2023-03-13 10:04:18.212	- Info  -	CConnectorRaw::OnStreamEvent(1) state: CNTS_P2P, error: 0
2023-03-13 10:04:18.212	- Info  -	CConnectorRaw::OnEvent() state: CNTS_P2P, error: 0, oray errorcode: 0
2023-03-13 10:04:18.212	- Info  -	[oray][erroCode] errorcode=oray_errorcode(0), product=0, type=0, inner code=0 [CConnectorRaw::OnEvent:624]
2023-03-13 10:04:18.212	- Info  -	[P2PConnector] attempt to connect server PHSRC://883090430.slp2p-east-std05.oray.net:4118/desktop(slp2p-east-std05.oray.net:4118) 
2023-03-13 10:04:18.297	- Info  -	[udp] support straight send in peer : no 221.228.93.179:4118 CConnection::OnConnectRes
2023-03-13 10:04:18.297	- Info  -	[P2PHelper] detect local ip ...
2023-03-13 10:04:18.298	- Info  -	[P2PHelper] detect local ip 172.16.76.182
2023-03-13 10:04:18.298	- Info  -	[P2PHelper] attempt to login P2P Server...
2023-03-13 10:04:18.327	- Info  -	[P2PHelper] Login P2P Server OK
2023-03-13 10:04:18.327	- Info  -	[P2PHelper] OnLoginRes, receive public ip 223.82.110.30:15620
2023-03-13 10:04:18.327	- Info  -	[P2PHelper] sending P2P request ...
2023-03-13 10:04:18.371	- Info  -	[P2PHelper] receive peer local ip 10.21.68.2:15540, public ip 111.79.23.206:5260
2023-03-13 10:04:18.372	- Info  -	[P2PStream] EstablishP2P local ip 223.82.110.30:15620/172.16.76.182:15620 ==> peer ip 111.79.23.206:5260/10.21.68.2:15540
2023-03-13 10:04:18.799	+Warning+	not found upnp devices on network!
2023-03-13 10:04:18.799	- Info  -	upnpnat_search_thread::ThreadLoop end
2023-03-13 10:04:18.806	- Info  -	[udpwrapper] attempt to establish P2P connection via: 221.228.93.179:4118, (local)172.16.76.182:15620|(public)223.82.110.30:15620 ==> (local)10.21.68.2:15540|(public)111.79.23.206:5260
2023-03-13 10:04:19.307	+Warning+	not found upnp devices on network!
2023-03-13 10:04:19.307	+Warning+	[udpwrapper] UPNP discovery failed, 
2023-03-13 10:04:19.608	- Info  -	[udp] OnConnectAck working in advanced mode 2
2023-03-13 10:04:19.608	- Info  -	[udp] support straight send in peer : yes 111.79.23.206:5260 CConnection::OnConnectRes
2023-03-13 10:04:19.609	- Info  -	[oray][erroCode] errorcode=oray_errorcode(0), product=0, type=0, inner code=0 [CUDPLibStream::Disconnect_impl:73]
2023-03-13 10:04:19.609	- Info  -	[udp] Disconnect
2023-03-13 10:04:19.609	- Info  -	[udp] SendDisconnect
2023-03-13 10:04:19.609	- Info  -	[P2PHelper] MainServer disconnect
2023-03-13 10:04:19.609	- Info  -	[MultiChannel] P2P channel shake handle 111.79.23.206:5260
2023-03-13 10:04:19.609	- Info  -	CConnectorRaw::OnEvent() state: CNTS_P2P_SHAKEHANDLE, error: 0, oray errorcode: 0
2023-03-13 10:04:19.610	- Info  -	[oray][erroCode] errorcode=oray_errorcode(0), product=0, type=0, inner code=0 [CConnectorRaw::OnEvent:624]
2023-03-13 10:04:19.610	- Info  -	[MultiChannel] send SHAKE_HANDLES_MSG, read 2701, write 1738
2023-03-13 10:04:19.610	- Info  -	[P2PStream] connected (by udp) 0.0.0.0:15620 <--> 111.79.23.206:5260
2023-03-13 10:04:19.621	- Info  -	[MultiChannel] Received SHAKE_HANDLES_MSG, read 1758 / (local write 1738), write 2681 / (local read 2701)
2023-03-13 10:04:19.621	- Info  -	[MultiChannel] P2P channel connected 111.79.23.206:5260
2023-03-13 10:04:19.621	- Info  -	CConnectorRaw::OnEvent() state: CNTS_P2P_CONNECTED, error: 0, oray errorcode: 0
2023-03-13 10:04:19.621	- Info  -	[oray][erroCode] errorcode=oray_errorcode(0), product=0, type=0, inner code=0 [CConnectorRaw::OnEvent:624]
2023-03-13 10:04:19.634	- Info  -	[udpwrapper] disconnect reason : 1
2023-03-13 10:04:19.635	- Info  -	[oray][erroCode] errorcode=oray_errorcode(57354), product=0, type=3, inner code=10 [CUDPLibWrapper::OnDisconnect:833]
2023-03-13 10:04:19.635	- Info  -	[udpwrapper] Disconnect 221.228.93.179:4118 @ 838
2023-03-13 10:04:19.635	- Info  -	[oray][erroCode] errorcode=oray_errorcode(57354), product=0, type=3, inner code=10 [CUDPLibStream::Disconnect_impl:73]
2023-03-13 10:04:19.691	- Info  -	[MultiChannel] forward data read completed @ 462
2023-03-13 10:04:19.693	- Info  -	[MultiChannel] write data when p2p state is CONNECTED, is full 0, writed data 1738 / peer read 1758, left 20, size 44 @ 153
2023-03-13 10:04:19.693	- Info  -	[MultiChannel] forward data write completed @ 216
2023-03-13 10:04:20.842	- Info  -	SetDisplayMode() w=1920, h=1080, bpp=32
2023-03-13 10:04:20.842	- Info  -	ResetBitmap width=1920, height=1080, bpp=32, srcbpp=32, Size = 8294400
2023-03-13 10:04:20.842	- Info  -	[DisplayClient] recv image info, width: 1920, height: 1080, bpp: 32
2023-03-13 10:04:20.842	- Info  -	[DisplayClient] OnRecvCompInfo format/quality 11/15
2023-03-13 10:04:20.842	- Info  -	[desktop][DisplayClient] recv first frame.
2023-03-13 10:04:20.850	- Info  -	[DisplayClient] recv compimage type: ID_IMAGE_RAPIDCOMP
2023-03-13 10:04:20.911	- Info  -	[vpx] open h264 codec
2023-03-13 10:04:20.913	- Info  -	[vpx] close h264 codec
2023-03-13 10:04:20.913	- Info  -	[vpx] open h264 codec
2023-03-13 10:04:20.955	- Info  -	[desktop][DisplayClient] decode first frame end.
2023-03-13 10:04:20.956	- Info  -	[desktop] receive first frame message
2023-03-13 10:04:20.956	- Info  -	[drag] QueryVersionRes is false
2023-03-13 10:04:20.965	- Info  -	CClipboardRaw::OnReceiveQueryVersionReq 2
2023-03-13 10:04:21.119	- Info  -	Init D3D2 OK
2023-03-13 10:04:21.119	- Info  -	[DesktopSurface] Use DirectX Paint mode 2
2023-03-13 10:04:21.236	- Info  -	Init D3D2 OK
2023-03-13 10:04:21.254	- Info  -	[maindialog] draw first frame end
2023-03-13 10:04:21.295	- Info  -	[desktop] sync clipboard enable
2023-03-13 10:04:21.296	- Info  -	[http call3] new call id:1, url:https://slapi.oray.net/remote/get-network
2023-03-13 10:04:21.310	- Info  -	[http call3] id:1 create new connection : https://slapi.oray.net:443
2023-03-13 10:04:21.312	- Info  -	attempt to connect server slapi.oray.net:443(121.40.99.129:443)
2023-03-13 10:04:21.516	- Info  -	[http call3] id:1, url:https://slapi.oray.net/remote/get-network, status code:200
2023-03-13 10:04:36.494	* Error *	SSLStream::IsWantReadWrite|peer(121.40.99.129:443), SSL_read failed( 6 ), error:00000000:lib(0):func(0):reason(0), file( ..\includes\common\phstream\SSLStream.cpp:1898 )
2023-03-13 10:04:36.495	- Info  -	[http call3] disconnect, error( 0 )
2023-03-13 10:04:45.356	- Info  -	recv [000] file:C:\Users\Administrator\Desktop\
2023-03-13 10:04:45.357	- Info  -	recv [001] file:C:\Users\Administrator\Desktop\
2023-03-13 10:04:45.369	- Info  -	[drag] QueryVersionRes is true
2023-03-13 10:04:45.895	- Info  -	recv [000] file:C:\Users\Administrator\Desktop\
2023-03-13 10:04:45.895	- Info  -	recv [001] file:C:\Users\Administrator\Desktop\
2023-03-13 10:04:46.166	- Info  -	[desktop]Recv drag file transfer, size 1589
2023-03-13 10:04:46.166	- Info  -	[drag] DragDrop is true
2023-03-13 10:04:46.176	- Info  -	>>> [DragSender IsSendFileCancelled] send filename: 
2023-03-13 10:04:46.176	- Info  -	>>> [DragSender IsSendFileCancelled] send filename: 
2023-03-13 10:04:50.007	* Error *	sensors data send failed!
2023-03-13 10:06:05.017	* Error *	sensors data send failed!
2023-03-13 10:06:05.019	- Info  -	[oray][erroCode] errorcode=oray_errorcode(0), product=0, type=0, inner code=0 [CMultiChannelStream::Disconnect_impl:254]
2023-03-13 10:06:05.019	- Info  -	[TCPConnector] CCurStream handle client_disconnect
2023-03-13 10:06:05.021	- Info  -	[oray][erroCode] errorcode=transf(0), product=0, type=0, inner code=0 [CMultiChannelStream::ForwardHandler::Handle:647]
2023-03-13 10:06:05.021	- Info  -	CConnectorRaw::OnEvent() state: CNTS_FWD_DISCONNECT, error: 0, oray errorcode: 0
2023-03-13 10:06:05.021	- Info  -	[oray][erroCode] errorcode=oray_errorcode(0), product=0, type=0, inner code=0 [CConnectorRaw::OnEvent:624]
2023-03-13 10:06:05.021	+Warning+	[MultiChannel] unbind forward stream(errorcode 0) @ 651
2023-03-13 10:06:05.023	- Info  -	[oray][erroCode] errorcode=oray_errorcode(0), product=0, type=0, inner code=0 [CP2PStream::Disconnect_impl:678]
2023-03-13 10:06:05.023	- Info  -	[oray][erroCode] errorcode=oray_errorcode(0), product=0, type=0, inner code=0 [CP2PStream::CUDPStream::Disconnect_impl:1044]
2023-03-13 10:06:05.023	- Info  -	[oray][erroCode] errorcode=oray_errorcode(0), product=0, type=0, inner code=0 [CUDPLibStream::Disconnect_impl:73]
2023-03-13 10:06:05.023	- Info  -	[udp] Disconnect
2023-03-13 10:06:05.023	- Info  -	[udp] SendDisconnect
2023-03-13 10:06:05.023	- Info  -	[MultiChannel] P2P channel disconnect 111.79.23.206:5260
2023-03-13 10:06:05.023	- Info  -	[oray][erroCode] errorcode=transf(0), product=0, type=0, inner code=0 [CMultiChannelStream::P2PHandler::Handle:834]
2023-03-13 10:06:05.023	- Info  -	[oray][erroCode] errorcode=transf(0), product=0, type=0, inner code=0 [CMultiChannelStream::HandleDisconnect:1041]
2023-03-13 10:06:05.023	- Info  -	CMultiChannelStreamImpl::OnDisconnect()
2023-03-13 10:06:05.024	- Info  -	[oray][erroCode] errorcode=oray_errorcode(0), product=0, type=0, inner code=0 [CMultiChannelStreamImpl::OnDisconnect:100]
2023-03-13 10:06:05.024	- Info  -	CClientStream 111.79.23.206:5260 OnDisconnect, errocde:0
2023-03-13 10:06:05.024	- Info  -	[oray][erroCode] errorcode=errcode(0), product=0, type=0, inner code=0 [CClientStream::OnDisconnect:104]
2023-03-13 10:06:05.024	- Info  -	OnDisconnect, error code 0
2023-03-13 10:06:05.024	- Info  -	[oray][erroCode] errorcode=errcode(0), product=0, type=0, inner code=0 [BinaryPluginStream::OnDisconnect:404]
2023-03-13 10:06:05.024	- Info  -	[desktop] Separation message loop stop.
2023-03-13 10:06:05.024	- Info  -	CPluginThreadManager stop plugin thread
2023-03-13 10:06:05.024	- Info  -	CActivePlugin prepare to exit plugin
2023-03-13 10:06:05.025	- Info  -	[desktop] RemoteDesktopPlugin::ExitInstance. >
2023-03-13 10:06:05.025	- Info  -	[clipboard] stop clipboard...
2023-03-13 10:06:05.025	- Info  -	[clipboard] recv thread end(1).
2023-03-13 10:06:05.025	- Info  -	[clipboard] call CClipboardViewer::DestroyWnd at 190
2023-03-13 10:06:05.025	- Info  -	[clipboard] recv WM_CLOSE, end thread.
2023-03-13 10:06:05.027	- Info  -	[clipboard] Stop Clipboard ok
2023-03-13 10:06:05.034	- Info  -	[udpwrapper] udprelay connecting 111.79.23.206:5260 via 221.228.93.179:4118
2023-03-13 10:06:05.041	- Info  -	[desktop] [thread] cancel.
2023-03-13 10:06:05.041	- Info  -	[desktop] RemoteDesktopPlugin::ExitInstance. <
2023-03-13 10:06:05.042	- Info  -	CConnectorRaw::OnEvent() state: CNTS_P2P_DISCONNECT, error: 0, oray errorcode: 0
2023-03-13 10:06:05.042	- Info  -	[oray][erroCode] errorcode=oray_errorcode(0), product=0, type=0, inner code=0 [CConnectorRaw::OnEvent:624]
2023-03-13 10:06:05.042	- Info  -	[oray][erroCode] errorcode=oray_errorcode(0), product=0, type=0, inner code=0 [CP2PStream::CTCPStream::Disconnect_impl:1016]
2023-03-13 10:06:05.042	- Info  -	CConnectorRaw::OnEvent() state: CNTS_DISCONNECTED, error: 0, oray errorcode: 0
2023-03-13 10:06:05.042	- Info  -	[oray][erroCode] errorcode=oray_errorcode(0), product=0, type=0, inner code=0 [CConnectorRaw::OnEvent:624]
2023-03-13 10:06:05.042	- Info  -	CConnectorRaw::Stop in>
2023-03-13 10:06:05.043	- Info  -	[CUDPLibWrapper] map size: 1, value: [111.79.23.206:5260/15620-2] = 0.0.0.0:15620;

2023-03-13 10:06:05.043	- Info  -	[oray][erroCode] errorcode=oray_errorcode(0), product=0, type=0, inner code=0 [CP2PStream::CUDPStream::Disconnect_impl:1044]
2023-03-13 10:06:05.043	- Info  -	[oray][erroCode] errorcode=oray_errorcode(0), product=0, type=0, inner code=0 [CUDPLibStream::Disconnect_impl:73]
2023-03-13 10:06:05.044	- Info  -	CConnectorRaw::Stop out<
2023-03-13 10:06:05.044	* Error *	Plugin disconnect with error : 0
2023-03-13 10:06:05.044	- Info  -	sensors close
2023-03-13 10:06:05.080	- Info  -	[desktop] CRemoteDesktopPlugin::~CRemoteDesktopPlugin(void)
2023-03-13 10:06:05.082	- Info  -	[vpx] close h264 codec
2023-03-13 10:06:05.106	- Info  -	CMultiChannelStreamImpl::~CMultiChannelStreamImpl
2023-03-13 10:06:05.107	- Info  -	program remote_plugin is exit 
