2023-05-08 14:33:50.838	- Info  -	version:3.2.1.40406
2023-05-08 14:33:50.843	- Info  -	DPIAwareness set 2 success.
2023-05-08 14:33:50.854	- Info  -	config path:  «Í±
2023-05-08 14:33:50.942	- Info  -	[displayclt] CDisplayClient::CDisplayClient(all)
2023-05-08 14:33:50.942	- Info  -	[desktop] CRemoteDesktopPlugin::CRemoteDesktopPlugin(all)
2023-05-08 14:33:50.968	- Info  -	sensors init with file: C:/ProgramData/Oray/SunloginClient/sensors/datas
2023-05-08 14:33:50.977	- Info  -	CMultiChannelStreamImpl::CMultiChannelStreamImpl
2023-05-08 14:33:50.981	- Info  -	CConnectorRaw::OnStreamEvent(1) state: CNTS_FORWARD, error: 0
2023-05-08 14:33:50.982	* Error *	sensors data send failed!
2023-05-08 14:33:50.983	- Info  -	CConnectorRaw::OnEvent() state: CNTS_FORWARD, error: 0, oray errorcode: 0
2023-05-08 14:33:50.983	- Info  -	[oray][erroCode] errorcode=oray_errorcode(0), product=0, type=0, inner code=0 [CConnectorRaw::OnEvent:624]
2023-05-08 14:33:51.054	- Info  -	attempt to connect server 765333966.slp2p-east-std201.oray.net:443(122.246.13.29:443)
2023-05-08 14:33:51.151	- Info  -	plugin_public access_token is NULL
2023-05-08 14:33:51.158	- Info  -	[TCPConnector] CCurStream handle client_connect
2023-05-08 14:33:51.191	- Info  -	[MultiChannel] Forward channel shake handle 122.246.13.29:443
2023-05-08 14:33:51.191	- Info  -	CMultiChannelStreamImpl::OnConnect()
2023-05-08 14:33:51.192	- Info  -	CClientStream 122.246.13.29:443 OnConnect
2023-05-08 14:33:51.192	- Info  -	CConnectorRaw::OnEvent() state: CNTS_LOGIN, error: 0, oray errorcode: 0
2023-05-08 14:33:51.192	- Info  -	[oray][erroCode] errorcode=oray_errorcode(0), product=0, type=0, inner code=0 [CConnectorRaw::OnEvent:624]
2023-05-08 14:33:51.192	- Info  -	CConnectorRaw::OnEvent() state: CNTS_FWD_SHAKEHANDLE, error: 0, oray errorcode: 0
2023-05-08 14:33:51.192	- Info  -	[oray][erroCode] errorcode=oray_errorcode(0), product=0, type=0, inner code=0 [CConnectorRaw::OnEvent:624]
2023-05-08 14:33:51.654	- Info  -	[MultiChannel] Forward channel connected 122.246.13.29:443
2023-05-08 14:33:51.654	- Info  -	CMultiChannelStreamImpl::OnConnectEvent, status: CNTS_FWD_CONNECTED, isclosed:false, HadFwdConnected: true, HadBeenHolePunch: false
2023-05-08 14:33:51.654	- Info  -	CConnectorRaw::OnEvent() state: CNTS_FWD_CONNECTED, error: 0, oray errorcode: 0
2023-05-08 14:33:51.654	- Info  -	[oray][erroCode] errorcode=oray_errorcode(0), product=0, type=0, inner code=0 [CConnectorRaw::OnEvent:624]
2023-05-08 14:33:51.654	* Error *	CClientStream receive invalid Logon_OK_Message
2023-05-08 14:33:51.655	- Info  -	CClientStream 122.246.13.29:443 OnReceive reply 1 
2023-05-08 14:33:51.658	- Info  -	CClientStream 122.246.13.29:443 start keepalive
2023-05-08 14:33:51.658	- Info  -	CClientStream 122.246.13.29:443 login OK
2023-05-08 14:33:51.658	- Info  -	CConnectorRaw::OnEvent() state: CNTS_CONNECTED, error: 0, oray errorcode: 0
2023-05-08 14:33:51.658	- Info  -	[oray][erroCode] errorcode=oray_errorcode(0), product=0, type=0, inner code=0 [CConnectorRaw::OnEvent:624]
2023-05-08 14:33:51.658	- Info  -	CPluginThreadManager start plugin thread
2023-05-08 14:33:51.686	- Info  -	CActivePlugin prepare to init plugin
2023-05-08 14:33:51.686	- Info  -	[desktop] create drag server OK
2023-05-08 14:33:51.686	- Info  -	CActivePlugin prepare to run plugin
2023-05-08 14:33:51.686	- Info  -	[desktop] Separation message loop start.
2023-05-08 14:33:51.686	- Info  -	[desktop] sending switch desktop type message...
2023-05-08 14:33:51.687	- Info  -	[desktop] request enumerate user list.
2023-05-08 14:33:51.998	* Error *	sensors data send failed!
2023-05-08 14:33:52.034	- Info  -	[desktop] receive switch host message res = 1 
2023-05-08 14:33:52.034	- Info  -	[desktop] request enum screen
2023-05-08 14:33:52.034	- Info  -	[DisplayClient] SetCompression 11/15
2023-05-08 14:33:52.034	- Info  -	[desktop] request start stream
2023-05-08 14:33:52.034	- Info  -	[desktop] SetCompressionParam: layer=1;encoding=4;format=1;reserved=0, size: 38
2023-05-08 14:33:52.196	- Info  -	[desktop] OnQueryConfigRes
2023-05-08 14:33:52.196	- Info  -	[desktop] OnQueryConfigRes
2023-05-08 14:33:52.196	- Info  -	[desktop] recv enum screen, number is 1
2023-05-08 14:33:52.262	- Info  -	[clipboard] start clipboard...
2023-05-08 14:33:52.279	- Info  -	[clipboard][converter] html format 49428
2023-05-08 14:33:52.279	- Info  -	[clipboard][converter] rtf format 49271
2023-05-08 14:33:52.279	- Info  -	[clipboard] start clipboard ok.
2023-05-08 14:33:52.279	- Info  -	[desktop] sync clipboard enable
2023-05-08 14:33:53.650	- Info  -	CMultiChannelStreamImpl::ConnectP2PServer, thread id: 13296
2023-05-08 14:33:53.773	- Info  -	CConnectorRaw::OnStreamEvent(1) state: CNTS_P2P, error: 0
2023-05-08 14:33:53.773	- Info  -	CConnectorRaw::OnEvent() state: CNTS_P2P, error: 0, oray errorcode: 0
2023-05-08 14:33:53.773	- Info  -	[oray][erroCode] errorcode=oray_errorcode(0), product=0, type=0, inner code=0 [CConnectorRaw::OnEvent:624]
2023-05-08 14:33:53.773	- Info  -	[P2PConnector] attempt to connect server PHSRC://765333966.slp2p-east-std201.oray.net:4118/desktop(slp2p-east-std201.oray.net:4118) 
2023-05-08 14:33:53.816	- Info  -	[udp] support straight send in peer : no 122.246.13.29:4118 CConnection::OnConnectRes
2023-05-08 14:33:53.817	- Info  -	[P2PHelper] detect local ip ...
2023-05-08 14:33:53.818	- Info  -	[P2PHelper] detect local ip 172.16.77.230
2023-05-08 14:33:53.818	- Info  -	[P2PHelper] attempt to login P2P Server...
2023-05-08 14:33:53.843	- Info  -	[P2PHelper] Login P2P Server OK
2023-05-08 14:33:53.843	- Info  -	[P2PHelper] OnLoginRes, receive public ip 223.82.110.30:15970
2023-05-08 14:33:53.843	- Info  -	[P2PHelper] sending P2P request ...
2023-05-08 14:33:53.886	- Info  -	[P2PHelper] receive peer local ip 10.21.142.3:15698, public ip 182.110.7.50:24102
2023-05-08 14:33:53.887	- Info  -	[P2PStream] EstablishP2P local ip 223.82.110.30:15970/172.16.77.230:15970 ==> peer ip 182.110.7.50:24102/10.21.142.3:15698
2023-05-08 14:33:54.319	+Warning+	not found upnp devices on network!
2023-05-08 14:33:54.319	- Info  -	upnpnat_search_thread::ThreadLoop end
2023-05-08 14:33:54.329	- Info  -	[udpwrapper] attempt to establish P2P connection via: 122.246.13.29:4118, (local)172.16.77.230:15970|(public)223.82.110.30:15970 ==> (local)10.21.142.3:15698|(public)182.110.7.50:24102
2023-05-08 14:33:54.829	+Warning+	not found upnp devices on network!
2023-05-08 14:33:54.829	+Warning+	[udpwrapper] UPNP discovery failed, 
2023-05-08 14:33:54.918	- Info  -	[udp] OnConnectAck working in advanced mode 2
2023-05-08 14:33:54.918	- Info  -	[udp] support straight send in peer : yes 182.110.7.50:24102 CConnection::OnConnectRes
2023-05-08 14:33:54.919	- Info  -	[oray][erroCode] errorcode=oray_errorcode(0), product=0, type=0, inner code=0 [CUDPLibStream::Disconnect_impl:73]
2023-05-08 14:33:54.919	- Info  -	[udp] Disconnect
2023-05-08 14:33:54.919	- Info  -	[udp] SendDisconnect
2023-05-08 14:33:54.919	- Info  -	[P2PHelper] MainServer disconnect
2023-05-08 14:33:54.919	- Info  -	[MultiChannel] P2P channel shake handle 182.110.7.50:24102
2023-05-08 14:33:54.919	- Info  -	CConnectorRaw::OnEvent() state: CNTS_P2P_SHAKEHANDLE, error: 0, oray errorcode: 0
2023-05-08 14:33:54.919	- Info  -	[oray][erroCode] errorcode=oray_errorcode(0), product=0, type=0, inner code=0 [CConnectorRaw::OnEvent:624]
2023-05-08 14:33:54.919	- Info  -	[MultiChannel] send SHAKE_HANDLES_MSG, read 972, write 1288
2023-05-08 14:33:54.919	- Info  -	[P2PStream] connected (by udp) 0.0.0.0:15970 <--> 182.110.7.50:24102
2023-05-08 14:33:54.930	- Info  -	[MultiChannel] Received SHAKE_HANDLES_MSG, read 1308 / (local write 1288), write 36299 / (local read 972)
2023-05-08 14:33:54.930	- Info  -	[MultiChannel] P2P channel connected 182.110.7.50:24102
2023-05-08 14:33:54.930	- Info  -	CConnectorRaw::OnEvent() state: CNTS_P2P_CONNECTED, error: 0, oray errorcode: 0
2023-05-08 14:33:54.930	- Info  -	[oray][erroCode] errorcode=oray_errorcode(0), product=0, type=0, inner code=0 [CConnectorRaw::OnEvent:624]
2023-05-08 14:33:54.944	- Info  -	[udpwrapper] disconnect reason : 2
2023-05-08 14:33:54.945	- Info  -	[oray][erroCode] errorcode=oray_errorcode(57355), product=0, type=3, inner code=11 [CUDPLibWrapper::OnDisconnect:833]
2023-05-08 14:33:54.945	- Info  -	[udpwrapper] Disconnect 122.246.13.29:4118 @ 838
2023-05-08 14:33:54.945	- Info  -	[oray][erroCode] errorcode=oray_errorcode(57355), product=0, type=3, inner code=11 [CUDPLibStream::Disconnect_impl:73]
2023-05-08 14:33:56.729	- Info  -	[MultiChannel] write data when p2p state is CONNECTED, is full 0, writed data 1288 / peer read 1308, left 20, size 36 @ 153
2023-05-08 14:33:56.827	- Info  -	[MultiChannel] forward data write completed @ 216
2023-05-08 14:33:59.528	- Info  -	[MultiChannel] forward stream read data(size:35283, 35283, left:35327) when p2p state is CONNECTED @ 445
2023-05-08 14:34:01.216	- Info  -	[MultiChannel] forward stream read data(size:20, 20, left:44) when p2p state is CONNECTED @ 445
2023-05-08 14:34:01.216	- Info  -	SetDisplayMode() w=1366, h=768, bpp=32
2023-05-08 14:34:01.216	- Info  -	ResetBitmap width=1366, height=768, bpp=32, srcbpp=32, Size = 4196352
2023-05-08 14:34:01.216	- Info  -	[MultiChannel] forward stream read data(size:24, 24, left:24) when p2p state is CONNECTED @ 445
2023-05-08 14:34:01.216	- Info  -	[DisplayClient] recv image info, width: 1366, height: 768, bpp: 32
2023-05-08 14:34:01.216	- Info  -	[MultiChannel] forward data read completed @ 462
2023-05-08 14:34:01.216	- Info  -	[DisplayClient] OnRecvCompInfo format/quality 11/15
2023-05-08 14:34:01.217	- Info  -	[desktop][DisplayClient] recv first frame.
2023-05-08 14:34:01.226	- Info  -	[DisplayClient] recv compimage type: ID_IMAGE_RAPIDCOMP
2023-05-08 14:34:01.307	- Info  -	[vpx] open h264 codec
2023-05-08 14:34:01.309	- Info  -	[vpx] close h264 codec
2023-05-08 14:34:01.310	- Info  -	[vpx] open h264 codec
2023-05-08 14:34:01.349	- Info  -	[desktop][DisplayClient] decode first frame end.
2023-05-08 14:34:01.349	- Info  -	[desktop] receive first frame message
2023-05-08 14:34:01.349	- Info  -	[drag] CDragServer::OnQueryVersionReq is installed
2023-05-08 14:34:01.349	* Error *	[drag] QueryVersion send is true
2023-05-08 14:34:01.349	- Info  -	CClipboardRaw::OnReceiveQueryVersionReq 2
2023-05-08 14:34:01.349	- Info  -	CClipboardRaw::OnReceiveQueryVersionReq 2
2023-05-08 14:34:01.413	- Info  -	[drag] QueryVersionRes is true
2023-05-08 14:34:01.413	- Info  -	CClipboardRaw::OnReceiveQueryVersionRes 2
2023-05-08 14:34:01.698	- Info  -	Init D3D2 OK
2023-05-08 14:34:01.698	- Info  -	[DesktopSurface] Use DirectX Paint mode 2
2023-05-08 14:34:01.749	- Info  -	Init D3D2 OK
2023-05-08 14:34:01.776	- Info  -	[maindialog] draw first frame end
2023-05-08 14:34:01.860	- Info  -	[desktop] sync clipboard enable
2023-05-08 14:34:01.861	- Info  -	[http call3] new call id:1, url:https://slapi.oray.net/remote/get-network
2023-05-08 14:34:01.874	- Info  -	[http call3] id:1 create new connection : https://slapi.oray.net:443
2023-05-08 14:34:01.877	- Info  -	attempt to connect server slapi.oray.net:443(121.40.99.129:443)
2023-05-08 14:34:02.049	- Info  -	[http call3] id:1, url:https://slapi.oray.net/remote/get-network, status code:200
2023-05-08 14:34:06.839	- Info  -	Init D3D2 OK
2023-05-08 14:34:06.872	* Error *	sensors data send failed!
2023-05-08 14:34:12.593	* Error *	sensors data send failed!
2023-05-08 14:34:17.049	* Error *	SSLStream::IsWantReadWrite|peer(121.40.99.129:443), SSL_read failed( 6 ), error:00000000:lib(0):func(0):reason(0), file( ..\includes\common\phstream\SSLStream.cpp:1898 )
2023-05-08 14:34:17.049	- Info  -	[http call3] disconnect, error( 0 )
2023-05-08 14:34:56.137	+Warning+	[BinaryPluginStream] rate reader pending data size 333757 exceed 262144
2023-05-08 14:34:56.184	+Warning+	[BinaryPluginStream] rate reader data all clear
2023-05-08 14:36:51.048	- Info  -	[clipboard] CClipboardViewer::OnClipboardUpdate
2023-05-08 14:36:51.048	- Info  -	[clipboard] push format(2) 15
2023-05-08 14:36:51.065	- Info  -	recv [000] file:D:\star\geek\geek.exe, format:file
2023-05-08 14:36:51.065	- Info  -	[clipboard] send clip data, src size 80, encode size 80 at CClipboardRaw::SendClipDataOray:1310
2023-05-08 14:36:51.065	- Info  -	[clipboard] get buffer, current size: 80, remaining size0: 0 , total size: 80, at time: 281684562
2023-05-08 14:36:53.124	- Info  -	recv [000] file:D:\star\geek\geek.exe, format:file
2023-05-08 14:36:53.137	- Info  -	[drag] QueryVersionRes is true
2023-05-08 14:36:53.337	- Info  -	recv [000] file:D:\star\geek\geek.exe, format:file
2023-05-08 14:36:53.645	- Info  -	[desktop]Recv drag file transfer, size 6632744
2023-05-08 14:36:53.645	- Info  -	[drag] DragDrop is true
2023-05-08 14:45:47.464	* Error *	sensors data send failed!
2023-05-08 14:45:47.473	- Info  -	[oray][erroCode] errorcode=oray_errorcode(0), product=0, type=0, inner code=0 [CMultiChannelStream::Disconnect_impl:254]
2023-05-08 14:45:47.474	- Info  -	[TCPConnector] CCurStream handle client_disconnect
2023-05-08 14:45:47.474	- Info  -	[oray][erroCode] errorcode=transf(0), product=0, type=0, inner code=0 [CMultiChannelStream::ForwardHandler::Handle:647]
2023-05-08 14:45:47.474	- Info  -	CConnectorRaw::OnEvent() state: CNTS_FWD_DISCONNECT, error: 0, oray errorcode: 0
2023-05-08 14:45:47.474	- Info  -	[oray][erroCode] errorcode=oray_errorcode(0), product=0, type=0, inner code=0 [CConnectorRaw::OnEvent:624]
2023-05-08 14:45:47.474	+Warning+	[MultiChannel] unbind forward stream(errorcode 0) @ 651
2023-05-08 14:45:47.474	- Info  -	[oray][erroCode] errorcode=oray_errorcode(0), product=0, type=0, inner code=0 [CP2PStream::Disconnect_impl:678]
2023-05-08 14:45:47.474	- Info  -	[oray][erroCode] errorcode=oray_errorcode(0), product=0, type=0, inner code=0 [CP2PStream::CUDPStream::Disconnect_impl:1044]
2023-05-08 14:45:47.474	- Info  -	[oray][erroCode] errorcode=oray_errorcode(0), product=0, type=0, inner code=0 [CUDPLibStream::Disconnect_impl:73]
2023-05-08 14:45:47.474	- Info  -	[udp] Disconnect
2023-05-08 14:45:47.474	- Info  -	[udp] SendDisconnect
2023-05-08 14:45:47.474	- Info  -	[MultiChannel] P2P channel disconnect 182.110.7.50:24102
2023-05-08 14:45:47.474	- Info  -	[oray][erroCode] errorcode=transf(0), product=0, type=0, inner code=0 [CMultiChannelStream::P2PHandler::Handle:834]
2023-05-08 14:45:47.474	- Info  -	[oray][erroCode] errorcode=transf(0), product=0, type=0, inner code=0 [CMultiChannelStream::HandleDisconnect:1041]
2023-05-08 14:45:47.474	- Info  -	CMultiChannelStreamImpl::OnDisconnect()
2023-05-08 14:45:47.474	- Info  -	[oray][erroCode] errorcode=oray_errorcode(0), product=0, type=0, inner code=0 [CMultiChannelStreamImpl::OnDisconnect:100]
2023-05-08 14:45:47.474	- Info  -	CClientStream 182.110.7.50:24102 OnDisconnect, errocde:0
2023-05-08 14:45:47.474	- Info  -	[oray][erroCode] errorcode=errcode(0), product=0, type=0, inner code=0 [CClientStream::OnDisconnect:104]
2023-05-08 14:45:47.474	- Info  -	OnDisconnect, error code 0
2023-05-08 14:45:47.474	- Info  -	[oray][erroCode] errorcode=errcode(0), product=0, type=0, inner code=0 [BinaryPluginStream::OnDisconnect:404]
2023-05-08 14:45:47.474	- Info  -	CPluginThreadManager stop plugin thread
2023-05-08 14:45:47.474	- Info  -	[desktop] Separation message loop stop.
2023-05-08 14:45:47.475	- Info  -	CActivePlugin prepare to exit plugin
2023-05-08 14:45:47.475	- Info  -	[desktop] RemoteDesktopPlugin::ExitInstance. >
2023-05-08 14:45:47.475	- Info  -	[clipboard] stop clipboard...
2023-05-08 14:45:47.493	- Info  -	[clipboard] recv thread end(1).
2023-05-08 14:45:47.494	- Info  -	[clipboard] call CClipboardViewer::DestroyWnd at 190
2023-05-08 14:45:47.494	- Info  -	[clipboard] recv WM_CLOSE, end thread.
2023-05-08 14:45:47.495	- Info  -	[clipboard] Stop Clipboard ok
2023-05-08 14:45:47.517	- Info  -	[desktop] [thread] cancel.
2023-05-08 14:45:47.518	- Info  -	[desktop] RemoteDesktopPlugin::ExitInstance. <
2023-05-08 14:45:47.523	- Info  -	CConnectorRaw::OnEvent() state: CNTS_P2P_DISCONNECT, error: 0, oray errorcode: 0
2023-05-08 14:45:47.523	- Info  -	[oray][erroCode] errorcode=oray_errorcode(0), product=0, type=0, inner code=0 [CConnectorRaw::OnEvent:624]
2023-05-08 14:45:47.523	- Info  -	[oray][erroCode] errorcode=oray_errorcode(0), product=0, type=0, inner code=0 [CP2PStream::CTCPStream::Disconnect_impl:1016]
2023-05-08 14:45:47.524	- Info  -	CConnectorRaw::OnEvent() state: CNTS_DISCONNECTED, error: 0, oray errorcode: 0
2023-05-08 14:45:47.524	- Info  -	[oray][erroCode] errorcode=oray_errorcode(0), product=0, type=0, inner code=0 [CConnectorRaw::OnEvent:624]
2023-05-08 14:45:47.524	- Info  -	CConnectorRaw::Stop in>
2023-05-08 14:45:47.524	- Info  -	[CUDPLibWrapper] map size: 1, value: [182.110.7.50:24102/15970-1] = 0.0.0.0:15970;

2023-05-08 14:45:47.524	- Info  -	[oray][erroCode] errorcode=oray_errorcode(0), product=0, type=0, inner code=0 [CP2PStream::CUDPStream::Disconnect_impl:1044]
2023-05-08 14:45:47.524	- Info  -	[oray][erroCode] errorcode=oray_errorcode(0), product=0, type=0, inner code=0 [CUDPLibStream::Disconnect_impl:73]
2023-05-08 14:45:47.527	- Info  -	CConnectorRaw::Stop out<
2023-05-08 14:45:47.527	- Info  -	sensors close
2023-05-08 14:45:47.533	* Error *	Plugin disconnect with error : 0
2023-05-08 14:45:47.594	- Info  -	[desktop] CRemoteDesktopPlugin::~CRemoteDesktopPlugin(void)
2023-05-08 14:45:47.595	- Info  -	[vpx] close h264 codec
2023-05-08 14:45:47.759	- Info  -	CMultiChannelStreamImpl::~CMultiChannelStreamImpl
2023-05-08 14:45:47.762	- Info  -	program remote_plugin is exit 
