2023-01-09 20:04:54.511	- Info  -	version:3.2.1.40406
2023-01-09 20:04:54.522	- Info  -	DPIAwareness set 2 success.
2023-01-09 20:04:54.535	- Info  -	config path: `k«X
2023-01-09 20:04:54.668	- Info  -	[displayclt] CDisplayClient::CDisplayClient(all)
2023-01-09 20:04:54.669	- Info  -	[desktop] CRemoteDesktopPlugin::CRemoteDesktopPlugin(all)
2023-01-09 20:04:54.710	- Info  -	sensors init with file: C:/ProgramData/Oray/SunloginClient/sensors/datas
2023-01-09 20:04:54.735	- Info  -	CMultiChannelStreamImpl::CMultiChannelStreamImpl
2023-01-09 20:04:54.736	- Info  -	CConnectorRaw::OnStreamEvent(1) state: CNTS_FORWARD, error: 0
2023-01-09 20:04:54.737	- Info  -	CConnectorRaw::OnEvent() state: CNTS_FORWARD, error: 0, oray errorcode: 0
2023-01-09 20:04:54.737	- Info  -	[oray][erroCode] errorcode=oray_errorcode(0), product=0, type=0, inner code=0 [CConnectorRaw::OnEvent:624]
2023-01-09 20:04:54.759	* Error *	sensors data send failed!
2023-01-09 20:04:54.888	- Info  -	attempt to connect server 1227700770.slp2p-east-std255.oray.net:443(117.68.2.115:443)
2023-01-09 20:04:55.004	- Info  -	[TCPConnector] CCurStream handle client_connect
2023-01-09 20:04:55.027	- Info  -	[MultiChannel] Forward channel shake handle 117.68.2.115:443
2023-01-09 20:04:55.027	- Info  -	CMultiChannelStreamImpl::OnConnect()
2023-01-09 20:04:55.027	- Info  -	CClientStream 117.68.2.115:443 OnConnect
2023-01-09 20:04:55.027	- Info  -	CConnectorRaw::OnEvent() state: CNTS_LOGIN, error: 0, oray errorcode: 0
2023-01-09 20:04:55.027	- Info  -	[oray][erroCode] errorcode=oray_errorcode(0), product=0, type=0, inner code=0 [CConnectorRaw::OnEvent:624]
2023-01-09 20:04:55.027	- Info  -	CConnectorRaw::OnEvent() state: CNTS_FWD_SHAKEHANDLE, error: 0, oray errorcode: 0
2023-01-09 20:04:55.027	- Info  -	[oray][erroCode] errorcode=oray_errorcode(0), product=0, type=0, inner code=0 [CConnectorRaw::OnEvent:624]
2023-01-09 20:04:55.031	- Info  -	plugin_public access_token is NULL
2023-01-09 20:04:55.128	- Info  -	[MultiChannel] Forward channel connected 117.68.2.115:443
2023-01-09 20:04:55.128	- Info  -	CMultiChannelStreamImpl::OnConnectEvent, status: CNTS_FWD_CONNECTED, isclosed:false, HadFwdConnected: true, HadBeenHolePunch: false
2023-01-09 20:04:55.128	- Info  -	CConnectorRaw::OnEvent() state: CNTS_FWD_CONNECTED, error: 0, oray errorcode: 0
2023-01-09 20:04:55.128	- Info  -	[oray][erroCode] errorcode=oray_errorcode(0), product=0, type=0, inner code=0 [CConnectorRaw::OnEvent:624]
2023-01-09 20:04:55.128	* Error *	CClientStream receive invalid Logon_OK_Message
2023-01-09 20:04:55.128	- Info  -	CClientStream 117.68.2.115:443 OnReceive reply 1 
2023-01-09 20:04:55.128	- Info  -	CClientStream 117.68.2.115:443 start keepalive
2023-01-09 20:04:55.128	- Info  -	CClientStream 117.68.2.115:443 login OK
2023-01-09 20:04:55.128	- Info  -	CConnectorRaw::OnEvent() state: CNTS_CONNECTED, error: 0, oray errorcode: 0
2023-01-09 20:04:55.128	- Info  -	[oray][erroCode] errorcode=oray_errorcode(0), product=0, type=0, inner code=0 [CConnectorRaw::OnEvent:624]
2023-01-09 20:04:55.128	- Info  -	CPluginThreadManager start plugin thread
2023-01-09 20:04:55.131	- Info  -	CActivePlugin prepare to init plugin
2023-01-09 20:04:55.132	- Info  -	[desktop] create drag server OK
2023-01-09 20:04:55.132	- Info  -	CActivePlugin prepare to run plugin
2023-01-09 20:04:55.135	- Info  -	[desktop] sending switch desktop type message...
2023-01-09 20:04:55.135	- Info  -	[desktop] request enumerate user list.
2023-01-09 20:04:55.136	- Info  -	[desktop] Separation message loop start.
2023-01-09 20:04:55.211	- Info  -	[desktop] receive switch host message res = 1 
2023-01-09 20:04:55.211	- Info  -	[desktop] request enum screen
2023-01-09 20:04:55.211	- Info  -	[DisplayClient] SetCompression 11/15
2023-01-09 20:04:55.211	- Info  -	[desktop] request start stream
2023-01-09 20:04:55.211	- Info  -	[desktop] SetCompressionParam: layer=1;encoding=4;format=1;reserved=0, size: 38
2023-01-09 20:04:55.297	- Info  -	[desktop] OnQueryConfigRes
2023-01-09 20:04:55.297	- Info  -	[desktop] OnQueryConfigRes
2023-01-09 20:04:55.297	- Info  -	[desktop] recv enum screen, number is 1
2023-01-09 20:04:55.317	- Info  -	[clipboard] start clipboard...
2023-01-09 20:04:55.472	+Warning+	[BinaryPluginStream] rate reader pending data size 265129 exceed 262144
2023-01-09 20:04:55.473	- Info  -	SetDisplayMode() w=1024, h=768, bpp=32
2023-01-09 20:04:55.473	- Info  -	ResetBitmap width=1024, height=768, bpp=32, srcbpp=32, Size = 3145728
2023-01-09 20:04:55.473	- Info  -	[DisplayClient] recv image info, width: 1024, height: 768, bpp: 32
2023-01-09 20:04:55.473	- Info  -	[DisplayClient] OnRecvCompInfo format/quality 11/15
2023-01-09 20:04:55.474	- Info  -	[desktop][DisplayClient] recv first frame.
2023-01-09 20:04:55.474	- Info  -	[clipboard][converter] html format 49425
2023-01-09 20:04:55.474	- Info  -	[clipboard][converter] rtf format 49289
2023-01-09 20:04:55.475	- Info  -	[clipboard] start clipboard ok.
2023-01-09 20:04:55.475	- Info  -	[desktop] sync clipboard enable
2023-01-09 20:04:55.481	- Info  -	[DisplayClient] recv compimage type: ID_IMAGE_RAPIDCOMP
2023-01-09 20:04:55.550	- Info  -	[vpx] open h264 codec
2023-01-09 20:04:55.552	- Info  -	[vpx] close h264 codec
2023-01-09 20:04:55.553	- Info  -	[vpx] open h264 codec
2023-01-09 20:04:55.601	- Info  -	[desktop][DisplayClient] decode first frame end.
2023-01-09 20:04:55.603	- Info  -	[desktop] receive first frame message
2023-01-09 20:04:55.635	+Warning+	[BinaryPluginStream] rate reader data all clear
2023-01-09 20:04:55.796	- Info  -	CClipboardRaw::OnReceiveQueryVersionReq 2
2023-01-09 20:04:57.119	- Info  -	CMultiChannelStreamImpl::ConnectP2PServer, thread id: 916
2023-01-09 20:04:57.132	* Error *	sensors data send failed!
2023-01-09 20:04:57.363	- Info  -	CConnectorRaw::OnStreamEvent(1) state: CNTS_P2P, error: 0
2023-01-09 20:04:57.363	- Info  -	CConnectorRaw::OnEvent() state: CNTS_P2P, error: 0, oray errorcode: 0
2023-01-09 20:04:57.363	- Info  -	[oray][erroCode] errorcode=oray_errorcode(0), product=0, type=0, inner code=0 [CConnectorRaw::OnEvent:624]
2023-01-09 20:04:57.363	- Info  -	[P2PConnector] attempt to connect server PHSRC://1227700770.slp2p-east-std255.oray.net:4118/desktop(slp2p-east-std255.oray.net:4118) 
2023-01-09 20:04:57.441	- Info  -	[udp] support straight send in peer : no 117.68.2.115:4118 CConnection::OnConnectRes
2023-01-09 20:04:57.442	- Info  -	[P2PHelper] detect local ip ...
2023-01-09 20:04:57.442	- Info  -	[P2PHelper] detect local ip 192.168.0.193
2023-01-09 20:04:57.442	- Info  -	[P2PHelper] attempt to login P2P Server...
2023-01-09 20:04:57.468	- Info  -	[P2PHelper] Login P2P Server OK
2023-01-09 20:04:57.468	- Info  -	[P2PHelper] OnLoginRes, receive public ip 183.217.156.200:3962
2023-01-09 20:04:57.468	- Info  -	[P2PHelper] sending P2P request ...
2023-01-09 20:04:57.530	- Info  -	[P2PHelper] receive peer local ip 10.21.81.2:16056, public ip 117.43.162.149:9056
2023-01-09 20:04:57.530	- Info  -	[P2PStream] EstablishP2P local ip 183.217.156.200:3962/192.168.0.193:16023 ==> peer ip 117.43.162.149:9056/10.21.81.2:16056
2023-01-09 20:04:57.854	- Info  -	Init D3D2 OK
2023-01-09 20:04:57.854	- Info  -	[DesktopSurface] Use DirectX Paint mode 2
2023-01-09 20:04:57.900	- Info  -	Init D3D2 OK
2023-01-09 20:04:57.913	- Info  -	[maindialog] draw first frame end
2023-01-09 20:04:58.124	- Info  -	[desktop] sync clipboard enable
2023-01-09 20:04:58.124	- Info  -	[http call3] new call id:1, url:https://slapi.oray.net/client/free-tips
2023-01-09 20:04:58.125	- Info  -	[http call3] id:1 create new connection : https://slapi.oray.net:443
2023-01-09 20:04:58.125	- Info  -	[http call3] new call id:2, url:https://slapi.oray.net/remote/get-network
2023-01-09 20:04:58.126	- Info  -	attempt to connect server slapi.oray.net:443(121.40.200.192:443)
2023-01-09 20:04:58.127	- Info  -	[http call3] id:2 use old connection : https://slapi.oray.net:443
2023-01-09 20:04:58.193	- Info  -	Init D3D2 OK
2023-01-09 20:04:58.199	- Info  -	[drag] QueryVersionRes is true
2023-01-09 20:04:58.242	- Info  -	CClipboardRaw::OnReceiveQueryVersionRes 2
2023-01-09 20:04:58.262	- Info  -	upnpnat_search_thread::ThreadLoop end
2023-01-09 20:04:58.267	- Info  -	[udpwrapper] attempt to establish P2P connection via: 117.68.2.115:4118, (local)192.168.0.193:16023|(public)183.217.156.200:3962 ==> (local)10.21.81.2:16056|(public)117.43.162.149:9056
2023-01-09 20:04:58.311	- Info  -	[udp] OnConnectAck working in advanced mode 2
2023-01-09 20:04:58.311	- Info  -	[udp] support straight send in peer : yes 117.43.162.149:9056 CConnection::OnConnectRes
2023-01-09 20:04:58.312	- Info  -	[oray][erroCode] errorcode=oray_errorcode(0), product=0, type=0, inner code=0 [CUDPLibStream::Disconnect_impl:73]
2023-01-09 20:04:58.312	- Info  -	[udp] Disconnect
2023-01-09 20:04:58.312	- Info  -	[udp] SendDisconnect
2023-01-09 20:04:58.313	- Info  -	[P2PHelper] MainServer disconnect
2023-01-09 20:04:58.313	- Info  -	[MultiChannel] P2P channel shake handle 117.43.162.149:9056
2023-01-09 20:04:58.313	- Info  -	CConnectorRaw::OnEvent() state: CNTS_P2P_SHAKEHANDLE, error: 0, oray errorcode: 0
2023-01-09 20:04:58.313	- Info  -	[oray][erroCode] errorcode=oray_errorcode(0), product=0, type=0, inner code=0 [CConnectorRaw::OnEvent:624]
2023-01-09 20:04:58.313	- Info  -	[MultiChannel] send SHAKE_HANDLES_MSG, read 482005, write 9422
2023-01-09 20:04:58.313	- Info  -	[P2PStream] connected (by udp) 0.0.0.0:16023 <--> 117.43.162.149:9056
2023-01-09 20:04:58.318	- Info  -	write data when p2p state is SHAKE_HANDLES @ 137
2023-01-09 20:04:58.342	- Info  -	[udpwrapper] disconnect reason : 1
2023-01-09 20:04:58.342	- Info  -	[oray][erroCode] errorcode=oray_errorcode(57354), product=0, type=3, inner code=10 [CUDPLibWrapper::OnDisconnect:833]
2023-01-09 20:04:58.342	- Info  -	[udpwrapper] Disconnect 117.68.2.115:4118 @ 838
2023-01-09 20:04:58.342	- Info  -	[oray][erroCode] errorcode=oray_errorcode(57354), product=0, type=3, inner code=10 [CUDPLibStream::Disconnect_impl:73]
2023-01-09 20:04:58.343	- Info  -	[MultiChannel] Received SHAKE_HANDLES_MSG, read 9442 / (local write 9422), write 482192 / (local read 482005)
2023-01-09 20:04:58.343	- Info  -	[MultiChannel] P2P channel connected 117.43.162.149:9056
2023-01-09 20:04:58.343	- Info  -	CConnectorRaw::OnEvent() state: CNTS_P2P_CONNECTED, error: 0, oray errorcode: 0
2023-01-09 20:04:58.343	- Info  -	[oray][erroCode] errorcode=oray_errorcode(0), product=0, type=0, inner code=0 [CConnectorRaw::OnEvent:624]
2023-01-09 20:04:58.343	- Info  -	[MultiChannel] forward stream read data(size:44, 44, left:187) when p2p state is CONNECTED @ 445
2023-01-09 20:04:58.343	- Info  -	[MultiChannel] forward stream read data(size:20, 20, left:143) when p2p state is CONNECTED @ 445
2023-01-09 20:04:58.343	- Info  -	[MultiChannel] forward stream read data(size:123, 123, left:123) when p2p state is CONNECTED @ 445
2023-01-09 20:04:58.343	- Info  -	[MultiChannel] forward data read completed @ 462
2023-01-09 20:04:58.343	- Info  -	[MultiChannel] write data when p2p state is CONNECTED, is full 0, writed data 9422 / peer read 9442, left 20, size 52 @ 153
2023-01-09 20:04:58.353	- Info  -	[MultiChannel] forward data write completed @ 216
2023-01-09 20:04:58.606	- Info  -	[http call3] id:1, url:https://slapi.oray.net/client/free-tips, status code:200
2023-01-09 20:04:58.685	- Info  -	[http call3] id:2, url:https://slapi.oray.net/remote/get-network, status code:200
2023-01-09 20:05:01.358	* Error *	sensors data send failed!
2023-01-09 20:05:01.568	- Info  -	Init D3D2 OK
2023-01-09 20:05:01.644	- Info  -	Init D3D2 OK
2023-01-09 20:05:04.869	* Error *	sensors data send failed!
2023-01-09 20:05:13.688	* Error *	SSLStream::IsWantReadWrite|peer(121.40.200.192:443), SSL_read failed( 6 ), error:00000000:lib(0):func(0):reason(0), file( ..\includes\common\phstream\SSLStream.cpp:1898 )
2023-01-09 20:05:13.688	- Info  -	[http call3] disconnect, error( 0 )
2023-01-09 20:05:20.331	- Info  -	[clipboard] CClipboardViewer::OnClipboardUpdate
2023-01-09 20:05:20.411	- Info  -	[clipboard] CClipboardViewer::OnRenderFormat begin, uformat 13
2023-01-09 20:05:20.411	- Info  -	[clipboard] RenderFormat, win format 13, 250727000
2023-01-09 20:05:20.434	- Info  -	[clipboard] OnReceiveClipData, type 1215475744781, size 40
2023-01-09 20:05:20.434	- Info  -	[clipboard] format 13, data size: 40
2023-01-09 20:05:20.434	- Info  -	[clipboard] setClipboardData, format 13, oray format 13
2023-01-09 20:05:20.435	- Info  -	[clipboard] RenderFormat end
2023-01-09 20:05:20.435	- Info  -	[clipboard] CClipboardViewer::OnRenderFormat end, uformat 13
2023-01-09 20:05:23.656	- Info  -	Init D3D2 OK
2023-01-09 20:05:23.851	- Info  -	Init D3D2 OK
2023-01-09 20:05:23.877	- Info  -	Init D3D2 OK
2023-01-09 20:05:23.910	- Info  -	Init D3D2 OK
2023-01-09 20:05:23.937	- Info  -	Init D3D2 OK
2023-01-09 20:05:24.345	- Info  -	Init D3D2 OK
2023-01-09 20:08:50.632	- Info  -	[clipboard] CClipboardViewer::OnClipboardUpdate
2023-01-09 20:08:50.701	- Info  -	[clipboard] CClipboardViewer::OnRenderFormat begin, uformat 13
2023-01-09 20:08:50.701	- Info  -	[clipboard] RenderFormat, win format 13, 250937296
2023-01-09 20:08:50.729	- Info  -	[clipboard] OnReceiveClipData, type 1215475744781, size 40
2023-01-09 20:08:50.729	- Info  -	[clipboard] format 13, data size: 40
2023-01-09 20:08:50.729	- Info  -	[clipboard] setClipboardData, format 13, oray format 13
2023-01-09 20:08:50.730	- Info  -	[clipboard] RenderFormat end
2023-01-09 20:08:50.730	- Info  -	[clipboard] CClipboardViewer::OnRenderFormat end, uformat 13
2023-01-09 20:10:49.215	- Info  -	[clipboard] CClipboardViewer::OnClipboardUpdate
2023-01-09 20:10:49.253	- Info  -	[clipboard] CClipboardViewer::OnClipboardUpdate
2023-01-09 20:10:49.294	- Info  -	[clipboard] CClipboardViewer::OnClipboardUpdate
2023-01-09 20:10:49.308	- Info  -	[clipboard] CClipboardViewer::OnClipboardUpdate
2023-01-09 20:10:49.311	- Info  -	[clipboard] CClipboardViewer::OnRenderFormat begin, uformat 13
2023-01-09 20:10:49.311	- Info  -	[clipboard] RenderFormat, win format 13, 251055906
2023-01-09 20:10:49.436	- Info  -	[clipboard] OnReceiveClipData, type 1215475744781, size 0
2023-01-09 20:10:49.436	- Info  -	[clipboard] format 13, data size: 0
2023-01-09 20:10:49.436	- Info  -	[clipboard] RenderFormat end
2023-01-09 20:10:49.436	- Info  -	[clipboard] CClipboardViewer::OnRenderFormat end, uformat 13
2023-01-09 20:10:49.437	* Error *	[clipboard] OpenClipboard failed with 5
2023-01-09 20:10:49.437	* Error *	[clipboard] OpenClipboard failed with 5
2023-01-09 20:10:49.437	* Error *	[clipboard] OpenClipboard failed with 5
2023-01-09 20:10:49.449	- Info  -	[clipboard] CClipboardViewer::OnRenderFormat begin, uformat 13
2023-01-09 20:10:49.449	- Info  -	[clipboard] RenderFormat, win format 13, 251056046
2023-01-09 20:10:49.484	- Info  -	[clipboard] OnReceiveClipData, type 1215475744781, size 0
2023-01-09 20:10:49.484	- Info  -	[clipboard] format 13, data size: 0
2023-01-09 20:10:49.484	- Info  -	[clipboard] RenderFormat end
2023-01-09 20:10:49.484	- Info  -	[clipboard] CClipboardViewer::OnRenderFormat end, uformat 13
2023-01-09 20:10:49.584	- Info  -	[clipboard] CClipboardViewer::OnRenderFormat begin, uformat 13
2023-01-09 20:10:49.584	- Info  -	[clipboard] RenderFormat, win format 13, 251056171
2023-01-09 20:10:49.609	- Info  -	[clipboard] OnReceiveClipData, type 1215475744781, size 0
2023-01-09 20:10:49.609	- Info  -	[clipboard] format 13, data size: 0
2023-01-09 20:10:49.609	- Info  -	[clipboard] RenderFormat end
2023-01-09 20:10:49.609	- Info  -	[clipboard] CClipboardViewer::OnRenderFormat end, uformat 13
2023-01-09 20:10:49.738	- Info  -	[clipboard] CClipboardViewer::OnRenderFormat begin, uformat 13
2023-01-09 20:10:49.739	- Info  -	[clipboard] RenderFormat, win format 13, 251056328
2023-01-09 20:10:49.766	- Info  -	[clipboard] OnReceiveClipData, type 1215475744781, size 0
2023-01-09 20:10:49.766	- Info  -	[clipboard] format 13, data size: 0
2023-01-09 20:10:49.766	- Info  -	[clipboard] RenderFormat end
2023-01-09 20:10:49.766	- Info  -	[clipboard] CClipboardViewer::OnRenderFormat end, uformat 13
2023-01-09 20:12:07.625	* Error *	sensors data send failed!
2023-01-09 20:12:09.218	* Error *	sensors data send failed!
2023-01-09 20:12:11.732	* Error *	sensors data send failed!
2023-01-09 20:12:11.733	- Info  -	[oray][erroCode] errorcode=oray_errorcode(0), product=0, type=0, inner code=0 [CMultiChannelStream::Disconnect_impl:254]
2023-01-09 20:12:11.734	- Info  -	[TCPConnector] CCurStream handle client_disconnect
2023-01-09 20:12:11.734	- Info  -	[oray][erroCode] errorcode=transf(0), product=0, type=0, inner code=0 [CMultiChannelStream::ForwardHandler::Handle:647]
2023-01-09 20:12:11.734	- Info  -	CConnectorRaw::OnEvent() state: CNTS_FWD_DISCONNECT, error: 0, oray errorcode: 0
2023-01-09 20:12:11.734	- Info  -	[oray][erroCode] errorcode=oray_errorcode(0), product=0, type=0, inner code=0 [CConnectorRaw::OnEvent:624]
2023-01-09 20:12:11.734	+Warning+	[MultiChannel] unbind forward stream(errorcode 0) @ 651
2023-01-09 20:12:11.734	- Info  -	[oray][erroCode] errorcode=oray_errorcode(0), product=0, type=0, inner code=0 [CP2PStream::Disconnect_impl:678]
2023-01-09 20:12:11.734	- Info  -	[oray][erroCode] errorcode=oray_errorcode(0), product=0, type=0, inner code=0 [CP2PStream::CUDPStream::Disconnect_impl:1044]
2023-01-09 20:12:11.734	- Info  -	[oray][erroCode] errorcode=oray_errorcode(0), product=0, type=0, inner code=0 [CUDPLibStream::Disconnect_impl:73]
2023-01-09 20:12:11.734	- Info  -	[udp] Disconnect
2023-01-09 20:12:11.734	- Info  -	[udp] SendDisconnect
2023-01-09 20:12:11.735	- Info  -	[MultiChannel] P2P channel disconnect 117.43.162.149:9056
2023-01-09 20:12:11.735	- Info  -	[oray][erroCode] errorcode=transf(0), product=0, type=0, inner code=0 [CMultiChannelStream::P2PHandler::Handle:834]
2023-01-09 20:12:11.735	- Info  -	[oray][erroCode] errorcode=transf(0), product=0, type=0, inner code=0 [CMultiChannelStream::HandleDisconnect:1041]
2023-01-09 20:12:11.735	- Info  -	CMultiChannelStreamImpl::OnDisconnect()
2023-01-09 20:12:11.735	- Info  -	[oray][erroCode] errorcode=oray_errorcode(0), product=0, type=0, inner code=0 [CMultiChannelStreamImpl::OnDisconnect:100]
2023-01-09 20:12:11.735	- Info  -	CClientStream 117.43.162.149:9056 OnDisconnect, errocde:0
2023-01-09 20:12:11.735	- Info  -	[oray][erroCode] errorcode=errcode(0), product=0, type=0, inner code=0 [CClientStream::OnDisconnect:104]
2023-01-09 20:12:11.735	- Info  -	OnDisconnect, error code 0
2023-01-09 20:12:11.735	- Info  -	[oray][erroCode] errorcode=errcode(0), product=0, type=0, inner code=0 [BinaryPluginStream::OnDisconnect:404]
2023-01-09 20:12:11.735	- Info  -	[desktop] Separation message loop stop.
2023-01-09 20:12:11.735	- Info  -	CPluginThreadManager stop plugin thread
2023-01-09 20:12:11.736	- Info  -	CActivePlugin prepare to exit plugin
2023-01-09 20:12:11.736	- Info  -	[desktop] RemoteDesktopPlugin::ExitInstance. >
2023-01-09 20:12:11.736	- Info  -	[clipboard] stop clipboard...
2023-01-09 20:12:11.746	- Info  -	[udpwrapper] udprelay connecting 117.43.162.149:9056 via 117.68.2.115:4118
2023-01-09 20:12:11.754	- Info  -	[clipboard] recv thread end(1).
2023-01-09 20:12:11.760	- Info  -	[clipboard] call CClipboardViewer::DestroyWnd at 190
2023-01-09 20:12:11.772	- Info  -	[clipboard] recv WM_CLOSE, end thread.
2023-01-09 20:12:11.777	- Info  -	[clipboard] Stop Clipboard ok
2023-01-09 20:12:11.865	- Info  -	[desktop] [thread] cancel.
2023-01-09 20:12:11.866	- Info  -	[desktop] RemoteDesktopPlugin::ExitInstance. <
2023-01-09 20:12:11.900	- Info  -	CConnectorRaw::OnEvent() state: CNTS_P2P_DISCONNECT, error: 0, oray errorcode: 0
2023-01-09 20:12:11.900	- Info  -	[oray][erroCode] errorcode=oray_errorcode(0), product=0, type=0, inner code=0 [CConnectorRaw::OnEvent:624]
2023-01-09 20:12:11.900	- Info  -	[oray][erroCode] errorcode=oray_errorcode(0), product=0, type=0, inner code=0 [CP2PStream::CTCPStream::Disconnect_impl:1016]
2023-01-09 20:12:11.900	- Info  -	CConnectorRaw::OnEvent() state: CNTS_DISCONNECTED, error: 0, oray errorcode: 0
2023-01-09 20:12:11.900	- Info  -	[oray][erroCode] errorcode=oray_errorcode(0), product=0, type=0, inner code=0 [CConnectorRaw::OnEvent:624]
2023-01-09 20:12:11.900	- Info  -	CConnectorRaw::Stop in>
2023-01-09 20:12:11.919	* Error *	Plugin disconnect with error : 0
2023-01-09 20:12:11.929	- Info  -	[CUDPLibWrapper] map size: 1, value: [117.43.162.149:9056/16023-2] = 0.0.0.0:16023;

2023-01-09 20:12:11.929	- Info  -	[oray][erroCode] errorcode=oray_errorcode(0), product=0, type=0, inner code=0 [CP2PStream::CUDPStream::Disconnect_impl:1044]
2023-01-09 20:12:11.929	- Info  -	[oray][erroCode] errorcode=oray_errorcode(0), product=0, type=0, inner code=0 [CUDPLibStream::Disconnect_impl:73]
2023-01-09 20:12:11.930	- Info  -	CConnectorRaw::Stop out<
2023-01-09 20:12:11.931	- Info  -	sensors close
2023-01-09 20:12:11.990	- Info  -	[desktop] CRemoteDesktopPlugin::~CRemoteDesktopPlugin(void)
2023-01-09 20:12:11.993	- Info  -	[vpx] close h264 codec
2023-01-09 20:12:12.221	- Info  -	CMultiChannelStreamImpl::~CMultiChannelStreamImpl
2023-01-09 20:12:12.222	- Info  -	program remote_plugin is exit 
