2023-05-03 10:54:21.704	- Info  -	version:3.2.1.40406
2023-05-03 10:54:21.707	- Info  -	DPIAwareness set 2 success.
2023-05-03 10:54:21.714	- Info  -	config path: 0Ûž¾J
2023-05-03 10:54:21.780	- Info  -	[displayclt] CDisplayClient::CDisplayClient(all)
2023-05-03 10:54:21.780	- Info  -	[desktop] CRemoteDesktopPlugin::CRemoteDesktopPlugin(all)
2023-05-03 10:54:21.787	- Info  -	sensors init with file: C:/ProgramData/Oray/SunloginClient/sensors/datas
2023-05-03 10:54:21.805	* Error *	sensors data send failed!
2023-05-03 10:54:21.805	- Info  -	CMultiChannelStreamImpl::CMultiChannelStreamImpl
2023-05-03 10:54:21.807	- Info  -	CConnectorRaw::OnStreamEvent(1) state: CNTS_FORWARD, error: 0
2023-05-03 10:54:21.807	- Info  -	CConnectorRaw::OnEvent() state: CNTS_FORWARD, error: 0, oray errorcode: 0
2023-05-03 10:54:21.807	- Info  -	[oray][erroCode] errorcode=oray_errorcode(0), product=0, type=0, inner code=0 [CConnectorRaw::OnEvent:624]
2023-05-03 10:54:21.867	- Info  -	attempt to connect server 1363432659.slp2p-east-std201.oray.net:443(122.246.13.29:443)
2023-05-03 10:54:21.932	- Info  -	plugin_public access_token is NULL
2023-05-03 10:54:21.946	- Info  -	[TCPConnector] CCurStream handle client_connect
2023-05-03 10:54:21.969	- Info  -	[MultiChannel] Forward channel shake handle 122.246.13.29:443
2023-05-03 10:54:21.969	- Info  -	CMultiChannelStreamImpl::OnConnect()
2023-05-03 10:54:21.970	- Info  -	CClientStream 122.246.13.29:443 OnConnect
2023-05-03 10:54:21.970	- Info  -	CConnectorRaw::OnEvent() state: CNTS_LOGIN, error: 0, oray errorcode: 0
2023-05-03 10:54:21.970	- Info  -	[oray][erroCode] errorcode=oray_errorcode(0), product=0, type=0, inner code=0 [CConnectorRaw::OnEvent:624]
2023-05-03 10:54:21.970	- Info  -	CConnectorRaw::OnEvent() state: CNTS_FWD_SHAKEHANDLE, error: 0, oray errorcode: 0
2023-05-03 10:54:21.970	- Info  -	[oray][erroCode] errorcode=oray_errorcode(0), product=0, type=0, inner code=0 [CConnectorRaw::OnEvent:624]
2023-05-03 10:54:22.087	- Info  -	[MultiChannel] Forward channel connected 122.246.13.29:443
2023-05-03 10:54:22.087	- Info  -	CMultiChannelStreamImpl::OnConnectEvent, status: CNTS_FWD_CONNECTED, isclosed:false, HadFwdConnected: true, HadBeenHolePunch: false
2023-05-03 10:54:22.088	- Info  -	CConnectorRaw::OnEvent() state: CNTS_FWD_CONNECTED, error: 0, oray errorcode: 0
2023-05-03 10:54:22.090	- Info  -	[oray][erroCode] errorcode=oray_errorcode(0), product=0, type=0, inner code=0 [CConnectorRaw::OnEvent:624]
2023-05-03 10:54:22.090	- Info  -	CClientStream 122.246.13.29:443 OnReceive reply 1 
2023-05-03 10:54:22.090	- Info  -	CClientStream 122.246.13.29:443 start keepalive
2023-05-03 10:54:22.090	- Info  -	CClientStream 122.246.13.29:443 login OK
2023-05-03 10:54:22.090	- Info  -	CConnectorRaw::OnEvent() state: CNTS_CONNECTED, error: 0, oray errorcode: 0
2023-05-03 10:54:22.090	- Info  -	[oray][erroCode] errorcode=oray_errorcode(0), product=0, type=0, inner code=0 [CConnectorRaw::OnEvent:624]
2023-05-03 10:54:22.090	- Info  -	CPluginThreadManager start plugin thread
2023-05-03 10:54:22.102	- Info  -	CActivePlugin prepare to init plugin
2023-05-03 10:54:22.102	- Info  -	[desktop] create drag server OK
2023-05-03 10:54:22.102	- Info  -	CActivePlugin prepare to run plugin
2023-05-03 10:54:22.103	- Info  -	[desktop] sending switch desktop type message...
2023-05-03 10:54:22.104	- Info  -	[desktop] request enumerate user list.
2023-05-03 10:54:22.104	- Info  -	[desktop] Separation message loop start.
2023-05-03 10:54:22.104	- Info  -	[desktop] receive enumerate user respond
2023-05-03 10:54:22.104	- Info  -	[desktop] request switch user host message...
2023-05-03 10:54:22.249	- Info  -	[desktop] receive switch host message res = 1 
2023-05-03 10:54:22.249	- Info  -	[desktop] request enum screen
2023-05-03 10:54:22.249	- Info  -	[DisplayClient] SetCompression 11/15
2023-05-03 10:54:22.249	- Info  -	[desktop] request start stream
2023-05-03 10:54:22.249	- Info  -	[desktop] SetCompressionParam: layer=1;encoding=4;format=1;reserved=0, size: 38
2023-05-03 10:54:22.292	- Info  -	[desktop] OnQueryConfigRes
2023-05-03 10:54:22.292	- Info  -	[desktop] OnQueryConfigRes
2023-05-03 10:54:22.292	- Info  -	[desktop] recv enum screen, number is 1
2023-05-03 10:54:22.293	- Info  -	[clipboard] start clipboard...
2023-05-03 10:54:22.315	- Info  -	[clipboard][converter] html format 49428
2023-05-03 10:54:22.315	- Info  -	[clipboard][converter] rtf format 49271
2023-05-03 10:54:22.315	- Info  -	[clipboard] start clipboard ok.
2023-05-03 10:54:22.315	- Info  -	[desktop] sync clipboard enable
2023-05-03 10:54:22.686	* Error *	sensors data send failed!
2023-05-03 10:54:22.959	- Info  -	SetDisplayMode() w=1920, h=1080, bpp=32
2023-05-03 10:54:22.959	- Info  -	ResetBitmap width=1920, height=1080, bpp=32, srcbpp=32, Size = 8294400
2023-05-03 10:54:22.959	- Info  -	[DisplayClient] recv image info, width: 1920, height: 1080, bpp: 32
2023-05-03 10:54:22.959	- Info  -	[DisplayClient] OnRecvCompInfo format/quality 11/15
2023-05-03 10:54:22.963	- Info  -	[desktop][DisplayClient] recv first frame.
2023-05-03 10:54:22.972	- Info  -	[DisplayClient] recv compimage type: ID_IMAGE_RAPIDCOMP
2023-05-03 10:54:23.049	- Info  -	[vpx] open codec.
2023-05-03 10:54:23.138	- Info  -	[desktop][DisplayClient] decode first frame end.
2023-05-03 10:54:23.140	- Info  -	[desktop] receive first frame message
2023-05-03 10:54:23.148	- Info  -	CClipboardRaw::OnReceiveQueryVersionReq 2
2023-05-03 10:54:23.299	- Info  -	Init D3D2 OK
2023-05-03 10:54:23.299	- Info  -	[DesktopSurface] Use DirectX Paint mode 2
2023-05-03 10:54:23.353	- Info  -	Init D3D2 OK
2023-05-03 10:54:23.387	- Info  -	[maindialog] draw first frame end
2023-05-03 10:54:23.483	- Info  -	[desktop] sync clipboard enable
2023-05-03 10:54:23.483	- Info  -	[http call3] new call id:1, url:https://slapi.oray.net/client/free-tips
2023-05-03 10:54:23.484	- Info  -	[http call3] new call id:2, url:https://slapi.oray.net/remote/get-network
2023-05-03 10:54:23.497	- Info  -	[http call3] id:1 create new connection : https://slapi.oray.net:443
2023-05-03 10:54:23.499	- Info  -	attempt to connect server slapi.oray.net:443(121.40.200.192:443)
2023-05-03 10:54:23.499	- Info  -	[http call3] id:2 use old connection : https://slapi.oray.net:443
2023-05-03 10:54:23.715	- Info  -	[http call3] id:1, url:https://slapi.oray.net/client/free-tips, status code:200
2023-05-03 10:54:23.822	- Info  -	[http call3] id:2, url:https://slapi.oray.net/remote/get-network, status code:200
2023-05-03 10:54:24.083	- Info  -	CMultiChannelStreamImpl::ConnectP2PServer, thread id: 10200
2023-05-03 10:54:24.211	- Info  -	CConnectorRaw::OnStreamEvent(1) state: CNTS_P2P, error: 0
2023-05-03 10:54:24.211	- Info  -	CConnectorRaw::OnEvent() state: CNTS_P2P, error: 0, oray errorcode: 0
2023-05-03 10:54:24.211	- Info  -	[oray][erroCode] errorcode=oray_errorcode(0), product=0, type=0, inner code=0 [CConnectorRaw::OnEvent:624]
2023-05-03 10:54:24.212	- Info  -	[P2PConnector] attempt to connect server PHSRC://1363432659.slp2p-east-std201.oray.net:4118/desktop(slp2p-east-std201.oray.net:4118) 
2023-05-03 10:54:24.260	- Info  -	[udp] support straight send in peer : no 122.246.13.29:4118 CConnection::OnConnectRes
2023-05-03 10:54:24.261	- Info  -	[P2PHelper] detect local ip ...
2023-05-03 10:54:24.261	- Info  -	[P2PHelper] detect local ip 172.16.76.35
2023-05-03 10:54:24.261	- Info  -	[P2PHelper] attempt to login P2P Server...
2023-05-03 10:54:24.286	- Info  -	[P2PHelper] Login P2P Server OK
2023-05-03 10:54:24.286	- Info  -	[P2PHelper] OnLoginRes, receive public ip 223.82.110.30:15606
2023-05-03 10:54:24.286	- Info  -	[P2PHelper] sending P2P request ...
2023-05-03 10:54:24.330	- Info  -	[P2PHelper] receive peer local ip 10.20.27.4:15215, public ip 117.43.153.253:11135
2023-05-03 10:54:24.330	- Info  -	[P2PStream] EstablishP2P local ip 223.82.110.30:15606/172.16.76.35:15606 ==> peer ip 117.43.153.253:11135/10.20.27.4:15215
2023-05-03 10:54:24.763	+Warning+	not found upnp devices on network!
2023-05-03 10:54:24.763	- Info  -	upnpnat_search_thread::ThreadLoop end
2023-05-03 10:54:24.770	- Info  -	[udpwrapper] attempt to establish P2P connection via: 122.246.13.29:4118, (local)172.16.76.35:15606|(public)223.82.110.30:15606 ==> (local)10.20.27.4:15215|(public)117.43.153.253:11135
2023-05-03 10:54:25.160	- Info  -	[drag] QueryVersionRes is true
2023-05-03 10:54:25.160	- Info  -	CClipboardRaw::OnReceiveQueryVersionRes 2
2023-05-03 10:54:25.272	+Warning+	not found upnp devices on network!
2023-05-03 10:54:25.272	+Warning+	[udpwrapper] UPNP discovery failed, 
2023-05-03 10:54:25.312	- Info  -	[udp] OnConnectAck working in advanced mode 2
2023-05-03 10:54:25.312	- Info  -	[udp] support straight send in peer : yes 117.43.153.253:11135 CConnection::OnConnectRes
2023-05-03 10:54:25.312	- Info  -	[oray][erroCode] errorcode=oray_errorcode(0), product=0, type=0, inner code=0 [CUDPLibStream::Disconnect_impl:73]
2023-05-03 10:54:25.312	- Info  -	[udp] Disconnect
2023-05-03 10:54:25.312	- Info  -	[udp] SendDisconnect
2023-05-03 10:54:25.313	- Info  -	[P2PHelper] MainServer disconnect
2023-05-03 10:54:25.313	- Info  -	[MultiChannel] P2P channel shake handle 117.43.153.253:11135
2023-05-03 10:54:25.313	- Info  -	CConnectorRaw::OnEvent() state: CNTS_P2P_SHAKEHANDLE, error: 0, oray errorcode: 0
2023-05-03 10:54:25.313	- Info  -	[oray][erroCode] errorcode=oray_errorcode(0), product=0, type=0, inner code=0 [CConnectorRaw::OnEvent:624]
2023-05-03 10:54:25.313	- Info  -	[MultiChannel] send SHAKE_HANDLES_MSG, read 212481, write 6870
2023-05-03 10:54:25.313	- Info  -	[P2PStream] connected (by udp) 0.0.0.0:15606 <--> 117.43.153.253:11135
2023-05-03 10:54:25.329	- Info  -	[MultiChannel] Received SHAKE_HANDLES_MSG, read 6890 / (local write 6870), write 212461 / (local read 212481)
2023-05-03 10:54:25.329	- Info  -	[MultiChannel] P2P channel connected 117.43.153.253:11135
2023-05-03 10:54:25.329	- Info  -	CConnectorRaw::OnEvent() state: CNTS_P2P_CONNECTED, error: 0, oray errorcode: 0
2023-05-03 10:54:25.329	- Info  -	[oray][erroCode] errorcode=oray_errorcode(0), product=0, type=0, inner code=0 [CConnectorRaw::OnEvent:624]
2023-05-03 10:54:25.348	- Info  -	[udpwrapper] disconnect reason : 1
2023-05-03 10:54:25.348	- Info  -	[oray][erroCode] errorcode=oray_errorcode(57354), product=0, type=3, inner code=10 [CUDPLibWrapper::OnDisconnect:833]
2023-05-03 10:54:25.349	- Info  -	[udpwrapper] Disconnect 122.246.13.29:4118 @ 838
2023-05-03 10:54:25.349	- Info  -	[oray][erroCode] errorcode=oray_errorcode(57354), product=0, type=3, inner code=10 [CUDPLibStream::Disconnect_impl:73]
2023-05-03 10:54:25.388	- Info  -	[MultiChannel] forward data read completed @ 462
2023-05-03 10:54:25.393	- Info  -	[MultiChannel] write data when p2p state is CONNECTED, is full 0, writed data 6870 / peer read 6890, left 20, size 52 @ 153
2023-05-03 10:54:25.398	- Info  -	[MultiChannel] forward data write completed @ 216
2023-05-03 10:54:27.486	- Info  -	Init D3D2 OK
2023-05-03 10:54:27.525	* Error *	sensors data send failed!
2023-05-03 10:54:38.818	* Error *	SSLStream::IsWantReadWrite|peer(121.40.200.192:443), SSL_read failed( 6 ), error:00000000:lib(0):func(0):reason(0), file( ..\includes\common\phstream\SSLStream.cpp:1898 )
2023-05-03 10:54:38.819	- Info  -	[http call3] disconnect, error( 0 )
2023-05-03 10:55:41.204	* Error *	sensors data send failed!
2023-05-03 10:55:44.223	+Warning+	[BinaryPluginStream] rate reader pending data size 303631 exceed 262144
2023-05-03 10:55:44.302	+Warning+	[BinaryPluginStream] rate reader data all clear
2023-05-03 10:55:47.373	+Warning+	[BinaryPluginStream] rate reader pending data size 484306 exceed 262144
2023-05-03 10:55:47.451	+Warning+	[BinaryPluginStream] rate reader data all clear
2023-05-03 11:01:07.423	* Error *	sensors data send failed!
2023-05-03 11:01:07.425	- Info  -	[oray][erroCode] errorcode=oray_errorcode(0), product=0, type=0, inner code=0 [CMultiChannelStream::Disconnect_impl:254]
2023-05-03 11:01:07.426	- Info  -	[TCPConnector] CCurStream handle client_disconnect
2023-05-03 11:01:07.426	- Info  -	[oray][erroCode] errorcode=transf(0), product=0, type=0, inner code=0 [CMultiChannelStream::ForwardHandler::Handle:647]
2023-05-03 11:01:07.426	- Info  -	CConnectorRaw::OnEvent() state: CNTS_FWD_DISCONNECT, error: 0, oray errorcode: 0
2023-05-03 11:01:07.426	- Info  -	[oray][erroCode] errorcode=oray_errorcode(0), product=0, type=0, inner code=0 [CConnectorRaw::OnEvent:624]
2023-05-03 11:01:07.426	+Warning+	[MultiChannel] unbind forward stream(errorcode 0) @ 651
2023-05-03 11:01:07.426	- Info  -	[oray][erroCode] errorcode=oray_errorcode(0), product=0, type=0, inner code=0 [CP2PStream::Disconnect_impl:678]
2023-05-03 11:01:07.426	- Info  -	[oray][erroCode] errorcode=oray_errorcode(0), product=0, type=0, inner code=0 [CP2PStream::CUDPStream::Disconnect_impl:1044]
2023-05-03 11:01:07.426	- Info  -	[oray][erroCode] errorcode=oray_errorcode(0), product=0, type=0, inner code=0 [CUDPLibStream::Disconnect_impl:73]
2023-05-03 11:01:07.426	- Info  -	[udp] Disconnect
2023-05-03 11:01:07.426	- Info  -	[udp] SendDisconnect
2023-05-03 11:01:07.426	- Info  -	[MultiChannel] P2P channel disconnect 117.43.153.253:11135
2023-05-03 11:01:07.426	- Info  -	[oray][erroCode] errorcode=transf(0), product=0, type=0, inner code=0 [CMultiChannelStream::P2PHandler::Handle:834]
2023-05-03 11:01:07.426	- Info  -	[oray][erroCode] errorcode=transf(0), product=0, type=0, inner code=0 [CMultiChannelStream::HandleDisconnect:1041]
2023-05-03 11:01:07.426	- Info  -	CMultiChannelStreamImpl::OnDisconnect()
2023-05-03 11:01:07.426	- Info  -	[oray][erroCode] errorcode=oray_errorcode(0), product=0, type=0, inner code=0 [CMultiChannelStreamImpl::OnDisconnect:100]
2023-05-03 11:01:07.426	- Info  -	CClientStream 117.43.153.253:11135 OnDisconnect, errocde:0
2023-05-03 11:01:07.426	- Info  -	[oray][erroCode] errorcode=errcode(0), product=0, type=0, inner code=0 [CClientStream::OnDisconnect:104]
2023-05-03 11:01:07.426	- Info  -	OnDisconnect, error code 0
2023-05-03 11:01:07.426	- Info  -	[oray][erroCode] errorcode=errcode(0), product=0, type=0, inner code=0 [BinaryPluginStream::OnDisconnect:404]
2023-05-03 11:01:07.426	- Info  -	CPluginThreadManager stop plugin thread
2023-05-03 11:01:07.427	- Info  -	[desktop] Separation message loop stop.
2023-05-03 11:01:07.427	- Info  -	CActivePlugin prepare to exit plugin
2023-05-03 11:01:07.427	- Info  -	[desktop] RemoteDesktopPlugin::ExitInstance. >
2023-05-03 11:01:07.427	- Info  -	[clipboard] stop clipboard...
2023-05-03 11:01:07.429	- Info  -	[clipboard] recv thread end(1).
2023-05-03 11:01:07.429	- Info  -	[clipboard] call CClipboardViewer::DestroyWnd at 190
2023-05-03 11:01:07.429	- Info  -	[clipboard] recv WM_CLOSE, end thread.
2023-05-03 11:01:07.431	- Info  -	[clipboard] Stop Clipboard ok
2023-05-03 11:01:07.435	- Info  -	[udpwrapper] udprelay connecting 117.43.153.253:11135 via 122.246.13.29:4118
2023-05-03 11:01:07.450	- Info  -	[desktop] [thread] cancel.
2023-05-03 11:01:07.450	- Info  -	[desktop] RemoteDesktopPlugin::ExitInstance. <
2023-05-03 11:01:07.451	- Info  -	CConnectorRaw::OnEvent() state: CNTS_P2P_DISCONNECT, error: 0, oray errorcode: 0
2023-05-03 11:01:07.455	- Info  -	[oray][erroCode] errorcode=oray_errorcode(0), product=0, type=0, inner code=0 [CConnectorRaw::OnEvent:624]
2023-05-03 11:01:07.455	- Info  -	[oray][erroCode] errorcode=oray_errorcode(0), product=0, type=0, inner code=0 [CP2PStream::CTCPStream::Disconnect_impl:1016]
2023-05-03 11:01:07.460	- Info  -	CConnectorRaw::OnEvent() state: CNTS_DISCONNECTED, error: 0, oray errorcode: 0
2023-05-03 11:01:07.462	- Info  -	[oray][erroCode] errorcode=oray_errorcode(0), product=0, type=0, inner code=0 [CConnectorRaw::OnEvent:624]
2023-05-03 11:01:07.462	- Info  -	CConnectorRaw::Stop in>
2023-05-03 11:01:07.470	- Info  -	[CUDPLibWrapper] map size: 1, value: [117.43.153.253:11135/15606-2] = 0.0.0.0:15606;

2023-05-03 11:01:07.471	- Info  -	[oray][erroCode] errorcode=oray_errorcode(0), product=0, type=0, inner code=0 [CP2PStream::CUDPStream::Disconnect_impl:1044]
2023-05-03 11:01:07.471	- Info  -	[oray][erroCode] errorcode=oray_errorcode(0), product=0, type=0, inner code=0 [CUDPLibStream::Disconnect_impl:73]
2023-05-03 11:01:07.471	- Info  -	CConnectorRaw::Stop out<
2023-05-03 11:01:07.473	* Error *	Plugin disconnect with error : 0
2023-05-03 11:01:07.481	- Info  -	sensors close
2023-05-03 11:01:07.554	- Info  -	[desktop] CRemoteDesktopPlugin::~CRemoteDesktopPlugin(void)
2023-05-03 11:01:07.556	- Info  -	[vpx][decoder] close codec.
2023-05-03 11:01:07.611	- Info  -	CMultiChannelStreamImpl::~CMultiChannelStreamImpl
2023-05-03 11:01:07.613	- Info  -	program remote_plugin is exit 
