2023-01-25 17:46:32.425	- Info  -	version:3.2.1.40406
2023-01-25 17:46:32.430	- Info  -	DPIAwareness set 2 success.
2023-01-25 17:46:32.438	- Info  -	config path: @y!r
2023-01-25 17:46:32.484	- Info  -	[displayclt] CDisplayClient::CDisplayClient(all)
2023-01-25 17:46:32.485	- Info  -	[desktop] CRemoteDesktopPlugin::CRemoteDesktopPlugin(all)
2023-01-25 17:46:32.500	- Info  -	sensors init with file: C:/ProgramData/Oray/SunloginClient/sensors/datas
2023-01-25 17:46:32.507	- Info  -	CMultiChannelStreamImpl::CMultiChannelStreamImpl
2023-01-25 17:46:32.509	- Info  -	CConnectorRaw::OnStreamEvent(1) state: CNTS_FORWARD, error: 0
2023-01-25 17:46:32.509	- Info  -	CConnectorRaw::OnEvent() state: CNTS_FORWARD, error: 0, oray errorcode: 0
2023-01-25 17:46:32.509	- Info  -	[oray][erroCode] errorcode=oray_errorcode(0), product=0, type=0, inner code=0 [CConnectorRaw::OnEvent:624]
2023-01-25 17:46:32.508	* Error *	sensors data send failed!
2023-01-25 17:46:32.597	- Info  -	plugin_public access_token is NULL
2023-01-25 17:46:32.851	- Info  -	attempt to connect server 1761426218.slp2p-east-std263.oray.net:443(117.68.2.69:443)
2023-01-25 17:46:33.169	* Error *	sensors data send failed!
2023-01-25 17:46:33.313	- Info  -	[TCPConnector] CCurStream handle client_connect
2023-01-25 17:46:33.336	- Info  -	[MultiChannel] Forward channel shake handle 117.68.2.69:443
2023-01-25 17:46:33.337	- Info  -	CMultiChannelStreamImpl::OnConnect()
2023-01-25 17:46:33.337	- Info  -	CClientStream 117.68.2.69:443 OnConnect
2023-01-25 17:46:33.337	- Info  -	CConnectorRaw::OnEvent() state: CNTS_LOGIN, error: 0, oray errorcode: 0
2023-01-25 17:46:33.337	- Info  -	[oray][erroCode] errorcode=oray_errorcode(0), product=0, type=0, inner code=0 [CConnectorRaw::OnEvent:624]
2023-01-25 17:46:33.337	- Info  -	CConnectorRaw::OnEvent() state: CNTS_FWD_SHAKEHANDLE, error: 0, oray errorcode: 0
2023-01-25 17:46:33.337	- Info  -	[oray][erroCode] errorcode=oray_errorcode(0), product=0, type=0, inner code=0 [CConnectorRaw::OnEvent:624]
2023-01-25 17:46:33.484	- Info  -	[MultiChannel] Forward channel connected 117.68.2.69:443
2023-01-25 17:46:33.484	- Info  -	CMultiChannelStreamImpl::OnConnectEvent, status: CNTS_FWD_CONNECTED, isclosed:false, HadFwdConnected: true, HadBeenHolePunch: false
2023-01-25 17:46:33.485	- Info  -	CConnectorRaw::OnEvent() state: CNTS_FWD_CONNECTED, error: 0, oray errorcode: 0
2023-01-25 17:46:33.485	- Info  -	[oray][erroCode] errorcode=oray_errorcode(0), product=0, type=0, inner code=0 [CConnectorRaw::OnEvent:624]
2023-01-25 17:46:33.485	- Info  -	CClientStream 117.68.2.69:443 OnReceive reply 1 
2023-01-25 17:46:33.485	- Info  -	CClientStream 117.68.2.69:443 start keepalive
2023-01-25 17:46:33.485	- Info  -	CClientStream 117.68.2.69:443 login OK
2023-01-25 17:46:33.485	- Info  -	CConnectorRaw::OnEvent() state: CNTS_CONNECTED, error: 0, oray errorcode: 0
2023-01-25 17:46:33.485	- Info  -	[oray][erroCode] errorcode=oray_errorcode(0), product=0, type=0, inner code=0 [CConnectorRaw::OnEvent:624]
2023-01-25 17:46:33.485	- Info  -	CPluginThreadManager start plugin thread
2023-01-25 17:46:33.486	- Info  -	CActivePlugin prepare to init plugin
2023-01-25 17:46:33.486	- Info  -	[desktop] create drag server OK
2023-01-25 17:46:33.486	- Info  -	CActivePlugin prepare to run plugin
2023-01-25 17:46:33.488	- Info  -	[desktop] sending switch desktop type message...
2023-01-25 17:46:33.489	- Info  -	[desktop] request enumerate user list.
2023-01-25 17:46:33.489	- Info  -	[desktop] Separation message loop start.
2023-01-25 17:46:33.489	- Info  -	[desktop] receive enumerate user respond
2023-01-25 17:46:33.489	- Info  -	[desktop] request switch user host message...
2023-01-25 17:46:33.892	- Info  -	[desktop] receive switch host message res = 1 
2023-01-25 17:46:33.892	- Info  -	[desktop] request enum screen
2023-01-25 17:46:33.892	- Info  -	[DisplayClient] SetCompression 11/15
2023-01-25 17:46:33.892	- Info  -	[desktop] request start stream
2023-01-25 17:46:33.892	- Info  -	[desktop] SetCompressionParam: layer=1;encoding=4;format=1;reserved=0, size: 38
2023-01-25 17:46:34.103	- Info  -	[desktop] OnQueryConfigRes
2023-01-25 17:46:34.103	- Info  -	[desktop] OnQueryConfigRes
2023-01-25 17:46:34.104	- Info  -	[desktop] recv enum screen, number is 1
2023-01-25 17:46:34.233	- Info  -	[clipboard] start clipboard...
2023-01-25 17:46:34.248	- Info  -	[clipboard][converter] html format 49425
2023-01-25 17:46:34.248	- Info  -	[clipboard][converter] rtf format 49289
2023-01-25 17:46:34.249	- Info  -	[clipboard] start clipboard ok.
2023-01-25 17:46:34.249	- Info  -	[desktop] sync clipboard enable
2023-01-25 17:46:35.386	- Info  -	CClipboardRaw::OnReceiveQueryVersionReq 2
2023-01-25 17:46:35.479	- Info  -	CMultiChannelStreamImpl::ConnectP2PServer, thread id: 2624
2023-01-25 17:46:35.595	- Info  -	CConnectorRaw::OnStreamEvent(1) state: CNTS_P2P, error: 0
2023-01-25 17:46:35.595	- Info  -	CConnectorRaw::OnEvent() state: CNTS_P2P, error: 0, oray errorcode: 0
2023-01-25 17:46:35.595	- Info  -	[oray][erroCode] errorcode=oray_errorcode(0), product=0, type=0, inner code=0 [CConnectorRaw::OnEvent:624]
2023-01-25 17:46:35.596	- Info  -	[P2PConnector] attempt to connect server PHSRC://1761426218.slp2p-east-std263.oray.net:4118/desktop(slp2p-east-std263.oray.net:4118) 
2023-01-25 17:46:35.652	- Info  -	[udp] support straight send in peer : no 117.68.2.69:4118 CConnection::OnConnectRes
2023-01-25 17:46:35.653	- Info  -	[P2PHelper] detect local ip ...
2023-01-25 17:46:35.653	- Info  -	[P2PHelper] detect local ip 192.168.0.193
2023-01-25 17:46:35.653	- Info  -	[P2PHelper] attempt to login P2P Server...
2023-01-25 17:46:35.671	- Info  -	[P2PHelper] Login P2P Server OK
2023-01-25 17:46:35.671	- Info  -	[P2PHelper] OnLoginRes, receive public ip 183.217.21.1:59337
2023-01-25 17:46:35.671	- Info  -	[P2PHelper] sending P2P request ...
2023-01-25 17:46:35.700	- Info  -	[P2PHelper] receive peer local ip 10.21.143.2:16040, public ip 106.4.245.207:11165
2023-01-25 17:46:35.700	- Info  -	[P2PStream] EstablishP2P local ip 183.217.21.1:59337/192.168.0.193:16051 ==> peer ip 106.4.245.207:11165/10.21.143.2:16040
2023-01-25 17:46:35.827	- Info  -	SetDisplayMode() w=1366, h=768, bpp=32
2023-01-25 17:46:35.827	- Info  -	ResetBitmap width=1366, height=768, bpp=32, srcbpp=32, Size = 4196352
2023-01-25 17:46:35.827	- Info  -	[DisplayClient] recv image info, width: 1366, height: 768, bpp: 32
2023-01-25 17:46:35.827	- Info  -	[DisplayClient] OnRecvCompInfo format/quality 11/15
2023-01-25 17:46:35.827	- Info  -	[desktop][DisplayClient] recv first frame.
2023-01-25 17:46:35.834	- Info  -	[DisplayClient] recv compimage type: ID_IMAGE_RAPIDCOMP
2023-01-25 17:46:35.896	- Info  -	[vpx] open codec.
2023-01-25 17:46:35.952	- Info  -	[desktop][DisplayClient] decode first frame end.
2023-01-25 17:46:35.954	- Info  -	[desktop] receive first frame message
2023-01-25 17:46:36.094	- Info  -	Init D3D2 OK
2023-01-25 17:46:36.094	- Info  -	[DesktopSurface] Use DirectX Paint mode 2
2023-01-25 17:46:36.128	- Info  -	Init D3D2 OK
2023-01-25 17:46:36.142	- Info  -	[maindialog] draw first frame end
2023-01-25 17:46:36.175	- Info  -	upnpnat_search_thread::ThreadLoop end
2023-01-25 17:46:36.182	- Info  -	[udpwrapper] attempt to establish P2P connection via: 117.68.2.69:4118, (local)192.168.0.193:16051|(public)183.217.21.1:59337 ==> (local)10.21.143.2:16040|(public)106.4.245.207:11165
2023-01-25 17:46:36.200	- Info  -	[desktop] sync clipboard enable
2023-01-25 17:46:36.200	- Info  -	[http call3] new call id:1, url:https://slapi.oray.net/client/free-tips
2023-01-25 17:46:36.201	- Info  -	[http call3] id:1 create new connection : https://slapi.oray.net:443
2023-01-25 17:46:36.201	- Info  -	[http call3] new call id:2, url:https://slapi.oray.net/remote/get-network
2023-01-25 17:46:36.202	- Info  -	attempt to connect server slapi.oray.net:443(121.40.200.192:443)
2023-01-25 17:46:36.202	- Info  -	[http call3] id:2 use old connection : https://slapi.oray.net:443
2023-01-25 17:46:36.235	- Info  -	[udp] OnConnectAck working in advanced mode 2
2023-01-25 17:46:36.235	- Info  -	[udp] support straight send in peer : yes 106.4.245.207:11165 CConnection::OnConnectRes
2023-01-25 17:46:36.236	- Info  -	[oray][erroCode] errorcode=oray_errorcode(0), product=0, type=0, inner code=0 [CUDPLibStream::Disconnect_impl:73]
2023-01-25 17:46:36.236	- Info  -	[udp] Disconnect
2023-01-25 17:46:36.236	- Info  -	[udp] SendDisconnect
2023-01-25 17:46:36.236	- Info  -	[P2PHelper] MainServer disconnect
2023-01-25 17:46:36.236	- Info  -	[MultiChannel] P2P channel shake handle 106.4.245.207:11165
2023-01-25 17:46:36.236	- Info  -	CConnectorRaw::OnEvent() state: CNTS_P2P_SHAKEHANDLE, error: 0, oray errorcode: 0
2023-01-25 17:46:36.237	- Info  -	[oray][erroCode] errorcode=oray_errorcode(0), product=0, type=0, inner code=0 [CConnectorRaw::OnEvent:624]
2023-01-25 17:46:36.237	- Info  -	[MultiChannel] send SHAKE_HANDLES_MSG, read 231160, write 2794
2023-01-25 17:46:36.237	- Info  -	[P2PStream] connected (by udp) 0.0.0.0:16051 <--> 106.4.245.207:11165
2023-01-25 17:46:36.247	- Info  -	[MultiChannel] Received SHAKE_HANDLES_MSG, read 2762 / (local write 2794), write 231140 / (local read 231160)
2023-01-25 17:46:36.247	- Info  -	[MultiChannel] P2P channel connected 106.4.245.207:11165
2023-01-25 17:46:36.247	- Info  -	CConnectorRaw::OnEvent() state: CNTS_P2P_CONNECTED, error: 0, oray errorcode: 0
2023-01-25 17:46:36.247	- Info  -	[oray][erroCode] errorcode=oray_errorcode(0), product=0, type=0, inner code=0 [CConnectorRaw::OnEvent:624]
2023-01-25 17:46:36.253	- Info  -	[udpwrapper] disconnect reason : 1
2023-01-25 17:46:36.253	- Info  -	[oray][erroCode] errorcode=oray_errorcode(57354), product=0, type=3, inner code=10 [CUDPLibWrapper::OnDisconnect:833]
2023-01-25 17:46:36.253	- Info  -	[udpwrapper] Disconnect 117.68.2.69:4118 @ 838
2023-01-25 17:46:36.253	- Info  -	[oray][erroCode] errorcode=oray_errorcode(57354), product=0, type=3, inner code=10 [CUDPLibStream::Disconnect_impl:73]
2023-01-25 17:46:36.254	- Info  -	[MultiChannel] forward data write completed @ 216
2023-01-25 17:46:36.263	- Info  -	[MultiChannel] forward data read completed @ 462
2023-01-25 17:46:36.442	- Info  -	[http call3] id:1, url:https://slapi.oray.net/client/free-tips, status code:200
2023-01-25 17:46:36.503	- Info  -	[http call3] id:2, url:https://slapi.oray.net/remote/get-network, status code:200
2023-01-25 17:46:36.507	- Info  -	[drag] QueryVersionRes is true
2023-01-25 17:46:36.507	- Info  -	CClipboardRaw::OnReceiveQueryVersionRes 2
2023-01-25 17:46:44.377	- Info  -	Init D3D2 OK
2023-01-25 17:46:45.189	- Info  -	Init D3D2 OK
2023-01-25 17:46:50.469	* Error *	sensors data send failed!
2023-01-25 17:46:50.552	- Info  -	Init D3D2 OK
2023-01-25 17:46:51.503	* Error *	SSLStream::IsWantReadWrite|peer(121.40.200.192:443), SSL_read failed( 6 ), error:00000000:lib(0):func(0):reason(0), file( ..\includes\common\phstream\SSLStream.cpp:1898 )
2023-01-25 17:46:51.503	- Info  -	[http call3] disconnect, error( 0 )
2023-01-25 17:46:52.300	* Error *	sensors data send failed!
2023-01-25 17:48:25.103	- Info  -	[clipboard] CClipboardViewer::OnClipboardUpdate
2023-01-25 17:48:25.137	- Info  -	[clipboard] CClipboardViewer::OnRenderFormat begin, uformat 13
2023-01-25 17:48:25.137	- Info  -	[clipboard] RenderFormat, win format 13, 108664359
2023-01-25 17:48:25.148	- Info  -	[clipboard] OnReceiveClipData, type 1589137899533, size 200
2023-01-25 17:48:25.148	- Info  -	[clipboard] format 13, data size: 200
2023-01-25 17:48:25.148	- Info  -	[clipboard] setClipboardData, format 13, oray format 13
2023-01-25 17:48:25.149	- Info  -	[clipboard] RenderFormat end
2023-01-25 17:48:25.149	- Info  -	[clipboard] CClipboardViewer::OnRenderFormat end, uformat 13
2023-01-25 17:48:25.149	* Error *	[clipboard] OpenClipboard failed with 5
2023-01-25 17:48:25.151	- Info  -	[clipboard] CClipboardViewer::OnClipboardUpdate
2023-01-25 17:48:25.151	- Info  -	[clipboard] CClipboardViewer::OnClipboardUpdate
2023-01-25 17:48:25.151	- Info  -	[clipboard] CClipboardViewer::OnClipboardUpdate
2023-01-25 17:48:25.151	- Info  -	[clipboard] CClipboardViewer::OnClipboardUpdate
2023-01-25 17:48:25.151	- Info  -	[clipboard] CClipboardViewer::OnClipboardUpdate
2023-01-25 17:48:25.151	- Info  -	[clipboard] CClipboardViewer::OnClipboardUpdate
2023-01-25 17:48:25.151	- Info  -	[clipboard] CClipboardViewer::OnClipboardUpdate
2023-01-25 17:48:25.151	- Info  -	[clipboard] CClipboardViewer::OnClipboardUpdate
2023-01-25 17:48:25.151	- Info  -	[clipboard] CClipboardViewer::OnClipboardUpdate
2023-01-25 17:48:25.151	- Info  -	[clipboard] CClipboardViewer::OnClipboardUpdate
2023-01-25 17:48:25.151	- Info  -	[clipboard] CClipboardViewer::OnClipboardUpdate
2023-01-25 17:48:25.151	- Info  -	[clipboard] CClipboardViewer::OnClipboardUpdate
2023-01-25 17:48:25.151	- Info  -	[clipboard] CClipboardViewer::OnClipboardUpdate
2023-01-25 17:48:25.179	- Info  -	[clipboard] CClipboardViewer::OnRenderFormat begin, uformat 13
2023-01-25 17:48:25.179	- Info  -	[clipboard] RenderFormat, win format 13, 108664390
2023-01-25 17:48:25.190	- Info  -	[clipboard] OnReceiveClipData, type 1589137899533, size 200
2023-01-25 17:48:25.190	- Info  -	[clipboard] format 13, data size: 200
2023-01-25 17:48:25.190	- Info  -	[clipboard] setClipboardData, format 13, oray format 13
2023-01-25 17:48:25.190	- Info  -	[clipboard] RenderFormat end
2023-01-25 17:48:25.190	- Info  -	[clipboard] CClipboardViewer::OnRenderFormat end, uformat 13
2023-01-25 17:48:25.236	- Info  -	[clipboard] CClipboardViewer::OnClipboardUpdate
2023-01-25 17:49:06.922	- Info  -	[clipboard] CClipboardViewer::OnClipboardUpdate
2023-01-25 17:49:06.926	- Info  -	[clipboard] CClipboardViewer::OnClipboardUpdate
2023-01-25 17:49:06.937	- Info  -	[clipboard] CClipboardViewer::OnClipboardUpdate
2023-01-25 17:49:06.946	- Info  -	[clipboard] CClipboardViewer::OnClipboardUpdate
2023-01-25 17:49:06.950	- Info  -	[clipboard] CClipboardViewer::OnRenderFormat begin, uformat 13
2023-01-25 17:49:06.950	- Info  -	[clipboard] RenderFormat, win format 13, 108706171
2023-01-25 17:49:06.968	- Info  -	[clipboard] OnReceiveClipData, type 1589137899533, size 2
2023-01-25 17:49:06.968	- Info  -	[clipboard] format 13, data size: 2
2023-01-25 17:49:06.968	- Info  -	[clipboard] setClipboardData, format 13, oray format 13
2023-01-25 17:49:06.968	- Info  -	[clipboard] RenderFormat end
2023-01-25 17:49:06.968	- Info  -	[clipboard] CClipboardViewer::OnRenderFormat end, uformat 13
2023-01-25 17:49:06.968	* Error *	[clipboard] OpenClipboard failed with 5
2023-01-25 17:49:06.968	* Error *	[clipboard] OpenClipboard failed with 5
2023-01-25 17:49:06.974	* Error *	[clipboard] OpenClipboard failed with 5
2023-01-25 17:49:06.984	- Info  -	[clipboard] CClipboardViewer::OnClipboardUpdate
2023-01-25 17:49:06.993	- Info  -	[clipboard] CClipboardViewer::OnClipboardUpdate
2023-01-25 17:49:07.004	- Info  -	[clipboard] CClipboardViewer::OnClipboardUpdate
2023-01-25 17:49:07.011	- Info  -	[clipboard] CClipboardViewer::OnRenderFormat begin, uformat 13
2023-01-25 17:49:07.011	- Info  -	[clipboard] RenderFormat, win format 13, 108706234
2023-01-25 17:49:07.043	- Info  -	[clipboard] OnReceiveClipData, type 1589137899533, size 2
2023-01-25 17:49:07.043	- Info  -	[clipboard] format 13, data size: 2
2023-01-25 17:49:07.043	- Info  -	[clipboard] setClipboardData, format 13, oray format 13
2023-01-25 17:49:07.043	- Info  -	[clipboard] RenderFormat end
2023-01-25 17:49:07.044	- Info  -	[clipboard] CClipboardViewer::OnRenderFormat end, uformat 13
2023-01-25 17:49:07.044	* Error *	[clipboard] OpenClipboard failed with 5
2023-01-25 17:49:07.044	* Error *	[clipboard] OpenClipboard failed with 5
2023-01-25 17:49:07.045	- Info  -	[clipboard] CClipboardViewer::OnClipboardUpdate
2023-01-25 17:49:07.078	- Info  -	[clipboard] CClipboardViewer::OnClipboardUpdate
2023-01-25 17:49:31.385	* Error *	sensors data send failed!
2023-01-25 17:49:36.683	- Info  -	Init D3D2 OK
2023-01-25 17:49:36.880	- Info  -	Init D3D2 OK
2023-01-25 17:49:36.900	- Info  -	Init D3D2 OK
2023-01-25 17:49:36.917	- Info  -	Init D3D2 OK
2023-01-25 17:49:37.335	- Info  -	Init D3D2 OK
2023-01-25 17:49:40.765	* Error *	sensors data send failed!
2023-01-25 17:49:46.640	- Info  -	Init D3D2 OK
2023-01-25 17:49:46.862	- Info  -	Init D3D2 OK
2023-01-25 17:49:46.880	- Info  -	Init D3D2 OK
2023-01-25 17:49:46.899	- Info  -	Init D3D2 OK
2023-01-25 17:49:46.918	- Info  -	Init D3D2 OK
2023-01-25 17:49:46.936	- Info  -	Init D3D2 OK
2023-01-25 17:49:46.957	- Info  -	Init D3D2 OK
2023-01-25 17:49:46.975	- Info  -	Init D3D2 OK
2023-01-25 17:49:46.993	- Info  -	Init D3D2 OK
2023-01-25 17:49:47.010	- Info  -	Init D3D2 OK
2023-01-25 17:49:47.027	- Info  -	Init D3D2 OK
2023-01-25 17:49:47.048	- Info  -	Init D3D2 OK
2023-01-25 17:49:47.067	- Info  -	Init D3D2 OK
2023-01-25 17:49:47.287	- Info  -	Init D3D2 OK
2023-01-25 17:51:21.874	* Error *	sensors data send failed!
2023-01-25 17:51:24.505	* Error *	sensors data send failed!
2023-01-25 17:51:26.888	* Error *	sensors data send failed!
2023-01-25 17:51:26.893	- Info  -	[oray][erroCode] errorcode=oray_errorcode(0), product=0, type=0, inner code=0 [CMultiChannelStream::Disconnect_impl:254]
2023-01-25 17:51:26.894	- Info  -	[TCPConnector] CCurStream handle client_disconnect
2023-01-25 17:51:26.894	- Info  -	[oray][erroCode] errorcode=transf(0), product=0, type=0, inner code=0 [CMultiChannelStream::ForwardHandler::Handle:647]
2023-01-25 17:51:26.894	- Info  -	CConnectorRaw::OnEvent() state: CNTS_FWD_DISCONNECT, error: 0, oray errorcode: 0
2023-01-25 17:51:26.894	- Info  -	[oray][erroCode] errorcode=oray_errorcode(0), product=0, type=0, inner code=0 [CConnectorRaw::OnEvent:624]
2023-01-25 17:51:26.894	+Warning+	[MultiChannel] unbind forward stream(errorcode 0) @ 651
2023-01-25 17:51:26.894	- Info  -	[oray][erroCode] errorcode=oray_errorcode(0), product=0, type=0, inner code=0 [CP2PStream::Disconnect_impl:678]
2023-01-25 17:51:26.894	- Info  -	[oray][erroCode] errorcode=oray_errorcode(0), product=0, type=0, inner code=0 [CP2PStream::CUDPStream::Disconnect_impl:1044]
2023-01-25 17:51:26.894	- Info  -	[oray][erroCode] errorcode=oray_errorcode(0), product=0, type=0, inner code=0 [CUDPLibStream::Disconnect_impl:73]
2023-01-25 17:51:26.894	- Info  -	[udp] Disconnect
2023-01-25 17:51:26.894	- Info  -	[udp] SendDisconnect
2023-01-25 17:51:26.894	- Info  -	[MultiChannel] P2P channel disconnect 106.4.245.207:11165
2023-01-25 17:51:26.894	- Info  -	[oray][erroCode] errorcode=transf(0), product=0, type=0, inner code=0 [CMultiChannelStream::P2PHandler::Handle:834]
2023-01-25 17:51:26.894	- Info  -	[oray][erroCode] errorcode=transf(0), product=0, type=0, inner code=0 [CMultiChannelStream::HandleDisconnect:1041]
2023-01-25 17:51:26.894	- Info  -	CMultiChannelStreamImpl::OnDisconnect()
2023-01-25 17:51:26.894	- Info  -	[oray][erroCode] errorcode=oray_errorcode(0), product=0, type=0, inner code=0 [CMultiChannelStreamImpl::OnDisconnect:100]
2023-01-25 17:51:26.894	- Info  -	CClientStream 106.4.245.207:11165 OnDisconnect, errocde:0
2023-01-25 17:51:26.894	- Info  -	[oray][erroCode] errorcode=errcode(0), product=0, type=0, inner code=0 [CClientStream::OnDisconnect:104]
2023-01-25 17:51:26.894	- Info  -	OnDisconnect, error code 0
2023-01-25 17:51:26.894	- Info  -	[oray][erroCode] errorcode=errcode(0), product=0, type=0, inner code=0 [BinaryPluginStream::OnDisconnect:404]
2023-01-25 17:51:26.894	- Info  -	CPluginThreadManager stop plugin thread
2023-01-25 17:51:26.894	- Info  -	[desktop] Separation message loop stop.
2023-01-25 17:51:26.895	- Info  -	CActivePlugin prepare to exit plugin
2023-01-25 17:51:26.895	- Info  -	[desktop] RemoteDesktopPlugin::ExitInstance. >
2023-01-25 17:51:26.895	- Info  -	[clipboard] stop clipboard...
2023-01-25 17:51:26.902	- Info  -	[udpwrapper] udprelay connecting 106.4.245.207:11165 via 117.68.2.69:4118
2023-01-25 17:51:26.905	- Info  -	[clipboard] recv thread end(1).
2023-01-25 17:51:26.905	- Info  -	[clipboard] call CClipboardViewer::DestroyWnd at 190
2023-01-25 17:51:26.905	- Info  -	[clipboard] recv WM_CLOSE, end thread.
2023-01-25 17:51:26.910	- Info  -	[clipboard] Stop Clipboard ok
2023-01-25 17:51:26.923	- Info  -	[desktop] [thread] cancel.
2023-01-25 17:51:26.923	- Info  -	[desktop] RemoteDesktopPlugin::ExitInstance. <
2023-01-25 17:51:26.941	- Info  -	CConnectorRaw::OnEvent() state: CNTS_P2P_DISCONNECT, error: 0, oray errorcode: 0
2023-01-25 17:51:26.941	- Info  -	[oray][erroCode] errorcode=oray_errorcode(0), product=0, type=0, inner code=0 [CConnectorRaw::OnEvent:624]
2023-01-25 17:51:26.941	- Info  -	[oray][erroCode] errorcode=oray_errorcode(0), product=0, type=0, inner code=0 [CP2PStream::CTCPStream::Disconnect_impl:1016]
2023-01-25 17:51:26.943	- Info  -	CConnectorRaw::OnEvent() state: CNTS_DISCONNECTED, error: 0, oray errorcode: 0
2023-01-25 17:51:26.943	- Info  -	[oray][erroCode] errorcode=oray_errorcode(0), product=0, type=0, inner code=0 [CConnectorRaw::OnEvent:624]
2023-01-25 17:51:26.943	- Info  -	CConnectorRaw::Stop in>
2023-01-25 17:51:26.949	- Info  -	[CUDPLibWrapper] map size: 1, value: [106.4.245.207:11165/16051-2] = 0.0.0.0:16051;

2023-01-25 17:51:26.949	- Info  -	[oray][erroCode] errorcode=oray_errorcode(0), product=0, type=0, inner code=0 [CP2PStream::CUDPStream::Disconnect_impl:1044]
2023-01-25 17:51:26.949	- Info  -	[oray][erroCode] errorcode=oray_errorcode(0), product=0, type=0, inner code=0 [CUDPLibStream::Disconnect_impl:73]
2023-01-25 17:51:26.952	- Info  -	CConnectorRaw::Stop out<
2023-01-25 17:51:26.956	* Error *	Plugin disconnect with error : 0
2023-01-25 17:51:26.956	- Info  -	sensors close
2023-01-25 17:51:27.021	- Info  -	[desktop] CRemoteDesktopPlugin::~CRemoteDesktopPlugin(void)
2023-01-25 17:51:27.022	- Info  -	[vpx][decoder] close codec.
2023-01-25 17:51:27.074	- Info  -	CMultiChannelStreamImpl::~CMultiChannelStreamImpl
2023-01-25 17:51:27.076	- Info  -	program remote_plugin is exit 
