2023-05-02 08:40:12.155	- Info  -	version:3.2.1.40406
2023-05-02 08:40:12.158	- Info  -	DPIAwareness set 2 success.
2023-05-02 08:40:12.164	- Info  -	config path: ké
2023-05-02 08:40:12.211	- Info  -	[displayclt] CDisplayClient::CDisplayClient(all)
2023-05-02 08:40:12.211	- Info  -	[desktop] CRemoteDesktopPlugin::CRemoteDesktopPlugin(all)
2023-05-02 08:40:12.218	- Info  -	sensors init with file: C:/ProgramData/Oray/SunloginClient/sensors/datas
2023-05-02 08:40:12.232	- Info  -	CMultiChannelStreamImpl::CMultiChannelStreamImpl
2023-05-02 08:40:12.233	* Error *	sensors data send failed!
2023-05-02 08:40:12.234	- Info  -	CConnectorRaw::OnStreamEvent(1) state: CNTS_FORWARD, error: 0
2023-05-02 08:40:12.234	- Info  -	CConnectorRaw::OnEvent() state: CNTS_FORWARD, error: 0, oray errorcode: 0
2023-05-02 08:40:12.234	- Info  -	[oray][erroCode] errorcode=oray_errorcode(0), product=0, type=0, inner code=0 [CConnectorRaw::OnEvent:624]
2023-05-02 08:40:12.297	- Info  -	plugin_public access_token is NULL
2023-05-02 08:40:12.316	- Info  -	attempt to connect server 435336181.slp2p-east-std247.oray.net:443(117.68.2.98:443)
2023-05-02 08:40:12.458	- Info  -	[TCPConnector] CCurStream handle client_connect
2023-05-02 08:40:12.483	- Info  -	[MultiChannel] Forward channel shake handle 117.68.2.98:443
2023-05-02 08:40:12.483	- Info  -	CMultiChannelStreamImpl::OnConnect()
2023-05-02 08:40:12.483	- Info  -	CClientStream 117.68.2.98:443 OnConnect
2023-05-02 08:40:12.483	- Info  -	CConnectorRaw::OnEvent() state: CNTS_LOGIN, error: 0, oray errorcode: 0
2023-05-02 08:40:12.483	- Info  -	[oray][erroCode] errorcode=oray_errorcode(0), product=0, type=0, inner code=0 [CConnectorRaw::OnEvent:624]
2023-05-02 08:40:12.483	- Info  -	CConnectorRaw::OnEvent() state: CNTS_FWD_SHAKEHANDLE, error: 0, oray errorcode: 0
2023-05-02 08:40:12.483	- Info  -	[oray][erroCode] errorcode=oray_errorcode(0), product=0, type=0, inner code=0 [CConnectorRaw::OnEvent:624]
2023-05-02 08:40:12.618	- Info  -	[MultiChannel] Forward channel connected 117.68.2.98:443
2023-05-02 08:40:12.618	- Info  -	CMultiChannelStreamImpl::OnConnectEvent, status: CNTS_FWD_CONNECTED, isclosed:false, HadFwdConnected: true, HadBeenHolePunch: false
2023-05-02 08:40:12.618	- Info  -	CConnectorRaw::OnEvent() state: CNTS_FWD_CONNECTED, error: 0, oray errorcode: 0
2023-05-02 08:40:12.618	- Info  -	[oray][erroCode] errorcode=oray_errorcode(0), product=0, type=0, inner code=0 [CConnectorRaw::OnEvent:624]
2023-05-02 08:40:12.618	- Info  -	CClientStream 117.68.2.98:443 OnReceive reply 1 
2023-05-02 08:40:12.618	- Info  -	CClientStream 117.68.2.98:443 start keepalive
2023-05-02 08:40:12.618	- Info  -	CClientStream 117.68.2.98:443 login OK
2023-05-02 08:40:12.618	- Info  -	CConnectorRaw::OnEvent() state: CNTS_CONNECTED, error: 0, oray errorcode: 0
2023-05-02 08:40:12.618	- Info  -	[oray][erroCode] errorcode=oray_errorcode(0), product=0, type=0, inner code=0 [CConnectorRaw::OnEvent:624]
2023-05-02 08:40:12.618	- Info  -	CPluginThreadManager start plugin thread
2023-05-02 08:40:12.619	- Info  -	CActivePlugin prepare to init plugin
2023-05-02 08:40:12.620	- Info  -	[desktop] create drag server OK
2023-05-02 08:40:12.620	- Info  -	CActivePlugin prepare to run plugin
2023-05-02 08:40:12.622	- Info  -	[desktop] sending switch desktop type message...
2023-05-02 08:40:12.624	- Info  -	[desktop] request enumerate user list.
2023-05-02 08:40:12.628	- Info  -	[desktop] Separation message loop start.
2023-05-02 08:40:12.628	- Info  -	[desktop] receive enumerate user respond
2023-05-02 08:40:12.628	- Info  -	[desktop] request switch user host message...
2023-05-02 08:40:12.664	- Info  -	[desktop] receive switch host message res = 1 
2023-05-02 08:40:12.664	- Info  -	[desktop] request enum screen
2023-05-02 08:40:12.664	- Info  -	[DisplayClient] SetCompression 11/15
2023-05-02 08:40:12.664	- Info  -	[desktop] request start stream
2023-05-02 08:40:12.664	- Info  -	[desktop] SetCompressionParam: layer=1;encoding=4;format=1;reserved=0, size: 38
2023-05-02 08:40:12.700	- Info  -	[desktop] OnQueryConfigRes
2023-05-02 08:40:12.701	- Info  -	[desktop] OnQueryConfigRes
2023-05-02 08:40:12.701	- Info  -	[desktop] recv enum screen, number is 1
2023-05-02 08:40:12.720	* Error *	sensors data send failed!
2023-05-02 08:40:12.970	- Info  -	SetDisplayMode() w=1600, h=900, bpp=32
2023-05-02 08:40:12.970	- Info  -	ResetBitmap width=1600, height=900, bpp=32, srcbpp=32, Size = 5760000
2023-05-02 08:40:12.970	- Info  -	[DisplayClient] recv image info, width: 1600, height: 900, bpp: 32
2023-05-02 08:40:12.970	- Info  -	[DisplayClient] OnRecvCompInfo format/quality 11/15
2023-05-02 08:40:12.970	- Info  -	[desktop][DisplayClient] recv first frame.
2023-05-02 08:40:12.978	- Info  -	[DisplayClient] recv compimage type: ID_IMAGE_RAPIDCOMP
2023-05-02 08:40:13.045	- Info  -	[vpx] open h264 codec
2023-05-02 08:40:13.046	- Info  -	[vpx] close h264 codec
2023-05-02 08:40:13.046	- Info  -	[vpx] open h264 codec
2023-05-02 08:40:13.079	- Info  -	[desktop][DisplayClient] decode first frame end.
2023-05-02 08:40:13.081	- Info  -	[desktop] receive first frame message
2023-05-02 08:40:13.190	- Info  -	[clipboard] start clipboard...
2023-05-02 08:40:13.200	- Info  -	[clipboard][converter] html format 49428
2023-05-02 08:40:13.200	- Info  -	[clipboard][converter] rtf format 49271
2023-05-02 08:40:13.200	- Info  -	[clipboard] start clipboard ok.
2023-05-02 08:40:13.200	- Info  -	[desktop] sync clipboard enable
2023-05-02 08:40:13.206	- Info  -	CClipboardRaw::OnReceiveQueryVersionReq 2
2023-05-02 08:40:13.206	- Info  -	CClipboardRaw::OnReceiveQueryVersionReq 2
2023-05-02 08:40:13.223	- Info  -	Init D3D2 OK
2023-05-02 08:40:13.223	- Info  -	[DesktopSurface] Use DirectX Paint mode 2
2023-05-02 08:40:13.338	- Info  -	Init D3D2 OK
2023-05-02 08:40:13.364	- Info  -	[maindialog] draw first frame end
2023-05-02 08:40:13.401	- Info  -	[desktop] sync clipboard enable
2023-05-02 08:40:13.401	- Info  -	[http call3] new call id:1, url:https://slapi.oray.net/client/free-tips
2023-05-02 08:40:13.402	- Info  -	[http call3] id:1 create new connection : https://slapi.oray.net:443
2023-05-02 08:40:13.402	- Info  -	[http call3] new call id:2, url:https://slapi.oray.net/remote/get-network
2023-05-02 08:40:13.403	- Info  -	attempt to connect server slapi.oray.net:443(121.40.99.129:443)
2023-05-02 08:40:13.403	- Info  -	[http call3] id:2 use old connection : https://slapi.oray.net:443
2023-05-02 08:40:13.565	- Info  -	[http call3] id:1, url:https://slapi.oray.net/client/free-tips, status code:200
2023-05-02 08:40:13.641	- Info  -	[http call3] id:2, url:https://slapi.oray.net/remote/get-network, status code:200
2023-05-02 08:40:14.615	- Info  -	CMultiChannelStreamImpl::ConnectP2PServer, thread id: 8300
2023-05-02 08:40:14.642	- Info  -	CConnectorRaw::OnStreamEvent(1) state: CNTS_P2P, error: 0
2023-05-02 08:40:14.642	- Info  -	CConnectorRaw::OnEvent() state: CNTS_P2P, error: 0, oray errorcode: 0
2023-05-02 08:40:14.642	- Info  -	[oray][erroCode] errorcode=oray_errorcode(0), product=0, type=0, inner code=0 [CConnectorRaw::OnEvent:624]
2023-05-02 08:40:14.642	- Info  -	[P2PConnector] attempt to connect server PHSRC://435336181.slp2p-east-std247.oray.net:4118/desktop(slp2p-east-std247.oray.net:4118) 
2023-05-02 08:40:14.682	- Info  -	[udp] support straight send in peer : no 117.68.2.98:4118 CConnection::OnConnectRes
2023-05-02 08:40:14.682	- Info  -	[P2PHelper] detect local ip ...
2023-05-02 08:40:14.682	- Info  -	[P2PHelper] detect local ip 172.16.76.35
2023-05-02 08:40:14.683	- Info  -	[P2PHelper] attempt to login P2P Server...
2023-05-02 08:40:14.708	- Info  -	[P2PHelper] Login P2P Server OK
2023-05-02 08:40:14.708	- Info  -	[P2PHelper] OnLoginRes, receive public ip 223.82.110.30:15201
2023-05-02 08:40:14.708	- Info  -	[P2PHelper] sending P2P request ...
2023-05-02 08:40:14.748	- Info  -	[P2PHelper] receive peer local ip 192.168.1.2:15664, public ip 182.101.55.157:19652
2023-05-02 08:40:14.748	- Info  -	[P2PStream] EstablishP2P local ip 223.82.110.30:15201/172.16.76.35:15201 ==> peer ip 182.101.55.157:19652/192.168.1.2:15664
2023-05-02 08:40:15.184	+Warning+	not found upnp devices on network!
2023-05-02 08:40:15.184	- Info  -	upnpnat_search_thread::ThreadLoop end
2023-05-02 08:40:15.186	- Info  -	[udpwrapper] attempt to establish P2P connection via: (null), (local)172.16.76.35:15201|(public)223.82.110.30:15201 ==> (local)192.168.1.2:15664|(public)182.101.55.157:19652
2023-05-02 08:40:15.664	- Info  -	[drag] QueryVersionRes is true
2023-05-02 08:40:15.664	- Info  -	CClipboardRaw::OnReceiveQueryVersionRes 2
2023-05-02 08:40:15.687	+Warning+	not found upnp devices on network!
2023-05-02 08:40:15.687	+Warning+	[udpwrapper] UPNP discovery failed, 
2023-05-02 08:40:15.701	- Info  -	[udp] OnConnectAck working in advanced mode 2
2023-05-02 08:40:15.702	- Info  -	[udp] support straight send in peer : no 182.101.55.157:19652 CConnection::OnConnectRes
2023-05-02 08:40:15.702	- Info  -	[oray][erroCode] errorcode=oray_errorcode(0), product=0, type=0, inner code=0 [CUDPLibStream::Disconnect_impl:73]
2023-05-02 08:40:15.702	- Info  -	[udp] Disconnect
2023-05-02 08:40:15.702	- Info  -	[udp] SendDisconnect
2023-05-02 08:40:15.702	- Info  -	[P2PHelper] MainServer disconnect
2023-05-02 08:40:15.702	- Info  -	[MultiChannel] P2P channel shake handle 182.101.55.157:19652
2023-05-02 08:40:15.702	- Info  -	CConnectorRaw::OnEvent() state: CNTS_P2P_SHAKEHANDLE, error: 0, oray errorcode: 0
2023-05-02 08:40:15.702	- Info  -	[oray][erroCode] errorcode=oray_errorcode(0), product=0, type=0, inner code=0 [CConnectorRaw::OnEvent:624]
2023-05-02 08:40:15.702	- Info  -	[MultiChannel] send SHAKE_HANDLES_MSG, read 171446, write 5448
2023-05-02 08:40:15.702	- Info  -	[P2PStream] connected (by udp) 0.0.0.0:15201 <--> 182.101.55.157:19652
2023-05-02 08:40:15.703	- Info  -	[udpwrapper] receive p2p hello message from 182.101.55.157:19652, stop hole punch thread @1325
2023-05-02 08:40:15.703	+Warning+	[udpwrapper] stream has disconnect @ 1406
2023-05-02 08:40:15.712	- Info  -	[MultiChannel] Received SHAKE_HANDLES_MSG, read 5468 / (local write 5448), write 171426 / (local read 171446)
2023-05-02 08:40:15.712	- Info  -	[MultiChannel] P2P channel connected 182.101.55.157:19652
2023-05-02 08:40:15.712	- Info  -	CConnectorRaw::OnEvent() state: CNTS_P2P_CONNECTED, error: 0, oray errorcode: 0
2023-05-02 08:40:15.712	- Info  -	[oray][erroCode] errorcode=oray_errorcode(0), product=0, type=0, inner code=0 [CConnectorRaw::OnEvent:624]
2023-05-02 08:40:15.727	- Info  -	[udpwrapper] disconnect reason : 1
2023-05-02 08:40:15.727	- Info  -	[oray][erroCode] errorcode=oray_errorcode(57354), product=0, type=3, inner code=10 [CUDPLibWrapper::OnDisconnect:833]
2023-05-02 08:40:15.727	- Info  -	[udpwrapper] Disconnect 117.68.2.98:4118 @ 838
2023-05-02 08:40:15.727	- Info  -	[oray][erroCode] errorcode=oray_errorcode(57354), product=0, type=3, inner code=10 [CUDPLibStream::Disconnect_impl:73]
2023-05-02 08:40:15.732	- Info  -	[MultiChannel] forward data read completed @ 462
2023-05-02 08:40:15.735	- Info  -	[MultiChannel] write data when p2p state is CONNECTED, is full 0, writed data 5448 / peer read 5468, left 20, size 52 @ 153
2023-05-02 08:40:15.739	- Info  -	[MultiChannel] forward data write completed @ 216
2023-05-02 08:40:20.662	* Error *	sensors data send failed!
2023-05-02 08:40:28.638	* Error *	SSLStream::IsWantReadWrite|peer(121.40.99.129:443), SSL_read failed( 6 ), error:00000000:lib(0):func(0):reason(0), file( ..\includes\common\phstream\SSLStream.cpp:1898 )
2023-05-02 08:40:28.638	- Info  -	[http call3] disconnect, error( 0 )
2023-05-02 08:43:24.766	* Error *	sensors data send failed!
2023-05-02 08:43:24.768	- Info  -	[oray][erroCode] errorcode=oray_errorcode(0), product=0, type=0, inner code=0 [CMultiChannelStream::Disconnect_impl:254]
2023-05-02 08:43:24.769	- Info  -	[TCPConnector] CCurStream handle client_disconnect
2023-05-02 08:43:24.769	- Info  -	[oray][erroCode] errorcode=transf(0), product=0, type=0, inner code=0 [CMultiChannelStream::ForwardHandler::Handle:647]
2023-05-02 08:43:24.769	- Info  -	CConnectorRaw::OnEvent() state: CNTS_FWD_DISCONNECT, error: 0, oray errorcode: 0
2023-05-02 08:43:24.769	- Info  -	[oray][erroCode] errorcode=oray_errorcode(0), product=0, type=0, inner code=0 [CConnectorRaw::OnEvent:624]
2023-05-02 08:43:24.769	+Warning+	[MultiChannel] unbind forward stream(errorcode 0) @ 651
2023-05-02 08:43:24.769	- Info  -	[oray][erroCode] errorcode=oray_errorcode(0), product=0, type=0, inner code=0 [CP2PStream::Disconnect_impl:678]
2023-05-02 08:43:24.769	- Info  -	[oray][erroCode] errorcode=oray_errorcode(0), product=0, type=0, inner code=0 [CP2PStream::CUDPStream::Disconnect_impl:1044]
2023-05-02 08:43:24.769	- Info  -	[oray][erroCode] errorcode=oray_errorcode(0), product=0, type=0, inner code=0 [CUDPLibStream::Disconnect_impl:73]
2023-05-02 08:43:24.769	- Info  -	[udp] Disconnect
2023-05-02 08:43:24.769	- Info  -	[udp] SendDisconnect
2023-05-02 08:43:24.769	- Info  -	[MultiChannel] P2P channel disconnect 182.101.55.157:19652
2023-05-02 08:43:24.769	- Info  -	[oray][erroCode] errorcode=transf(0), product=0, type=0, inner code=0 [CMultiChannelStream::P2PHandler::Handle:834]
2023-05-02 08:43:24.769	- Info  -	[oray][erroCode] errorcode=transf(0), product=0, type=0, inner code=0 [CMultiChannelStream::HandleDisconnect:1041]
2023-05-02 08:43:24.769	- Info  -	CMultiChannelStreamImpl::OnDisconnect()
2023-05-02 08:43:24.769	- Info  -	[oray][erroCode] errorcode=oray_errorcode(0), product=0, type=0, inner code=0 [CMultiChannelStreamImpl::OnDisconnect:100]
2023-05-02 08:43:24.769	- Info  -	CClientStream 182.101.55.157:19652 OnDisconnect, errocde:0
2023-05-02 08:43:24.769	- Info  -	[oray][erroCode] errorcode=errcode(0), product=0, type=0, inner code=0 [CClientStream::OnDisconnect:104]
2023-05-02 08:43:24.769	- Info  -	OnDisconnect, error code 0
2023-05-02 08:43:24.769	- Info  -	[oray][erroCode] errorcode=errcode(0), product=0, type=0, inner code=0 [BinaryPluginStream::OnDisconnect:404]
2023-05-02 08:43:24.770	- Info  -	CPluginThreadManager stop plugin thread
2023-05-02 08:43:24.770	- Info  -	[desktop] Separation message loop stop.
2023-05-02 08:43:24.770	- Info  -	CActivePlugin prepare to exit plugin
2023-05-02 08:43:24.770	- Info  -	[desktop] RemoteDesktopPlugin::ExitInstance. >
2023-05-02 08:43:24.770	- Info  -	[clipboard] stop clipboard...
2023-05-02 08:43:24.776	- Info  -	[udpwrapper] disconnect reason : 1
2023-05-02 08:43:24.776	- Info  -	[oray][erroCode] errorcode=oray_errorcode(57354), product=0, type=3, inner code=10 [CUDPLibWrapper::OnDisconnect:833]
2023-05-02 08:43:24.776	- Info  -	[udpwrapper] Disconnect 182.101.55.157:19652 @ 838
2023-05-02 08:43:24.776	- Info  -	[oray][erroCode] errorcode=oray_errorcode(57354), product=0, type=3, inner code=10 [CP2PStream::CUDPStream::Disconnect_impl:1044]
2023-05-02 08:43:24.776	- Info  -	[oray][erroCode] errorcode=oray_errorcode(57354), product=0, type=3, inner code=10 [CUDPLibStream::Disconnect_impl:73]
2023-05-02 08:43:24.779	- Info  -	[clipboard] recv thread end(1).
2023-05-02 08:43:24.779	- Info  -	[clipboard] call CClipboardViewer::DestroyWnd at 190
2023-05-02 08:43:24.779	- Info  -	[clipboard] recv WM_CLOSE, end thread.
2023-05-02 08:43:24.780	- Info  -	[clipboard] Stop Clipboard ok
2023-05-02 08:43:24.784	- Info  -	[desktop] [thread] cancel.
2023-05-02 08:43:24.784	- Info  -	[desktop] RemoteDesktopPlugin::ExitInstance. <
2023-05-02 08:43:24.785	- Info  -	CConnectorRaw::OnEvent() state: CNTS_P2P_DISCONNECT, error: 0, oray errorcode: 0
2023-05-02 08:43:24.786	- Info  -	[oray][erroCode] errorcode=oray_errorcode(0), product=0, type=0, inner code=0 [CConnectorRaw::OnEvent:624]
2023-05-02 08:43:24.786	- Info  -	[oray][erroCode] errorcode=oray_errorcode(0), product=0, type=0, inner code=0 [CP2PStream::CTCPStream::Disconnect_impl:1016]
2023-05-02 08:43:24.786	- Info  -	CConnectorRaw::OnEvent() state: CNTS_DISCONNECTED, error: 0, oray errorcode: 0
2023-05-02 08:43:24.786	- Info  -	[oray][erroCode] errorcode=oray_errorcode(0), product=0, type=0, inner code=0 [CConnectorRaw::OnEvent:624]
2023-05-02 08:43:24.786	- Info  -	CConnectorRaw::Stop in>
2023-05-02 08:43:24.790	- Info  -	[CUDPLibWrapper] map size: 0, value: 
2023-05-02 08:43:24.791	* Error *	Plugin disconnect with error : 0
2023-05-02 08:43:24.791	- Info  -	CConnectorRaw::Stop out<
2023-05-02 08:43:24.791	- Info  -	sensors close
2023-05-02 08:43:24.826	- Info  -	[desktop] CRemoteDesktopPlugin::~CRemoteDesktopPlugin(void)
2023-05-02 08:43:24.827	- Info  -	[vpx] close h264 codec
2023-05-02 08:43:24.921	- Info  -	CMultiChannelStreamImpl::~CMultiChannelStreamImpl
2023-05-02 08:43:24.922	- Info  -	program remote_plugin is exit 
