2023-01-09 20:23:36.168	- Info  -	version:3.2.1.40406
2023-01-09 20:23:36.172	- Info  -	DPIAwareness set 2 success.
2023-01-09 20:23:36.178	- Info  -	config path: °Kì
2023-01-09 20:23:36.227	- Info  -	[displayclt] CDisplayClient::CDisplayClient(all)
2023-01-09 20:23:36.227	- Info  -	[desktop] CRemoteDesktopPlugin::CRemoteDesktopPlugin(all)
2023-01-09 20:23:36.243	- Info  -	sensors init with file: C:/ProgramData/Oray/SunloginClient/sensors/datas
2023-01-09 20:23:36.250	- Info  -	CMultiChannelStreamImpl::CMultiChannelStreamImpl
2023-01-09 20:23:36.253	- Info  -	CConnectorRaw::OnStreamEvent(1) state: CNTS_FORWARD, error: 0
2023-01-09 20:23:36.254	* Error *	sensors data send failed!
2023-01-09 20:23:36.262	- Info  -	CConnectorRaw::OnEvent() state: CNTS_FORWARD, error: 0, oray errorcode: 0
2023-01-09 20:23:36.262	- Info  -	[oray][erroCode] errorcode=oray_errorcode(0), product=0, type=0, inner code=0 [CConnectorRaw::OnEvent:624]
2023-01-09 20:23:36.340	- Info  -	plugin_public access_token is NULL
2023-01-09 20:23:36.620	- Info  -	attempt to connect server 2049935083.slp2p-east-std209.oray.net:443(122.246.13.153:443)
2023-01-09 20:23:36.929	* Error *	sensors data send failed!
2023-01-09 20:23:37.056	- Info  -	[TCPConnector] CCurStream handle client_connect
2023-01-09 20:23:37.085	- Info  -	[MultiChannel] Forward channel shake handle 122.246.13.153:443
2023-01-09 20:23:37.085	- Info  -	CMultiChannelStreamImpl::OnConnect()
2023-01-09 20:23:37.086	- Info  -	CClientStream 122.246.13.153:443 OnConnect
2023-01-09 20:23:37.086	- Info  -	CConnectorRaw::OnEvent() state: CNTS_LOGIN, error: 0, oray errorcode: 0
2023-01-09 20:23:37.086	- Info  -	[oray][erroCode] errorcode=oray_errorcode(0), product=0, type=0, inner code=0 [CConnectorRaw::OnEvent:624]
2023-01-09 20:23:37.086	- Info  -	CConnectorRaw::OnEvent() state: CNTS_FWD_SHAKEHANDLE, error: 0, oray errorcode: 0
2023-01-09 20:23:37.086	- Info  -	[oray][erroCode] errorcode=oray_errorcode(0), product=0, type=0, inner code=0 [CConnectorRaw::OnEvent:624]
2023-01-09 20:23:37.250	- Info  -	[MultiChannel] Forward channel connected 122.246.13.153:443
2023-01-09 20:23:37.253	- Info  -	CMultiChannelStreamImpl::OnConnectEvent, status: CNTS_FWD_CONNECTED, isclosed:false, HadFwdConnected: true, HadBeenHolePunch: false
2023-01-09 20:23:37.253	- Info  -	CConnectorRaw::OnEvent() state: CNTS_FWD_CONNECTED, error: 0, oray errorcode: 0
2023-01-09 20:23:37.253	- Info  -	[oray][erroCode] errorcode=oray_errorcode(0), product=0, type=0, inner code=0 [CConnectorRaw::OnEvent:624]
2023-01-09 20:23:37.253	- Info  -	CClientStream 122.246.13.153:443 OnReceive reply 1 
2023-01-09 20:23:37.253	- Info  -	CClientStream 122.246.13.153:443 start keepalive
2023-01-09 20:23:37.253	- Info  -	CClientStream 122.246.13.153:443 login OK
2023-01-09 20:23:37.253	- Info  -	CConnectorRaw::OnEvent() state: CNTS_CONNECTED, error: 0, oray errorcode: 0
2023-01-09 20:23:37.253	- Info  -	[oray][erroCode] errorcode=oray_errorcode(0), product=0, type=0, inner code=0 [CConnectorRaw::OnEvent:624]
2023-01-09 20:23:37.253	- Info  -	CPluginThreadManager start plugin thread
2023-01-09 20:23:37.255	- Info  -	CActivePlugin prepare to init plugin
2023-01-09 20:23:37.255	- Info  -	[desktop] create drag server OK
2023-01-09 20:23:37.255	- Info  -	CActivePlugin prepare to run plugin
2023-01-09 20:23:37.258	- Info  -	[desktop] Separation message loop start.
2023-01-09 20:23:37.258	- Info  -	[desktop] sending switch desktop type message...
2023-01-09 20:23:37.258	- Info  -	[desktop] receive enumerate user respond
2023-01-09 20:23:37.258	- Info  -	[desktop] request switch user host message...
2023-01-09 20:23:37.258	- Info  -	[desktop] request enumerate user list.
2023-01-09 20:23:37.317	- Info  -	[desktop] receive switch host message res = 1 
2023-01-09 20:23:37.317	- Info  -	[desktop] request enum screen
2023-01-09 20:23:37.317	- Info  -	[DisplayClient] SetCompression 11/15
2023-01-09 20:23:37.317	- Info  -	[desktop] request start stream
2023-01-09 20:23:37.317	- Info  -	[desktop] SetCompressionParam: layer=1;encoding=4;format=1;reserved=0, size: 38
2023-01-09 20:23:37.362	- Info  -	[desktop] OnQueryConfigRes
2023-01-09 20:23:37.364	- Info  -	[desktop] OnQueryConfigRes
2023-01-09 20:23:37.364	- Info  -	[desktop] recv enum screen, number is 1
2023-01-09 20:23:37.710	- Info  -	SetDisplayMode() w=1440, h=900, bpp=32
2023-01-09 20:23:37.710	- Info  -	ResetBitmap width=1440, height=900, bpp=32, srcbpp=32, Size = 5184000
2023-01-09 20:23:37.710	- Info  -	[DisplayClient] recv image info, width: 1440, height: 900, bpp: 32
2023-01-09 20:23:37.710	- Info  -	[DisplayClient] OnRecvCompInfo format/quality 11/15
2023-01-09 20:23:37.710	- Info  -	[desktop][DisplayClient] recv first frame.
2023-01-09 20:23:37.716	- Info  -	[DisplayClient] recv compimage type: ID_IMAGE_RAPIDCOMP
2023-01-09 20:23:37.773	- Info  -	[vpx] open h264 codec
2023-01-09 20:23:37.775	- Info  -	[vpx] close h264 codec
2023-01-09 20:23:37.775	- Info  -	[vpx] open h264 codec
2023-01-09 20:23:37.803	- Info  -	[desktop][DisplayClient] decode first frame end.
2023-01-09 20:23:37.804	- Info  -	[desktop] receive first frame message
2023-01-09 20:23:37.855	- Info  -	[clipboard] start clipboard...
2023-01-09 20:23:37.866	- Info  -	[clipboard][converter] html format 49425
2023-01-09 20:23:37.866	- Info  -	[clipboard][converter] rtf format 49289
2023-01-09 20:23:37.869	- Info  -	[clipboard] start clipboard ok.
2023-01-09 20:23:37.869	- Info  -	[desktop] sync clipboard enable
2023-01-09 20:23:37.885	- Info  -	CClipboardRaw::OnReceiveQueryVersionReq 2
2023-01-09 20:23:37.916	- Info  -	CClipboardRaw::OnReceiveQueryVersionReq 2
2023-01-09 20:23:37.925	- Info  -	Init D3D2 OK
2023-01-09 20:23:37.925	- Info  -	[DesktopSurface] Use DirectX Paint mode 2
2023-01-09 20:23:37.955	- Info  -	Init D3D2 OK
2023-01-09 20:23:37.969	- Info  -	[maindialog] draw first frame end
2023-01-09 20:23:37.984	- Info  -	[desktop] sync clipboard enable
2023-01-09 20:23:37.984	- Info  -	[http call3] new call id:1, url:https://slapi.oray.net/client/free-tips
2023-01-09 20:23:37.985	- Info  -	[http call3] new call id:2, url:https://slapi.oray.net/remote/get-network
2023-01-09 20:23:37.987	- Info  -	[http call3] id:1 create new connection : https://slapi.oray.net:443
2023-01-09 20:23:37.988	- Info  -	attempt to connect server slapi.oray.net:443(121.40.99.129:443)
2023-01-09 20:23:38.000	- Info  -	[http call3] id:2 use old connection : https://slapi.oray.net:443
2023-01-09 20:23:38.252	- Info  -	[http call3] id:1, url:https://slapi.oray.net/client/free-tips, status code:200
2023-01-09 20:23:38.324	- Info  -	[http call3] id:2, url:https://slapi.oray.net/remote/get-network, status code:200
2023-01-09 20:23:39.243	- Info  -	CMultiChannelStreamImpl::ConnectP2PServer, thread id: 15884
2023-01-09 20:23:39.292	- Info  -	CConnectorRaw::OnStreamEvent(1) state: CNTS_P2P, error: 0
2023-01-09 20:23:39.292	- Info  -	CConnectorRaw::OnEvent() state: CNTS_P2P, error: 0, oray errorcode: 0
2023-01-09 20:23:39.292	- Info  -	[oray][erroCode] errorcode=oray_errorcode(0), product=0, type=0, inner code=0 [CConnectorRaw::OnEvent:624]
2023-01-09 20:23:39.292	- Info  -	[P2PConnector] attempt to connect server PHSRC://2049935083.slp2p-east-std209.oray.net:4118/desktop(slp2p-east-std209.oray.net:4118) 
2023-01-09 20:23:39.352	- Info  -	[udp] support straight send in peer : no 122.246.13.153:4118 CConnection::OnConnectRes
2023-01-09 20:23:39.352	- Info  -	[P2PHelper] detect local ip ...
2023-01-09 20:23:39.353	- Info  -	[P2PHelper] detect local ip 192.168.0.193
2023-01-09 20:23:39.353	- Info  -	[P2PHelper] attempt to login P2P Server...
2023-01-09 20:23:39.375	- Info  -	[P2PHelper] Login P2P Server OK
2023-01-09 20:23:39.375	- Info  -	[P2PHelper] OnLoginRes, receive public ip 183.217.156.200:3618
2023-01-09 20:23:39.375	- Info  -	[P2PHelper] sending P2P request ...
2023-01-09 20:23:39.439	- Info  -	[P2PHelper] receive peer local ip 10.21.160.2:15383, public ip 220.175.20.40:10408
2023-01-09 20:23:39.440	- Info  -	[P2PStream] EstablishP2P local ip 183.217.156.200:3618/192.168.0.193:15651 ==> peer ip 220.175.20.40:10408/10.21.160.2:15383
2023-01-09 20:23:39.871	- Info  -	upnpnat_search_thread::ThreadLoop end
2023-01-09 20:23:39.877	- Info  -	[udpwrapper] attempt to establish P2P connection via: 122.246.13.153:4118, (local)192.168.0.193:15651|(public)183.217.156.200:3618 ==> (local)10.21.160.2:15383|(public)220.175.20.40:10408
2023-01-09 20:23:39.899	- Info  -	[udp] OnConnectAck working in advanced mode 2
2023-01-09 20:23:39.899	- Info  -	[udp] support straight send in peer : no 220.175.20.40:10408 CConnection::OnConnectRes
2023-01-09 20:23:39.900	- Info  -	[oray][erroCode] errorcode=oray_errorcode(0), product=0, type=0, inner code=0 [CUDPLibStream::Disconnect_impl:73]
2023-01-09 20:23:39.900	- Info  -	[udp] Disconnect
2023-01-09 20:23:39.900	- Info  -	[udp] SendDisconnect
2023-01-09 20:23:39.900	- Info  -	[P2PHelper] MainServer disconnect
2023-01-09 20:23:39.901	- Info  -	[MultiChannel] P2P channel shake handle 220.175.20.40:10408
2023-01-09 20:23:39.901	- Info  -	CConnectorRaw::OnEvent() state: CNTS_P2P_SHAKEHANDLE, error: 0, oray errorcode: 0
2023-01-09 20:23:39.901	- Info  -	[oray][erroCode] errorcode=oray_errorcode(0), product=0, type=0, inner code=0 [CConnectorRaw::OnEvent:624]
2023-01-09 20:23:39.901	- Info  -	[MultiChannel] send SHAKE_HANDLES_MSG, read 203080, write 3382
2023-01-09 20:23:39.901	- Info  -	[P2PStream] connected (by udp) 0.0.0.0:15651 <--> 220.175.20.40:10408
2023-01-09 20:23:39.908	- Info  -	write data when p2p state is SHAKE_HANDLES @ 137
2023-01-09 20:23:39.916	- Info  -	[MultiChannel] Received SHAKE_HANDLES_MSG, read 3362 / (local write 3382), write 203343 / (local read 203080)
2023-01-09 20:23:39.917	- Info  -	[MultiChannel] P2P channel connected 220.175.20.40:10408
2023-01-09 20:23:39.917	- Info  -	CConnectorRaw::OnEvent() state: CNTS_P2P_CONNECTED, error: 0, oray errorcode: 0
2023-01-09 20:23:39.917	- Info  -	[oray][erroCode] errorcode=oray_errorcode(0), product=0, type=0, inner code=0 [CConnectorRaw::OnEvent:624]
2023-01-09 20:23:39.917	- Info  -	[MultiChannel] forward data write completed @ 216
2023-01-09 20:23:39.921	- Info  -	[udpwrapper] disconnect reason : 1
2023-01-09 20:23:39.921	- Info  -	[oray][erroCode] errorcode=oray_errorcode(57354), product=0, type=3, inner code=10 [CUDPLibWrapper::OnDisconnect:833]
2023-01-09 20:23:39.921	- Info  -	[udpwrapper] Disconnect 122.246.13.153:4118 @ 838
2023-01-09 20:23:39.921	- Info  -	[oray][erroCode] errorcode=oray_errorcode(57354), product=0, type=3, inner code=10 [CUDPLibStream::Disconnect_impl:73]
2023-01-09 20:23:39.933	- Info  -	[MultiChannel] forward stream read data(size:263, 263, left:263) when p2p state is CONNECTED @ 445
2023-01-09 20:23:39.933	- Info  -	[MultiChannel] forward data read completed @ 462
2023-01-09 20:23:39.950	- Info  -	[udpwrapper] receive p2p hello message from 220.175.20.40:10408, stop hole punch thread @1325
2023-01-09 20:23:39.950	+Warning+	[udpwrapper] stream has disconnect @ 1406
2023-01-09 20:23:40.344	- Info  -	[drag] QueryVersionRes is true
2023-01-09 20:23:40.344	- Info  -	CClipboardRaw::OnReceiveQueryVersionRes 2
2023-01-09 20:23:47.294	- Info  -	Init D3D2 OK
2023-01-09 20:23:47.624	- Info  -	Init D3D2 OK
2023-01-09 20:23:47.645	- Info  -	Init D3D2 OK
2023-01-09 20:23:47.676	- Info  -	Init D3D2 OK
2023-01-09 20:23:47.696	- Info  -	Init D3D2 OK
2023-01-09 20:23:47.716	- Info  -	Init D3D2 OK
2023-01-09 20:23:47.741	- Info  -	Init D3D2 OK
2023-01-09 20:23:47.761	- Info  -	Init D3D2 OK
2023-01-09 20:23:47.778	- Info  -	Init D3D2 OK
2023-01-09 20:23:47.796	- Info  -	Init D3D2 OK
2023-01-09 20:23:47.817	- Info  -	Init D3D2 OK
2023-01-09 20:23:47.835	- Info  -	Init D3D2 OK
2023-01-09 20:23:47.856	- Info  -	Init D3D2 OK
2023-01-09 20:23:47.875	- Info  -	Init D3D2 OK
2023-01-09 20:23:47.901	- Info  -	Init D3D2 OK
2023-01-09 20:23:47.927	- Info  -	Init D3D2 OK
2023-01-09 20:23:47.948	- Info  -	Init D3D2 OK
2023-01-09 20:23:47.973	- Info  -	Init D3D2 OK
2023-01-09 20:23:47.996	- Info  -	Init D3D2 OK
2023-01-09 20:23:48.018	- Info  -	Init D3D2 OK
2023-01-09 20:23:48.037	- Info  -	Init D3D2 OK
2023-01-09 20:23:48.063	- Info  -	Init D3D2 OK
2023-01-09 20:23:48.083	- Info  -	Init D3D2 OK
2023-01-09 20:23:48.107	- Info  -	Init D3D2 OK
2023-01-09 20:23:48.131	- Info  -	Init D3D2 OK
2023-01-09 20:23:48.151	- Info  -	Init D3D2 OK
2023-01-09 20:23:48.175	- Info  -	Init D3D2 OK
2023-01-09 20:23:48.197	- Info  -	Init D3D2 OK
2023-01-09 20:23:48.224	- Info  -	Init D3D2 OK
2023-01-09 20:23:48.245	- Info  -	Init D3D2 OK
2023-01-09 20:23:48.263	- Info  -	Init D3D2 OK
2023-01-09 20:23:48.289	- Info  -	Init D3D2 OK
2023-01-09 20:23:48.841	- Info  -	Init D3D2 OK
2023-01-09 20:23:50.625	- Info  -	Init D3D2 OK
2023-01-09 20:23:50.812	- Info  -	Init D3D2 OK
2023-01-09 20:23:50.829	- Info  -	Init D3D2 OK
2023-01-09 20:23:50.848	- Info  -	Init D3D2 OK
2023-01-09 20:23:50.866	- Info  -	Init D3D2 OK
2023-01-09 20:23:50.887	- Info  -	Init D3D2 OK
2023-01-09 20:23:50.905	- Info  -	Init D3D2 OK
2023-01-09 20:23:50.924	- Info  -	Init D3D2 OK
2023-01-09 20:23:50.945	- Info  -	Init D3D2 OK
2023-01-09 20:23:50.965	- Info  -	Init D3D2 OK
2023-01-09 20:23:50.988	- Info  -	Init D3D2 OK
2023-01-09 20:23:51.707	- Info  -	Init D3D2 OK
2023-01-09 20:23:53.343	* Error *	SSLStream::IsWantReadWrite|peer(121.40.99.129:443), SSL_read failed( 6 ), error:00000000:lib(0):func(0):reason(0), file( ..\includes\common\phstream\SSLStream.cpp:1898 )
2023-01-09 20:23:53.343	- Info  -	[http call3] disconnect, error( 0 )
2023-01-09 20:23:55.937	* Error *	sensors data send failed!
2023-01-09 20:23:55.938	- Info  -	[oray][erroCode] errorcode=oray_errorcode(0), product=0, type=0, inner code=0 [CMultiChannelStream::Disconnect_impl:254]
2023-01-09 20:23:55.939	- Info  -	[TCPConnector] CCurStream handle client_disconnect
2023-01-09 20:23:55.939	- Info  -	[oray][erroCode] errorcode=transf(0), product=0, type=0, inner code=0 [CMultiChannelStream::ForwardHandler::Handle:647]
2023-01-09 20:23:55.939	- Info  -	CConnectorRaw::OnEvent() state: CNTS_FWD_DISCONNECT, error: 0, oray errorcode: 0
2023-01-09 20:23:55.939	- Info  -	[oray][erroCode] errorcode=oray_errorcode(0), product=0, type=0, inner code=0 [CConnectorRaw::OnEvent:624]
2023-01-09 20:23:55.939	+Warning+	[MultiChannel] unbind forward stream(errorcode 0) @ 651
2023-01-09 20:23:55.939	- Info  -	[oray][erroCode] errorcode=oray_errorcode(0), product=0, type=0, inner code=0 [CP2PStream::Disconnect_impl:678]
2023-01-09 20:23:55.939	- Info  -	[oray][erroCode] errorcode=oray_errorcode(0), product=0, type=0, inner code=0 [CP2PStream::CUDPStream::Disconnect_impl:1044]
2023-01-09 20:23:55.939	- Info  -	[oray][erroCode] errorcode=oray_errorcode(0), product=0, type=0, inner code=0 [CUDPLibStream::Disconnect_impl:73]
2023-01-09 20:23:55.939	- Info  -	[udp] Disconnect
2023-01-09 20:23:55.939	- Info  -	[udp] SendDisconnect
2023-01-09 20:23:55.940	- Info  -	[MultiChannel] P2P channel disconnect 220.175.20.40:10408
2023-01-09 20:23:55.940	- Info  -	[oray][erroCode] errorcode=transf(0), product=0, type=0, inner code=0 [CMultiChannelStream::P2PHandler::Handle:834]
2023-01-09 20:23:55.940	- Info  -	[oray][erroCode] errorcode=transf(0), product=0, type=0, inner code=0 [CMultiChannelStream::HandleDisconnect:1041]
2023-01-09 20:23:55.940	- Info  -	CMultiChannelStreamImpl::OnDisconnect()
2023-01-09 20:23:55.940	- Info  -	[oray][erroCode] errorcode=oray_errorcode(0), product=0, type=0, inner code=0 [CMultiChannelStreamImpl::OnDisconnect:100]
2023-01-09 20:23:55.940	- Info  -	CClientStream 220.175.20.40:10408 OnDisconnect, errocde:0
2023-01-09 20:23:55.940	- Info  -	[oray][erroCode] errorcode=errcode(0), product=0, type=0, inner code=0 [CClientStream::OnDisconnect:104]
2023-01-09 20:23:55.940	- Info  -	OnDisconnect, error code 0
2023-01-09 20:23:55.940	- Info  -	[oray][erroCode] errorcode=errcode(0), product=0, type=0, inner code=0 [BinaryPluginStream::OnDisconnect:404]
2023-01-09 20:23:55.940	- Info  -	[desktop] Separation message loop stop.
2023-01-09 20:23:55.941	- Info  -	CPluginThreadManager stop plugin thread
2023-01-09 20:23:55.941	- Info  -	CActivePlugin prepare to exit plugin
2023-01-09 20:23:55.942	- Info  -	[desktop] RemoteDesktopPlugin::ExitInstance. >
2023-01-09 20:23:55.942	- Info  -	[clipboard] stop clipboard...
2023-01-09 20:23:55.942	- Info  -	[clipboard] recv thread end(1).
2023-01-09 20:23:55.942	- Info  -	[clipboard] call CClipboardViewer::DestroyWnd at 190
2023-01-09 20:23:55.942	- Info  -	[clipboard] recv WM_CLOSE, end thread.
2023-01-09 20:23:55.943	- Info  -	[clipboard] Stop Clipboard ok
2023-01-09 20:23:55.948	- Info  -	[udpwrapper] disconnect reason : 1
2023-01-09 20:23:55.948	- Info  -	[oray][erroCode] errorcode=oray_errorcode(57354), product=0, type=3, inner code=10 [CUDPLibWrapper::OnDisconnect:833]
2023-01-09 20:23:55.948	- Info  -	[udpwrapper] Disconnect 220.175.20.40:10408 @ 838
2023-01-09 20:23:55.948	- Info  -	[oray][erroCode] errorcode=oray_errorcode(57354), product=0, type=3, inner code=10 [CP2PStream::CUDPStream::Disconnect_impl:1044]
2023-01-09 20:23:55.948	- Info  -	[oray][erroCode] errorcode=oray_errorcode(57354), product=0, type=3, inner code=10 [CUDPLibStream::Disconnect_impl:73]
2023-01-09 20:23:55.955	- Info  -	[desktop] [thread] cancel.
2023-01-09 20:23:55.956	- Info  -	[desktop] RemoteDesktopPlugin::ExitInstance. <
2023-01-09 20:23:55.957	- Info  -	CConnectorRaw::OnEvent() state: CNTS_P2P_DISCONNECT, error: 0, oray errorcode: 0
2023-01-09 20:23:55.957	- Info  -	[oray][erroCode] errorcode=oray_errorcode(0), product=0, type=0, inner code=0 [CConnectorRaw::OnEvent:624]
2023-01-09 20:23:55.957	- Info  -	[oray][erroCode] errorcode=oray_errorcode(0), product=0, type=0, inner code=0 [CP2PStream::CTCPStream::Disconnect_impl:1016]
2023-01-09 20:23:55.957	- Info  -	CConnectorRaw::OnEvent() state: CNTS_DISCONNECTED, error: 0, oray errorcode: 0
2023-01-09 20:23:55.957	- Info  -	[oray][erroCode] errorcode=oray_errorcode(0), product=0, type=0, inner code=0 [CConnectorRaw::OnEvent:624]
2023-01-09 20:23:55.957	- Info  -	CConnectorRaw::Stop in>
2023-01-09 20:23:55.962	- Info  -	[CUDPLibWrapper] map size: 0, value: 
2023-01-09 20:23:55.963	* Error *	Plugin disconnect with error : 0
2023-01-09 20:23:55.964	- Info  -	CConnectorRaw::Stop out<
2023-01-09 20:23:55.965	- Info  -	sensors close
2023-01-09 20:23:56.002	- Info  -	[desktop] CRemoteDesktopPlugin::~CRemoteDesktopPlugin(void)
2023-01-09 20:23:56.003	- Info  -	[vpx] close h264 codec
2023-01-09 20:23:56.023	- Info  -	CMultiChannelStreamImpl::~CMultiChannelStreamImpl
2023-01-09 20:23:56.024	- Info  -	program remote_plugin is exit 
