2023-01-09 20:18:57.530	- Info  -	version:3.2.1.40406
2023-01-09 20:18:57.539	- Info  -	DPIAwareness set 2 success.
2023-01-09 20:18:57.548	- Info  -	config path: 
2023-01-09 20:18:57.698	- Info  -	[displayclt] CDisplayClient::CDisplayClient(all)
2023-01-09 20:18:57.698	- Info  -	[desktop] CRemoteDesktopPlugin::CRemoteDesktopPlugin(all)
2023-01-09 20:18:57.718	- Info  -	sensors init with file: C:/ProgramData/Oray/SunloginClient/sensors/datas
2023-01-09 20:18:57.737	* Error *	sensors data send failed!
2023-01-09 20:18:57.737	- Info  -	CMultiChannelStreamImpl::CMultiChannelStreamImpl
2023-01-09 20:18:57.748	- Info  -	CConnectorRaw::OnStreamEvent(1) state: CNTS_FORWARD, error: 0
2023-01-09 20:18:57.748	- Info  -	CConnectorRaw::OnEvent() state: CNTS_FORWARD, error: 0, oray errorcode: 0
2023-01-09 20:18:57.748	- Info  -	[oray][erroCode] errorcode=oray_errorcode(0), product=0, type=0, inner code=0 [CConnectorRaw::OnEvent:624]
2023-01-09 20:18:57.842	- Info  -	attempt to connect server 304154320.slp2p-east-std219.oray.net:443(122.246.12.47:443)
2023-01-09 20:18:57.968	- Info  -	plugin_public access_token is NULL
2023-01-09 20:18:58.115	- Info  -	[TCPConnector] CCurStream handle client_connect
2023-01-09 20:18:58.166	- Info  -	[MultiChannel] Forward channel shake handle 122.246.12.47:443
2023-01-09 20:18:58.181	- Info  -	CMultiChannelStreamImpl::OnConnect()
2023-01-09 20:18:58.181	- Info  -	CClientStream 122.246.12.47:443 OnConnect
2023-01-09 20:18:58.181	- Info  -	CConnectorRaw::OnEvent() state: CNTS_LOGIN, error: 0, oray errorcode: 0
2023-01-09 20:18:58.181	- Info  -	[oray][erroCode] errorcode=oray_errorcode(0), product=0, type=0, inner code=0 [CConnectorRaw::OnEvent:624]
2023-01-09 20:18:58.183	- Info  -	CConnectorRaw::OnEvent() state: CNTS_FWD_SHAKEHANDLE, error: 0, oray errorcode: 0
2023-01-09 20:18:58.183	- Info  -	[oray][erroCode] errorcode=oray_errorcode(0), product=0, type=0, inner code=0 [CConnectorRaw::OnEvent:624]
2023-01-09 20:18:58.327	- Info  -	[MultiChannel] Forward channel connected 122.246.12.47:443
2023-01-09 20:18:58.327	- Info  -	CMultiChannelStreamImpl::OnConnectEvent, status: CNTS_FWD_CONNECTED, isclosed:false, HadFwdConnected: true, HadBeenHolePunch: false
2023-01-09 20:18:58.327	- Info  -	CConnectorRaw::OnEvent() state: CNTS_FWD_CONNECTED, error: 0, oray errorcode: 0
2023-01-09 20:18:58.327	- Info  -	[oray][erroCode] errorcode=oray_errorcode(0), product=0, type=0, inner code=0 [CConnectorRaw::OnEvent:624]
2023-01-09 20:18:58.327	* Error *	CClientStream receive invalid Logon_OK_Message
2023-01-09 20:18:58.327	- Info  -	CClientStream 122.246.12.47:443 OnReceive reply 1 
2023-01-09 20:18:58.327	- Info  -	CClientStream 122.246.12.47:443 start keepalive
2023-01-09 20:18:58.327	- Info  -	CClientStream 122.246.12.47:443 login OK
2023-01-09 20:18:58.327	- Info  -	CConnectorRaw::OnEvent() state: CNTS_CONNECTED, error: 0, oray errorcode: 0
2023-01-09 20:18:58.327	- Info  -	[oray][erroCode] errorcode=oray_errorcode(0), product=0, type=0, inner code=0 [CConnectorRaw::OnEvent:624]
2023-01-09 20:18:58.327	- Info  -	CPluginThreadManager start plugin thread
2023-01-09 20:18:58.328	- Info  -	CActivePlugin prepare to init plugin
2023-01-09 20:18:58.329	- Info  -	[desktop] create drag server OK
2023-01-09 20:18:58.329	- Info  -	CActivePlugin prepare to run plugin
2023-01-09 20:18:58.331	- Info  -	[desktop] sending switch desktop type message...
2023-01-09 20:18:58.331	- Info  -	[desktop] request enumerate user list.
2023-01-09 20:18:58.332	- Info  -	[desktop] Separation message loop start.
2023-01-09 20:18:58.502	- Info  -	[desktop] receive switch host message res = 1 
2023-01-09 20:18:58.502	- Info  -	[desktop] request enum screen
2023-01-09 20:18:58.502	- Info  -	[DisplayClient] SetCompression 11/15
2023-01-09 20:18:58.502	- Info  -	[desktop] request start stream
2023-01-09 20:18:58.502	- Info  -	[desktop] SetCompressionParam: layer=1;encoding=4;format=1;reserved=0, size: 38
2023-01-09 20:18:58.565	- Info  -	[desktop] OnQueryConfigRes
2023-01-09 20:18:58.565	- Info  -	[desktop] OnQueryConfigRes
2023-01-09 20:18:58.566	- Info  -	[desktop] recv enum screen, number is 1
2023-01-09 20:18:58.574	- Info  -	[clipboard] start clipboard...
2023-01-09 20:18:58.638	- Info  -	[clipboard][converter] html format 49425
2023-01-09 20:18:58.639	- Info  -	[clipboard][converter] rtf format 49289
2023-01-09 20:18:58.641	- Info  -	[clipboard] start clipboard ok.
2023-01-09 20:18:58.641	- Info  -	[desktop] sync clipboard enable
2023-01-09 20:18:59.096	- Info  -	CClipboardRaw::OnReceiveQueryVersionReq 2
2023-01-09 20:18:59.348	- Info  -	SetDisplayMode() w=1600, h=900, bpp=32
2023-01-09 20:18:59.348	- Info  -	ResetBitmap width=1600, height=900, bpp=32, srcbpp=32, Size = 5760000
2023-01-09 20:18:59.348	- Info  -	[DisplayClient] recv image info, width: 1600, height: 900, bpp: 32
2023-01-09 20:18:59.348	- Info  -	[DisplayClient] OnRecvCompInfo format/quality 11/15
2023-01-09 20:18:59.349	- Info  -	[desktop][DisplayClient] recv first frame.
2023-01-09 20:18:59.356	- Info  -	[DisplayClient] recv compimage type: ID_IMAGE_RAPIDCOMP
2023-01-09 20:18:59.425	- Info  -	[vpx] open codec.
2023-01-09 20:18:59.513	- Info  -	[desktop][DisplayClient] decode first frame end.
2023-01-09 20:18:59.515	- Info  -	[desktop] receive first frame message
2023-01-09 20:18:59.697	* Error *	sensors data send failed!
2023-01-09 20:19:00.167	- Info  -	Init D3D2 OK
2023-01-09 20:19:00.167	- Info  -	[DesktopSurface] Use DirectX Paint mode 2
2023-01-09 20:19:00.205	- Info  -	Init D3D2 OK
2023-01-09 20:19:00.224	- Info  -	[maindialog] draw first frame end
2023-01-09 20:19:00.282	- Info  -	[desktop] sync clipboard enable
2023-01-09 20:19:00.282	- Info  -	[http call3] new call id:1, url:https://slapi.oray.net/client/free-tips
2023-01-09 20:19:00.284	- Info  -	[http call3] new call id:2, url:https://slapi.oray.net/remote/get-network
2023-01-09 20:19:00.286	- Info  -	[http call3] id:1 create new connection : https://slapi.oray.net:443
2023-01-09 20:19:00.287	- Info  -	attempt to connect server slapi.oray.net:443(121.40.200.192:443)
2023-01-09 20:19:00.300	- Info  -	[http call3] id:2 use old connection : https://slapi.oray.net:443
2023-01-09 20:19:00.320	- Info  -	CMultiChannelStreamImpl::ConnectP2PServer, thread id: 11252
2023-01-09 20:19:00.359	- Info  -	Init D3D2 OK
2023-01-09 20:19:00.528	- Info  -	CConnectorRaw::OnStreamEvent(1) state: CNTS_P2P, error: 0
2023-01-09 20:19:00.528	- Info  -	CConnectorRaw::OnEvent() state: CNTS_P2P, error: 0, oray errorcode: 0
2023-01-09 20:19:00.528	- Info  -	[oray][erroCode] errorcode=oray_errorcode(0), product=0, type=0, inner code=0 [CConnectorRaw::OnEvent:624]
2023-01-09 20:19:00.528	- Info  -	[P2PConnector] attempt to connect server PHSRC://304154320.slp2p-east-std219.oray.net:4118/desktop(slp2p-east-std219.oray.net:4118) 
2023-01-09 20:19:00.614	- Info  -	[udp] support straight send in peer : no 122.246.12.47:4118 CConnection::OnConnectRes
2023-01-09 20:19:00.615	- Info  -	[P2PHelper] detect local ip ...
2023-01-09 20:19:00.616	- Info  -	[P2PHelper] detect local ip 192.168.0.193
2023-01-09 20:19:00.616	- Info  -	[P2PHelper] attempt to login P2P Server...
2023-01-09 20:19:00.657	- Info  -	[P2PHelper] Login P2P Server OK
2023-01-09 20:19:00.657	- Info  -	[P2PHelper] OnLoginRes, receive public ip 183.217.156.200:4983
2023-01-09 20:19:00.657	- Info  -	[P2PHelper] sending P2P request ...
2023-01-09 20:19:00.705	- Info  -	[P2PHelper] receive peer local ip 10.21.53.3:15710, public ip 182.100.1.215:39107
2023-01-09 20:19:00.705	- Info  -	[P2PStream] EstablishP2P local ip 183.217.156.200:4983/192.168.0.193:15749 ==> peer ip 182.100.1.215:39107/10.21.53.3:15710
2023-01-09 20:19:00.753	- Info  -	[http call3] id:1, url:https://slapi.oray.net/client/free-tips, status code:200
2023-01-09 20:19:00.817	- Info  -	[http call3] id:2, url:https://slapi.oray.net/remote/get-network, status code:200
2023-01-09 20:19:01.160	- Info  -	upnpnat_search_thread::ThreadLoop end
2023-01-09 20:19:01.163	- Info  -	[udpwrapper] attempt to establish P2P connection via: 122.246.12.47:4118, (local)192.168.0.193:15749|(public)183.217.156.200:4983 ==> (local)10.21.53.3:15710|(public)182.100.1.215:39107
2023-01-09 20:19:01.190	- Info  -	[udp] OnConnectAck working in advanced mode 2
2023-01-09 20:19:01.190	- Info  -	[udp] support straight send in peer : yes 182.100.1.215:39107 CConnection::OnConnectRes
2023-01-09 20:19:01.191	- Info  -	[oray][erroCode] errorcode=oray_errorcode(0), product=0, type=0, inner code=0 [CUDPLibStream::Disconnect_impl:73]
2023-01-09 20:19:01.191	- Info  -	[udp] Disconnect
2023-01-09 20:19:01.191	- Info  -	[udp] SendDisconnect
2023-01-09 20:19:01.191	- Info  -	[P2PHelper] MainServer disconnect
2023-01-09 20:19:01.191	- Info  -	[MultiChannel] P2P channel shake handle 182.100.1.215:39107
2023-01-09 20:19:01.191	- Info  -	CConnectorRaw::OnEvent() state: CNTS_P2P_SHAKEHANDLE, error: 0, oray errorcode: 0
2023-01-09 20:19:01.191	- Info  -	[oray][erroCode] errorcode=oray_errorcode(0), product=0, type=0, inner code=0 [CConnectorRaw::OnEvent:624]
2023-01-09 20:19:01.192	- Info  -	[MultiChannel] send SHAKE_HANDLES_MSG, read 203644, write 3140
2023-01-09 20:19:01.192	- Info  -	[P2PStream] connected (by udp) 0.0.0.0:15749 <--> 182.100.1.215:39107
2023-01-09 20:19:01.209	- Info  -	[MultiChannel] Received SHAKE_HANDLES_MSG, read 3160 / (local write 3140), write 203688 / (local read 203644)
2023-01-09 20:19:01.209	- Info  -	[MultiChannel] P2P channel connected 182.100.1.215:39107
2023-01-09 20:19:01.209	- Info  -	CConnectorRaw::OnEvent() state: CNTS_P2P_CONNECTED, error: 0, oray errorcode: 0
2023-01-09 20:19:01.209	- Info  -	[oray][erroCode] errorcode=oray_errorcode(0), product=0, type=0, inner code=0 [CConnectorRaw::OnEvent:624]
2023-01-09 20:19:01.209	- Info  -	[MultiChannel] forward stream read data(size:44, 44, left:44) when p2p state is CONNECTED @ 445
2023-01-09 20:19:01.209	- Info  -	[MultiChannel] forward data read completed @ 462
2023-01-09 20:19:01.221	- Info  -	[udpwrapper] disconnect reason : 1
2023-01-09 20:19:01.221	- Info  -	[oray][erroCode] errorcode=oray_errorcode(57354), product=0, type=3, inner code=10 [CUDPLibWrapper::OnDisconnect:833]
2023-01-09 20:19:01.221	- Info  -	[udpwrapper] Disconnect 122.246.12.47:4118 @ 838
2023-01-09 20:19:01.221	- Info  -	[oray][erroCode] errorcode=oray_errorcode(57354), product=0, type=3, inner code=10 [CUDPLibStream::Disconnect_impl:73]
2023-01-09 20:19:01.310	- Info  -	[MultiChannel] write data when p2p state is CONNECTED, is full 0, writed data 3140 / peer read 3160, left 20, size 40 @ 153
2023-01-09 20:19:01.321	- Info  -	[MultiChannel] forward data write completed @ 216
2023-01-09 20:19:01.349	- Info  -	[drag] QueryVersionRes is true
2023-01-09 20:19:01.349	- Info  -	CClipboardRaw::OnReceiveQueryVersionRes 2
2023-01-09 20:19:02.175	* Error *	sensors data send failed!
2023-01-09 20:19:04.630	- Info  -	Init D3D2 OK
2023-01-09 20:19:04.975	- Info  -	Init D3D2 OK
2023-01-09 20:19:09.445	- Info  -	Init D3D2 OK
2023-01-09 20:19:09.684	- Info  -	Init D3D2 OK
2023-01-09 20:19:09.720	- Info  -	Init D3D2 OK
2023-01-09 20:19:09.754	- Info  -	Init D3D2 OK
2023-01-09 20:19:09.776	- Info  -	Init D3D2 OK
2023-01-09 20:19:09.797	- Info  -	Init D3D2 OK
2023-01-09 20:19:09.821	- Info  -	Init D3D2 OK
2023-01-09 20:19:09.841	- Info  -	Init D3D2 OK
2023-01-09 20:19:09.861	- Info  -	Init D3D2 OK
2023-01-09 20:19:09.886	- Info  -	Init D3D2 OK
2023-01-09 20:19:09.907	- Info  -	Init D3D2 OK
2023-01-09 20:19:09.928	- Info  -	Init D3D2 OK
2023-01-09 20:19:09.948	- Info  -	Init D3D2 OK
2023-01-09 20:19:09.971	- Info  -	Init D3D2 OK
2023-01-09 20:19:09.996	- Info  -	Init D3D2 OK
2023-01-09 20:19:10.020	- Info  -	Init D3D2 OK
2023-01-09 20:19:10.042	- Info  -	Init D3D2 OK
2023-01-09 20:19:10.061	- Info  -	Init D3D2 OK
2023-01-09 20:19:10.082	- Info  -	Init D3D2 OK
2023-01-09 20:19:10.107	- Info  -	Init D3D2 OK
2023-01-09 20:19:10.129	- Info  -	Init D3D2 OK
2023-01-09 20:19:10.154	- Info  -	Init D3D2 OK
2023-01-09 20:19:10.177	- Info  -	Init D3D2 OK
2023-01-09 20:19:10.205	- Info  -	Init D3D2 OK
2023-01-09 20:19:10.632	- Info  -	Init D3D2 OK
2023-01-09 20:19:15.820	* Error *	SSLStream::IsWantReadWrite|peer(121.40.200.192:443), SSL_read failed( 6 ), error:00000000:lib(0):func(0):reason(0), file( ..\includes\common\phstream\SSLStream.cpp:1898 )
2023-01-09 20:19:15.820	- Info  -	[http call3] disconnect, error( 0 )
2023-01-09 20:19:35.169	* Error *	sensors data send failed!
2023-01-09 20:19:35.171	- Info  -	[oray][erroCode] errorcode=oray_errorcode(0), product=0, type=0, inner code=0 [CMultiChannelStream::Disconnect_impl:254]
2023-01-09 20:19:35.171	- Info  -	[TCPConnector] CCurStream handle client_disconnect
2023-01-09 20:19:35.171	- Info  -	[oray][erroCode] errorcode=transf(0), product=0, type=0, inner code=0 [CMultiChannelStream::ForwardHandler::Handle:647]
2023-01-09 20:19:35.171	- Info  -	CConnectorRaw::OnEvent() state: CNTS_FWD_DISCONNECT, error: 0, oray errorcode: 0
2023-01-09 20:19:35.171	- Info  -	[oray][erroCode] errorcode=oray_errorcode(0), product=0, type=0, inner code=0 [CConnectorRaw::OnEvent:624]
2023-01-09 20:19:35.171	+Warning+	[MultiChannel] unbind forward stream(errorcode 0) @ 651
2023-01-09 20:19:35.171	- Info  -	[oray][erroCode] errorcode=oray_errorcode(0), product=0, type=0, inner code=0 [CP2PStream::Disconnect_impl:678]
2023-01-09 20:19:35.171	- Info  -	[oray][erroCode] errorcode=oray_errorcode(0), product=0, type=0, inner code=0 [CP2PStream::CUDPStream::Disconnect_impl:1044]
2023-01-09 20:19:35.171	- Info  -	[oray][erroCode] errorcode=oray_errorcode(0), product=0, type=0, inner code=0 [CUDPLibStream::Disconnect_impl:73]
2023-01-09 20:19:35.171	- Info  -	[udp] Disconnect
2023-01-09 20:19:35.171	- Info  -	[udp] SendDisconnect
2023-01-09 20:19:35.172	- Info  -	[MultiChannel] P2P channel disconnect 182.100.1.215:39107
2023-01-09 20:19:35.172	- Info  -	[oray][erroCode] errorcode=transf(0), product=0, type=0, inner code=0 [CMultiChannelStream::P2PHandler::Handle:834]
2023-01-09 20:19:35.172	- Info  -	[oray][erroCode] errorcode=transf(0), product=0, type=0, inner code=0 [CMultiChannelStream::HandleDisconnect:1041]
2023-01-09 20:19:35.172	- Info  -	CMultiChannelStreamImpl::OnDisconnect()
2023-01-09 20:19:35.172	- Info  -	[oray][erroCode] errorcode=oray_errorcode(0), product=0, type=0, inner code=0 [CMultiChannelStreamImpl::OnDisconnect:100]
2023-01-09 20:19:35.172	- Info  -	CClientStream 182.100.1.215:39107 OnDisconnect, errocde:0
2023-01-09 20:19:35.172	- Info  -	[oray][erroCode] errorcode=errcode(0), product=0, type=0, inner code=0 [CClientStream::OnDisconnect:104]
2023-01-09 20:19:35.172	- Info  -	OnDisconnect, error code 0
2023-01-09 20:19:35.172	- Info  -	[oray][erroCode] errorcode=errcode(0), product=0, type=0, inner code=0 [BinaryPluginStream::OnDisconnect:404]
2023-01-09 20:19:35.172	- Info  -	CPluginThreadManager stop plugin thread
2023-01-09 20:19:35.172	- Info  -	[desktop] Separation message loop stop.
2023-01-09 20:19:35.172	- Info  -	CActivePlugin prepare to exit plugin
2023-01-09 20:19:35.172	- Info  -	[desktop] RemoteDesktopPlugin::ExitInstance. >
2023-01-09 20:19:35.172	- Info  -	[clipboard] stop clipboard...
2023-01-09 20:19:35.182	- Info  -	[udpwrapper] udprelay connecting 182.100.1.215:39107 via 122.246.12.47:4118
2023-01-09 20:19:35.221	- Info  -	[clipboard] recv thread end(2).
2023-01-09 20:19:35.235	- Info  -	[clipboard] call CClipboardViewer::DestroyWnd at 190
2023-01-09 20:19:35.235	- Info  -	[clipboard] recv WM_CLOSE, end thread.
2023-01-09 20:19:35.237	- Info  -	[clipboard] Stop Clipboard ok
2023-01-09 20:19:35.257	- Info  -	[udp] OnConnectAck working in advanced mode 2
2023-01-09 20:19:35.257	- Info  -	[udp] support straight send in peer : yes 122.246.12.47:4118 CConnection::OnConnectRes
2023-01-09 20:19:35.258	- Info  -	[oray][erroCode] errorcode=oray_errorcode(0), product=0, type=0, inner code=0 [CUDPLibStream::Disconnect_impl:73]
2023-01-09 20:19:35.258	- Info  -	[desktop][thread] end.
2023-01-09 20:19:35.259	- Info  -	[desktop] RemoteDesktopPlugin::ExitInstance. <
2023-01-09 20:19:35.259	- Info  -	CConnectorRaw::OnEvent() state: CNTS_P2P_DISCONNECT, error: 0, oray errorcode: 0
2023-01-09 20:19:35.260	- Info  -	[oray][erroCode] errorcode=oray_errorcode(0), product=0, type=0, inner code=0 [CConnectorRaw::OnEvent:624]
2023-01-09 20:19:35.260	- Info  -	[oray][erroCode] errorcode=oray_errorcode(0), product=0, type=0, inner code=0 [CP2PStream::CTCPStream::Disconnect_impl:1016]
2023-01-09 20:19:35.260	- Info  -	CConnectorRaw::OnEvent() state: CNTS_DISCONNECTED, error: 0, oray errorcode: 0
2023-01-09 20:19:35.260	- Info  -	[oray][erroCode] errorcode=oray_errorcode(0), product=0, type=0, inner code=0 [CConnectorRaw::OnEvent:624]
2023-01-09 20:19:35.260	- Info  -	CConnectorRaw::Stop in>
2023-01-09 20:19:35.260	- Info  -	[CUDPLibWrapper] map size: 1, value: [182.100.1.215:39107/15749-2] = 0.0.0.0:15749;

2023-01-09 20:19:35.261	- Info  -	[oray][erroCode] errorcode=oray_errorcode(0), product=0, type=0, inner code=0 [CP2PStream::CUDPStream::Disconnect_impl:1044]
2023-01-09 20:19:35.261	- Info  -	[oray][erroCode] errorcode=oray_errorcode(0), product=0, type=0, inner code=0 [CUDPLibStream::Disconnect_impl:73]
2023-01-09 20:19:35.261	- Info  -	CConnectorRaw::Stop out<
2023-01-09 20:19:35.262	- Info  -	sensors close
2023-01-09 20:19:35.270	* Error *	Plugin disconnect with error : 0
2023-01-09 20:19:35.302	- Info  -	[desktop] CRemoteDesktopPlugin::~CRemoteDesktopPlugin(void)
2023-01-09 20:19:35.305	- Info  -	[vpx][decoder] close codec.
2023-01-09 20:19:35.331	- Info  -	CMultiChannelStreamImpl::~CMultiChannelStreamImpl
2023-01-09 20:19:35.333	- Info  -	program remote_plugin is exit 
