2023-03-15 10:08:55.271	- Info  -	version:3.2.1.40406
2023-03-15 10:08:55.275	- Info  -	DPIAwareness set 2 success.
2023-03-15 10:08:55.284	- Info  -	config path: àž»Ç—
2023-03-15 10:08:55.344	- Info  -	[displayclt] CDisplayClient::CDisplayClient(all)
2023-03-15 10:08:55.345	- Info  -	[desktop] CRemoteDesktopPlugin::CRemoteDesktopPlugin(all)
2023-03-15 10:08:55.353	- Info  -	sensors init with file: C:/ProgramData/Oray/SunloginClient/sensors/datas
2023-03-15 10:08:55.371	- Info  -	CMultiChannelStreamImpl::CMultiChannelStreamImpl
2023-03-15 10:08:55.372	- Info  -	CConnectorRaw::OnStreamEvent(1) state: CNTS_FORWARD, error: 0
2023-03-15 10:08:55.373	* Error *	sensors data send failed!
2023-03-15 10:08:55.373	- Info  -	CConnectorRaw::OnEvent() state: CNTS_FORWARD, error: 0, oray errorcode: 0
2023-03-15 10:08:55.373	- Info  -	[oray][erroCode] errorcode=oray_errorcode(0), product=0, type=0, inner code=0 [CConnectorRaw::OnEvent:624]
2023-03-15 10:08:55.453	- Info  -	attempt to connect server 1584713586.slp2p-east-std06.oray.net:443(180.113.2.206:443)
2023-03-15 10:08:55.496	- Info  -	plugin_public access_token is NULL
2023-03-15 10:08:55.551	- Info  -	[TCPConnector] CCurStream handle client_connect
2023-03-15 10:08:55.617	- Info  -	[MultiChannel] Forward channel shake handle 180.113.2.206:443
2023-03-15 10:08:55.618	- Info  -	CMultiChannelStreamImpl::OnConnect()
2023-03-15 10:08:55.618	- Info  -	CClientStream 180.113.2.206:443 OnConnect
2023-03-15 10:08:55.621	- Info  -	CConnectorRaw::OnEvent() state: CNTS_LOGIN, error: 0, oray errorcode: 0
2023-03-15 10:08:55.621	- Info  -	[oray][erroCode] errorcode=oray_errorcode(0), product=0, type=0, inner code=0 [CConnectorRaw::OnEvent:624]
2023-03-15 10:08:55.621	- Info  -	CConnectorRaw::OnEvent() state: CNTS_FWD_SHAKEHANDLE, error: 0, oray errorcode: 0
2023-03-15 10:08:55.621	- Info  -	[oray][erroCode] errorcode=oray_errorcode(0), product=0, type=0, inner code=0 [CConnectorRaw::OnEvent:624]
2023-03-15 10:08:55.775	- Info  -	[MultiChannel] Forward channel connected 180.113.2.206:443
2023-03-15 10:08:55.776	- Info  -	CMultiChannelStreamImpl::OnConnectEvent, status: CNTS_FWD_CONNECTED, isclosed:false, HadFwdConnected: true, HadBeenHolePunch: false
2023-03-15 10:08:55.776	- Info  -	CConnectorRaw::OnEvent() state: CNTS_FWD_CONNECTED, error: 0, oray errorcode: 0
2023-03-15 10:08:55.776	- Info  -	[oray][erroCode] errorcode=oray_errorcode(0), product=0, type=0, inner code=0 [CConnectorRaw::OnEvent:624]
2023-03-15 10:08:55.776	- Info  -	CClientStream 180.113.2.206:443 OnReceive reply 1 
2023-03-15 10:08:55.776	- Info  -	CClientStream 180.113.2.206:443 start keepalive
2023-03-15 10:08:55.776	- Info  -	CClientStream 180.113.2.206:443 login OK
2023-03-15 10:08:55.776	- Info  -	CConnectorRaw::OnEvent() state: CNTS_CONNECTED, error: 0, oray errorcode: 0
2023-03-15 10:08:55.776	- Info  -	[oray][erroCode] errorcode=oray_errorcode(0), product=0, type=0, inner code=0 [CConnectorRaw::OnEvent:624]
2023-03-15 10:08:55.776	- Info  -	CPluginThreadManager start plugin thread
2023-03-15 10:08:55.779	- Info  -	CActivePlugin prepare to init plugin
2023-03-15 10:08:55.779	- Info  -	[desktop] create drag server OK
2023-03-15 10:08:55.779	- Info  -	CActivePlugin prepare to run plugin
2023-03-15 10:08:55.780	- Info  -	[desktop] sending switch desktop type message...
2023-03-15 10:08:55.780	- Info  -	[desktop] request enumerate user list.
2023-03-15 10:08:55.781	- Info  -	[desktop] Separation message loop start.
2023-03-15 10:08:55.785	- Info  -	[desktop] receive enumerate user respond
2023-03-15 10:08:55.785	- Info  -	[desktop] request switch user host message...
2023-03-15 10:08:56.205	- Info  -	[desktop] receive switch host message res = 1 
2023-03-15 10:08:56.205	- Info  -	[desktop] request enum screen
2023-03-15 10:08:56.205	- Info  -	[DisplayClient] SetCompression 11/15
2023-03-15 10:08:56.205	- Info  -	[desktop] request start stream
2023-03-15 10:08:56.205	- Info  -	[desktop] SetCompressionParam: layer=1;encoding=4;format=1;reserved=0, size: 38
2023-03-15 10:08:56.218	* Error *	sensors data send failed!
2023-03-15 10:08:56.257	- Info  -	[desktop] OnQueryConfigRes
2023-03-15 10:08:56.257	- Info  -	[desktop] OnQueryConfigRes
2023-03-15 10:08:56.261	- Info  -	[desktop] recv enum screen, number is 1
2023-03-15 10:08:56.808	- Info  -	[clipboard] start clipboard...
2023-03-15 10:08:56.820	- Info  -	[clipboard][converter] html format 49319
2023-03-15 10:08:56.820	- Info  -	[clipboard][converter] rtf format 49397
2023-03-15 10:08:56.820	- Info  -	[clipboard] start clipboard ok.
2023-03-15 10:08:56.820	- Info  -	[desktop] sync clipboard enable
2023-03-15 10:08:57.247	- Info  -	SetDisplayMode() w=1600, h=900, bpp=32
2023-03-15 10:08:57.247	- Info  -	ResetBitmap width=1600, height=900, bpp=32, srcbpp=32, Size = 5760000
2023-03-15 10:08:57.247	- Info  -	[DisplayClient] recv image info, width: 1600, height: 900, bpp: 32
2023-03-15 10:08:57.247	- Info  -	[DisplayClient] OnRecvCompInfo format/quality 11/15
2023-03-15 10:08:57.248	- Info  -	[desktop][DisplayClient] recv first frame.
2023-03-15 10:08:57.272	- Info  -	[DisplayClient] recv compimage type: ID_IMAGE_RAPIDCOMP
2023-03-15 10:08:57.366	- Info  -	[vpx] open codec.
2023-03-15 10:08:57.515	- Info  -	[desktop][DisplayClient] decode first frame end.
2023-03-15 10:08:57.517	- Info  -	[desktop] receive first frame message
2023-03-15 10:08:57.519	- Info  -	SetDisplayMode() w=1600, h=900, bpp=32
2023-03-15 10:08:57.519	- Info  -	ResetBitmap width=1600, height=900, bpp=32, srcbpp=32, Size = 5760000
2023-03-15 10:08:57.521	- Info  -	[DisplayClient] recv image info, width: 1600, height: 900, bpp: 32
2023-03-15 10:08:57.610	- Info  -	[vpx][decoder] close codec.
2023-03-15 10:08:57.632	- Info  -	[DisplayClient] OnRecvCompInfo format/quality 11/15
2023-03-15 10:08:57.632	- Info  -	[desktop][DisplayClient] recv first frame.
2023-03-15 10:08:57.648	- Info  -	[DisplayClient] recv compimage type: ID_IMAGE_RAPIDCOMP
2023-03-15 10:08:57.778	- Info  -	CMultiChannelStreamImpl::ConnectP2PServer, thread id: 9664
2023-03-15 10:08:57.794	- Info  -	[vpx] open codec.
2023-03-15 10:08:57.857	- Info  -	[desktop][DisplayClient] decode first frame end.
2023-03-15 10:08:57.858	- Info  -	[desktop] receive first frame message
2023-03-15 10:08:57.858	- Info  -	CClipboardRaw::OnReceiveQueryVersionReq 2
2023-03-15 10:08:57.861	- Info  -	CClipboardRaw::OnReceiveQueryVersionReq 2
2023-03-15 10:08:57.960	- Info  -	CConnectorRaw::OnStreamEvent(1) state: CNTS_P2P, error: 0
2023-03-15 10:08:57.960	- Info  -	CConnectorRaw::OnEvent() state: CNTS_P2P, error: 0, oray errorcode: 0
2023-03-15 10:08:57.960	- Info  -	[oray][erroCode] errorcode=oray_errorcode(0), product=0, type=0, inner code=0 [CConnectorRaw::OnEvent:624]
2023-03-15 10:08:57.960	- Info  -	[P2PConnector] attempt to connect server PHSRC://1584713586.slp2p-east-std06.oray.net:4118/desktop(slp2p-east-std06.oray.net:4118) 
2023-03-15 10:08:58.112	- Info  -	[udp] support straight send in peer : no 180.113.2.206:4118 CConnection::OnConnectRes
2023-03-15 10:08:58.114	- Info  -	[P2PHelper] detect local ip ...
2023-03-15 10:08:58.114	- Info  -	[P2PHelper] detect local ip 192.168.2.107
2023-03-15 10:08:58.114	- Info  -	[P2PHelper] attempt to login P2P Server...
2023-03-15 10:08:58.125	- Info  -	Init D3D2 OK
2023-03-15 10:08:58.125	- Info  -	[DesktopSurface] Use DirectX Paint mode 2
2023-03-15 10:08:58.143	- Info  -	[P2PHelper] Login P2P Server OK
2023-03-15 10:08:58.143	- Info  -	[P2PHelper] OnLoginRes, receive public ip 106.5.128.56:5016
2023-03-15 10:08:58.143	- Info  -	[P2PHelper] sending P2P request ...
2023-03-15 10:08:58.179	- Info  -	Init D3D2 OK
2023-03-15 10:08:58.181	- Info  -	[clipboard] CClipboardViewer::OnClipboardUpdate
2023-03-15 10:08:58.209	- Info  -	[P2PHelper] receive peer local ip 192.168.0.104:15322, public ip 106.4.221.178:32125
2023-03-15 10:08:58.209	- Info  -	[P2PStream] EstablishP2P local ip 106.5.128.56:5016/192.168.2.107:15695 ==> peer ip 106.4.221.178:32125/192.168.0.104:15322
2023-03-15 10:08:58.215	- Info  -	[maindialog] draw first frame end
2023-03-15 10:08:58.277	- Info  -	[desktop] sync clipboard enable
2023-03-15 10:08:58.278	- Info  -	[http call3] new call id:1, url:https://slapi.oray.net/client/free-tips
2023-03-15 10:08:58.279	- Info  -	[http call3] new call id:2, url:https://slapi.oray.net/remote/get-network
2023-03-15 10:08:58.280	- Info  -	[http call3] id:1 create new connection : https://slapi.oray.net:443
2023-03-15 10:08:58.282	- Info  -	attempt to connect server slapi.oray.net:443(121.40.200.192:443)
2023-03-15 10:08:58.284	- Info  -	[http call3] id:2 use old connection : https://slapi.oray.net:443
2023-03-15 10:08:58.525	- Info  -	[http call3] id:1, url:https://slapi.oray.net/client/free-tips, status code:200
2023-03-15 10:08:58.700	- Info  -	[http call3] id:2, url:https://slapi.oray.net/remote/get-network, status code:200
2023-03-15 10:08:58.737	- Info  -	discovery ok, find root devices: http://192.168.2.1:1900/igd.xml
2023-03-15 10:08:58.780	- Info  -	external ip address 100.66.60.227
2023-03-15 10:08:58.780	- Info  -	upnpnat_search_thread::ThreadLoop end
2023-03-15 10:08:58.784	- Info  -	[udpwrapper] attempt to establish P2P connection via: 180.113.2.206:4118, (local)192.168.2.107:15695|(public)106.5.128.56:5016 ==> (local)192.168.0.104:15322|(public)106.4.221.178:32125
2023-03-15 10:08:58.784	- Info  -	add_port_mapping external port 5016, internalclient ip 192.168.2.107, internal port 15695
2023-03-15 10:08:58.827	+Warning+	[udpwrapper] add UPNP failed, Fail to add port mapping (slcc/ UDP)

2023-03-15 10:08:58.860	- Info  -	[drag] QueryVersionRes is true
2023-03-15 10:08:58.860	- Info  -	CClipboardRaw::OnReceiveQueryVersionRes 2
2023-03-15 10:08:58.861	- Info  -	[udp] OnConnectAck working in advanced mode 2
2023-03-15 10:08:58.862	- Info  -	[udp] support straight send in peer : yes 106.4.221.178:32125 CConnection::OnConnectRes
2023-03-15 10:08:58.862	- Info  -	[oray][erroCode] errorcode=oray_errorcode(0), product=0, type=0, inner code=0 [CUDPLibStream::Disconnect_impl:73]
2023-03-15 10:08:58.863	- Info  -	[udp] Disconnect
2023-03-15 10:08:58.863	- Info  -	[udp] SendDisconnect
2023-03-15 10:08:58.863	- Info  -	[P2PHelper] MainServer disconnect
2023-03-15 10:08:58.863	- Info  -	[MultiChannel] P2P channel shake handle 106.4.221.178:32125
2023-03-15 10:08:58.863	- Info  -	CConnectorRaw::OnEvent() state: CNTS_P2P_SHAKEHANDLE, error: 0, oray errorcode: 0
2023-03-15 10:08:58.863	- Info  -	[oray][erroCode] errorcode=oray_errorcode(0), product=0, type=0, inner code=0 [CConnectorRaw::OnEvent:624]
2023-03-15 10:08:58.863	- Info  -	[MultiChannel] send SHAKE_HANDLES_MSG, read 253921, write 4800
2023-03-15 10:08:58.863	- Info  -	[P2PStream] connected (by udp) 0.0.0.0:15695 <--> 106.4.221.178:32125
2023-03-15 10:08:58.875	- Info  -	[MultiChannel] Received SHAKE_HANDLES_MSG, read 4820 / (local write 4800), write 254065 / (local read 253921)
2023-03-15 10:08:58.876	- Info  -	[MultiChannel] P2P channel connected 106.4.221.178:32125
2023-03-15 10:08:58.876	- Info  -	CConnectorRaw::OnEvent() state: CNTS_P2P_CONNECTED, error: 0, oray errorcode: 0
2023-03-15 10:08:58.876	- Info  -	[oray][erroCode] errorcode=oray_errorcode(0), product=0, type=0, inner code=0 [CConnectorRaw::OnEvent:624]
2023-03-15 10:08:58.876	- Info  -	[MultiChannel] forward stream read data(size:44, 44, left:144) when p2p state is CONNECTED @ 445
2023-03-15 10:08:58.876	- Info  -	[MultiChannel] forward stream read data(size:20, 20, left:100) when p2p state is CONNECTED @ 445
2023-03-15 10:08:58.876	- Info  -	[MultiChannel] forward stream read data(size:80, 80, left:80) when p2p state is CONNECTED @ 445
2023-03-15 10:08:58.876	- Info  -	[MultiChannel] forward data read completed @ 462
2023-03-15 10:08:58.883	- Info  -	[MultiChannel] write data when p2p state is CONNECTED, is full 0, writed data 4800 / peer read 4820, left 20, size 52 @ 153
2023-03-15 10:08:58.892	- Info  -	[udpwrapper] disconnect reason : 1
2023-03-15 10:08:58.892	- Info  -	[oray][erroCode] errorcode=oray_errorcode(57354), product=0, type=3, inner code=10 [CUDPLibWrapper::OnDisconnect:833]
2023-03-15 10:08:58.892	- Info  -	[udpwrapper] Disconnect 180.113.2.206:4118 @ 838
2023-03-15 10:08:58.892	- Info  -	[oray][erroCode] errorcode=oray_errorcode(57354), product=0, type=3, inner code=10 [CUDPLibStream::Disconnect_impl:73]
2023-03-15 10:08:58.906	- Info  -	[MultiChannel] forward data write completed @ 216
2023-03-15 10:09:11.786	* Error *	sensors data send failed!
2023-03-15 10:09:11.787	- Info  -	[oray][erroCode] errorcode=oray_errorcode(0), product=0, type=0, inner code=0 [CMultiChannelStream::Disconnect_impl:254]
2023-03-15 10:09:11.788	- Info  -	[TCPConnector] CCurStream handle client_disconnect
2023-03-15 10:09:11.788	- Info  -	[oray][erroCode] errorcode=transf(0), product=0, type=0, inner code=0 [CMultiChannelStream::ForwardHandler::Handle:647]
2023-03-15 10:09:11.788	- Info  -	CConnectorRaw::OnEvent() state: CNTS_FWD_DISCONNECT, error: 0, oray errorcode: 0
2023-03-15 10:09:11.788	- Info  -	[oray][erroCode] errorcode=oray_errorcode(0), product=0, type=0, inner code=0 [CConnectorRaw::OnEvent:624]
2023-03-15 10:09:11.788	+Warning+	[MultiChannel] unbind forward stream(errorcode 0) @ 651
2023-03-15 10:09:11.788	- Info  -	[oray][erroCode] errorcode=oray_errorcode(0), product=0, type=0, inner code=0 [CP2PStream::Disconnect_impl:678]
2023-03-15 10:09:11.788	- Info  -	[oray][erroCode] errorcode=oray_errorcode(0), product=0, type=0, inner code=0 [CP2PStream::CUDPStream::Disconnect_impl:1044]
2023-03-15 10:09:11.788	- Info  -	[oray][erroCode] errorcode=oray_errorcode(0), product=0, type=0, inner code=0 [CUDPLibStream::Disconnect_impl:73]
2023-03-15 10:09:11.788	- Info  -	[udp] Disconnect
2023-03-15 10:09:11.788	- Info  -	[udp] SendDisconnect
2023-03-15 10:09:11.788	- Info  -	[MultiChannel] P2P channel disconnect 106.4.221.178:32125
2023-03-15 10:09:11.788	- Info  -	[oray][erroCode] errorcode=transf(0), product=0, type=0, inner code=0 [CMultiChannelStream::P2PHandler::Handle:834]
2023-03-15 10:09:11.788	- Info  -	[oray][erroCode] errorcode=transf(0), product=0, type=0, inner code=0 [CMultiChannelStream::HandleDisconnect:1041]
2023-03-15 10:09:11.788	- Info  -	CMultiChannelStreamImpl::OnDisconnect()
2023-03-15 10:09:11.788	- Info  -	[oray][erroCode] errorcode=oray_errorcode(0), product=0, type=0, inner code=0 [CMultiChannelStreamImpl::OnDisconnect:100]
2023-03-15 10:09:11.788	- Info  -	CClientStream 106.4.221.178:32125 OnDisconnect, errocde:0
2023-03-15 10:09:11.788	- Info  -	[oray][erroCode] errorcode=errcode(0), product=0, type=0, inner code=0 [CClientStream::OnDisconnect:104]
2023-03-15 10:09:11.789	- Info  -	OnDisconnect, error code 0
2023-03-15 10:09:11.789	- Info  -	[oray][erroCode] errorcode=errcode(0), product=0, type=0, inner code=0 [BinaryPluginStream::OnDisconnect:404]
2023-03-15 10:09:11.789	- Info  -	CPluginThreadManager stop plugin thread
2023-03-15 10:09:11.789	- Info  -	[desktop] Separation message loop stop.
2023-03-15 10:09:11.789	- Info  -	CActivePlugin prepare to exit plugin
2023-03-15 10:09:11.789	- Info  -	[desktop] RemoteDesktopPlugin::ExitInstance. >
2023-03-15 10:09:11.789	- Info  -	[clipboard] stop clipboard...
2023-03-15 10:09:11.802	- Info  -	[udpwrapper] udprelay connecting 106.4.221.178:32125 via 180.113.2.206:4118
2023-03-15 10:09:11.804	- Info  -	[clipboard] recv thread end(1).
2023-03-15 10:09:11.804	- Info  -	[clipboard] call CClipboardViewer::DestroyWnd at 190
2023-03-15 10:09:11.804	- Info  -	[clipboard] recv WM_CLOSE, end thread.
2023-03-15 10:09:11.805	- Info  -	[clipboard] Stop Clipboard ok
2023-03-15 10:09:11.819	- Info  -	[desktop] [thread] cancel.
2023-03-15 10:09:11.819	- Info  -	[desktop] RemoteDesktopPlugin::ExitInstance. <
2023-03-15 10:09:11.820	- Info  -	CConnectorRaw::OnEvent() state: CNTS_P2P_DISCONNECT, error: 0, oray errorcode: 0
2023-03-15 10:09:11.820	- Info  -	[oray][erroCode] errorcode=oray_errorcode(0), product=0, type=0, inner code=0 [CConnectorRaw::OnEvent:624]
2023-03-15 10:09:11.820	- Info  -	[oray][erroCode] errorcode=oray_errorcode(0), product=0, type=0, inner code=0 [CP2PStream::CTCPStream::Disconnect_impl:1016]
2023-03-15 10:09:11.820	- Info  -	CConnectorRaw::OnEvent() state: CNTS_DISCONNECTED, error: 0, oray errorcode: 0
2023-03-15 10:09:11.820	- Info  -	[oray][erroCode] errorcode=oray_errorcode(0), product=0, type=0, inner code=0 [CConnectorRaw::OnEvent:624]
2023-03-15 10:09:11.821	- Info  -	CConnectorRaw::Stop in>
2023-03-15 10:09:11.821	- Info  -	[CUDPLibWrapper] map size: 1, value: [106.4.221.178:32125/15695-2] = 0.0.0.0:15695;

2023-03-15 10:09:11.821	- Info  -	[oray][erroCode] errorcode=oray_errorcode(0), product=0, type=0, inner code=0 [CP2PStream::CUDPStream::Disconnect_impl:1044]
2023-03-15 10:09:11.821	- Info  -	[oray][erroCode] errorcode=oray_errorcode(0), product=0, type=0, inner code=0 [CUDPLibStream::Disconnect_impl:73]
2023-03-15 10:09:11.822	- Info  -	CConnectorRaw::Stop out<
2023-03-15 10:09:11.822	- Info  -	sensors close
2023-03-15 10:09:11.829	* Error *	Plugin disconnect with error : 0
2023-03-15 10:09:11.850	- Info  -	[desktop] CRemoteDesktopPlugin::~CRemoteDesktopPlugin(void)
2023-03-15 10:09:11.851	- Info  -	[vpx][decoder] close codec.
2023-03-15 10:09:11.872	- Info  -	CMultiChannelStreamImpl::~CMultiChannelStreamImpl
2023-03-15 10:09:11.881	- Info  -	[http call3] disconnect, error( 0 )
2023-03-15 10:09:11.882	- Info  -	program remote_plugin is exit 
