2023-05-25 12:58:28.088	- Info  -	version:3.2.1.40406
2023-05-25 12:58:28.094	- Info  -	DPIAwareness set 2 success.
2023-05-25 12:58:28.101	- Info  -	config path: àE–Pà
2023-05-25 12:58:28.171	- Info  -	[displayclt] CDisplayClient::CDisplayClient(all)
2023-05-25 12:58:28.171	- Info  -	[desktop] CRemoteDesktopPlugin::CRemoteDesktopPlugin(all)
2023-05-25 12:58:28.197	- Info  -	CMultiChannelStreamImpl::CMultiChannelStreamImpl
2023-05-25 12:58:28.198	- Info  -	CConnectorRaw::OnStreamEvent(1) state: CNTS_FORWARD, error: 0
2023-05-25 12:58:28.198	- Info  -	CConnectorRaw::OnEvent() state: CNTS_FORWARD, error: 0, oray errorcode: 0
2023-05-25 12:58:28.199	- Info  -	[oray][erroCode] errorcode=oray_errorcode(0), product=0, type=0, inner code=0 [CConnectorRaw::OnEvent:624]
2023-05-25 12:58:28.215	- Info  -	sensors init with file: C:/ProgramData/Oray/SunloginClient/sensors/datas
2023-05-25 12:58:28.216	* Error *	sensors data send failed!
2023-05-25 12:58:28.267	- Info  -	attempt to connect server 1079853701.slp2p-east-std02.oray.net:443(221.228.93.130:443)
2023-05-25 12:58:28.344	- Info  -	plugin_public access_token is NULL
2023-05-25 12:58:28.385	- Info  -	[TCPConnector] CCurStream handle client_connect
2023-05-25 12:58:28.422	- Info  -	[MultiChannel] Forward channel shake handle 221.228.93.130:443
2023-05-25 12:58:28.422	- Info  -	CMultiChannelStreamImpl::OnConnect()
2023-05-25 12:58:28.422	- Info  -	CClientStream 221.228.93.130:443 OnConnect
2023-05-25 12:58:28.422	- Info  -	CConnectorRaw::OnEvent() state: CNTS_LOGIN, error: 0, oray errorcode: 0
2023-05-25 12:58:28.422	- Info  -	[oray][erroCode] errorcode=oray_errorcode(0), product=0, type=0, inner code=0 [CConnectorRaw::OnEvent:624]
2023-05-25 12:58:28.422	- Info  -	CConnectorRaw::OnEvent() state: CNTS_FWD_SHAKEHANDLE, error: 0, oray errorcode: 0
2023-05-25 12:58:28.422	- Info  -	[oray][erroCode] errorcode=oray_errorcode(0), product=0, type=0, inner code=0 [CConnectorRaw::OnEvent:624]
2023-05-25 12:58:28.596	- Info  -	[MultiChannel] Forward channel connected 221.228.93.130:443
2023-05-25 12:58:28.596	- Info  -	CMultiChannelStreamImpl::OnConnectEvent, status: CNTS_FWD_CONNECTED, isclosed:false, HadFwdConnected: true, HadBeenHolePunch: false
2023-05-25 12:58:28.596	- Info  -	CConnectorRaw::OnEvent() state: CNTS_FWD_CONNECTED, error: 0, oray errorcode: 0
2023-05-25 12:58:28.596	- Info  -	[oray][erroCode] errorcode=oray_errorcode(0), product=0, type=0, inner code=0 [CConnectorRaw::OnEvent:624]
2023-05-25 12:58:28.596	- Info  -	CClientStream 221.228.93.130:443 OnReceive reply 1 
2023-05-25 12:58:28.596	- Info  -	CClientStream 221.228.93.130:443 start keepalive
2023-05-25 12:58:28.596	- Info  -	CClientStream 221.228.93.130:443 login OK
2023-05-25 12:58:28.596	- Info  -	CConnectorRaw::OnEvent() state: CNTS_CONNECTED, error: 0, oray errorcode: 0
2023-05-25 12:58:28.596	- Info  -	[oray][erroCode] errorcode=oray_errorcode(0), product=0, type=0, inner code=0 [CConnectorRaw::OnEvent:624]
2023-05-25 12:58:28.596	- Info  -	CPluginThreadManager start plugin thread
2023-05-25 12:58:28.599	- Info  -	CActivePlugin prepare to init plugin
2023-05-25 12:58:28.600	- Info  -	[desktop] create drag server OK
2023-05-25 12:58:28.600	- Info  -	CActivePlugin prepare to run plugin
2023-05-25 12:58:28.600	- Info  -	[desktop] sending switch desktop type message...
2023-05-25 12:58:28.601	- Info  -	[desktop] request enumerate user list.
2023-05-25 12:58:28.601	- Info  -	[desktop] Separation message loop start.
2023-05-25 12:58:28.601	- Info  -	[desktop] receive enumerate user respond
2023-05-25 12:58:28.601	- Info  -	[desktop] request switch user host message...
2023-05-25 12:58:28.641	- Info  -	[desktop] receive switch host message res = 1 
2023-05-25 12:58:28.641	- Info  -	[desktop] request enum screen
2023-05-25 12:58:28.642	- Info  -	[DisplayClient] SetCompression 11/15
2023-05-25 12:58:28.642	- Info  -	[desktop] request start stream
2023-05-25 12:58:28.642	- Info  -	[desktop] SetCompressionParam: layer=1;encoding=4;format=1;reserved=0, size: 38
2023-05-25 12:58:28.697	- Info  -	[desktop] OnQueryConfigRes
2023-05-25 12:58:28.701	- Info  -	[desktop] OnQueryConfigRes
2023-05-25 12:58:28.701	- Info  -	[desktop] recv enum screen, number is 1
2023-05-25 12:58:29.019	- Info  -	SetDisplayMode() w=1600, h=900, bpp=32
2023-05-25 12:58:29.019	- Info  -	ResetBitmap width=1600, height=900, bpp=32, srcbpp=32, Size = 5760000
2023-05-25 12:58:29.019	- Info  -	[DisplayClient] recv image info, width: 1600, height: 900, bpp: 32
2023-05-25 12:58:29.020	- Info  -	[DisplayClient] OnRecvCompInfo format/quality 11/15
2023-05-25 12:58:29.020	- Info  -	[desktop][DisplayClient] recv first frame.
2023-05-25 12:58:29.027	- Info  -	[DisplayClient] recv compimage type: ID_IMAGE_RAPIDCOMP
2023-05-25 12:58:29.110	- Info  -	[vpx] open h264 codec
2023-05-25 12:58:29.113	- Info  -	[vpx] close h264 codec
2023-05-25 12:58:29.113	- Info  -	[vpx] open h264 codec
2023-05-25 12:58:29.182	- Info  -	[desktop][DisplayClient] decode first frame end.
2023-05-25 12:58:29.183	- Info  -	[desktop] receive first frame message
2023-05-25 12:58:29.196	- Info  -	[clipboard] start clipboard...
2023-05-25 12:58:29.243	- Info  -	[clipboard][converter] html format 49429
2023-05-25 12:58:29.243	- Info  -	[clipboard][converter] rtf format 49271
2023-05-25 12:58:29.243	- Info  -	[clipboard] start clipboard ok.
2023-05-25 12:58:29.243	- Info  -	[desktop] sync clipboard enable
2023-05-25 12:58:29.253	* Error *	sensors data send failed!
2023-05-25 12:58:29.732	- Info  -	Init D3D2 OK
2023-05-25 12:58:29.732	- Info  -	[DesktopSurface] Use DirectX Paint mode 2
2023-05-25 12:58:29.777	- Info  -	Init D3D2 OK
2023-05-25 12:58:29.805	- Info  -	[maindialog] draw first frame end
2023-05-25 12:58:29.989	- Info  -	[desktop] sync clipboard enable
2023-05-25 12:58:29.990	- Info  -	[http call3] new call id:1, url:https://slapi.oray.net/client/free-tips
2023-05-25 12:58:29.990	- Info  -	[http call3] new call id:2, url:https://slapi.oray.net/remote/get-network
2023-05-25 12:58:29.993	- Info  -	[http call3] id:1 create new connection : https://slapi.oray.net:443
2023-05-25 12:58:29.998	- Info  -	attempt to connect server slapi.oray.net:443(121.40.99.129:443)
2023-05-25 12:58:29.999	- Info  -	[http call3] id:2 use old connection : https://slapi.oray.net:443
2023-05-25 12:58:30.060	- Info  -	Init D3D2 OK
2023-05-25 12:58:30.184	- Info  -	[http call3] id:1, url:https://slapi.oray.net/client/free-tips, status code:200
2023-05-25 12:58:30.243	- Info  -	[http call3] id:2, url:https://slapi.oray.net/remote/get-network, status code:200
2023-05-25 12:58:30.592	- Info  -	CMultiChannelStreamImpl::ConnectP2PServer, thread id: 6012
2023-05-25 12:58:30.659	- Info  -	CConnectorRaw::OnStreamEvent(1) state: CNTS_P2P, error: 0
2023-05-25 12:58:30.660	- Info  -	CConnectorRaw::OnEvent() state: CNTS_P2P, error: 0, oray errorcode: 0
2023-05-25 12:58:30.660	- Info  -	[oray][erroCode] errorcode=oray_errorcode(0), product=0, type=0, inner code=0 [CConnectorRaw::OnEvent:624]
2023-05-25 12:58:30.660	- Info  -	[P2PConnector] attempt to connect server PHSRC://1079853701.slp2p-east-std02.oray.net:4118/desktop(slp2p-east-std02.oray.net:4118) 
2023-05-25 12:58:30.750	- Info  -	[udp] support straight send in peer : no 221.228.93.130:4118 CConnection::OnConnectRes
2023-05-25 12:58:30.752	- Info  -	[P2PHelper] detect local ip ...
2023-05-25 12:58:30.753	- Info  -	[P2PHelper] detect local ip 172.16.77.18
2023-05-25 12:58:30.753	- Info  -	[P2PHelper] attempt to login P2P Server...
2023-05-25 12:58:31.256	+Warning+	not found upnp devices on network!
2023-05-25 12:58:31.256	- Info  -	upnpnat_search_thread::ThreadLoop end
2023-05-25 12:58:31.664	- Info  -	[drag] QueryVersionRes is true
2023-05-25 12:58:31.664	- Info  -	CClipboardRaw::OnReceiveQueryVersionRes 2
2023-05-25 12:58:33.175	- Info  -	Init D3D2 OK
2023-05-25 12:58:33.204	* Error *	sensors data send failed!
2023-05-25 12:58:38.764	* Error *	sensors data send failed!
2023-05-25 12:58:45.245	* Error *	SSLStream::IsWantReadWrite|peer(121.40.99.129:443), SSL_read failed( 6 ), error:00000000:lib(0):func(0):reason(0), file( ..\includes\common\phstream\SSLStream.cpp:1898 )
2023-05-25 12:58:45.245	- Info  -	[http call3] disconnect, error( 0 )
2023-05-25 12:59:12.271	- Info  -	[clipboard] CClipboardViewer::OnClipboardUpdate
2023-05-25 12:59:12.572	- Info  -	[clipboard] CClipboardViewer::OnRenderFormat begin, uformat 1
2023-05-25 12:59:12.572	- Info  -	[clipboard] RenderFormat, win format 1, 1209566750
2023-05-25 13:07:39.230	- Info  -	Init D3D2 OK
2023-05-25 13:09:12.595	+Warning+	[clipboard] CClipboardRaw::WaitForRecvData timeout, start 1209566750, now 1210166750
2023-05-25 13:09:12.595	- Info  -	[clipboard] RenderFormat end
2023-05-25 13:09:12.595	- Info  -	[clipboard] CClipboardViewer::OnRenderFormat end, uformat 1
2023-05-25 13:09:12.602	- Info  -	[clipboard] CClipboardViewer::OnClipboardUpdate
2023-05-25 13:09:12.603	- Info  -	[clipboard] CClipboardViewer::OnClipboardUpdate
2023-05-25 13:09:12.603	- Info  -	[clipboard] CClipboardViewer::OnClipboardUpdate
2023-05-25 13:09:12.853	- Info  -	[clipboard] CClipboardViewer::OnRenderFormat begin, uformat 1
2023-05-25 13:09:12.853	- Info  -	[clipboard] RenderFormat, win format 1, 1210167015
2023-05-25 13:09:39.793	+Warning+	[BinaryPluginStream] rate reader pending data size 16 exceed 262144
2023-05-25 13:09:39.816	+Warning+	[BinaryPluginStream] rate reader data all clear
2023-05-25 13:09:42.433	+Warning+	[BinaryPluginStream] rate reader pending data size 16 exceed 262144
2023-05-25 13:09:42.458	+Warning+	[BinaryPluginStream] rate reader data all clear
2023-05-25 13:17:40.837	* Error *	sensors data send failed!
2023-05-25 13:17:40.842	- Info  -	[oray][erroCode] errorcode=oray_errorcode(0), product=0, type=0, inner code=0 [CMultiChannelStream::Disconnect_impl:254]
2023-05-25 13:17:40.843	- Info  -	[TCPConnector] CCurStream handle client_disconnect
2023-05-25 13:17:40.843	- Info  -	[oray][erroCode] errorcode=transf(0), product=0, type=0, inner code=0 [CMultiChannelStream::HandleDisconnect:1041]
2023-05-25 13:17:40.843	- Info  -	CMultiChannelStreamImpl::OnDisconnect()
2023-05-25 13:17:40.843	- Info  -	[oray][erroCode] errorcode=oray_errorcode(0), product=0, type=0, inner code=0 [CMultiChannelStreamImpl::OnDisconnect:100]
2023-05-25 13:17:40.843	- Info  -	CClientStream 221.228.93.130:443 OnDisconnect, errocde:0
2023-05-25 13:17:40.843	- Info  -	[oray][erroCode] errorcode=errcode(0), product=0, type=0, inner code=0 [CClientStream::OnDisconnect:104]
2023-05-25 13:17:40.843	- Info  -	OnDisconnect, error code 0
2023-05-25 13:17:40.843	- Info  -	[oray][erroCode] errorcode=errcode(0), product=0, type=0, inner code=0 [BinaryPluginStream::OnDisconnect:404]
2023-05-25 13:17:40.843	- Info  -	CPluginThreadManager stop plugin thread
2023-05-25 13:17:40.844	- Info  -	[desktop] Separation message loop stop.
2023-05-25 13:17:40.844	- Info  -	CActivePlugin prepare to exit plugin
2023-05-25 13:17:40.844	- Info  -	[desktop] RemoteDesktopPlugin::ExitInstance. >
2023-05-25 13:17:40.844	- Info  -	[clipboard] stop clipboard...
2023-05-25 13:17:40.844	+Warning+	[clipboard] call CClipboardRaw::WaitForRecvData failed
2023-05-25 13:17:40.844	- Info  -	[clipboard] RenderFormat end
2023-05-25 13:17:40.844	- Info  -	[clipboard] CClipboardViewer::OnRenderFormat end, uformat 1
2023-05-25 13:17:40.845	- Info  -	[clipboard] CClipboardViewer::OnClipboardUpdate
2023-05-25 13:17:40.846	- Info  -	[clipboard] push format(2) 8
2023-05-25 13:17:40.862	- Info  -	[clipboard] recv thread end(1).
2023-05-25 13:17:40.864	- Info  -	[clipboard] call CClipboardViewer::DestroyWnd at 190
2023-05-25 13:17:40.864	- Info  -	[clipboard] recv WM_CLOSE, end thread.
2023-05-25 13:17:40.871	- Info  -	[clipboard] Stop Clipboard ok
2023-05-25 13:17:40.956	- Info  -	[desktop] [thread] cancel.
2023-05-25 13:17:40.956	- Info  -	[desktop] RemoteDesktopPlugin::ExitInstance. <
2023-05-25 13:17:40.963	- Info  -	[oray][erroCode] errorcode=transf(0), product=0, type=0, inner code=0 [CMultiChannelStream::ForwardHandler::Handle:647]
2023-05-25 13:17:40.963	- Info  -	CMultiChannelStreamImpl::OnDisconnect(fwd)
2023-05-25 13:17:40.963	- Info  -	CConnectorRaw::OnEvent() state: CNTS_FWD_DISCONNECT, error: 0, oray errorcode: 0
2023-05-25 13:17:40.963	- Info  -	[oray][erroCode] errorcode=oray_errorcode(0), product=0, type=0, inner code=0 [CConnectorRaw::OnEvent:624]
2023-05-25 13:17:40.963	+Warning+	[MultiChannel] unbind forward stream(errorcode 0) @ 651
2023-05-25 13:17:40.963	- Info  -	[oray][erroCode] errorcode=oray_errorcode(0), product=0, type=0, inner code=0 [CP2PStream::Disconnect_impl:678]
2023-05-25 13:17:40.963	- Info  -	[oray][erroCode] errorcode=oray_errorcode(0), product=0, type=0, inner code=0 [CP2PStream::CUDPStream::Disconnect_impl:1044]
2023-05-25 13:17:40.963	- Info  -	[oray][erroCode] errorcode=oray_errorcode(0), product=0, type=0, inner code=0 [CUDPLibStream::Disconnect_impl:73]
2023-05-25 13:17:40.963	- Info  -	[oray][erroCode] errorcode=oray_errorcode(0), product=0, type=0, inner code=0 [CP2PStream::CTCPStream::Disconnect_impl:1016]
2023-05-25 13:17:40.964	- Info  -	CConnectorRaw::OnEvent() state: CNTS_DISCONNECTED, error: 0, oray errorcode: 0
2023-05-25 13:17:40.964	- Info  -	[oray][erroCode] errorcode=oray_errorcode(0), product=0, type=0, inner code=0 [CConnectorRaw::OnEvent:624]
2023-05-25 13:17:40.964	- Info  -	CConnectorRaw::Stop in>
2023-05-25 13:17:40.966	- Info  -	[CUDPLibWrapper] map size: 1, value: [221.228.93.130:4118/15690-0] = 0.0.0.0:15690;

2023-05-25 13:17:40.966	- Info  -	[oray][erroCode] errorcode=oray_errorcode(0), product=0, type=0, inner code=0 [CUDPLibStream::Disconnect_impl:73]
2023-05-25 13:17:40.966	- Info  -	[udp] Disconnect
2023-05-25 13:17:40.966	- Info  -	[udp] SendDisconnect
2023-05-25 13:17:40.966	- Info  -	[P2PHelper] MainServer disconnect
2023-05-25 13:17:40.966	- Info  -	[oray][erroCode] errorcode=err(0), product=0, type=0, inner code=0 [CP2PStream::DisconnectByError:442]
2023-05-25 13:17:40.966	- Info  -	[oray][erroCode] errorcode=oray_errorcode(0), product=0, type=0, inner code=0 [CP2PStream::Disconnect_impl:678]
2023-05-25 13:17:40.966	- Info  -	[oray][erroCode] errorcode=oray_errorcode(0), product=0, type=0, inner code=0 [CP2PStream::CUDPStream::Disconnect_impl:1044]
2023-05-25 13:17:40.966	- Info  -	[oray][erroCode] errorcode=oray_errorcode(0), product=0, type=0, inner code=0 [CUDPLibStream::Disconnect_impl:73]
2023-05-25 13:17:40.966	- Info  -	[oray][erroCode] errorcode=oray_errorcode(0), product=0, type=0, inner code=0 [CP2PStream::CTCPStream::Disconnect_impl:1016]
2023-05-25 13:17:40.968	- Info  -	CConnectorRaw::Stop out<
2023-05-25 13:17:40.969	* Error *	Plugin disconnect with error : 0
2023-05-25 13:17:40.969	- Info  -	sensors close
2023-05-25 13:17:41.024	- Info  -	[desktop] CRemoteDesktopPlugin::~CRemoteDesktopPlugin(void)
2023-05-25 13:17:41.026	- Info  -	[vpx] close h264 codec
2023-05-25 13:17:41.380	- Info  -	program remote_plugin is exit 
