2023-03-30 10:00:46.552	- Info  -	version:3.2.1.40406
2023-03-30 10:00:46.555	- Info  -	DPIAwareness set 2 success.
2023-03-30 10:00:46.562	- Info  -	config path: °Øü›#
2023-03-30 10:00:46.618	- Info  -	[displayclt] CDisplayClient::CDisplayClient(all)
2023-03-30 10:00:46.618	- Info  -	[desktop] CRemoteDesktopPlugin::CRemoteDesktopPlugin(all)
2023-03-30 10:00:46.626	- Info  -	sensors init with file: C:/ProgramData/Oray/SunloginClient/sensors/datas
2023-03-30 10:00:46.641	- Info  -	CMultiChannelStreamImpl::CMultiChannelStreamImpl
2023-03-30 10:00:46.642	- Info  -	CConnectorRaw::OnStreamEvent(1) state: CNTS_FORWARD, error: 0
2023-03-30 10:00:46.643	- Info  -	CConnectorRaw::OnEvent() state: CNTS_FORWARD, error: 0, oray errorcode: 0
2023-03-30 10:00:46.643	- Info  -	[oray][erroCode] errorcode=oray_errorcode(0), product=0, type=0, inner code=0 [CConnectorRaw::OnEvent:624]
2023-03-30 10:00:46.644	* Error *	sensors data send failed!
2023-03-30 10:00:46.742	- Info  -	attempt to connect server 1707098650.slp2p-east-std243.oray.net:443(117.68.2.23:443)
2023-03-30 10:00:46.753	- Info  -	plugin_public access_token is NULL
2023-03-30 10:00:46.815	- Info  -	[TCPConnector] CCurStream handle client_connect
2023-03-30 10:00:46.839	- Info  -	[MultiChannel] Forward channel shake handle 117.68.2.23:443
2023-03-30 10:00:46.839	- Info  -	CMultiChannelStreamImpl::OnConnect()
2023-03-30 10:00:46.840	- Info  -	CClientStream 117.68.2.23:443 OnConnect
2023-03-30 10:00:46.840	- Info  -	CConnectorRaw::OnEvent() state: CNTS_LOGIN, error: 0, oray errorcode: 0
2023-03-30 10:00:46.840	- Info  -	[oray][erroCode] errorcode=oray_errorcode(0), product=0, type=0, inner code=0 [CConnectorRaw::OnEvent:624]
2023-03-30 10:00:46.840	- Info  -	CConnectorRaw::OnEvent() state: CNTS_FWD_SHAKEHANDLE, error: 0, oray errorcode: 0
2023-03-30 10:00:46.840	- Info  -	[oray][erroCode] errorcode=oray_errorcode(0), product=0, type=0, inner code=0 [CConnectorRaw::OnEvent:624]
2023-03-30 10:00:46.934	- Info  -	[MultiChannel] Forward channel connected 117.68.2.23:443
2023-03-30 10:00:46.934	- Info  -	CMultiChannelStreamImpl::OnConnectEvent, status: CNTS_FWD_CONNECTED, isclosed:false, HadFwdConnected: true, HadBeenHolePunch: false
2023-03-30 10:00:46.934	- Info  -	CConnectorRaw::OnEvent() state: CNTS_FWD_CONNECTED, error: 0, oray errorcode: 0
2023-03-30 10:00:46.934	- Info  -	[oray][erroCode] errorcode=oray_errorcode(0), product=0, type=0, inner code=0 [CConnectorRaw::OnEvent:624]
2023-03-30 10:00:46.934	- Info  -	CClientStream 117.68.2.23:443 OnReceive reply 1 
2023-03-30 10:00:46.934	- Info  -	CClientStream 117.68.2.23:443 start keepalive
2023-03-30 10:00:46.934	- Info  -	CClientStream 117.68.2.23:443 login OK
2023-03-30 10:00:46.934	- Info  -	CConnectorRaw::OnEvent() state: CNTS_CONNECTED, error: 0, oray errorcode: 0
2023-03-30 10:00:46.934	- Info  -	[oray][erroCode] errorcode=oray_errorcode(0), product=0, type=0, inner code=0 [CConnectorRaw::OnEvent:624]
2023-03-30 10:00:46.934	- Info  -	CPluginThreadManager start plugin thread
2023-03-30 10:00:46.935	- Info  -	CActivePlugin prepare to init plugin
2023-03-30 10:00:46.935	- Info  -	[desktop] create drag server OK
2023-03-30 10:00:46.935	- Info  -	CActivePlugin prepare to run plugin
2023-03-30 10:00:46.936	- Info  -	[desktop] sending switch desktop type message...
2023-03-30 10:00:46.936	- Info  -	[desktop] request enumerate user list.
2023-03-30 10:00:46.936	- Info  -	[desktop] Separation message loop start.
2023-03-30 10:00:46.936	- Info  -	[desktop] receive enumerate user respond
2023-03-30 10:00:46.936	- Info  -	[desktop] request switch user host message...
2023-03-30 10:00:47.059	- Info  -	[desktop] receive switch host message res = 1 
2023-03-30 10:00:47.059	- Info  -	[desktop] request enum screen
2023-03-30 10:00:47.059	- Info  -	[DisplayClient] SetCompression 11/15
2023-03-30 10:00:47.059	- Info  -	[desktop] request start stream
2023-03-30 10:00:47.059	- Info  -	[desktop] SetCompressionParam: layer=1;encoding=4;format=1;reserved=0, size: 38
2023-03-30 10:00:47.357	- Info  -	[desktop] OnQueryConfigRes
2023-03-30 10:00:47.357	- Info  -	[desktop] OnQueryConfigRes
2023-03-30 10:00:47.357	- Info  -	[desktop] recv enum screen, number is 1
2023-03-30 10:00:47.500	* Error *	sensors data send failed!
2023-03-30 10:00:47.636	- Info  -	SetDisplayMode() w=1600, h=900, bpp=32
2023-03-30 10:00:47.636	- Info  -	ResetBitmap width=1600, height=900, bpp=32, srcbpp=32, Size = 5760000
2023-03-30 10:00:47.636	- Info  -	[DisplayClient] recv image info, width: 1600, height: 900, bpp: 32
2023-03-30 10:00:47.636	- Info  -	[DisplayClient] OnRecvCompInfo format/quality 11/15
2023-03-30 10:00:47.636	- Info  -	[desktop][DisplayClient] recv first frame.
2023-03-30 10:00:47.643	- Info  -	[DisplayClient] recv compimage type: ID_IMAGE_RAPIDCOMP
2023-03-30 10:00:47.728	- Info  -	[vpx] open h264 codec
2023-03-30 10:00:47.739	- Info  -	[vpx] close h264 codec
2023-03-30 10:00:47.740	- Info  -	[vpx] open h264 codec
2023-03-30 10:00:47.802	- Info  -	[desktop][DisplayClient] decode first frame end.
2023-03-30 10:00:47.804	- Info  -	[desktop] receive first frame message
2023-03-30 10:00:47.865	- Info  -	[clipboard] start clipboard...
2023-03-30 10:00:47.884	- Info  -	[clipboard][converter] html format 49319
2023-03-30 10:00:47.884	- Info  -	[clipboard][converter] rtf format 49356
2023-03-30 10:00:47.885	- Info  -	[clipboard] start clipboard ok.
2023-03-30 10:00:47.885	- Info  -	[desktop] sync clipboard enable
2023-03-30 10:00:47.900	- Info  -	CClipboardRaw::OnReceiveQueryVersionReq 2
2023-03-30 10:00:48.065	- Info  -	Init D3D2 OK
2023-03-30 10:00:48.065	- Info  -	[DesktopSurface] Use DirectX Paint mode 2
2023-03-30 10:00:48.107	- Info  -	Init D3D2 OK
2023-03-30 10:00:48.129	- Info  -	[maindialog] draw first frame end
2023-03-30 10:00:48.167	- Info  -	[desktop] sync clipboard enable
2023-03-30 10:00:48.167	- Info  -	[http call3] new call id:1, url:https://slapi.oray.net/client/free-tips
2023-03-30 10:00:48.168	- Info  -	[http call3] id:1 create new connection : https://slapi.oray.net:443
2023-03-30 10:00:48.169	- Info  -	[http call3] new call id:2, url:https://slapi.oray.net/remote/get-network
2023-03-30 10:00:48.169	- Info  -	attempt to connect server slapi.oray.net:443(121.40.99.129:443)
2023-03-30 10:00:48.169	- Info  -	[http call3] id:2 use old connection : https://slapi.oray.net:443
2023-03-30 10:00:48.323	- Info  -	[http call3] id:1, url:https://slapi.oray.net/client/free-tips, status code:200
2023-03-30 10:00:48.390	- Info  -	[http call3] id:2, url:https://slapi.oray.net/remote/get-network, status code:200
2023-03-30 10:00:48.929	- Info  -	CMultiChannelStreamImpl::ConnectP2PServer, thread id: 13100
2023-03-30 10:00:49.358	- Info  -	CConnectorRaw::OnStreamEvent(1) state: CNTS_P2P, error: 0
2023-03-30 10:00:49.358	- Info  -	CConnectorRaw::OnEvent() state: CNTS_P2P, error: 0, oray errorcode: 0
2023-03-30 10:00:49.358	- Info  -	[oray][erroCode] errorcode=oray_errorcode(0), product=0, type=0, inner code=0 [CConnectorRaw::OnEvent:624]
2023-03-30 10:00:49.359	- Info  -	[P2PConnector] attempt to connect server PHSRC://1707098650.slp2p-east-std243.oray.net:4118/desktop(slp2p-east-std243.oray.net:4118) 
2023-03-30 10:00:49.396	- Info  -	[udp] support straight send in peer : no 117.68.2.23:4118 CConnection::OnConnectRes
2023-03-30 10:00:49.397	- Info  -	[P2PHelper] detect local ip ...
2023-03-30 10:00:49.397	- Info  -	[P2PHelper] detect local ip 192.168.2.111
2023-03-30 10:00:49.397	- Info  -	[P2PHelper] attempt to login P2P Server...
2023-03-30 10:00:49.412	- Info  -	[P2PHelper] Login P2P Server OK
2023-03-30 10:00:49.412	- Info  -	[P2PHelper] OnLoginRes, receive public ip 182.110.5.1:33163
2023-03-30 10:00:49.412	- Info  -	[P2PHelper] sending P2P request ...
2023-03-30 10:00:49.449	- Info  -	[P2PHelper] receive peer local ip 192.168.1.2:15696, public ip 182.101.54.64:16998
2023-03-30 10:00:49.449	- Info  -	[P2PStream] EstablishP2P local ip 182.110.5.1:33163/192.168.2.111:15181 ==> peer ip 182.101.54.64:16998/192.168.1.2:15696
2023-03-30 10:00:49.962	- Info  -	discovery ok, find root devices: http://192.168.2.1:1900/igd.xml
2023-03-30 10:00:50.013	- Info  -	external ip address 100.66.53.58
2023-03-30 10:00:50.013	- Info  -	upnpnat_search_thread::ThreadLoop end
2023-03-30 10:00:50.022	- Info  -	[udpwrapper] attempt to establish P2P connection via: (null), (local)192.168.2.111:15181|(public)182.110.5.1:33163 ==> (local)192.168.1.2:15696|(public)182.101.54.64:16998
2023-03-30 10:00:50.022	- Info  -	add_port_mapping external port 33163, internalclient ip 192.168.2.111, internal port 15181
2023-03-30 10:00:50.056	+Warning+	[udpwrapper] add UPNP failed, Fail to add port mapping (slcc/ UDP)

2023-03-30 10:00:50.064	- Info  -	[drag] QueryVersionRes is true
2023-03-30 10:00:50.074	- Info  -	[udp] OnConnectAck working in advanced mode 2
2023-03-30 10:00:50.074	- Info  -	[udp] support straight send in peer : no 182.101.54.64:16998 CConnection::OnConnectRes
2023-03-30 10:00:50.075	- Info  -	[oray][erroCode] errorcode=oray_errorcode(0), product=0, type=0, inner code=0 [CUDPLibStream::Disconnect_impl:73]
2023-03-30 10:00:50.076	- Info  -	[udp] Disconnect
2023-03-30 10:00:50.076	- Info  -	[udp] SendDisconnect
2023-03-30 10:00:50.077	- Info  -	[P2PHelper] MainServer disconnect
2023-03-30 10:00:50.077	- Info  -	[MultiChannel] P2P channel shake handle 182.101.54.64:16998
2023-03-30 10:00:50.077	- Info  -	CConnectorRaw::OnEvent() state: CNTS_P2P_SHAKEHANDLE, error: 0, oray errorcode: 0
2023-03-30 10:00:50.077	- Info  -	[oray][erroCode] errorcode=oray_errorcode(0), product=0, type=0, inner code=0 [CConnectorRaw::OnEvent:624]
2023-03-30 10:00:50.077	- Info  -	[MultiChannel] send SHAKE_HANDLES_MSG, read 200242, write 11682
2023-03-30 10:00:50.077	- Info  -	[P2PStream] connected (by udp) 0.0.0.0:15181 <--> 182.101.54.64:16998
2023-03-30 10:00:50.086	- Info  -	write data when p2p state is SHAKE_HANDLES @ 137
2023-03-30 10:00:50.086	- Info  -	CClipboardRaw::OnReceiveQueryVersionRes 2
2023-03-30 10:00:50.089	- Info  -	[MultiChannel] Received SHAKE_HANDLES_MSG, read 11662 / (local write 11682), write 200528 / (local read 200242)
2023-03-30 10:00:50.089	- Info  -	[MultiChannel] P2P channel connected 182.101.54.64:16998
2023-03-30 10:00:50.089	- Info  -	CConnectorRaw::OnEvent() state: CNTS_P2P_CONNECTED, error: 0, oray errorcode: 0
2023-03-30 10:00:50.089	- Info  -	[oray][erroCode] errorcode=oray_errorcode(0), product=0, type=0, inner code=0 [CConnectorRaw::OnEvent:624]
2023-03-30 10:00:50.089	- Info  -	[MultiChannel] forward data write completed @ 216
2023-03-30 10:00:50.092	- Info  -	[MultiChannel] forward stream read data(size:286, 286, left:286) when p2p state is CONNECTED @ 445
2023-03-30 10:00:50.093	- Info  -	[MultiChannel] forward data read completed @ 462
2023-03-30 10:00:50.094	- Info  -	[udpwrapper] disconnect reason : 1
2023-03-30 10:00:50.095	- Info  -	[oray][erroCode] errorcode=oray_errorcode(57354), product=0, type=3, inner code=10 [CUDPLibWrapper::OnDisconnect:833]
2023-03-30 10:00:50.095	- Info  -	[udpwrapper] Disconnect 117.68.2.23:4118 @ 838
2023-03-30 10:00:50.095	- Info  -	[oray][erroCode] errorcode=oray_errorcode(57354), product=0, type=3, inner code=10 [CUDPLibStream::Disconnect_impl:73]
2023-03-30 10:00:50.317	- Info  -	[udpwrapper] receive p2p hello message from 182.101.54.64:16998, stop hole punch thread @1325
2023-03-30 10:00:50.317	+Warning+	[udpwrapper] stream has disconnect @ 1406
2023-03-30 10:00:52.503	- Info  -	Init D3D2 OK
2023-03-30 10:00:53.783	- Info  -	Init D3D2 OK
2023-03-30 10:00:53.896	- Info  -	Init D3D2 OK
2023-03-30 10:00:53.928	- Info  -	Init D3D2 OK
2023-03-30 10:00:53.954	- Info  -	Init D3D2 OK
2023-03-30 10:00:53.972	- Info  -	Init D3D2 OK
2023-03-30 10:00:53.993	- Info  -	Init D3D2 OK
2023-03-30 10:00:54.013	- Info  -	Init D3D2 OK
2023-03-30 10:00:54.032	- Info  -	Init D3D2 OK
2023-03-30 10:00:54.069	- Info  -	Init D3D2 OK
2023-03-30 10:00:54.088	- Info  -	Init D3D2 OK
2023-03-30 10:00:54.115	- Info  -	Init D3D2 OK
2023-03-30 10:00:54.160	- Info  -	Init D3D2 OK
2023-03-30 10:00:54.185	- Info  -	Init D3D2 OK
2023-03-30 10:00:54.217	- Info  -	Init D3D2 OK
2023-03-30 10:00:54.303	- Info  -	Init D3D2 OK
2023-03-30 10:00:54.498	- Info  -	Init D3D2 OK
2023-03-30 10:00:54.519	- Info  -	Init D3D2 OK
2023-03-30 10:00:54.543	- Info  -	Init D3D2 OK
2023-03-30 10:00:54.565	- Info  -	Init D3D2 OK
2023-03-30 10:00:54.585	- Info  -	Init D3D2 OK
2023-03-30 10:00:54.606	- Info  -	Init D3D2 OK
2023-03-30 10:00:54.629	- Info  -	Init D3D2 OK
2023-03-30 10:00:54.649	- Info  -	Init D3D2 OK
2023-03-30 10:00:54.670	- Info  -	Init D3D2 OK
2023-03-30 10:00:54.696	- Info  -	Init D3D2 OK
2023-03-30 10:00:54.716	- Info  -	Init D3D2 OK
2023-03-30 10:00:54.742	- Info  -	Init D3D2 OK
2023-03-30 10:00:54.763	- Info  -	Init D3D2 OK
2023-03-30 10:00:54.783	- Info  -	Init D3D2 OK
2023-03-30 10:00:54.812	- Info  -	Init D3D2 OK
2023-03-30 10:00:54.833	- Info  -	Init D3D2 OK
2023-03-30 10:00:54.859	- Info  -	Init D3D2 OK
2023-03-30 10:00:54.899	- Info  -	Init D3D2 OK
2023-03-30 10:00:54.926	- Info  -	Init D3D2 OK
2023-03-30 10:00:54.952	- Info  -	Init D3D2 OK
2023-03-30 10:00:54.978	- Info  -	Init D3D2 OK
2023-03-30 10:00:55.003	- Info  -	Init D3D2 OK
2023-03-30 10:00:55.033	- Info  -	Init D3D2 OK
2023-03-30 10:00:55.076	- Info  -	Init D3D2 OK
2023-03-30 10:00:55.112	- Info  -	Init D3D2 OK
2023-03-30 10:00:55.147	- Info  -	Init D3D2 OK
2023-03-30 10:00:55.180	- Info  -	Init D3D2 OK
2023-03-30 10:00:55.211	- Info  -	Init D3D2 OK
2023-03-30 10:00:55.235	- Info  -	Init D3D2 OK
2023-03-30 10:00:56.264	- Info  -	Init D3D2 OK
2023-03-30 10:00:56.315	* Error *	sensors data send failed!
2023-03-30 10:01:03.384	* Error *	SSLStream::IsWantReadWrite|peer(121.40.99.129:443), SSL_read failed( 6 ), error:00000000:lib(0):func(0):reason(0), file( ..\includes\common\phstream\SSLStream.cpp:1898 )
2023-03-30 10:01:03.384	- Info  -	[http call3] disconnect, error( 0 )
2023-03-30 10:01:16.362	- Info  -	Init D3D2 OK
2023-03-30 10:01:16.463	- Info  -	Init D3D2 OK
2023-03-30 10:01:16.483	- Info  -	Init D3D2 OK
2023-03-30 10:01:16.510	- Info  -	Init D3D2 OK
2023-03-30 10:01:16.532	- Info  -	Init D3D2 OK
2023-03-30 10:01:16.561	- Info  -	Init D3D2 OK
2023-03-30 10:01:16.580	- Info  -	Init D3D2 OK
2023-03-30 10:01:16.603	- Info  -	Init D3D2 OK
2023-03-30 10:01:16.621	- Info  -	Init D3D2 OK
2023-03-30 10:01:16.645	- Info  -	Init D3D2 OK
2023-03-30 10:01:16.663	- Info  -	Init D3D2 OK
2023-03-30 10:01:16.684	- Info  -	Init D3D2 OK
2023-03-30 10:01:16.709	- Info  -	Init D3D2 OK
2023-03-30 10:01:16.729	- Info  -	Init D3D2 OK
2023-03-30 10:01:16.751	- Info  -	Init D3D2 OK
2023-03-30 10:01:16.770	- Info  -	Init D3D2 OK
2023-03-30 10:01:17.239	- Info  -	Init D3D2 OK
2023-03-30 10:01:17.257	- Info  -	Init D3D2 OK
2023-03-30 10:01:17.277	- Info  -	Init D3D2 OK
2023-03-30 10:01:17.296	- Info  -	Init D3D2 OK
2023-03-30 10:01:17.315	- Info  -	Init D3D2 OK
2023-03-30 10:01:17.341	- Info  -	Init D3D2 OK
2023-03-30 10:01:17.359	- Info  -	Init D3D2 OK
2023-03-30 10:01:17.381	- Info  -	Init D3D2 OK
2023-03-30 10:01:17.401	- Info  -	Init D3D2 OK
2023-03-30 10:01:17.419	- Info  -	Init D3D2 OK
2023-03-30 10:01:17.443	- Info  -	Init D3D2 OK
2023-03-30 10:01:17.655	- Info  -	Init D3D2 OK
2023-03-30 10:01:17.679	- Info  -	Init D3D2 OK
2023-03-30 10:01:17.943	- Info  -	Init D3D2 OK
2023-03-30 10:01:17.961	- Info  -	Init D3D2 OK
2023-03-30 10:01:17.978	- Info  -	Init D3D2 OK
2023-03-30 10:01:17.997	- Info  -	Init D3D2 OK
2023-03-30 10:01:18.738	- Info  -	Init D3D2 OK
2023-03-30 10:01:18.757	- Info  -	Init D3D2 OK
2023-03-30 10:01:18.775	- Info  -	Init D3D2 OK
2023-03-30 10:01:18.792	- Info  -	Init D3D2 OK
2023-03-30 10:01:18.810	- Info  -	Init D3D2 OK
2023-03-30 10:01:18.828	- Info  -	Init D3D2 OK
2023-03-30 10:01:18.857	- Info  -	Init D3D2 OK
2023-03-30 10:01:18.895	- Info  -	Init D3D2 OK
2023-03-30 10:01:18.950	- Info  -	Init D3D2 OK
2023-03-30 10:01:19.814	- Info  -	Init D3D2 OK
2023-03-30 10:01:19.877	- Info  -	Init D3D2 OK
2023-03-30 10:01:19.927	- Info  -	Init D3D2 OK
2023-03-30 10:01:19.965	- Info  -	Init D3D2 OK
2023-03-30 10:01:20.013	- Info  -	Init D3D2 OK
2023-03-30 10:01:20.030	- Info  -	Init D3D2 OK
2023-03-30 10:01:20.055	- Info  -	Init D3D2 OK
2023-03-30 10:01:20.077	- Info  -	Init D3D2 OK
2023-03-30 10:01:20.106	- Info  -	Init D3D2 OK
2023-03-30 10:01:20.395	- Info  -	Init D3D2 OK
2023-03-30 10:01:20.509	- Info  -	Init D3D2 OK
2023-03-30 10:01:20.823	- Info  -	Init D3D2 OK
2023-03-30 10:01:20.887	- Info  -	Init D3D2 OK
2023-03-30 10:01:20.912	- Info  -	Init D3D2 OK
2023-03-30 10:01:21.000	- Info  -	Init D3D2 OK
2023-03-30 10:01:21.050	- Info  -	Init D3D2 OK
2023-03-30 10:01:21.182	- Info  -	Init D3D2 OK
2023-03-30 10:01:21.344	- Info  -	Init D3D2 OK
2023-03-30 10:01:21.414	- Info  -	Init D3D2 OK
2023-03-30 10:01:21.471	- Info  -	Init D3D2 OK
2023-03-30 10:01:21.503	- Info  -	Init D3D2 OK
2023-03-30 10:01:21.525	- Info  -	Init D3D2 OK
2023-03-30 10:01:21.546	- Info  -	Init D3D2 OK
2023-03-30 10:01:21.572	- Info  -	Init D3D2 OK
2023-03-30 10:01:21.592	- Info  -	Init D3D2 OK
2023-03-30 10:01:21.611	- Info  -	Init D3D2 OK
2023-03-30 10:01:21.629	- Info  -	Init D3D2 OK
2023-03-30 10:01:21.672	- Info  -	Init D3D2 OK
2023-03-30 10:01:21.711	- Info  -	Init D3D2 OK
2023-03-30 10:01:21.756	- Info  -	Init D3D2 OK
2023-03-30 10:01:21.792	- Info  -	Init D3D2 OK
2023-03-30 10:01:21.830	- Info  -	Init D3D2 OK
2023-03-30 10:01:21.873	- Info  -	Init D3D2 OK
2023-03-30 10:01:21.893	- Info  -	Init D3D2 OK
2023-03-30 10:01:21.916	- Info  -	Init D3D2 OK
2023-03-30 10:01:21.947	- Info  -	Init D3D2 OK
2023-03-30 10:01:21.965	- Info  -	Init D3D2 OK
2023-03-30 10:01:21.984	- Info  -	Init D3D2 OK
2023-03-30 10:01:22.004	- Info  -	Init D3D2 OK
2023-03-30 10:01:22.040	- Info  -	Init D3D2 OK
2023-03-30 10:01:22.230	- Info  -	Init D3D2 OK
2023-03-30 10:01:22.560	- Info  -	Init D3D2 OK
2023-03-30 10:01:22.935	- Info  -	Init D3D2 OK
2023-03-30 10:01:23.029	- Info  -	Init D3D2 OK
2023-03-30 10:01:23.052	- Info  -	Init D3D2 OK
2023-03-30 10:01:23.074	- Info  -	Init D3D2 OK
2023-03-30 10:01:23.093	- Info  -	Init D3D2 OK
2023-03-30 10:01:23.110	- Info  -	Init D3D2 OK
2023-03-30 10:01:23.128	- Info  -	Init D3D2 OK
2023-03-30 10:01:23.239	- Info  -	Init D3D2 OK
2023-03-30 10:01:23.294	- Info  -	Init D3D2 OK
2023-03-30 10:01:23.314	- Info  -	Init D3D2 OK
2023-03-30 10:01:23.337	- Info  -	Init D3D2 OK
2023-03-30 10:01:23.356	- Info  -	Init D3D2 OK
2023-03-30 10:01:23.378	- Info  -	Init D3D2 OK
2023-03-30 10:01:23.397	- Info  -	Init D3D2 OK
2023-03-30 10:01:23.419	- Info  -	Init D3D2 OK
2023-03-30 10:01:23.441	- Info  -	Init D3D2 OK
2023-03-30 10:01:23.459	- Info  -	Init D3D2 OK
2023-03-30 10:01:23.477	- Info  -	Init D3D2 OK
2023-03-30 10:01:23.504	- Info  -	Init D3D2 OK
2023-03-30 10:01:23.774	- Info  -	Init D3D2 OK
2023-03-30 10:01:31.453	- Info  -	Init D3D2 OK
2023-03-30 10:01:31.468	- Info  -	Init D3D2 OK
2023-03-30 10:01:31.487	- Info  -	Init D3D2 OK
2023-03-30 10:01:31.524	- Info  -	Init D3D2 OK
2023-03-30 10:01:31.551	- Info  -	Init D3D2 OK
2023-03-30 10:01:31.581	- Info  -	Init D3D2 OK
2023-03-30 10:01:31.601	- Info  -	Init D3D2 OK
2023-03-30 10:01:31.633	- Info  -	Init D3D2 OK
2023-03-30 10:01:31.652	- Info  -	Init D3D2 OK
2023-03-30 10:01:31.685	- Info  -	Init D3D2 OK
2023-03-30 10:01:31.703	- Info  -	Init D3D2 OK
2023-03-30 10:01:31.739	- Info  -	Init D3D2 OK
2023-03-30 10:01:31.772	- Info  -	Init D3D2 OK
2023-03-30 10:01:31.794	- Info  -	Init D3D2 OK
2023-03-30 10:01:31.812	- Info  -	Init D3D2 OK
2023-03-30 10:01:31.840	- Info  -	Init D3D2 OK
2023-03-30 10:01:31.857	- Info  -	Init D3D2 OK
2023-03-30 10:01:32.065	- Info  -	Init D3D2 OK
2023-03-30 10:01:32.087	- Info  -	Init D3D2 OK
2023-03-30 10:01:32.113	- Info  -	Init D3D2 OK
2023-03-30 10:01:32.135	- Info  -	Init D3D2 OK
2023-03-30 10:01:32.153	- Info  -	Init D3D2 OK
2023-03-30 10:01:32.170	- Info  -	Init D3D2 OK
2023-03-30 10:01:32.188	- Info  -	Init D3D2 OK
2023-03-30 10:01:32.206	- Info  -	Init D3D2 OK
2023-03-30 10:01:32.226	- Info  -	Init D3D2 OK
2023-03-30 10:01:32.245	- Info  -	Init D3D2 OK
2023-03-30 10:01:32.263	- Info  -	Init D3D2 OK
2023-03-30 10:01:32.296	- Info  -	Init D3D2 OK
2023-03-30 10:01:32.414	- Info  -	Init D3D2 OK
2023-03-30 10:01:41.664	- Info  -	Init D3D2 OK
2023-03-30 10:01:41.681	- Info  -	Init D3D2 OK
2023-03-30 10:01:41.700	- Info  -	Init D3D2 OK
2023-03-30 10:01:41.726	- Info  -	Init D3D2 OK
2023-03-30 10:01:41.746	- Info  -	Init D3D2 OK
2023-03-30 10:01:41.763	- Info  -	Init D3D2 OK
2023-03-30 10:01:41.783	- Info  -	Init D3D2 OK
2023-03-30 10:01:41.804	- Info  -	Init D3D2 OK
2023-03-30 10:01:41.822	- Info  -	Init D3D2 OK
2023-03-30 10:01:41.841	- Info  -	Init D3D2 OK
2023-03-30 10:01:41.859	- Info  -	Init D3D2 OK
2023-03-30 10:01:41.878	- Info  -	Init D3D2 OK
2023-03-30 10:01:41.980	- Info  -	Init D3D2 OK
2023-03-30 10:01:45.605	- Info  -	Init D3D2 OK
2023-03-30 10:01:45.694	- Info  -	Init D3D2 OK
2023-03-30 10:01:45.712	- Info  -	Init D3D2 OK
2023-03-30 10:01:45.738	- Info  -	Init D3D2 OK
2023-03-30 10:01:45.756	- Info  -	Init D3D2 OK
2023-03-30 10:01:45.775	- Info  -	Init D3D2 OK
2023-03-30 10:01:45.793	- Info  -	Init D3D2 OK
2023-03-30 10:01:45.812	- Info  -	Init D3D2 OK
2023-03-30 10:01:45.833	- Info  -	Init D3D2 OK
2023-03-30 10:01:45.852	- Info  -	Init D3D2 OK
2023-03-30 10:01:45.871	- Info  -	Init D3D2 OK
2023-03-30 10:01:45.889	- Info  -	Init D3D2 OK
2023-03-30 10:01:45.907	- Info  -	Init D3D2 OK
2023-03-30 10:01:45.928	- Info  -	Init D3D2 OK
2023-03-30 10:01:45.946	- Info  -	Init D3D2 OK
2023-03-30 10:01:46.095	- Info  -	Init D3D2 OK
2023-03-30 10:01:46.112	- Info  -	Init D3D2 OK
2023-03-30 10:01:46.132	- Info  -	Init D3D2 OK
2023-03-30 10:01:46.519	- Info  -	Init D3D2 OK
2023-03-30 10:01:51.096	- Info  -	Init D3D2 OK
2023-03-30 10:01:51.135	- Info  -	Init D3D2 OK
2023-03-30 10:01:51.152	- Info  -	Init D3D2 OK
2023-03-30 10:01:51.178	- Info  -	Init D3D2 OK
2023-03-30 10:01:51.197	- Info  -	Init D3D2 OK
2023-03-30 10:01:51.216	- Info  -	Init D3D2 OK
2023-03-30 10:01:51.234	- Info  -	Init D3D2 OK
2023-03-30 10:01:51.251	- Info  -	Init D3D2 OK
2023-03-30 10:01:51.271	- Info  -	Init D3D2 OK
2023-03-30 10:01:51.290	- Info  -	Init D3D2 OK
2023-03-30 10:01:51.379	- Info  -	Init D3D2 OK
2023-03-30 10:01:51.397	- Info  -	Init D3D2 OK
2023-03-30 10:01:51.418	- Info  -	Init D3D2 OK
2023-03-30 10:01:51.437	- Info  -	Init D3D2 OK
2023-03-30 10:01:51.456	- Info  -	Init D3D2 OK
2023-03-30 10:01:51.480	- Info  -	Init D3D2 OK
2023-03-30 10:01:51.500	- Info  -	Init D3D2 OK
2023-03-30 10:01:51.517	- Info  -	Init D3D2 OK
2023-03-30 10:01:51.536	- Info  -	Init D3D2 OK
2023-03-30 10:01:51.555	- Info  -	Init D3D2 OK
2023-03-30 10:01:51.574	- Info  -	Init D3D2 OK
2023-03-30 10:01:51.595	- Info  -	Init D3D2 OK
2023-03-30 10:01:51.613	- Info  -	Init D3D2 OK
2023-03-30 10:01:51.632	- Info  -	Init D3D2 OK
2023-03-30 10:01:51.650	- Info  -	Init D3D2 OK
2023-03-30 10:01:51.685	- Info  -	Init D3D2 OK
2023-03-30 10:01:51.727	- Info  -	Init D3D2 OK
2023-03-30 10:01:51.757	- Info  -	Init D3D2 OK
2023-03-30 10:01:51.789	- Info  -	Init D3D2 OK
2023-03-30 10:01:51.811	- Info  -	Init D3D2 OK
2023-03-30 10:01:51.828	- Info  -	Init D3D2 OK
2023-03-30 10:01:51.848	- Info  -	Init D3D2 OK
2023-03-30 10:01:51.867	- Info  -	Init D3D2 OK
2023-03-30 10:01:51.885	- Info  -	Init D3D2 OK
2023-03-30 10:01:51.904	- Info  -	Init D3D2 OK
2023-03-30 10:01:51.922	- Info  -	Init D3D2 OK
2023-03-30 10:01:51.944	- Info  -	Init D3D2 OK
2023-03-30 10:01:51.963	- Info  -	Init D3D2 OK
2023-03-30 10:01:51.983	- Info  -	Init D3D2 OK
2023-03-30 10:01:52.001	- Info  -	Init D3D2 OK
2023-03-30 10:01:52.125	- Info  -	Init D3D2 OK
2023-03-30 10:02:13.653	* Error *	sensors data send failed!
2023-03-30 10:02:13.669	- Info  -	[oray][erroCode] errorcode=oray_errorcode(0), product=0, type=0, inner code=0 [CMultiChannelStream::Disconnect_impl:254]
2023-03-30 10:02:13.669	- Info  -	[TCPConnector] CCurStream handle client_disconnect
2023-03-30 10:02:13.669	- Info  -	[oray][erroCode] errorcode=transf(0), product=0, type=0, inner code=0 [CMultiChannelStream::ForwardHandler::Handle:647]
2023-03-30 10:02:13.669	- Info  -	CConnectorRaw::OnEvent() state: CNTS_FWD_DISCONNECT, error: 0, oray errorcode: 0
2023-03-30 10:02:13.669	- Info  -	[oray][erroCode] errorcode=oray_errorcode(0), product=0, type=0, inner code=0 [CConnectorRaw::OnEvent:624]
2023-03-30 10:02:13.670	+Warning+	[MultiChannel] unbind forward stream(errorcode 0) @ 651
2023-03-30 10:02:13.670	- Info  -	[oray][erroCode] errorcode=oray_errorcode(0), product=0, type=0, inner code=0 [CP2PStream::Disconnect_impl:678]
2023-03-30 10:02:13.670	- Info  -	[oray][erroCode] errorcode=oray_errorcode(0), product=0, type=0, inner code=0 [CP2PStream::CUDPStream::Disconnect_impl:1044]
2023-03-30 10:02:13.670	- Info  -	[oray][erroCode] errorcode=oray_errorcode(0), product=0, type=0, inner code=0 [CUDPLibStream::Disconnect_impl:73]
2023-03-30 10:02:13.670	- Info  -	[udp] Disconnect
2023-03-30 10:02:13.670	- Info  -	[udp] SendDisconnect
2023-03-30 10:02:13.670	- Info  -	[MultiChannel] P2P channel disconnect 182.101.54.64:16998
2023-03-30 10:02:13.670	- Info  -	[oray][erroCode] errorcode=transf(0), product=0, type=0, inner code=0 [CMultiChannelStream::P2PHandler::Handle:834]
2023-03-30 10:02:13.670	- Info  -	[oray][erroCode] errorcode=transf(0), product=0, type=0, inner code=0 [CMultiChannelStream::HandleDisconnect:1041]
2023-03-30 10:02:13.670	- Info  -	CMultiChannelStreamImpl::OnDisconnect()
2023-03-30 10:02:13.670	- Info  -	[oray][erroCode] errorcode=oray_errorcode(0), product=0, type=0, inner code=0 [CMultiChannelStreamImpl::OnDisconnect:100]
2023-03-30 10:02:13.670	- Info  -	CClientStream 182.101.54.64:16998 OnDisconnect, errocde:0
2023-03-30 10:02:13.670	- Info  -	[oray][erroCode] errorcode=errcode(0), product=0, type=0, inner code=0 [CClientStream::OnDisconnect:104]
2023-03-30 10:02:13.670	- Info  -	OnDisconnect, error code 0
2023-03-30 10:02:13.670	- Info  -	[oray][erroCode] errorcode=errcode(0), product=0, type=0, inner code=0 [BinaryPluginStream::OnDisconnect:404]
2023-03-30 10:02:13.670	- Info  -	CPluginThreadManager stop plugin thread
2023-03-30 10:02:13.670	- Info  -	[desktop] Separation message loop stop.
2023-03-30 10:02:13.670	* Error *	[desktop] Send2StreamRaw fail, type: 4/23 .
2023-03-30 10:02:13.670	* Error *	[oray][erroCode] errorcode=ORAY_ERROR_CTRLDESKTOP_SEND_DATA_FAILED(134275079), product=2, type=3, inner code=7 [CRemoteDesktopPlugin::SendThreadLoop:871]
2023-03-30 10:02:13.671	* Error *	[desktop] Send2StreamRaw fail, type: 4/0 .
2023-03-30 10:02:13.671	* Error *	[oray][erroCode] errorcode=ORAY_ERROR_CTRLDESKTOP_SEND_DATA_FAILED(134275079), product=2, type=3, inner code=7 [CRemoteDesktopPlugin::SendThreadLoop:871]
2023-03-30 10:02:13.671	* Error *	[desktop] Send2StreamRaw fail, type: 4/23 .
2023-03-30 10:02:13.671	* Error *	[oray][erroCode] errorcode=ORAY_ERROR_CTRLDESKTOP_SEND_DATA_FAILED(134275079), product=2, type=3, inner code=7 [CRemoteDesktopPlugin::SendThreadLoop:871]
2023-03-30 10:02:13.671	* Error *	[desktop] Send2StreamRaw fail, type: 4/0 .
2023-03-30 10:02:13.671	* Error *	[oray][erroCode] errorcode=ORAY_ERROR_CTRLDESKTOP_SEND_DATA_FAILED(134275079), product=2, type=3, inner code=7 [CRemoteDesktopPlugin::SendThreadLoop:871]
2023-03-30 10:02:13.671	- Info  -	CActivePlugin prepare to exit plugin
2023-03-30 10:02:13.671	- Info  -	[desktop] RemoteDesktopPlugin::ExitInstance. >
2023-03-30 10:02:13.671	- Info  -	[clipboard] stop clipboard...
2023-03-30 10:02:13.683	- Info  -	[clipboard] recv thread end(1).
2023-03-30 10:02:13.692	- Info  -	[clipboard] call CClipboardViewer::DestroyWnd at 190
2023-03-30 10:02:13.692	- Info  -	[clipboard] recv WM_CLOSE, end thread.
2023-03-30 10:02:13.693	- Info  -	[clipboard] Stop Clipboard ok
2023-03-30 10:02:13.711	- Info  -	[desktop] [thread] cancel.
2023-03-30 10:02:13.712	- Info  -	[desktop] RemoteDesktopPlugin::ExitInstance. <
2023-03-30 10:02:13.713	- Info  -	CConnectorRaw::OnEvent() state: CNTS_P2P_DISCONNECT, error: 0, oray errorcode: 0
2023-03-30 10:02:13.713	- Info  -	[oray][erroCode] errorcode=oray_errorcode(0), product=0, type=0, inner code=0 [CConnectorRaw::OnEvent:624]
2023-03-30 10:02:13.713	- Info  -	[oray][erroCode] errorcode=oray_errorcode(0), product=0, type=0, inner code=0 [CP2PStream::CTCPStream::Disconnect_impl:1016]
2023-03-30 10:02:13.714	- Info  -	CConnectorRaw::OnEvent() state: CNTS_DISCONNECTED, error: 0, oray errorcode: 0
2023-03-30 10:02:13.714	- Info  -	[oray][erroCode] errorcode=oray_errorcode(0), product=0, type=0, inner code=0 [CConnectorRaw::OnEvent:624]
2023-03-30 10:02:13.714	- Info  -	CConnectorRaw::Stop in>
2023-03-30 10:02:13.714	- Info  -	[CUDPLibWrapper] map size: 1, value: [182.101.54.64:16998/15181-1] = 0.0.0.0:15181;

2023-03-30 10:02:13.714	- Info  -	[oray][erroCode] errorcode=oray_errorcode(0), product=0, type=0, inner code=0 [CP2PStream::CUDPStream::Disconnect_impl:1044]
2023-03-30 10:02:13.714	- Info  -	[oray][erroCode] errorcode=oray_errorcode(0), product=0, type=0, inner code=0 [CUDPLibStream::Disconnect_impl:73]
2023-03-30 10:02:13.715	- Info  -	CConnectorRaw::Stop out<
2023-03-30 10:02:13.715	- Info  -	sensors close
2023-03-30 10:02:13.722	* Error *	Plugin disconnect with error : 0
2023-03-30 10:02:13.752	- Info  -	[desktop] CRemoteDesktopPlugin::~CRemoteDesktopPlugin(void)
2023-03-30 10:02:13.753	- Info  -	[vpx] close h264 codec
2023-03-30 10:02:13.776	- Info  -	CMultiChannelStreamImpl::~CMultiChannelStreamImpl
2023-03-30 10:02:13.778	- Info  -	program remote_plugin is exit 
