2023-05-03 17:51:50.446	- Info  -	version:3.2.1.40406
2023-05-03 17:51:50.449	- Info  -	DPIAwareness set 2 success.
2023-05-03 17:51:50.458	- Info  -	config path: àbÎŸ
2023-05-03 17:51:50.516	- Info  -	[displayclt] CDisplayClient::CDisplayClient(all)
2023-05-03 17:51:50.516	- Info  -	[desktop] CRemoteDesktopPlugin::CRemoteDesktopPlugin(all)
2023-05-03 17:51:50.524	- Info  -	sensors init with file: C:/ProgramData/Oray/SunloginClient/sensors/datas
2023-05-03 17:51:50.541	- Info  -	CMultiChannelStreamImpl::CMultiChannelStreamImpl
2023-05-03 17:51:50.543	- Info  -	CConnectorRaw::OnStreamEvent(1) state: CNTS_FORWARD, error: 0
2023-05-03 17:51:50.544	* Error *	sensors data send failed!
2023-05-03 17:51:50.550	- Info  -	CConnectorRaw::OnEvent() state: CNTS_FORWARD, error: 0, oray errorcode: 0
2023-05-03 17:51:50.550	- Info  -	[oray][erroCode] errorcode=oray_errorcode(0), product=0, type=0, inner code=0 [CConnectorRaw::OnEvent:624]
2023-05-03 17:51:50.659	- Info  -	plugin_public access_token is NULL
2023-05-03 17:51:50.678	- Info  -	attempt to connect server 1488693156.slp2p-east-std202.oray.net:443(122.246.13.108:443)
2023-05-03 17:51:50.782	- Info  -	[TCPConnector] CCurStream handle client_connect
2023-05-03 17:51:50.816	- Info  -	[MultiChannel] Forward channel shake handle 122.246.13.108:443
2023-05-03 17:51:50.816	- Info  -	CMultiChannelStreamImpl::OnConnect()
2023-05-03 17:51:50.816	- Info  -	CClientStream 122.246.13.108:443 OnConnect
2023-05-03 17:51:50.816	- Info  -	CConnectorRaw::OnEvent() state: CNTS_LOGIN, error: 0, oray errorcode: 0
2023-05-03 17:51:50.816	- Info  -	[oray][erroCode] errorcode=oray_errorcode(0), product=0, type=0, inner code=0 [CConnectorRaw::OnEvent:624]
2023-05-03 17:51:50.816	- Info  -	CConnectorRaw::OnEvent() state: CNTS_FWD_SHAKEHANDLE, error: 0, oray errorcode: 0
2023-05-03 17:51:50.816	- Info  -	[oray][erroCode] errorcode=oray_errorcode(0), product=0, type=0, inner code=0 [CConnectorRaw::OnEvent:624]
2023-05-03 17:51:51.268	* Error *	sensors data send failed!
2023-05-03 17:51:53.112	- Info  -	[MultiChannel] Forward channel connected 122.246.13.108:443
2023-05-03 17:51:53.112	- Info  -	CMultiChannelStreamImpl::OnConnectEvent, status: CNTS_FWD_CONNECTED, isclosed:false, HadFwdConnected: true, HadBeenHolePunch: false
2023-05-03 17:51:53.112	- Info  -	CConnectorRaw::OnEvent() state: CNTS_FWD_CONNECTED, error: 0, oray errorcode: 0
2023-05-03 17:51:53.112	- Info  -	[oray][erroCode] errorcode=oray_errorcode(0), product=0, type=0, inner code=0 [CConnectorRaw::OnEvent:624]
2023-05-03 17:51:53.112	- Info  -	CClientStream 122.246.13.108:443 OnReceive reply 1 
2023-05-03 17:51:53.112	- Info  -	CClientStream 122.246.13.108:443 start keepalive
2023-05-03 17:51:53.112	- Info  -	CClientStream 122.246.13.108:443 login OK
2023-05-03 17:51:53.112	- Info  -	CConnectorRaw::OnEvent() state: CNTS_CONNECTED, error: 0, oray errorcode: 0
2023-05-03 17:51:53.112	- Info  -	[oray][erroCode] errorcode=oray_errorcode(0), product=0, type=0, inner code=0 [CConnectorRaw::OnEvent:624]
2023-05-03 17:51:53.112	- Info  -	CPluginThreadManager start plugin thread
2023-05-03 17:51:53.112	- Info  -	CActivePlugin prepare to init plugin
2023-05-03 17:51:53.113	- Info  -	[desktop] create drag server OK
2023-05-03 17:51:53.113	- Info  -	CActivePlugin prepare to run plugin
2023-05-03 17:51:53.114	- Info  -	[desktop] Separation message loop start.
2023-05-03 17:51:53.114	- Info  -	[desktop] sending switch desktop type message...
2023-05-03 17:51:53.114	- Info  -	[desktop] request enumerate user list.
2023-05-03 17:51:53.167	- Info  -	[desktop] receive enumerate user respond
2023-05-03 17:51:53.167	- Info  -	[desktop] request switch user host message...
2023-05-03 17:51:55.103	- Info  -	CMultiChannelStreamImpl::ConnectP2PServer, thread id: 10848
2023-05-03 17:51:55.161	- Info  -	CConnectorRaw::OnStreamEvent(1) state: CNTS_P2P, error: 0
2023-05-03 17:51:55.161	- Info  -	CConnectorRaw::OnEvent() state: CNTS_P2P, error: 0, oray errorcode: 0
2023-05-03 17:51:55.161	- Info  -	[oray][erroCode] errorcode=oray_errorcode(0), product=0, type=0, inner code=0 [CConnectorRaw::OnEvent:624]
2023-05-03 17:51:55.161	- Info  -	[P2PConnector] attempt to connect server PHSRC://1488693156.slp2p-east-std202.oray.net:4118/desktop(slp2p-east-std202.oray.net:4118) 
2023-05-03 17:51:55.206	- Info  -	[udp] support straight send in peer : no 122.246.13.108:4118 CConnection::OnConnectRes
2023-05-03 17:51:55.207	- Info  -	[P2PHelper] detect local ip ...
2023-05-03 17:51:55.207	- Info  -	[P2PHelper] detect local ip 172.16.76.35
2023-05-03 17:51:55.207	- Info  -	[P2PHelper] attempt to login P2P Server...
2023-05-03 17:51:55.235	- Info  -	[P2PHelper] Login P2P Server OK
2023-05-03 17:51:55.235	- Info  -	[P2PHelper] OnLoginRes, receive public ip 223.82.110.30:15252
2023-05-03 17:51:55.235	- Info  -	[P2PHelper] sending P2P request ...
2023-05-03 17:51:55.309	- Info  -	[P2PHelper] receive peer local ip 10.21.18.5:15476, public ip 59.52.40.219:52196
2023-05-03 17:51:55.309	- Info  -	[P2PStream] EstablishP2P local ip 223.82.110.30:15252/172.16.76.35:15252 ==> peer ip 59.52.40.219:52196/10.21.18.5:15476
2023-05-03 17:51:55.709	+Warning+	not found upnp devices on network!
2023-05-03 17:51:55.709	- Info  -	upnpnat_search_thread::ThreadLoop end
2023-05-03 17:51:55.710	- Info  -	[udpwrapper] attempt to establish P2P connection via: 122.246.13.108:4118, (local)172.16.76.35:15252|(public)223.82.110.30:15252 ==> (local)10.21.18.5:15476|(public)59.52.40.219:52196
2023-05-03 17:51:56.073	- Info  -	[desktop] receive switch host message res = 1 
2023-05-03 17:51:56.073	- Info  -	[desktop] request enum screen
2023-05-03 17:51:56.073	- Info  -	[DisplayClient] SetCompression 11/15
2023-05-03 17:51:56.073	- Info  -	[desktop] request start stream
2023-05-03 17:51:56.073	- Info  -	[desktop] SetCompressionParam: layer=1;encoding=4;format=1;reserved=0, size: 38
2023-05-03 17:51:56.139	- Info  -	[desktop] OnQueryConfigRes
2023-05-03 17:51:56.140	- Info  -	[desktop] OnQueryConfigRes
2023-05-03 17:51:56.140	- Info  -	[desktop] recv enum screen, number is 1
2023-05-03 17:51:56.212	+Warning+	not found upnp devices on network!
2023-05-03 17:51:56.212	+Warning+	[udpwrapper] UPNP discovery failed, 
2023-05-03 17:51:56.239	- Info  -	[udp] OnConnectAck working in advanced mode 2
2023-05-03 17:51:56.239	- Info  -	[udp] support straight send in peer : no 59.52.40.219:52196 CConnection::OnConnectRes
2023-05-03 17:51:56.240	- Info  -	[oray][erroCode] errorcode=oray_errorcode(0), product=0, type=0, inner code=0 [CUDPLibStream::Disconnect_impl:73]
2023-05-03 17:51:56.240	- Info  -	[udp] Disconnect
2023-05-03 17:51:56.240	- Info  -	[udp] SendDisconnect
2023-05-03 17:51:56.240	- Info  -	[P2PHelper] MainServer disconnect
2023-05-03 17:51:56.241	- Info  -	[MultiChannel] P2P channel shake handle 59.52.40.219:52196
2023-05-03 17:51:56.241	- Info  -	CConnectorRaw::OnEvent() state: CNTS_P2P_SHAKEHANDLE, error: 0, oray errorcode: 0
2023-05-03 17:51:56.241	- Info  -	[oray][erroCode] errorcode=oray_errorcode(0), product=0, type=0, inner code=0 [CConnectorRaw::OnEvent:624]
2023-05-03 17:51:56.241	- Info  -	[MultiChannel] send SHAKE_HANDLES_MSG, read 592, write 1166
2023-05-03 17:51:56.241	- Info  -	[P2PStream] connected (by udp) 0.0.0.0:15252 <--> 59.52.40.219:52196
2023-05-03 17:51:56.268	- Info  -	[udpwrapper] disconnect reason : 2
2023-05-03 17:51:56.268	- Info  -	[oray][erroCode] errorcode=oray_errorcode(57355), product=0, type=3, inner code=11 [CUDPLibWrapper::OnDisconnect:833]
2023-05-03 17:51:56.268	- Info  -	[udpwrapper] Disconnect 122.246.13.108:4118 @ 838
2023-05-03 17:51:56.268	- Info  -	[oray][erroCode] errorcode=oray_errorcode(57355), product=0, type=3, inner code=11 [CUDPLibStream::Disconnect_impl:73]
2023-05-03 17:51:56.316	- Info  -	[MultiChannel] Received SHAKE_HANDLES_MSG, read 1186 / (local write 1166), write 572 / (local read 592)
2023-05-03 17:51:56.316	- Info  -	[MultiChannel] P2P channel connected 59.52.40.219:52196
2023-05-03 17:51:56.316	- Info  -	CConnectorRaw::OnEvent() state: CNTS_P2P_CONNECTED, error: 0, oray errorcode: 0
2023-05-03 17:51:56.316	- Info  -	[oray][erroCode] errorcode=oray_errorcode(0), product=0, type=0, inner code=0 [CConnectorRaw::OnEvent:624]
2023-05-03 17:51:56.359	- Info  -	[udpwrapper] receive p2p hello message from 59.52.40.219:52196, stop hole punch thread @1325
2023-05-03 17:51:56.359	+Warning+	[udpwrapper] stream has disconnect @ 1406
2023-05-03 17:51:56.710	- Info  -	[MultiChannel] forward data read completed @ 462
2023-05-03 17:51:56.804	- Info  -	[MultiChannel] write data when p2p state is CONNECTED, is full 0, writed data 1166 / peer read 1186, left 20, size 40 @ 153
2023-05-03 17:51:56.882	- Info  -	[clipboard] start clipboard...
2023-05-03 17:51:56.892	- Info  -	[clipboard][converter] html format 49428
2023-05-03 17:51:56.892	- Info  -	[clipboard][converter] rtf format 49271
2023-05-03 17:51:56.892	- Info  -	[clipboard] start clipboard ok.
2023-05-03 17:51:56.892	- Info  -	[desktop] sync clipboard enable
2023-05-03 17:51:56.892	- Info  -	[MultiChannel] forward data write completed @ 216
2023-05-03 17:51:57.166	- Info  -	SetDisplayMode() w=1920, h=1080, bpp=32
2023-05-03 17:51:57.166	- Info  -	ResetBitmap width=1920, height=1080, bpp=32, srcbpp=32, Size = 8294400
2023-05-03 17:51:57.166	- Info  -	[DisplayClient] recv image info, width: 1920, height: 1080, bpp: 32
2023-05-03 17:51:57.166	- Info  -	[DisplayClient] OnRecvCompInfo format/quality 11/15
2023-05-03 17:51:57.166	- Info  -	[desktop][DisplayClient] recv first frame.
2023-05-03 17:51:57.173	- Info  -	[DisplayClient] recv compimage type: ID_IMAGE_RAPIDCOMP
2023-05-03 17:51:57.242	- Info  -	[vpx] open h264 codec
2023-05-03 17:51:57.245	- Info  -	[vpx] close h264 codec
2023-05-03 17:51:57.245	- Info  -	[vpx] open h264 codec
2023-05-03 17:51:57.302	- Info  -	[desktop][DisplayClient] decode first frame end.
2023-05-03 17:51:57.303	- Info  -	[desktop] receive first frame message
2023-05-03 17:51:57.303	- Info  -	[drag] CDragServer::OnQueryVersionReq is installed
2023-05-03 17:51:57.303	* Error *	[drag] QueryVersion send is true
2023-05-03 17:51:57.416	- Info  -	Init D3D2 OK
2023-05-03 17:51:57.416	- Info  -	[DesktopSurface] Use DirectX Paint mode 2
2023-05-03 17:51:57.464	- Info  -	Init D3D2 OK
2023-05-03 17:51:57.489	- Info  -	[maindialog] draw first frame end
2023-05-03 17:51:57.566	- Info  -	[desktop] sync clipboard enable
2023-05-03 17:51:57.567	- Info  -	[http call3] new call id:1, url:https://slapi.oray.net/remote/get-network
2023-05-03 17:51:57.569	- Info  -	[http call3] id:1 create new connection : https://slapi.oray.net:443
2023-05-03 17:51:57.575	- Info  -	attempt to connect server slapi.oray.net:443(121.40.99.129:443)
2023-05-03 17:51:57.759	- Info  -	[http call3] id:1, url:https://slapi.oray.net/remote/get-network, status code:200
2023-05-03 17:51:58.314	- Info  -	CClipboardRaw::OnReceiveQueryVersionReq 2
2023-05-03 17:52:01.422	- Info  -	Init D3D2 OK
2023-05-03 17:52:01.455	* Error *	sensors data send failed!
2023-05-03 17:52:04.050	* Error *	sensors data send failed!
2023-05-03 17:52:12.760	* Error *	SSLStream::IsWantReadWrite|peer(121.40.99.129:443), SSL_read failed( 6 ), error:00000000:lib(0):func(0):reason(0), file( ..\includes\common\phstream\SSLStream.cpp:1898 )
2023-05-03 17:52:12.761	- Info  -	[http call3] disconnect, error( 0 )
2023-05-03 17:54:50.320	* Error *	sensors data send failed!
2023-05-03 17:54:53.560	* Error *	sensors data send failed!
2023-05-03 17:55:54.143	* Error *	sensors data send failed!
2023-05-03 17:55:54.144	- Info  -	[oray][erroCode] errorcode=oray_errorcode(0), product=0, type=0, inner code=0 [CMultiChannelStream::Disconnect_impl:254]
2023-05-03 17:55:54.144	- Info  -	[TCPConnector] CCurStream handle client_disconnect
2023-05-03 17:55:54.144	- Info  -	[oray][erroCode] errorcode=transf(0), product=0, type=0, inner code=0 [CMultiChannelStream::ForwardHandler::Handle:647]
2023-05-03 17:55:54.144	- Info  -	CConnectorRaw::OnEvent() state: CNTS_FWD_DISCONNECT, error: 0, oray errorcode: 0
2023-05-03 17:55:54.144	- Info  -	[oray][erroCode] errorcode=oray_errorcode(0), product=0, type=0, inner code=0 [CConnectorRaw::OnEvent:624]
2023-05-03 17:55:54.144	+Warning+	[MultiChannel] unbind forward stream(errorcode 0) @ 651
2023-05-03 17:55:54.144	- Info  -	[oray][erroCode] errorcode=oray_errorcode(0), product=0, type=0, inner code=0 [CP2PStream::Disconnect_impl:678]
2023-05-03 17:55:54.144	- Info  -	[oray][erroCode] errorcode=oray_errorcode(0), product=0, type=0, inner code=0 [CP2PStream::CUDPStream::Disconnect_impl:1044]
2023-05-03 17:55:54.144	- Info  -	[oray][erroCode] errorcode=oray_errorcode(0), product=0, type=0, inner code=0 [CUDPLibStream::Disconnect_impl:73]
2023-05-03 17:55:54.144	- Info  -	[udp] Disconnect
2023-05-03 17:55:54.144	- Info  -	[udp] SendDisconnect
2023-05-03 17:55:54.147	- Info  -	[MultiChannel] P2P channel disconnect 59.52.40.219:52196
2023-05-03 17:55:54.147	- Info  -	[oray][erroCode] errorcode=transf(0), product=0, type=0, inner code=0 [CMultiChannelStream::P2PHandler::Handle:834]
2023-05-03 17:55:54.147	- Info  -	[oray][erroCode] errorcode=transf(0), product=0, type=0, inner code=0 [CMultiChannelStream::HandleDisconnect:1041]
2023-05-03 17:55:54.147	- Info  -	CMultiChannelStreamImpl::OnDisconnect()
2023-05-03 17:55:54.147	- Info  -	[oray][erroCode] errorcode=oray_errorcode(0), product=0, type=0, inner code=0 [CMultiChannelStreamImpl::OnDisconnect:100]
2023-05-03 17:55:54.147	- Info  -	CClientStream 59.52.40.219:52196 OnDisconnect, errocde:0
2023-05-03 17:55:54.147	- Info  -	[oray][erroCode] errorcode=errcode(0), product=0, type=0, inner code=0 [CClientStream::OnDisconnect:104]
2023-05-03 17:55:54.147	- Info  -	OnDisconnect, error code 0
2023-05-03 17:55:54.147	- Info  -	[oray][erroCode] errorcode=errcode(0), product=0, type=0, inner code=0 [BinaryPluginStream::OnDisconnect:404]
2023-05-03 17:55:54.147	- Info  -	CPluginThreadManager stop plugin thread
2023-05-03 17:55:54.148	- Info  -	CActivePlugin prepare to exit plugin
2023-05-03 17:55:54.148	- Info  -	[desktop] RemoteDesktopPlugin::ExitInstance. >
2023-05-03 17:55:54.148	- Info  -	[clipboard] stop clipboard...
2023-05-03 17:55:54.149	- Info  -	[clipboard] recv thread end(1).
2023-05-03 17:55:54.151	- Info  -	[clipboard] call CClipboardViewer::DestroyWnd at 190
2023-05-03 17:55:54.151	- Info  -	[clipboard] recv WM_CLOSE, end thread.
2023-05-03 17:55:54.153	- Info  -	[udpwrapper] disconnect reason : 1
2023-05-03 17:55:54.153	- Info  -	[oray][erroCode] errorcode=oray_errorcode(57354), product=0, type=3, inner code=10 [CUDPLibWrapper::OnDisconnect:833]
2023-05-03 17:55:54.153	- Info  -	[udpwrapper] Disconnect 59.52.40.219:52196 @ 838
2023-05-03 17:55:54.154	- Info  -	[oray][erroCode] errorcode=oray_errorcode(57354), product=0, type=3, inner code=10 [CP2PStream::CUDPStream::Disconnect_impl:1044]
2023-05-03 17:55:54.154	- Info  -	[oray][erroCode] errorcode=oray_errorcode(57354), product=0, type=3, inner code=10 [CUDPLibStream::Disconnect_impl:73]
2023-05-03 17:55:54.153	- Info  -	[clipboard] Stop Clipboard ok
2023-05-03 17:55:54.161	* Error *	[desktop] Send2StreamRaw fail, type: 1/19 .
2023-05-03 17:55:54.161	* Error *	[oray][erroCode] errorcode=ORAY_ERROR_CTRLDESKTOP_SEND_DATA_FAILED(134275079), product=2, type=3, inner code=7 [CRemoteDesktopPlugin::SendThreadLoop:871]
2023-05-03 17:55:54.161	- Info  -	[desktop] Separation message loop stop.
2023-05-03 17:55:54.167	- Info  -	[desktop] [thread] cancel.
2023-05-03 17:55:54.167	- Info  -	[desktop] RemoteDesktopPlugin::ExitInstance. <
2023-05-03 17:55:54.168	- Info  -	CConnectorRaw::OnEvent() state: CNTS_P2P_DISCONNECT, error: 0, oray errorcode: 0
2023-05-03 17:55:54.168	- Info  -	[oray][erroCode] errorcode=oray_errorcode(0), product=0, type=0, inner code=0 [CConnectorRaw::OnEvent:624]
2023-05-03 17:55:54.168	- Info  -	[oray][erroCode] errorcode=oray_errorcode(0), product=0, type=0, inner code=0 [CP2PStream::CTCPStream::Disconnect_impl:1016]
2023-05-03 17:55:54.168	- Info  -	CConnectorRaw::OnEvent() state: CNTS_DISCONNECTED, error: 0, oray errorcode: 0
2023-05-03 17:55:54.168	- Info  -	[oray][erroCode] errorcode=oray_errorcode(0), product=0, type=0, inner code=0 [CConnectorRaw::OnEvent:624]
2023-05-03 17:55:54.168	- Info  -	CConnectorRaw::Stop in>
2023-05-03 17:55:54.169	- Info  -	[CUDPLibWrapper] map size: 0, value: 
2023-05-03 17:55:54.171	- Info  -	CConnectorRaw::Stop out<
2023-05-03 17:55:54.171	- Info  -	sensors close
2023-05-03 17:55:54.177	* Error *	Plugin disconnect with error : 0
2023-05-03 17:55:54.206	- Info  -	[desktop] CRemoteDesktopPlugin::~CRemoteDesktopPlugin(void)
2023-05-03 17:55:54.208	- Info  -	[vpx] close h264 codec
2023-05-03 17:55:54.277	- Info  -	CMultiChannelStreamImpl::~CMultiChannelStreamImpl
2023-05-03 17:55:54.280	- Info  -	program remote_plugin is exit 
