2023-05-02 11:01:16.964	- Info  -	version:3.2.1.40406
2023-05-02 11:01:16.968	- Info  -	DPIAwareness set 2 success.
2023-05-02 11:01:16.975	- Info  -	config path: `Dµ˜4
2023-05-02 11:01:17.029	- Info  -	[displayclt] CDisplayClient::CDisplayClient(all)
2023-05-02 11:01:17.029	- Info  -	[desktop] CRemoteDesktopPlugin::CRemoteDesktopPlugin(all)
2023-05-02 11:01:17.037	- Info  -	sensors init with file: C:/ProgramData/Oray/SunloginClient/sensors/datas
2023-05-02 11:01:17.051	- Info  -	CMultiChannelStreamImpl::CMultiChannelStreamImpl
2023-05-02 11:01:17.052	* Error *	sensors data send failed!
2023-05-02 11:01:17.060	- Info  -	CConnectorRaw::OnStreamEvent(1) state: CNTS_FORWARD, error: 0
2023-05-02 11:01:17.060	- Info  -	CConnectorRaw::OnEvent() state: CNTS_FORWARD, error: 0, oray errorcode: 0
2023-05-02 11:01:17.060	- Info  -	[oray][erroCode] errorcode=oray_errorcode(0), product=0, type=0, inner code=0 [CConnectorRaw::OnEvent:624]
2023-05-02 11:01:17.126	- Info  -	attempt to connect server 493508396.slp2p-east-std06.oray.net:443(180.113.2.206:443)
2023-05-02 11:01:17.129	- Info  -	plugin_public access_token is NULL
2023-05-02 11:01:17.247	- Info  -	[TCPConnector] CCurStream handle client_connect
2023-05-02 11:01:17.282	- Info  -	[MultiChannel] Forward channel shake handle 180.113.2.206:443
2023-05-02 11:01:17.282	- Info  -	CMultiChannelStreamImpl::OnConnect()
2023-05-02 11:01:17.283	- Info  -	CClientStream 180.113.2.206:443 OnConnect
2023-05-02 11:01:17.283	- Info  -	CConnectorRaw::OnEvent() state: CNTS_LOGIN, error: 0, oray errorcode: 0
2023-05-02 11:01:17.283	- Info  -	[oray][erroCode] errorcode=oray_errorcode(0), product=0, type=0, inner code=0 [CConnectorRaw::OnEvent:624]
2023-05-02 11:01:17.283	- Info  -	CConnectorRaw::OnEvent() state: CNTS_FWD_SHAKEHANDLE, error: 0, oray errorcode: 0
2023-05-02 11:01:17.283	- Info  -	[oray][erroCode] errorcode=oray_errorcode(0), product=0, type=0, inner code=0 [CConnectorRaw::OnEvent:624]
2023-05-02 11:01:17.443	- Info  -	[MultiChannel] Forward channel connected 180.113.2.206:443
2023-05-02 11:01:17.443	- Info  -	CMultiChannelStreamImpl::OnConnectEvent, status: CNTS_FWD_CONNECTED, isclosed:false, HadFwdConnected: true, HadBeenHolePunch: false
2023-05-02 11:01:17.443	- Info  -	CConnectorRaw::OnEvent() state: CNTS_FWD_CONNECTED, error: 0, oray errorcode: 0
2023-05-02 11:01:17.443	- Info  -	[oray][erroCode] errorcode=oray_errorcode(0), product=0, type=0, inner code=0 [CConnectorRaw::OnEvent:624]
2023-05-02 11:01:17.443	- Info  -	CClientStream 180.113.2.206:443 OnReceive reply 1 
2023-05-02 11:01:17.443	- Info  -	CClientStream 180.113.2.206:443 start keepalive
2023-05-02 11:01:17.443	- Info  -	CClientStream 180.113.2.206:443 login OK
2023-05-02 11:01:17.443	- Info  -	CConnectorRaw::OnEvent() state: CNTS_CONNECTED, error: 0, oray errorcode: 0
2023-05-02 11:01:17.443	- Info  -	[oray][erroCode] errorcode=oray_errorcode(0), product=0, type=0, inner code=0 [CConnectorRaw::OnEvent:624]
2023-05-02 11:01:17.443	- Info  -	CPluginThreadManager start plugin thread
2023-05-02 11:01:17.444	- Info  -	CActivePlugin prepare to init plugin
2023-05-02 11:01:17.445	- Info  -	[desktop] create drag server OK
2023-05-02 11:01:17.445	- Info  -	CActivePlugin prepare to run plugin
2023-05-02 11:01:17.446	- Info  -	[desktop] Separation message loop start.
2023-05-02 11:01:17.446	- Info  -	[desktop] receive enumerate user respond
2023-05-02 11:01:17.446	- Info  -	[desktop] request switch user host message...
2023-05-02 11:01:17.446	- Info  -	[desktop] sending switch desktop type message...
2023-05-02 11:01:17.448	- Info  -	[desktop] request enumerate user list.
2023-05-02 11:01:17.709	* Error *	sensors data send failed!
2023-05-02 11:01:17.728	- Info  -	[desktop] receive switch host message res = 1 
2023-05-02 11:01:17.728	- Info  -	[desktop] request enum screen
2023-05-02 11:01:17.728	- Info  -	[DisplayClient] SetCompression 11/15
2023-05-02 11:01:17.729	- Info  -	[desktop] request start stream
2023-05-02 11:01:17.729	- Info  -	[desktop] SetCompressionParam: layer=1;encoding=4;format=1;reserved=0, size: 38
2023-05-02 11:01:17.818	- Info  -	[desktop] OnQueryConfigRes
2023-05-02 11:01:17.818	- Info  -	[desktop] OnQueryConfigRes
2023-05-02 11:01:17.820	- Info  -	[desktop] recv enum screen, number is 1
2023-05-02 11:01:17.827	- Info  -	[clipboard] start clipboard...
2023-05-02 11:01:17.835	- Info  -	[clipboard][converter] html format 49428
2023-05-02 11:01:17.835	- Info  -	[clipboard][converter] rtf format 49271
2023-05-02 11:01:17.836	- Info  -	[clipboard] start clipboard ok.
2023-05-02 11:01:17.836	- Info  -	[desktop] sync clipboard enable
2023-05-02 11:01:19.443	- Info  -	CMultiChannelStreamImpl::ConnectP2PServer, thread id: 2076
2023-05-02 11:01:19.616	- Info  -	CConnectorRaw::OnStreamEvent(1) state: CNTS_P2P, error: 0
2023-05-02 11:01:19.616	- Info  -	CConnectorRaw::OnEvent() state: CNTS_P2P, error: 0, oray errorcode: 0
2023-05-02 11:01:19.616	- Info  -	[oray][erroCode] errorcode=oray_errorcode(0), product=0, type=0, inner code=0 [CConnectorRaw::OnEvent:624]
2023-05-02 11:01:19.616	- Info  -	[P2PConnector] attempt to connect server PHSRC://493508396.slp2p-east-std06.oray.net:4118/desktop(slp2p-east-std06.oray.net:4118) 
2023-05-02 11:01:19.658	- Info  -	[udp] support straight send in peer : no 180.113.2.206:4118 CConnection::OnConnectRes
2023-05-02 11:01:19.658	- Info  -	[P2PHelper] detect local ip ...
2023-05-02 11:01:19.659	- Info  -	[P2PHelper] detect local ip 172.16.76.35
2023-05-02 11:01:19.659	- Info  -	[P2PHelper] attempt to login P2P Server...
2023-05-02 11:01:19.683	- Info  -	[P2PHelper] Login P2P Server OK
2023-05-02 11:01:19.683	- Info  -	[P2PHelper] OnLoginRes, receive public ip 223.82.110.30:15121
2023-05-02 11:01:19.683	- Info  -	[P2PHelper] sending P2P request ...
2023-05-02 11:01:19.721	- Info  -	[P2PHelper] receive peer local ip 10.21.123.3:15882, public ip 106.5.131.228:18324
2023-05-02 11:01:19.722	- Info  -	[P2PStream] EstablishP2P local ip 223.82.110.30:15121/172.16.76.35:15121 ==> peer ip 106.5.131.228:18324/10.21.123.3:15882
2023-05-02 11:01:20.128	- Info  -	SetDisplayMode() w=1600, h=900, bpp=32
2023-05-02 11:01:20.128	- Info  -	ResetBitmap width=1600, height=900, bpp=32, srcbpp=32, Size = 5760000
2023-05-02 11:01:20.128	- Info  -	[DisplayClient] recv image info, width: 1600, height: 900, bpp: 32
2023-05-02 11:01:20.128	- Info  -	[DisplayClient] OnRecvCompInfo format/quality 11/15
2023-05-02 11:01:20.128	- Info  -	[desktop][DisplayClient] recv first frame.
2023-05-02 11:01:20.135	- Info  -	[DisplayClient] recv compimage type: ID_IMAGE_RAPIDCOMP
2023-05-02 11:01:20.163	+Warning+	not found upnp devices on network!
2023-05-02 11:01:20.163	- Info  -	upnpnat_search_thread::ThreadLoop end
2023-05-02 11:01:20.174	- Info  -	[udpwrapper] attempt to establish P2P connection via: 180.113.2.206:4118, (local)172.16.76.35:15121|(public)223.82.110.30:15121 ==> (local)10.21.123.3:15882|(public)106.5.131.228:18324
2023-05-02 11:01:20.219	- Info  -	[vpx] open codec.
2023-05-02 11:01:20.319	- Info  -	[desktop][DisplayClient] decode first frame end.
2023-05-02 11:01:20.319	- Info  -	[desktop] receive first frame message
2023-05-02 11:01:20.319	- Info  -	CClipboardRaw::OnReceiveQueryVersionReq 2
2023-05-02 11:01:20.322	- Info  -	SetDisplayMode() w=1600, h=900, bpp=32
2023-05-02 11:01:20.322	- Info  -	ResetBitmap width=1600, height=900, bpp=32, srcbpp=32, Size = 5760000
2023-05-02 11:01:20.323	- Info  -	[DisplayClient] recv image info, width: 1600, height: 900, bpp: 32
2023-05-02 11:01:20.359	- Info  -	[vpx][decoder] close codec.
2023-05-02 11:01:20.404	- Info  -	[DisplayClient] OnRecvCompInfo format/quality 11/15
2023-05-02 11:01:20.404	- Info  -	[desktop][DisplayClient] recv first frame.
2023-05-02 11:01:20.411	- Info  -	[DisplayClient] recv compimage type: ID_IMAGE_RAPIDCOMP
2023-05-02 11:01:20.493	- Info  -	[vpx] open codec.
2023-05-02 11:01:20.519	- Info  -	Init D3D2 OK
2023-05-02 11:01:20.519	- Info  -	[DesktopSurface] Use DirectX Paint mode 2
2023-05-02 11:01:20.582	- Info  -	[desktop][DisplayClient] decode first frame end.
2023-05-02 11:01:20.583	- Info  -	[desktop] receive first frame message
2023-05-02 11:01:20.613	- Info  -	[drag] QueryVersionRes is true
2023-05-02 11:01:20.613	- Info  -	CClipboardRaw::OnReceiveQueryVersionRes 2
2023-05-02 11:01:20.634	- Info  -	Init D3D2 OK
2023-05-02 11:01:20.661	- Info  -	[maindialog] draw first frame end
2023-05-02 11:01:20.674	+Warning+	not found upnp devices on network!
2023-05-02 11:01:20.674	+Warning+	[udpwrapper] UPNP discovery failed, 
2023-05-02 11:01:20.712	- Info  -	[desktop] sync clipboard enable
2023-05-02 11:01:20.712	- Info  -	[http call3] new call id:1, url:https://slapi.oray.net/client/free-tips
2023-05-02 11:01:20.713	- Info  -	[http call3] id:1 create new connection : https://slapi.oray.net:443
2023-05-02 11:01:20.713	- Info  -	[http call3] new call id:2, url:https://slapi.oray.net/remote/get-network
2023-05-02 11:01:20.714	- Info  -	attempt to connect server slapi.oray.net:443(121.40.200.192:443)
2023-05-02 11:01:20.714	- Info  -	[http call3] id:2 use old connection : https://slapi.oray.net:443
2023-05-02 11:01:20.746	- Info  -	[udp] OnConnectAck working in advanced mode 2
2023-05-02 11:01:20.746	- Info  -	[udp] support straight send in peer : yes 106.5.131.228:18324 CConnection::OnConnectRes
2023-05-02 11:01:20.747	- Info  -	[oray][erroCode] errorcode=oray_errorcode(0), product=0, type=0, inner code=0 [CUDPLibStream::Disconnect_impl:73]
2023-05-02 11:01:20.747	- Info  -	[udp] Disconnect
2023-05-02 11:01:20.747	- Info  -	[udp] SendDisconnect
2023-05-02 11:01:20.747	- Info  -	[P2PHelper] MainServer disconnect
2023-05-02 11:01:20.747	- Info  -	[MultiChannel] P2P channel shake handle 106.5.131.228:18324
2023-05-02 11:01:20.748	- Info  -	CConnectorRaw::OnEvent() state: CNTS_P2P_SHAKEHANDLE, error: 0, oray errorcode: 0
2023-05-02 11:01:20.748	- Info  -	[oray][erroCode] errorcode=oray_errorcode(0), product=0, type=0, inner code=0 [CConnectorRaw::OnEvent:624]
2023-05-02 11:01:20.748	- Info  -	[MultiChannel] send SHAKE_HANDLES_MSG, read 137077, write 4234
2023-05-02 11:01:20.748	- Info  -	[P2PStream] connected (by udp) 0.0.0.0:15121 <--> 106.5.131.228:18324
2023-05-02 11:01:20.751	- Info  -	write data when p2p state is SHAKE_HANDLES @ 137
2023-05-02 11:01:20.757	- Info  -	[MultiChannel] Received SHAKE_HANDLES_MSG, read 4254 / (local write 4234), write 137409 / (local read 137077)
2023-05-02 11:01:20.757	- Info  -	[MultiChannel] P2P channel connected 106.5.131.228:18324
2023-05-02 11:01:20.757	- Info  -	CConnectorRaw::OnEvent() state: CNTS_P2P_CONNECTED, error: 0, oray errorcode: 0
2023-05-02 11:01:20.757	- Info  -	[oray][erroCode] errorcode=oray_errorcode(0), product=0, type=0, inner code=0 [CConnectorRaw::OnEvent:624]
2023-05-02 11:01:20.757	- Info  -	[MultiChannel] forward stream read data(size:284, 284, left:332) when p2p state is CONNECTED @ 445
2023-05-02 11:01:20.757	- Info  -	[MultiChannel] forward stream read data(size:20, 20, left:48) when p2p state is CONNECTED @ 445
2023-05-02 11:01:20.757	- Info  -	[MultiChannel] write data when p2p state is CONNECTED, is full 0, writed data 4234 / peer read 4254, left 20, size 52 @ 153
2023-05-02 11:01:20.760	- Info  -	[MultiChannel] forward stream read data(size:28, 28, left:28) when p2p state is CONNECTED @ 445
2023-05-02 11:01:20.760	- Info  -	[MultiChannel] forward data read completed @ 462
2023-05-02 11:01:20.771	- Info  -	[udpwrapper] disconnect reason : 1
2023-05-02 11:01:20.771	- Info  -	[oray][erroCode] errorcode=oray_errorcode(57354), product=0, type=3, inner code=10 [CUDPLibWrapper::OnDisconnect:833]
2023-05-02 11:01:20.771	- Info  -	[udpwrapper] Disconnect 180.113.2.206:4118 @ 838
2023-05-02 11:01:20.771	- Info  -	[oray][erroCode] errorcode=oray_errorcode(57354), product=0, type=3, inner code=10 [CUDPLibStream::Disconnect_impl:73]
2023-05-02 11:01:20.800	- Info  -	[MultiChannel] forward data write completed @ 216
2023-05-02 11:01:20.871	- Info  -	[http call3] id:1, url:https://slapi.oray.net/client/free-tips, status code:200
2023-05-02 11:01:20.929	- Info  -	[http call3] id:2, url:https://slapi.oray.net/remote/get-network, status code:200
2023-05-02 11:01:35.928	* Error *	SSLStream::IsWantReadWrite|peer(121.40.200.192:443), SSL_read failed( 6 ), error:00000000:lib(0):func(0):reason(0), file( ..\includes\common\phstream\SSLStream.cpp:1898 )
2023-05-02 11:01:35.928	- Info  -	[http call3] disconnect, error( 0 )
2023-05-02 11:06:27.853	- Info  -	[clipboard] CClipboardViewer::OnClipboardUpdate
2023-05-02 11:06:27.853	- Info  -	[clipboard] push format(2) 49428
2023-05-02 11:06:27.853	- Info  -	[clipboard] push format(2) 13
2023-05-02 11:06:27.854	- Info  -	[clipboard] push format(2) 1
2023-05-02 11:06:27.863	- Info  -	[clipboard] CClipboardViewer::OnClipboardUpdate
2023-05-02 11:06:27.863	- Info  -	[clipboard] CClipboardViewer::OnClipboardUpdate
2023-05-02 11:06:27.864	- Info  -	[clipboard] push format(2) 13
2023-05-02 11:06:27.864	- Info  -	[clipboard] push format(2) 1
2023-05-02 11:06:27.879	* Error *	[clipboard] get clipboard data failed, format 49428
2023-05-02 11:09:37.535	* Error *	sensors data send failed!
2023-05-02 11:09:37.537	- Info  -	[oray][erroCode] errorcode=oray_errorcode(0), product=0, type=0, inner code=0 [CMultiChannelStream::Disconnect_impl:254]
2023-05-02 11:09:37.538	- Info  -	[TCPConnector] CCurStream handle client_disconnect
2023-05-02 11:09:37.538	- Info  -	[oray][erroCode] errorcode=transf(0), product=0, type=0, inner code=0 [CMultiChannelStream::ForwardHandler::Handle:647]
2023-05-02 11:09:37.538	- Info  -	CConnectorRaw::OnEvent() state: CNTS_FWD_DISCONNECT, error: 0, oray errorcode: 0
2023-05-02 11:09:37.538	- Info  -	[oray][erroCode] errorcode=oray_errorcode(0), product=0, type=0, inner code=0 [CConnectorRaw::OnEvent:624]
2023-05-02 11:09:37.538	+Warning+	[MultiChannel] unbind forward stream(errorcode 0) @ 651
2023-05-02 11:09:37.538	- Info  -	[oray][erroCode] errorcode=oray_errorcode(0), product=0, type=0, inner code=0 [CP2PStream::Disconnect_impl:678]
2023-05-02 11:09:37.538	- Info  -	[oray][erroCode] errorcode=oray_errorcode(0), product=0, type=0, inner code=0 [CP2PStream::CUDPStream::Disconnect_impl:1044]
2023-05-02 11:09:37.538	- Info  -	[oray][erroCode] errorcode=oray_errorcode(0), product=0, type=0, inner code=0 [CUDPLibStream::Disconnect_impl:73]
2023-05-02 11:09:37.538	- Info  -	[udp] Disconnect
2023-05-02 11:09:37.538	- Info  -	[udp] SendDisconnect
2023-05-02 11:09:37.538	- Info  -	[MultiChannel] P2P channel disconnect 106.5.131.228:18324
2023-05-02 11:09:37.538	- Info  -	[oray][erroCode] errorcode=transf(0), product=0, type=0, inner code=0 [CMultiChannelStream::P2PHandler::Handle:834]
2023-05-02 11:09:37.538	- Info  -	[oray][erroCode] errorcode=transf(0), product=0, type=0, inner code=0 [CMultiChannelStream::HandleDisconnect:1041]
2023-05-02 11:09:37.538	- Info  -	CMultiChannelStreamImpl::OnDisconnect()
2023-05-02 11:09:37.538	- Info  -	[oray][erroCode] errorcode=oray_errorcode(0), product=0, type=0, inner code=0 [CMultiChannelStreamImpl::OnDisconnect:100]
2023-05-02 11:09:37.538	- Info  -	CClientStream 106.5.131.228:18324 OnDisconnect, errocde:0
2023-05-02 11:09:37.538	- Info  -	[oray][erroCode] errorcode=errcode(0), product=0, type=0, inner code=0 [CClientStream::OnDisconnect:104]
2023-05-02 11:09:37.538	- Info  -	OnDisconnect, error code 0
2023-05-02 11:09:37.538	- Info  -	[oray][erroCode] errorcode=errcode(0), product=0, type=0, inner code=0 [BinaryPluginStream::OnDisconnect:404]
2023-05-02 11:09:37.538	- Info  -	CPluginThreadManager stop plugin thread
2023-05-02 11:09:37.538	- Info  -	[desktop] Separation message loop stop.
2023-05-02 11:09:37.538	- Info  -	CActivePlugin prepare to exit plugin
2023-05-02 11:09:37.538	- Info  -	[desktop] RemoteDesktopPlugin::ExitInstance. >
2023-05-02 11:09:37.538	- Info  -	[clipboard] stop clipboard...
2023-05-02 11:09:37.546	- Info  -	[udpwrapper] udprelay connecting 106.5.131.228:18324 via 180.113.2.206:4118
2023-05-02 11:09:37.555	- Info  -	[clipboard] recv thread end(1).
2023-05-02 11:09:37.556	- Info  -	[clipboard] call CClipboardViewer::DestroyWnd at 190
2023-05-02 11:09:37.556	- Info  -	[clipboard] recv WM_CLOSE, end thread.
2023-05-02 11:09:37.557	- Info  -	[clipboard] Stop Clipboard ok
2023-05-02 11:09:37.569	- Info  -	[desktop] [thread] cancel.
2023-05-02 11:09:37.569	- Info  -	[desktop] RemoteDesktopPlugin::ExitInstance. <
2023-05-02 11:09:37.571	- Info  -	CConnectorRaw::OnEvent() state: CNTS_P2P_DISCONNECT, error: 0, oray errorcode: 0
2023-05-02 11:09:37.571	- Info  -	[oray][erroCode] errorcode=oray_errorcode(0), product=0, type=0, inner code=0 [CConnectorRaw::OnEvent:624]
2023-05-02 11:09:37.571	- Info  -	[oray][erroCode] errorcode=oray_errorcode(0), product=0, type=0, inner code=0 [CP2PStream::CTCPStream::Disconnect_impl:1016]
2023-05-02 11:09:37.571	- Info  -	CConnectorRaw::OnEvent() state: CNTS_DISCONNECTED, error: 0, oray errorcode: 0
2023-05-02 11:09:37.571	- Info  -	[oray][erroCode] errorcode=oray_errorcode(0), product=0, type=0, inner code=0 [CConnectorRaw::OnEvent:624]
2023-05-02 11:09:37.571	- Info  -	CConnectorRaw::Stop in>
2023-05-02 11:09:37.572	- Info  -	[CUDPLibWrapper] map size: 1, value: [106.5.131.228:18324/15121-2] = 0.0.0.0:15121;

2023-05-02 11:09:37.572	- Info  -	[oray][erroCode] errorcode=oray_errorcode(0), product=0, type=0, inner code=0 [CP2PStream::CUDPStream::Disconnect_impl:1044]
2023-05-02 11:09:37.572	- Info  -	[oray][erroCode] errorcode=oray_errorcode(0), product=0, type=0, inner code=0 [CUDPLibStream::Disconnect_impl:73]
2023-05-02 11:09:37.572	- Info  -	CConnectorRaw::Stop out<
2023-05-02 11:09:37.573	- Info  -	sensors close
2023-05-02 11:09:37.574	* Error *	Plugin disconnect with error : 0
2023-05-02 11:09:37.639	- Info  -	[desktop] CRemoteDesktopPlugin::~CRemoteDesktopPlugin(void)
2023-05-02 11:09:37.640	- Info  -	[vpx][decoder] close codec.
2023-05-02 11:09:37.840	- Info  -	CMultiChannelStreamImpl::~CMultiChannelStreamImpl
2023-05-02 11:09:37.849	- Info  -	program remote_plugin is exit 
