2023-04-28 14:26:49.555	- Info  -	version:3.2.1.40406
2023-04-28 14:26:49.559	- Info  -	DPIAwareness set 2 success.
2023-04-28 14:26:49.565	- Info  -	config path: Ý•ó¸
2023-04-28 14:26:49.621	- Info  -	[displayclt] CDisplayClient::CDisplayClient(all)
2023-04-28 14:26:49.622	- Info  -	[desktop] CRemoteDesktopPlugin::CRemoteDesktopPlugin(all)
2023-04-28 14:26:49.638	- Info  -	sensors init with file: C:/ProgramData/Oray/SunloginClient/sensors/datas
2023-04-28 14:26:49.653	* Error *	sensors data send failed!
2023-04-28 14:26:49.653	- Info  -	CMultiChannelStreamImpl::CMultiChannelStreamImpl
2023-04-28 14:26:49.654	- Info  -	CConnectorRaw::OnStreamEvent(1) state: CNTS_FORWARD, error: 0
2023-04-28 14:26:49.654	- Info  -	CConnectorRaw::OnEvent() state: CNTS_FORWARD, error: 0, oray errorcode: 0
2023-04-28 14:26:49.654	- Info  -	[oray][erroCode] errorcode=oray_errorcode(0), product=0, type=0, inner code=0 [CConnectorRaw::OnEvent:624]
2023-04-28 14:26:49.722	- Info  -	attempt to connect server 1181243869.slp2p-east-std206.oray.net:443(122.246.13.100:443)
2023-04-28 14:26:49.787	- Info  -	plugin_public access_token is NULL
2023-04-28 14:26:49.816	- Info  -	[TCPConnector] CCurStream handle client_connect
2023-04-28 14:26:49.841	- Info  -	[MultiChannel] Forward channel shake handle 122.246.13.100:443
2023-04-28 14:26:49.841	- Info  -	CMultiChannelStreamImpl::OnConnect()
2023-04-28 14:26:49.841	- Info  -	CClientStream 122.246.13.100:443 OnConnect
2023-04-28 14:26:49.842	- Info  -	CConnectorRaw::OnEvent() state: CNTS_LOGIN, error: 0, oray errorcode: 0
2023-04-28 14:26:49.842	- Info  -	[oray][erroCode] errorcode=oray_errorcode(0), product=0, type=0, inner code=0 [CConnectorRaw::OnEvent:624]
2023-04-28 14:26:49.842	- Info  -	CConnectorRaw::OnEvent() state: CNTS_FWD_SHAKEHANDLE, error: 0, oray errorcode: 0
2023-04-28 14:26:49.842	- Info  -	[oray][erroCode] errorcode=oray_errorcode(0), product=0, type=0, inner code=0 [CConnectorRaw::OnEvent:624]
2023-04-28 14:26:49.962	- Info  -	[MultiChannel] Forward channel connected 122.246.13.100:443
2023-04-28 14:26:49.963	- Info  -	CMultiChannelStreamImpl::OnConnectEvent, status: CNTS_FWD_CONNECTED, isclosed:false, HadFwdConnected: true, HadBeenHolePunch: false
2023-04-28 14:26:49.963	- Info  -	CConnectorRaw::OnEvent() state: CNTS_FWD_CONNECTED, error: 0, oray errorcode: 0
2023-04-28 14:26:49.963	- Info  -	[oray][erroCode] errorcode=oray_errorcode(0), product=0, type=0, inner code=0 [CConnectorRaw::OnEvent:624]
2023-04-28 14:26:49.964	- Info  -	CClientStream 122.246.13.100:443 OnReceive reply 1 
2023-04-28 14:26:49.964	- Info  -	CClientStream 122.246.13.100:443 start keepalive
2023-04-28 14:26:49.964	- Info  -	CClientStream 122.246.13.100:443 login OK
2023-04-28 14:26:49.964	- Info  -	CConnectorRaw::OnEvent() state: CNTS_CONNECTED, error: 0, oray errorcode: 0
2023-04-28 14:26:49.964	- Info  -	[oray][erroCode] errorcode=oray_errorcode(0), product=0, type=0, inner code=0 [CConnectorRaw::OnEvent:624]
2023-04-28 14:26:49.964	- Info  -	CPluginThreadManager start plugin thread
2023-04-28 14:26:49.975	- Info  -	CActivePlugin prepare to init plugin
2023-04-28 14:26:49.975	- Info  -	[desktop] create drag server OK
2023-04-28 14:26:49.975	- Info  -	CActivePlugin prepare to run plugin
2023-04-28 14:26:49.976	- Info  -	[desktop] sending switch desktop type message...
2023-04-28 14:26:49.977	- Info  -	[desktop] request enumerate user list.
2023-04-28 14:26:49.978	- Info  -	[desktop] Separation message loop start.
2023-04-28 14:26:49.978	- Info  -	[desktop] receive enumerate user respond
2023-04-28 14:26:49.978	- Info  -	[desktop] request switch user host message...
2023-04-28 14:26:50.396	- Info  -	[desktop] receive switch host message res = 1 
2023-04-28 14:26:50.396	- Info  -	[desktop] request enum screen
2023-04-28 14:26:50.397	- Info  -	[DisplayClient] SetCompression 11/15
2023-04-28 14:26:50.397	- Info  -	[desktop] request start stream
2023-04-28 14:26:50.397	- Info  -	[desktop] SetCompressionParam: layer=1;encoding=4;format=1;reserved=0, size: 38
2023-04-28 14:26:50.439	- Info  -	[desktop] OnQueryConfigRes
2023-04-28 14:26:50.440	- Info  -	[desktop] OnQueryConfigRes
2023-04-28 14:26:50.440	- Info  -	[desktop] recv enum screen, number is 1
2023-04-28 14:26:50.627	* Error *	sensors data send failed!
2023-04-28 14:26:50.652	- Info  -	SetDisplayMode() w=1600, h=900, bpp=32
2023-04-28 14:26:50.652	- Info  -	ResetBitmap width=1600, height=900, bpp=32, srcbpp=32, Size = 5760000
2023-04-28 14:26:50.652	- Info  -	[DisplayClient] recv image info, width: 1600, height: 900, bpp: 32
2023-04-28 14:26:50.652	- Info  -	[DisplayClient] OnRecvCompInfo format/quality 11/15
2023-04-28 14:26:50.652	- Info  -	[desktop][DisplayClient] recv first frame.
2023-04-28 14:26:50.659	- Info  -	[DisplayClient] recv compimage type: ID_IMAGE_RAPIDCOMP
2023-04-28 14:26:50.757	- Info  -	[vpx] open h264 codec
2023-04-28 14:26:50.760	- Info  -	[vpx] close h264 codec
2023-04-28 14:26:50.761	- Info  -	[vpx] open h264 codec
2023-04-28 14:26:50.832	- Info  -	[desktop][DisplayClient] decode first frame end.
2023-04-28 14:26:50.833	- Info  -	[desktop] receive first frame message
2023-04-28 14:26:50.919	- Info  -	[clipboard] start clipboard...
2023-04-28 14:26:50.935	- Info  -	[clipboard][converter] html format 49429
2023-04-28 14:26:50.935	- Info  -	[clipboard][converter] rtf format 49289
2023-04-28 14:26:50.935	- Info  -	[clipboard] start clipboard ok.
2023-04-28 14:26:50.935	- Info  -	[desktop] sync clipboard enable
2023-04-28 14:26:51.225	- Info  -	Init D3D2 OK
2023-04-28 14:26:51.225	- Info  -	[DesktopSurface] Use DirectX Paint mode 2
2023-04-28 14:26:51.274	- Info  -	Init D3D2 OK
2023-04-28 14:26:51.297	- Info  -	[maindialog] draw first frame end
2023-04-28 14:26:51.351	- Info  -	[desktop] sync clipboard enable
2023-04-28 14:26:51.352	- Info  -	[http call3] new call id:1, url:https://slapi.oray.net/client/free-tips
2023-04-28 14:26:51.352	- Info  -	[http call3] new call id:2, url:https://slapi.oray.net/remote/get-network
2023-04-28 14:26:51.360	- Info  -	[http call3] id:1 create new connection : https://slapi.oray.net:443
2023-04-28 14:26:51.362	- Info  -	attempt to connect server slapi.oray.net:443(121.40.200.192:443)
2023-04-28 14:26:51.365	- Info  -	[http call3] id:2 use old connection : https://slapi.oray.net:443
2023-04-28 14:26:51.551	- Info  -	[http call3] id:1, url:https://slapi.oray.net/client/free-tips, status code:200
2023-04-28 14:26:51.630	- Info  -	[http call3] id:2, url:https://slapi.oray.net/remote/get-network, status code:200
2023-04-28 14:26:51.947	- Info  -	CMultiChannelStreamImpl::ConnectP2PServer, thread id: 12064
2023-04-28 14:26:52.028	- Info  -	CConnectorRaw::OnStreamEvent(1) state: CNTS_P2P, error: 0
2023-04-28 14:26:52.028	- Info  -	CConnectorRaw::OnEvent() state: CNTS_P2P, error: 0, oray errorcode: 0
2023-04-28 14:26:52.028	- Info  -	[oray][erroCode] errorcode=oray_errorcode(0), product=0, type=0, inner code=0 [CConnectorRaw::OnEvent:624]
2023-04-28 14:26:52.028	- Info  -	[P2PConnector] attempt to connect server PHSRC://1181243869.slp2p-east-std206.oray.net:4118/desktop(slp2p-east-std206.oray.net:4118) 
2023-04-28 14:26:52.093	- Info  -	[udp] support straight send in peer : no 122.246.13.100:4118 CConnection::OnConnectRes
2023-04-28 14:26:52.095	- Info  -	[P2PHelper] detect local ip ...
2023-04-28 14:26:52.098	- Info  -	[P2PHelper] detect local ip 172.16.76.35
2023-04-28 14:26:52.098	- Info  -	[P2PHelper] attempt to login P2P Server...
2023-04-28 14:26:52.128	- Info  -	[P2PHelper] Login P2P Server OK
2023-04-28 14:26:52.128	- Info  -	[P2PHelper] OnLoginRes, receive public ip 223.82.110.30:15215
2023-04-28 14:26:52.128	- Info  -	[P2PHelper] sending P2P request ...
2023-04-28 14:26:52.170	- Info  -	[P2PHelper] receive peer local ip 10.21.173.4:15996, public ip 220.175.36.68:51509
2023-04-28 14:26:52.171	- Info  -	[P2PStream] EstablishP2P local ip 223.82.110.30:15215/172.16.76.35:15215 ==> peer ip 220.175.36.68:51509/10.21.173.4:15996
2023-04-28 14:26:52.607	+Warning+	not found upnp devices on network!
2023-04-28 14:26:52.607	- Info  -	upnpnat_search_thread::ThreadLoop end
2023-04-28 14:26:52.611	- Info  -	[udpwrapper] attempt to establish P2P connection via: (null), (local)172.16.76.35:15215|(public)223.82.110.30:15215 ==> (local)10.21.173.4:15996|(public)220.175.36.68:51509
2023-04-28 14:26:53.056	- Info  -	[drag] QueryVersionRes is true
2023-04-28 14:26:53.090	- Info  -	CClipboardRaw::OnReceiveQueryVersionRes 2
2023-04-28 14:26:53.111	+Warning+	not found upnp devices on network!
2023-04-28 14:26:53.111	+Warning+	[udpwrapper] UPNP discovery failed, 
2023-04-28 14:26:53.132	- Info  -	[udp] OnConnectAck working in advanced mode 2
2023-04-28 14:26:53.132	- Info  -	[udp] support straight send in peer : no 220.175.36.68:51509 CConnection::OnConnectRes
2023-04-28 14:26:53.132	- Info  -	[oray][erroCode] errorcode=oray_errorcode(0), product=0, type=0, inner code=0 [CUDPLibStream::Disconnect_impl:73]
2023-04-28 14:26:53.132	- Info  -	[udp] Disconnect
2023-04-28 14:26:53.132	- Info  -	[udp] SendDisconnect
2023-04-28 14:26:53.133	- Info  -	[P2PHelper] MainServer disconnect
2023-04-28 14:26:53.133	- Info  -	[MultiChannel] P2P channel shake handle 220.175.36.68:51509
2023-04-28 14:26:53.133	- Info  -	CConnectorRaw::OnEvent() state: CNTS_P2P_SHAKEHANDLE, error: 0, oray errorcode: 0
2023-04-28 14:26:53.133	- Info  -	[oray][erroCode] errorcode=oray_errorcode(0), product=0, type=0, inner code=0 [CConnectorRaw::OnEvent:624]
2023-04-28 14:26:53.133	- Info  -	[MultiChannel] send SHAKE_HANDLES_MSG, read 74085, write 11706
2023-04-28 14:26:53.133	- Info  -	[P2PStream] connected (by udp) 0.0.0.0:15215 <--> 220.175.36.68:51509
2023-04-28 14:26:53.145	- Info  -	write data when p2p state is SHAKE_HANDLES @ 137
2023-04-28 14:26:53.149	- Info  -	[MultiChannel] Received SHAKE_HANDLES_MSG, read 11594 / (local write 11706), write 74429 / (local read 74085)
2023-04-28 14:26:53.150	- Info  -	[MultiChannel] P2P channel connected 220.175.36.68:51509
2023-04-28 14:26:53.150	- Info  -	CConnectorRaw::OnEvent() state: CNTS_P2P_CONNECTED, error: 0, oray errorcode: 0
2023-04-28 14:26:53.150	- Info  -	[oray][erroCode] errorcode=oray_errorcode(0), product=0, type=0, inner code=0 [CConnectorRaw::OnEvent:624]
2023-04-28 14:26:53.150	- Info  -	[MultiChannel] forward stream read data(size:80, 80, left:344) when p2p state is CONNECTED @ 445
2023-04-28 14:26:53.150	- Info  -	[MultiChannel] forward stream read data(size:20, 20, left:264) when p2p state is CONNECTED @ 445
2023-04-28 14:26:53.150	- Info  -	[MultiChannel] forward stream read data(size:80, 80, left:244) when p2p state is CONNECTED @ 445
2023-04-28 14:26:53.150	- Info  -	[MultiChannel] forward stream read data(size:20, 20, left:164) when p2p state is CONNECTED @ 445
2023-04-28 14:26:53.150	- Info  -	[MultiChannel] forward data write completed @ 216
2023-04-28 14:26:53.152	- Info  -	[MultiChannel] forward stream read data(size:44, 44, left:144) when p2p state is CONNECTED @ 445
2023-04-28 14:26:53.152	- Info  -	[MultiChannel] forward stream read data(size:20, 20, left:100) when p2p state is CONNECTED @ 445
2023-04-28 14:26:53.161	- Info  -	[MultiChannel] forward stream read data(size:80, 80, left:80) when p2p state is CONNECTED @ 445
2023-04-28 14:26:53.161	- Info  -	[MultiChannel] forward data read completed @ 462
2023-04-28 14:26:53.163	- Info  -	[udpwrapper] disconnect reason : 1
2023-04-28 14:26:53.163	- Info  -	[oray][erroCode] errorcode=oray_errorcode(57354), product=0, type=3, inner code=10 [CUDPLibWrapper::OnDisconnect:833]
2023-04-28 14:26:53.163	- Info  -	[udpwrapper] Disconnect 122.246.13.100:4118 @ 838
2023-04-28 14:26:53.163	- Info  -	[oray][erroCode] errorcode=oray_errorcode(57354), product=0, type=3, inner code=10 [CUDPLibStream::Disconnect_impl:73]
2023-04-28 14:26:53.180	- Info  -	[udpwrapper] receive p2p hello message from 10.21.173.4:15996, stop hole punch thread @1325
2023-04-28 14:26:53.180	+Warning+	[udpwrapper] stream has disconnect @ 1406
2023-04-28 14:26:54.055	* Error *	sensors data send failed!
2023-04-28 14:26:59.417	* Error *	sensors data send failed!
2023-04-28 14:27:01.720	- Info  -	Init D3D2 OK
2023-04-28 14:27:01.748	* Error *	sensors data send failed!
2023-04-28 14:27:02.400	* Error *	sensors data send failed!
2023-04-28 14:27:06.639	* Error *	SSLStream::IsWantReadWrite|peer(121.40.200.192:443), SSL_read failed( 6 ), error:00000000:lib(0):func(0):reason(0), file( ..\includes\common\phstream\SSLStream.cpp:1898 )
2023-04-28 14:27:06.639	- Info  -	[http call3] disconnect, error( 0 )
2023-04-28 14:30:51.930	- Info  -	[clipboard] CClipboardViewer::OnClipboardUpdate
2023-04-28 14:30:51.930	- Info  -	[clipboard] push format(2) 8
2023-04-28 14:33:59.007	* Error *	sensors data send failed!
2023-04-28 14:33:59.009	- Info  -	[oray][erroCode] errorcode=oray_errorcode(0), product=0, type=0, inner code=0 [CMultiChannelStream::Disconnect_impl:254]
2023-04-28 14:33:59.010	- Info  -	[TCPConnector] CCurStream handle client_disconnect
2023-04-28 14:33:59.010	- Info  -	[oray][erroCode] errorcode=transf(0), product=0, type=0, inner code=0 [CMultiChannelStream::ForwardHandler::Handle:647]
2023-04-28 14:33:59.010	- Info  -	CConnectorRaw::OnEvent() state: CNTS_FWD_DISCONNECT, error: 0, oray errorcode: 0
2023-04-28 14:33:59.010	- Info  -	[oray][erroCode] errorcode=oray_errorcode(0), product=0, type=0, inner code=0 [CConnectorRaw::OnEvent:624]
2023-04-28 14:33:59.010	+Warning+	[MultiChannel] unbind forward stream(errorcode 0) @ 651
2023-04-28 14:33:59.010	- Info  -	[oray][erroCode] errorcode=oray_errorcode(0), product=0, type=0, inner code=0 [CP2PStream::Disconnect_impl:678]
2023-04-28 14:33:59.010	- Info  -	[oray][erroCode] errorcode=oray_errorcode(0), product=0, type=0, inner code=0 [CP2PStream::CUDPStream::Disconnect_impl:1044]
2023-04-28 14:33:59.010	- Info  -	[oray][erroCode] errorcode=oray_errorcode(0), product=0, type=0, inner code=0 [CUDPLibStream::Disconnect_impl:73]
2023-04-28 14:33:59.010	- Info  -	[udp] Disconnect
2023-04-28 14:33:59.010	- Info  -	[udp] SendDisconnect
2023-04-28 14:33:59.010	- Info  -	[MultiChannel] P2P channel disconnect 220.175.36.68:51509
2023-04-28 14:33:59.010	- Info  -	[oray][erroCode] errorcode=transf(0), product=0, type=0, inner code=0 [CMultiChannelStream::P2PHandler::Handle:834]
2023-04-28 14:33:59.010	- Info  -	[oray][erroCode] errorcode=transf(0), product=0, type=0, inner code=0 [CMultiChannelStream::HandleDisconnect:1041]
2023-04-28 14:33:59.010	- Info  -	CMultiChannelStreamImpl::OnDisconnect()
2023-04-28 14:33:59.010	- Info  -	[oray][erroCode] errorcode=oray_errorcode(0), product=0, type=0, inner code=0 [CMultiChannelStreamImpl::OnDisconnect:100]
2023-04-28 14:33:59.010	- Info  -	CClientStream 220.175.36.68:51509 OnDisconnect, errocde:0
2023-04-28 14:33:59.015	- Info  -	[oray][erroCode] errorcode=errcode(0), product=0, type=0, inner code=0 [CClientStream::OnDisconnect:104]
2023-04-28 14:33:59.015	- Info  -	OnDisconnect, error code 0
2023-04-28 14:33:59.015	- Info  -	[oray][erroCode] errorcode=errcode(0), product=0, type=0, inner code=0 [BinaryPluginStream::OnDisconnect:404]
2023-04-28 14:33:59.015	- Info  -	CPluginThreadManager stop plugin thread
2023-04-28 14:33:59.015	- Info  -	[desktop] Separation message loop stop.
2023-04-28 14:33:59.016	- Info  -	CActivePlugin prepare to exit plugin
2023-04-28 14:33:59.016	- Info  -	[desktop] RemoteDesktopPlugin::ExitInstance. >
2023-04-28 14:33:59.016	- Info  -	[clipboard] stop clipboard...
2023-04-28 14:33:59.023	- Info  -	[clipboard] recv thread end(1).
2023-04-28 14:33:59.024	- Info  -	[clipboard] call CClipboardViewer::DestroyWnd at 190
2023-04-28 14:33:59.024	- Info  -	[udpwrapper] disconnect reason : 1
2023-04-28 14:33:59.024	- Info  -	[oray][erroCode] errorcode=oray_errorcode(57354), product=0, type=3, inner code=10 [CUDPLibWrapper::OnDisconnect:833]
2023-04-28 14:33:59.025	- Info  -	[udpwrapper] Disconnect 220.175.36.68:51509 @ 838
2023-04-28 14:33:59.025	- Info  -	[oray][erroCode] errorcode=oray_errorcode(57354), product=0, type=3, inner code=10 [CP2PStream::CUDPStream::Disconnect_impl:1044]
2023-04-28 14:33:59.025	- Info  -	[oray][erroCode] errorcode=oray_errorcode(57354), product=0, type=3, inner code=10 [CUDPLibStream::Disconnect_impl:73]
2023-04-28 14:33:59.025	- Info  -	[clipboard] recv WM_CLOSE, end thread.
2023-04-28 14:33:59.028	- Info  -	[clipboard] Stop Clipboard ok
2023-04-28 14:33:59.045	- Info  -	[desktop] [thread] cancel.
2023-04-28 14:33:59.045	- Info  -	[desktop] RemoteDesktopPlugin::ExitInstance. <
2023-04-28 14:33:59.052	- Info  -	CConnectorRaw::OnEvent() state: CNTS_P2P_DISCONNECT, error: 0, oray errorcode: 0
2023-04-28 14:33:59.052	- Info  -	[oray][erroCode] errorcode=oray_errorcode(0), product=0, type=0, inner code=0 [CConnectorRaw::OnEvent:624]
2023-04-28 14:33:59.052	- Info  -	[oray][erroCode] errorcode=oray_errorcode(0), product=0, type=0, inner code=0 [CP2PStream::CTCPStream::Disconnect_impl:1016]
2023-04-28 14:33:59.052	- Info  -	CConnectorRaw::OnEvent() state: CNTS_DISCONNECTED, error: 0, oray errorcode: 0
2023-04-28 14:33:59.052	- Info  -	[oray][erroCode] errorcode=oray_errorcode(0), product=0, type=0, inner code=0 [CConnectorRaw::OnEvent:624]
2023-04-28 14:33:59.052	- Info  -	CConnectorRaw::Stop in>
2023-04-28 14:33:59.053	- Info  -	[CUDPLibWrapper] map size: 1, value: [220.175.36.68:51509/15215-1] = ;

2023-04-28 14:33:59.053	- Info  -	[oray][erroCode] errorcode=oray_errorcode(0), product=0, type=0, inner code=0 [CUDPLibStream::Disconnect_impl:73]
2023-04-28 14:33:59.053	- Info  -	[udp] Disconnect
2023-04-28 14:33:59.054	- Info  -	CConnectorRaw::Stop out<
2023-04-28 14:33:59.055	- Info  -	sensors close
2023-04-28 14:33:59.062	* Error *	Plugin disconnect with error : 0
2023-04-28 14:33:59.096	- Info  -	[desktop] CRemoteDesktopPlugin::~CRemoteDesktopPlugin(void)
2023-04-28 14:33:59.097	- Info  -	[vpx] close h264 codec
2023-04-28 14:33:59.167	- Info  -	CMultiChannelStreamImpl::~CMultiChannelStreamImpl
2023-04-28 14:33:59.169	- Info  -	program remote_plugin is exit 
