2023-05-02 10:47:18.508	- Info  -	version:3.2.1.40406
2023-05-02 10:47:18.511	- Info  -	DPIAwareness set 2 success.
2023-05-02 10:47:18.518	- Info  -	config path: Zûnw
2023-05-02 10:47:18.563	- Info  -	[displayclt] CDisplayClient::CDisplayClient(all)
2023-05-02 10:47:18.563	- Info  -	[desktop] CRemoteDesktopPlugin::CRemoteDesktopPlugin(all)
2023-05-02 10:47:18.572	- Info  -	sensors init with file: C:/ProgramData/Oray/SunloginClient/sensors/datas
2023-05-02 10:47:18.586	* Error *	sensors data send failed!
2023-05-02 10:47:18.586	- Info  -	CMultiChannelStreamImpl::CMultiChannelStreamImpl
2023-05-02 10:47:18.597	- Info  -	CConnectorRaw::OnStreamEvent(1) state: CNTS_FORWARD, error: 0
2023-05-02 10:47:18.597	- Info  -	CConnectorRaw::OnEvent() state: CNTS_FORWARD, error: 0, oray errorcode: 0
2023-05-02 10:47:18.597	- Info  -	[oray][erroCode] errorcode=oray_errorcode(0), product=0, type=0, inner code=0 [CConnectorRaw::OnEvent:624]
2023-05-02 10:47:18.663	- Info  -	plugin_public access_token is NULL
2023-05-02 10:47:18.692	- Info  -	attempt to connect server 430652994.slp2p-east-std248.oray.net:443(117.68.2.126:443)
2023-05-02 10:47:18.754	- Info  -	[TCPConnector] CCurStream handle client_connect
2023-05-02 10:47:18.848	- Info  -	[MultiChannel] Forward channel shake handle 117.68.2.126:443
2023-05-02 10:47:18.848	- Info  -	CMultiChannelStreamImpl::OnConnect()
2023-05-02 10:47:18.848	- Info  -	CClientStream 117.68.2.126:443 OnConnect
2023-05-02 10:47:18.848	- Info  -	CConnectorRaw::OnEvent() state: CNTS_LOGIN, error: 0, oray errorcode: 0
2023-05-02 10:47:18.848	- Info  -	[oray][erroCode] errorcode=oray_errorcode(0), product=0, type=0, inner code=0 [CConnectorRaw::OnEvent:624]
2023-05-02 10:47:18.848	- Info  -	CConnectorRaw::OnEvent() state: CNTS_FWD_SHAKEHANDLE, error: 0, oray errorcode: 0
2023-05-02 10:47:18.848	- Info  -	[oray][erroCode] errorcode=oray_errorcode(0), product=0, type=0, inner code=0 [CConnectorRaw::OnEvent:624]
2023-05-02 10:47:19.120	* Error *	sensors data send failed!
2023-05-02 10:47:23.240	- Info  -	[MultiChannel] Forward channel connected 117.68.2.126:443
2023-05-02 10:47:23.240	- Info  -	CMultiChannelStreamImpl::OnConnectEvent, status: CNTS_FWD_CONNECTED, isclosed:false, HadFwdConnected: true, HadBeenHolePunch: false
2023-05-02 10:47:23.240	- Info  -	CConnectorRaw::OnEvent() state: CNTS_FWD_CONNECTED, error: 0, oray errorcode: 0
2023-05-02 10:47:23.240	- Info  -	[oray][erroCode] errorcode=oray_errorcode(0), product=0, type=0, inner code=0 [CConnectorRaw::OnEvent:624]
2023-05-02 10:47:23.240	* Error *	CClientStream receive invalid Logon_OK_Message
2023-05-02 10:47:23.421	- Info  -	CClientStream 117.68.2.126:443 OnReceive reply 1 
2023-05-02 10:47:23.421	- Info  -	CClientStream 117.68.2.126:443 start keepalive
2023-05-02 10:47:23.421	- Info  -	CClientStream 117.68.2.126:443 login OK
2023-05-02 10:47:23.421	- Info  -	CConnectorRaw::OnEvent() state: CNTS_CONNECTED, error: 0, oray errorcode: 0
2023-05-02 10:47:23.421	- Info  -	[oray][erroCode] errorcode=oray_errorcode(0), product=0, type=0, inner code=0 [CConnectorRaw::OnEvent:624]
2023-05-02 10:47:23.421	- Info  -	CPluginThreadManager start plugin thread
2023-05-02 10:47:23.422	- Info  -	CActivePlugin prepare to init plugin
2023-05-02 10:47:23.422	- Info  -	[desktop] create drag server OK
2023-05-02 10:47:23.422	- Info  -	CActivePlugin prepare to run plugin
2023-05-02 10:47:23.423	- Info  -	[desktop] sending switch desktop type message...
2023-05-02 10:47:23.423	- Info  -	[desktop] request enumerate user list.
2023-05-02 10:47:23.424	- Info  -	[desktop] Separation message loop start.
2023-05-02 10:47:25.240	- Info  -	CMultiChannelStreamImpl::ConnectP2PServer, thread id: 5012
2023-05-02 10:47:25.277	- Info  -	CConnectorRaw::OnStreamEvent(1) state: CNTS_P2P, error: 0
2023-05-02 10:47:25.277	- Info  -	CConnectorRaw::OnEvent() state: CNTS_P2P, error: 0, oray errorcode: 0
2023-05-02 10:47:25.277	- Info  -	[oray][erroCode] errorcode=oray_errorcode(0), product=0, type=0, inner code=0 [CConnectorRaw::OnEvent:624]
2023-05-02 10:47:25.277	- Info  -	[P2PConnector] attempt to connect server PHSRC://430652994.slp2p-east-std248.oray.net:4118/desktop(slp2p-east-std248.oray.net:4118) 
2023-05-02 10:47:25.312	- Info  -	[udp] support straight send in peer : no 117.68.2.126:4118 CConnection::OnConnectRes
2023-05-02 10:47:25.313	- Info  -	[P2PHelper] detect local ip ...
2023-05-02 10:47:25.313	- Info  -	[P2PHelper] detect local ip 172.16.76.35
2023-05-02 10:47:25.313	- Info  -	[P2PHelper] attempt to login P2P Server...
2023-05-02 10:47:25.335	- Info  -	[P2PHelper] Login P2P Server OK
2023-05-02 10:47:25.335	- Info  -	[P2PHelper] OnLoginRes, receive public ip 223.82.110.30:15425
2023-05-02 10:47:25.335	- Info  -	[P2PHelper] sending P2P request ...
2023-05-02 10:47:25.366	- Info  -	[P2PHelper] receive peer local ip 10.21.123.3:15882, public ip 106.5.131.228:18324
2023-05-02 10:47:25.366	- Info  -	[P2PStream] EstablishP2P local ip 223.82.110.30:15425/172.16.76.35:15425 ==> peer ip 106.5.131.228:18324/10.21.123.3:15882
2023-05-02 10:47:25.814	+Warning+	not found upnp devices on network!
2023-05-02 10:47:25.814	- Info  -	upnpnat_search_thread::ThreadLoop end
2023-05-02 10:47:25.825	- Info  -	[udpwrapper] attempt to establish P2P connection via: 117.68.2.126:4118, (local)172.16.76.35:15425|(public)223.82.110.30:15425 ==> (local)10.21.123.3:15882|(public)106.5.131.228:18324
2023-05-02 10:47:26.325	+Warning+	not found upnp devices on network!
2023-05-02 10:47:26.325	+Warning+	[udpwrapper] UPNP discovery failed, 
2023-05-02 10:47:26.525	- Info  -	[udp] OnConnectAck working in advanced mode 2
2023-05-02 10:47:26.525	- Info  -	[udp] support straight send in peer : yes 106.5.131.228:18324 CConnection::OnConnectRes
2023-05-02 10:47:26.526	- Info  -	[oray][erroCode] errorcode=oray_errorcode(0), product=0, type=0, inner code=0 [CUDPLibStream::Disconnect_impl:73]
2023-05-02 10:47:26.526	- Info  -	[udp] Disconnect
2023-05-02 10:47:26.526	- Info  -	[udp] SendDisconnect
2023-05-02 10:47:26.526	- Info  -	[P2PHelper] MainServer disconnect
2023-05-02 10:47:26.526	- Info  -	[MultiChannel] P2P channel shake handle 106.5.131.228:18324
2023-05-02 10:47:26.526	- Info  -	CConnectorRaw::OnEvent() state: CNTS_P2P_SHAKEHANDLE, error: 0, oray errorcode: 0
2023-05-02 10:47:26.526	- Info  -	[oray][erroCode] errorcode=oray_errorcode(0), product=0, type=0, inner code=0 [CConnectorRaw::OnEvent:624]
2023-05-02 10:47:26.526	- Info  -	[MultiChannel] send SHAKE_HANDLES_MSG, read 184, write 434
2023-05-02 10:47:26.527	- Info  -	[P2PStream] connected (by udp) 0.0.0.0:15425 <--> 106.5.131.228:18324
2023-05-02 10:47:26.547	- Info  -	[udpwrapper] disconnect reason : 1
2023-05-02 10:47:26.547	- Info  -	[oray][erroCode] errorcode=oray_errorcode(57354), product=0, type=3, inner code=10 [CUDPLibWrapper::OnDisconnect:833]
2023-05-02 10:47:26.547	- Info  -	[udpwrapper] Disconnect 117.68.2.126:4118 @ 838
2023-05-02 10:47:26.547	- Info  -	[oray][erroCode] errorcode=oray_errorcode(57354), product=0, type=3, inner code=10 [CUDPLibStream::Disconnect_impl:73]
2023-05-02 10:47:26.709	- Info  -	[MultiChannel] Received SHAKE_HANDLES_MSG, read 454 / (local write 434), write 164 / (local read 184)
2023-05-02 10:47:26.709	- Info  -	[MultiChannel] P2P channel connected 106.5.131.228:18324
2023-05-02 10:47:26.709	- Info  -	CConnectorRaw::OnEvent() state: CNTS_P2P_CONNECTED, error: 0, oray errorcode: 0
2023-05-02 10:47:26.709	- Info  -	[oray][erroCode] errorcode=oray_errorcode(0), product=0, type=0, inner code=0 [CConnectorRaw::OnEvent:624]
2023-05-02 10:47:28.323	- Info  -	[MultiChannel] forward data read completed @ 462
2023-05-02 10:47:28.324	- Info  -	[desktop] receive switch host message res = 1 
2023-05-02 10:47:28.324	- Info  -	[desktop] request enum screen
2023-05-02 10:47:28.324	- Info  -	[MultiChannel] write data when p2p state is CONNECTED, is full 0, writed data 434 / peer read 454, left 20, size 80 @ 153
2023-05-02 10:47:28.324	- Info  -	[DisplayClient] SetCompression 11/15
2023-05-02 10:47:28.324	- Info  -	[desktop] request start stream
2023-05-02 10:47:28.324	- Info  -	[desktop] SetCompressionParam: layer=1;encoding=4;format=1;reserved=0, size: 38
2023-05-02 10:47:28.324	- Info  -	[desktop] receive switch host message res = 1 
2023-05-02 10:47:28.324	- Info  -	[desktop] request enum screen
2023-05-02 10:47:28.324	- Info  -	[MultiChannel] forward data write completed @ 216
2023-05-02 10:47:28.399	- Info  -	[desktop] OnQueryConfigRes
2023-05-02 10:47:28.399	- Info  -	[desktop] recv enum screen, number is 1
2023-05-02 10:47:28.927	- Info  -	[clipboard] start clipboard...
2023-05-02 10:47:28.934	- Info  -	[clipboard][converter] html format 49428
2023-05-02 10:47:28.934	- Info  -	[clipboard][converter] rtf format 49271
2023-05-02 10:47:28.934	- Info  -	[clipboard] start clipboard ok.
2023-05-02 10:47:28.934	- Info  -	[desktop] sync clipboard enable
2023-05-02 10:47:31.170	- Info  -	SetDisplayMode() w=1600, h=900, bpp=32
2023-05-02 10:47:31.171	- Info  -	ResetBitmap width=1600, height=900, bpp=32, srcbpp=32, Size = 5760000
2023-05-02 10:47:31.171	- Info  -	[DisplayClient] recv image info, width: 1600, height: 900, bpp: 32
2023-05-02 10:47:31.171	- Info  -	[DisplayClient] OnRecvCompInfo format/quality 11/15
2023-05-02 10:47:31.171	- Info  -	[desktop][DisplayClient] recv first frame.
2023-05-02 10:47:31.177	- Info  -	[DisplayClient] recv compimage type: ID_IMAGE_RAPIDCOMP
2023-05-02 10:47:31.242	- Info  -	[vpx] open codec.
2023-05-02 10:47:31.373	- Info  -	[desktop][DisplayClient] decode first frame end.
2023-05-02 10:47:31.375	- Info  -	[desktop] receive first frame message
2023-05-02 10:47:31.375	- Info  -	[desktop] OnQueryConfigRes
2023-05-02 10:47:31.376	- Info  -	CClipboardRaw::OnReceiveQueryVersionReq 2
2023-05-02 10:47:31.376	- Info  -	[desktop] recv enum screen, number is 1
2023-05-02 10:47:31.376	- Info  -	[desktop] OnQueryConfigRes
2023-05-02 10:47:31.376	- Info  -	[drag] CDragServer::OnQueryVersionReq is installed
2023-05-02 10:47:31.376	* Error *	[drag] QueryVersion send is true
2023-05-02 10:47:31.377	- Info  -	[desktop] sync clipboard enable
2023-05-02 10:47:31.377	- Info  -	CClipboardRaw::OnReceiveQueryVersionRes 2
2023-05-02 10:47:31.379	- Info  -	SetDisplayMode() w=1600, h=900, bpp=32
2023-05-02 10:47:31.379	- Info  -	ResetBitmap width=1600, height=900, bpp=32, srcbpp=32, Size = 5760000
2023-05-02 10:47:31.380	- Info  -	[DisplayClient] recv image info, width: 1600, height: 900, bpp: 32
2023-05-02 10:47:31.424	- Info  -	[vpx][decoder] close codec.
2023-05-02 10:47:31.444	- Info  -	[DisplayClient] OnRecvCompInfo format/quality 11/15
2023-05-02 10:47:31.444	- Info  -	[desktop][DisplayClient] recv first frame.
2023-05-02 10:47:31.450	- Info  -	[DisplayClient] recv compimage type: ID_IMAGE_RAPIDCOMP
2023-05-02 10:47:31.525	- Info  -	[vpx] open codec.
2023-05-02 10:47:31.561	- Info  -	Init D3D2 OK
2023-05-02 10:47:31.561	- Info  -	[DesktopSurface] Use DirectX Paint mode 2
2023-05-02 10:47:31.604	- Info  -	Init D3D2 OK
2023-05-02 10:47:31.610	- Info  -	[desktop][DisplayClient] decode first frame end.
2023-05-02 10:47:31.612	- Info  -	[desktop] receive first frame message
2023-05-02 10:47:31.630	- Info  -	[maindialog] draw first frame end
2023-05-02 10:47:31.667	- Info  -	[desktop] sync clipboard enable
2023-05-02 10:47:31.669	- Info  -	[http call3] new call id:1, url:https://slapi.oray.net/remote/get-network
2023-05-02 10:47:31.670	- Info  -	[http call3] id:1 create new connection : https://slapi.oray.net:443
2023-05-02 10:47:31.671	- Info  -	attempt to connect server slapi.oray.net:443(121.40.200.192:443)
2023-05-02 10:47:31.818	- Info  -	[http call3] id:1, url:https://slapi.oray.net/remote/get-network, status code:200
2023-05-02 10:47:38.942	- Info  -	Init D3D2 OK
2023-05-02 10:47:38.968	* Error *	sensors data send failed!
2023-05-02 10:47:44.907	+Warning+	[BinaryPluginStream] rate reader pending data size 278105 exceed 262144
2023-05-02 10:47:44.919	+Warning+	[BinaryPluginStream] rate reader data all clear
2023-05-02 10:47:46.816	* Error *	SSLStream::IsWantReadWrite|peer(121.40.200.192:443), SSL_read failed( 6 ), error:00000000:lib(0):func(0):reason(0), file( ..\includes\common\phstream\SSLStream.cpp:1898 )
2023-05-02 10:47:46.816	- Info  -	[http call3] disconnect, error( 0 )
2023-05-02 10:47:54.039	* Error *	sensors data send failed!
2023-05-02 10:47:54.040	- Info  -	[oray][erroCode] errorcode=oray_errorcode(0), product=0, type=0, inner code=0 [CMultiChannelStream::Disconnect_impl:254]
2023-05-02 10:47:54.041	- Info  -	[TCPConnector] CCurStream handle client_disconnect
2023-05-02 10:47:54.041	- Info  -	[oray][erroCode] errorcode=transf(0), product=0, type=0, inner code=0 [CMultiChannelStream::ForwardHandler::Handle:647]
2023-05-02 10:47:54.041	- Info  -	CConnectorRaw::OnEvent() state: CNTS_FWD_DISCONNECT, error: 0, oray errorcode: 0
2023-05-02 10:47:54.041	- Info  -	[oray][erroCode] errorcode=oray_errorcode(0), product=0, type=0, inner code=0 [CConnectorRaw::OnEvent:624]
2023-05-02 10:47:54.041	+Warning+	[MultiChannel] unbind forward stream(errorcode 0) @ 651
2023-05-02 10:47:54.041	- Info  -	[oray][erroCode] errorcode=oray_errorcode(0), product=0, type=0, inner code=0 [CP2PStream::Disconnect_impl:678]
2023-05-02 10:47:54.041	- Info  -	[oray][erroCode] errorcode=oray_errorcode(0), product=0, type=0, inner code=0 [CP2PStream::CUDPStream::Disconnect_impl:1044]
2023-05-02 10:47:54.041	- Info  -	[oray][erroCode] errorcode=oray_errorcode(0), product=0, type=0, inner code=0 [CUDPLibStream::Disconnect_impl:73]
2023-05-02 10:47:54.041	- Info  -	[udp] Disconnect
2023-05-02 10:47:54.041	- Info  -	[udp] SendDisconnect
2023-05-02 10:47:54.041	- Info  -	[MultiChannel] P2P channel disconnect 106.5.131.228:18324
2023-05-02 10:47:54.041	- Info  -	[oray][erroCode] errorcode=transf(0), product=0, type=0, inner code=0 [CMultiChannelStream::P2PHandler::Handle:834]
2023-05-02 10:47:54.041	- Info  -	[oray][erroCode] errorcode=transf(0), product=0, type=0, inner code=0 [CMultiChannelStream::HandleDisconnect:1041]
2023-05-02 10:47:54.041	- Info  -	CMultiChannelStreamImpl::OnDisconnect()
2023-05-02 10:47:54.041	- Info  -	[oray][erroCode] errorcode=oray_errorcode(0), product=0, type=0, inner code=0 [CMultiChannelStreamImpl::OnDisconnect:100]
2023-05-02 10:47:54.042	- Info  -	CClientStream 106.5.131.228:18324 OnDisconnect, errocde:0
2023-05-02 10:47:54.042	- Info  -	[oray][erroCode] errorcode=errcode(0), product=0, type=0, inner code=0 [CClientStream::OnDisconnect:104]
2023-05-02 10:47:54.042	- Info  -	OnDisconnect, error code 0
2023-05-02 10:47:54.042	- Info  -	[oray][erroCode] errorcode=errcode(0), product=0, type=0, inner code=0 [BinaryPluginStream::OnDisconnect:404]
2023-05-02 10:47:54.042	- Info  -	[desktop] Separation message loop stop.
2023-05-02 10:47:54.042	- Info  -	CPluginThreadManager stop plugin thread
2023-05-02 10:47:54.042	- Info  -	CActivePlugin prepare to exit plugin
2023-05-02 10:47:54.042	- Info  -	[desktop] RemoteDesktopPlugin::ExitInstance. >
2023-05-02 10:47:54.042	- Info  -	[clipboard] stop clipboard...
2023-05-02 10:47:54.048	- Info  -	[clipboard] recv thread end(1).
2023-05-02 10:47:54.048	- Info  -	[clipboard] call CClipboardViewer::DestroyWnd at 190
2023-05-02 10:47:54.048	- Info  -	[clipboard] recv WM_CLOSE, end thread.
2023-05-02 10:47:54.049	- Info  -	[clipboard] Stop Clipboard ok
2023-05-02 10:47:54.050	- Info  -	[udpwrapper] udprelay connecting 106.5.131.228:18324 via 117.68.2.126:4118
2023-05-02 10:47:54.059	- Info  -	[desktop] [thread] cancel.
2023-05-02 10:47:54.059	- Info  -	[desktop] RemoteDesktopPlugin::ExitInstance. <
2023-05-02 10:47:54.060	- Info  -	CConnectorRaw::OnEvent() state: CNTS_P2P_DISCONNECT, error: 0, oray errorcode: 0
2023-05-02 10:47:54.060	- Info  -	[oray][erroCode] errorcode=oray_errorcode(0), product=0, type=0, inner code=0 [CConnectorRaw::OnEvent:624]
2023-05-02 10:47:54.060	- Info  -	[oray][erroCode] errorcode=oray_errorcode(0), product=0, type=0, inner code=0 [CP2PStream::CTCPStream::Disconnect_impl:1016]
2023-05-02 10:47:54.060	- Info  -	CConnectorRaw::OnEvent() state: CNTS_DISCONNECTED, error: 0, oray errorcode: 0
2023-05-02 10:47:54.060	- Info  -	[oray][erroCode] errorcode=oray_errorcode(0), product=0, type=0, inner code=0 [CConnectorRaw::OnEvent:624]
2023-05-02 10:47:54.060	- Info  -	CConnectorRaw::Stop in>
2023-05-02 10:47:54.060	- Info  -	[CUDPLibWrapper] map size: 1, value: [106.5.131.228:18324/15425-2] = 0.0.0.0:15425;

2023-05-02 10:47:54.060	- Info  -	[oray][erroCode] errorcode=oray_errorcode(0), product=0, type=0, inner code=0 [CP2PStream::CUDPStream::Disconnect_impl:1044]
2023-05-02 10:47:54.060	- Info  -	[oray][erroCode] errorcode=oray_errorcode(0), product=0, type=0, inner code=0 [CUDPLibStream::Disconnect_impl:73]
2023-05-02 10:47:54.061	* Error *	Plugin disconnect with error : 0
2023-05-02 10:47:54.061	- Info  -	CConnectorRaw::Stop out<
2023-05-02 10:47:54.061	- Info  -	sensors close
2023-05-02 10:47:54.101	- Info  -	[desktop] CRemoteDesktopPlugin::~CRemoteDesktopPlugin(void)
2023-05-02 10:47:54.103	- Info  -	[vpx][decoder] close codec.
2023-05-02 10:47:54.132	- Info  -	CMultiChannelStreamImpl::~CMultiChannelStreamImpl
2023-05-02 10:47:54.134	- Info  -	program remote_plugin is exit 
