2023-05-17 13:50:02.354	- Info  -	version:3.2.1.40406
2023-05-17 13:50:02.358	- Info  -	DPIAwareness set 2 success.
2023-05-17 13:50:02.365	- Info  -	config path: 	Հ
2023-05-17 13:50:02.441	- Info  -	[displayclt] CDisplayClient::CDisplayClient(all)
2023-05-17 13:50:02.441	- Info  -	[desktop] CRemoteDesktopPlugin::CRemoteDesktopPlugin(all)
2023-05-17 13:50:02.492	- Info  -	sensors init with file: C:/ProgramData/Oray/SunloginClient/sensors/datas
2023-05-17 13:50:02.509	- Info  -	CMultiChannelStreamImpl::CMultiChannelStreamImpl
2023-05-17 13:50:02.511	- Info  -	CConnectorRaw::OnStreamEvent(1) state: CNTS_FORWARD, error: 0
2023-05-17 13:50:02.511	- Info  -	CConnectorRaw::OnEvent() state: CNTS_FORWARD, error: 0, oray errorcode: 0
2023-05-17 13:50:02.512	- Info  -	[oray][erroCode] errorcode=oray_errorcode(0), product=0, type=0, inner code=0 [CConnectorRaw::OnEvent:624]
2023-05-17 13:50:02.513	* Error *	sensors data send failed!
2023-05-17 13:50:02.628	- Info  -	attempt to connect server 1354413378.slp2p-east-std05.oray.net:443(221.228.93.179:443)
2023-05-17 13:50:02.638	- Info  -	plugin_public access_token is NULL
2023-05-17 13:50:02.717	- Info  -	[TCPConnector] CCurStream handle client_connect
2023-05-17 13:50:02.743	- Info  -	[MultiChannel] Forward channel shake handle 221.228.93.179:443
2023-05-17 13:50:02.744	- Info  -	CMultiChannelStreamImpl::OnConnect()
2023-05-17 13:50:02.744	- Info  -	CClientStream 221.228.93.179:443 OnConnect
2023-05-17 13:50:02.744	- Info  -	CConnectorRaw::OnEvent() state: CNTS_LOGIN, error: 0, oray errorcode: 0
2023-05-17 13:50:02.744	- Info  -	[oray][erroCode] errorcode=oray_errorcode(0), product=0, type=0, inner code=0 [CConnectorRaw::OnEvent:624]
2023-05-17 13:50:02.744	- Info  -	CConnectorRaw::OnEvent() state: CNTS_FWD_SHAKEHANDLE, error: 0, oray errorcode: 0
2023-05-17 13:50:02.744	- Info  -	[oray][erroCode] errorcode=oray_errorcode(0), product=0, type=0, inner code=0 [CConnectorRaw::OnEvent:624]
2023-05-17 13:50:02.969	- Info  -	[MultiChannel] Forward channel connected 221.228.93.179:443
2023-05-17 13:50:02.969	- Info  -	CMultiChannelStreamImpl::OnConnectEvent, status: CNTS_FWD_CONNECTED, isclosed:false, HadFwdConnected: true, HadBeenHolePunch: false
2023-05-17 13:50:02.969	- Info  -	CConnectorRaw::OnEvent() state: CNTS_FWD_CONNECTED, error: 0, oray errorcode: 0
2023-05-17 13:50:02.969	- Info  -	[oray][erroCode] errorcode=oray_errorcode(0), product=0, type=0, inner code=0 [CConnectorRaw::OnEvent:624]
2023-05-17 13:50:02.969	- Info  -	CClientStream 221.228.93.179:443 OnReceive reply 1 
2023-05-17 13:50:02.969	- Info  -	CClientStream 221.228.93.179:443 start keepalive
2023-05-17 13:50:02.969	- Info  -	CClientStream 221.228.93.179:443 login OK
2023-05-17 13:50:02.969	- Info  -	CConnectorRaw::OnEvent() state: CNTS_CONNECTED, error: 0, oray errorcode: 0
2023-05-17 13:50:02.969	- Info  -	[oray][erroCode] errorcode=oray_errorcode(0), product=0, type=0, inner code=0 [CConnectorRaw::OnEvent:624]
2023-05-17 13:50:02.970	- Info  -	CPluginThreadManager start plugin thread
2023-05-17 13:50:02.970	- Info  -	CActivePlugin prepare to init plugin
2023-05-17 13:50:02.971	- Info  -	[desktop] create drag server OK
2023-05-17 13:50:02.971	- Info  -	CActivePlugin prepare to run plugin
2023-05-17 13:50:02.972	- Info  -	[desktop] sending switch desktop type message...
2023-05-17 13:50:02.974	- Info  -	[desktop] request enumerate user list.
2023-05-17 13:50:02.974	- Info  -	[desktop] Separation message loop start.
2023-05-17 13:50:02.975	- Info  -	[desktop] receive enumerate user respond
2023-05-17 13:50:02.975	- Info  -	[desktop] request switch user host message...
2023-05-17 13:50:03.435	* Error *	sensors data send failed!
2023-05-17 13:50:03.911	- Info  -	[desktop] receive switch host message res = 1 
2023-05-17 13:50:03.911	- Info  -	[desktop] request enum screen
2023-05-17 13:50:03.911	- Info  -	[DisplayClient] SetCompression 11/15
2023-05-17 13:50:03.911	- Info  -	[desktop] request start stream
2023-05-17 13:50:03.911	- Info  -	[desktop] SetCompressionParam: layer=1;encoding=4;format=1;reserved=0, size: 38
2023-05-17 13:50:04.057	- Info  -	[desktop] OnQueryConfigRes
2023-05-17 13:50:04.057	- Info  -	[desktop] recv enum screen, number is 1
2023-05-17 13:50:04.059	- Info  -	[desktop] OnQueryConfigRes
2023-05-17 13:50:04.061	- Info  -	[clipboard] start clipboard...
2023-05-17 13:50:04.085	- Info  -	[clipboard][converter] html format 49429
2023-05-17 13:50:04.085	- Info  -	[clipboard][converter] rtf format 49271
2023-05-17 13:50:04.086	- Info  -	[clipboard] start clipboard ok.
2023-05-17 13:50:04.086	- Info  -	[desktop] sync clipboard enable
2023-05-17 13:50:04.957	- Info  -	CMultiChannelStreamImpl::ConnectP2PServer, thread id: 11824
2023-05-17 13:50:05.009	- Info  -	CConnectorRaw::OnStreamEvent(1) state: CNTS_P2P, error: 0
2023-05-17 13:50:05.009	- Info  -	CConnectorRaw::OnEvent() state: CNTS_P2P, error: 0, oray errorcode: 0
2023-05-17 13:50:05.009	- Info  -	[oray][erroCode] errorcode=oray_errorcode(0), product=0, type=0, inner code=0 [CConnectorRaw::OnEvent:624]
2023-05-17 13:50:05.009	- Info  -	[P2PConnector] attempt to connect server PHSRC://1354413378.slp2p-east-std05.oray.net:4118/desktop(slp2p-east-std05.oray.net:4118) 
2023-05-17 13:50:05.067	- Info  -	[udp] support straight send in peer : no 221.228.93.179:4118 CConnection::OnConnectRes
2023-05-17 13:50:05.068	- Info  -	[P2PHelper] detect local ip ...
2023-05-17 13:50:05.069	- Info  -	[P2PHelper] detect local ip 172.16.77.18
2023-05-17 13:50:05.069	- Info  -	[P2PHelper] attempt to login P2P Server...
2023-05-17 13:50:05.097	- Info  -	[P2PHelper] Login P2P Server OK
2023-05-17 13:50:05.097	- Info  -	[P2PHelper] OnLoginRes, receive public ip 223.82.110.30:15491
2023-05-17 13:50:05.097	- Info  -	[P2PHelper] sending P2P request ...
2023-05-17 13:50:05.145	- Info  -	[P2PHelper] receive peer local ip 10.21.91.3:15324, public ip 220.175.55.163:17571
2023-05-17 13:50:05.145	- Info  -	[P2PStream] EstablishP2P local ip 223.82.110.30:15491/172.16.77.18:15491 ==> peer ip 220.175.55.163:17571/10.21.91.3:15324
2023-05-17 13:50:05.569	+Warning+	not found upnp devices on network!
2023-05-17 13:50:05.569	- Info  -	upnpnat_search_thread::ThreadLoop end
2023-05-17 13:50:05.573	- Info  -	[udpwrapper] attempt to establish P2P connection via: 221.228.93.179:4118, (local)172.16.77.18:15491|(public)223.82.110.30:15491 ==> (local)10.21.91.3:15324|(public)220.175.55.163:17571
2023-05-17 13:50:06.020	- Info  -	[drag] CDragServer::OnQueryVersionReq is installed
2023-05-17 13:50:06.020	* Error *	[drag] QueryVersion send is true
2023-05-17 13:50:06.020	- Info  -	CClipboardRaw::OnReceiveQueryVersionReq 2
2023-05-17 13:50:06.023	- Info  -	[drag] QueryVersionRes is true
2023-05-17 13:50:06.024	- Info  -	CClipboardRaw::OnReceiveQueryVersionRes 2
2023-05-17 13:50:06.075	+Warning+	not found upnp devices on network!
2023-05-17 13:50:06.075	+Warning+	[udpwrapper] UPNP discovery failed, 
2023-05-17 13:50:06.125	- Info  -	[udp] OnConnectAck working in advanced mode 2
2023-05-17 13:50:06.125	- Info  -	[udp] support straight send in peer : yes 220.175.55.163:17571 CConnection::OnConnectRes
2023-05-17 13:50:06.126	- Info  -	[oray][erroCode] errorcode=oray_errorcode(0), product=0, type=0, inner code=0 [CUDPLibStream::Disconnect_impl:73]
2023-05-17 13:50:06.126	- Info  -	[udp] Disconnect
2023-05-17 13:50:06.126	- Info  -	[udp] SendDisconnect
2023-05-17 13:50:06.126	- Info  -	[P2PHelper] MainServer disconnect
2023-05-17 13:50:06.126	- Info  -	[MultiChannel] P2P channel shake handle 220.175.55.163:17571
2023-05-17 13:50:06.126	- Info  -	CConnectorRaw::OnEvent() state: CNTS_P2P_SHAKEHANDLE, error: 0, oray errorcode: 0
2023-05-17 13:50:06.126	- Info  -	[oray][erroCode] errorcode=oray_errorcode(0), product=0, type=0, inner code=0 [CConnectorRaw::OnEvent:624]
2023-05-17 13:50:06.126	- Info  -	[MultiChannel] send SHAKE_HANDLES_MSG, read 3305, write 1428
2023-05-17 13:50:06.126	- Info  -	[P2PStream] connected (by udp) 0.0.0.0:15491 <--> 220.175.55.163:17571
2023-05-17 13:50:06.161	- Info  -	[udpwrapper] disconnect reason : 1
2023-05-17 13:50:06.161	- Info  -	[oray][erroCode] errorcode=oray_errorcode(57354), product=0, type=3, inner code=10 [CUDPLibWrapper::OnDisconnect:833]
2023-05-17 13:50:06.161	- Info  -	[udpwrapper] Disconnect 221.228.93.179:4118 @ 838
2023-05-17 13:50:06.161	- Info  -	[oray][erroCode] errorcode=oray_errorcode(57354), product=0, type=3, inner code=10 [CUDPLibStream::Disconnect_impl:73]
2023-05-17 13:50:06.162	- Info  -	[MultiChannel] Received SHAKE_HANDLES_MSG, read 1448 / (local write 1428), write 203786 / (local read 3305)
2023-05-17 13:50:06.162	- Info  -	[MultiChannel] P2P channel connected 220.175.55.163:17571
2023-05-17 13:50:06.162	- Info  -	CConnectorRaw::OnEvent() state: CNTS_P2P_CONNECTED, error: 0, oray errorcode: 0
2023-05-17 13:50:06.162	- Info  -	[oray][erroCode] errorcode=oray_errorcode(0), product=0, type=0, inner code=0 [CConnectorRaw::OnEvent:624]
2023-05-17 13:50:06.162	- Info  -	[MultiChannel] forward stream read data(size:200481, 200481, left:200481) when p2p state is CONNECTED @ 445
2023-05-17 13:50:06.331	- Info  -	[MultiChannel] forward data read completed @ 462
2023-05-17 13:50:06.331	- Info  -	SetDisplayMode() w=1024, h=768, bpp=32
2023-05-17 13:50:06.331	- Info  -	ResetBitmap width=1024, height=768, bpp=32, srcbpp=32, Size = 3145728
2023-05-17 13:50:06.332	- Info  -	[DisplayClient] recv image info, width: 1024, height: 768, bpp: 32
2023-05-17 13:50:06.332	- Info  -	[DisplayClient] OnRecvCompInfo format/quality 11/15
2023-05-17 13:50:06.332	- Info  -	[desktop][DisplayClient] recv first frame.
2023-05-17 13:50:06.338	- Info  -	[DisplayClient] recv compimage type: ID_IMAGE_RAPIDCOMP
2023-05-17 13:50:06.412	- Info  -	[vpx] open codec.
2023-05-17 13:50:06.470	- Info  -	[desktop][DisplayClient] decode first frame end.
2023-05-17 13:50:06.470	- Info  -	[MultiChannel] write data when p2p state is CONNECTED, is full 0, writed data 1428 / peer read 1448, left 20, size 52 @ 153
2023-05-17 13:50:06.472	- Info  -	[desktop] receive first frame message
2023-05-17 13:50:06.473	- Info  -	[MultiChannel] forward data write completed @ 216
2023-05-17 13:50:06.653	- Info  -	Init D3D2 OK
2023-05-17 13:50:06.653	- Info  -	[DesktopSurface] Use DirectX Paint mode 2
2023-05-17 13:50:06.687	- Info  -	Init D3D2 OK
2023-05-17 13:50:06.699	- Info  -	[maindialog] draw first frame end
2023-05-17 13:50:06.735	- Info  -	[desktop] sync clipboard enable
2023-05-17 13:50:06.736	- Info  -	[http call3] new call id:1, url:https://slapi.oray.net/remote/get-network
2023-05-17 13:50:06.737	- Info  -	[http call3] id:1 create new connection : https://slapi.oray.net:443
2023-05-17 13:50:06.744	- Info  -	attempt to connect server slapi.oray.net:443(121.40.200.192:443)
2023-05-17 13:50:06.905	- Info  -	[http call3] id:1, url:https://slapi.oray.net/remote/get-network, status code:200
2023-05-17 13:50:08.030	- Info  -	Init D3D2 OK
2023-05-17 13:50:08.088	- Info  -	Init D3D2 OK
2023-05-17 13:50:10.712	- Info  -	Init D3D2 OK
2023-05-17 13:50:10.731	* Error *	sensors data send failed!
2023-05-17 13:50:10.898	- Info  -	Init D3D2 OK
2023-05-17 13:50:13.286	* Error *	sensors data send failed!
2023-05-17 13:50:21.902	* Error *	SSLStream::IsWantReadWrite|peer(121.40.200.192:443), SSL_read failed( 6 ), error:00000000:lib(0):func(0):reason(0), file( ..\includes\common\phstream\SSLStream.cpp:1898 )
2023-05-17 13:50:21.902	- Info  -	[http call3] disconnect, error( 0 )
2023-05-17 13:54:51.124	- Info  -	Init D3D2 OK
2023-05-17 13:55:03.368	- Info  -	[clipboard] CClipboardViewer::OnClipboardUpdate
2023-05-17 13:55:03.368	- Info  -	[clipboard] push format(2) 8
2023-05-17 13:55:20.896	* Error *	sensors data send failed!
2023-05-17 13:55:20.896	- Info  -	[oray][erroCode] errorcode=oray_errorcode(0), product=0, type=0, inner code=0 [CMultiChannelStream::Disconnect_impl:254]
2023-05-17 13:55:20.896	- Info  -	[TCPConnector] CCurStream handle client_disconnect
2023-05-17 13:55:20.896	- Info  -	[oray][erroCode] errorcode=transf(0), product=0, type=0, inner code=0 [CMultiChannelStream::ForwardHandler::Handle:647]
2023-05-17 13:55:20.897	- Info  -	CConnectorRaw::OnEvent() state: CNTS_FWD_DISCONNECT, error: 0, oray errorcode: 0
2023-05-17 13:55:20.897	- Info  -	[oray][erroCode] errorcode=oray_errorcode(0), product=0, type=0, inner code=0 [CConnectorRaw::OnEvent:624]
2023-05-17 13:55:20.897	+Warning+	[MultiChannel] unbind forward stream(errorcode 0) @ 651
2023-05-17 13:55:20.897	- Info  -	[oray][erroCode] errorcode=oray_errorcode(0), product=0, type=0, inner code=0 [CP2PStream::Disconnect_impl:678]
2023-05-17 13:55:20.897	- Info  -	[oray][erroCode] errorcode=oray_errorcode(0), product=0, type=0, inner code=0 [CP2PStream::CUDPStream::Disconnect_impl:1044]
2023-05-17 13:55:20.897	- Info  -	[oray][erroCode] errorcode=oray_errorcode(0), product=0, type=0, inner code=0 [CUDPLibStream::Disconnect_impl:73]
2023-05-17 13:55:20.897	- Info  -	[udp] Disconnect
2023-05-17 13:55:20.897	- Info  -	[udp] SendDisconnect
2023-05-17 13:55:20.897	- Info  -	[MultiChannel] P2P channel disconnect 220.175.55.163:17571
2023-05-17 13:55:20.897	- Info  -	[oray][erroCode] errorcode=transf(0), product=0, type=0, inner code=0 [CMultiChannelStream::P2PHandler::Handle:834]
2023-05-17 13:55:20.897	- Info  -	[oray][erroCode] errorcode=transf(0), product=0, type=0, inner code=0 [CMultiChannelStream::HandleDisconnect:1041]
2023-05-17 13:55:20.897	- Info  -	CMultiChannelStreamImpl::OnDisconnect()
2023-05-17 13:55:20.897	- Info  -	[oray][erroCode] errorcode=oray_errorcode(0), product=0, type=0, inner code=0 [CMultiChannelStreamImpl::OnDisconnect:100]
2023-05-17 13:55:20.897	- Info  -	CClientStream 220.175.55.163:17571 OnDisconnect, errocde:0
2023-05-17 13:55:20.897	- Info  -	[oray][erroCode] errorcode=errcode(0), product=0, type=0, inner code=0 [CClientStream::OnDisconnect:104]
2023-05-17 13:55:20.897	- Info  -	OnDisconnect, error code 0
2023-05-17 13:55:20.897	- Info  -	[oray][erroCode] errorcode=errcode(0), product=0, type=0, inner code=0 [BinaryPluginStream::OnDisconnect:404]
2023-05-17 13:55:20.897	- Info  -	CPluginThreadManager stop plugin thread
2023-05-17 13:55:20.897	- Info  -	[desktop] Separation message loop stop.
2023-05-17 13:55:20.897	- Info  -	CActivePlugin prepare to exit plugin
2023-05-17 13:55:20.898	- Info  -	[desktop] RemoteDesktopPlugin::ExitInstance. >
2023-05-17 13:55:20.898	- Info  -	[clipboard] stop clipboard...
2023-05-17 13:55:20.904	- Info  -	[udpwrapper] udprelay connecting 220.175.55.163:17571 via 221.228.93.179:4118
2023-05-17 13:55:21.029	- Info  -	[clipboard] recv thread end(2).
2023-05-17 13:55:21.041	- Info  -	[clipboard] call CClipboardViewer::DestroyWnd at 190
2023-05-17 13:55:21.041	- Info  -	[clipboard] recv WM_CLOSE, end thread.
2023-05-17 13:55:21.049	- Info  -	[clipboard] Stop Clipboard ok
2023-05-17 13:55:21.067	- Info  -	[desktop] [thread] cancel.
2023-05-17 13:55:21.068	- Info  -	[desktop] RemoteDesktopPlugin::ExitInstance. <
2023-05-17 13:55:21.074	- Info  -	CConnectorRaw::OnEvent() state: CNTS_P2P_DISCONNECT, error: 0, oray errorcode: 0
2023-05-17 13:55:21.074	- Info  -	[oray][erroCode] errorcode=oray_errorcode(0), product=0, type=0, inner code=0 [CConnectorRaw::OnEvent:624]
2023-05-17 13:55:21.074	- Info  -	[oray][erroCode] errorcode=oray_errorcode(0), product=0, type=0, inner code=0 [CP2PStream::CTCPStream::Disconnect_impl:1016]
2023-05-17 13:55:21.074	- Info  -	CConnectorRaw::OnEvent() state: CNTS_DISCONNECTED, error: 0, oray errorcode: 0
2023-05-17 13:55:21.075	- Info  -	[oray][erroCode] errorcode=oray_errorcode(0), product=0, type=0, inner code=0 [CConnectorRaw::OnEvent:624]
2023-05-17 13:55:21.075	- Info  -	CConnectorRaw::Stop in>
2023-05-17 13:55:21.076	* Error *	Plugin disconnect with error : 0
2023-05-17 13:55:21.077	- Info  -	[CUDPLibWrapper] map size: 1, value: [220.175.55.163:17571/15491-2] = 0.0.0.0:15491;

2023-05-17 13:55:21.077	- Info  -	[oray][erroCode] errorcode=oray_errorcode(0), product=0, type=0, inner code=0 [CP2PStream::CUDPStream::Disconnect_impl:1044]
2023-05-17 13:55:21.077	- Info  -	[oray][erroCode] errorcode=oray_errorcode(0), product=0, type=0, inner code=0 [CUDPLibStream::Disconnect_impl:73]
2023-05-17 13:55:21.078	- Info  -	CConnectorRaw::Stop out<
2023-05-17 13:55:21.079	- Info  -	sensors close
2023-05-17 13:55:21.115	- Info  -	[desktop] CRemoteDesktopPlugin::~CRemoteDesktopPlugin(void)
2023-05-17 13:55:21.116	- Info  -	[vpx][decoder] close codec.
2023-05-17 13:55:21.253	- Info  -	CMultiChannelStreamImpl::~CMultiChannelStreamImpl
2023-05-17 13:55:21.256	- Info  -	program remote_plugin is exit 
