2023-01-25 17:52:11.602	- Info  -	version:3.2.1.40406
2023-01-25 17:52:11.606	- Info  -	DPIAwareness set 2 success.
2023-01-25 17:52:11.614	- Info  -	config path: `üCò
2023-01-25 17:52:11.663	- Info  -	[displayclt] CDisplayClient::CDisplayClient(all)
2023-01-25 17:52:11.663	- Info  -	[desktop] CRemoteDesktopPlugin::CRemoteDesktopPlugin(all)
2023-01-25 17:52:11.687	- Info  -	CMultiChannelStreamImpl::CMultiChannelStreamImpl
2023-01-25 17:52:11.691	- Info  -	CConnectorRaw::OnStreamEvent(1) state: CNTS_FORWARD, error: 0
2023-01-25 17:52:11.692	- Info  -	CConnectorRaw::OnEvent() state: CNTS_FORWARD, error: 0, oray errorcode: 0
2023-01-25 17:52:11.692	- Info  -	[oray][erroCode] errorcode=oray_errorcode(0), product=0, type=0, inner code=0 [CConnectorRaw::OnEvent:624]
2023-01-25 17:52:11.706	- Info  -	sensors init with file: C:/ProgramData/Oray/SunloginClient/sensors/datas
2023-01-25 17:52:11.733	* Error *	sensors data send failed!
2023-01-25 17:52:11.783	- Info  -	plugin_public access_token is NULL
2023-01-25 17:52:12.173	- Info  -	attempt to connect server 1018223007.slp2p-east-std232.oray.net:443(122.246.12.39:443)
2023-01-25 17:52:12.217	* Error *	sensors data send failed!
2023-01-25 17:52:12.577	- Info  -	[TCPConnector] CCurStream handle client_connect
2023-01-25 17:52:12.600	- Info  -	[MultiChannel] Forward channel shake handle 122.246.12.39:443
2023-01-25 17:52:12.600	- Info  -	CMultiChannelStreamImpl::OnConnect()
2023-01-25 17:52:12.600	- Info  -	CClientStream 122.246.12.39:443 OnConnect
2023-01-25 17:52:12.600	- Info  -	CConnectorRaw::OnEvent() state: CNTS_LOGIN, error: 0, oray errorcode: 0
2023-01-25 17:52:12.600	- Info  -	[oray][erroCode] errorcode=oray_errorcode(0), product=0, type=0, inner code=0 [CConnectorRaw::OnEvent:624]
2023-01-25 17:52:12.600	- Info  -	CConnectorRaw::OnEvent() state: CNTS_FWD_SHAKEHANDLE, error: 0, oray errorcode: 0
2023-01-25 17:52:12.600	- Info  -	[oray][erroCode] errorcode=oray_errorcode(0), product=0, type=0, inner code=0 [CConnectorRaw::OnEvent:624]
2023-01-25 17:52:12.777	- Info  -	[MultiChannel] Forward channel connected 122.246.12.39:443
2023-01-25 17:52:12.777	- Info  -	CMultiChannelStreamImpl::OnConnectEvent, status: CNTS_FWD_CONNECTED, isclosed:false, HadFwdConnected: true, HadBeenHolePunch: false
2023-01-25 17:52:12.778	- Info  -	CConnectorRaw::OnEvent() state: CNTS_FWD_CONNECTED, error: 0, oray errorcode: 0
2023-01-25 17:52:12.778	- Info  -	[oray][erroCode] errorcode=oray_errorcode(0), product=0, type=0, inner code=0 [CConnectorRaw::OnEvent:624]
2023-01-25 17:52:12.778	* Error *	CClientStream receive invalid Logon_OK_Message
2023-01-25 17:52:12.778	- Info  -	CClientStream 122.246.12.39:443 OnReceive reply 1 
2023-01-25 17:52:12.778	- Info  -	CClientStream 122.246.12.39:443 start keepalive
2023-01-25 17:52:12.778	- Info  -	CClientStream 122.246.12.39:443 login OK
2023-01-25 17:52:12.778	- Info  -	CConnectorRaw::OnEvent() state: CNTS_CONNECTED, error: 0, oray errorcode: 0
2023-01-25 17:52:12.778	- Info  -	[oray][erroCode] errorcode=oray_errorcode(0), product=0, type=0, inner code=0 [CConnectorRaw::OnEvent:624]
2023-01-25 17:52:12.778	- Info  -	CPluginThreadManager start plugin thread
2023-01-25 17:52:12.779	- Info  -	CActivePlugin prepare to init plugin
2023-01-25 17:52:12.779	- Info  -	[desktop] create drag server OK
2023-01-25 17:52:12.779	- Info  -	CActivePlugin prepare to run plugin
2023-01-25 17:52:12.782	- Info  -	[desktop] sending switch desktop type message...
2023-01-25 17:52:12.783	- Info  -	[desktop] request enumerate user list.
2023-01-25 17:52:12.783	- Info  -	[desktop] Separation message loop start.
2023-01-25 17:52:13.048	- Info  -	[desktop] receive switch host message res = 1 
2023-01-25 17:52:13.048	- Info  -	[desktop] request enum screen
2023-01-25 17:52:13.048	- Info  -	[DisplayClient] SetCompression 11/15
2023-01-25 17:52:13.048	- Info  -	[desktop] request start stream
2023-01-25 17:52:13.048	- Info  -	[desktop] SetCompressionParam: layer=1;encoding=4;format=1;reserved=0, size: 38
2023-01-25 17:52:13.408	- Info  -	[desktop] OnQueryConfigRes
2023-01-25 17:52:13.408	- Info  -	[desktop] recv enum screen, number is 1
2023-01-25 17:52:13.467	- Info  -	[desktop] OnQueryConfigRes
2023-01-25 17:52:13.472	- Info  -	[clipboard] start clipboard...
2023-01-25 17:52:13.481	- Info  -	[clipboard][converter] html format 49425
2023-01-25 17:52:13.481	- Info  -	[clipboard][converter] rtf format 49289
2023-01-25 17:52:13.482	- Info  -	[clipboard] start clipboard ok.
2023-01-25 17:52:13.482	- Info  -	[desktop] sync clipboard enable
2023-01-25 17:52:14.319	- Info  -	SetDisplayMode() w=1440, h=900, bpp=32
2023-01-25 17:52:14.320	- Info  -	ResetBitmap width=1440, height=900, bpp=32, srcbpp=32, Size = 5184000
2023-01-25 17:52:14.320	- Info  -	[DisplayClient] recv image info, width: 1440, height: 900, bpp: 32
2023-01-25 17:52:14.320	- Info  -	[DisplayClient] OnRecvCompInfo format/quality 11/15
2023-01-25 17:52:14.320	- Info  -	[desktop][DisplayClient] recv first frame.
2023-01-25 17:52:14.326	- Info  -	[DisplayClient] recv compimage type: ID_IMAGE_RAPIDCOMP
2023-01-25 17:52:14.386	- Info  -	[vpx] open codec.
2023-01-25 17:52:14.427	- Info  -	[desktop][DisplayClient] decode first frame end.
2023-01-25 17:52:14.428	- Info  -	[desktop] receive first frame message
2023-01-25 17:52:14.432	- Info  -	CClipboardRaw::OnReceiveQueryVersionReq 2
2023-01-25 17:52:14.552	- Info  -	Init D3D2 OK
2023-01-25 17:52:14.552	- Info  -	[DesktopSurface] Use DirectX Paint mode 2
2023-01-25 17:52:14.587	- Info  -	Init D3D2 OK
2023-01-25 17:52:14.602	- Info  -	[maindialog] draw first frame end
2023-01-25 17:52:14.654	- Info  -	[desktop] sync clipboard enable
2023-01-25 17:52:14.654	- Info  -	[http call3] new call id:1, url:https://slapi.oray.net/client/free-tips
2023-01-25 17:52:14.655	- Info  -	[http call3] new call id:2, url:https://slapi.oray.net/remote/get-network
2023-01-25 17:52:14.658	- Info  -	[http call3] id:1 create new connection : https://slapi.oray.net:443
2023-01-25 17:52:14.675	- Info  -	attempt to connect server slapi.oray.net:443(121.40.99.129:443)
2023-01-25 17:52:14.699	- Info  -	[http call3] id:2 use old connection : https://slapi.oray.net:443
2023-01-25 17:52:14.776	- Info  -	CMultiChannelStreamImpl::ConnectP2PServer, thread id: 960
2023-01-25 17:52:14.911	- Info  -	[http call3] id:1, url:https://slapi.oray.net/client/free-tips, status code:200
2023-01-25 17:52:15.005	- Info  -	CConnectorRaw::OnStreamEvent(1) state: CNTS_P2P, error: 0
2023-01-25 17:52:15.005	- Info  -	CConnectorRaw::OnEvent() state: CNTS_P2P, error: 0, oray errorcode: 0
2023-01-25 17:52:15.005	- Info  -	[oray][erroCode] errorcode=oray_errorcode(0), product=0, type=0, inner code=0 [CConnectorRaw::OnEvent:624]
2023-01-25 17:52:15.005	- Info  -	[P2PConnector] attempt to connect server PHSRC://1018223007.slp2p-east-std232.oray.net:4118/desktop(slp2p-east-std232.oray.net:4118) 
2023-01-25 17:52:15.036	- Info  -	[http call3] id:2, url:https://slapi.oray.net/remote/get-network, status code:200
2023-01-25 17:52:15.075	- Info  -	[udp] support straight send in peer : no 122.246.12.39:4118 CConnection::OnConnectRes
2023-01-25 17:52:15.075	- Info  -	[P2PHelper] detect local ip ...
2023-01-25 17:52:15.076	- Info  -	[P2PHelper] detect local ip 192.168.0.193
2023-01-25 17:52:15.076	- Info  -	[P2PHelper] attempt to login P2P Server...
2023-01-25 17:52:15.097	- Info  -	[P2PHelper] Login P2P Server OK
2023-01-25 17:52:15.097	- Info  -	[P2PHelper] OnLoginRes, receive public ip 183.217.21.1:58433
2023-01-25 17:52:15.097	- Info  -	[P2PHelper] sending P2P request ...
2023-01-25 17:52:15.139	- Info  -	[P2PHelper] receive peer local ip 192.168.1.2:15483, public ip 111.76.254.85:6894
2023-01-25 17:52:15.139	- Info  -	[P2PStream] EstablishP2P local ip 183.217.21.1:58433/192.168.0.193:15140 ==> peer ip 111.76.254.85:6894/192.168.1.2:15483
2023-01-25 17:52:15.607	- Info  -	upnpnat_search_thread::ThreadLoop end
2023-01-25 17:52:15.608	- Info  -	[udpwrapper] attempt to establish P2P connection via: 122.246.12.39:4118, (local)192.168.0.193:15140|(public)183.217.21.1:58433 ==> (local)192.168.1.2:15483|(public)111.76.254.85:6894
2023-01-25 17:52:15.835	- Info  -	[drag] QueryVersionRes is true
2023-01-25 17:52:15.835	- Info  -	CClipboardRaw::OnReceiveQueryVersionRes 2
2023-01-25 17:52:18.565	* Error *	sensors data send failed!
2023-01-25 17:52:27.619	+Warning+	[udpstack] connect timeout, state: 5, time interval: 10000, 108906828, 108894828, 12000
2023-01-25 17:52:27.619	- Info  -	[udpwrapper] udprelay connecting 111.76.254.85:6894 via 122.246.12.39:4118
2023-01-25 17:52:27.678	- Info  -	[udp] OnConnectAck working in advanced mode 2
2023-01-25 17:52:27.678	- Info  -	[udp] support straight send in peer : yes 122.246.12.39:4118 CConnection::OnConnectRes
2023-01-25 17:52:27.678	- Info  -	[oray][erroCode] errorcode=oray_errorcode(0), product=0, type=0, inner code=0 [CUDPLibStream::Disconnect_impl:73]
2023-01-25 17:52:27.678	- Info  -	[udp] Disconnect
2023-01-25 17:52:27.678	- Info  -	[udp] SendDisconnect
2023-01-25 17:52:27.678	- Info  -	[P2PHelper] MainServer disconnect
2023-01-25 17:52:27.678	- Info  -	[MultiChannel] P2P channel shake handle 111.76.254.85:4118
2023-01-25 17:52:27.678	- Info  -	CConnectorRaw::OnEvent() state: CNTS_P2P_SHAKEHANDLE, error: 0, oray errorcode: 0
2023-01-25 17:52:27.678	- Info  -	[oray][erroCode] errorcode=oray_errorcode(0), product=0, type=0, inner code=0 [CConnectorRaw::OnEvent:624]
2023-01-25 17:52:27.678	- Info  -	[MultiChannel] send SHAKE_HANDLES_MSG, read 600112, write 28718
2023-01-25 17:52:27.679	- Info  -	[P2PStream] connected (by udp) 0.0.0.0:15140 <--> 111.76.254.85:4118
2023-01-25 17:52:27.700	- Info  -	[udpwrapper] disconnect reason : 1
2023-01-25 17:52:27.700	- Info  -	[oray][erroCode] errorcode=oray_errorcode(57354), product=0, type=3, inner code=10 [CUDPLibWrapper::OnDisconnect:833]
2023-01-25 17:52:27.700	- Info  -	[udpwrapper] Disconnect 122.246.12.39:4118 @ 838
2023-01-25 17:52:27.700	- Info  -	[oray][erroCode] errorcode=oray_errorcode(57354), product=0, type=3, inner code=10 [CUDPLibStream::Disconnect_impl:73]
2023-01-25 17:52:27.721	- Info  -	[MultiChannel] Received SHAKE_HANDLES_MSG, read 28738 / (local write 28718), write 600092 / (local read 600112)
2023-01-25 17:52:27.721	- Info  -	[MultiChannel] P2P channel connected 111.76.254.85:4118
2023-01-25 17:52:27.721	- Info  -	CConnectorRaw::OnEvent() state: CNTS_P2P_CONNECTED, error: 0, oray errorcode: 0
2023-01-25 17:52:27.721	- Info  -	[oray][erroCode] errorcode=oray_errorcode(0), product=0, type=0, inner code=0 [CConnectorRaw::OnEvent:624]
2023-01-25 17:52:27.829	- Info  -	[MultiChannel] forward data read completed @ 462
2023-01-25 17:52:27.833	- Info  -	[MultiChannel] write data when p2p state is CONNECTED, is full 0, writed data 28718 / peer read 28738, left 20, size 52 @ 153
2023-01-25 17:52:27.836	- Info  -	[MultiChannel] forward data write completed @ 216
2023-01-25 17:52:30.036	* Error *	SSLStream::IsWantReadWrite|peer(121.40.99.129:443), SSL_read failed( 6 ), error:00000000:lib(0):func(0):reason(0), file( ..\includes\common\phstream\SSLStream.cpp:1898 )
2023-01-25 17:52:30.036	- Info  -	[http call3] disconnect, error( 0 )
2023-01-25 17:52:56.580	- Info  -	Init D3D2 OK
2023-01-25 17:52:56.865	- Info  -	Init D3D2 OK
2023-01-25 17:52:56.885	- Info  -	Init D3D2 OK
2023-01-25 17:52:56.902	- Info  -	Init D3D2 OK
2023-01-25 17:52:56.922	- Info  -	Init D3D2 OK
2023-01-25 17:52:56.940	- Info  -	Init D3D2 OK
2023-01-25 17:52:56.961	- Info  -	Init D3D2 OK
2023-01-25 17:52:56.984	- Info  -	Init D3D2 OK
2023-01-25 17:52:57.002	- Info  -	Init D3D2 OK
2023-01-25 17:52:57.022	- Info  -	Init D3D2 OK
2023-01-25 17:52:57.042	- Info  -	Init D3D2 OK
2023-01-25 17:52:57.058	- Info  -	Init D3D2 OK
2023-01-25 17:52:57.075	- Info  -	Init D3D2 OK
2023-01-25 17:52:57.098	- Info  -	Init D3D2 OK
2023-01-25 17:52:57.116	- Info  -	Init D3D2 OK
2023-01-25 17:52:57.147	- Info  -	Init D3D2 OK
2023-01-25 17:52:57.164	- Info  -	Init D3D2 OK
2023-01-25 17:52:57.186	- Info  -	Init D3D2 OK
2023-01-25 17:52:57.208	- Info  -	Init D3D2 OK
2023-01-25 17:52:57.232	- Info  -	Init D3D2 OK
2023-01-25 17:52:57.252	- Info  -	Init D3D2 OK
2023-01-25 17:52:57.651	- Info  -	Init D3D2 OK
2023-01-25 17:53:00.728	+Warning+	[udpstack] send packet timeout
2023-01-25 17:53:00.728	- Info  -	[udpwrapper] disconnect reason : 5
2023-01-25 17:53:00.728	- Info  -	[oray][erroCode] errorcode=oray_errorcode(57358), product=0, type=3, inner code=14 [CUDPLibWrapper::OnDisconnect:833]
2023-01-25 17:53:04.126	- Info  -	Init D3D2 OK
2023-01-25 17:53:04.364	- Info  -	Init D3D2 OK
2023-01-25 17:53:04.380	- Info  -	Init D3D2 OK
2023-01-25 17:53:04.398	- Info  -	Init D3D2 OK
2023-01-25 17:53:04.414	- Info  -	Init D3D2 OK
2023-01-25 17:53:04.434	- Info  -	Init D3D2 OK
2023-01-25 17:53:04.450	- Info  -	Init D3D2 OK
2023-01-25 17:53:04.467	- Info  -	Init D3D2 OK
2023-01-25 17:53:04.489	- Info  -	Init D3D2 OK
2023-01-25 17:53:04.506	- Info  -	Init D3D2 OK
2023-01-25 17:53:04.522	- Info  -	Init D3D2 OK
2023-01-25 17:53:04.540	- Info  -	Init D3D2 OK
2023-01-25 17:53:04.560	- Info  -	Init D3D2 OK
2023-01-25 17:53:04.577	- Info  -	Init D3D2 OK
2023-01-25 17:53:04.607	- Info  -	Init D3D2 OK
2023-01-25 17:53:04.625	- Info  -	Init D3D2 OK
2023-01-25 17:53:04.645	- Info  -	Init D3D2 OK
2023-01-25 17:53:04.662	- Info  -	Init D3D2 OK
2023-01-25 17:53:04.678	- Info  -	Init D3D2 OK
2023-01-25 17:53:04.699	- Info  -	Init D3D2 OK
2023-01-25 17:53:04.716	- Info  -	Init D3D2 OK
2023-01-25 17:53:04.734	- Info  -	Init D3D2 OK
2023-01-25 17:53:04.755	- Info  -	Init D3D2 OK
2023-01-25 17:53:04.773	- Info  -	Init D3D2 OK
2023-01-25 17:53:04.791	- Info  -	Init D3D2 OK
2023-01-25 17:53:04.814	- Info  -	Init D3D2 OK
2023-01-25 17:53:05.674	- Info  -	Init D3D2 OK
2023-01-25 17:53:08.513	- Info  -	Init D3D2 OK
2023-01-25 17:53:08.740	- Info  -	Init D3D2 OK
2023-01-25 17:53:08.756	- Info  -	Init D3D2 OK
2023-01-25 17:53:08.773	- Info  -	Init D3D2 OK
2023-01-25 17:53:08.789	- Info  -	Init D3D2 OK
2023-01-25 17:53:08.806	- Info  -	Init D3D2 OK
2023-01-25 17:53:08.827	- Info  -	Init D3D2 OK
2023-01-25 17:53:08.846	- Info  -	Init D3D2 OK
2023-01-25 17:53:08.863	- Info  -	Init D3D2 OK
2023-01-25 17:53:08.883	- Info  -	Init D3D2 OK
2023-01-25 17:53:08.902	- Info  -	Init D3D2 OK
2023-01-25 17:53:08.920	- Info  -	Init D3D2 OK
2023-01-25 17:53:08.940	- Info  -	Init D3D2 OK
2023-01-25 17:53:09.285	- Info  -	Init D3D2 OK
2023-01-25 17:53:23.289	- Info  -	Init D3D2 OK
2023-01-25 17:53:23.499	- Info  -	Init D3D2 OK
2023-01-25 17:53:23.529	- Info  -	Init D3D2 OK
2023-01-25 17:53:23.564	- Info  -	Init D3D2 OK
2023-01-25 17:53:23.600	- Info  -	Init D3D2 OK
2023-01-25 17:53:23.624	- Info  -	Init D3D2 OK
2023-01-25 17:53:23.648	- Info  -	Init D3D2 OK
2023-01-25 17:53:23.677	- Info  -	Init D3D2 OK
2023-01-25 17:53:23.698	- Info  -	Init D3D2 OK
2023-01-25 17:53:23.720	- Info  -	Init D3D2 OK
2023-01-25 17:53:23.749	- Info  -	Init D3D2 OK
2023-01-25 17:53:23.790	- Info  -	Init D3D2 OK
2023-01-25 17:53:23.810	- Info  -	Init D3D2 OK
2023-01-25 17:53:23.852	- Info  -	Init D3D2 OK
2023-01-25 17:53:24.141	- Info  -	Init D3D2 OK
2023-01-25 17:53:27.288	- Info  -	Init D3D2 OK
2023-01-25 17:53:27.508	- Info  -	Init D3D2 OK
2023-01-25 17:53:27.524	- Info  -	Init D3D2 OK
2023-01-25 17:53:27.542	- Info  -	Init D3D2 OK
2023-01-25 17:53:27.559	- Info  -	Init D3D2 OK
2023-01-25 17:53:27.575	- Info  -	Init D3D2 OK
2023-01-25 17:53:27.592	- Info  -	Init D3D2 OK
2023-01-25 17:53:27.608	- Info  -	Init D3D2 OK
2023-01-25 17:53:27.625	- Info  -	Init D3D2 OK
2023-01-25 17:53:27.641	- Info  -	Init D3D2 OK
2023-01-25 17:53:27.657	- Info  -	Init D3D2 OK
2023-01-25 17:53:27.678	- Info  -	Init D3D2 OK
2023-01-25 17:53:27.694	- Info  -	Init D3D2 OK
2023-01-25 17:53:27.711	- Info  -	Init D3D2 OK
2023-01-25 17:53:27.730	- Info  -	Init D3D2 OK
2023-01-25 17:53:27.752	- Info  -	Init D3D2 OK
2023-01-25 17:53:27.769	- Info  -	Init D3D2 OK
2023-01-25 17:53:27.787	- Info  -	Init D3D2 OK
2023-01-25 17:53:27.807	- Info  -	Init D3D2 OK
2023-01-25 17:53:27.823	- Info  -	Init D3D2 OK
2023-01-25 17:53:27.843	- Info  -	Init D3D2 OK
2023-01-25 17:53:27.858	- Info  -	Init D3D2 OK
2023-01-25 17:53:27.875	- Info  -	Init D3D2 OK
2023-01-25 17:53:27.891	- Info  -	Init D3D2 OK
2023-01-25 17:53:27.927	- Info  -	Init D3D2 OK
2023-01-25 17:53:28.015	- Info  -	Init D3D2 OK
2023-01-25 17:53:47.206	- Info  -	Init D3D2 OK
2023-01-25 17:53:47.408	- Info  -	Init D3D2 OK
2023-01-25 17:53:47.425	- Info  -	Init D3D2 OK
2023-01-25 17:53:47.446	- Info  -	Init D3D2 OK
2023-01-25 17:53:47.465	- Info  -	Init D3D2 OK
2023-01-25 17:53:47.489	- Info  -	Init D3D2 OK
2023-01-25 17:53:47.506	- Info  -	Init D3D2 OK
2023-01-25 17:53:47.525	- Info  -	Init D3D2 OK
2023-01-25 17:53:47.546	- Info  -	Init D3D2 OK
2023-01-25 17:53:47.562	- Info  -	Init D3D2 OK
2023-01-25 17:53:47.581	- Info  -	Init D3D2 OK
2023-01-25 17:53:47.601	- Info  -	Init D3D2 OK
2023-01-25 17:53:47.981	- Info  -	Init D3D2 OK
2023-01-25 17:53:51.734	- Info  -	Init D3D2 OK
2023-01-25 17:53:51.933	- Info  -	Init D3D2 OK
2023-01-25 17:53:51.953	- Info  -	Init D3D2 OK
2023-01-25 17:53:51.971	- Info  -	Init D3D2 OK
2023-01-25 17:53:51.987	- Info  -	Init D3D2 OK
2023-01-25 17:53:52.009	- Info  -	Init D3D2 OK
2023-01-25 17:53:52.024	- Info  -	Init D3D2 OK
2023-01-25 17:53:52.549	- Info  -	Init D3D2 OK
2023-01-25 17:54:04.065	- Info  -	Init D3D2 OK
2023-01-25 17:54:04.301	- Info  -	Init D3D2 OK
2023-01-25 17:54:04.316	- Info  -	Init D3D2 OK
2023-01-25 17:54:04.335	- Info  -	Init D3D2 OK
2023-01-25 17:54:04.352	- Info  -	Init D3D2 OK
2023-01-25 17:54:04.369	- Info  -	Init D3D2 OK
2023-01-25 17:54:04.385	- Info  -	Init D3D2 OK
2023-01-25 17:54:04.401	- Info  -	Init D3D2 OK
2023-01-25 17:54:04.417	- Info  -	Init D3D2 OK
2023-01-25 17:54:04.434	- Info  -	Init D3D2 OK
2023-01-25 17:54:04.458	- Info  -	Init D3D2 OK
2023-01-25 17:54:04.475	- Info  -	Init D3D2 OK
2023-01-25 17:54:04.495	- Info  -	Init D3D2 OK
2023-01-25 17:54:04.512	- Info  -	Init D3D2 OK
2023-01-25 17:54:04.530	- Info  -	Init D3D2 OK
2023-01-25 17:54:04.553	- Info  -	Init D3D2 OK
2023-01-25 17:54:04.568	- Info  -	Init D3D2 OK
2023-01-25 17:54:04.585	- Info  -	Init D3D2 OK
2023-01-25 17:54:04.608	- Info  -	Init D3D2 OK
2023-01-25 17:54:04.625	- Info  -	Init D3D2 OK
2023-01-25 17:54:04.643	- Info  -	Init D3D2 OK
2023-01-25 17:54:04.664	- Info  -	Init D3D2 OK
2023-01-25 17:54:04.680	- Info  -	Init D3D2 OK
2023-01-25 17:54:04.700	- Info  -	Init D3D2 OK
2023-01-25 17:54:04.719	- Info  -	Init D3D2 OK
2023-01-25 17:54:04.737	- Info  -	Init D3D2 OK
2023-01-25 17:54:04.761	- Info  -	Init D3D2 OK
2023-01-25 17:54:04.780	- Info  -	Init D3D2 OK
2023-01-25 17:54:04.799	- Info  -	Init D3D2 OK
2023-01-25 17:54:04.823	- Info  -	Init D3D2 OK
2023-01-25 17:54:04.843	- Info  -	Init D3D2 OK
2023-01-25 17:54:04.864	- Info  -	Init D3D2 OK
2023-01-25 17:54:04.882	- Info  -	Init D3D2 OK
2023-01-25 17:54:04.900	- Info  -	Init D3D2 OK
2023-01-25 17:54:04.924	- Info  -	Init D3D2 OK
2023-01-25 17:54:04.942	- Info  -	Init D3D2 OK
2023-01-25 17:54:04.960	- Info  -	Init D3D2 OK
2023-01-25 17:54:04.981	- Info  -	Init D3D2 OK
2023-01-25 17:54:05.003	- Info  -	Init D3D2 OK
2023-01-25 17:54:05.023	- Info  -	Init D3D2 OK
2023-01-25 17:54:05.353	- Info  -	Init D3D2 OK
2023-01-25 17:54:47.021	* Error *	sensors data send failed!
2023-01-25 17:54:47.024	- Info  -	[oray][erroCode] errorcode=oray_errorcode(0), product=0, type=0, inner code=0 [CMultiChannelStream::Disconnect_impl:254]
2023-01-25 17:54:47.025	- Info  -	[TCPConnector] CCurStream handle client_disconnect
2023-01-25 17:54:47.025	- Info  -	[oray][erroCode] errorcode=transf(0), product=0, type=0, inner code=0 [CMultiChannelStream::ForwardHandler::Handle:647]
2023-01-25 17:54:47.025	- Info  -	CConnectorRaw::OnEvent() state: CNTS_FWD_DISCONNECT, error: 0, oray errorcode: 0
2023-01-25 17:54:47.025	- Info  -	[oray][erroCode] errorcode=oray_errorcode(0), product=0, type=0, inner code=0 [CConnectorRaw::OnEvent:624]
2023-01-25 17:54:47.025	+Warning+	[MultiChannel] unbind forward stream(errorcode 0) @ 651
2023-01-25 17:54:47.025	- Info  -	[oray][erroCode] errorcode=oray_errorcode(0), product=0, type=0, inner code=0 [CP2PStream::Disconnect_impl:678]
2023-01-25 17:54:47.025	- Info  -	[oray][erroCode] errorcode=oray_errorcode(0), product=0, type=0, inner code=0 [CP2PStream::CUDPStream::Disconnect_impl:1044]
2023-01-25 17:54:47.025	- Info  -	[oray][erroCode] errorcode=oray_errorcode(0), product=0, type=0, inner code=0 [CUDPLibStream::Disconnect_impl:73]
2023-01-25 17:54:47.025	- Info  -	[udp] Disconnect
2023-01-25 17:54:47.025	- Info  -	[udp] SendDisconnect
2023-01-25 17:54:47.025	- Info  -	[MultiChannel] P2P channel disconnect 111.76.254.85:4118
2023-01-25 17:54:47.025	- Info  -	[oray][erroCode] errorcode=transf(0), product=0, type=0, inner code=0 [CMultiChannelStream::P2PHandler::Handle:834]
2023-01-25 17:54:47.025	- Info  -	[oray][erroCode] errorcode=transf(0), product=0, type=0, inner code=0 [CMultiChannelStream::HandleDisconnect:1041]
2023-01-25 17:54:47.025	- Info  -	CMultiChannelStreamImpl::OnDisconnect()
2023-01-25 17:54:47.025	- Info  -	[oray][erroCode] errorcode=oray_errorcode(0), product=0, type=0, inner code=0 [CMultiChannelStreamImpl::OnDisconnect:100]
2023-01-25 17:54:47.025	- Info  -	CClientStream 111.76.254.85:4118 OnDisconnect, errocde:0
2023-01-25 17:54:47.025	- Info  -	[oray][erroCode] errorcode=errcode(0), product=0, type=0, inner code=0 [CClientStream::OnDisconnect:104]
2023-01-25 17:54:47.025	- Info  -	OnDisconnect, error code 0
2023-01-25 17:54:47.025	- Info  -	[oray][erroCode] errorcode=errcode(0), product=0, type=0, inner code=0 [BinaryPluginStream::OnDisconnect:404]
2023-01-25 17:54:47.025	- Info  -	CPluginThreadManager stop plugin thread
2023-01-25 17:54:47.025	- Info  -	[desktop] Separation message loop stop.
2023-01-25 17:54:47.026	- Info  -	CActivePlugin prepare to exit plugin
2023-01-25 17:54:47.026	- Info  -	[desktop] RemoteDesktopPlugin::ExitInstance. >
2023-01-25 17:54:47.026	- Info  -	[clipboard] stop clipboard...
2023-01-25 17:54:47.051	- Info  -	[clipboard] recv thread end(1).
2023-01-25 17:54:47.051	- Info  -	[clipboard] call CClipboardViewer::DestroyWnd at 190
2023-01-25 17:54:47.051	- Info  -	[clipboard] recv WM_CLOSE, end thread.
2023-01-25 17:54:47.052	- Info  -	[clipboard] Stop Clipboard ok
2023-01-25 17:54:47.064	- Info  -	[desktop] [thread] cancel.
2023-01-25 17:54:47.065	- Info  -	[udpwrapper] disconnect reason : 1
2023-01-25 17:54:47.065	- Info  -	[oray][erroCode] errorcode=oray_errorcode(57354), product=0, type=3, inner code=10 [CUDPLibWrapper::OnDisconnect:833]
2023-01-25 17:54:47.065	- Info  -	[udpwrapper] Disconnect 111.76.254.85:6894 @ 838
2023-01-25 17:54:47.065	- Info  -	[oray][erroCode] errorcode=oray_errorcode(57354), product=0, type=3, inner code=10 [CP2PStream::CUDPStream::Disconnect_impl:1044]
2023-01-25 17:54:47.065	- Info  -	[oray][erroCode] errorcode=oray_errorcode(57354), product=0, type=3, inner code=10 [CUDPLibStream::Disconnect_impl:73]
2023-01-25 17:54:47.065	- Info  -	[desktop] RemoteDesktopPlugin::ExitInstance. <
2023-01-25 17:54:47.066	- Info  -	CConnectorRaw::OnEvent() state: CNTS_P2P_DISCONNECT, error: 0, oray errorcode: 0
2023-01-25 17:54:47.066	- Info  -	[oray][erroCode] errorcode=oray_errorcode(0), product=0, type=0, inner code=0 [CConnectorRaw::OnEvent:624]
2023-01-25 17:54:47.066	- Info  -	[oray][erroCode] errorcode=oray_errorcode(0), product=0, type=0, inner code=0 [CP2PStream::CTCPStream::Disconnect_impl:1016]
2023-01-25 17:54:47.066	- Info  -	CConnectorRaw::OnEvent() state: CNTS_DISCONNECTED, error: 0, oray errorcode: 0
2023-01-25 17:54:47.066	- Info  -	[oray][erroCode] errorcode=oray_errorcode(0), product=0, type=0, inner code=0 [CConnectorRaw::OnEvent:624]
2023-01-25 17:54:47.066	- Info  -	CConnectorRaw::Stop in>
2023-01-25 17:54:47.067	- Info  -	[CUDPLibWrapper] map size: 0, value: 
2023-01-25 17:54:47.067	- Info  -	CConnectorRaw::Stop out<
2023-01-25 17:54:47.068	- Info  -	sensors close
2023-01-25 17:54:47.075	* Error *	Plugin disconnect with error : 0
2023-01-25 17:54:47.121	- Info  -	[desktop] CRemoteDesktopPlugin::~CRemoteDesktopPlugin(void)
2023-01-25 17:54:47.122	- Info  -	[vpx][decoder] close codec.
2023-01-25 17:54:47.149	- Info  -	CMultiChannelStreamImpl::~CMultiChannelStreamImpl
2023-01-25 17:54:47.152	- Info  -	program remote_plugin is exit 
