2023-05-11 14:49:14.238	- Info  -	version:3.2.1.40406
2023-05-11 14:49:14.245	- Info  -	DPIAwareness set 2 success.
2023-05-11 14:49:14.255	- Info  -	config path: °,y
2023-05-11 14:49:14.341	- Info  -	[displayclt] CDisplayClient::CDisplayClient(all)
2023-05-11 14:49:14.341	- Info  -	[desktop] CRemoteDesktopPlugin::CRemoteDesktopPlugin(all)
2023-05-11 14:49:14.353	- Info  -	sensors init with file: C:/ProgramData/Oray/SunloginClient/sensors/datas
2023-05-11 14:49:14.371	* Error *	sensors data send failed!
2023-05-11 14:49:14.372	- Info  -	CMultiChannelStreamImpl::CMultiChannelStreamImpl
2023-05-11 14:49:14.374	- Info  -	CConnectorRaw::OnStreamEvent(1) state: CNTS_FORWARD, error: 0
2023-05-11 14:49:14.374	- Info  -	CConnectorRaw::OnEvent() state: CNTS_FORWARD, error: 0, oray errorcode: 0
2023-05-11 14:49:14.374	- Info  -	[oray][erroCode] errorcode=oray_errorcode(0), product=0, type=0, inner code=0 [CConnectorRaw::OnEvent:624]
2023-05-11 14:49:14.451	- Info  -	attempt to connect server 1753356706.slp2p-east-std246.oray.net:443(117.68.2.102:443)
2023-05-11 14:49:14.516	- Info  -	plugin_public access_token is NULL
2023-05-11 14:49:14.540	- Info  -	[TCPConnector] CCurStream handle client_connect
2023-05-11 14:49:14.566	- Info  -	[MultiChannel] Forward channel shake handle 117.68.2.102:443
2023-05-11 14:49:14.566	- Info  -	CMultiChannelStreamImpl::OnConnect()
2023-05-11 14:49:14.566	- Info  -	CClientStream 117.68.2.102:443 OnConnect
2023-05-11 14:49:14.566	- Info  -	CConnectorRaw::OnEvent() state: CNTS_LOGIN, error: 0, oray errorcode: 0
2023-05-11 14:49:14.566	- Info  -	[oray][erroCode] errorcode=oray_errorcode(0), product=0, type=0, inner code=0 [CConnectorRaw::OnEvent:624]
2023-05-11 14:49:14.566	- Info  -	CConnectorRaw::OnEvent() state: CNTS_FWD_SHAKEHANDLE, error: 0, oray errorcode: 0
2023-05-11 14:49:14.566	- Info  -	[oray][erroCode] errorcode=oray_errorcode(0), product=0, type=0, inner code=0 [CConnectorRaw::OnEvent:624]
2023-05-11 14:49:14.831	- Info  -	[MultiChannel] Forward channel connected 117.68.2.102:443
2023-05-11 14:49:14.831	- Info  -	CMultiChannelStreamImpl::OnConnectEvent, status: CNTS_FWD_CONNECTED, isclosed:false, HadFwdConnected: true, HadBeenHolePunch: false
2023-05-11 14:49:14.831	- Info  -	CConnectorRaw::OnEvent() state: CNTS_FWD_CONNECTED, error: 0, oray errorcode: 0
2023-05-11 14:49:14.831	- Info  -	[oray][erroCode] errorcode=oray_errorcode(0), product=0, type=0, inner code=0 [CConnectorRaw::OnEvent:624]
2023-05-11 14:49:14.831	- Info  -	CClientStream 117.68.2.102:443 OnReceive reply 1 
2023-05-11 14:49:14.831	- Info  -	CClientStream 117.68.2.102:443 start keepalive
2023-05-11 14:49:14.831	- Info  -	CClientStream 117.68.2.102:443 login OK
2023-05-11 14:49:14.831	- Info  -	CConnectorRaw::OnEvent() state: CNTS_CONNECTED, error: 0, oray errorcode: 0
2023-05-11 14:49:14.831	- Info  -	[oray][erroCode] errorcode=oray_errorcode(0), product=0, type=0, inner code=0 [CConnectorRaw::OnEvent:624]
2023-05-11 14:49:14.831	- Info  -	CPluginThreadManager start plugin thread
2023-05-11 14:49:14.833	- Info  -	CActivePlugin prepare to init plugin
2023-05-11 14:49:14.833	- Info  -	[desktop] create drag server OK
2023-05-11 14:49:14.834	- Info  -	CActivePlugin prepare to run plugin
2023-05-11 14:49:14.834	- Info  -	[desktop] sending switch desktop type message...
2023-05-11 14:49:14.834	- Info  -	[desktop] request enumerate user list.
2023-05-11 14:49:14.835	- Info  -	[desktop] Separation message loop start.
2023-05-11 14:49:14.835	- Info  -	[desktop] receive enumerate user respond
2023-05-11 14:49:14.835	- Info  -	[desktop] request switch user host message...
2023-05-11 14:49:15.174	* Error *	sensors data send failed!
2023-05-11 14:49:15.284	- Info  -	[desktop] receive switch host message res = 1 
2023-05-11 14:49:15.284	- Info  -	[desktop] request enum screen
2023-05-11 14:49:15.284	- Info  -	[DisplayClient] SetCompression 11/15
2023-05-11 14:49:15.284	- Info  -	[desktop] request start stream
2023-05-11 14:49:15.284	- Info  -	[desktop] SetCompressionParam: layer=1;encoding=4;format=1;reserved=0, size: 38
2023-05-11 14:49:15.328	- Info  -	[desktop] OnQueryConfigRes
2023-05-11 14:49:15.329	- Info  -	[desktop] OnQueryConfigRes
2023-05-11 14:49:15.352	- Info  -	[desktop] recv enum screen, number is 1
2023-05-11 14:49:15.372	- Info  -	[clipboard] start clipboard...
2023-05-11 14:49:15.382	- Info  -	[clipboard][converter] html format 49429
2023-05-11 14:49:15.382	- Info  -	[clipboard][converter] rtf format 49271
2023-05-11 14:49:15.383	- Info  -	[clipboard] start clipboard ok.
2023-05-11 14:49:15.383	- Info  -	[desktop] sync clipboard enable
2023-05-11 14:49:15.779	- Info  -	SetDisplayMode() w=1024, h=768, bpp=32
2023-05-11 14:49:15.779	- Info  -	ResetBitmap width=1024, height=768, bpp=32, srcbpp=32, Size = 3145728
2023-05-11 14:49:15.779	- Info  -	[DisplayClient] recv image info, width: 1024, height: 768, bpp: 32
2023-05-11 14:49:15.779	- Info  -	[DisplayClient] OnRecvCompInfo format/quality 11/15
2023-05-11 14:49:15.780	- Info  -	[desktop][DisplayClient] recv first frame.
2023-05-11 14:49:15.789	- Info  -	[DisplayClient] recv compimage type: ID_IMAGE_RAPIDCOMP
2023-05-11 14:49:15.873	- Info  -	[vpx] open codec.
2023-05-11 14:49:15.941	- Info  -	[desktop][DisplayClient] decode first frame end.
2023-05-11 14:49:15.942	- Info  -	[desktop] receive first frame message
2023-05-11 14:49:15.943	- Info  -	SetDisplayMode() w=1024, h=768, bpp=32
2023-05-11 14:49:15.943	- Info  -	ResetBitmap width=1024, height=768, bpp=32, srcbpp=32, Size = 3145728
2023-05-11 14:49:15.944	- Info  -	[DisplayClient] recv image info, width: 1024, height: 768, bpp: 32
2023-05-11 14:49:15.982	- Info  -	[vpx][decoder] close codec.
2023-05-11 14:49:16.005	- Info  -	[DisplayClient] OnRecvCompInfo format/quality 11/15
2023-05-11 14:49:16.006	- Info  -	[desktop][DisplayClient] recv first frame.
2023-05-11 14:49:16.015	- Info  -	[DisplayClient] recv compimage type: ID_IMAGE_RAPIDCOMP
2023-05-11 14:49:16.096	- Info  -	[vpx] open codec.
2023-05-11 14:49:16.141	- Info  -	Init D3D2 OK
2023-05-11 14:49:16.141	- Info  -	[DesktopSurface] Use DirectX Paint mode 2
2023-05-11 14:49:16.172	- Info  -	[desktop][DisplayClient] decode first frame end.
2023-05-11 14:49:16.174	- Info  -	[desktop] receive first frame message
2023-05-11 14:49:16.176	- Info  -	Init D3D2 OK
2023-05-11 14:49:16.206	- Info  -	[maindialog] draw first frame end
2023-05-11 14:49:16.214	- Info  -	CClipboardRaw::OnReceiveQueryVersionReq 2
2023-05-11 14:49:16.256	- Info  -	[desktop] sync clipboard enable
2023-05-11 14:49:16.257	- Info  -	[http call3] new call id:1, url:https://slapi.oray.net/client/free-tips
2023-05-11 14:49:16.257	- Info  -	[http call3] id:1 create new connection : https://slapi.oray.net:443
2023-05-11 14:49:16.257	- Info  -	[http call3] new call id:2, url:https://slapi.oray.net/remote/get-network
2023-05-11 14:49:16.259	- Info  -	attempt to connect server slapi.oray.net:443(121.40.200.192:443)
2023-05-11 14:49:16.259	- Info  -	[http call3] id:2 use old connection : https://slapi.oray.net:443
2023-05-11 14:49:16.552	- Info  -	[http call3] id:1, url:https://slapi.oray.net/client/free-tips, status code:200
2023-05-11 14:49:16.671	- Info  -	[http call3] id:2, url:https://slapi.oray.net/remote/get-network, status code:200
2023-05-11 14:49:16.826	- Info  -	CMultiChannelStreamImpl::ConnectP2PServer, thread id: 8596
2023-05-11 14:49:16.903	- Info  -	CConnectorRaw::OnStreamEvent(1) state: CNTS_P2P, error: 0
2023-05-11 14:49:16.903	- Info  -	CConnectorRaw::OnEvent() state: CNTS_P2P, error: 0, oray errorcode: 0
2023-05-11 14:49:16.903	- Info  -	[oray][erroCode] errorcode=oray_errorcode(0), product=0, type=0, inner code=0 [CConnectorRaw::OnEvent:624]
2023-05-11 14:49:16.903	- Info  -	[P2PConnector] attempt to connect server PHSRC://1753356706.slp2p-east-std246.oray.net:4118/desktop(slp2p-east-std246.oray.net:4118) 
2023-05-11 14:49:16.965	- Info  -	[udp] support straight send in peer : no 117.68.2.102:4118 CConnection::OnConnectRes
2023-05-11 14:49:16.966	- Info  -	[P2PHelper] detect local ip ...
2023-05-11 14:49:16.966	- Info  -	[P2PHelper] detect local ip 172.16.76.170
2023-05-11 14:49:16.967	- Info  -	[P2PHelper] attempt to login P2P Server...
2023-05-11 14:49:16.995	- Info  -	[P2PHelper] Login P2P Server OK
2023-05-11 14:49:16.995	- Info  -	[P2PHelper] OnLoginRes, receive public ip 223.82.110.30:15472
2023-05-11 14:49:16.995	- Info  -	[P2PHelper] sending P2P request ...
2023-05-11 14:49:17.041	- Info  -	[P2PHelper] receive peer local ip 10.21.119.87:15927, public ip 106.6.180.182:12514
2023-05-11 14:49:17.042	- Info  -	[P2PStream] EstablishP2P local ip 223.82.110.30:15472/172.16.76.170:15472 ==> peer ip 106.6.180.182:12514/10.21.119.87:15927
2023-05-11 14:49:17.437	- Info  -	Init D3D2 OK
2023-05-11 14:49:17.469	+Warning+	not found upnp devices on network!
2023-05-11 14:49:17.469	- Info  -	upnpnat_search_thread::ThreadLoop end
2023-05-11 14:49:17.480	- Info  -	[udpwrapper] attempt to establish P2P connection via: 117.68.2.102:4118, (local)172.16.76.170:15472|(public)223.82.110.30:15472 ==> (local)10.21.119.87:15927|(public)106.6.180.182:12514
2023-05-11 14:49:17.487	- Info  -	Init D3D2 OK
2023-05-11 14:49:17.901	- Info  -	[drag] QueryVersionRes is true
2023-05-11 14:49:17.935	- Info  -	CClipboardRaw::OnReceiveQueryVersionRes 2
2023-05-11 14:49:17.980	+Warning+	not found upnp devices on network!
2023-05-11 14:49:17.980	+Warning+	[udpwrapper] UPNP discovery failed, 
2023-05-11 14:49:18.065	- Info  -	[udp] OnConnectAck working in advanced mode 2
2023-05-11 14:49:18.066	- Info  -	[udp] support straight send in peer : yes 106.6.180.182:12514 CConnection::OnConnectRes
2023-05-11 14:49:18.067	- Info  -	[oray][erroCode] errorcode=oray_errorcode(0), product=0, type=0, inner code=0 [CUDPLibStream::Disconnect_impl:73]
2023-05-11 14:49:18.067	- Info  -	[udp] Disconnect
2023-05-11 14:49:18.067	- Info  -	[udp] SendDisconnect
2023-05-11 14:49:18.067	- Info  -	[P2PHelper] MainServer disconnect
2023-05-11 14:49:18.067	- Info  -	[MultiChannel] P2P channel shake handle 106.6.180.182:12514
2023-05-11 14:49:18.067	- Info  -	CConnectorRaw::OnEvent() state: CNTS_P2P_SHAKEHANDLE, error: 0, oray errorcode: 0
2023-05-11 14:49:18.067	- Info  -	[oray][erroCode] errorcode=oray_errorcode(0), product=0, type=0, inner code=0 [CConnectorRaw::OnEvent:624]
2023-05-11 14:49:18.067	- Info  -	[MultiChannel] send SHAKE_HANDLES_MSG, read 187199, write 11870
2023-05-11 14:49:18.067	- Info  -	[P2PStream] connected (by udp) 0.0.0.0:15472 <--> 106.6.180.182:12514
2023-05-11 14:49:18.075	- Info  -	write data when p2p state is SHAKE_HANDLES @ 137
2023-05-11 14:49:18.089	- Info  -	[MultiChannel] Received SHAKE_HANDLES_MSG, read 11890 / (local write 11870), write 187571 / (local read 187199)
2023-05-11 14:49:18.089	- Info  -	[MultiChannel] P2P channel connected 106.6.180.182:12514
2023-05-11 14:49:18.089	- Info  -	CConnectorRaw::OnEvent() state: CNTS_P2P_CONNECTED, error: 0, oray errorcode: 0
2023-05-11 14:49:18.089	- Info  -	[oray][erroCode] errorcode=oray_errorcode(0), product=0, type=0, inner code=0 [CConnectorRaw::OnEvent:624]
2023-05-11 14:49:18.089	- Info  -	[MultiChannel] forward stream read data(size:80, 80, left:372) when p2p state is CONNECTED @ 445
2023-05-11 14:49:18.089	- Info  -	[MultiChannel] forward stream read data(size:20, 20, left:292) when p2p state is CONNECTED @ 445
2023-05-11 14:49:18.089	- Info  -	[MultiChannel] forward stream read data(size:44, 44, left:272) when p2p state is CONNECTED @ 445
2023-05-11 14:49:18.089	- Info  -	[MultiChannel] forward stream read data(size:20, 20, left:228) when p2p state is CONNECTED @ 445
2023-05-11 14:49:18.089	- Info  -	[MultiChannel] write data when p2p state is CONNECTED, is full 0, writed data 11870 / peer read 11890, left 20, size 40 @ 153
2023-05-11 14:49:18.090	- Info  -	[MultiChannel] forward data write completed @ 216
2023-05-11 14:49:18.102	- Info  -	[MultiChannel] forward stream read data(size:80, 80, left:208) when p2p state is CONNECTED @ 445
2023-05-11 14:49:18.102	- Info  -	[MultiChannel] forward stream read data(size:20, 20, left:128) when p2p state is CONNECTED @ 445
2023-05-11 14:49:18.102	- Info  -	[udpwrapper] disconnect reason : 1
2023-05-11 14:49:18.102	- Info  -	[MultiChannel] forward stream read data(size:44, 44, left:108) when p2p state is CONNECTED @ 445
2023-05-11 14:49:18.102	- Info  -	[oray][erroCode] errorcode=oray_errorcode(57354), product=0, type=3, inner code=10 [CUDPLibWrapper::OnDisconnect:833]
2023-05-11 14:49:18.102	- Info  -	[udpwrapper] Disconnect 117.68.2.102:4118 @ 838
2023-05-11 14:49:18.102	- Info  -	[MultiChannel] forward stream read data(size:20, 20, left:64) when p2p state is CONNECTED @ 445
2023-05-11 14:49:18.102	- Info  -	[oray][erroCode] errorcode=oray_errorcode(57354), product=0, type=3, inner code=10 [CUDPLibStream::Disconnect_impl:73]
2023-05-11 14:49:18.103	- Info  -	[MultiChannel] forward stream read data(size:44, 44, left:44) when p2p state is CONNECTED @ 445
2023-05-11 14:49:18.104	- Info  -	[MultiChannel] forward data read completed @ 462
2023-05-11 14:49:22.439	- Info  -	Init D3D2 OK
2023-05-11 14:49:22.464	* Error *	sensors data send failed!
2023-05-11 14:49:22.631	- Info  -	Init D3D2 OK
2023-05-11 14:49:25.273	* Error *	sensors data send failed!
2023-05-11 14:49:31.658	* Error *	SSLStream::IsWantReadWrite|peer(121.40.200.192:443), SSL_read failed( 6 ), error:00000000:lib(0):func(0):reason(0), file( ..\includes\common\phstream\SSLStream.cpp:1898 )
2023-05-11 14:49:31.658	- Info  -	[http call3] disconnect, error( 0 )
2023-05-11 14:53:14.441	* Error *	sensors data send failed!
2023-05-11 14:53:14.442	- Info  -	[oray][erroCode] errorcode=oray_errorcode(0), product=0, type=0, inner code=0 [CMultiChannelStream::Disconnect_impl:254]
2023-05-11 14:53:14.442	- Info  -	[TCPConnector] CCurStream handle client_disconnect
2023-05-11 14:53:14.443	- Info  -	[oray][erroCode] errorcode=transf(0), product=0, type=0, inner code=0 [CMultiChannelStream::ForwardHandler::Handle:647]
2023-05-11 14:53:14.443	- Info  -	CConnectorRaw::OnEvent() state: CNTS_FWD_DISCONNECT, error: 0, oray errorcode: 0
2023-05-11 14:53:14.443	- Info  -	[oray][erroCode] errorcode=oray_errorcode(0), product=0, type=0, inner code=0 [CConnectorRaw::OnEvent:624]
2023-05-11 14:53:14.443	+Warning+	[MultiChannel] unbind forward stream(errorcode 0) @ 651
2023-05-11 14:53:14.443	- Info  -	[oray][erroCode] errorcode=oray_errorcode(0), product=0, type=0, inner code=0 [CP2PStream::Disconnect_impl:678]
2023-05-11 14:53:14.443	- Info  -	[oray][erroCode] errorcode=oray_errorcode(0), product=0, type=0, inner code=0 [CP2PStream::CUDPStream::Disconnect_impl:1044]
2023-05-11 14:53:14.443	- Info  -	[oray][erroCode] errorcode=oray_errorcode(0), product=0, type=0, inner code=0 [CUDPLibStream::Disconnect_impl:73]
2023-05-11 14:53:14.443	- Info  -	[udp] Disconnect
2023-05-11 14:53:14.443	- Info  -	[udp] SendDisconnect
2023-05-11 14:53:14.443	- Info  -	[MultiChannel] P2P channel disconnect 106.6.180.182:12514
2023-05-11 14:53:14.443	- Info  -	[oray][erroCode] errorcode=transf(0), product=0, type=0, inner code=0 [CMultiChannelStream::P2PHandler::Handle:834]
2023-05-11 14:53:14.443	- Info  -	[oray][erroCode] errorcode=transf(0), product=0, type=0, inner code=0 [CMultiChannelStream::HandleDisconnect:1041]
2023-05-11 14:53:14.443	- Info  -	CMultiChannelStreamImpl::OnDisconnect()
2023-05-11 14:53:14.443	- Info  -	[oray][erroCode] errorcode=oray_errorcode(0), product=0, type=0, inner code=0 [CMultiChannelStreamImpl::OnDisconnect:100]
2023-05-11 14:53:14.443	- Info  -	CClientStream 106.6.180.182:12514 OnDisconnect, errocde:0
2023-05-11 14:53:14.443	- Info  -	[oray][erroCode] errorcode=errcode(0), product=0, type=0, inner code=0 [CClientStream::OnDisconnect:104]
2023-05-11 14:53:14.443	- Info  -	OnDisconnect, error code 0
2023-05-11 14:53:14.443	- Info  -	[oray][erroCode] errorcode=errcode(0), product=0, type=0, inner code=0 [BinaryPluginStream::OnDisconnect:404]
2023-05-11 14:53:14.443	- Info  -	[desktop] Separation message loop stop.
2023-05-11 14:53:14.444	- Info  -	CPluginThreadManager stop plugin thread
2023-05-11 14:53:14.444	- Info  -	CActivePlugin prepare to exit plugin
2023-05-11 14:53:14.444	- Info  -	[desktop] RemoteDesktopPlugin::ExitInstance. >
2023-05-11 14:53:14.444	- Info  -	[clipboard] stop clipboard...
2023-05-11 14:53:14.452	- Info  -	[udpwrapper] udprelay connecting 106.6.180.182:12514 via 117.68.2.102:4118
2023-05-11 14:53:14.461	- Info  -	[clipboard] recv thread end(1).
2023-05-11 14:53:14.462	- Info  -	[clipboard] call CClipboardViewer::DestroyWnd at 190
2023-05-11 14:53:14.462	- Info  -	[clipboard] recv WM_CLOSE, end thread.
2023-05-11 14:53:14.468	- Info  -	[clipboard] Stop Clipboard ok
2023-05-11 14:53:14.500	- Info  -	[desktop] [thread] cancel.
2023-05-11 14:53:14.500	- Info  -	[desktop] RemoteDesktopPlugin::ExitInstance. <
2023-05-11 14:53:14.512	- Info  -	CConnectorRaw::OnEvent() state: CNTS_P2P_DISCONNECT, error: 0, oray errorcode: 0
2023-05-11 14:53:14.512	- Info  -	[oray][erroCode] errorcode=oray_errorcode(0), product=0, type=0, inner code=0 [CConnectorRaw::OnEvent:624]
2023-05-11 14:53:14.512	- Info  -	[oray][erroCode] errorcode=oray_errorcode(0), product=0, type=0, inner code=0 [CP2PStream::CTCPStream::Disconnect_impl:1016]
2023-05-11 14:53:14.513	- Info  -	CConnectorRaw::OnEvent() state: CNTS_DISCONNECTED, error: 0, oray errorcode: 0
2023-05-11 14:53:14.513	- Info  -	[oray][erroCode] errorcode=oray_errorcode(0), product=0, type=0, inner code=0 [CConnectorRaw::OnEvent:624]
2023-05-11 14:53:14.513	- Info  -	CConnectorRaw::Stop in>
2023-05-11 14:53:14.513	- Info  -	[CUDPLibWrapper] map size: 1, value: [106.6.180.182:12514/15472-2] = 0.0.0.0:15472;

2023-05-11 14:53:14.513	- Info  -	[oray][erroCode] errorcode=oray_errorcode(0), product=0, type=0, inner code=0 [CP2PStream::CUDPStream::Disconnect_impl:1044]
2023-05-11 14:53:14.513	- Info  -	[oray][erroCode] errorcode=oray_errorcode(0), product=0, type=0, inner code=0 [CUDPLibStream::Disconnect_impl:73]
2023-05-11 14:53:14.514	- Info  -	CConnectorRaw::Stop out<
2023-05-11 14:53:14.515	- Info  -	sensors close
2023-05-11 14:53:14.524	* Error *	Plugin disconnect with error : 0
2023-05-11 14:53:14.569	- Info  -	[desktop] CRemoteDesktopPlugin::~CRemoteDesktopPlugin(void)
2023-05-11 14:53:14.570	- Info  -	[vpx][decoder] close codec.
2023-05-11 14:53:14.638	- Info  -	CMultiChannelStreamImpl::~CMultiChannelStreamImpl
2023-05-11 14:53:14.640	- Info  -	program remote_plugin is exit 
