2022-11-26 15:00:17.491	- Info  -	version:3.2.1.40406
2022-11-26 15:00:17.827	* Error *	SSLStream|Remove temp(C:\Windows\TEMP\u2uw.0) file ok
2022-11-26 15:00:18.725	- Info  -	Initialize OK
2022-11-26 15:00:18.725	- Info  -	CAcceptorRaw::set_listener
2022-11-26 15:00:18.725	- Info  -	DesktopAgentServer created with port 0.
2022-11-26 15:00:19.100	- Info  -	[service] start listen OK,tcp:0.0.0.0:49675,udp:15418
2022-11-26 15:00:19.116	- Info  -	[discover] Client NotifyDiscover type=5
2022-11-26 15:00:19.191	- Info  -	[localserver] Not use proxy
2022-11-26 15:00:19.207	- Info  -	[mac] local ip:192.168.0.193
2022-11-26 15:00:19.262	- Info  -	[mac] mac address:00:F4:8D:D2:3C:CF
2022-11-26 15:00:19.262	- Info  -	get mac address: 00:F4:8D:D2:3C:CF
2022-11-26 15:00:23.242	- Info  -	os name:Microsoft Windows 10 专业版
2022-11-26 15:00:24.266	- Info  -	m_clientinfo.mac: 00:F4:8D:D2:3C:CF
2022-11-26 15:00:24.307	- Info  -	Current client status: 2
2022-11-26 15:00:24.308	- Info  -	send status_changed notify 2
2022-11-26 15:00:24.308	- Info  -	Login task time 0
2022-11-26 15:00:24.337	- Info  -	Do login( type: 2 ) at 379
2022-11-26 15:00:24.337	- Info  -	[http call3] new call id:1, url:https://slapi.oray.net/remote/get-fastcode
2022-11-26 15:00:24.348	- Info  -	[http call3] id:1 create new connection : https://slapi.oray.net:443
2022-11-26 15:00:24.404	- Info  -	attempt to connect server slapi.oray.net:443(121.40.99.129:443)
2022-11-26 15:00:27.616	- Info  -	[http call3] id:1, url:https://slapi.oray.net/remote/get-fastcode, status code:200
2022-11-26 15:00:27.628	- Info  -	attempt to connect server rc10-fc06.oray.com:443(120.26.127.51:443)
2022-11-26 15:00:27.832	- Info  -	[service] attempted logon
2022-11-26 15:00:27.868	- Info  -	[service] logon server OK. public ip:183.217.165.158
2022-11-26 15:00:27.895	- Info  -	[online] attempted client online
2022-11-26 15:00:27.921	- Info  -	[online] client online OK.
2022-11-26 15:00:27.922	- Info  -	[online] received name:default , description:default .
2022-11-26 15:00:27.927	- Info  -	[service] attempted register client to server
2022-11-26 15:00:27.952	- Info  -	[service] registered client to server
2022-11-26 15:00:27.952	- Info  -	[http call3] new call id:2, url:https://sl-log.oray.net/slclientlog
2022-11-26 15:00:27.952	- Info  -	Current client status: 1
2022-11-26 15:00:27.952	- Info  -	send status_changed notify 1
2022-11-26 15:00:27.958	- Info  -	[http call3] id:2 create new connection : https://sl-log.oray.net:443
2022-11-26 15:00:27.982	- Info  -	attempt to connect server sl-log.oray.net:443(121.199.72.21:443)
2022-11-26 15:00:28.048	- Info  -	[discover] Client NotifyDiscover type=5
2022-11-26 15:00:28.085	- Info  -	[http call3] id:2, url:https://sl-log.oray.net/slclientlog, status code:200
2022-11-26 15:00:28.178	- Info  -	[OnLogin start]
2022-11-26 15:00:28.184	- Info  -	[OnLogin end]
2022-11-26 15:00:28.196	- Info  -	[OnLogin] WaittingTask Start
2022-11-26 15:00:28.202	- Info  -	Set auto_run : true
2022-11-26 15:00:28.335	- Info  -	[OnLogin] WaittingTask end
2022-11-26 15:00:31.138	- Info  -	[ServiceEx] the service control is 13
2022-11-26 15:00:31.138	- Info  -	SERVICE_CONTROL_POWEREVENT************dwEventType:4
2022-11-26 15:00:31.138	+Warning+	[service] power event, system is suspending.
2022-11-26 15:00:31.142	- Info  -	Logout ...
2022-11-26 15:00:31.142	- Info  -	[oray][erroCode] errorcode=oray_errorcode(0), product=0, type=0, inner code=0 [CMultiplexLogicStream::Disconnect_impl:121]
2022-11-26 15:00:31.142	- Info  -	[RemoteControl] disconnected server(120.26.127.51:443),error code:0
2022-11-26 15:00:31.142	* Error *	[online] online disconnected,error code:0
2022-11-26 15:00:31.142	- Info  -	[oray][erroCode] errorcode=errorcode(0), product=0, type=0, inner code=0 [COnlineHandler::OnDisconnect:86]
2022-11-26 15:00:31.142	- Info  -	[service] disconnected server(120.26.127.51:443),errorcode:0
2022-11-26 15:00:31.142	- Info  -	curStatus: 0, m_Status: 1
2022-11-26 15:00:31.143	- Info  -	[http call3] new call id:3, url:https://sl-log.oray.net/slclientlog
2022-11-26 15:00:31.143	- Info  -	Current client status: 0
2022-11-26 15:00:31.143	- Info  -	send status_changed notify 0
2022-11-26 15:00:31.143	- Info  -	[OnLogout start]
2022-11-26 15:00:31.143	- Info  -	[service] stop all projections
2022-11-26 15:00:31.143	- Info  -	[OnLogout end]
2022-11-26 15:00:31.151	- Info  -	[http call3] id:3 use old connection : https://sl-log.oray.net:443
2022-11-26 15:00:31.178	- Info  -	[http call3] id:3, url:https://sl-log.oray.net/slclientlog, status code:200
2022-11-26 15:00:42.613	* Error *	SSLStream::IsWantReadWrite|peer(121.40.99.129:443), SSL_read failed( 6 ), error:00000000:lib(0):func(0):reason(0), file( ..\includes\common\phstream\SSLStream.cpp:1898 )
2022-11-26 15:00:42.613	- Info  -	[http call3] disconnect, error( 0 )
2022-11-26 15:01:15.516	+Warning+	[passive:keepalive:] 121.199.72.21:443 disconnect by keepalive timeout(78421>=34078+30000)
2022-11-26 15:01:15.516	+Warning+	[oray][erroCode] errorcode=ORAY_ERROR_PHSTREAM_KEEPALIVE_TIMEOUT(57351), product=0, type=3, inner code=7 [CPassiveKeepAliveHandler::Done:141]
2022-11-26 15:01:15.516	- Info  -	[http call3] disconnect, error( 57351 )
2022-11-26 15:01:16.672	- Info  -	[ServiceEx] the service control is 13
2022-11-26 15:01:16.672	- Info  -	SERVICE_CONTROL_POWEREVENT************dwEventType:18
2022-11-26 15:01:16.672	+Warning+	[service] power event, system is resumed.
2022-11-26 15:01:18.116	- Info  -	retry login now......
2022-11-26 15:01:18.116	- Info  -	Current client status: 2
2022-11-26 15:01:18.116	- Info  -	send status_changed notify 2
2022-11-26 15:01:18.116	- Info  -	Login task time 0
2022-11-26 15:01:18.116	- Info  -	[service] retry login by power event
2022-11-26 15:01:18.132	- Info  -	Do login( type: 2 ) at 379
2022-11-26 15:01:18.133	- Info  -	[http call3] new call id:4, url:https://slapi.oray.net/remote/get-fastcode
2022-11-26 15:01:18.145	- Info  -	[http call3] id:4 create new connection : https://slapi.oray.net:443
2022-11-26 15:01:18.339	- Info  -	[ServiceEx] the service control is 13
2022-11-26 15:01:18.339	- Info  -	SERVICE_CONTROL_POWEREVENT************dwEventType:7
2022-11-26 15:01:18.339	+Warning+	[service] power event, system is resumed.
2022-11-26 15:01:18.357	- Info  -	attempt to connect server slapi.oray.net:443(121.40.99.129:443)
2022-11-26 15:01:18.472	- Info  -	[service] retry login by power event
2022-11-26 15:01:18.538	- Info  -	[http call3] id:4, url:https://slapi.oray.net/remote/get-fastcode, status code:200
2022-11-26 15:01:18.900	- Info  -	attempt to connect server rc10-fc02.oray.com:443(212.129.159.51:443)
2022-11-26 15:01:18.967	- Info  -	[service] attempted logon
2022-11-26 15:01:19.024	- Info  -	[service] logon server OK. public ip:183.217.165.158
2022-11-26 15:01:19.043	- Info  -	[online] attempted client online
2022-11-26 15:01:19.063	- Info  -	[online] client online OK.
2022-11-26 15:01:19.063	- Info  -	[online] received name:default , description:default .
2022-11-26 15:01:19.068	- Info  -	[service] attempted register client to server
2022-11-26 15:01:19.088	- Info  -	[service] registered client to server
2022-11-26 15:01:19.088	- Info  -	[http call3] new call id:5, url:https://sl-log.oray.net/slclientlog
2022-11-26 15:01:19.088	- Info  -	Current client status: 1
2022-11-26 15:01:19.088	- Info  -	send status_changed notify 1
2022-11-26 15:01:19.100	- Info  -	[http call3] id:5 create new connection : https://sl-log.oray.net:443
2022-11-26 15:01:19.108	- Info  -	[discover] Client NotifyDiscover type=5
2022-11-26 15:01:19.168	- Info  -	[OnLogin start]
2022-11-26 15:01:19.170	- Info  -	[OnLogin end]
2022-11-26 15:01:19.180	- Info  -	[OnLogin] WaittingTask Start
2022-11-26 15:01:19.184	- Info  -	Set auto_run : true
2022-11-26 15:01:19.418	- Info  -	attempt to connect server sl-log.oray.net:443(120.26.160.74:443)
2022-11-26 15:01:19.562	- Info  -	[http call3] id:5, url:https://sl-log.oray.net/slclientlog, status code:200
2022-11-26 15:01:20.225	- Info  -	[OnLogin] WaittingTask end
2022-11-26 15:01:25.655	- Info  -	[MICRO LIVE] shell oninitdialog to get microlive info enable = 0 status = 0 timelast = 0
2022-11-26 15:01:33.539	* Error *	SSLStream::IsWantReadWrite|peer(121.40.99.129:443), SSL_read failed( 6 ), error:00000000:lib(0):func(0):reason(0), file( ..\includes\common\phstream\SSLStream.cpp:1898 )
2022-11-26 15:01:33.540	- Info  -	[http call3] disconnect, error( 0 )
2022-11-26 15:01:49.577	* Error *	SSLStream::IsWantReadWrite|peer(120.26.160.74:443), SSL_read failed( 6 ), error:00000000:lib(0):func(0):reason(0), file( ..\includes\common\phstream\SSLStream.cpp:1898 )
2022-11-26 15:01:49.577	- Info  -	[http call3] disconnect, error( 0 )
2022-11-26 15:03:04.913	- Info  -	[ServiceEx] the service control is 13
2022-11-26 15:03:04.913	- Info  -	SERVICE_CONTROL_POWEREVENT************dwEventType:4
2022-11-26 15:03:04.913	+Warning+	[service] power event, system is suspending.
2022-11-26 15:03:04.914	- Info  -	Logout ...
2022-11-26 15:03:04.914	- Info  -	[oray][erroCode] errorcode=oray_errorcode(0), product=0, type=0, inner code=0 [CMultiplexLogicStream::Disconnect_impl:121]
2022-11-26 15:03:04.914	- Info  -	[RemoteControl] disconnected server(212.129.159.51:443),error code:0
2022-11-26 15:03:04.914	* Error *	[online] online disconnected,error code:0
2022-11-26 15:03:04.914	- Info  -	[oray][erroCode] errorcode=errorcode(0), product=0, type=0, inner code=0 [COnlineHandler::OnDisconnect:86]
2022-11-26 15:03:04.914	- Info  -	[service] disconnected server(212.129.159.51:443),errorcode:0
2022-11-26 15:03:04.914	- Info  -	curStatus: 0, m_Status: 1
2022-11-26 15:03:04.914	- Info  -	[http call3] new call id:6, url:https://sl-log.oray.net/slclientlog
2022-11-26 15:03:04.914	- Info  -	Current client status: 0
2022-11-26 15:03:04.914	- Info  -	send status_changed notify 0
2022-11-26 15:03:04.914	- Info  -	[OnLogout start]
2022-11-26 15:03:04.915	- Info  -	[service] stop all projections
2022-11-26 15:03:04.915	- Info  -	[OnLogout end]
2022-11-26 15:03:04.920	- Info  -	[http call3] id:6 create new connection : https://sl-log.oray.net:443
2022-11-26 15:03:04.923	- Info  -	[MICRO LIVE] shell send close micro_live_plugin
2022-11-26 15:03:04.936	- Info  -	attempt to connect server sl-log.oray.net:443(120.26.160.74:443)
2022-11-26 15:03:05.052	- Info  -	[http call3] id:6, url:https://sl-log.oray.net/slclientlog, status code:200
2022-11-26 15:06:00.519	+Warning+	[passive:keepalive:] 120.26.160.74:443 disconnect by keepalive timeout(363421>=187953+30000)
2022-11-26 15:06:00.519	+Warning+	[oray][erroCode] errorcode=ORAY_ERROR_PHSTREAM_KEEPALIVE_TIMEOUT(57351), product=0, type=3, inner code=7 [CPassiveKeepAliveHandler::Done:141]
2022-11-26 15:06:00.519	- Info  -	[http call3] disconnect, error( 57351 )
2022-11-26 15:06:03.445	- Info  -	[ServiceEx] the service control is 13
2022-11-26 15:06:03.445	- Info  -	SERVICE_CONTROL_POWEREVENT************dwEventType:18
2022-11-26 15:06:03.445	+Warning+	[service] power event, system is resumed.
2022-11-26 15:06:03.578	- Info  -	retry login now......
2022-11-26 15:06:03.578	- Info  -	Current client status: 2
2022-11-26 15:06:03.578	- Info  -	send status_changed notify 2
2022-11-26 15:06:03.579	- Info  -	Login task time 0
2022-11-26 15:06:03.579	- Info  -	[service] retry login by power event
2022-11-26 15:06:03.633	- Info  -	Do login( type: 2 ) at 379
2022-11-26 15:06:03.633	- Info  -	[http call3] new call id:7, url:https://slapi.oray.net/remote/get-fastcode
2022-11-26 15:06:03.868	- Info  -	[http call3] id:7 create new connection : https://slapi.oray.net:443
2022-11-26 15:06:04.389	- Info  -	attempt to connect server slapi.oray.net:443(121.40.200.192:443)
2022-11-26 15:06:04.730	- Info  -	[http call3] id:7, url:https://slapi.oray.net/remote/get-fastcode, status code:200
2022-11-26 15:06:04.980	- Info  -	attempt to connect server rc10-fc13.oray.com:443(121.40.51.117:443)
2022-11-26 15:06:05.073	- Info  -	[ServiceEx] the service control is 13
2022-11-26 15:06:05.073	- Info  -	SERVICE_CONTROL_POWEREVENT************dwEventType:7
2022-11-26 15:06:05.073	+Warning+	[service] power event, system is resumed.
2022-11-26 15:06:05.175	- Info  -	[service] retry login by power event
2022-11-26 15:06:05.222	- Info  -	[service] attempted logon
2022-11-26 15:06:05.272	- Info  -	[service] logon server OK. public ip:183.217.165.158
2022-11-26 15:06:05.298	- Info  -	[online] attempted client online
2022-11-26 15:06:05.323	- Info  -	[online] client online OK.
2022-11-26 15:06:05.324	- Info  -	[online] received name:default , description:default .
2022-11-26 15:06:05.338	- Info  -	[service] attempted register client to server
2022-11-26 15:06:05.363	- Info  -	[service] registered client to server
2022-11-26 15:06:05.364	- Info  -	[http call3] new call id:8, url:https://sl-log.oray.net/slclientlog
2022-11-26 15:06:05.364	- Info  -	Current client status: 1
2022-11-26 15:06:05.364	- Info  -	send status_changed notify 1
2022-11-26 15:06:05.370	- Info  -	[http call3] id:8 create new connection : https://sl-log.oray.net:443
2022-11-26 15:06:05.398	- Info  -	attempt to connect server sl-log.oray.net:443(47.97.162.230:443)
2022-11-26 15:06:05.400	- Info  -	[discover] Client NotifyDiscover type=5
2022-11-26 15:06:05.467	- Info  -	[OnLogin start]
2022-11-26 15:06:05.474	- Info  -	[OnLogin end]
2022-11-26 15:06:05.683	- Info  -	[OnLogin] WaittingTask Start
2022-11-26 15:06:05.967	- Info  -	[http call3] id:8, url:https://sl-log.oray.net/slclientlog, status code:200
2022-11-26 15:06:05.995	- Info  -	Set auto_run : true
2022-11-26 15:06:06.549	- Info  -	[OnLogin] WaittingTask end
2022-11-26 15:06:19.729	* Error *	SSLStream::IsWantReadWrite|peer(121.40.200.192:443), SSL_read failed( 6 ), error:00000000:lib(0):func(0):reason(0), file( ..\includes\common\phstream\SSLStream.cpp:1898 )
2022-11-26 15:06:19.730	- Info  -	[http call3] disconnect, error( 0 )
2022-11-26 15:06:35.966	* Error *	SSLStream::IsWantReadWrite|peer(47.97.162.230:443), SSL_read failed( 6 ), error:00000000:lib(0):func(0):reason(0), file( ..\includes\common\phstream\SSLStream.cpp:1898 )
2022-11-26 15:06:35.967	- Info  -	[http call3] disconnect, error( 0 )
2022-11-26 15:15:29.183	- Info  -	[ServiceEx] the service control is 13
2022-11-26 15:15:29.183	- Info  -	SERVICE_CONTROL_POWEREVENT************dwEventType:4
2022-11-26 15:15:29.183	+Warning+	[service] power event, system is suspending.
2022-11-26 15:15:29.184	- Info  -	Logout ...
2022-11-26 15:15:29.184	- Info  -	[oray][erroCode] errorcode=oray_errorcode(0), product=0, type=0, inner code=0 [CMultiplexLogicStream::Disconnect_impl:121]
2022-11-26 15:15:29.184	- Info  -	[RemoteControl] disconnected server(121.40.51.117:443),error code:0
2022-11-26 15:15:29.185	* Error *	[online] online disconnected,error code:0
2022-11-26 15:15:29.185	- Info  -	[oray][erroCode] errorcode=errorcode(0), product=0, type=0, inner code=0 [COnlineHandler::OnDisconnect:86]
2022-11-26 15:15:29.185	- Info  -	[service] disconnected server(121.40.51.117:443),errorcode:0
2022-11-26 15:15:29.185	- Info  -	curStatus: 0, m_Status: 1
2022-11-26 15:15:29.185	- Info  -	[http call3] new call id:9, url:https://sl-log.oray.net/slclientlog
2022-11-26 15:15:29.185	- Info  -	Current client status: 0
2022-11-26 15:15:29.185	- Info  -	send status_changed notify 0
2022-11-26 15:15:29.185	- Info  -	[OnLogout start]
2022-11-26 15:15:29.185	- Info  -	[service] stop all projections
2022-11-26 15:15:29.185	- Info  -	[OnLogout end]
2022-11-26 15:15:29.191	- Info  -	[MICRO LIVE] shell send close micro_live_plugin
2022-11-26 15:15:29.195	- Info  -	[http call3] id:9 create new connection : https://sl-log.oray.net:443
2022-11-26 15:15:29.217	- Info  -	attempt to connect server sl-log.oray.net:443(120.26.160.74:443)
2022-11-26 15:15:29.325	- Info  -	[http call3] id:9, url:https://sl-log.oray.net/slclientlog, status code:200
2022-11-26 16:03:25.516	+Warning+	[passive:keepalive:] 120.26.160.74:443 disconnect by keepalive timeout(3808421>=932218+30000)
2022-11-26 16:03:25.516	+Warning+	[oray][erroCode] errorcode=ORAY_ERROR_PHSTREAM_KEEPALIVE_TIMEOUT(57351), product=0, type=3, inner code=7 [CPassiveKeepAliveHandler::Done:141]
2022-11-26 16:03:25.516	- Info  -	[http call3] disconnect, error( 57351 )
2022-11-26 16:03:28.977	- Info  -	[ServiceEx] the service control is 13
2022-11-26 16:03:28.977	- Info  -	SERVICE_CONTROL_POWEREVENT************dwEventType:18
2022-11-26 16:03:28.977	+Warning+	[service] power event, system is resumed.
2022-11-26 16:03:30.388	- Info  -	retry login now......
2022-11-26 16:03:30.388	- Info  -	Current client status: 2
2022-11-26 16:03:30.388	- Info  -	send status_changed notify 2
2022-11-26 16:03:30.389	- Info  -	Login task time 0
2022-11-26 16:03:30.389	- Info  -	[service] retry login by power event
2022-11-26 16:03:30.430	- Info  -	Do login( type: 2 ) at 379
2022-11-26 16:03:30.430	- Info  -	[http call3] new call id:10, url:https://slapi.oray.net/remote/get-fastcode
2022-11-26 16:03:30.436	- Info  -	[http call3] id:10 create new connection : https://slapi.oray.net:443
2022-11-26 16:03:32.158	- Info  -	attempt to connect server slapi.oray.net:443(121.40.200.192:443)
2022-11-26 16:03:32.652	- Info  -	[http call3] id:10, url:https://slapi.oray.net/remote/get-fastcode, status code:200
2022-11-26 16:03:32.746	- Info  -	[ServiceEx] the service control is 13
2022-11-26 16:03:32.746	- Info  -	SERVICE_CONTROL_POWEREVENT************dwEventType:7
2022-11-26 16:03:32.746	+Warning+	[service] power event, system is resumed.
2022-11-26 16:03:33.023	- Info  -	[service] retry login by power event
2022-11-26 16:03:33.025	- Info  -	attempt to connect server rc10-fc13.oray.com:443(121.40.51.117:443)
2022-11-26 16:03:33.598	- Info  -	[service] attempted logon
2022-11-26 16:03:33.634	- Info  -	[service] logon server OK. public ip:183.217.165.158
2022-11-26 16:03:33.660	- Info  -	[online] attempted client online
2022-11-26 16:03:33.687	- Info  -	[online] client online OK.
2022-11-26 16:03:33.688	- Info  -	[online] received name:default , description:default .
2022-11-26 16:03:33.699	- Info  -	[service] attempted register client to server
2022-11-26 16:03:33.726	- Info  -	[service] registered client to server
2022-11-26 16:03:33.727	- Info  -	[http call3] new call id:11, url:https://sl-log.oray.net/slclientlog
2022-11-26 16:03:33.727	- Info  -	Current client status: 1
2022-11-26 16:03:33.727	- Info  -	send status_changed notify 1
2022-11-26 16:03:33.738	- Info  -	[http call3] id:11 create new connection : https://sl-log.oray.net:443
2022-11-26 16:03:33.764	- Info  -	[discover] Client NotifyDiscover type=5
2022-11-26 16:03:33.919	- Info  -	attempt to connect server sl-log.oray.net:443(47.97.162.230:443)
2022-11-26 16:03:34.026	- Info  -	[OnLogin start]
2022-11-26 16:03:34.053	- Info  -	[OnLogin end]
2022-11-26 16:03:34.139	- Info  -	[OnLogin] WaittingTask Start
2022-11-26 16:03:35.604	- Info  -	[http call3] id:11, url:https://sl-log.oray.net/slclientlog, status code:200
2022-11-26 16:03:35.791	- Info  -	Set auto_run : true
2022-11-26 16:03:36.580	- Info  -	[OnLogin] WaittingTask end
2022-11-26 16:03:47.657	* Error *	SSLStream::IsWantReadWrite|peer(121.40.200.192:443), SSL_read failed( 6 ), error:00000000:lib(0):func(0):reason(0), file( ..\includes\common\phstream\SSLStream.cpp:1898 )
2022-11-26 16:03:47.658	- Info  -	[http call3] disconnect, error( 0 )
2022-11-26 16:04:05.601	* Error *	SSLStream::IsWantReadWrite|peer(47.97.162.230:443), SSL_read failed( 6 ), error:00000000:lib(0):func(0):reason(0), file( ..\includes\common\phstream\SSLStream.cpp:1898 )
2022-11-26 16:04:05.601	- Info  -	[http call3] disconnect, error( 0 )
2022-11-26 16:15:18.853	- Info  -	[ServiceEx] the service control is 13
2022-11-26 16:15:18.854	- Info  -	SERVICE_CONTROL_POWEREVENT************dwEventType:10
2022-11-26 16:23:40.581	- Info  -	[ServiceEx] the service control is 13
2022-11-26 16:23:40.581	- Info  -	SERVICE_CONTROL_POWEREVENT************dwEventType:4
2022-11-26 16:23:40.581	+Warning+	[service] power event, system is suspending.
2022-11-26 16:23:40.582	- Info  -	Logout ...
2022-11-26 16:23:40.582	- Info  -	[oray][erroCode] errorcode=oray_errorcode(0), product=0, type=0, inner code=0 [CMultiplexLogicStream::Disconnect_impl:121]
2022-11-26 16:23:40.582	- Info  -	[RemoteControl] disconnected server(121.40.51.117:443),error code:0
2022-11-26 16:23:40.583	* Error *	[online] online disconnected,error code:0
2022-11-26 16:23:40.583	- Info  -	[oray][erroCode] errorcode=errorcode(0), product=0, type=0, inner code=0 [COnlineHandler::OnDisconnect:86]
2022-11-26 16:23:40.583	- Info  -	[service] disconnected server(121.40.51.117:443),errorcode:0
2022-11-26 16:23:40.583	- Info  -	curStatus: 0, m_Status: 1
2022-11-26 16:23:40.583	- Info  -	[http call3] new call id:12, url:https://sl-log.oray.net/slclientlog
2022-11-26 16:23:40.583	- Info  -	Current client status: 0
2022-11-26 16:23:40.583	- Info  -	send status_changed notify 0
2022-11-26 16:23:40.583	- Info  -	[OnLogout start]
2022-11-26 16:23:40.584	- Info  -	[service] stop all projections
2022-11-26 16:23:40.584	- Info  -	[OnLogout end]
2022-11-26 16:23:40.590	- Info  -	[MICRO LIVE] shell send close micro_live_plugin
2022-11-26 16:23:40.596	- Info  -	[http call3] id:12 create new connection : https://sl-log.oray.net:443
2022-11-26 16:23:40.614	- Info  -	attempt to connect server sl-log.oray.net:443(47.97.106.171:443)
2022-11-26 16:23:40.785	- Info  -	[http call3] id:12, url:https://sl-log.oray.net/slclientlog, status code:200
2022-11-26 19:21:43.515	+Warning+	[passive:keepalive:] 47.97.106.171:443 disconnect by keepalive timeout(15706421>=5023687+30000)
2022-11-26 19:21:43.515	+Warning+	[oray][erroCode] errorcode=ORAY_ERROR_PHSTREAM_KEEPALIVE_TIMEOUT(57351), product=0, type=3, inner code=7 [CPassiveKeepAliveHandler::Done:141]
2022-11-26 19:21:43.516	- Info  -	[http call3] disconnect, error( 57351 )
2022-11-26 19:21:48.846	- Info  -	[ServiceEx] the service control is 13
2022-11-26 19:21:48.846	- Info  -	SERVICE_CONTROL_POWEREVENT************dwEventType:18
2022-11-26 19:21:48.846	+Warning+	[service] power event, system is resumed.
2022-11-26 19:21:53.242	- Info  -	[ServiceEx] the service control is 13
2022-11-26 19:21:53.242	- Info  -	SERVICE_CONTROL_POWEREVENT************dwEventType:7
2022-11-26 19:21:53.242	+Warning+	[service] power event, system is resumed.
2022-11-26 19:21:55.844	- Info  -	retry login now......
2022-11-26 19:21:55.844	- Info  -	Current client status: 2
2022-11-26 19:21:55.844	- Info  -	send status_changed notify 2
2022-11-26 19:21:55.845	- Info  -	Login task time 0
2022-11-26 19:21:55.845	- Info  -	[service] retry login by power event
2022-11-26 19:21:55.862	- Info  -	Do login( type: 2 ) at 379
2022-11-26 19:21:55.862	- Info  -	[http call3] new call id:13, url:https://slapi.oray.net/remote/get-fastcode
2022-11-26 19:21:55.864	- Info  -	[http call3] id:13 create new connection : https://slapi.oray.net:443
2022-11-26 19:21:55.948	* Error *	[oray][erroCode] errorcode=ORAY_ERROR_DOMAIN_RESOLVED_FAILED(57394), product=0, type=3, inner code=50 [CSockConnector::ConnectSock:229]
2022-11-26 19:22:00.500	- Info  -	[ServiceEx] the service control is 13
2022-11-26 19:22:00.500	- Info  -	SERVICE_CONTROL_POWEREVENT************dwEventType:10
2022-11-26 19:22:01.794	- Info  -	[service] retry login by power event
2022-11-26 19:22:26.135	- Info  -	[http call3] disconnect, error( 0 )
2022-11-26 19:22:26.135	- Info  -	[http call3] disconnect id:13, error( 0 )
2022-11-26 19:22:26.135	* Error *	GetFastcode failed! error:-1, msg:net error
2022-11-26 19:22:26.135	- Info  -	Current client status: 0
2022-11-26 19:22:26.135	- Info  -	send status_changed notify 0
2022-11-26 19:22:26.136	- Info  -	[OnLogout start]
2022-11-26 19:22:26.136	- Info  -	[service] stop all projections
2022-11-26 19:22:26.136	- Info  -	retry login now......
2022-11-26 19:22:26.136	- Info  -	Current client status: 2
2022-11-26 19:22:26.138	- Info  -	send status_changed notify 2
2022-11-26 19:22:26.139	- Info  -	Login task time 0
2022-11-26 19:22:26.139	- Info  -	[OnLogout end]
2022-11-26 19:22:26.255	- Info  -	Do login( type: 2 ) at 379
2022-11-26 19:22:26.255	- Info  -	[http call3] new call id:14, url:https://slapi.oray.net/remote/get-fastcode
2022-11-26 19:22:26.257	- Info  -	[http call3] id:14 create new connection : https://slapi.oray.net:443
2022-11-26 19:22:26.785	- Info  -	attempt to connect server slapi.oray.net:443(121.40.99.129:443)
2022-11-26 19:22:28.023	- Info  -	[http call3] id:14, url:https://slapi.oray.net/remote/get-fastcode, status code:200
2022-11-26 19:22:28.233	- Info  -	attempt to connect server rc10-fc09.oray.com:443(81.69.153.131:443)
2022-11-26 19:22:29.736	- Info  -	[service] attempted logon
2022-11-26 19:22:29.802	- Info  -	[service] logon server OK. public ip:183.217.165.158
2022-11-26 19:22:29.828	- Info  -	[online] attempted client online
2022-11-26 19:22:29.855	- Info  -	[online] client online OK.
2022-11-26 19:22:29.856	- Info  -	[online] received name:default , description:default .
2022-11-26 19:22:29.901	- Info  -	[service] attempted register client to server
2022-11-26 19:22:29.927	- Info  -	[service] registered client to server
2022-11-26 19:22:29.927	- Info  -	[http call3] new call id:15, url:https://sl-log.oray.net/slclientlog
2022-11-26 19:22:29.927	- Info  -	Current client status: 1
2022-11-26 19:22:29.927	- Info  -	send status_changed notify 1
2022-11-26 19:22:29.943	- Info  -	[http call3] id:15 create new connection : https://sl-log.oray.net:443
2022-11-26 19:22:29.975	- Info  -	[discover] Client NotifyDiscover type=5
2022-11-26 19:22:30.113	- Info  -	[OnLogin start]
2022-11-26 19:22:30.125	- Info  -	[OnLogin end]
2022-11-26 19:22:30.252	- Info  -	attempt to connect server sl-log.oray.net:443(47.97.162.230:443)
2022-11-26 19:22:30.255	- Info  -	[OnLogin] WaittingTask Start
2022-11-26 19:22:30.964	- Info  -	Set auto_run : true
2022-11-26 19:22:31.158	- Info  -	[http call3] id:15, url:https://sl-log.oray.net/slclientlog, status code:200
2022-11-26 19:22:31.837	- Info  -	[OnLogin] WaittingTask end
2022-11-26 19:22:43.023	* Error *	SSLStream::IsWantReadWrite|peer(121.40.99.129:443), SSL_read failed( 6 ), error:00000000:lib(0):func(0):reason(0), file( ..\includes\common\phstream\SSLStream.cpp:1898 )
2022-11-26 19:22:43.023	- Info  -	[http call3] disconnect, error( 0 )
2022-11-26 19:23:01.156	* Error *	SSLStream::IsWantReadWrite|peer(47.97.162.230:443), SSL_read failed( 6 ), error:00000000:lib(0):func(0):reason(0), file( ..\includes\common\phstream\SSLStream.cpp:1898 )
2022-11-26 19:23:01.156	- Info  -	[http call3] disconnect, error( 0 )
2022-11-26 19:38:27.844	- Info  -	[ServiceEx] the service control is 13
2022-11-26 19:38:27.844	- Info  -	SERVICE_CONTROL_POWEREVENT************dwEventType:4
2022-11-26 19:38:27.844	+Warning+	[service] power event, system is suspending.
2022-11-26 19:38:27.848	- Info  -	Logout ...
2022-11-26 19:38:27.848	- Info  -	[oray][erroCode] errorcode=oray_errorcode(0), product=0, type=0, inner code=0 [CMultiplexLogicStream::Disconnect_impl:121]
2022-11-26 19:38:27.848	- Info  -	[RemoteControl] disconnected server(81.69.153.131:443),error code:0
2022-11-26 19:38:27.850	* Error *	[online] online disconnected,error code:0
2022-11-26 19:38:27.850	- Info  -	[oray][erroCode] errorcode=errorcode(0), product=0, type=0, inner code=0 [COnlineHandler::OnDisconnect:86]
2022-11-26 19:38:27.850	- Info  -	[service] disconnected server(81.69.153.131:443),errorcode:0
2022-11-26 19:38:27.850	- Info  -	curStatus: 0, m_Status: 1
2022-11-26 19:38:27.850	- Info  -	[http call3] new call id:16, url:https://sl-log.oray.net/slclientlog
2022-11-26 19:38:27.850	- Info  -	Current client status: 0
2022-11-26 19:38:27.850	- Info  -	send status_changed notify 0
2022-11-26 19:38:27.850	- Info  -	[OnLogout start]
2022-11-26 19:38:27.851	- Info  -	[service] stop all projections
2022-11-26 19:38:27.851	- Info  -	[OnLogout end]
2022-11-26 19:38:27.858	- Info  -	[http call3] id:16 create new connection : https://sl-log.oray.net:443
2022-11-26 19:38:27.858	- Info  -	[MICRO LIVE] shell send close micro_live_plugin
2022-11-26 19:38:27.874	- Info  -	attempt to connect server sl-log.oray.net:443(47.97.186.100:443)
2022-11-26 19:38:28.025	- Info  -	[http call3] id:16, url:https://sl-log.oray.net/slclientlog, status code:200
2022-11-26 20:55:08.533	+Warning+	[passive:keepalive:] 47.97.186.100:443 disconnect by keepalive timeout(21311437>=16710921+30000)
2022-11-26 20:55:08.533	+Warning+	[oray][erroCode] errorcode=ORAY_ERROR_PHSTREAM_KEEPALIVE_TIMEOUT(57351), product=0, type=3, inner code=7 [CPassiveKeepAliveHandler::Done:141]
2022-11-26 20:55:08.533	- Info  -	[http call3] disconnect, error( 57351 )
2022-11-26 20:55:12.053	- Info  -	[ServiceEx] the service control is 13
2022-11-26 20:55:12.054	- Info  -	SERVICE_CONTROL_POWEREVENT************dwEventType:10
2022-11-26 20:55:15.755	- Info  -	[ServiceEx] the service control is 13
2022-11-26 20:55:15.756	- Info  -	SERVICE_CONTROL_POWEREVENT************dwEventType:18
2022-11-26 20:55:15.756	+Warning+	[service] power event, system is resumed.
2022-11-26 20:55:16.658	- Info  -	retry login now......
2022-11-26 20:55:16.658	- Info  -	Current client status: 2
2022-11-26 20:55:16.658	- Info  -	send status_changed notify 2
2022-11-26 20:55:16.659	- Info  -	Login task time 0
2022-11-26 20:55:16.659	- Info  -	[service] retry login by power event
2022-11-26 20:55:16.688	- Info  -	Do login( type: 2 ) at 379
2022-11-26 20:55:16.689	- Info  -	[http call3] new call id:17, url:https://slapi.oray.net/remote/get-fastcode
2022-11-26 20:55:16.692	- Info  -	[http call3] id:17 create new connection : https://slapi.oray.net:443
2022-11-26 20:55:16.983	- Info  -	attempt to connect server slapi.oray.net:443(121.40.200.192:443)
2022-11-26 20:55:17.484	- Info  -	[ServiceEx] the service control is 13
2022-11-26 20:55:17.484	- Info  -	SERVICE_CONTROL_POWEREVENT************dwEventType:7
2022-11-26 20:55:17.484	+Warning+	[service] power event, system is resumed.
2022-11-26 20:55:17.491	- Info  -	[http call3] id:17, url:https://slapi.oray.net/remote/get-fastcode, status code:200
2022-11-26 20:55:17.508	- Info  -	[service] retry login by power event
2022-11-26 20:55:17.551	- Info  -	attempt to connect server rc10-fc08.oray.com:443(42.192.63.173:443)
2022-11-26 20:55:17.969	- Info  -	[service] attempted logon
2022-11-26 20:55:18.039	- Info  -	[service] logon server OK. public ip:183.217.165.158
2022-11-26 20:55:18.063	- Info  -	[online] attempted client online
2022-11-26 20:55:18.103	- Info  -	[online] client online OK.
2022-11-26 20:55:18.104	- Info  -	[online] received name:default , description:default .
2022-11-26 20:55:18.114	- Info  -	[service] attempted register client to server
2022-11-26 20:55:18.139	- Info  -	[service] registered client to server
2022-11-26 20:55:18.140	- Info  -	[http call3] new call id:18, url:https://sl-log.oray.net/slclientlog
2022-11-26 20:55:18.140	- Info  -	Current client status: 1
2022-11-26 20:55:18.140	- Info  -	send status_changed notify 1
2022-11-26 20:55:18.145	- Info  -	[http call3] id:18 create new connection : https://sl-log.oray.net:443
2022-11-26 20:55:18.165	- Info  -	attempt to connect server sl-log.oray.net:443(120.26.160.74:443)
2022-11-26 20:55:18.172	- Info  -	[discover] Client NotifyDiscover type=5
2022-11-26 20:55:18.245	- Info  -	[OnLogin start]
2022-11-26 20:55:18.250	- Info  -	[OnLogin end]
2022-11-26 20:55:18.257	- Info  -	[OnLogin] WaittingTask Start
2022-11-26 20:55:18.789	- Info  -	[http call3] id:18, url:https://sl-log.oray.net/slclientlog, status code:200
2022-11-26 20:55:19.240	- Info  -	Set auto_run : true
2022-11-26 20:55:20.004	- Info  -	[OnLogin] WaittingTask end
2022-11-26 20:55:32.488	* Error *	SSLStream::IsWantReadWrite|peer(121.40.200.192:443), SSL_read failed( 6 ), error:00000000:lib(0):func(0):reason(0), file( ..\includes\common\phstream\SSLStream.cpp:1898 )
2022-11-26 20:55:32.489	- Info  -	[http call3] disconnect, error( 0 )
2022-11-26 20:55:48.790	* Error *	SSLStream::IsWantReadWrite|peer(120.26.160.74:443), SSL_read failed( 6 ), error:00000000:lib(0):func(0):reason(0), file( ..\includes\common\phstream\SSLStream.cpp:1898 )
2022-11-26 20:55:48.790	- Info  -	[http call3] disconnect, error( 0 )
2022-11-26 21:05:54.007	- Info  -	[ServiceEx] the service control is 13
2022-11-26 21:05:54.008	- Info  -	SERVICE_CONTROL_POWEREVENT************dwEventType:4
2022-11-26 21:05:54.008	+Warning+	[service] power event, system is suspending.
2022-11-26 21:05:54.008	- Info  -	Logout ...
2022-11-26 21:05:54.008	- Info  -	[oray][erroCode] errorcode=oray_errorcode(0), product=0, type=0, inner code=0 [CMultiplexLogicStream::Disconnect_impl:121]
2022-11-26 21:05:54.008	- Info  -	[RemoteControl] disconnected server(42.192.63.173:443),error code:0
2022-11-26 21:05:54.009	* Error *	[online] online disconnected,error code:0
2022-11-26 21:05:54.009	- Info  -	[oray][erroCode] errorcode=errorcode(0), product=0, type=0, inner code=0 [COnlineHandler::OnDisconnect:86]
2022-11-26 21:05:54.009	- Info  -	[service] disconnected server(42.192.63.173:443),errorcode:0
2022-11-26 21:05:54.009	- Info  -	curStatus: 0, m_Status: 1
2022-11-26 21:05:54.009	- Info  -	[http call3] new call id:19, url:https://sl-log.oray.net/slclientlog
2022-11-26 21:05:54.009	- Info  -	Current client status: 0
2022-11-26 21:05:54.009	- Info  -	send status_changed notify 0
2022-11-26 21:05:54.009	- Info  -	[OnLogout start]
2022-11-26 21:05:54.010	- Info  -	[service] stop all projections
2022-11-26 21:05:54.010	- Info  -	[OnLogout end]
2022-11-26 21:05:54.019	- Info  -	[http call3] id:19 create new connection : https://sl-log.oray.net:443
2022-11-26 21:05:54.022	- Info  -	[MICRO LIVE] shell send close micro_live_plugin
2022-11-26 21:05:54.039	- Info  -	attempt to connect server sl-log.oray.net:443(121.40.118.44:443)
2022-11-26 21:05:54.168	- Info  -	[http call3] id:19, url:https://sl-log.oray.net/slclientlog, status code:200
2022-11-26 21:05:59.391	- Info  -	[ServiceEx] the service control is 13
2022-11-26 21:05:59.391	- Info  -	SERVICE_CONTROL_POWEREVENT************dwEventType:18
2022-11-26 21:05:59.391	+Warning+	[service] power event, system is resumed.
2022-11-26 21:06:00.167	- Info  -	retry login now......
2022-11-26 21:06:00.167	- Info  -	Current client status: 2
2022-11-26 21:06:00.167	- Info  -	send status_changed notify 2
2022-11-26 21:06:00.168	- Info  -	Login task time 0
2022-11-26 21:06:00.170	- Info  -	[service] retry login by power event
2022-11-26 21:06:00.210	- Info  -	Do login( type: 2 ) at 379
2022-11-26 21:06:00.210	- Info  -	[http call3] new call id:20, url:https://slapi.oray.net/remote/get-fastcode
2022-11-26 21:06:00.212	- Info  -	[http call3] id:20 create new connection : https://slapi.oray.net:443
2022-11-26 21:06:00.246	- Info  -	attempt to connect server slapi.oray.net:443(121.40.200.192:443)
2022-11-26 21:06:00.359	- Info  -	[ServiceEx] the service control is 13
2022-11-26 21:06:00.359	- Info  -	SERVICE_CONTROL_POWEREVENT************dwEventType:7
2022-11-26 21:06:00.359	+Warning+	[service] power event, system is resumed.
2022-11-26 21:06:00.409	- Info  -	[service] retry login by power event
2022-11-26 21:06:00.457	- Info  -	[http call3] id:20, url:https://slapi.oray.net/remote/get-fastcode, status code:200
2022-11-26 21:06:00.684	- Info  -	attempt to connect server rc10-fc01.oray.com:443(212.129.230.34:443)
2022-11-26 21:06:00.919	- Info  -	[service] attempted logon
2022-11-26 21:06:00.982	- Info  -	[service] logon server OK. public ip:183.217.165.158
2022-11-26 21:06:01.021	- Info  -	[online] attempted client online
2022-11-26 21:06:01.047	- Info  -	[online] client online OK.
2022-11-26 21:06:01.047	- Info  -	[online] received name:default , description:default .
2022-11-26 21:06:01.060	- Info  -	[service] attempted register client to server
2022-11-26 21:06:01.090	- Info  -	[service] registered client to server
2022-11-26 21:06:01.090	- Info  -	[http call3] new call id:21, url:https://sl-log.oray.net/slclientlog
2022-11-26 21:06:01.090	- Info  -	Current client status: 1
2022-11-26 21:06:01.090	- Info  -	send status_changed notify 1
2022-11-26 21:06:01.106	- Info  -	[http call3] id:21 use old connection : https://sl-log.oray.net:443
2022-11-26 21:06:01.134	- Info  -	[http call3] id:21, url:https://sl-log.oray.net/slclientlog, status code:200
2022-11-26 21:06:01.134	- Info  -	[discover] Client NotifyDiscover type=5
2022-11-26 21:06:01.150	- Info  -	[OnLogin start]
2022-11-26 21:06:01.155	- Info  -	[OnLogin end]
2022-11-26 21:06:01.196	- Info  -	[OnLogin] WaittingTask Start
2022-11-26 21:06:01.390	- Info  -	Set auto_run : true
2022-11-26 21:06:01.767	- Info  -	[OnLogin] WaittingTask end
2022-11-26 21:06:04.613	- Info  -	[ServiceEx] the service control is 13
2022-11-26 21:06:04.613	- Info  -	SERVICE_CONTROL_POWEREVENT************dwEventType:4
2022-11-26 21:06:04.613	+Warning+	[service] power event, system is suspending.
2022-11-26 21:06:04.613	- Info  -	Logout ...
2022-11-26 21:06:04.613	- Info  -	[oray][erroCode] errorcode=oray_errorcode(0), product=0, type=0, inner code=0 [CMultiplexLogicStream::Disconnect_impl:121]
2022-11-26 21:06:04.613	- Info  -	[RemoteControl] disconnected server(212.129.230.34:443),error code:0
2022-11-26 21:06:04.614	* Error *	[online] online disconnected,error code:0
2022-11-26 21:06:04.614	- Info  -	[oray][erroCode] errorcode=errorcode(0), product=0, type=0, inner code=0 [COnlineHandler::OnDisconnect:86]
2022-11-26 21:06:04.614	- Info  -	[service] disconnected server(212.129.230.34:443),errorcode:0
2022-11-26 21:06:04.614	- Info  -	curStatus: 0, m_Status: 1
2022-11-26 21:06:04.614	- Info  -	[http call3] new call id:22, url:https://sl-log.oray.net/slclientlog
2022-11-26 21:06:04.614	- Info  -	Current client status: 0
2022-11-26 21:06:04.614	- Info  -	send status_changed notify 0
2022-11-26 21:06:04.614	- Info  -	[OnLogout start]
2022-11-26 21:06:04.618	- Info  -	[service] stop all projections
2022-11-26 21:06:04.618	- Info  -	[OnLogout end]
2022-11-26 21:06:04.628	- Info  -	[http call3] id:22 use old connection : https://sl-log.oray.net:443
2022-11-26 21:06:04.629	- Info  -	[MICRO LIVE] shell send close micro_live_plugin
2022-11-26 21:06:04.655	- Info  -	[http call3] id:22, url:https://sl-log.oray.net/slclientlog, status code:200
2022-11-26 21:06:10.379	- Info  -	[ServiceEx] the service control is 13
2022-11-26 21:06:10.379	- Info  -	SERVICE_CONTROL_POWEREVENT************dwEventType:18
2022-11-26 21:06:10.379	+Warning+	[service] power event, system is resumed.
2022-11-26 21:06:11.060	- Info  -	[ServiceEx] the service control is 13
2022-11-26 21:06:11.060	- Info  -	SERVICE_CONTROL_POWEREVENT************dwEventType:7
2022-11-26 21:06:11.061	+Warning+	[service] power event, system is resumed.
2022-11-26 21:06:11.588	- Info  -	retry login now......
2022-11-26 21:06:11.588	- Info  -	Current client status: 2
2022-11-26 21:06:11.588	- Info  -	send status_changed notify 2
2022-11-26 21:06:11.589	- Info  -	Login task time 0
2022-11-26 21:06:11.589	- Info  -	[service] retry login by power event
2022-11-26 21:06:11.607	- Info  -	[service] retry login by power event
2022-11-26 21:06:11.617	- Info  -	Do login( type: 2 ) at 379
2022-11-26 21:06:11.617	- Info  -	[http call3] new call id:23, url:https://slapi.oray.net/remote/get-fastcode
2022-11-26 21:06:11.621	- Info  -	[http call3] id:23 use old connection : https://slapi.oray.net:443
2022-11-26 21:06:11.717	- Info  -	[http call3] id:23, url:https://slapi.oray.net/remote/get-fastcode, status code:200
2022-11-26 21:06:11.860	- Info  -	attempt to connect server rc10-fc.oray.com:443(81.69.182.62:443)
2022-11-26 21:06:12.056	- Info  -	[service] attempted logon
2022-11-26 21:06:12.122	- Info  -	[service] logon server OK. public ip:183.217.165.158
2022-11-26 21:06:12.148	- Info  -	[online] attempted client online
2022-11-26 21:06:12.175	- Info  -	[online] client online OK.
2022-11-26 21:06:12.175	- Info  -	[online] received name:default , description:default .
2022-11-26 21:06:12.186	- Info  -	[service] attempted register client to server
2022-11-26 21:06:12.216	- Info  -	[service] registered client to server
2022-11-26 21:06:12.216	- Info  -	[http call3] new call id:24, url:https://sl-log.oray.net/slclientlog
2022-11-26 21:06:12.216	- Info  -	Current client status: 1
2022-11-26 21:06:12.216	- Info  -	send status_changed notify 1
2022-11-26 21:06:12.228	- Info  -	[http call3] id:24 use old connection : https://sl-log.oray.net:443
2022-11-26 21:06:12.255	- Info  -	[http call3] id:24, url:https://sl-log.oray.net/slclientlog, status code:200
2022-11-26 21:06:12.257	- Info  -	[discover] Client NotifyDiscover type=5
2022-11-26 21:06:12.325	- Info  -	[OnLogin start]
2022-11-26 21:06:12.329	- Info  -	[OnLogin end]
2022-11-26 21:06:12.338	- Info  -	[OnLogin] WaittingTask Start
2022-11-26 21:06:12.475	- Info  -	Set auto_run : true
