2023-02-20 11:18:02.403	- Info  -	version:3.2.1.40406
2023-02-20 11:18:02.575	* Error *	SSLStream|Remove temp(C:\Windows\TEMP\u2q4.0) file ok
2023-02-20 11:18:02.989	- Info  -	Initialize OK
2023-02-20 11:18:02.989	- Info  -	CAcceptorRaw::set_listener
2023-02-20 11:18:02.989	- Info  -	DesktopAgentServer created with port 0.
2023-02-20 11:18:03.391	- Info  -	[service] start listen OK,tcp:0.0.0.0:49675,udp:15351
2023-02-20 11:18:03.422	- Info  -	[discover] Client NotifyDiscover type=5
2023-02-20 11:18:03.501	- Info  -	[localserver] Not use proxy
2023-02-20 11:18:03.719	- Info  -	network error, retrying login server
2023-02-20 11:18:06.735	- Info  -	[mac] local ip:192.168.10.208
2023-02-20 11:18:06.844	- Info  -	[mac] mac address:02:F4:7A:D2:E4:E8
2023-02-20 11:18:06.844	- Info  -	get mac address: 02:F4:7A:D2:E4:E8
2023-02-20 11:18:09.909	- Info  -	os name:Microsoft Windows 10 专业版
2023-02-20 11:18:11.055	- Info  -	m_clientinfo.mac: 02:F4:7A:D2:E4:E8
2023-02-20 11:18:11.101	- Info  -	Current client status: 2
2023-02-20 11:18:11.102	- Info  -	send status_changed notify 2
2023-02-20 11:18:11.102	- Info  -	Login task time 0
2023-02-20 11:18:11.117	- Info  -	Do login( type: 2 ) at 379
2023-02-20 11:18:11.118	- Info  -	[http call3] new call id:1, url:https://slapi.oray.net/remote/get-fastcode
2023-02-20 11:18:11.118	- Info  -	[http call3] id:1 create new connection : https://slapi.oray.net:443
2023-02-20 11:18:11.145	- Info  -	attempt to connect server slapi.oray.net:443(121.40.200.192:443)
2023-02-20 11:18:11.437	- Info  -	[http call3] id:1, url:https://slapi.oray.net/remote/get-fastcode, status code:200
2023-02-20 11:18:11.450	- Info  -	attempt to connect server rc10-fc03.oray.com:443(8.136.215.212:443)
2023-02-20 11:18:11.534	- Info  -	[service] attempted logon
2023-02-20 11:18:11.568	- Info  -	[service] logon server OK. public ip:183.217.22.32
2023-02-20 11:18:11.594	- Info  -	[online] attempted client online
2023-02-20 11:18:11.620	- Info  -	[online] client online OK.
2023-02-20 11:18:11.621	- Info  -	[online] received name:default , description:default .
2023-02-20 11:18:11.635	- Info  -	[service] attempted register client to server
2023-02-20 11:18:11.661	- Info  -	[service] registered client to server
2023-02-20 11:18:11.661	- Info  -	[http call3] new call id:2, url:https://sl-log.oray.net/slclientlog
2023-02-20 11:18:11.661	- Info  -	Current client status: 1
2023-02-20 11:18:11.661	- Info  -	send status_changed notify 1
2023-02-20 11:18:11.667	- Info  -	[http call3] id:2 create new connection : https://sl-log.oray.net:443
2023-02-20 11:18:11.679	- Info  -	[discover] Client NotifyDiscover type=5
2023-02-20 11:18:11.682	- Info  -	attempt to connect server sl-log.oray.net:443(121.199.72.21:443)
2023-02-20 11:18:11.718	- Info  -	[OnLogin start]
2023-02-20 11:18:11.719	- Info  -	[OnLogin end]
2023-02-20 11:18:11.732	- Info  -	[OnLogin] WaittingTask Start
2023-02-20 11:18:11.747	- Info  -	Set auto_run : true
2023-02-20 11:18:11.788	- Info  -	[http call3] id:2, url:https://sl-log.oray.net/slclientlog, status code:200
2023-02-20 11:18:11.921	- Info  -	[OnLogin] WaittingTask end
2023-02-20 11:18:26.435	* Error *	SSLStream::IsWantReadWrite|peer(121.40.200.192:443), SSL_read failed( 6 ), error:00000000:lib(0):func(0):reason(0), file( ..\includes\common\phstream\SSLStream.cpp:1898 )
2023-02-20 11:18:26.436	- Info  -	[http call3] disconnect, error( 0 )
2023-02-20 11:18:34.091	- Info  -	[MICRO LIVE] shell oninitdialog to get microlive info enable = 0 status = 0 timelast = 0
2023-02-20 11:18:41.789	* Error *	SSLStream::IsWantReadWrite|peer(121.199.72.21:443), SSL_read failed( 6 ), error:00000000:lib(0):func(0):reason(0), file( ..\includes\common\phstream\SSLStream.cpp:1898 )
2023-02-20 11:18:41.790	- Info  -	[http call3] disconnect, error( 0 )
2023-02-20 11:44:27.509	- Info  -	[ServiceEx] the service control is 13
2023-02-20 11:44:27.510	- Info  -	SERVICE_CONTROL_POWEREVENT************dwEventType:4
2023-02-20 11:44:27.510	+Warning+	[service] power event, system is suspending.
2023-02-20 11:44:27.511	- Info  -	Logout ...
2023-02-20 11:44:27.513	- Info  -	[oray][erroCode] errorcode=oray_errorcode(0), product=0, type=0, inner code=0 [CMultiplexLogicStream::Disconnect_impl:121]
2023-02-20 11:44:27.513	- Info  -	[RemoteControl] disconnected server(8.136.215.212:443),error code:0
2023-02-20 11:44:27.514	* Error *	[online] online disconnected,error code:0
2023-02-20 11:44:27.514	- Info  -	[oray][erroCode] errorcode=errorcode(0), product=0, type=0, inner code=0 [COnlineHandler::OnDisconnect:86]
2023-02-20 11:44:27.514	- Info  -	[service] disconnected server(8.136.215.212:443),errorcode:0
2023-02-20 11:44:27.514	- Info  -	curStatus: 0, m_Status: 1
2023-02-20 11:44:27.514	- Info  -	[http call3] new call id:3, url:https://sl-log.oray.net/slclientlog
2023-02-20 11:44:27.514	- Info  -	Current client status: 0
2023-02-20 11:44:27.514	- Info  -	send status_changed notify 0
2023-02-20 11:44:27.514	- Info  -	[OnLogout start]
2023-02-20 11:44:27.514	- Info  -	[service] stop all projections
2023-02-20 11:44:27.514	- Info  -	[OnLogout end]
2023-02-20 11:44:27.531	- Info  -	[MICRO LIVE] shell send close micro_live_plugin
2023-02-20 11:44:27.544	- Info  -	[http call3] id:3 create new connection : https://sl-log.oray.net:443
2023-02-20 11:44:27.561	- Info  -	attempt to connect server sl-log.oray.net:443(47.97.106.171:443)
2023-02-20 11:44:27.769	- Info  -	[http call3] id:3, url:https://sl-log.oray.net/slclientlog, status code:200
2023-02-20 13:06:19.515	+Warning+	[passive:keepalive:] 47.97.106.171:443 disconnect by keepalive timeout(6516515>=1604765+30000)
2023-02-20 13:06:19.515	+Warning+	[oray][erroCode] errorcode=ORAY_ERROR_PHSTREAM_KEEPALIVE_TIMEOUT(57351), product=0, type=3, inner code=7 [CPassiveKeepAliveHandler::Done:141]
2023-02-20 13:06:19.516	- Info  -	[http call3] disconnect, error( 57351 )
2023-02-20 13:06:21.468	- Info  -	[ServiceEx] the service control is 13
2023-02-20 13:06:21.468	- Info  -	SERVICE_CONTROL_POWEREVENT************dwEventType:7
2023-02-20 13:06:21.468	+Warning+	[service] power event, system is resumed.
2023-02-20 13:06:24.646	- Info  -	retry login now......
2023-02-20 13:06:24.647	- Info  -	Current client status: 2
2023-02-20 13:06:24.647	- Info  -	send status_changed notify 2
2023-02-20 13:06:24.648	- Info  -	Login task time 0
2023-02-20 13:06:24.648	- Info  -	[service] retry login by power event
2023-02-20 13:06:24.779	- Info  -	Do login( type: 2 ) at 379
2023-02-20 13:06:24.779	- Info  -	[http call3] new call id:4, url:https://slapi.oray.net/remote/get-fastcode
2023-02-20 13:06:24.781	- Info  -	[http call3] id:4 create new connection : https://slapi.oray.net:443
2023-02-20 13:06:25.764	- Info  -	[ServiceEx] the service control is 13
2023-02-20 13:06:25.772	- Info  -	SERVICE_CONTROL_POWEREVENT************dwEventType:18
2023-02-20 13:06:25.772	+Warning+	[service] power event, system is resumed.
2023-02-20 13:06:25.869	- Info  -	attempt to connect server slapi.oray.net:443(121.40.200.192:443)
2023-02-20 13:06:26.501	- Info  -	[service] retry login by power event
2023-02-20 13:06:27.169	- Info  -	[http call3] id:4, url:https://slapi.oray.net/remote/get-fastcode, status code:200
2023-02-20 13:06:27.610	- Info  -	attempt to connect server rc10-fc05.oray.com:443(47.118.71.166:443)
2023-02-20 13:06:29.930	- Info  -	[service] attempted logon
2023-02-20 13:06:29.969	- Info  -	[service] logon server OK. public ip:183.217.22.32
2023-02-20 13:06:29.997	- Info  -	[online] attempted client online
2023-02-20 13:06:30.027	- Info  -	[online] client online OK.
2023-02-20 13:06:30.027	- Info  -	[online] received name:default , description:default .
2023-02-20 13:06:30.036	- Info  -	[service] attempted register client to server
2023-02-20 13:06:30.062	- Info  -	[service] registered client to server
2023-02-20 13:06:30.063	- Info  -	[http call3] new call id:5, url:https://sl-log.oray.net/slclientlog
2023-02-20 13:06:30.063	- Info  -	Current client status: 1
2023-02-20 13:06:30.063	- Info  -	send status_changed notify 1
2023-02-20 13:06:30.065	- Info  -	[http call3] id:5 create new connection : https://sl-log.oray.net:443
2023-02-20 13:06:30.088	- Info  -	[discover] Client NotifyDiscover type=5
2023-02-20 13:06:30.098	- Info  -	[OnLogin start]
2023-02-20 13:06:30.101	- Info  -	[OnLogin end]
2023-02-20 13:06:30.221	- Info  -	[OnLogin] WaittingTask Start
2023-02-20 13:06:30.299	- Info  -	attempt to connect server sl-log.oray.net:443(47.97.186.100:443)
2023-02-20 13:06:30.823	- Info  -	[http call3] id:5, url:https://sl-log.oray.net/slclientlog, status code:200
2023-02-20 13:06:31.023	- Info  -	Set auto_run : true
2023-02-20 13:06:31.915	- Info  -	[OnLogin] WaittingTask end
2023-02-20 13:06:42.171	* Error *	SSLStream::IsWantReadWrite|peer(121.40.200.192:443), SSL_read failed( 6 ), error:00000000:lib(0):func(0):reason(0), file( ..\includes\common\phstream\SSLStream.cpp:1898 )
2023-02-20 13:06:42.171	- Info  -	[http call3] disconnect, error( 0 )
2023-02-20 13:07:00.822	* Error *	SSLStream::IsWantReadWrite|peer(47.97.186.100:443), SSL_read failed( 6 ), error:00000000:lib(0):func(0):reason(0), file( ..\includes\common\phstream\SSLStream.cpp:1898 )
2023-02-20 13:07:00.823	- Info  -	[http call3] disconnect, error( 0 )
2023-02-20 13:15:45.152	- Info  -	[ServiceEx] the service control is 13
2023-02-20 13:15:45.152	- Info  -	SERVICE_CONTROL_POWEREVENT************dwEventType:4
2023-02-20 13:15:45.152	+Warning+	[service] power event, system is suspending.
2023-02-20 13:15:45.152	- Info  -	Logout ...
2023-02-20 13:15:45.152	- Info  -	[oray][erroCode] errorcode=oray_errorcode(0), product=0, type=0, inner code=0 [CMultiplexLogicStream::Disconnect_impl:121]
2023-02-20 13:15:45.152	- Info  -	[RemoteControl] disconnected server(47.118.71.166:443),error code:0
2023-02-20 13:15:45.153	* Error *	[online] online disconnected,error code:0
2023-02-20 13:15:45.153	- Info  -	[oray][erroCode] errorcode=errorcode(0), product=0, type=0, inner code=0 [COnlineHandler::OnDisconnect:86]
2023-02-20 13:15:45.153	- Info  -	[service] disconnected server(47.118.71.166:443),errorcode:0
2023-02-20 13:15:45.153	- Info  -	curStatus: 0, m_Status: 1
2023-02-20 13:15:45.153	- Info  -	[http call3] new call id:6, url:https://sl-log.oray.net/slclientlog
2023-02-20 13:15:45.153	- Info  -	Current client status: 0
2023-02-20 13:15:45.153	- Info  -	send status_changed notify 0
2023-02-20 13:15:45.153	- Info  -	[OnLogout start]
2023-02-20 13:15:45.153	- Info  -	[service] stop all projections
2023-02-20 13:15:45.153	- Info  -	[OnLogout end]
2023-02-20 13:15:45.191	- Info  -	[http call3] id:6 create new connection : https://sl-log.oray.net:443
2023-02-20 13:15:45.196	- Info  -	[MICRO LIVE] shell send close micro_live_plugin
2023-02-20 13:15:45.211	- Info  -	attempt to connect server sl-log.oray.net:443(121.40.118.44:443)
2023-02-20 13:15:45.491	- Info  -	[http call3] id:6, url:https://sl-log.oray.net/slclientlog, status code:200
2023-02-20 13:37:00.500	+Warning+	[passive:keepalive:] 121.40.118.44:443 disconnect by keepalive timeout(8357500>=7082500+30000)
2023-02-20 13:37:00.500	+Warning+	[oray][erroCode] errorcode=ORAY_ERROR_PHSTREAM_KEEPALIVE_TIMEOUT(57351), product=0, type=3, inner code=7 [CPassiveKeepAliveHandler::Done:141]
2023-02-20 13:37:00.501	- Info  -	[http call3] disconnect, error( 57351 )
2023-02-20 13:37:02.982	- Info  -	[ServiceEx] the service control is 13
2023-02-20 13:37:02.983	- Info  -	SERVICE_CONTROL_POWEREVENT************dwEventType:10
2023-02-20 13:37:04.277	- Info  -	[ServiceEx] the service control is 13
2023-02-20 13:37:04.277	- Info  -	SERVICE_CONTROL_POWEREVENT************dwEventType:18
2023-02-20 13:37:04.277	+Warning+	[service] power event, system is resumed.
2023-02-20 13:37:05.641	- Info  -	[ServiceEx] the service control is 13
2023-02-20 13:37:05.641	- Info  -	SERVICE_CONTROL_POWEREVENT************dwEventType:7
2023-02-20 13:37:05.641	+Warning+	[service] power event, system is resumed.
2023-02-20 13:37:09.582	- Info  -	retry login now......
2023-02-20 13:37:09.582	- Info  -	Current client status: 2
2023-02-20 13:37:09.582	- Info  -	send status_changed notify 2
2023-02-20 13:37:09.584	- Info  -	Login task time 0
2023-02-20 13:37:09.584	- Info  -	[service] retry login by power event
2023-02-20 13:37:09.592	- Info  -	Do login( type: 2 ) at 379
2023-02-20 13:37:09.592	- Info  -	[http call3] new call id:7, url:https://slapi.oray.net/remote/get-fastcode
2023-02-20 13:37:09.597	- Info  -	[http call3] id:7 create new connection : https://slapi.oray.net:443
2023-02-20 13:37:09.597	* Error *	[oray][erroCode] errorcode=ORAY_ERROR_DOMAIN_RESOLVED_FAILED(57394), product=0, type=3, inner code=50 [CSockConnector::ConnectSock:229]
2023-02-20 13:37:21.402	- Info  -	[service] retry login by power event
2023-02-20 13:37:39.609	- Info  -	[http call3] disconnect, error( 0 )
2023-02-20 13:37:39.609	- Info  -	[http call3] disconnect id:7, error( 0 )
2023-02-20 13:37:39.609	* Error *	GetFastcode failed! error:-1, msg:net error
2023-02-20 13:37:39.609	- Info  -	Current client status: 0
2023-02-20 13:37:39.609	- Info  -	send status_changed notify 0
2023-02-20 13:37:39.609	- Info  -	[OnLogout start]
2023-02-20 13:37:39.610	- Info  -	[service] stop all projections
2023-02-20 13:37:39.610	- Info  -	retry login now......
2023-02-20 13:37:39.610	- Info  -	Current client status: 2
2023-02-20 13:37:39.610	- Info  -	send status_changed notify 2
2023-02-20 13:37:39.611	- Info  -	Login task time 0
2023-02-20 13:37:39.611	- Info  -	[OnLogout end]
2023-02-20 13:37:39.628	- Info  -	Do login( type: 2 ) at 379
2023-02-20 13:37:39.629	- Info  -	[http call3] new call id:8, url:https://slapi.oray.net/remote/get-fastcode
2023-02-20 13:37:39.629	- Info  -	[http call3] id:8 create new connection : https://slapi.oray.net:443
2023-02-20 13:37:39.643	- Info  -	attempt to connect server slapi.oray.net:443(121.40.99.129:443)
2023-02-20 13:37:39.832	- Info  -	[http call3] id:8, url:https://slapi.oray.net/remote/get-fastcode, status code:200
2023-02-20 13:37:39.847	- Info  -	attempt to connect server rc10-fc06.oray.com:443(120.26.127.51:443)
2023-02-20 13:37:39.956	- Info  -	[service] attempted logon
2023-02-20 13:37:39.994	- Info  -	[service] logon server OK. public ip:183.217.22.32
2023-02-20 13:37:40.021	- Info  -	[online] attempted client online
2023-02-20 13:37:40.050	- Info  -	[online] client online OK.
2023-02-20 13:37:40.051	- Info  -	[online] received name:default , description:default .
2023-02-20 13:37:40.059	- Info  -	[service] attempted register client to server
2023-02-20 13:37:40.088	- Info  -	[service] registered client to server
2023-02-20 13:37:40.089	- Info  -	[http call3] new call id:9, url:https://sl-log.oray.net/slclientlog
2023-02-20 13:37:40.089	- Info  -	Current client status: 1
2023-02-20 13:37:40.089	- Info  -	send status_changed notify 1
2023-02-20 13:37:40.100	- Info  -	[http call3] id:9 create new connection : https://sl-log.oray.net:443
2023-02-20 13:37:40.112	- Info  -	[discover] Client NotifyDiscover type=5
2023-02-20 13:37:40.114	- Info  -	attempt to connect server sl-log.oray.net:443(47.97.162.230:443)
2023-02-20 13:37:40.123	- Info  -	[OnLogin start]
2023-02-20 13:37:40.125	- Info  -	[OnLogin end]
2023-02-20 13:37:40.133	- Info  -	[OnLogin] WaittingTask Start
2023-02-20 13:37:40.170	- Info  -	Set auto_run : true
2023-02-20 13:37:40.239	- Info  -	[http call3] id:9, url:https://sl-log.oray.net/slclientlog, status code:200
2023-02-20 13:37:41.188	- Info  -	[OnLogin] WaittingTask end
2023-02-20 13:37:54.832	* Error *	SSLStream::IsWantReadWrite|peer(121.40.99.129:443), SSL_read failed( 6 ), error:00000000:lib(0):func(0):reason(0), file( ..\includes\common\phstream\SSLStream.cpp:1898 )
2023-02-20 13:37:54.832	- Info  -	[http call3] disconnect, error( 0 )
2023-02-20 13:38:10.239	* Error *	SSLStream::IsWantReadWrite|peer(47.97.162.230:443), SSL_read failed( 6 ), error:00000000:lib(0):func(0):reason(0), file( ..\includes\common\phstream\SSLStream.cpp:1898 )
2023-02-20 13:38:10.239	- Info  -	[http call3] disconnect, error( 0 )
2023-02-20 13:39:55.443	- Info  -	[ServiceEx] the service control is 13
2023-02-20 13:39:55.443	- Info  -	SERVICE_CONTROL_POWEREVENT************dwEventType:4
2023-02-20 13:39:55.443	+Warning+	[service] power event, system is suspending.
2023-02-20 13:39:55.443	- Info  -	Logout ...
2023-02-20 13:39:55.443	- Info  -	[oray][erroCode] errorcode=oray_errorcode(0), product=0, type=0, inner code=0 [CMultiplexLogicStream::Disconnect_impl:121]
2023-02-20 13:39:55.443	- Info  -	[RemoteControl] disconnected server(120.26.127.51:443),error code:0
2023-02-20 13:39:55.444	* Error *	[online] online disconnected,error code:0
2023-02-20 13:39:55.444	- Info  -	[oray][erroCode] errorcode=errorcode(0), product=0, type=0, inner code=0 [COnlineHandler::OnDisconnect:86]
2023-02-20 13:39:55.444	- Info  -	[service] disconnected server(120.26.127.51:443),errorcode:0
2023-02-20 13:39:55.444	- Info  -	curStatus: 0, m_Status: 1
2023-02-20 13:39:55.444	- Info  -	[http call3] new call id:10, url:https://sl-log.oray.net/slclientlog
2023-02-20 13:39:55.444	- Info  -	Current client status: 0
2023-02-20 13:39:55.444	- Info  -	send status_changed notify 0
2023-02-20 13:39:55.444	- Info  -	[OnLogout start]
2023-02-20 13:39:55.444	- Info  -	[service] stop all projections
2023-02-20 13:39:55.444	- Info  -	[OnLogout end]
2023-02-20 13:39:55.453	- Info  -	[http call3] id:10 create new connection : https://sl-log.oray.net:443
2023-02-20 13:39:55.456	- Info  -	[MICRO LIVE] shell send close micro_live_plugin
2023-02-20 13:39:55.469	- Info  -	attempt to connect server sl-log.oray.net:443(120.26.160.74:443)
2023-02-20 13:39:55.579	- Info  -	[http call3] id:10, url:https://sl-log.oray.net/slclientlog, status code:200
2023-02-20 13:41:58.516	+Warning+	[passive:keepalive:] 120.26.160.74:443 disconnect by keepalive timeout(8655515>=8532578+30000)
2023-02-20 13:41:58.516	+Warning+	[oray][erroCode] errorcode=ORAY_ERROR_PHSTREAM_KEEPALIVE_TIMEOUT(57351), product=0, type=3, inner code=7 [CPassiveKeepAliveHandler::Done:141]
2023-02-20 13:41:58.516	- Info  -	[http call3] disconnect, error( 57351 )
2023-02-20 13:41:59.972	- Info  -	[ServiceEx] the service control is 13
2023-02-20 13:41:59.972	- Info  -	SERVICE_CONTROL_POWEREVENT************dwEventType:7
2023-02-20 13:41:59.972	+Warning+	[service] power event, system is resumed.
2023-02-20 13:42:01.276	- Info  -	retry login now......
2023-02-20 13:42:01.276	- Info  -	Current client status: 2
2023-02-20 13:42:01.276	- Info  -	send status_changed notify 2
2023-02-20 13:42:01.277	- Info  -	Login task time 0
2023-02-20 13:42:01.277	- Info  -	[service] retry login by power event
2023-02-20 13:42:01.306	- Info  -	Do login( type: 2 ) at 379
2023-02-20 13:42:01.306	- Info  -	[http call3] new call id:11, url:https://slapi.oray.net/remote/get-fastcode
2023-02-20 13:42:01.321	- Info  -	[http call3] id:11 create new connection : https://slapi.oray.net:443
2023-02-20 13:42:01.390	- Info  -	attempt to connect server slapi.oray.net:443(121.40.99.129:443)
2023-02-20 13:42:01.671	- Info  -	[http call3] id:11, url:https://slapi.oray.net/remote/get-fastcode, status code:200
2023-02-20 13:42:01.913	- Info  -	attempt to connect server rc10-fc13.oray.com:443(121.40.51.117:443)
2023-02-20 13:42:02.167	- Info  -	[service] attempted logon
2023-02-20 13:42:02.198	- Info  -	[service] logon server OK. public ip:183.217.22.32
2023-02-20 13:42:02.221	- Info  -	[online] attempted client online
2023-02-20 13:42:02.244	- Info  -	[online] client online OK.
2023-02-20 13:42:02.244	- Info  -	[online] received name:default , description:default .
2023-02-20 13:42:02.259	- Info  -	[service] attempted register client to server
2023-02-20 13:42:02.281	- Info  -	[service] registered client to server
2023-02-20 13:42:02.281	- Info  -	[http call3] new call id:12, url:https://sl-log.oray.net/slclientlog
2023-02-20 13:42:02.281	- Info  -	Current client status: 1
2023-02-20 13:42:02.282	- Info  -	send status_changed notify 1
2023-02-20 13:42:02.292	- Info  -	[http call3] id:12 create new connection : https://sl-log.oray.net:443
2023-02-20 13:42:02.312	- Info  -	[discover] Client NotifyDiscover type=5
2023-02-20 13:42:02.324	- Info  -	[OnLogin start]
2023-02-20 13:42:02.328	- Info  -	[OnLogin end]
2023-02-20 13:42:02.333	- Info  -	[OnLogin] WaittingTask Start
2023-02-20 13:42:02.382	- Info  -	attempt to connect server sl-log.oray.net:443(121.199.72.21:443)
2023-02-20 13:42:02.525	- Info  -	Set auto_run : true
2023-02-20 13:42:02.560	- Info  -	[ServiceEx] the service control is 13
2023-02-20 13:42:02.560	- Info  -	SERVICE_CONTROL_POWEREVENT************dwEventType:18
2023-02-20 13:42:02.560	+Warning+	[service] power event, system is resumed.
2023-02-20 13:42:02.597	- Info  -	[http call3] id:12, url:https://sl-log.oray.net/slclientlog, status code:200
2023-02-20 13:42:03.382	- Info  -	[OnLogin] WaittingTask end
2023-02-20 13:42:16.669	* Error *	SSLStream::IsWantReadWrite|peer(121.40.99.129:443), SSL_read failed( 6 ), error:00000000:lib(0):func(0):reason(0), file( ..\includes\common\phstream\SSLStream.cpp:1898 )
2023-02-20 13:42:16.670	- Info  -	[http call3] disconnect, error( 0 )
2023-02-20 13:42:32.596	* Error *	SSLStream::IsWantReadWrite|peer(121.199.72.21:443), SSL_read failed( 6 ), error:00000000:lib(0):func(0):reason(0), file( ..\includes\common\phstream\SSLStream.cpp:1898 )
2023-02-20 13:42:32.597	- Info  -	[http call3] disconnect, error( 0 )
2023-02-20 14:14:27.113	- Info  -	[ServiceEx] the service control is 13
2023-02-20 14:14:27.113	- Info  -	SERVICE_CONTROL_POWEREVENT************dwEventType:4
2023-02-20 14:14:27.113	+Warning+	[service] power event, system is suspending.
2023-02-20 14:14:27.113	- Info  -	Logout ...
2023-02-20 14:14:27.113	- Info  -	[oray][erroCode] errorcode=oray_errorcode(0), product=0, type=0, inner code=0 [CMultiplexLogicStream::Disconnect_impl:121]
2023-02-20 14:14:27.113	- Info  -	[RemoteControl] disconnected server(121.40.51.117:443),error code:0
2023-02-20 14:14:27.114	* Error *	[online] online disconnected,error code:0
2023-02-20 14:14:27.114	- Info  -	[oray][erroCode] errorcode=errorcode(0), product=0, type=0, inner code=0 [COnlineHandler::OnDisconnect:86]
2023-02-20 14:14:27.114	- Info  -	[service] disconnected server(121.40.51.117:443),errorcode:0
2023-02-20 14:14:27.114	- Info  -	curStatus: 0, m_Status: 1
2023-02-20 14:14:27.114	- Info  -	[http call3] new call id:13, url:https://sl-log.oray.net/slclientlog
2023-02-20 14:14:27.114	- Info  -	Current client status: 0
2023-02-20 14:14:27.114	- Info  -	send status_changed notify 0
2023-02-20 14:14:27.114	- Info  -	[OnLogout start]
2023-02-20 14:14:27.114	- Info  -	[service] stop all projections
2023-02-20 14:14:27.114	- Info  -	[OnLogout end]
2023-02-20 14:14:27.118	- Info  -	[http call3] id:13 create new connection : https://sl-log.oray.net:443
2023-02-20 14:14:27.128	- Info  -	[MICRO LIVE] shell send close micro_live_plugin
2023-02-20 14:14:27.135	- Info  -	attempt to connect server sl-log.oray.net:443(121.41.32.171:443)
2023-02-20 14:14:27.255	- Info  -	[http call3] id:13, url:https://sl-log.oray.net/slclientlog, status code:200
2023-02-20 14:26:27.518	+Warning+	[passive:keepalive:] 121.41.32.171:443 disconnect by keepalive timeout(11324515>=10604265+30000)
2023-02-20 14:26:27.518	+Warning+	[oray][erroCode] errorcode=ORAY_ERROR_PHSTREAM_KEEPALIVE_TIMEOUT(57351), product=0, type=3, inner code=7 [CPassiveKeepAliveHandler::Done:141]
2023-02-20 14:26:27.518	- Info  -	[http call3] disconnect, error( 57351 )
2023-02-20 14:26:29.292	- Info  -	[ServiceEx] the service control is 13
2023-02-20 14:26:29.292	- Info  -	SERVICE_CONTROL_POWEREVENT************dwEventType:7
2023-02-20 14:26:29.292	+Warning+	[service] power event, system is resumed.
2023-02-20 14:26:30.814	- Info  -	retry login now......
2023-02-20 14:26:30.814	- Info  -	Current client status: 2
2023-02-20 14:26:30.814	- Info  -	send status_changed notify 2
2023-02-20 14:26:30.817	- Info  -	Login task time 0
2023-02-20 14:26:30.817	- Info  -	[service] retry login by power event
2023-02-20 14:26:30.884	- Info  -	Do login( type: 2 ) at 379
2023-02-20 14:26:30.884	- Info  -	[http call3] new call id:14, url:https://slapi.oray.net/remote/get-fastcode
2023-02-20 14:26:30.893	- Info  -	[http call3] id:14 create new connection : https://slapi.oray.net:443
2023-02-20 14:26:31.404	- Info  -	attempt to connect server slapi.oray.net:443(121.40.99.129:443)
2023-02-20 14:26:31.954	- Info  -	[ServiceEx] the service control is 13
2023-02-20 14:26:31.954	- Info  -	SERVICE_CONTROL_POWEREVENT************dwEventType:18
2023-02-20 14:26:31.954	+Warning+	[service] power event, system is resumed.
2023-02-20 14:26:31.959	- Info  -	[http call3] id:14, url:https://slapi.oray.net/remote/get-fastcode, status code:200
2023-02-20 14:26:31.971	- Info  -	[service] retry login by power event
2023-02-20 14:26:32.075	- Info  -	attempt to connect server rc10-fc07.oray.com:443(120.27.214.20:443)
2023-02-20 14:26:32.293	- Info  -	[service] attempted logon
2023-02-20 14:26:32.324	- Info  -	[service] logon server OK. public ip:183.217.22.32
2023-02-20 14:26:32.347	- Info  -	[online] attempted client online
2023-02-20 14:26:32.371	- Info  -	[online] client online OK.
2023-02-20 14:26:32.372	- Info  -	[online] received name:default , description:default .
2023-02-20 14:26:32.380	- Info  -	[service] attempted register client to server
2023-02-20 14:26:32.403	- Info  -	[service] registered client to server
2023-02-20 14:26:32.404	- Info  -	[http call3] new call id:15, url:https://sl-log.oray.net/slclientlog
2023-02-20 14:26:32.404	- Info  -	Current client status: 1
2023-02-20 14:26:32.404	- Info  -	send status_changed notify 1
2023-02-20 14:26:32.417	- Info  -	[http call3] id:15 create new connection : https://sl-log.oray.net:443
2023-02-20 14:26:32.442	- Info  -	attempt to connect server sl-log.oray.net:443(47.97.162.230:443)
2023-02-20 14:26:32.461	- Info  -	[discover] Client NotifyDiscover type=5
2023-02-20 14:26:32.533	- Info  -	[OnLogin start]
2023-02-20 14:26:32.539	- Info  -	[OnLogin end]
2023-02-20 14:26:32.553	- Info  -	[OnLogin] WaittingTask Start
2023-02-20 14:26:32.840	- Info  -	[http call3] id:15, url:https://sl-log.oray.net/slclientlog, status code:200
2023-02-20 14:26:32.842	- Info  -	Set auto_run : true
2023-02-20 14:26:33.291	- Info  -	[OnLogin] WaittingTask end
2023-02-20 14:26:46.959	* Error *	SSLStream::IsWantReadWrite|peer(121.40.99.129:443), SSL_read failed( 6 ), error:00000000:lib(0):func(0):reason(0), file( ..\includes\common\phstream\SSLStream.cpp:1898 )
2023-02-20 14:26:46.959	- Info  -	[http call3] disconnect, error( 0 )
2023-02-20 14:27:02.840	* Error *	SSLStream::IsWantReadWrite|peer(47.97.162.230:443), SSL_read failed( 6 ), error:00000000:lib(0):func(0):reason(0), file( ..\includes\common\phstream\SSLStream.cpp:1898 )
2023-02-20 14:27:02.840	- Info  -	[http call3] disconnect, error( 0 )
2023-02-20 14:37:53.276	- Info  -	[ServiceEx] the service control is 13
2023-02-20 14:37:53.277	- Info  -	SERVICE_CONTROL_POWEREVENT************dwEventType:4
2023-02-20 14:37:53.277	+Warning+	[service] power event, system is suspending.
2023-02-20 14:37:53.278	- Info  -	Logout ...
2023-02-20 14:37:53.278	- Info  -	[oray][erroCode] errorcode=oray_errorcode(0), product=0, type=0, inner code=0 [CMultiplexLogicStream::Disconnect_impl:121]
2023-02-20 14:37:53.278	- Info  -	[RemoteControl] disconnected server(120.27.214.20:443),error code:0
2023-02-20 14:37:53.279	* Error *	[online] online disconnected,error code:0
2023-02-20 14:37:53.279	- Info  -	[oray][erroCode] errorcode=errorcode(0), product=0, type=0, inner code=0 [COnlineHandler::OnDisconnect:86]
2023-02-20 14:37:53.279	- Info  -	[service] disconnected server(120.27.214.20:443),errorcode:0
2023-02-20 14:37:53.279	- Info  -	curStatus: 0, m_Status: 1
2023-02-20 14:37:53.279	- Info  -	[http call3] new call id:16, url:https://sl-log.oray.net/slclientlog
2023-02-20 14:37:53.279	- Info  -	Current client status: 0
2023-02-20 14:37:53.279	- Info  -	send status_changed notify 0
2023-02-20 14:37:53.279	- Info  -	[OnLogout start]
2023-02-20 14:37:53.280	- Info  -	[service] stop all projections
2023-02-20 14:37:53.280	- Info  -	[OnLogout end]
2023-02-20 14:37:53.286	- Info  -	[MICRO LIVE] shell send close micro_live_plugin
2023-02-20 14:37:53.294	- Info  -	[http call3] id:16 create new connection : https://sl-log.oray.net:443
2023-02-20 14:37:53.311	- Info  -	attempt to connect server sl-log.oray.net:443(47.97.162.230:443)
2023-02-20 14:37:53.435	- Info  -	[http call3] id:16, url:https://sl-log.oray.net/slclientlog, status code:200
2023-02-20 14:47:04.515	+Warning+	[passive:keepalive:] 47.97.162.230:443 disconnect by keepalive timeout(12561515>=12010437+30000)
2023-02-20 14:47:04.515	+Warning+	[oray][erroCode] errorcode=ORAY_ERROR_PHSTREAM_KEEPALIVE_TIMEOUT(57351), product=0, type=3, inner code=7 [CPassiveKeepAliveHandler::Done:141]
2023-02-20 14:47:04.516	- Info  -	[http call3] disconnect, error( 57351 )
2023-02-20 14:47:05.858	- Info  -	[ServiceEx] the service control is 13
2023-02-20 14:47:05.858	- Info  -	SERVICE_CONTROL_POWEREVENT************dwEventType:18
2023-02-20 14:47:05.858	+Warning+	[service] power event, system is resumed.
2023-02-20 14:47:06.724	- Info  -	[ServiceEx] the service control is 13
2023-02-20 14:47:06.724	- Info  -	SERVICE_CONTROL_POWEREVENT************dwEventType:7
2023-02-20 14:47:06.724	+Warning+	[service] power event, system is resumed.
2023-02-20 14:47:07.150	- Info  -	retry login now......
2023-02-20 14:47:07.150	- Info  -	Current client status: 2
2023-02-20 14:47:07.150	- Info  -	send status_changed notify 2
2023-02-20 14:47:07.151	- Info  -	Login task time 0
2023-02-20 14:47:07.151	- Info  -	[service] retry login by power event
2023-02-20 14:47:07.167	- Info  -	Do login( type: 2 ) at 379
2023-02-20 14:47:07.168	- Info  -	[http call3] new call id:17, url:https://slapi.oray.net/remote/get-fastcode
2023-02-20 14:47:07.172	- Info  -	[service] retry login by power event
2023-02-20 14:47:07.175	- Info  -	[http call3] id:17 create new connection : https://slapi.oray.net:443
2023-02-20 14:47:07.176	- Info  -	attempt to connect server slapi.oray.net:443(121.40.99.129:443)
2023-02-20 14:47:07.685	- Info  -	[http call3] id:17, url:https://slapi.oray.net/remote/get-fastcode, status code:200
2023-02-20 14:47:07.846	- Info  -	attempt to connect server rc10-fc03.oray.com:443(8.136.215.212:443)
2023-02-20 14:47:08.123	- Info  -	[service] attempted logon
2023-02-20 14:47:08.160	- Info  -	[service] logon server OK. public ip:183.217.22.32
2023-02-20 14:47:08.186	- Info  -	[online] attempted client online
2023-02-20 14:47:08.213	- Info  -	[online] client online OK.
2023-02-20 14:47:08.213	- Info  -	[online] received name:default , description:default .
2023-02-20 14:47:08.222	- Info  -	[service] attempted register client to server
2023-02-20 14:47:08.249	- Info  -	[service] registered client to server
2023-02-20 14:47:08.249	- Info  -	[http call3] new call id:18, url:https://sl-log.oray.net/slclientlog
2023-02-20 14:47:08.249	- Info  -	Current client status: 1
2023-02-20 14:47:08.251	- Info  -	send status_changed notify 1
2023-02-20 14:47:08.260	- Info  -	[http call3] id:18 create new connection : https://sl-log.oray.net:443
2023-02-20 14:47:08.313	- Info  -	[discover] Client NotifyDiscover type=5
2023-02-20 14:47:08.351	- Info  -	[OnLogin start]
2023-02-20 14:47:08.356	- Info  -	[OnLogin end]
2023-02-20 14:47:08.426	- Info  -	[OnLogin] WaittingTask Start
2023-02-20 14:47:08.438	- Info  -	attempt to connect server sl-log.oray.net:443(47.97.183.66:443)
2023-02-20 14:47:08.553	- Info  -	Set auto_run : true
2023-02-20 14:47:08.724	- Info  -	[http call3] id:18, url:https://sl-log.oray.net/slclientlog, status code:200
2023-02-20 14:47:08.975	- Info  -	[OnLogin] WaittingTask end
2023-02-20 14:47:22.684	* Error *	SSLStream::IsWantReadWrite|peer(121.40.99.129:443), SSL_read failed( 6 ), error:00000000:lib(0):func(0):reason(0), file( ..\includes\common\phstream\SSLStream.cpp:1898 )
2023-02-20 14:47:22.684	- Info  -	[http call3] disconnect, error( 0 )
2023-02-20 14:47:38.724	* Error *	SSLStream::IsWantReadWrite|peer(47.97.183.66:443), SSL_read failed( 6 ), error:00000000:lib(0):func(0):reason(0), file( ..\includes\common\phstream\SSLStream.cpp:1898 )
2023-02-20 14:47:38.724	- Info  -	[http call3] disconnect, error( 0 )
2023-02-20 17:09:10.546	- Info  -	[ServiceEx] the service control is 13
2023-02-20 17:09:10.547	- Info  -	SERVICE_CONTROL_POWEREVENT************dwEventType:4
2023-02-20 17:09:10.548	+Warning+	[service] power event, system is suspending.
2023-02-20 17:09:10.550	- Info  -	Logout ...
2023-02-20 17:09:10.550	- Info  -	[oray][erroCode] errorcode=oray_errorcode(0), product=0, type=0, inner code=0 [CMultiplexLogicStream::Disconnect_impl:121]
2023-02-20 17:09:10.550	- Info  -	[RemoteControl] disconnected server(8.136.215.212:443),error code:0
2023-02-20 17:09:10.551	* Error *	[online] online disconnected,error code:0
2023-02-20 17:09:10.551	- Info  -	[oray][erroCode] errorcode=errorcode(0), product=0, type=0, inner code=0 [COnlineHandler::OnDisconnect:86]
2023-02-20 17:09:10.551	- Info  -	[service] disconnected server(8.136.215.212:443),errorcode:0
2023-02-20 17:09:10.551	- Info  -	curStatus: 0, m_Status: 1
2023-02-20 17:09:10.551	- Info  -	[http call3] new call id:19, url:https://sl-log.oray.net/slclientlog
2023-02-20 17:09:10.552	- Info  -	Current client status: 0
2023-02-20 17:09:10.552	- Info  -	send status_changed notify 0
2023-02-20 17:09:10.552	- Info  -	[OnLogout start]
2023-02-20 17:09:10.552	- Info  -	[service] stop all projections
2023-02-20 17:09:10.552	- Info  -	[OnLogout end]
2023-02-20 17:09:10.559	- Info  -	[http call3] id:19 create new connection : https://sl-log.oray.net:443
2023-02-20 17:09:10.572	- Info  -	[MICRO LIVE] shell send close micro_live_plugin
2023-02-20 17:09:10.576	- Info  -	attempt to connect server sl-log.oray.net:443(120.26.160.74:443)
2023-02-20 17:09:10.700	- Info  -	[http call3] id:19, url:https://sl-log.oray.net/slclientlog, status code:200
2023-02-20 17:22:46.516	+Warning+	[passive:keepalive:] 120.26.160.74:443 disconnect by keepalive timeout(21903515>=21087703+30000)
2023-02-20 17:22:46.517	+Warning+	[oray][erroCode] errorcode=ORAY_ERROR_PHSTREAM_KEEPALIVE_TIMEOUT(57351), product=0, type=3, inner code=7 [CPassiveKeepAliveHandler::Done:141]
2023-02-20 17:22:46.517	- Info  -	[http call3] disconnect, error( 57351 )
2023-02-20 17:22:47.937	- Info  -	[ServiceEx] the service control is 13
2023-02-20 17:22:47.937	- Info  -	SERVICE_CONTROL_POWEREVENT************dwEventType:18
2023-02-20 17:22:47.937	+Warning+	[service] power event, system is resumed.
2023-02-20 17:22:48.986	- Info  -	[ServiceEx] the service control is 13
2023-02-20 17:22:48.986	- Info  -	SERVICE_CONTROL_POWEREVENT************dwEventType:7
2023-02-20 17:22:48.986	+Warning+	[service] power event, system is resumed.
2023-02-20 17:22:49.104	- Info  -	retry login now......
2023-02-20 17:22:49.105	- Info  -	Current client status: 2
2023-02-20 17:22:49.105	- Info  -	send status_changed notify 2
2023-02-20 17:22:49.106	- Info  -	Login task time 0
2023-02-20 17:22:49.106	- Info  -	[service] retry login by power event
2023-02-20 17:22:49.145	- Info  -	[service] retry login by power event
2023-02-20 17:22:49.145	- Info  -	Do login( type: 2 ) at 379
2023-02-20 17:22:49.145	- Info  -	[http call3] new call id:20, url:https://slapi.oray.net/remote/get-fastcode
2023-02-20 17:22:49.147	- Info  -	[http call3] id:20 create new connection : https://slapi.oray.net:443
2023-02-20 17:22:49.204	- Info  -	attempt to connect server slapi.oray.net:443(121.40.99.129:443)
2023-02-20 17:22:49.566	- Info  -	[http call3] id:20, url:https://slapi.oray.net/remote/get-fastcode, status code:200
2023-02-20 17:22:49.940	- Info  -	attempt to connect server rc10-fc03.oray.com:443(8.136.215.212:443)
2023-02-20 17:22:50.411	- Info  -	[service] attempted logon
2023-02-20 17:22:50.446	- Info  -	[service] logon server OK. public ip:183.217.22.32
2023-02-20 17:22:50.470	- Info  -	[online] attempted client online
2023-02-20 17:22:50.493	- Info  -	[online] client online OK.
2023-02-20 17:22:50.494	- Info  -	[online] received name:default , description:default .
2023-02-20 17:22:50.508	- Info  -	[service] attempted register client to server
2023-02-20 17:22:50.533	- Info  -	[service] registered client to server
2023-02-20 17:22:50.533	- Info  -	[http call3] new call id:21, url:https://sl-log.oray.net/slclientlog
2023-02-20 17:22:50.533	- Info  -	Current client status: 1
2023-02-20 17:22:50.533	- Info  -	send status_changed notify 1
2023-02-20 17:22:50.538	- Info  -	[http call3] id:21 create new connection : https://sl-log.oray.net:443
2023-02-20 17:22:50.569	- Info  -	attempt to connect server sl-log.oray.net:443(121.199.72.21:443)
2023-02-20 17:22:50.574	- Info  -	[discover] Client NotifyDiscover type=5
2023-02-20 17:22:50.591	- Info  -	[OnLogin start]
2023-02-20 17:22:50.602	- Info  -	[OnLogin end]
2023-02-20 17:22:50.622	- Info  -	[OnLogin] WaittingTask Start
2023-02-20 17:22:50.825	- Info  -	[http call3] id:21, url:https://sl-log.oray.net/slclientlog, status code:200
2023-02-20 17:22:51.027	- Info  -	Set auto_run : true
2023-02-20 17:22:51.344	- Info  -	[OnLogin] WaittingTask end
2023-02-20 17:23:04.570	* Error *	SSLStream::IsWantReadWrite|peer(121.40.99.129:443), SSL_read failed( 6 ), error:00000000:lib(0):func(0):reason(0), file( ..\includes\common\phstream\SSLStream.cpp:1898 )
2023-02-20 17:23:04.570	- Info  -	[http call3] disconnect, error( 0 )
2023-02-20 17:23:20.811	* Error *	SSLStream::IsWantReadWrite|peer(121.199.72.21:443), SSL_read failed( 6 ), error:00000000:lib(0):func(0):reason(0), file( ..\includes\common\phstream\SSLStream.cpp:1898 )
2023-02-20 17:23:20.812	- Info  -	[http call3] disconnect, error( 0 )
2023-02-20 17:36:56.926	- Info  -	[ServiceEx] the service control is 13
2023-02-20 17:36:56.926	- Info  -	SERVICE_CONTROL_POWEREVENT************dwEventType:4
2023-02-20 17:36:56.926	+Warning+	[service] power event, system is suspending.
2023-02-20 17:36:56.927	- Info  -	Logout ...
2023-02-20 17:36:56.927	- Info  -	[oray][erroCode] errorcode=oray_errorcode(0), product=0, type=0, inner code=0 [CMultiplexLogicStream::Disconnect_impl:121]
2023-02-20 17:36:56.927	- Info  -	[RemoteControl] disconnected server(8.136.215.212:443),error code:0
2023-02-20 17:36:56.927	* Error *	[online] online disconnected,error code:0
2023-02-20 17:36:56.927	- Info  -	[oray][erroCode] errorcode=errorcode(0), product=0, type=0, inner code=0 [COnlineHandler::OnDisconnect:86]
2023-02-20 17:36:56.927	- Info  -	[service] disconnected server(8.136.215.212:443),errorcode:0
2023-02-20 17:36:56.927	- Info  -	curStatus: 0, m_Status: 1
2023-02-20 17:36:56.927	- Info  -	[http call3] new call id:22, url:https://sl-log.oray.net/slclientlog
2023-02-20 17:36:56.927	- Info  -	Current client status: 0
2023-02-20 17:36:56.928	- Info  -	send status_changed notify 0
2023-02-20 17:36:56.928	- Info  -	[OnLogout start]
2023-02-20 17:36:56.928	- Info  -	[service] stop all projections
2023-02-20 17:36:56.928	- Info  -	[OnLogout end]
2023-02-20 17:36:56.934	- Info  -	[MICRO LIVE] shell send close micro_live_plugin
2023-02-20 17:36:56.937	- Info  -	[http call3] id:22 create new connection : https://sl-log.oray.net:443
2023-02-20 17:36:56.953	- Info  -	attempt to connect server sl-log.oray.net:443(121.41.32.171:443)
2023-02-20 17:36:57.074	- Info  -	[http call3] id:22, url:https://sl-log.oray.net/slclientlog, status code:200
2023-02-20 19:54:03.515	+Warning+	[passive:keepalive:] 121.41.32.171:443 disconnect by keepalive timeout(30980515>=22754078+30000)
2023-02-20 19:54:03.515	+Warning+	[oray][erroCode] errorcode=ORAY_ERROR_PHSTREAM_KEEPALIVE_TIMEOUT(57351), product=0, type=3, inner code=7 [CPassiveKeepAliveHandler::Done:141]
2023-02-20 19:54:03.516	- Info  -	[http call3] disconnect, error( 57351 )
2023-02-20 19:54:05.703	- Info  -	[ServiceEx] the service control is 13
2023-02-20 19:54:05.703	- Info  -	SERVICE_CONTROL_POWEREVENT************dwEventType:10
2023-02-20 19:54:08.961	- Info  -	[ServiceEx] the service control is 13
2023-02-20 19:54:08.961	- Info  -	SERVICE_CONTROL_POWEREVENT************dwEventType:18
2023-02-20 19:54:08.961	+Warning+	[service] power event, system is resumed.
2023-02-20 19:54:09.088	- Info  -	retry login now......
2023-02-20 19:54:09.088	- Info  -	Current client status: 2
2023-02-20 19:54:09.088	- Info  -	send status_changed notify 2
2023-02-20 19:54:09.089	- Info  -	Login task time 0
2023-02-20 19:54:09.089	- Info  -	[service] retry login by power event
2023-02-20 19:54:09.207	- Info  -	Do login( type: 2 ) at 379
2023-02-20 19:54:09.208	- Info  -	[http call3] new call id:23, url:https://slapi.oray.net/remote/get-fastcode
2023-02-20 19:54:09.209	- Info  -	[http call3] id:23 create new connection : https://slapi.oray.net:443
2023-02-20 19:54:09.680	- Info  -	attempt to connect server slapi.oray.net:443(121.40.99.129:443)
2023-02-20 19:54:10.621	- Info  -	[http call3] id:23, url:https://slapi.oray.net/remote/get-fastcode, status code:200
2023-02-20 19:54:10.667	- Info  -	attempt to connect server rc10-fc10.oray.com:443(121.40.171.186:443)
2023-02-20 19:54:11.110	- Info  -	[service] attempted logon
2023-02-20 19:54:11.151	- Info  -	[service] logon server OK. public ip:183.217.22.32
2023-02-20 19:54:11.186	- Info  -	[online] attempted client online
2023-02-20 19:54:11.223	- Info  -	[online] client online OK.
2023-02-20 19:54:11.224	- Info  -	[online] received name:default , description:default .
2023-02-20 19:54:11.235	- Info  -	[service] attempted register client to server
2023-02-20 19:54:11.266	- Info  -	[service] registered client to server
2023-02-20 19:54:11.266	- Info  -	[http call3] new call id:24, url:https://sl-log.oray.net/slclientlog
2023-02-20 19:54:11.266	- Info  -	Current client status: 1
2023-02-20 19:54:11.266	- Info  -	send status_changed notify 1
2023-02-20 19:54:11.267	- Info  -	[http call3] id:24 create new connection : https://sl-log.oray.net:443
2023-02-20 19:54:11.292	- Info  -	[discover] Client NotifyDiscover type=5
2023-02-20 19:54:11.303	- Info  -	[OnLogin start]
2023-02-20 19:54:11.306	- Info  -	[OnLogin end]
2023-02-20 19:54:11.464	- Info  -	[OnLogin] WaittingTask Start
2023-02-20 19:54:11.500	- Info  -	attempt to connect server sl-log.oray.net:443(121.41.32.171:443)
2023-02-20 19:54:12.612	- Info  -	Set auto_run : true
2023-02-20 19:54:12.852	- Info  -	[http call3] id:24, url:https://sl-log.oray.net/slclientlog, status code:200
2023-02-20 19:54:13.381	- Info  -	[ServiceEx] the service control is 13
2023-02-20 19:54:13.381	- Info  -	SERVICE_CONTROL_POWEREVENT************dwEventType:7
2023-02-20 19:54:13.381	+Warning+	[service] power event, system is resumed.
2023-02-20 19:54:13.819	- Info  -	[OnLogin] WaittingTask end
2023-02-20 19:54:25.621	* Error *	SSLStream::IsWantReadWrite|peer(121.40.99.129:443), SSL_read failed( 6 ), error:00000000:lib(0):func(0):reason(0), file( ..\includes\common\phstream\SSLStream.cpp:1898 )
2023-02-20 19:54:25.622	- Info  -	[http call3] disconnect, error( 0 )
2023-02-20 19:54:42.853	* Error *	SSLStream::IsWantReadWrite|peer(121.41.32.171:443), SSL_read failed( 6 ), error:00000000:lib(0):func(0):reason(0), file( ..\includes\common\phstream\SSLStream.cpp:1898 )
2023-02-20 19:54:42.854	- Info  -	[http call3] disconnect, error( 0 )
2023-02-20 20:34:53.466	- Info  -	[ServiceEx] the service control is 13
2023-02-20 20:34:53.467	- Info  -	SERVICE_CONTROL_POWEREVENT************dwEventType:4
2023-02-20 20:34:53.467	+Warning+	[service] power event, system is suspending.
2023-02-20 20:34:53.467	- Info  -	Logout ...
2023-02-20 20:34:53.467	- Info  -	[oray][erroCode] errorcode=oray_errorcode(0), product=0, type=0, inner code=0 [CMultiplexLogicStream::Disconnect_impl:121]
2023-02-20 20:34:53.467	- Info  -	[RemoteControl] disconnected server(121.40.171.186:443),error code:0
2023-02-20 20:34:53.468	* Error *	[online] online disconnected,error code:0
2023-02-20 20:34:53.468	- Info  -	[oray][erroCode] errorcode=errorcode(0), product=0, type=0, inner code=0 [COnlineHandler::OnDisconnect:86]
2023-02-20 20:34:53.468	- Info  -	[service] disconnected server(121.40.171.186:443),errorcode:0
2023-02-20 20:34:53.468	- Info  -	curStatus: 0, m_Status: 1
2023-02-20 20:34:53.468	- Info  -	[http call3] new call id:25, url:https://sl-log.oray.net/slclientlog
2023-02-20 20:34:53.468	- Info  -	Current client status: 0
2023-02-20 20:34:53.468	- Info  -	send status_changed notify 0
2023-02-20 20:34:53.468	- Info  -	[OnLogout start]
2023-02-20 20:34:53.468	- Info  -	[service] stop all projections
2023-02-20 20:34:53.468	- Info  -	[OnLogout end]
2023-02-20 20:34:53.483	- Info  -	[MICRO LIVE] shell send close micro_live_plugin
2023-02-20 20:34:53.521	- Info  -	[http call3] id:25 create new connection : https://sl-log.oray.net:443
2023-02-20 20:34:53.541	- Info  -	attempt to connect server sl-log.oray.net:443(120.26.160.74:443)
2023-02-20 20:34:53.699	- Info  -	[http call3] id:25, url:https://sl-log.oray.net/slclientlog, status code:200
2023-02-20 20:36:45.524	+Warning+	[passive:keepalive:] 120.26.160.74:443 disconnect by keepalive timeout(33543843>=33432015+30000)
2023-02-20 20:36:45.524	+Warning+	[oray][erroCode] errorcode=ORAY_ERROR_PHSTREAM_KEEPALIVE_TIMEOUT(57351), product=0, type=3, inner code=7 [CPassiveKeepAliveHandler::Done:141]
2023-02-20 20:36:45.524	- Info  -	[http call3] disconnect, error( 57351 )
2023-02-20 20:36:46.839	- Info  -	[ServiceEx] the service control is 13
2023-02-20 20:36:46.839	- Info  -	SERVICE_CONTROL_POWEREVENT************dwEventType:7
2023-02-20 20:36:46.839	+Warning+	[service] power event, system is resumed.
2023-02-20 20:36:47.846	- Info  -	[ServiceEx] the service control is 13
2023-02-20 20:36:47.846	- Info  -	SERVICE_CONTROL_POWEREVENT************dwEventType:18
2023-02-20 20:36:47.846	+Warning+	[service] power event, system is resumed.
2023-02-20 20:36:49.978	- Info  -	retry login now......
2023-02-20 20:36:49.978	- Info  -	Current client status: 2
2023-02-20 20:36:49.978	- Info  -	send status_changed notify 2
2023-02-20 20:36:49.979	- Info  -	Login task time 0
2023-02-20 20:36:49.979	- Info  -	[service] retry login by power event
2023-02-20 20:36:49.980	- Info  -	[service] retry login by power event
2023-02-20 20:36:49.989	- Info  -	Do login( type: 2 ) at 379
2023-02-20 20:36:49.990	- Info  -	[http call3] new call id:26, url:https://slapi.oray.net/remote/get-fastcode
2023-02-20 20:36:50.004	- Info  -	[http call3] id:26 create new connection : https://slapi.oray.net:443
2023-02-20 20:36:50.006	- Info  -	attempt to connect server slapi.oray.net:443(121.40.200.192:443)
2023-02-20 20:36:50.195	- Info  -	[http call3] id:26, url:https://slapi.oray.net/remote/get-fastcode, status code:200
2023-02-20 20:36:50.359	- Info  -	attempt to connect server rc10-fc13.oray.com:443(121.40.51.117:443)
2023-02-20 20:36:50.512	- Info  -	[service] attempted logon
2023-02-20 20:36:50.547	- Info  -	[service] logon server OK. public ip:183.217.22.32
2023-02-20 20:36:50.577	- Info  -	[online] attempted client online
2023-02-20 20:36:50.602	- Info  -	[online] client online OK.
2023-02-20 20:36:50.603	- Info  -	[online] received name:default , description:default .
2023-02-20 20:36:50.615	- Info  -	[service] attempted register client to server
2023-02-20 20:36:50.641	- Info  -	[service] registered client to server
2023-02-20 20:36:50.642	- Info  -	[http call3] new call id:27, url:https://sl-log.oray.net/slclientlog
2023-02-20 20:36:50.642	- Info  -	Current client status: 1
2023-02-20 20:36:50.642	- Info  -	send status_changed notify 1
2023-02-20 20:36:50.642	- Info  -	[http call3] id:27 create new connection : https://sl-log.oray.net:443
2023-02-20 20:36:50.678	- Info  -	attempt to connect server sl-log.oray.net:443(47.97.183.66:443)
2023-02-20 20:36:50.682	- Info  -	[discover] Client NotifyDiscover type=5
2023-02-20 20:36:50.695	- Info  -	[OnLogin start]
2023-02-20 20:36:50.698	- Info  -	[OnLogin end]
2023-02-20 20:36:50.712	- Info  -	[OnLogin] WaittingTask Start
2023-02-20 20:36:50.817	- Info  -	Set auto_run : true
2023-02-20 20:36:50.885	- Info  -	[http call3] id:27, url:https://sl-log.oray.net/slclientlog, status code:200
2023-02-20 20:36:51.451	- Info  -	[OnLogin] WaittingTask end
2023-02-20 20:37:05.238	* Error *	SSLStream::IsWantReadWrite|peer(121.40.200.192:443), SSL_read failed( 6 ), error:00000000:lib(0):func(0):reason(0), file( ..\includes\common\phstream\SSLStream.cpp:1898 )
2023-02-20 20:37:05.239	- Info  -	[http call3] disconnect, error( 0 )
2023-02-20 20:37:20.890	* Error *	SSLStream::IsWantReadWrite|peer(47.97.183.66:443), SSL_read failed( 6 ), error:00000000:lib(0):func(0):reason(0), file( ..\includes\common\phstream\SSLStream.cpp:1898 )
2023-02-20 20:37:20.890	- Info  -	[http call3] disconnect, error( 0 )
2023-02-20 20:42:59.189	- Info  -	[ServiceEx] the service control is 13
2023-02-20 20:42:59.189	- Info  -	SERVICE_CONTROL_POWEREVENT************dwEventType:4
2023-02-20 20:42:59.189	+Warning+	[service] power event, system is suspending.
2023-02-20 20:42:59.189	- Info  -	Logout ...
2023-02-20 20:42:59.189	- Info  -	[oray][erroCode] errorcode=oray_errorcode(0), product=0, type=0, inner code=0 [CMultiplexLogicStream::Disconnect_impl:121]
2023-02-20 20:42:59.189	- Info  -	[RemoteControl] disconnected server(121.40.51.117:443),error code:0
2023-02-20 20:42:59.190	* Error *	[online] online disconnected,error code:0
2023-02-20 20:42:59.190	- Info  -	[oray][erroCode] errorcode=errorcode(0), product=0, type=0, inner code=0 [COnlineHandler::OnDisconnect:86]
2023-02-20 20:42:59.190	- Info  -	[service] disconnected server(121.40.51.117:443),errorcode:0
2023-02-20 20:42:59.190	- Info  -	curStatus: 0, m_Status: 1
2023-02-20 20:42:59.190	- Info  -	[http call3] new call id:28, url:https://sl-log.oray.net/slclientlog
2023-02-20 20:42:59.190	- Info  -	Current client status: 0
2023-02-20 20:42:59.190	- Info  -	send status_changed notify 0
2023-02-20 20:42:59.190	- Info  -	[OnLogout start]
2023-02-20 20:42:59.190	- Info  -	[service] stop all projections
2023-02-20 20:42:59.190	- Info  -	[OnLogout end]
2023-02-20 20:42:59.194	- Info  -	[http call3] id:28 create new connection : https://sl-log.oray.net:443
2023-02-20 20:42:59.209	- Info  -	[MICRO LIVE] shell send close micro_live_plugin
2023-02-20 20:42:59.211	- Info  -	attempt to connect server sl-log.oray.net:443(120.26.160.74:443)
2023-02-20 20:42:59.382	- Info  -	[http call3] id:28, url:https://sl-log.oray.net/slclientlog, status code:200
2023-02-20 20:52:51.517	+Warning+	[passive:keepalive:] 120.26.160.74:443 disconnect by keepalive timeout(34509843>=33917703+30000)
2023-02-20 20:52:51.517	+Warning+	[oray][erroCode] errorcode=ORAY_ERROR_PHSTREAM_KEEPALIVE_TIMEOUT(57351), product=0, type=3, inner code=7 [CPassiveKeepAliveHandler::Done:141]
2023-02-20 20:52:51.518	- Info  -	[http call3] disconnect, error( 57351 )
2023-02-20 20:52:53.418	- Info  -	[ServiceEx] the service control is 13
2023-02-20 20:52:53.418	- Info  -	SERVICE_CONTROL_POWEREVENT************dwEventType:18
2023-02-20 20:52:53.418	+Warning+	[service] power event, system is resumed.
2023-02-20 20:52:53.959	- Info  -	[ServiceEx] the service control is 13
2023-02-20 20:52:53.959	- Info  -	SERVICE_CONTROL_POWEREVENT************dwEventType:7
2023-02-20 20:52:53.959	+Warning+	[service] power event, system is resumed.
2023-02-20 20:52:54.516	- Info  -	[ServiceEx] the service control is 13
2023-02-20 20:52:54.516	- Info  -	SERVICE_CONTROL_POWEREVENT************dwEventType:10
2023-02-20 20:52:56.732	- Info  -	retry login now......
2023-02-20 20:52:56.732	- Info  -	Current client status: 2
2023-02-20 20:52:56.732	- Info  -	send status_changed notify 2
2023-02-20 20:52:56.734	- Info  -	Login task time 0
2023-02-20 20:52:56.734	- Info  -	[service] retry login by power event
2023-02-20 20:52:56.735	- Info  -	[service] retry login by power event
2023-02-20 20:52:56.754	- Info  -	Do login( type: 2 ) at 379
2023-02-20 20:52:56.754	- Info  -	[http call3] new call id:29, url:https://slapi.oray.net/remote/get-fastcode
2023-02-20 20:52:56.763	- Info  -	[http call3] id:29 create new connection : https://slapi.oray.net:443
2023-02-20 20:52:56.770	- Info  -	attempt to connect server slapi.oray.net:443(121.40.200.192:443)
2023-02-20 20:52:56.988	- Info  -	[http call3] id:29, url:https://slapi.oray.net/remote/get-fastcode, status code:200
2023-02-20 20:52:57.019	- Info  -	attempt to connect server rc10-fc.oray.com:443(47.110.142.43:443)
2023-02-20 20:52:57.133	- Info  -	[service] attempted logon
2023-02-20 20:52:57.169	- Info  -	[service] logon server OK. public ip:183.217.22.32
2023-02-20 20:52:57.196	- Info  -	[online] attempted client online
2023-02-20 20:52:57.224	- Info  -	[online] client online OK.
2023-02-20 20:52:57.225	- Info  -	[online] received name:default , description:default .
2023-02-20 20:52:57.236	- Info  -	[service] attempted register client to server
2023-02-20 20:52:57.268	- Info  -	[service] registered client to server
2023-02-20 20:52:57.269	- Info  -	[http call3] new call id:30, url:https://sl-log.oray.net/slclientlog
2023-02-20 20:52:57.269	- Info  -	Current client status: 1
2023-02-20 20:52:57.269	- Info  -	send status_changed notify 1
2023-02-20 20:52:57.284	- Info  -	[http call3] id:30 create new connection : https://sl-log.oray.net:443
2023-02-20 20:52:57.308	- Info  -	[discover] Client NotifyDiscover type=5
2023-02-20 20:52:57.318	- Info  -	attempt to connect server sl-log.oray.net:443(121.41.32.171:443)
2023-02-20 20:52:57.351	- Info  -	[OnLogin start]
2023-02-20 20:52:57.355	- Info  -	[OnLogin end]
2023-02-20 20:52:57.363	- Info  -	[OnLogin] WaittingTask Start
2023-02-20 20:52:57.467	- Info  -	Set auto_run : true
2023-02-20 20:52:57.571	- Info  -	[http call3] id:30, url:https://sl-log.oray.net/slclientlog, status code:200
2023-02-20 20:52:58.265	- Info  -	[OnLogin] WaittingTask end
2023-02-20 20:53:11.989	* Error *	SSLStream::IsWantReadWrite|peer(121.40.200.192:443), SSL_read failed( 6 ), error:00000000:lib(0):func(0):reason(0), file( ..\includes\common\phstream\SSLStream.cpp:1898 )
2023-02-20 20:53:11.989	- Info  -	[http call3] disconnect, error( 0 )
2023-02-20 20:53:16.916	- Info  -	[ServiceEx] the service control is 13
2023-02-20 20:53:16.917	- Info  -	SERVICE_CONTROL_POWEREVENT************dwEventType:4
2023-02-20 20:53:16.917	+Warning+	[service] power event, system is suspending.
2023-02-20 20:53:16.918	- Info  -	Logout ...
2023-02-20 20:53:16.918	- Info  -	[oray][erroCode] errorcode=oray_errorcode(0), product=0, type=0, inner code=0 [CMultiplexLogicStream::Disconnect_impl:121]
2023-02-20 20:53:16.918	- Info  -	[RemoteControl] disconnected server(47.110.142.43:443),error code:0
2023-02-20 20:53:16.919	* Error *	[online] online disconnected,error code:0
2023-02-20 20:53:16.919	- Info  -	[oray][erroCode] errorcode=errorcode(0), product=0, type=0, inner code=0 [COnlineHandler::OnDisconnect:86]
2023-02-20 20:53:16.919	- Info  -	[service] disconnected server(47.110.142.43:443),errorcode:0
2023-02-20 20:53:16.919	- Info  -	curStatus: 0, m_Status: 1
2023-02-20 20:53:16.919	- Info  -	[http call3] new call id:31, url:https://sl-log.oray.net/slclientlog
2023-02-20 20:53:16.919	- Info  -	Current client status: 0
2023-02-20 20:53:16.919	- Info  -	send status_changed notify 0
2023-02-20 20:53:16.919	- Info  -	[OnLogout start]
2023-02-20 20:53:16.920	- Info  -	[service] stop all projections
2023-02-20 20:53:16.920	- Info  -	[OnLogout end]
2023-02-20 20:53:16.928	- Info  -	[http call3] id:31 use old connection : https://sl-log.oray.net:443
2023-02-20 20:53:16.935	- Info  -	[MICRO LIVE] shell send close micro_live_plugin
2023-02-20 20:53:16.959	- Info  -	[http call3] id:31, url:https://sl-log.oray.net/slclientlog, status code:200
2023-02-20 20:54:00.515	+Warning+	[passive:keepalive:] 121.41.32.171:443 disconnect by keepalive timeout(34578843>=34535281+30000)
2023-02-20 20:54:00.515	+Warning+	[oray][erroCode] errorcode=ORAY_ERROR_PHSTREAM_KEEPALIVE_TIMEOUT(57351), product=0, type=3, inner code=7 [CPassiveKeepAliveHandler::Done:141]
2023-02-20 20:54:00.516	- Info  -	[http call3] disconnect, error( 57351 )
2023-02-20 20:54:01.913	- Info  -	[ServiceEx] the service control is 13
2023-02-20 20:54:01.913	- Info  -	SERVICE_CONTROL_POWEREVENT************dwEventType:7
2023-02-20 20:54:01.913	+Warning+	[service] power event, system is resumed.
2023-02-20 20:54:02.616	- Info  -	[ServiceEx] the service control is 13
2023-02-20 20:54:02.616	- Info  -	SERVICE_CONTROL_POWEREVENT************dwEventType:18
2023-02-20 20:54:02.616	+Warning+	[service] power event, system is resumed.
2023-02-20 20:54:04.372	- Info  -	retry login now......
2023-02-20 20:54:04.372	- Info  -	Current client status: 2
2023-02-20 20:54:04.372	- Info  -	send status_changed notify 2
2023-02-20 20:54:04.373	- Info  -	Login task time 0
2023-02-20 20:54:04.373	- Info  -	[service] retry login by power event
2023-02-20 20:54:04.412	- Info  -	Do login( type: 2 ) at 379
2023-02-20 20:54:04.412	- Info  -	[http call3] new call id:32, url:https://slapi.oray.net/remote/get-fastcode
2023-02-20 20:54:04.413	- Info  -	[http call3] id:32 create new connection : https://slapi.oray.net:443
2023-02-20 20:54:04.662	- Info  -	[service] retry login by power event
2023-02-20 20:54:04.683	- Info  -	attempt to connect server slapi.oray.net:443(121.40.200.192:443)
2023-02-20 20:54:04.948	- Info  -	[http call3] id:32, url:https://slapi.oray.net/remote/get-fastcode, status code:200
2023-02-20 20:54:05.085	- Info  -	attempt to connect server rc10-fc11.oray.com:443(120.55.59.130:443)
2023-02-20 20:54:05.431	- Info  -	[service] attempted logon
2023-02-20 20:54:05.463	- Info  -	[service] logon server OK. public ip:183.217.22.32
2023-02-20 20:54:05.487	- Info  -	[online] attempted client online
2023-02-20 20:54:05.514	- Info  -	[online] client online OK.
2023-02-20 20:54:05.515	- Info  -	[online] received name:default , description:default .
2023-02-20 20:54:05.526	- Info  -	[service] attempted register client to server
2023-02-20 20:54:05.550	- Info  -	[service] registered client to server
2023-02-20 20:54:05.550	- Info  -	[http call3] new call id:33, url:https://sl-log.oray.net/slclientlog
2023-02-20 20:54:05.550	- Info  -	Current client status: 1
2023-02-20 20:54:05.550	- Info  -	send status_changed notify 1
2023-02-20 20:54:05.558	- Info  -	[http call3] id:33 create new connection : https://sl-log.oray.net:443
2023-02-20 20:54:05.584	- Info  -	[discover] Client NotifyDiscover type=5
2023-02-20 20:54:05.610	- Info  -	attempt to connect server sl-log.oray.net:443(121.40.118.44:443)
2023-02-20 20:54:05.616	- Info  -	[OnLogin start]
2023-02-20 20:54:05.620	- Info  -	[OnLogin end]
2023-02-20 20:54:05.634	- Info  -	[OnLogin] WaittingTask Start
2023-02-20 20:54:05.786	- Info  -	Set auto_run : true
2023-02-20 20:54:05.876	- Info  -	[http call3] id:33, url:https://sl-log.oray.net/slclientlog, status code:200
2023-02-20 20:54:06.061	- Info  -	[OnLogin] WaittingTask end
2023-02-20 20:54:19.947	* Error *	SSLStream::IsWantReadWrite|peer(121.40.200.192:443), SSL_read failed( 6 ), error:00000000:lib(0):func(0):reason(0), file( ..\includes\common\phstream\SSLStream.cpp:1898 )
2023-02-20 20:54:19.948	- Info  -	[http call3] disconnect, error( 0 )
2023-02-20 20:54:35.877	* Error *	SSLStream::IsWantReadWrite|peer(121.40.118.44:443), SSL_read failed( 6 ), error:00000000:lib(0):func(0):reason(0), file( ..\includes\common\phstream\SSLStream.cpp:1898 )
2023-02-20 20:54:35.877	- Info  -	[http call3] disconnect, error( 0 )
2023-02-20 21:18:18.954	- Info  -	[ServiceEx] the service control is 13
2023-02-20 21:18:18.954	- Info  -	SERVICE_CONTROL_POWEREVENT************dwEventType:4
2023-02-20 21:18:18.954	+Warning+	[service] power event, system is suspending.
2023-02-20 21:18:18.955	- Info  -	Logout ...
2023-02-20 21:18:18.955	- Info  -	[oray][erroCode] errorcode=oray_errorcode(0), product=0, type=0, inner code=0 [CMultiplexLogicStream::Disconnect_impl:121]
2023-02-20 21:18:18.955	- Info  -	[RemoteControl] disconnected server(120.55.59.130:443),error code:0
2023-02-20 21:18:18.956	* Error *	[online] online disconnected,error code:0
2023-02-20 21:18:18.956	- Info  -	[oray][erroCode] errorcode=errorcode(0), product=0, type=0, inner code=0 [COnlineHandler::OnDisconnect:86]
2023-02-20 21:18:18.956	- Info  -	[service] disconnected server(120.55.59.130:443),errorcode:0
2023-02-20 21:18:18.956	- Info  -	curStatus: 0, m_Status: 1
2023-02-20 21:18:18.956	- Info  -	[http call3] new call id:34, url:https://sl-log.oray.net/slclientlog
2023-02-20 21:18:18.956	- Info  -	Current client status: 0
2023-02-20 21:18:18.956	- Info  -	send status_changed notify 0
2023-02-20 21:18:18.956	- Info  -	[OnLogout start]
2023-02-20 21:18:18.956	- Info  -	[service] stop all projections
2023-02-20 21:18:18.956	- Info  -	[OnLogout end]
2023-02-20 21:18:18.959	- Info  -	[http call3] id:34 create new connection : https://sl-log.oray.net:443
2023-02-20 21:18:18.972	- Info  -	[MICRO LIVE] shell send close micro_live_plugin
2023-02-20 21:18:18.982	- Info  -	attempt to connect server sl-log.oray.net:443(121.40.118.44:443)
2023-02-20 21:18:19.215	- Info  -	[http call3] id:34, url:https://sl-log.oray.net/slclientlog, status code:200
2023-02-21 13:27:59.515	+Warning+	[passive:keepalive:] 121.40.118.44:443 disconnect by keepalive timeout(94217843>=36037531+30000)
2023-02-21 13:27:59.515	+Warning+	[oray][erroCode] errorcode=ORAY_ERROR_PHSTREAM_KEEPALIVE_TIMEOUT(57351), product=0, type=3, inner code=7 [CPassiveKeepAliveHandler::Done:141]
2023-02-21 13:27:59.516	- Info  -	[http call3] disconnect, error( 57351 )
2023-02-21 13:28:04.047	- Info  -	[ServiceEx] the service control is 13
2023-02-21 13:28:04.047	- Info  -	SERVICE_CONTROL_POWEREVENT************dwEventType:18
2023-02-21 13:28:04.047	+Warning+	[service] power event, system is resumed.
2023-02-21 13:28:07.800	- Info  -	[ServiceEx] the service control is 13
2023-02-21 13:28:07.800	- Info  -	SERVICE_CONTROL_POWEREVENT************dwEventType:7
2023-02-21 13:28:07.800	+Warning+	[service] power event, system is resumed.
2023-02-21 13:28:10.156	- Info  -	retry login now......
2023-02-21 13:28:10.156	- Info  -	Current client status: 2
2023-02-21 13:28:10.156	- Info  -	send status_changed notify 2
2023-02-21 13:28:10.157	- Info  -	Login task time 0
2023-02-21 13:28:10.157	- Info  -	[service] retry login by power event
2023-02-21 13:28:10.247	- Info  -	Do login( type: 2 ) at 379
2023-02-21 13:28:10.247	- Info  -	[http call3] new call id:35, url:https://slapi.oray.net/remote/get-fastcode
2023-02-21 13:28:10.250	- Info  -	[http call3] id:35 create new connection : https://slapi.oray.net:443
2023-02-21 13:28:10.251	* Error *	[oray][erroCode] errorcode=ORAY_ERROR_DOMAIN_RESOLVED_FAILED(57394), product=0, type=3, inner code=50 [CSockConnector::ConnectSock:229]
2023-02-21 13:28:15.981	- Info  -	[service] retry login by power event
2023-02-21 13:28:39.086	- Info  -	[http call3] disconnect, error( 0 )
2023-02-21 13:28:39.086	- Info  -	[http call3] disconnect id:35, error( 0 )
2023-02-21 13:28:39.086	* Error *	GetFastcode failed! error:-1, msg:net error
2023-02-21 13:28:39.086	- Info  -	Current client status: 0
2023-02-21 13:28:39.086	- Info  -	send status_changed notify 0
2023-02-21 13:28:39.087	- Info  -	[OnLogout start]
2023-02-21 13:28:39.087	- Info  -	[service] stop all projections
2023-02-21 13:28:39.087	- Info  -	retry login now......
2023-02-21 13:28:39.087	- Info  -	Current client status: 2
2023-02-21 13:28:39.087	- Info  -	send status_changed notify 2
2023-02-21 13:28:39.090	- Info  -	Login task time 0
2023-02-21 13:28:39.090	- Info  -	[OnLogout end]
2023-02-21 13:28:39.099	- Info  -	Do login( type: 2 ) at 379
2023-02-21 13:28:39.099	- Info  -	[http call3] new call id:36, url:https://slapi.oray.net/remote/get-fastcode
2023-02-21 13:28:39.113	- Info  -	[http call3] id:36 create new connection : https://slapi.oray.net:443
2023-02-21 13:28:39.179	- Info  -	attempt to connect server slapi.oray.net:443(121.40.99.129:443)
2023-02-21 13:28:39.613	- Info  -	[http call3] id:36, url:https://slapi.oray.net/remote/get-fastcode, status code:200
2023-02-21 13:28:39.648	- Info  -	attempt to connect server rc10-fc06.oray.com:443(120.26.127.51:443)
2023-02-21 13:28:39.822	- Info  -	[service] attempted logon
2023-02-21 13:28:39.870	- Info  -	[service] logon server OK. public ip:183.217.22.32
2023-02-21 13:28:39.901	- Info  -	[online] attempted client online
2023-02-21 13:28:39.933	- Info  -	[online] client online OK.
2023-02-21 13:28:39.933	- Info  -	[online] received name:default , description:default .
2023-02-21 13:28:39.948	- Info  -	[service] attempted register client to server
2023-02-21 13:28:39.996	- Info  -	[service] registered client to server
2023-02-21 13:28:39.997	- Info  -	[http call3] new call id:37, url:https://sl-log.oray.net/slclientlog
2023-02-21 13:28:39.997	- Info  -	Current client status: 1
2023-02-21 13:28:39.997	- Info  -	send status_changed notify 1
2023-02-21 13:28:40.012	- Info  -	[http call3] id:37 create new connection : https://sl-log.oray.net:443
2023-02-21 13:28:40.032	- Info  -	attempt to connect server sl-log.oray.net:443(120.26.160.74:443)
2023-02-21 13:28:40.033	- Info  -	[discover] Client NotifyDiscover type=5
2023-02-21 13:28:40.059	- Info  -	[OnLogin start]
2023-02-21 13:28:40.064	- Info  -	[OnLogin end]
2023-02-21 13:28:40.115	- Info  -	[OnLogin] WaittingTask Start
2023-02-21 13:28:40.294	- Info  -	[http call3] id:37, url:https://sl-log.oray.net/slclientlog, status code:200
2023-02-21 13:28:40.348	- Info  -	Set auto_run : true
2023-02-21 13:28:40.708	- Info  -	[OnLogin] WaittingTask end
2023-02-21 13:28:54.605	* Error *	SSLStream::IsWantReadWrite|peer(121.40.99.129:443), SSL_read failed( 6 ), error:00000000:lib(0):func(0):reason(0), file( ..\includes\common\phstream\SSLStream.cpp:1898 )
2023-02-21 13:28:54.606	- Info  -	[http call3] disconnect, error( 0 )
2023-02-21 13:29:10.303	* Error *	SSLStream::IsWantReadWrite|peer(120.26.160.74:443), SSL_read failed( 6 ), error:00000000:lib(0):func(0):reason(0), file( ..\includes\common\phstream\SSLStream.cpp:1898 )
2023-02-21 13:29:10.304	- Info  -	[http call3] disconnect, error( 0 )
2023-02-21 13:57:01.485	- Info  -	[ServiceEx] the service control is 13
2023-02-21 13:57:01.486	- Info  -	SERVICE_CONTROL_POWEREVENT************dwEventType:4
2023-02-21 13:57:01.486	+Warning+	[service] power event, system is suspending.
2023-02-21 13:57:01.487	- Info  -	Logout ...
2023-02-21 13:57:01.487	- Info  -	[oray][erroCode] errorcode=oray_errorcode(0), product=0, type=0, inner code=0 [CMultiplexLogicStream::Disconnect_impl:121]
2023-02-21 13:57:01.487	- Info  -	[RemoteControl] disconnected server(120.26.127.51:443),error code:0
2023-02-21 13:57:01.487	* Error *	[online] online disconnected,error code:0
2023-02-21 13:57:01.488	- Info  -	[oray][erroCode] errorcode=errorcode(0), product=0, type=0, inner code=0 [COnlineHandler::OnDisconnect:86]
2023-02-21 13:57:01.488	- Info  -	[service] disconnected server(120.26.127.51:443),errorcode:0
2023-02-21 13:57:01.488	- Info  -	curStatus: 0, m_Status: 1
2023-02-21 13:57:01.488	- Info  -	[http call3] new call id:38, url:https://sl-log.oray.net/slclientlog
2023-02-21 13:57:01.488	- Info  -	Current client status: 0
2023-02-21 13:57:01.488	- Info  -	send status_changed notify 0
2023-02-21 13:57:01.488	- Info  -	[OnLogout start]
2023-02-21 13:57:01.488	- Info  -	[service] stop all projections
2023-02-21 13:57:01.488	- Info  -	[OnLogout end]
2023-02-21 13:57:01.497	- Info  -	[MICRO LIVE] shell send close micro_live_plugin
2023-02-21 13:57:01.512	- Info  -	[http call3] id:38 create new connection : https://sl-log.oray.net:443
2023-02-21 13:57:01.535	- Info  -	attempt to connect server sl-log.oray.net:443(121.40.118.44:443)
2023-02-21 13:57:01.720	- Info  -	[http call3] id:38, url:https://sl-log.oray.net/slclientlog, status code:200
2023-02-21 15:43:03.527	+Warning+	[passive:keepalive:] 121.40.118.44:443 disconnect by keepalive timeout(102323031>=95961234+30000)
2023-02-21 15:43:03.527	+Warning+	[oray][erroCode] errorcode=ORAY_ERROR_PHSTREAM_KEEPALIVE_TIMEOUT(57351), product=0, type=3, inner code=7 [CPassiveKeepAliveHandler::Done:141]
2023-02-21 15:43:03.527	- Info  -	[http call3] disconnect, error( 57351 )
2023-02-21 15:43:05.674	- Info  -	[ServiceEx] the service control is 13
2023-02-21 15:43:05.674	- Info  -	SERVICE_CONTROL_POWEREVENT************dwEventType:18
2023-02-21 15:43:05.674	+Warning+	[service] power event, system is resumed.
2023-02-21 15:43:08.181	- Info  -	[ServiceEx] the service control is 13
2023-02-21 15:43:08.181	- Info  -	SERVICE_CONTROL_POWEREVENT************dwEventType:7
2023-02-21 15:43:08.181	+Warning+	[service] power event, system is resumed.
2023-02-21 15:43:08.889	- Info  -	retry login now......
2023-02-21 15:43:08.889	- Info  -	Current client status: 2
2023-02-21 15:43:08.889	- Info  -	send status_changed notify 2
2023-02-21 15:43:08.890	- Info  -	Login task time 0
2023-02-21 15:43:08.890	- Info  -	[service] retry login by power event
2023-02-21 15:43:08.982	- Info  -	Do login( type: 2 ) at 379
2023-02-21 15:43:08.982	- Info  -	[http call3] new call id:39, url:https://slapi.oray.net/remote/get-fastcode
2023-02-21 15:43:08.992	- Info  -	[http call3] id:39 create new connection : https://slapi.oray.net:443
2023-02-21 15:43:09.000	- Info  -	[service] retry login by power event
2023-02-21 15:43:09.376	- Info  -	attempt to connect server slapi.oray.net:443(121.40.99.129:443)
2023-02-21 15:43:09.947	- Info  -	[http call3] id:39, url:https://slapi.oray.net/remote/get-fastcode, status code:200
2023-02-21 15:43:10.265	- Info  -	attempt to connect server rc10-fc02.oray.com:443(120.27.228.19:443)
2023-02-21 15:43:10.562	- Info  -	[service] attempted logon
2023-02-21 15:43:10.599	- Info  -	[service] logon server OK. public ip:183.217.22.32
2023-02-21 15:43:10.627	- Info  -	[online] attempted client online
2023-02-21 15:43:10.657	- Info  -	[online] client online OK.
2023-02-21 15:43:10.658	- Info  -	[online] received name:default , description:default .
2023-02-21 15:43:10.670	- Info  -	[service] attempted register client to server
2023-02-21 15:43:10.698	- Info  -	[service] registered client to server
2023-02-21 15:43:10.698	- Info  -	[http call3] new call id:40, url:https://sl-log.oray.net/slclientlog
2023-02-21 15:43:10.698	- Info  -	Current client status: 1
2023-02-21 15:43:10.698	- Info  -	send status_changed notify 1
2023-02-21 15:43:10.700	- Info  -	[http call3] id:40 create new connection : https://sl-log.oray.net:443
2023-02-21 15:43:10.753	- Info  -	[discover] Client NotifyDiscover type=5
2023-02-21 15:43:10.837	- Info  -	[OnLogin start]
2023-02-21 15:43:10.840	- Info  -	[OnLogin end]
2023-02-21 15:43:10.883	- Info  -	[OnLogin] WaittingTask Start
2023-02-21 15:43:10.989	- Info  -	attempt to connect server sl-log.oray.net:443(47.97.106.171:443)
2023-02-21 15:43:11.297	- Info  -	[ServiceEx] the service control is 13
2023-02-21 15:43:11.298	- Info  -	SERVICE_CONTROL_POWEREVENT************dwEventType:10
2023-02-21 15:43:11.320	- Info  -	[http call3] id:40, url:https://sl-log.oray.net/slclientlog, status code:200
2023-02-21 15:43:11.791	- Info  -	Set auto_run : true
2023-02-21 15:43:12.297	- Info  -	[OnLogin] WaittingTask end
2023-02-21 15:43:24.944	* Error *	SSLStream::IsWantReadWrite|peer(121.40.99.129:443), SSL_read failed( 6 ), error:00000000:lib(0):func(0):reason(0), file( ..\includes\common\phstream\SSLStream.cpp:1898 )
2023-02-21 15:43:24.944	- Info  -	[http call3] disconnect, error( 0 )
2023-02-21 15:43:41.332	* Error *	SSLStream::IsWantReadWrite|peer(47.97.106.171:443), SSL_read failed( 6 ), error:00000000:lib(0):func(0):reason(0), file( ..\includes\common\phstream\SSLStream.cpp:1898 )
2023-02-21 15:43:41.332	- Info  -	[http call3] disconnect, error( 0 )
2023-02-21 16:57:38.156	- Info  -	[ServiceEx] the service control is 13
2023-02-21 16:57:38.156	- Info  -	SERVICE_CONTROL_POWEREVENT************dwEventType:4
2023-02-21 16:57:38.156	+Warning+	[service] power event, system is suspending.
2023-02-21 16:57:38.157	- Info  -	Logout ...
2023-02-21 16:57:38.157	- Info  -	[oray][erroCode] errorcode=oray_errorcode(0), product=0, type=0, inner code=0 [CMultiplexLogicStream::Disconnect_impl:121]
2023-02-21 16:57:38.157	- Info  -	[RemoteControl] disconnected server(120.27.228.19:443),error code:0
2023-02-21 16:57:38.157	* Error *	[online] online disconnected,error code:0
2023-02-21 16:57:38.157	- Info  -	[oray][erroCode] errorcode=errorcode(0), product=0, type=0, inner code=0 [COnlineHandler::OnDisconnect:86]
2023-02-21 16:57:38.157	- Info  -	[service] disconnected server(120.27.228.19:443),errorcode:0
2023-02-21 16:57:38.157	- Info  -	curStatus: 0, m_Status: 1
2023-02-21 16:57:38.158	- Info  -	[http call3] new call id:41, url:https://sl-log.oray.net/slclientlog
2023-02-21 16:57:38.158	- Info  -	Current client status: 0
2023-02-21 16:57:38.158	- Info  -	send status_changed notify 0
2023-02-21 16:57:38.158	- Info  -	[OnLogout start]
2023-02-21 16:57:38.158	- Info  -	[service] stop all projections
2023-02-21 16:57:38.158	- Info  -	[OnLogout end]
2023-02-21 16:57:38.168	- Info  -	[MICRO LIVE] shell send close micro_live_plugin
2023-02-21 16:57:38.177	- Info  -	[http call3] id:41 create new connection : https://sl-log.oray.net:443
2023-02-21 16:57:38.194	- Info  -	attempt to connect server sl-log.oray.net:443(120.26.160.74:443)
2023-02-21 16:57:38.372	- Info  -	[http call3] id:41, url:https://sl-log.oray.net/slclientlog, status code:200
2023-02-21 17:10:18.515	+Warning+	[passive:keepalive:] 120.26.160.74:443 disconnect by keepalive timeout(107558031>=106797875+30000)
2023-02-21 17:10:18.515	+Warning+	[oray][erroCode] errorcode=ORAY_ERROR_PHSTREAM_KEEPALIVE_TIMEOUT(57351), product=0, type=3, inner code=7 [CPassiveKeepAliveHandler::Done:141]
2023-02-21 17:10:18.516	- Info  -	[http call3] disconnect, error( 57351 )
2023-02-21 17:10:20.068	- Info  -	[ServiceEx] the service control is 13
2023-02-21 17:10:20.068	- Info  -	SERVICE_CONTROL_POWEREVENT************dwEventType:18
2023-02-21 17:10:20.068	+Warning+	[service] power event, system is resumed.
2023-02-21 17:10:20.668	- Info  -	[ServiceEx] the service control is 13
2023-02-21 17:10:20.668	- Info  -	SERVICE_CONTROL_POWEREVENT************dwEventType:7
2023-02-21 17:10:20.668	+Warning+	[service] power event, system is resumed.
2023-02-21 17:10:23.428	- Info  -	retry login now......
2023-02-21 17:10:23.428	- Info  -	Current client status: 2
2023-02-21 17:10:23.428	- Info  -	send status_changed notify 2
2023-02-21 17:10:23.428	- Info  -	Login task time 0
2023-02-21 17:10:23.428	- Info  -	[service] retry login by power event
2023-02-21 17:10:23.439	- Info  -	Do login( type: 2 ) at 379
2023-02-21 17:10:23.439	- Info  -	[http call3] new call id:42, url:https://slapi.oray.net/remote/get-fastcode
2023-02-21 17:10:23.440	- Info  -	[service] retry login by power event
2023-02-21 17:10:23.455	- Info  -	[http call3] id:42 create new connection : https://slapi.oray.net:443
2023-02-21 17:10:23.460	- Info  -	attempt to connect server slapi.oray.net:443(121.40.200.192:443)
2023-02-21 17:10:23.725	- Info  -	[http call3] id:42, url:https://slapi.oray.net/remote/get-fastcode, status code:200
2023-02-21 17:10:23.772	- Info  -	attempt to connect server rc10-fc13.oray.com:443(121.40.51.117:443)
2023-02-21 17:10:23.910	- Info  -	[service] attempted logon
2023-02-21 17:10:23.946	- Info  -	[service] logon server OK. public ip:183.217.22.32
2023-02-21 17:10:23.976	- Info  -	[online] attempted client online
2023-02-21 17:10:24.004	- Info  -	[online] client online OK.
2023-02-21 17:10:24.004	- Info  -	[online] received name:default , description:default .
2023-02-21 17:10:24.018	- Info  -	[service] attempted register client to server
2023-02-21 17:10:24.049	- Info  -	[service] registered client to server
2023-02-21 17:10:24.050	- Info  -	[http call3] new call id:43, url:https://sl-log.oray.net/slclientlog
2023-02-21 17:10:24.050	- Info  -	Current client status: 1
2023-02-21 17:10:24.050	- Info  -	send status_changed notify 1
2023-02-21 17:10:24.065	- Info  -	[http call3] id:43 create new connection : https://sl-log.oray.net:443
2023-02-21 17:10:24.078	- Info  -	[discover] Client NotifyDiscover type=5
2023-02-21 17:10:24.085	- Info  -	attempt to connect server sl-log.oray.net:443(47.97.106.171:443)
2023-02-21 17:10:24.116	- Info  -	[OnLogin start]
2023-02-21 17:10:24.119	- Info  -	[OnLogin end]
2023-02-21 17:10:24.139	- Info  -	[OnLogin] WaittingTask Start
2023-02-21 17:10:24.389	- Info  -	[http call3] id:43, url:https://sl-log.oray.net/slclientlog, status code:200
2023-02-21 17:10:24.467	- Info  -	Set auto_run : true
2023-02-21 17:10:24.611	- Info  -	[OnLogin] WaittingTask end
2023-02-21 17:10:38.721	* Error *	SSLStream::IsWantReadWrite|peer(121.40.200.192:443), SSL_read failed( 6 ), error:00000000:lib(0):func(0):reason(0), file( ..\includes\common\phstream\SSLStream.cpp:1898 )
2023-02-21 17:10:38.722	- Info  -	[http call3] disconnect, error( 0 )
2023-02-21 17:10:54.400	* Error *	SSLStream::IsWantReadWrite|peer(47.97.106.171:443), SSL_read failed( 6 ), error:00000000:lib(0):func(0):reason(0), file( ..\includes\common\phstream\SSLStream.cpp:1898 )
2023-02-21 17:10:54.400	- Info  -	[http call3] disconnect, error( 0 )
2023-02-21 17:25:06.626	- Info  -	[ServiceEx] the service control is 13
2023-02-21 17:25:06.626	- Info  -	SERVICE_CONTROL_POWEREVENT************dwEventType:10
2023-02-21 17:38:57.942	- Info  -	[ServiceEx] the service control is 13
2023-02-21 17:38:57.943	- Info  -	SERVICE_CONTROL_POWEREVENT************dwEventType:4
2023-02-21 17:38:57.943	+Warning+	[service] power event, system is suspending.
2023-02-21 17:38:57.943	- Info  -	Logout ...
2023-02-21 17:38:57.943	- Info  -	[oray][erroCode] errorcode=oray_errorcode(0), product=0, type=0, inner code=0 [CMultiplexLogicStream::Disconnect_impl:121]
2023-02-21 17:38:57.943	- Info  -	[RemoteControl] disconnected server(121.40.51.117:443),error code:0
2023-02-21 17:38:57.943	* Error *	[online] online disconnected,error code:0
2023-02-21 17:38:57.943	- Info  -	[oray][erroCode] errorcode=errorcode(0), product=0, type=0, inner code=0 [COnlineHandler::OnDisconnect:86]
2023-02-21 17:38:57.943	- Info  -	[service] disconnected server(121.40.51.117:443),errorcode:0
2023-02-21 17:38:57.943	- Info  -	curStatus: 0, m_Status: 1
2023-02-21 17:38:57.956	- Info  -	[http call3] new call id:44, url:https://sl-log.oray.net/slclientlog
2023-02-21 17:38:57.956	- Info  -	Current client status: 0
2023-02-21 17:38:57.956	- Info  -	send status_changed notify 0
2023-02-21 17:38:57.956	- Info  -	[OnLogout start]
2023-02-21 17:38:57.957	- Info  -	[service] stop all projections
2023-02-21 17:38:57.957	- Info  -	[OnLogout end]
2023-02-21 17:38:57.965	- Info  -	[MICRO LIVE] shell send close micro_live_plugin
2023-02-21 17:38:57.969	- Info  -	[http call3] id:44 create new connection : https://sl-log.oray.net:443
2023-02-21 17:38:57.996	- Info  -	attempt to connect server sl-log.oray.net:443(47.97.106.171:443)
2023-02-21 17:38:58.152	- Info  -	[http call3] id:44, url:https://sl-log.oray.net/slclientlog, status code:200
2023-02-21 19:20:10.516	+Warning+	[passive:keepalive:] 47.97.106.171:443 disconnect by keepalive timeout(115350031>=109277656+30000)
2023-02-21 19:20:10.516	+Warning+	[oray][erroCode] errorcode=ORAY_ERROR_PHSTREAM_KEEPALIVE_TIMEOUT(57351), product=0, type=3, inner code=7 [CPassiveKeepAliveHandler::Done:141]
2023-02-21 19:20:10.516	- Info  -	[http call3] disconnect, error( 57351 )
2023-02-21 19:20:13.572	- Info  -	[ServiceEx] the service control is 13
2023-02-21 19:20:13.573	- Info  -	SERVICE_CONTROL_POWEREVENT************dwEventType:10
2023-02-21 19:20:16.805	- Info  -	[ServiceEx] the service control is 13
2023-02-21 19:20:16.805	- Info  -	SERVICE_CONTROL_POWEREVENT************dwEventType:18
2023-02-21 19:20:16.805	+Warning+	[service] power event, system is resumed.
2023-02-21 19:20:19.187	- Info  -	[ServiceEx] the service control is 13
2023-02-21 19:20:19.187	- Info  -	SERVICE_CONTROL_POWEREVENT************dwEventType:7
2023-02-21 19:20:19.187	+Warning+	[service] power event, system is resumed.
2023-02-21 19:20:22.446	- Info  -	retry login now......
2023-02-21 19:20:22.446	- Info  -	Current client status: 2
2023-02-21 19:20:22.446	- Info  -	send status_changed notify 2
2023-02-21 19:20:22.446	- Info  -	Login task time 0
2023-02-21 19:20:22.447	- Info  -	[service] retry login by power event
2023-02-21 19:20:22.476	- Info  -	Do login( type: 2 ) at 379
2023-02-21 19:20:22.476	- Info  -	[http call3] new call id:45, url:https://slapi.oray.net/remote/get-fastcode
2023-02-21 19:20:22.487	- Info  -	[http call3] id:45 create new connection : https://slapi.oray.net:443
2023-02-21 19:20:22.525	* Error *	[oray][erroCode] errorcode=ORAY_ERROR_DOMAIN_RESOLVED_FAILED(57394), product=0, type=3, inner code=50 [CSockConnector::ConnectSock:229]
2023-02-21 19:20:27.622	- Info  -	[service] retry login by power event
2023-02-21 19:20:52.521	- Info  -	[http call3] disconnect, error( 0 )
2023-02-21 19:20:52.521	- Info  -	[http call3] disconnect id:45, error( 0 )
2023-02-21 19:20:52.521	* Error *	GetFastcode failed! error:-1, msg:net error
2023-02-21 19:20:52.521	- Info  -	Current client status: 0
2023-02-21 19:20:52.521	- Info  -	send status_changed notify 0
2023-02-21 19:20:52.521	- Info  -	[OnLogout start]
2023-02-21 19:20:52.522	- Info  -	[service] stop all projections
2023-02-21 19:20:52.522	- Info  -	retry login now......
2023-02-21 19:20:52.522	- Info  -	Current client status: 2
2023-02-21 19:20:52.522	- Info  -	send status_changed notify 2
2023-02-21 19:20:52.523	- Info  -	Login task time 0
2023-02-21 19:20:52.523	- Info  -	[OnLogout end]
2023-02-21 19:20:52.524	- Info  -	Do login( type: 2 ) at 379
2023-02-21 19:20:52.524	- Info  -	[http call3] new call id:46, url:https://slapi.oray.net/remote/get-fastcode
2023-02-21 19:20:52.536	- Info  -	[http call3] id:46 create new connection : https://slapi.oray.net:443
2023-02-21 19:20:52.553	- Info  -	attempt to connect server slapi.oray.net:443(121.40.99.129:443)
2023-02-21 19:20:52.733	- Info  -	[http call3] id:46, url:https://slapi.oray.net/remote/get-fastcode, status code:200
2023-02-21 19:20:52.748	- Info  -	attempt to connect server rc10-fc08.oray.com:443(47.96.179.70:443)
2023-02-21 19:20:52.832	- Info  -	[service] attempted logon
2023-02-21 19:20:52.862	- Info  -	[service] logon server OK. public ip:183.217.22.32
2023-02-21 19:20:52.899	- Info  -	[online] attempted client online
2023-02-21 19:20:52.932	- Info  -	[online] client online OK.
2023-02-21 19:20:52.932	- Info  -	[online] received name:default , description:default .
2023-02-21 19:20:52.958	- Info  -	[service] attempted register client to server
2023-02-21 19:20:53.000	- Info  -	[service] registered client to server
2023-02-21 19:20:53.001	- Info  -	[http call3] new call id:47, url:https://sl-log.oray.net/slclientlog
2023-02-21 19:20:53.002	- Info  -	Current client status: 1
2023-02-21 19:20:53.002	- Info  -	send status_changed notify 1
2023-02-21 19:20:53.002	- Info  -	[http call3] id:47 create new connection : https://sl-log.oray.net:443
2023-02-21 19:20:53.026	- Info  -	attempt to connect server sl-log.oray.net:443(121.41.32.171:443)
2023-02-21 19:20:53.061	- Info  -	[discover] Client NotifyDiscover type=5
2023-02-21 19:20:53.101	- Info  -	[OnLogin start]
2023-02-21 19:20:53.117	- Info  -	[OnLogin end]
2023-02-21 19:20:53.142	- Info  -	[OnLogin] WaittingTask Start
2023-02-21 19:20:53.401	- Info  -	[http call3] id:47, url:https://sl-log.oray.net/slclientlog, status code:200
2023-02-21 19:20:53.448	- Info  -	Set auto_run : true
2023-02-21 19:20:54.177	- Info  -	[OnLogin] WaittingTask end
2023-02-21 19:21:07.739	* Error *	SSLStream::IsWantReadWrite|peer(121.40.99.129:443), SSL_read failed( 6 ), error:00000000:lib(0):func(0):reason(0), file( ..\includes\common\phstream\SSLStream.cpp:1898 )
2023-02-21 19:21:07.740	- Info  -	[http call3] disconnect, error( 0 )
2023-02-21 19:21:23.430	* Error *	SSLStream::IsWantReadWrite|peer(121.41.32.171:443), SSL_read failed( 6 ), error:00000000:lib(0):func(0):reason(0), file( ..\includes\common\phstream\SSLStream.cpp:1898 )
2023-02-21 19:21:23.430	- Info  -	[http call3] disconnect, error( 0 )
2023-02-21 19:56:07.642	- Info  -	[ServiceEx] the service control is 13
2023-02-21 19:56:07.643	- Info  -	SERVICE_CONTROL_POWEREVENT************dwEventType:4
2023-02-21 19:56:07.643	+Warning+	[service] power event, system is suspending.
2023-02-21 19:56:07.643	- Info  -	Logout ...
2023-02-21 19:56:07.643	- Info  -	[oray][erroCode] errorcode=oray_errorcode(0), product=0, type=0, inner code=0 [CMultiplexLogicStream::Disconnect_impl:121]
2023-02-21 19:56:07.643	- Info  -	[RemoteControl] disconnected server(47.96.179.70:443),error code:0
2023-02-21 19:56:07.644	* Error *	[online] online disconnected,error code:0
2023-02-21 19:56:07.644	- Info  -	[oray][erroCode] errorcode=errorcode(0), product=0, type=0, inner code=0 [COnlineHandler::OnDisconnect:86]
2023-02-21 19:56:07.644	- Info  -	[service] disconnected server(47.96.179.70:443),errorcode:0
2023-02-21 19:56:07.644	- Info  -	curStatus: 0, m_Status: 1
2023-02-21 19:56:07.645	- Info  -	[http call3] new call id:48, url:https://sl-log.oray.net/slclientlog
2023-02-21 19:56:07.645	- Info  -	Current client status: 0
2023-02-21 19:56:07.645	- Info  -	send status_changed notify 0
2023-02-21 19:56:07.645	- Info  -	[OnLogout start]
2023-02-21 19:56:07.645	- Info  -	[service] stop all projections
2023-02-21 19:56:07.645	- Info  -	[OnLogout end]
2023-02-21 19:56:07.659	- Info  -	[http call3] id:48 create new connection : https://sl-log.oray.net:443
2023-02-21 19:56:07.820	- Info  -	attempt to connect server sl-log.oray.net:443(121.40.118.44:443)
2023-02-21 19:56:07.984	- Info  -	[MICRO LIVE] shell send close micro_live_plugin
2023-02-21 19:56:08.366	- Info  -	[http call3] id:48, url:https://sl-log.oray.net/slclientlog, status code:200
2023-02-21 20:23:06.564	+Warning+	[passive:keepalive:] 121.40.118.44:443 disconnect by keepalive timeout(119126078>=117507875+30000)
2023-02-21 20:23:06.564	+Warning+	[oray][erroCode] errorcode=ORAY_ERROR_PHSTREAM_KEEPALIVE_TIMEOUT(57351), product=0, type=3, inner code=7 [CPassiveKeepAliveHandler::Done:141]
2023-02-21 20:23:06.565	- Info  -	[http call3] disconnect, error( 57351 )
2023-02-21 20:23:09.615	- Info  -	[ServiceEx] the service control is 13
2023-02-21 20:23:09.615	- Info  -	SERVICE_CONTROL_POWEREVENT************dwEventType:7
2023-02-21 20:23:09.615	+Warning+	[service] power event, system is resumed.
2023-02-21 20:23:14.058	- Info  -	[ServiceEx] the service control is 13
2023-02-21 20:23:14.058	- Info  -	SERVICE_CONTROL_POWEREVENT************dwEventType:18
2023-02-21 20:23:14.058	+Warning+	[service] power event, system is resumed.
2023-02-21 20:23:15.583	- Info  -	retry login now......
2023-02-21 20:23:15.583	- Info  -	Current client status: 2
2023-02-21 20:23:15.583	- Info  -	send status_changed notify 2
2023-02-21 20:23:15.584	- Info  -	Login task time 0
2023-02-21 20:23:15.584	- Info  -	[service] retry login by power event
2023-02-21 20:23:15.639	- Info  -	Do login( type: 2 ) at 379
2023-02-21 20:23:15.639	- Info  -	[http call3] new call id:49, url:https://slapi.oray.net/remote/get-fastcode
2023-02-21 20:23:15.651	- Info  -	[http call3] id:49 create new connection : https://slapi.oray.net:443
2023-02-21 20:23:15.652	* Error *	[oray][erroCode] errorcode=ORAY_ERROR_DOMAIN_RESOLVED_FAILED(57394), product=0, type=3, inner code=50 [CSockConnector::ConnectSock:229]
2023-02-21 20:23:20.746	- Info  -	[service] retry login by power event
2023-02-21 20:23:45.648	- Info  -	[http call3] disconnect, error( 0 )
2023-02-21 20:23:45.648	- Info  -	[http call3] disconnect id:49, error( 0 )
2023-02-21 20:23:45.648	* Error *	GetFastcode failed! error:-1, msg:net error
2023-02-21 20:23:45.648	- Info  -	Current client status: 0
2023-02-21 20:23:45.648	- Info  -	send status_changed notify 0
2023-02-21 20:23:45.648	- Info  -	[OnLogout start]
2023-02-21 20:23:45.649	- Info  -	[service] stop all projections
2023-02-21 20:23:45.649	- Info  -	retry login now......
2023-02-21 20:23:45.649	- Info  -	Current client status: 2
2023-02-21 20:23:45.649	- Info  -	send status_changed notify 2
2023-02-21 20:23:45.650	- Info  -	Login task time 0
2023-02-21 20:23:45.650	- Info  -	[OnLogout end]
2023-02-21 20:23:45.665	- Info  -	Do login( type: 2 ) at 379
2023-02-21 20:23:45.665	- Info  -	[http call3] new call id:50, url:https://slapi.oray.net/remote/get-fastcode
2023-02-21 20:23:45.681	- Info  -	[http call3] id:50 create new connection : https://slapi.oray.net:443
2023-02-21 20:23:45.682	* Error *	[oray][erroCode] errorcode=ORAY_ERROR_DOMAIN_RESOLVED_FAILED(57394), product=0, type=3, inner code=50 [CSockConnector::ConnectSock:229]
2023-02-21 20:24:15.702	- Info  -	[http call3] disconnect, error( 0 )
2023-02-21 20:24:15.702	- Info  -	[http call3] disconnect id:50, error( 0 )
2023-02-21 20:24:15.702	* Error *	GetFastcode failed! error:-1, msg:net error
2023-02-21 20:24:15.702	- Info  -	Current client status: 0
2023-02-21 20:24:15.703	- Info  -	send status_changed notify 0
2023-02-21 20:24:15.703	- Info  -	[OnLogout start]
2023-02-21 20:24:15.703	- Info  -	[service] stop all projections
2023-02-21 20:24:15.703	- Info  -	[OnLogout end]
2023-02-21 20:24:15.742	- Info  -	[MICRO LIVE] shell send close micro_live_plugin
2023-02-21 20:25:56.330	- Info  -	[ServiceEx] the service control is 13
2023-02-21 20:25:56.330	- Info  -	SERVICE_CONTROL_POWEREVENT************dwEventType:10
2023-02-21 20:26:16.912	- Info  -	[localserver] Not use proxy
2023-02-21 20:26:16.912	- Info  -	retry login now......
2023-02-21 20:26:16.912	- Info  -	Current client status: 2
2023-02-21 20:26:16.912	- Info  -	send status_changed notify 2
2023-02-21 20:26:16.913	- Info  -	Login task time 0
2023-02-21 20:26:16.927	- Info  -	Do login( type: 2 ) at 379
2023-02-21 20:26:16.927	- Info  -	[http call3] new call id:51, url:https://slapi.oray.net/remote/get-fastcode
2023-02-21 20:26:16.927	- Info  -	[http call3] id:51 create new connection : https://slapi.oray.net:443
2023-02-21 20:26:16.928	* Error *	[oray][erroCode] errorcode=ORAY_ERROR_DOMAIN_RESOLVED_FAILED(57394), product=0, type=3, inner code=50 [CSockConnector::ConnectSock:229]
