2022-12-06 19:21:43.279	- Info  -	version:3.2.1.40406
2022-12-06 19:21:43.411	* Error *	SSLStream|Remove temp(C:\Windows\TEMP\u2n0.0) file ok
2022-12-06 19:21:44.121	- Info  -	Initialize OK
2022-12-06 19:21:44.121	- Info  -	CAcceptorRaw::set_listener
2022-12-06 19:21:44.121	- Info  -	DesktopAgentServer created with port 0.
2022-12-06 19:21:44.201	- Info  -	[service] start listen OK,tcp:0.0.0.0:49674,udp:15614
2022-12-06 19:21:44.275	- Info  -	[discover] Client NotifyDiscover type=5
2022-12-06 19:21:44.355	- Info  -	[localserver] Not use proxy
2022-12-06 19:21:44.363	- Info  -	network error, retrying login server
2022-12-06 19:21:47.450	- Info  -	[mac] local ip:192.168.0.193
2022-12-06 19:21:47.465	- Info  -	[mac] mac address:00:F4:8D:D2:3C:CF
2022-12-06 19:21:47.465	- Info  -	get mac address: 00:F4:8D:D2:3C:CF
2022-12-06 19:21:50.655	- Info  -	os name:Microsoft Windows 10 专业版
2022-12-06 19:21:51.919	- Info  -	m_clientinfo.mac: 00:F4:8D:D2:3C:CF
2022-12-06 19:21:52.013	- Info  -	Current client status: 2
2022-12-06 19:21:52.013	- Info  -	send status_changed notify 2
2022-12-06 19:21:52.013	- Info  -	Login task time 0
2022-12-06 19:21:52.051	- Info  -	Do login( type: 2 ) at 379
2022-12-06 19:21:52.051	- Info  -	[http call3] new call id:1, url:https://slapi.oray.net/remote/get-fastcode
2022-12-06 19:21:52.051	- Info  -	[http call3] id:1 create new connection : https://slapi.oray.net:443
2022-12-06 19:21:52.150	- Info  -	attempt to connect server slapi.oray.net:443(121.40.200.192:443)
2022-12-06 19:21:52.670	- Info  -	[http call3] id:1, url:https://slapi.oray.net/remote/get-fastcode, status code:200
2022-12-06 19:21:52.700	- Info  -	attempt to connect server rc10-fc09.oray.com:443(81.69.153.131:443)
2022-12-06 19:21:52.794	- Info  -	[service] attempted logon
2022-12-06 19:21:52.865	- Info  -	[service] logon server OK. public ip:183.217.165.158
2022-12-06 19:21:52.892	- Info  -	[online] attempted client online
2022-12-06 19:21:52.926	- Info  -	[online] client online OK.
2022-12-06 19:21:52.927	- Info  -	[online] received name:default , description:default .
2022-12-06 19:21:52.932	- Info  -	[service] attempted register client to server
2022-12-06 19:21:52.960	- Info  -	[service] registered client to server
2022-12-06 19:21:52.960	- Info  -	[http call3] new call id:2, url:https://sl-log.oray.net/slclientlog
2022-12-06 19:21:52.960	- Info  -	Current client status: 1
2022-12-06 19:21:52.960	- Info  -	send status_changed notify 1
2022-12-06 19:21:52.964	- Info  -	[http call3] id:2 create new connection : https://sl-log.oray.net:443
2022-12-06 19:21:52.981	- Info  -	attempt to connect server sl-log.oray.net:443(47.97.106.171:443)
2022-12-06 19:21:52.987	- Info  -	[discover] Client NotifyDiscover type=5
2022-12-06 19:21:53.010	- Info  -	[OnLogin start]
2022-12-06 19:21:53.011	- Info  -	[OnLogin end]
2022-12-06 19:21:53.012	- Info  -	[OnLogin] WaittingTask Start
2022-12-06 19:21:53.014	- Info  -	Set auto_run : true
2022-12-06 19:21:53.101	- Info  -	[OnLogin] WaittingTask end
2022-12-06 19:21:53.116	- Info  -	[http call3] id:2, url:https://sl-log.oray.net/slclientlog, status code:200
2022-12-06 19:22:07.666	* Error *	SSLStream::IsWantReadWrite|peer(121.40.200.192:443), SSL_read failed( 6 ), error:00000000:lib(0):func(0):reason(0), file( ..\includes\common\phstream\SSLStream.cpp:1898 )
2022-12-06 19:22:07.666	- Info  -	[http call3] disconnect, error( 0 )
2022-12-06 19:22:19.706	- Info  -	[MICRO LIVE] shell oninitdialog to get microlive info enable = 0 status = 0 timelast = 0
2022-12-06 19:22:23.115	* Error *	SSLStream::IsWantReadWrite|peer(47.97.106.171:443), SSL_read failed( 6 ), error:00000000:lib(0):func(0):reason(0), file( ..\includes\common\phstream\SSLStream.cpp:1898 )
2022-12-06 19:22:23.115	- Info  -	[http call3] disconnect, error( 0 )
2022-12-06 19:29:12.968	- Info  -	[ServiceEx] the service control is 13
2022-12-06 19:29:12.969	- Info  -	SERVICE_CONTROL_POWEREVENT************dwEventType:4
2022-12-06 19:29:12.969	+Warning+	[service] power event, system is suspending.
2022-12-06 19:29:12.969	- Info  -	Logout ...
2022-12-06 19:29:12.969	- Info  -	[oray][erroCode] errorcode=oray_errorcode(0), product=0, type=0, inner code=0 [CMultiplexLogicStream::Disconnect_impl:121]
2022-12-06 19:29:12.969	- Info  -	[RemoteControl] disconnected server(81.69.153.131:443),error code:0
2022-12-06 19:29:12.970	* Error *	[online] online disconnected,error code:0
2022-12-06 19:29:12.970	- Info  -	[oray][erroCode] errorcode=errorcode(0), product=0, type=0, inner code=0 [COnlineHandler::OnDisconnect:86]
2022-12-06 19:29:12.970	- Info  -	[service] disconnected server(81.69.153.131:443),errorcode:0
2022-12-06 19:29:12.970	- Info  -	curStatus: 0, m_Status: 1
2022-12-06 19:29:12.970	- Info  -	[http call3] new call id:3, url:https://sl-log.oray.net/slclientlog
2022-12-06 19:29:12.970	- Info  -	Current client status: 0
2022-12-06 19:29:12.970	- Info  -	send status_changed notify 0
2022-12-06 19:29:12.970	- Info  -	[OnLogout start]
2022-12-06 19:29:12.971	- Info  -	[service] stop all projections
2022-12-06 19:29:12.971	- Info  -	[OnLogout end]
2022-12-06 19:29:12.976	- Info  -	[MICRO LIVE] shell send close micro_live_plugin
2022-12-06 19:29:12.984	- Info  -	[http call3] id:3 create new connection : https://sl-log.oray.net:443
2022-12-06 19:29:13.034	- Info  -	attempt to connect server sl-log.oray.net:443(120.26.160.74:443)
2022-12-06 19:29:13.205	- Info  -	[http call3] id:3, url:https://sl-log.oray.net/slclientlog, status code:200
2022-12-06 19:46:30.515	+Warning+	[passive:keepalive:] 120.26.160.74:443 disconnect by keepalive timeout(1505421>=468109+30000)
2022-12-06 19:46:30.515	+Warning+	[oray][erroCode] errorcode=ORAY_ERROR_PHSTREAM_KEEPALIVE_TIMEOUT(57351), product=0, type=3, inner code=7 [CPassiveKeepAliveHandler::Done:141]
2022-12-06 19:46:30.516	- Info  -	[http call3] disconnect, error( 57351 )
2022-12-06 19:46:33.772	- Info  -	[ServiceEx] the service control is 13
2022-12-06 19:46:33.772	- Info  -	SERVICE_CONTROL_POWEREVENT************dwEventType:7
2022-12-06 19:46:33.772	+Warning+	[service] power event, system is resumed.
2022-12-06 19:46:35.805	- Info  -	retry login now......
2022-12-06 19:46:35.805	- Info  -	Current client status: 2
2022-12-06 19:46:35.805	- Info  -	send status_changed notify 2
2022-12-06 19:46:35.806	- Info  -	Login task time 0
2022-12-06 19:46:35.806	- Info  -	[service] retry login by power event
2022-12-06 19:46:36.016	- Info  -	Do login( type: 2 ) at 379
2022-12-06 19:46:36.016	- Info  -	[http call3] new call id:4, url:https://slapi.oray.net/remote/get-fastcode
2022-12-06 19:46:36.024	- Info  -	[http call3] id:4 create new connection : https://slapi.oray.net:443
2022-12-06 19:46:36.499	- Info  -	attempt to connect server slapi.oray.net:443(121.40.200.192:443)
2022-12-06 19:46:37.289	- Info  -	[http call3] id:4, url:https://slapi.oray.net/remote/get-fastcode, status code:200
2022-12-06 19:46:37.725	- Info  -	attempt to connect server rc10-fc13.oray.com:443(121.40.51.117:443)
2022-12-06 19:46:38.151	- Info  -	[service] attempted logon
2022-12-06 19:46:38.186	- Info  -	[service] logon server OK. public ip:183.217.165.158
2022-12-06 19:46:38.212	- Info  -	[online] attempted client online
2022-12-06 19:46:38.245	- Info  -	[online] client online OK.
2022-12-06 19:46:38.246	- Info  -	[online] received name:default , description:default .
2022-12-06 19:46:38.260	- Info  -	[service] attempted register client to server
2022-12-06 19:46:38.285	- Info  -	[service] registered client to server
2022-12-06 19:46:38.286	- Info  -	[http call3] new call id:5, url:https://sl-log.oray.net/slclientlog
2022-12-06 19:46:38.286	- Info  -	Current client status: 1
2022-12-06 19:46:38.286	- Info  -	send status_changed notify 1
2022-12-06 19:46:38.307	- Info  -	[http call3] id:5 create new connection : https://sl-log.oray.net:443
2022-12-06 19:46:38.363	- Info  -	[discover] Client NotifyDiscover type=5
2022-12-06 19:46:38.482	- Info  -	[ServiceEx] the service control is 13
2022-12-06 19:46:38.482	- Info  -	SERVICE_CONTROL_POWEREVENT************dwEventType:18
2022-12-06 19:46:38.482	+Warning+	[service] power event, system is resumed.
2022-12-06 19:46:38.917	- Info  -	[OnLogin start]
2022-12-06 19:46:38.922	- Info  -	[OnLogin end]
2022-12-06 19:46:39.046	- Info  -	[OnLogin] WaittingTask Start
2022-12-06 19:46:40.321	- Info  -	attempt to connect server sl-log.oray.net:443(47.97.183.66:443)
2022-12-06 19:46:40.484	- Info  -	Set auto_run : true
2022-12-06 19:46:40.922	- Info  -	[http call3] id:5, url:https://sl-log.oray.net/slclientlog, status code:200
2022-12-06 19:46:41.305	- Info  -	[OnLogin] WaittingTask end
2022-12-06 19:46:52.289	* Error *	SSLStream::IsWantReadWrite|peer(121.40.200.192:443), SSL_read failed( 6 ), error:00000000:lib(0):func(0):reason(0), file( ..\includes\common\phstream\SSLStream.cpp:1898 )
2022-12-06 19:46:52.289	- Info  -	[http call3] disconnect, error( 0 )
2022-12-06 19:47:10.944	* Error *	SSLStream::IsWantReadWrite|peer(47.97.183.66:443), SSL_read failed( 6 ), error:00000000:lib(0):func(0):reason(0), file( ..\includes\common\phstream\SSLStream.cpp:1898 )
2022-12-06 19:47:10.945	- Info  -	[http call3] disconnect, error( 0 )
2022-12-06 19:50:10.435	- Info  -	[ServiceEx] the service control is 13
2022-12-06 19:50:10.435	- Info  -	SERVICE_CONTROL_POWEREVENT************dwEventType:4
2022-12-06 19:50:10.435	+Warning+	[service] power event, system is suspending.
2022-12-06 19:50:10.438	- Info  -	Logout ...
2022-12-06 19:50:10.438	- Info  -	[oray][erroCode] errorcode=oray_errorcode(0), product=0, type=0, inner code=0 [CMultiplexLogicStream::Disconnect_impl:121]
2022-12-06 19:50:10.438	- Info  -	[RemoteControl] disconnected server(121.40.51.117:443),error code:0
2022-12-06 19:50:10.455	* Error *	[online] online disconnected,error code:0
2022-12-06 19:50:10.455	- Info  -	[oray][erroCode] errorcode=errorcode(0), product=0, type=0, inner code=0 [COnlineHandler::OnDisconnect:86]
2022-12-06 19:50:10.455	- Info  -	[service] disconnected server(121.40.51.117:443),errorcode:0
2022-12-06 19:50:10.455	- Info  -	curStatus: 0, m_Status: 1
2022-12-06 19:50:10.455	- Info  -	[http call3] new call id:6, url:https://sl-log.oray.net/slclientlog
2022-12-06 19:50:10.455	- Info  -	Current client status: 0
2022-12-06 19:50:10.455	- Info  -	send status_changed notify 0
2022-12-06 19:50:10.455	- Info  -	[OnLogout start]
2022-12-06 19:50:10.456	- Info  -	[service] stop all projections
2022-12-06 19:50:10.456	- Info  -	[OnLogout end]
2022-12-06 19:50:10.461	- Info  -	[http call3] id:6 create new connection : https://sl-log.oray.net:443
2022-12-06 19:50:10.466	- Info  -	[MICRO LIVE] shell send close micro_live_plugin
2022-12-06 19:50:10.503	- Info  -	attempt to connect server sl-log.oray.net:443(47.97.186.100:443)
2022-12-06 19:50:10.684	- Info  -	[http call3] id:6, url:https://sl-log.oray.net/slclientlog, status code:200
2022-12-06 20:15:11.548	+Warning+	[passive:keepalive:] 47.97.186.100:443 disconnect by keepalive timeout(3226453>=1725593+30000)
2022-12-06 20:15:11.548	+Warning+	[oray][erroCode] errorcode=ORAY_ERROR_PHSTREAM_KEEPALIVE_TIMEOUT(57351), product=0, type=3, inner code=7 [CPassiveKeepAliveHandler::Done:141]
2022-12-06 20:15:11.548	- Info  -	[http call3] disconnect, error( 57351 )
2022-12-06 20:15:13.284	- Info  -	[ServiceEx] the service control is 13
2022-12-06 20:15:13.284	- Info  -	SERVICE_CONTROL_POWEREVENT************dwEventType:18
2022-12-06 20:15:13.284	+Warning+	[service] power event, system is resumed.
2022-12-06 20:15:13.752	- Info  -	retry login now......
2022-12-06 20:15:13.752	- Info  -	Current client status: 2
2022-12-06 20:15:13.752	- Info  -	send status_changed notify 2
2022-12-06 20:15:13.752	- Info  -	Login task time 0
2022-12-06 20:15:13.753	- Info  -	[service] retry login by power event
2022-12-06 20:15:13.772	- Info  -	Do login( type: 2 ) at 379
2022-12-06 20:15:13.773	- Info  -	[http call3] new call id:7, url:https://slapi.oray.net/remote/get-fastcode
2022-12-06 20:15:13.779	- Info  -	[http call3] id:7 create new connection : https://slapi.oray.net:443
2022-12-06 20:15:13.783	- Info  -	attempt to connect server slapi.oray.net:443(121.40.99.129:443)
2022-12-06 20:15:14.064	- Info  -	[http call3] id:7, url:https://slapi.oray.net/remote/get-fastcode, status code:200
2022-12-06 20:15:15.962	- Info  -	attempt to connect server rc10-fc12.oray.com:443(47.111.1.108:443)
2022-12-06 20:15:16.357	- Info  -	[ServiceEx] the service control is 13
2022-12-06 20:15:16.357	- Info  -	SERVICE_CONTROL_POWEREVENT************dwEventType:7
2022-12-06 20:15:16.357	+Warning+	[service] power event, system is resumed.
2022-12-06 20:15:16.452	- Info  -	[service] attempted logon
2022-12-06 20:15:16.483	- Info  -	[service] logon server OK. public ip:183.217.165.158
2022-12-06 20:15:16.506	- Info  -	[online] attempted client online
2022-12-06 20:15:16.532	- Info  -	[online] client online OK.
2022-12-06 20:15:16.533	- Info  -	[online] received name:default , description:default .
2022-12-06 20:15:16.546	- Info  -	[service] attempted register client to server
2022-12-06 20:15:16.569	- Info  -	[service] registered client to server
2022-12-06 20:15:16.570	- Info  -	[http call3] new call id:8, url:https://sl-log.oray.net/slclientlog
2022-12-06 20:15:16.570	- Info  -	Current client status: 1
2022-12-06 20:15:16.570	- Info  -	send status_changed notify 1
2022-12-06 20:15:16.575	- Info  -	[http call3] id:8 create new connection : https://sl-log.oray.net:443
2022-12-06 20:15:16.623	- Info  -	[discover] Client NotifyDiscover type=5
2022-12-06 20:15:16.638	- Info  -	[OnLogin start]
2022-12-06 20:15:16.694	- Info  -	[OnLogin end]
2022-12-06 20:15:16.773	- Info  -	[service] retry login by power event
2022-12-06 20:15:16.773	- Info  -	[OnLogin] WaittingTask Start
2022-12-06 20:15:16.787	- Info  -	attempt to connect server sl-log.oray.net:443(121.41.32.171:443)
2022-12-06 20:15:17.095	- Info  -	Set auto_run : true
2022-12-06 20:15:17.216	- Info  -	[http call3] id:8, url:https://sl-log.oray.net/slclientlog, status code:200
2022-12-06 20:15:17.555	- Info  -	[OnLogin] WaittingTask end
2022-12-06 20:15:29.060	* Error *	SSLStream::IsWantReadWrite|peer(121.40.99.129:443), SSL_read failed( 6 ), error:00000000:lib(0):func(0):reason(0), file( ..\includes\common\phstream\SSLStream.cpp:1898 )
2022-12-06 20:15:29.060	- Info  -	[http call3] disconnect, error( 0 )
2022-12-06 20:15:47.219	* Error *	SSLStream::IsWantReadWrite|peer(121.41.32.171:443), SSL_read failed( 6 ), error:00000000:lib(0):func(0):reason(0), file( ..\includes\common\phstream\SSLStream.cpp:1898 )
2022-12-06 20:15:47.219	- Info  -	[http call3] disconnect, error( 0 )
2022-12-06 20:20:27.386	- Info  -	[ServiceEx] the service control is 13
2022-12-06 20:20:27.386	- Info  -	SERVICE_CONTROL_POWEREVENT************dwEventType:10
2022-12-06 20:56:45.883	- Info  -	[ServiceEx] the service control is 13
2022-12-06 20:56:45.884	- Info  -	SERVICE_CONTROL_POWEREVENT************dwEventType:4
2022-12-06 20:56:45.884	+Warning+	[service] power event, system is suspending.
2022-12-06 20:56:45.884	- Info  -	Logout ...
2022-12-06 20:56:45.884	- Info  -	[oray][erroCode] errorcode=oray_errorcode(0), product=0, type=0, inner code=0 [CMultiplexLogicStream::Disconnect_impl:121]
2022-12-06 20:56:45.885	- Info  -	[RemoteControl] disconnected server(47.111.1.108:443),error code:0
2022-12-06 20:56:45.885	* Error *	[online] online disconnected,error code:0
2022-12-06 20:56:45.885	- Info  -	[oray][erroCode] errorcode=errorcode(0), product=0, type=0, inner code=0 [COnlineHandler::OnDisconnect:86]
2022-12-06 20:56:45.885	- Info  -	[service] disconnected server(47.111.1.108:443),errorcode:0
2022-12-06 20:56:45.886	- Info  -	curStatus: 0, m_Status: 1
2022-12-06 20:56:45.886	- Info  -	[http call3] new call id:9, url:https://sl-log.oray.net/slclientlog
2022-12-06 20:56:45.886	- Info  -	Current client status: 0
2022-12-06 20:56:45.886	- Info  -	send status_changed notify 0
2022-12-06 20:56:45.886	- Info  -	[OnLogout start]
2022-12-06 20:56:45.887	- Info  -	[service] stop all projections
2022-12-06 20:56:45.887	- Info  -	[OnLogout end]
2022-12-06 20:56:45.893	- Info  -	[http call3] id:9 create new connection : https://sl-log.oray.net:443
2022-12-06 20:56:45.897	- Info  -	[MICRO LIVE] shell send close micro_live_plugin
2022-12-06 20:56:45.910	- Info  -	attempt to connect server sl-log.oray.net:443(47.97.186.100:443)
2022-12-06 20:56:46.026	- Info  -	[http call3] id:9, url:https://sl-log.oray.net/slclientlog, status code:200
