2023-02-10 09:36:03.497	- Info  -	version:3.2.1.40406
2023-02-10 09:36:03.606	* Error *	SSLStream|Remove temp(C:\Windows\TEMP\u2r4.0) file ok
2023-02-10 09:36:04.013	- Info  -	Initialize OK
2023-02-10 09:36:04.013	- Info  -	CAcceptorRaw::set_listener
2023-02-10 09:36:04.013	- Info  -	DesktopAgentServer created with port 0.
2023-02-10 09:36:04.403	- Info  -	[service] start listen OK,tcp:0.0.0.0:49675,udp:15643
2023-02-10 09:36:04.528	- Info  -	[discover] Client NotifyDiscover type=5
2023-02-10 09:36:04.684	- Info  -	[localserver] Not use proxy
2023-02-10 09:36:05.981	- Info  -	network error, retrying login server
2023-02-10 09:36:08.982	- Info  -	network error, retrying login server
2023-02-10 09:36:12.026	- Info  -	[mac] local ip:127.0.0.1
2023-02-10 09:36:12.032	- Info  -	[mac] mac address:
2023-02-10 09:36:12.032	- Info  -	[mac] mac address is empty,get mac address with wmi
2023-02-10 09:36:14.116	- Info  -	get mac address: 5e:aa:20:52:41:53
2023-02-10 09:36:16.509	- Info  -	os name:Microsoft Windows 10 专业版
2023-02-10 09:36:17.274	- Info  -	m_clientinfo.mac: 02:F4:59:D2:AE:76
2023-02-10 09:36:17.419	- Info  -	Current client status: 2
2023-02-10 09:36:17.419	- Info  -	send status_changed notify 2
2023-02-10 09:36:17.419	- Info  -	Login task time 0
2023-02-10 09:36:17.553	- Info  -	Do login( type: 2 ) at 379
2023-02-10 09:36:17.553	- Info  -	[http call3] new call id:1, url:https://slapi.oray.net/remote/get-fastcode
2023-02-10 09:36:17.580	- Info  -	[http call3] id:1 create new connection : https://slapi.oray.net:443
2023-02-10 09:36:17.663	* Error *	[oray][erroCode] errorcode=ORAY_ERROR_DOMAIN_RESOLVED_FAILED(57394), product=0, type=3, inner code=50 [CSockConnector::ConnectSock:229]
2023-02-10 09:36:47.666	- Info  -	[http call3] disconnect, error( 0 )
2023-02-10 09:36:47.666	- Info  -	[http call3] disconnect id:1, error( 0 )
2023-02-10 09:36:47.666	* Error *	GetFastcode failed! error:-1, msg:net error
2023-02-10 09:36:47.666	- Info  -	Current client status: 0
2023-02-10 09:36:47.666	- Info  -	send status_changed notify 0
2023-02-10 09:36:47.666	- Info  -	[OnLogout start]
2023-02-10 09:36:47.666	- Info  -	[service] stop all projections
2023-02-10 09:36:47.666	- Info  -	[OnLogout end]
2023-02-10 09:36:50.055	- Info  -	[MICRO LIVE] shell send close micro_live_plugin
2023-02-10 09:38:50.925	- Info  -	[localserver] Not use proxy
2023-02-10 09:38:50.925	- Info  -	retry login now......
2023-02-10 09:38:50.925	- Info  -	Current client status: 2
2023-02-10 09:38:50.925	- Info  -	send status_changed notify 2
2023-02-10 09:38:50.926	- Info  -	Login task time 0
2023-02-10 09:38:50.926	- Info  -	Do login( type: 2 ) at 379
2023-02-10 09:38:50.926	- Info  -	[http call3] new call id:2, url:https://slapi.oray.net/remote/get-fastcode
2023-02-10 09:38:50.934	- Info  -	[http call3] id:2 create new connection : https://slapi.oray.net:443
2023-02-10 09:38:51.988	- Info  -	attempt to connect server slapi.oray.net:443(121.40.200.192:443)
2023-02-10 09:39:01.817	- Info  -	[http call3] id:2, url:https://slapi.oray.net/remote/get-fastcode, status code:200
2023-02-10 09:39:04.065	- Info  -	attempt to connect server rc10-fc05.oray.com:443(47.118.71.166:443)
2023-02-10 09:39:19.001	* Error *	SSLStream::IsWantReadWrite|peer(121.40.200.192:443), SSL_read failed( 6 ), error:00000000:lib(0):func(0):reason(0), file( ..\includes\common\phstream\SSLStream.cpp:1898 )
2023-02-10 09:39:19.002	- Info  -	[http call3] disconnect, error( 0 )
2023-02-10 09:42:17.506	* Error *	[service] connected server failed,errorcode:10053
2023-02-10 09:42:17.507	- Info  -	Current client status: 0
2023-02-10 09:42:17.507	- Info  -	send status_changed notify 0
2023-02-10 09:42:17.507	- Info  -	[OnLogout start]
2023-02-10 09:42:17.507	- Info  -	[service] stop all projections
2023-02-10 09:42:17.507	- Info  -	[OnLogout end]
2023-02-10 09:42:17.518	- Info  -	[MICRO LIVE] shell send close micro_live_plugin
2023-02-10 09:44:19.380	- Info  -	[localserver] Not use proxy
2023-02-10 09:44:19.380	- Info  -	retry login now......
2023-02-10 09:44:19.380	- Info  -	Current client status: 2
2023-02-10 09:44:19.380	- Info  -	send status_changed notify 2
2023-02-10 09:44:19.381	- Info  -	Login task time 0
2023-02-10 09:44:19.395	- Info  -	Do login( type: 2 ) at 379
2023-02-10 09:44:19.395	- Info  -	[http call3] new call id:3, url:https://slapi.oray.net/remote/get-fastcode
2023-02-10 09:44:19.410	- Info  -	[http call3] id:3 create new connection : https://slapi.oray.net:443
2023-02-10 09:44:19.412	* Error *	[oray][erroCode] errorcode=ORAY_ERROR_DOMAIN_RESOLVED_FAILED(57394), product=0, type=3, inner code=50 [CSockConnector::ConnectSock:229]
2023-02-10 09:44:49.413	- Info  -	[http call3] disconnect, error( 0 )
2023-02-10 09:44:49.413	- Info  -	[http call3] disconnect id:3, error( 0 )
2023-02-10 09:44:49.413	* Error *	GetFastcode failed! error:-1, msg:net error
2023-02-10 09:44:49.413	- Info  -	Current client status: 0
2023-02-10 09:44:49.413	- Info  -	send status_changed notify 0
2023-02-10 09:44:49.413	- Info  -	[OnLogout start]
2023-02-10 09:44:49.414	- Info  -	[service] stop all projections
2023-02-10 09:44:49.414	- Info  -	[OnLogout end]
2023-02-10 09:44:49.422	- Info  -	[MICRO LIVE] shell send close micro_live_plugin
