2022-12-22 16:27:22.077	- Info  -	version:3.2.1.40406
2022-12-22 16:27:22.214	- Info  -	[dlg_main] on_create
2022-12-22 16:27:22.294	- Info  -	attempt to connect server 127.0.0.1:16308(127.0.0.1:16308)
2022-12-22 16:27:22.316	- Info  -	[shell] OnConnect
2022-12-22 16:27:22.319	- Info  -	[shell] status_changed:0
2022-12-22 16:27:23.481	- Info  -	[dlg_main] init_fastcode_histroy
2022-12-22 16:27:23.584	- Info  -	[http call3] new call id:1, url:https://ddns.oray.com/checkip?clean=1
2022-12-22 16:27:23.584	- Info  -	[dlg_main] on_create end
2022-12-22 16:27:23.638	- Info  -	[http call3] id:1 create new connection : https://ddns.oray.com:443
2022-12-22 16:27:23.684	- Info  -	attempt to connect server ddns.oray.com:443(114.215.189.130:443)
2022-12-22 16:27:24.153	- Info  -	[http call3] id:1, url:https://ddns.oray.com/checkip?clean=1, status code:200
2022-12-22 16:27:59.108	- Info  -	[shell] status_changed:2
2022-12-22 16:27:59.493	- Info  -	[shell] status_changed:0
2022-12-22 16:28:01.231	+Warning+	[passive:keepalive:] 114.215.189.130:443 disconnect by keepalive timeout(94140>=57062+30000)
2022-12-22 16:28:01.231	+Warning+	[oray][erroCode] errorcode=ORAY_ERROR_PHSTREAM_KEEPALIVE_TIMEOUT(57351), product=0, type=3, inner code=7 [CPassiveKeepAliveHandler::Done:141]
2022-12-22 16:28:01.231	- Info  -	[http call3] disconnect, error( 57351 )
2022-12-22 16:28:02.982	- Info  -	[shell] status_changed:2
2022-12-22 16:28:03.047	- Info  -	[shell] status_changed:0
2022-12-22 16:30:04.915	- Info  -	[shell] status_changed:2
2022-12-22 16:30:05.491	- Info  -	[shell] status_changed:1
2022-12-22 16:30:05.530	- Info  -	sensors init with file: C:/ProgramData/Oray/SunloginClient/sensors/datas
2022-12-22 16:30:05.532	- Info  -	[http call3] new call id:2, url:https://slapi.oray.net/client/free-tips
2022-12-22 16:30:05.547	- Info  -	[http call3] id:2 create new connection : https://slapi.oray.net:443
2022-12-22 16:30:05.548	- Info  -	attempt to connect server slapi.oray.net:443(121.40.200.192:443)
2022-12-22 16:30:06.149	- Info  -	[http call3] id:2, url:https://slapi.oray.net/client/free-tips, status code:200
2022-12-22 16:30:21.137	* Error *	SSLStream::IsWantReadWrite|peer(121.40.200.192:443), SSL_read failed( 6 ), error:00000000:lib(0):func(0):reason(0), file( ..\includes\common\phstream\SSLStream.cpp:1898 )
2022-12-22 16:30:21.137	- Info  -	[http call3] disconnect, error( 0 )
2022-12-22 17:36:06.833	- Info  -	[shell] status_changed:2
2022-12-22 17:36:06.835	- Info  -	[shell] status_changed:2
2022-12-22 17:36:36.858	- Info  -	[shell] status_changed:0
2022-12-22 17:38:37.914	- Info  -	[shell] status_changed:2
2022-12-22 17:39:07.955	- Info  -	[shell] status_changed:0
2022-12-22 17:41:08.992	- Info  -	[shell] status_changed:2
2022-12-22 17:41:39.041	- Info  -	[shell] status_changed:0
2022-12-22 17:43:40.085	- Info  -	[shell] status_changed:2
2022-12-22 17:44:10.117	- Info  -	[shell] status_changed:0
2022-12-22 17:46:11.145	- Info  -	[shell] status_changed:2
2022-12-22 17:46:41.168	- Info  -	[shell] status_changed:0
2022-12-22 17:48:42.196	- Info  -	[shell] status_changed:2
2022-12-22 17:49:12.237	- Info  -	[shell] status_changed:0
2022-12-22 17:51:13.321	- Info  -	[shell] status_changed:2
2022-12-22 17:51:43.366	- Info  -	[shell] status_changed:0
2022-12-22 17:53:44.446	- Info  -	[shell] status_changed:2
2022-12-22 17:54:14.502	- Info  -	[shell] status_changed:0
2022-12-22 17:56:15.564	- Info  -	[shell] status_changed:2
2022-12-22 17:56:45.584	- Info  -	[shell] status_changed:0
2022-12-22 17:58:46.610	- Info  -	[shell] status_changed:2
2022-12-22 17:59:16.646	- Info  -	[shell] status_changed:0
2022-12-22 18:01:17.738	- Info  -	[shell] status_changed:2
2022-12-22 18:01:47.777	- Info  -	[shell] status_changed:0
2022-12-22 18:03:48.829	- Info  -	[shell] status_changed:2
2022-12-22 18:04:18.835	- Info  -	[shell] status_changed:0
2022-12-22 18:06:19.902	- Info  -	[shell] status_changed:2
2022-12-22 18:06:49.941	- Info  -	[shell] status_changed:0
2022-12-22 18:08:50.934	- Info  -	[shell] status_changed:2
2022-12-22 18:09:20.970	- Info  -	[shell] status_changed:0
2022-12-22 18:11:22.001	- Info  -	[shell] status_changed:2
2022-12-22 18:11:52.044	- Info  -	[shell] status_changed:0
2022-12-22 18:13:53.109	- Info  -	[shell] status_changed:2
2022-12-22 18:14:23.138	- Info  -	[shell] status_changed:0
2022-12-22 18:16:24.191	- Info  -	[shell] status_changed:2
2022-12-22 18:16:54.218	- Info  -	[shell] status_changed:0
2022-12-22 18:18:55.315	- Info  -	[shell] status_changed:2
2022-12-22 18:19:25.346	- Info  -	[shell] status_changed:0
2022-12-22 18:21:26.387	- Info  -	[shell] status_changed:2
2022-12-22 18:21:56.426	- Info  -	[shell] status_changed:0
2022-12-22 18:23:57.514	- Info  -	[shell] status_changed:2
2022-12-22 18:24:27.559	- Info  -	[shell] status_changed:0
2022-12-22 18:26:28.624	- Info  -	[shell] status_changed:2
2022-12-22 18:26:58.656	- Info  -	[shell] status_changed:0
2022-12-22 18:28:59.780	- Info  -	[shell] status_changed:2
2022-12-22 18:29:29.812	- Info  -	[shell] status_changed:0
2022-12-22 18:31:30.900	- Info  -	[shell] status_changed:2
2022-12-22 18:32:00.931	- Info  -	[shell] status_changed:0
2022-12-22 18:34:02.051	- Info  -	[shell] status_changed:2
2022-12-22 18:34:32.097	- Info  -	[shell] status_changed:0
2022-12-22 18:36:33.178	- Info  -	[shell] status_changed:2
2022-12-22 18:37:03.200	- Info  -	[shell] status_changed:0
2022-12-22 18:39:04.244	- Info  -	[shell] status_changed:2
2022-12-22 18:39:34.267	- Info  -	[shell] status_changed:0
2022-12-22 18:41:35.316	- Info  -	[shell] status_changed:2
2022-12-22 18:42:05.327	- Info  -	[shell] status_changed:0
2022-12-22 18:44:06.391	- Info  -	[shell] status_changed:2
2022-12-22 18:44:36.416	- Info  -	[shell] status_changed:0
2022-12-22 18:46:37.466	- Info  -	[shell] status_changed:2
2022-12-22 18:47:07.499	- Info  -	[shell] status_changed:0
2022-12-22 18:49:08.536	- Info  -	[shell] status_changed:2
2022-12-22 18:49:38.562	- Info  -	[shell] status_changed:0
2022-12-22 18:51:39.638	- Info  -	[shell] status_changed:2
2022-12-22 18:52:09.677	- Info  -	[shell] status_changed:0
2022-12-22 18:54:10.704	- Info  -	[shell] status_changed:2
2022-12-22 18:54:40.740	- Info  -	[shell] status_changed:0
2022-12-22 18:56:41.794	- Info  -	[shell] status_changed:2
2022-12-22 18:57:11.828	- Info  -	[shell] status_changed:0
2022-12-22 18:59:12.870	- Info  -	[shell] status_changed:2
2022-12-22 18:59:42.899	- Info  -	[shell] status_changed:0
2022-12-22 19:01:43.946	- Info  -	[shell] status_changed:2
2022-12-22 19:02:13.984	- Info  -	[shell] status_changed:0
2022-12-22 19:04:15.054	- Info  -	[shell] status_changed:2
2022-12-22 19:04:45.098	- Info  -	[shell] status_changed:0
2022-12-22 19:06:46.140	- Info  -	[shell] status_changed:2
2022-12-22 19:07:16.170	- Info  -	[shell] status_changed:0
2022-12-22 19:09:17.263	- Info  -	[shell] status_changed:2
2022-12-22 19:09:47.293	- Info  -	[shell] status_changed:0
2022-12-22 19:11:48.381	- Info  -	[shell] status_changed:2
2022-12-22 19:12:18.417	- Info  -	[shell] status_changed:0
2022-12-22 19:14:19.450	- Info  -	[shell] status_changed:2
2022-12-22 19:14:49.490	- Info  -	[shell] status_changed:0
2022-12-22 19:16:50.578	- Info  -	[shell] status_changed:2
2022-12-22 19:17:20.646	- Info  -	[shell] status_changed:0
2022-12-22 19:19:21.685	- Info  -	[shell] status_changed:2
2022-12-22 19:19:51.728	- Info  -	[shell] status_changed:0
2022-12-22 19:21:52.776	- Info  -	[shell] status_changed:2
2022-12-22 19:22:22.811	- Info  -	[shell] status_changed:0
2022-12-22 19:24:23.931	- Info  -	[shell] status_changed:2
2022-12-22 19:24:53.955	- Info  -	[shell] status_changed:0
2022-12-22 19:26:54.992	- Info  -	[shell] status_changed:2
2022-12-22 19:27:25.021	- Info  -	[shell] status_changed:0
2022-12-22 19:29:26.086	- Info  -	[shell] status_changed:2
2022-12-22 19:29:56.119	- Info  -	[shell] status_changed:0
2022-12-22 19:31:57.224	- Info  -	[shell] status_changed:2
2022-12-22 19:32:27.281	- Info  -	[shell] status_changed:0
2022-12-22 19:34:28.338	- Info  -	[shell] status_changed:2
2022-12-22 19:34:58.383	- Info  -	[shell] status_changed:0
2022-12-22 19:36:59.406	- Info  -	[shell] status_changed:2
2022-12-22 19:37:29.444	- Info  -	[shell] status_changed:0
2022-12-22 19:39:30.505	- Info  -	[shell] status_changed:2
2022-12-22 19:40:00.525	- Info  -	[shell] status_changed:0
2022-12-22 19:42:01.593	- Info  -	[shell] status_changed:2
2022-12-22 19:42:31.608	- Info  -	[shell] status_changed:0
2022-12-22 19:44:32.725	- Info  -	[shell] status_changed:2
2022-12-22 19:45:02.759	- Info  -	[shell] status_changed:0
2022-12-22 19:47:04.032	- Info  -	[shell] status_changed:2
2022-12-22 19:47:34.062	- Info  -	[shell] status_changed:0
2022-12-22 19:49:35.162	- Info  -	[shell] status_changed:2
2022-12-22 19:50:05.214	- Info  -	[shell] status_changed:0
2022-12-22 19:52:06.283	- Info  -	[shell] status_changed:2
2022-12-22 19:52:36.300	- Info  -	[shell] status_changed:0
2022-12-22 19:54:37.318	- Info  -	[shell] status_changed:2
2022-12-22 19:55:07.383	- Info  -	[shell] status_changed:0
2022-12-22 19:57:08.444	- Info  -	[shell] status_changed:2
2022-12-22 19:57:38.486	- Info  -	[shell] status_changed:0
2022-12-22 19:59:39.512	- Info  -	[shell] status_changed:2
2022-12-22 20:00:09.551	- Info  -	[shell] status_changed:0
2022-12-22 20:02:10.642	- Info  -	[shell] status_changed:2
2022-12-22 20:02:40.681	- Info  -	[shell] status_changed:0
2022-12-22 20:04:41.735	- Info  -	[shell] status_changed:2
2022-12-22 20:05:11.775	- Info  -	[shell] status_changed:0
2022-12-22 20:07:12.823	- Info  -	[shell] status_changed:2
2022-12-22 20:07:42.870	- Info  -	[shell] status_changed:0
2022-12-22 20:09:43.929	- Info  -	[shell] status_changed:2
2022-12-22 20:10:13.950	- Info  -	[shell] status_changed:0
2022-12-22 20:12:15.035	- Info  -	[shell] status_changed:2
2022-12-22 20:12:45.075	- Info  -	[shell] status_changed:0
2022-12-22 20:14:46.092	- Info  -	[shell] status_changed:2
2022-12-22 20:15:16.131	- Info  -	[shell] status_changed:0
2022-12-22 20:17:17.187	- Info  -	[shell] status_changed:2
2022-12-22 20:17:47.224	- Info  -	[shell] status_changed:0
2022-12-22 20:19:48.280	- Info  -	[shell] status_changed:2
2022-12-22 20:20:18.317	- Info  -	[shell] status_changed:0
2022-12-22 20:22:19.407	- Info  -	[shell] status_changed:2
2022-12-22 20:22:49.450	- Info  -	[shell] status_changed:0
2022-12-22 20:24:50.539	- Info  -	[shell] status_changed:2
2022-12-22 20:25:20.562	- Info  -	[shell] status_changed:0
2022-12-22 20:27:21.679	- Info  -	[shell] status_changed:2
2022-12-22 20:27:51.689	- Info  -	[shell] status_changed:0
2022-12-22 20:29:52.751	- Info  -	[shell] status_changed:2
2022-12-22 20:30:22.786	- Info  -	[shell] status_changed:0
2022-12-22 20:32:23.811	- Info  -	[shell] status_changed:2
2022-12-22 20:32:53.855	- Info  -	[shell] status_changed:0
2022-12-22 20:34:54.902	- Info  -	[shell] status_changed:2
2022-12-22 20:35:24.963	- Info  -	[shell] status_changed:0
2022-12-22 20:37:26.043	- Info  -	[shell] status_changed:2
2022-12-22 20:37:56.079	- Info  -	[shell] status_changed:0
2022-12-22 20:39:57.196	- Info  -	[shell] status_changed:2
2022-12-22 20:40:27.248	- Info  -	[shell] status_changed:0
2022-12-22 20:42:28.287	- Info  -	[shell] status_changed:2
2022-12-22 20:42:58.316	- Info  -	[shell] status_changed:0
2022-12-23 12:28:23.222	- Info  -	[shell] status_changed:2
2022-12-23 12:28:53.260	- Info  -	[shell] status_changed:0
2022-12-23 13:07:38.467	- Info  -	[shell] status_changed:2
2022-12-23 13:08:08.491	- Info  -	[shell] status_changed:0
2022-12-23 13:10:13.122	- Info  -	[shell] status_changed:2
2022-12-23 13:10:13.832	- Info  -	[shell] status_changed:1
2022-12-23 13:10:14.012	- Info  -	[http call3] new call id:3, url:https://slapi.oray.net/client/free-tips
2022-12-23 13:10:14.043	- Info  -	[http call3] id:3 create new connection : https://slapi.oray.net:443
2022-12-23 13:10:14.063	- Info  -	attempt to connect server slapi.oray.net:443(121.40.200.192:443)
2022-12-23 13:10:14.525	- Info  -	[http call3] id:3, url:https://slapi.oray.net/client/free-tips, status code:200
2022-12-23 13:10:29.527	* Error *	SSLStream::IsWantReadWrite|peer(121.40.200.192:443), SSL_read failed( 6 ), error:00000000:lib(0):func(0):reason(0), file( ..\includes\common\phstream\SSLStream.cpp:1898 )
2022-12-23 13:10:29.528	- Info  -	[http call3] disconnect, error( 0 )
2022-12-23 13:35:57.870	- Info  -	[shell] status_changed:0
2022-12-23 18:12:33.526	- Info  -	[shell] status_changed:2
2022-12-23 18:13:03.585	- Info  -	[shell] status_changed:2
2022-12-23 18:13:03.587	- Info  -	[shell] status_changed:2
2022-12-23 18:13:04.235	- Info  -	[shell] status_changed:1
2022-12-23 18:13:04.296	- Info  -	[http call3] new call id:4, url:https://slapi.oray.net/client/free-tips
2022-12-23 18:13:04.302	- Info  -	[http call3] id:4 create new connection : https://slapi.oray.net:443
2022-12-23 18:13:04.303	- Info  -	attempt to connect server slapi.oray.net:443(121.40.200.192:443)
2022-12-23 18:13:04.527	- Info  -	[http call3] id:4, url:https://slapi.oray.net/client/free-tips, status code:200
2022-12-23 18:13:19.521	* Error *	SSLStream::IsWantReadWrite|peer(121.40.200.192:443), SSL_read failed( 6 ), error:00000000:lib(0):func(0):reason(0), file( ..\includes\common\phstream\SSLStream.cpp:1898 )
2022-12-23 18:13:19.521	- Info  -	[http call3] disconnect, error( 0 )
2022-12-23 20:50:38.695	- Info  -	[shell] status_changed:2
2022-12-23 20:50:38.697	- Info  -	[shell] status_changed:2
2022-12-23 20:51:08.731	- Info  -	[shell] status_changed:0
2022-12-24 08:20:49.746	- Info  -	[shell] status_changed:2
2022-12-24 08:20:53.932	- Info  -	[shell] status_changed:1
2022-12-24 08:20:53.993	- Info  -	[http call3] new call id:5, url:https://slapi.oray.net/client/free-tips
2022-12-24 08:20:54.040	- Info  -	[http call3] id:5 create new connection : https://slapi.oray.net:443
2022-12-24 08:20:55.318	- Info  -	attempt to connect server slapi.oray.net:443(121.40.200.192:443)
2022-12-24 08:20:56.432	- Info  -	[http call3] id:5, url:https://slapi.oray.net/client/free-tips, status code:200
2022-12-24 08:21:11.426	* Error *	SSLStream::IsWantReadWrite|peer(121.40.200.192:443), SSL_read failed( 6 ), error:00000000:lib(0):func(0):reason(0), file( ..\includes\common\phstream\SSLStream.cpp:1898 )
2022-12-24 08:21:11.426	- Info  -	[http call3] disconnect, error( 0 )
