2023-05-03 08:41:59.187	- Info  -	version:3.2.1.40406
2023-05-03 08:41:59.390	* Error *	SSLStream|Remove temp(C:\Windows\TEMP\u2dg.0) file ok
2023-05-03 08:41:59.812	- Info  -	Initialize OK
2023-05-03 08:41:59.812	- Info  -	CAcceptorRaw::set_listener
2023-05-03 08:41:59.812	- Info  -	DesktopAgentServer created with port 0.
2023-05-03 08:42:00.265	* Error *	[udpstack] bind 0.0.0.0:15895 error , errorno = 10048
2023-05-03 08:42:00.265	- Info  -	[service] start listen OK,tcp:0.0.0.0:49671,udp:16006
2023-05-03 08:42:00.593	- Info  -	[discover] Client NotifyDiscover type=5
2023-05-03 08:42:00.828	- Info  -	[localserver] Not use proxy
2023-05-03 08:42:00.874	- Info  -	network error, retrying login server
2023-05-03 08:42:03.934	- Info  -	network error, retrying login server
2023-05-03 08:42:06.970	- Info  -	[mac] local ip:172.16.76.35
2023-05-03 08:42:06.997	- Info  -	[mac] mac address:02:F4:CF:D2:54:44
2023-05-03 08:42:06.997	- Info  -	get mac address: 02:F4:CF:D2:54:44
2023-05-03 08:42:09.547	- Info  -	os name:Microsoft Windows 10 专业版
2023-05-03 08:42:11.056	- Info  -	m_clientinfo.mac: 02:F4:CF:D2:54:44
2023-05-03 08:42:11.104	- Info  -	Current client status: 2
2023-05-03 08:42:11.104	- Info  -	send status_changed notify 2
2023-05-03 08:42:11.104	- Info  -	Login task time 0
2023-05-03 08:42:11.108	- Info  -	Do login( type: 2 ) at 379
2023-05-03 08:42:11.108	- Info  -	[http call3] new call id:1, url:https://slapi.oray.net/remote/get-fastcode
2023-05-03 08:42:11.110	- Info  -	[http call3] id:1 create new connection : https://slapi.oray.net:443
2023-05-03 08:42:12.162	- Info  -	attempt to connect server slapi.oray.net:443(121.40.200.192:443)
2023-05-03 08:42:12.633	- Info  -	[http call3] id:1, url:https://slapi.oray.net/remote/get-fastcode, status code:200
2023-05-03 08:42:12.660	- Info  -	attempt to connect server rc10-fc04.oray.com:443(47.114.34.123:443)
2023-05-03 08:42:12.746	- Info  -	[service] attempted logon
2023-05-03 08:42:12.772	+Warning+	[service] logon failed: error password(2)
2023-05-03 08:42:12.772	- Info  -	Current client status: 0
2023-05-03 08:42:12.772	- Info  -	send status_changed notify 0
2023-05-03 08:42:12.772	- Info  -	[OnLogout start]
2023-05-03 08:42:12.773	- Info  -	[service] stop all projections
2023-05-03 08:42:12.773	* Error *	[Logout] No relogon error is 19
2023-05-03 08:42:12.773	- Info  -	[OnLogout end]
2023-05-03 08:42:12.773	* Error *	[oray][erroCode] errorcode=ORAY_ERROR_SL_LOGIN_FAILED(134307841), product=2, type=5, inner code=1 [CLogonHandler::OnLoginRes:251]
2023-05-03 08:42:12.773	- Info  -	[service] disconnected server(47.114.34.123:443),errorcode:134307841
2023-05-03 08:42:27.619	* Error *	SSLStream::IsWantReadWrite|peer(121.40.200.192:443), SSL_read failed( 6 ), error:00000000:lib(0):func(0):reason(0), file( ..\includes\common\phstream\SSLStream.cpp:1898 )
2023-05-03 08:42:27.620	- Info  -	[http call3] disconnect, error( 0 )
2023-05-03 08:42:41.495	- Info  -	[MICRO LIVE] shell send close micro_live_plugin
2023-05-03 08:42:52.946	- Info  -	Logout ...
2023-05-03 08:42:52.963	- Info  -	Current client status: 2
2023-05-03 08:42:52.963	- Info  -	send status_changed notify 2
2023-05-03 08:42:52.963	- Info  -	Login task time 0
2023-05-03 08:42:52.977	- Info  -	Do login( type: 2 ) at 379
2023-05-03 08:42:52.977	- Info  -	[http call3] new call id:2, url:https://slapi.oray.net/remote/get-fastcode
2023-05-03 08:42:52.993	- Info  -	[http call3] id:2 create new connection : https://slapi.oray.net:443
2023-05-03 08:42:53.008	- Info  -	attempt to connect server slapi.oray.net:443(121.40.99.129:443)
2023-05-03 08:42:53.229	- Info  -	[http call3] id:2, url:https://slapi.oray.net/remote/get-fastcode, status code:200
2023-05-03 08:42:53.239	- Info  -	attempt to connect server rc10-fc.oray.com:443(47.110.142.43:443)
2023-05-03 08:42:53.309	- Info  -	[service] attempted logon
2023-05-03 08:42:53.353	- Info  -	[service] logon server OK. public ip:223.82.110.30
2023-05-03 08:42:53.375	- Info  -	[online] attempted client online
2023-05-03 08:42:53.400	- Info  -	[online] client online OK.
2023-05-03 08:42:53.401	- Info  -	[online] received name:default , description:default .
2023-05-03 08:42:53.404	- Info  -	[service] attempted register client to server
2023-05-03 08:42:53.429	- Info  -	[service] registered client to server
2023-05-03 08:42:53.429	- Info  -	[http call3] new call id:3, url:https://sl-log.oray.net/slclientlog
2023-05-03 08:42:53.429	- Info  -	Current client status: 1
2023-05-03 08:42:53.429	- Info  -	send status_changed notify 1
2023-05-03 08:42:53.434	- Info  -	[http call3] id:3 create new connection : https://sl-log.oray.net:443
2023-05-03 08:42:53.439	- Info  -	[discover] Client NotifyDiscover type=5
2023-05-03 08:42:53.449	- Info  -	attempt to connect server sl-log.oray.net:443(47.97.106.171:443)
2023-05-03 08:42:53.450	- Info  -	[OnLogin start]
2023-05-03 08:42:53.450	- Info  -	[http call3] new call id:4, url:https://slapi.oray.net/sunlogin/remote-info.update
2023-05-03 08:42:53.451	- Info  -	[OnLogin end]
2023-05-03 08:42:53.457	- Info  -	[OnLogin] WaittingTask Start
2023-05-03 08:42:53.466	- Info  -	[http call3] id:4 use old connection : https://slapi.oray.net:443
2023-05-03 08:42:53.481	- Info  -	Set auto_run : true
2023-05-03 08:42:53.518	- Info  -	[OnLogin] WaittingTask end
2023-05-03 08:42:53.555	- Info  -	[http call3] id:3, url:https://sl-log.oray.net/slclientlog, status code:200
2023-05-03 08:42:53.619	- Info  -	[http call3] id:4, url:https://slapi.oray.net/sunlogin/remote-info.update, status code:200
2023-05-03 08:42:53.619	- Info  -	upload remote info ok
2023-05-03 08:43:08.620	* Error *	SSLStream::IsWantReadWrite|peer(121.40.99.129:443), SSL_read failed( 6 ), error:00000000:lib(0):func(0):reason(0), file( ..\includes\common\phstream\SSLStream.cpp:1898 )
2023-05-03 08:43:08.620	- Info  -	[http call3] disconnect, error( 0 )
2023-05-03 08:43:23.554	* Error *	SSLStream::IsWantReadWrite|peer(47.97.106.171:443), SSL_read failed( 6 ), error:00000000:lib(0):func(0):reason(0), file( ..\includes\common\phstream\SSLStream.cpp:1898 )
2023-05-03 08:43:23.554	- Info  -	[http call3] disconnect, error( 0 )
2023-05-03 09:43:47.569	- Info  -	[ServiceEx] the service control is 13
2023-05-03 09:43:47.570	- Info  -	SERVICE_CONTROL_POWEREVENT************dwEventType:10
2023-05-03 09:43:52.292	- Info  -	[ServiceEx] the service control is 13
2023-05-03 09:43:52.292	- Info  -	SERVICE_CONTROL_POWEREVENT************dwEventType:10
2023-05-03 09:43:58.527	- Info  -	[ServiceEx] the service control is 13
2023-05-03 09:43:58.527	- Info  -	SERVICE_CONTROL_POWEREVENT************dwEventType:10
2023-05-03 09:44:00.594	- Info  -	[ServiceEx] the service control is 13
2023-05-03 09:44:00.594	- Info  -	SERVICE_CONTROL_POWEREVENT************dwEventType:10
2023-05-03 09:44:47.171	- Info  -	[ServiceEx] the service control is 13
2023-05-03 09:44:47.171	- Info  -	SERVICE_CONTROL_POWEREVENT************dwEventType:10
2023-05-03 09:44:48.560	- Info  -	[ServiceEx] the service control is 13
2023-05-03 09:44:48.560	- Info  -	SERVICE_CONTROL_POWEREVENT************dwEventType:10
2023-05-03 10:45:38.622	- Info  -	[ServiceEx] the service control is 13
2023-05-03 10:45:38.623	- Info  -	SERVICE_CONTROL_POWEREVENT************dwEventType:10
2023-05-03 11:00:15.059	- Info  -	[ServiceEx] the service control is 13
2023-05-03 11:00:15.059	- Info  -	SERVICE_CONTROL_POWEREVENT************dwEventType:10
2023-05-03 11:00:16.073	- Info  -	[ServiceEx] the service control is 13
2023-05-03 11:00:16.073	- Info  -	SERVICE_CONTROL_POWEREVENT************dwEventType:10
2023-05-03 11:59:23.105	- Info  -	[ServiceEx] the service control is 13
2023-05-03 11:59:23.105	- Info  -	SERVICE_CONTROL_POWEREVENT************dwEventType:10
2023-05-03 16:00:55.089	- Info  -	[ServiceEx] the service control is 13
2023-05-03 16:00:55.089	- Info  -	SERVICE_CONTROL_POWEREVENT************dwEventType:10
2023-05-03 19:41:01.218	- Info  -	[ServiceEx] the service control is 13
2023-05-03 19:41:01.218	- Info  -	SERVICE_CONTROL_POWEREVENT************dwEventType:10
2023-05-03 19:41:03.857	- Info  -	[ServiceEx] the service control is 13
2023-05-03 19:41:03.857	- Info  -	SERVICE_CONTROL_POWEREVENT************dwEventType:10
2023-05-04 04:30:18.477	- Info  -	[ServiceEx] the service control is 13
2023-05-04 04:30:18.477	- Info  -	SERVICE_CONTROL_POWEREVENT************dwEventType:10
2023-05-04 05:25:24.871	- Info  -	[ServiceEx] the service control is 13
2023-05-04 05:25:24.873	- Info  -	SERVICE_CONTROL_POWEREVENT************dwEventType:10
2023-05-04 05:25:36.733	- Info  -	[ServiceEx] the service control is 5
2023-05-04 05:25:36.733	- Info  -	SERVICE_CONTROL_SHUTDOWN************
2023-05-04 05:25:36.733	- Info  -	[discover] Client NotifyDiscover type=6
2023-05-04 05:25:36.744	- Info  -	Logout ...
2023-05-04 05:25:36.744	- Info  -	[oray][erroCode] errorcode=oray_errorcode(0), product=0, type=0, inner code=0 [CMultiplexLogicStream::Disconnect_impl:121]
2023-05-04 05:25:36.744	- Info  -	[RemoteControl] disconnected server(47.110.142.43:443),error code:0
2023-05-04 05:25:36.744	* Error *	[online] online disconnected,error code:0
2023-05-04 05:25:36.744	- Info  -	[oray][erroCode] errorcode=errorcode(0), product=0, type=0, inner code=0 [COnlineHandler::OnDisconnect:86]
2023-05-04 05:25:36.744	- Info  -	[service] disconnected server(47.110.142.43:443),errorcode:0
2023-05-04 05:25:36.744	- Info  -	curStatus: 0, m_Status: 1
2023-05-04 05:25:36.823	- Info  -	[http call3] new call id:5, url:https://sl-log.oray.net/slclientlog
2023-05-04 05:25:36.823	- Info  -	Current client status: 0
2023-05-04 05:25:36.838	- Info  -	[http call3] id:5 create new connection : https://sl-log.oray.net:443
2023-05-04 05:25:36.885	- Info  -	attempt to connect server sl-log.oray.net:443(47.97.106.171:443)
2023-05-04 05:25:36.932	- Info  -	[CUDPLibWrapper] map size: 0, value: 
2023-05-04 05:25:36.932	- Info  -	[service] stop listen OK
2023-05-04 05:25:36.948	- Info  -	[service] stop all projections
2023-05-04 05:25:36.948	- Info  -	[discover] Client NotifyDiscover type=6
2023-05-04 05:25:37.343	- Info  -	[http call3] id:5, url:https://sl-log.oray.net/slclientlog, status code:200
2023-05-04 05:25:38.046	- Info  -	[http call3] disconnect, error( 10054 )
2023-05-04 05:25:39.970	* Error *	[hidden_wnd] Message Thread Exit wrong: 258
2023-05-04 05:25:39.990	- Info  -	[CUDPLibWrapper] map size: 0, value: 
2023-05-04 05:25:39.992	- Info  -	Terminate OK
2023-05-04 05:25:39.997	- Info  -	Terminate OK
2023-05-04 05:25:40.006	- Info  -	[service] stop all projections
2023-05-04 05:25:40.029	- Info  -	program service is exit 
