2023-03-06 09:12:40.480	- Info  -	version:3.2.1.40406
2023-03-06 09:12:40.622	- Info  -	[dlg_main] on_create
2023-03-06 09:12:40.774	- Info  -	attempt to connect server 127.0.0.1:16308(127.0.0.1:16308)
2023-03-06 09:12:40.908	- Info  -	[shell] OnConnect
2023-03-06 09:12:40.910	- Info  -	[shell] status_changed:0
2023-03-06 09:12:42.121	- Info  -	[dlg_main] init_fastcode_histroy
2023-03-06 09:12:42.153	- Info  -	[http call3] new call id:1, url:https://ddns.oray.com/checkip?clean=1
2023-03-06 09:12:42.154	- Info  -	[dlg_main] on_create end
2023-03-06 09:12:42.269	- Info  -	[http call3] id:1 create new connection : https://ddns.oray.com:443
2023-03-06 09:12:42.403	* Error *	[oray][erroCode] errorcode=ORAY_ERROR_DOMAIN_RESOLVED_FAILED(57394), product=0, type=3, inner code=50 [CSockConnector::ConnectSock:229]
2023-03-06 09:12:45.141	- Info  -	[shell] status_changed:2
2023-03-06 09:13:12.415	- Info  -	[http call3] disconnect, error( 0 )
2023-03-06 09:13:12.415	- Info  -	[http call3] disconnect id:1, error( 0 )
2023-03-06 09:13:15.411	- Info  -	[shell] status_changed:0
2023-03-06 09:15:17.279	- Info  -	[shell] status_changed:2
2023-03-06 09:15:47.307	- Info  -	[shell] status_changed:0
2023-03-06 09:17:48.443	- Info  -	[shell] status_changed:2
2023-03-06 09:18:18.455	- Info  -	[shell] status_changed:0
2023-03-06 09:20:19.516	- Info  -	[shell] status_changed:2
2023-03-06 09:20:49.564	- Info  -	[shell] status_changed:0
2023-03-06 09:22:50.623	- Info  -	[shell] status_changed:2
2023-03-06 09:23:20.655	- Info  -	[shell] status_changed:0
2023-03-06 09:25:21.665	- Info  -	[shell] status_changed:2
2023-03-06 09:25:51.690	- Info  -	[shell] status_changed:0
2023-03-06 09:27:48.426	- Info  -	[shell] status_changed:2
2023-03-06 09:27:49.880	- Info  -	[shell] status_changed:0
2023-03-06 09:28:06.411	- Info  -	[shell] status_changed:2
2023-03-06 09:28:06.411	- Info  -	[http call3] new call id:2, url:sl-tk.oray.com/track
2023-03-06 09:28:06.413	- Info  -	[http call3] id:2 create new connection : ://sl-tk.oray.com:80
2023-03-06 09:28:06.450	- Info  -	attempt to connect server sl-tk.oray.com:80(47.96.86.133:80)
2023-03-06 09:28:07.105	- Info  -	[http call3] id:2, url:sl-tk.oray.com/track, status code:200
2023-03-06 09:28:07.105	- Info  -	upload data success!
2023-03-06 09:28:07.944	- Info  -	[shell] status_changed:1
2023-03-06 09:28:07.974	- Info  -	sensors init with file: C:/ProgramData/Oray/SunloginClient/sensors/datas
2023-03-06 09:28:07.981	- Info  -	[http call3] new call id:3, url:https://slapi.oray.net/client/free-tips
2023-03-06 09:28:07.990	- Info  -	[http call3] id:3 create new connection : https://slapi.oray.net:443
2023-03-06 09:28:07.991	- Info  -	attempt to connect server slapi.oray.net:443(121.40.200.192:443)
2023-03-06 09:28:09.237	- Info  -	[http call3] id:3, url:https://slapi.oray.net/client/free-tips, status code:200
2023-03-06 09:28:24.225	* Error *	SSLStream::IsWantReadWrite|peer(121.40.200.192:443), SSL_read failed( 6 ), error:00000000:lib(0):func(0):reason(0), file( ..\includes\common\phstream\SSLStream.cpp:1898 )
2023-03-06 09:28:24.225	- Info  -	[http call3] disconnect, error( 0 )
2023-03-06 09:28:44.300	+Warning+	[passive:keepalive:] 47.96.86.133:80 disconnect by keepalive timeout(1026296>=989093+30000)
2023-03-06 09:28:44.300	+Warning+	[oray][erroCode] errorcode=ORAY_ERROR_PHSTREAM_KEEPALIVE_TIMEOUT(57351), product=0, type=3, inner code=7 [CPassiveKeepAliveHandler::Done:141]
2023-03-06 09:28:44.301	- Info  -	[http call3] disconnect, error( 57351 )
2023-03-06 09:46:59.237	* Error *	sensors data send failed!
2023-03-06 10:15:43.012	* Error *	sensors data send failed!
2023-03-06 10:15:45.772	* Error *	sensors data send failed!
2023-03-06 10:16:05.107	* Error *	sensors data send failed!
