2022-12-27 14:32:04.448	- Info  -	version:3.2.1.40406
2022-12-27 14:32:04.598	- Info  -	[dlg_main] on_create
2022-12-27 14:32:04.684	- Info  -	attempt to connect server 127.0.0.1:16308(127.0.0.1:16308)
2022-12-27 14:32:04.799	- Info  -	[shell] OnConnect
2022-12-27 14:32:04.800	- Info  -	[shell] status_changed:1
2022-12-27 14:32:06.126	- Info  -	[dlg_main] init_fastcode_histroy
2022-12-27 14:32:06.333	- Info  -	[http call3] new call id:1, url:https://ddns.oray.com/checkip?clean=1
2022-12-27 14:32:06.334	- Info  -	[dlg_main] on_create end
2022-12-27 14:32:06.455	- Info  -	sensors init with file: C:/ProgramData/Oray/SunloginClient/sensors/datas
2022-12-27 14:32:06.478	- Info  -	[http call3] id:1 create new connection : https://ddns.oray.com:443
2022-12-27 14:32:06.615	- Info  -	[http call3] new call id:2, url:https://slapi.oray.net/client/free-tips
2022-12-27 14:32:06.688	- Info  -	attempt to connect server ddns.oray.com:443(114.215.189.130:443)
2022-12-27 14:32:06.689	- Info  -	[http call3] id:2 create new connection : https://slapi.oray.net:443
2022-12-27 14:32:06.690	- Info  -	attempt to connect server slapi.oray.net:443(121.40.99.129:443)
2022-12-27 14:32:07.237	- Info  -	[http call3] id:1, url:https://ddns.oray.com/checkip?clean=1, status code:200
2022-12-27 14:32:07.347	- Info  -	[http call3] id:2, url:https://slapi.oray.net/client/free-tips, status code:200
2022-12-27 14:32:22.354	* Error *	SSLStream::IsWantReadWrite|peer(121.40.99.129:443), SSL_read failed( 6 ), error:00000000:lib(0):func(0):reason(0), file( ..\includes\common\phstream\SSLStream.cpp:1898 )
2022-12-27 14:32:22.354	- Info  -	[http call3] disconnect, error( 0 )
2022-12-27 14:32:37.238	* Error *	SSLStream::IsWantReadWrite|peer(114.215.189.130:443), SSL_read failed( 6 ), error:00000000:lib(0):func(0):reason(0), file( ..\includes\common\phstream\SSLStream.cpp:1898 )
2022-12-27 14:32:37.239	- Info  -	[http call3] disconnect, error( 0 )
2022-12-27 14:39:31.253	- Info  -	[shell] status_changed:0
2022-12-27 14:40:02.902	- Info  -	[shell] status_changed:2
2022-12-27 14:40:04.276	- Info  -	[shell] status_changed:1
2022-12-27 14:40:04.347	- Info  -	[http call3] new call id:3, url:https://slapi.oray.net/client/free-tips
2022-12-27 14:40:04.376	- Info  -	[http call3] id:3 create new connection : https://slapi.oray.net:443
2022-12-27 14:40:04.383	- Info  -	attempt to connect server slapi.oray.net:443(121.40.99.129:443)
2022-12-27 14:40:04.926	- Info  -	[http call3] id:3, url:https://slapi.oray.net/client/free-tips, status code:200
2022-12-27 14:40:19.939	* Error *	SSLStream::IsWantReadWrite|peer(121.40.99.129:443), SSL_read failed( 6 ), error:00000000:lib(0):func(0):reason(0), file( ..\includes\common\phstream\SSLStream.cpp:1898 )
2022-12-27 14:40:19.940	- Info  -	[http call3] disconnect, error( 0 )
2022-12-27 14:58:34.353	- Info  -	[shell] status_changed:0
2022-12-27 14:58:49.381	- Info  -	[shell] status_changed:2
2022-12-27 14:58:50.158	- Info  -	[shell] status_changed:1
2022-12-27 14:58:50.189	- Info  -	[http call3] new call id:4, url:https://slapi.oray.net/client/free-tips
2022-12-27 14:58:50.217	- Info  -	[http call3] id:4 create new connection : https://slapi.oray.net:443
2022-12-27 14:58:50.297	- Info  -	attempt to connect server slapi.oray.net:443(121.40.200.192:443)
2022-12-27 14:58:50.574	- Info  -	[http call3] id:4, url:https://slapi.oray.net/client/free-tips, status code:200
2022-12-27 14:59:05.567	* Error *	SSLStream::IsWantReadWrite|peer(121.40.200.192:443), SSL_read failed( 6 ), error:00000000:lib(0):func(0):reason(0), file( ..\includes\common\phstream\SSLStream.cpp:1898 )
2022-12-27 14:59:05.567	- Info  -	[http call3] disconnect, error( 0 )
2022-12-27 15:08:22.779	- Info  -	[shell] status_changed:0
2022-12-27 15:08:53.112	- Info  -	[shell] status_changed:2
2022-12-27 15:08:53.854	- Info  -	[shell] status_changed:1
2022-12-27 15:08:53.886	- Info  -	[http call3] new call id:5, url:https://slapi.oray.net/client/free-tips
2022-12-27 15:08:53.902	- Info  -	[http call3] id:5 create new connection : https://slapi.oray.net:443
2022-12-27 15:08:53.944	- Info  -	attempt to connect server slapi.oray.net:443(121.40.99.129:443)
2022-12-27 15:08:54.229	- Info  -	[http call3] id:5, url:https://slapi.oray.net/client/free-tips, status code:200
2022-12-27 15:09:09.229	* Error *	SSLStream::IsWantReadWrite|peer(121.40.99.129:443), SSL_read failed( 6 ), error:00000000:lib(0):func(0):reason(0), file( ..\includes\common\phstream\SSLStream.cpp:1898 )
2022-12-27 15:09:09.229	- Info  -	[http call3] disconnect, error( 0 )
2022-12-27 15:48:31.906	- Info  -	[shell] status_changed:0
2022-12-27 15:48:44.678	- Info  -	[shell] status_changed:2
2022-12-27 15:48:46.558	- Info  -	[shell] status_changed:1
2022-12-27 15:48:46.639	- Info  -	[http call3] new call id:6, url:https://slapi.oray.net/client/free-tips
2022-12-27 15:48:46.715	- Info  -	[http call3] id:6 create new connection : https://slapi.oray.net:443
2022-12-27 15:48:47.104	- Info  -	attempt to connect server slapi.oray.net:443(121.40.200.192:443)
2022-12-27 15:48:47.891	- Info  -	[http call3] id:6, url:https://slapi.oray.net/client/free-tips, status code:200
2022-12-27 15:49:02.884	* Error *	SSLStream::IsWantReadWrite|peer(121.40.200.192:443), SSL_read failed( 6 ), error:00000000:lib(0):func(0):reason(0), file( ..\includes\common\phstream\SSLStream.cpp:1898 )
2022-12-27 15:49:02.884	- Info  -	[http call3] disconnect, error( 0 )
2022-12-27 16:05:47.396	- Info  -	[shell] status_changed:0
2022-12-27 16:06:03.123	- Info  -	[shell] status_changed:2
2022-12-27 16:06:04.258	- Info  -	[shell] status_changed:1
2022-12-27 16:06:04.345	- Info  -	[http call3] new call id:7, url:https://slapi.oray.net/client/free-tips
2022-12-27 16:06:04.368	- Info  -	[http call3] id:7 create new connection : https://slapi.oray.net:443
2022-12-27 16:06:04.369	- Info  -	attempt to connect server slapi.oray.net:443(121.40.200.192:443)
2022-12-27 16:06:04.982	- Info  -	[http call3] id:7, url:https://slapi.oray.net/client/free-tips, status code:200
2022-12-27 16:06:19.980	* Error *	SSLStream::IsWantReadWrite|peer(121.40.200.192:443), SSL_read failed( 6 ), error:00000000:lib(0):func(0):reason(0), file( ..\includes\common\phstream\SSLStream.cpp:1898 )
2022-12-27 16:06:19.982	- Info  -	[http call3] disconnect, error( 0 )
2022-12-27 16:25:25.047	- Info  -	[shell] status_changed:0
2022-12-27 16:25:39.629	- Info  -	[shell] status_changed:2
2022-12-27 16:25:40.765	- Info  -	[shell] status_changed:1
2022-12-27 16:25:40.789	- Info  -	[http call3] new call id:8, url:https://slapi.oray.net/client/free-tips
2022-12-27 16:25:40.794	- Info  -	[http call3] id:8 create new connection : https://slapi.oray.net:443
2022-12-27 16:25:40.795	- Info  -	attempt to connect server slapi.oray.net:443(121.40.200.192:443)
2022-12-27 16:25:41.095	- Info  -	[http call3] id:8, url:https://slapi.oray.net/client/free-tips, status code:200
2022-12-27 16:25:41.473	- Info  -	[shell] status_changed:0
2022-12-27 16:26:14.500	+Warning+	[passive:keepalive:] 121.40.200.192:443 disconnect by keepalive timeout(6912406>=6879000+30000)
2022-12-27 16:26:14.500	+Warning+	[oray][erroCode] errorcode=ORAY_ERROR_PHSTREAM_KEEPALIVE_TIMEOUT(57351), product=0, type=3, inner code=7 [CPassiveKeepAliveHandler::Done:141]
2022-12-27 16:26:14.500	- Info  -	[http call3] disconnect, error( 57351 )
2022-12-27 16:26:21.145	- Info  -	[shell] status_changed:2
2022-12-27 16:26:22.736	- Info  -	[shell] status_changed:1
2022-12-27 16:26:22.771	- Info  -	[http call3] new call id:9, url:https://slapi.oray.net/client/free-tips
2022-12-27 16:26:22.777	- Info  -	[http call3] id:9 create new connection : https://slapi.oray.net:443
2022-12-27 16:26:22.883	- Info  -	attempt to connect server slapi.oray.net:443(121.40.200.192:443)
2022-12-27 16:26:23.201	- Info  -	[http call3] id:9, url:https://slapi.oray.net/client/free-tips, status code:200
2022-12-27 16:26:38.219	* Error *	SSLStream::IsWantReadWrite|peer(121.40.200.192:443), SSL_read failed( 6 ), error:00000000:lib(0):func(0):reason(0), file( ..\includes\common\phstream\SSLStream.cpp:1898 )
2022-12-27 16:26:38.219	- Info  -	[http call3] disconnect, error( 0 )
2022-12-27 17:16:22.664	- Info  -	[shell] status_changed:0
2022-12-27 17:43:25.671	- Info  -	[shell] status_changed:2
2022-12-27 17:43:27.452	- Info  -	[shell] status_changed:1
2022-12-27 17:43:27.486	- Info  -	[http call3] new call id:10, url:https://slapi.oray.net/client/free-tips
2022-12-27 17:43:27.498	- Info  -	[http call3] id:10 create new connection : https://slapi.oray.net:443
2022-12-27 17:43:27.548	- Info  -	attempt to connect server slapi.oray.net:443(121.40.200.192:443)
2022-12-27 17:43:27.979	- Info  -	[http call3] id:10, url:https://slapi.oray.net/client/free-tips, status code:200
2022-12-27 17:43:42.961	* Error *	SSLStream::IsWantReadWrite|peer(121.40.200.192:443), SSL_read failed( 6 ), error:00000000:lib(0):func(0):reason(0), file( ..\includes\common\phstream\SSLStream.cpp:1898 )
2022-12-27 17:43:42.961	- Info  -	[http call3] disconnect, error( 0 )
2022-12-27 17:50:59.310	- Info  -	[shell] status_changed:0
2022-12-27 18:42:20.437	- Info  -	[shell] status_changed:2
2022-12-27 18:42:50.503	- Info  -	[shell] status_changed:2
2022-12-27 18:42:50.504	- Info  -	[shell] status_changed:2
2022-12-27 18:42:51.179	- Info  -	[shell] status_changed:1
2022-12-27 18:42:51.229	- Info  -	[http call3] new call id:11, url:https://slapi.oray.net/client/free-tips
2022-12-27 18:42:51.232	- Info  -	[http call3] id:11 create new connection : https://slapi.oray.net:443
2022-12-27 18:42:51.244	- Info  -	attempt to connect server slapi.oray.net:443(121.40.200.192:443)
2022-12-27 18:42:51.458	- Info  -	[http call3] id:11, url:https://slapi.oray.net/client/free-tips, status code:200
2022-12-27 18:43:06.452	* Error *	SSLStream::IsWantReadWrite|peer(121.40.200.192:443), SSL_read failed( 6 ), error:00000000:lib(0):func(0):reason(0), file( ..\includes\common\phstream\SSLStream.cpp:1898 )
2022-12-27 18:43:06.452	- Info  -	[http call3] disconnect, error( 0 )
2022-12-27 19:01:21.084	- Info  -	[shell] status_changed:2
2022-12-27 19:01:21.085	- Info  -	[shell] status_changed:2
2022-12-27 19:01:21.722	- Info  -	[shell] status_changed:1
2022-12-27 19:01:21.776	- Info  -	[http call3] new call id:12, url:https://slapi.oray.net/client/free-tips
2022-12-27 19:01:21.779	- Info  -	[http call3] id:12 create new connection : https://slapi.oray.net:443
2022-12-27 19:01:21.780	- Info  -	attempt to connect server slapi.oray.net:443(121.40.200.192:443)
2022-12-27 19:01:22.045	- Info  -	[http call3] id:12, url:https://slapi.oray.net/client/free-tips, status code:200
2022-12-27 19:01:37.044	* Error *	SSLStream::IsWantReadWrite|peer(121.40.200.192:443), SSL_read failed( 6 ), error:00000000:lib(0):func(0):reason(0), file( ..\includes\common\phstream\SSLStream.cpp:1898 )
2022-12-27 19:01:37.044	- Info  -	[http call3] disconnect, error( 0 )
2022-12-27 22:31:29.585	- Info  -	[shell] status_changed:0
2022-12-28 09:39:52.804	- Info  -	[shell] status_changed:2
2022-12-28 09:40:22.972	- Info  -	[shell] status_changed:2
2022-12-28 09:40:22.974	- Info  -	[shell] status_changed:2
2022-12-28 09:40:23.689	- Info  -	[shell] status_changed:1
2022-12-28 09:40:23.750	- Info  -	[http call3] new call id:13, url:https://slapi.oray.net/client/free-tips
2022-12-28 09:40:23.774	- Info  -	[http call3] id:13 create new connection : https://slapi.oray.net:443
2022-12-28 09:40:23.787	- Info  -	attempt to connect server slapi.oray.net:443(121.40.200.192:443)
2022-12-28 09:40:24.045	- Info  -	[http call3] id:13, url:https://slapi.oray.net/client/free-tips, status code:200
2022-12-28 09:40:39.049	* Error *	SSLStream::IsWantReadWrite|peer(121.40.200.192:443), SSL_read failed( 6 ), error:00000000:lib(0):func(0):reason(0), file( ..\includes\common\phstream\SSLStream.cpp:1898 )
2022-12-28 09:40:39.049	- Info  -	[http call3] disconnect, error( 0 )
2022-12-28 11:48:24.373	- Info  -	[shell] status_changed:0
2022-12-28 13:36:07.245	- Info  -	[shell] status_changed:2
2022-12-28 13:36:37.312	- Info  -	[shell] status_changed:2
2022-12-28 13:36:37.313	- Info  -	[shell] status_changed:2
2022-12-28 13:36:38.184	- Info  -	[shell] status_changed:1
2022-12-28 13:36:38.238	- Info  -	[http call3] new call id:14, url:https://slapi.oray.net/client/free-tips
2022-12-28 13:36:38.241	- Info  -	[http call3] id:14 create new connection : https://slapi.oray.net:443
2022-12-28 13:36:38.260	- Info  -	attempt to connect server slapi.oray.net:443(121.40.200.192:443)
2022-12-28 13:36:38.534	- Info  -	[http call3] id:14, url:https://slapi.oray.net/client/free-tips, status code:200
2022-12-28 13:36:53.533	* Error *	SSLStream::IsWantReadWrite|peer(121.40.200.192:443), SSL_read failed( 6 ), error:00000000:lib(0):func(0):reason(0), file( ..\includes\common\phstream\SSLStream.cpp:1898 )
2022-12-28 13:36:53.533	- Info  -	[http call3] disconnect, error( 0 )
2022-12-28 14:32:27.270	- Info  -	[shell] status_changed:0
2022-12-28 14:34:39.809	- Info  -	[shell] status_changed:2
2022-12-28 14:34:41.376	- Info  -	[shell] status_changed:1
2022-12-28 14:34:41.408	- Info  -	[http call3] new call id:15, url:https://slapi.oray.net/client/free-tips
2022-12-28 14:34:41.437	- Info  -	[http call3] id:15 create new connection : https://slapi.oray.net:443
2022-12-28 14:34:41.454	- Info  -	attempt to connect server slapi.oray.net:443(121.40.200.192:443)
2022-12-28 14:34:41.824	- Info  -	[http call3] id:15, url:https://slapi.oray.net/client/free-tips, status code:200
2022-12-28 14:34:56.815	* Error *	SSLStream::IsWantReadWrite|peer(121.40.200.192:443), SSL_read failed( 6 ), error:00000000:lib(0):func(0):reason(0), file( ..\includes\common\phstream\SSLStream.cpp:1898 )
2022-12-28 14:34:56.816	- Info  -	[http call3] disconnect, error( 0 )
2022-12-28 14:41:11.295	- Info  -	[shell] status_changed:2
2022-12-28 14:41:11.295	- Info  -	[shell] status_changed:2
2022-12-28 14:41:11.975	- Info  -	[shell] status_changed:1
2022-12-28 14:41:12.012	- Info  -	[http call3] new call id:16, url:https://slapi.oray.net/client/free-tips
2022-12-28 14:41:12.012	- Info  -	[http call3] id:16 create new connection : https://slapi.oray.net:443
2022-12-28 14:41:12.012	- Info  -	attempt to connect server slapi.oray.net:443(121.40.200.192:443)
2022-12-28 14:41:12.260	- Info  -	[http call3] id:16, url:https://slapi.oray.net/client/free-tips, status code:200
2022-12-28 14:41:24.594	- Info  -	[shell] status_changed:0
2022-12-28 14:50:20.508	+Warning+	[passive:keepalive:] 121.40.200.192:443 disconnect by keepalive timeout(87558406>=87010156+30000)
2022-12-28 14:50:20.508	+Warning+	[oray][erroCode] errorcode=ORAY_ERROR_PHSTREAM_KEEPALIVE_TIMEOUT(57351), product=0, type=3, inner code=7 [CPassiveKeepAliveHandler::Done:141]
2022-12-28 14:50:20.508	- Info  -	[http call3] disconnect, error( 57351 )
2022-12-28 14:50:27.673	- Info  -	[shell] status_changed:2
2022-12-28 14:50:28.889	- Info  -	[shell] status_changed:1
2022-12-28 14:50:28.917	- Info  -	[http call3] new call id:17, url:https://slapi.oray.net/client/free-tips
2022-12-28 14:50:28.921	- Info  -	[http call3] id:17 create new connection : https://slapi.oray.net:443
2022-12-28 14:50:28.922	- Info  -	attempt to connect server slapi.oray.net:443(121.40.200.192:443)
2022-12-28 14:50:29.296	- Info  -	[http call3] id:17, url:https://slapi.oray.net/client/free-tips, status code:200
2022-12-28 14:50:44.289	* Error *	SSLStream::IsWantReadWrite|peer(121.40.200.192:443), SSL_read failed( 6 ), error:00000000:lib(0):func(0):reason(0), file( ..\includes\common\phstream\SSLStream.cpp:1898 )
2022-12-28 14:50:44.289	- Info  -	[http call3] disconnect, error( 0 )
2022-12-28 16:14:20.031	- Info  -	[shell] status_changed:0
2022-12-28 16:48:44.813	- Info  -	[shell] status_changed:2
2022-12-28 16:49:14.818	- Info  -	[shell] status_changed:2
2022-12-28 16:49:14.819	- Info  -	[shell] status_changed:2
2022-12-28 16:49:15.415	- Info  -	[shell] status_changed:1
2022-12-28 16:49:15.448	- Info  -	[http call3] new call id:18, url:https://slapi.oray.net/client/free-tips
2022-12-28 16:49:15.471	- Info  -	[http call3] id:18 create new connection : https://slapi.oray.net:443
2022-12-28 16:49:15.474	- Info  -	attempt to connect server slapi.oray.net:443(121.40.200.192:443)
2022-12-28 16:49:15.829	- Info  -	[http call3] id:18, url:https://slapi.oray.net/client/free-tips, status code:200
2022-12-28 16:49:30.830	* Error *	SSLStream::IsWantReadWrite|peer(121.40.200.192:443), SSL_read failed( 6 ), error:00000000:lib(0):func(0):reason(0), file( ..\includes\common\phstream\SSLStream.cpp:1898 )
2022-12-28 16:49:30.830	- Info  -	[http call3] disconnect, error( 0 )
2022-12-28 17:00:38.873	- Info  -	[shell] status_changed:0
2022-12-28 17:08:27.422	- Info  -	[shell] status_changed:2
2022-12-28 17:08:28.369	- Info  -	[shell] status_changed:1
2022-12-28 17:08:28.399	- Info  -	[http call3] new call id:19, url:https://slapi.oray.net/client/free-tips
2022-12-28 17:08:28.421	- Info  -	[http call3] id:19 create new connection : https://slapi.oray.net:443
2022-12-28 17:08:28.769	- Info  -	attempt to connect server slapi.oray.net:443(121.40.200.192:443)
2022-12-28 17:08:29.228	- Info  -	[http call3] id:19, url:https://slapi.oray.net/client/free-tips, status code:200
2022-12-28 17:08:44.222	* Error *	SSLStream::IsWantReadWrite|peer(121.40.200.192:443), SSL_read failed( 6 ), error:00000000:lib(0):func(0):reason(0), file( ..\includes\common\phstream\SSLStream.cpp:1898 )
2022-12-28 17:08:44.222	- Info  -	[http call3] disconnect, error( 0 )
2022-12-28 17:49:02.047	- Info  -	[shell] status_changed:0
2022-12-28 17:49:16.195	- Info  -	[shell] status_changed:2
2022-12-28 17:49:17.332	- Info  -	[shell] status_changed:1
2022-12-28 17:49:17.363	- Info  -	[http call3] new call id:20, url:https://slapi.oray.net/client/free-tips
2022-12-28 17:49:17.387	- Info  -	[http call3] id:20 create new connection : https://slapi.oray.net:443
2022-12-28 17:49:17.397	- Info  -	attempt to connect server slapi.oray.net:443(121.40.200.192:443)
2022-12-28 17:49:17.712	- Info  -	[http call3] id:20, url:https://slapi.oray.net/client/free-tips, status code:200
2022-12-28 17:49:32.704	* Error *	SSLStream::IsWantReadWrite|peer(121.40.200.192:443), SSL_read failed( 6 ), error:00000000:lib(0):func(0):reason(0), file( ..\includes\common\phstream\SSLStream.cpp:1898 )
2022-12-28 17:49:32.705	- Info  -	[http call3] disconnect, error( 0 )
2022-12-28 18:39:51.291	- Info  -	[shell] status_changed:0
2022-12-28 19:14:08.395	- Info  -	[shell] status_changed:2
2022-12-28 19:14:09.336	- Info  -	[shell] status_changed:1
2022-12-28 19:14:09.371	- Info  -	[http call3] new call id:21, url:https://slapi.oray.net/client/free-tips
2022-12-28 19:14:09.381	- Info  -	[http call3] id:21 create new connection : https://slapi.oray.net:443
2022-12-28 19:14:09.389	- Info  -	attempt to connect server slapi.oray.net:443(121.40.200.192:443)
2022-12-28 19:14:09.580	- Info  -	[http call3] id:21, url:https://slapi.oray.net/client/free-tips, status code:200
2022-12-28 19:14:24.590	* Error *	SSLStream::IsWantReadWrite|peer(121.40.200.192:443), SSL_read failed( 6 ), error:00000000:lib(0):func(0):reason(0), file( ..\includes\common\phstream\SSLStream.cpp:1898 )
2022-12-28 19:14:24.591	- Info  -	[http call3] disconnect, error( 0 )
2022-12-28 22:28:45.402	- Info  -	[shell] status_changed:0
2022-12-29 08:41:33.407	- Info  -	[shell] status_changed:2
2022-12-29 08:42:03.547	- Info  -	[shell] status_changed:2
2022-12-29 08:42:03.548	- Info  -	[shell] status_changed:2
2022-12-29 08:42:33.686	- Info  -	[shell] status_changed:0
2022-12-29 09:02:54.845	- Info  -	[shell] status_changed:2
2022-12-29 09:03:24.912	- Info  -	[shell] status_changed:0
2022-12-29 09:05:26.150	- Info  -	[shell] status_changed:2
2022-12-29 09:05:56.166	- Info  -	[shell] status_changed:0
2022-12-29 09:07:57.970	- Info  -	[shell] status_changed:2
2022-12-29 09:08:28.078	- Info  -	[shell] status_changed:0
2022-12-29 09:10:30.995	- Info  -	[shell] status_changed:2
2022-12-29 09:11:01.005	- Info  -	[shell] status_changed:0
2022-12-29 09:13:02.136	- Info  -	[shell] status_changed:2
2022-12-29 09:13:32.159	- Info  -	[shell] status_changed:0
2022-12-29 09:15:33.336	- Info  -	[shell] status_changed:2
2022-12-29 09:16:03.354	- Info  -	[shell] status_changed:0
2022-12-29 09:18:04.550	- Info  -	[shell] status_changed:2
2022-12-29 09:18:34.578	- Info  -	[shell] status_changed:0
2022-12-29 09:20:36.021	- Info  -	[shell] status_changed:2
2022-12-29 09:45:35.513	- Info  -	[shell] status_changed:0
2022-12-29 09:45:42.977	- Info  -	[shell] status_changed:2
2022-12-29 09:46:13.048	- Info  -	[shell] status_changed:0
2022-12-29 14:00:47.077	- Info  -	[shell] status_changed:2
2022-12-29 14:01:17.117	- Info  -	[shell] status_changed:0
2022-12-29 14:03:18.572	- Info  -	[shell] status_changed:2
2022-12-29 14:03:48.583	- Info  -	[shell] status_changed:0
2022-12-29 17:21:13.521	- Info  -	[shell] status_changed:2
2022-12-29 17:21:43.707	- Info  -	[shell] status_changed:0
2022-12-29 18:53:06.355	- Info  -	[shell] status_changed:2
2022-12-29 18:53:36.377	- Info  -	[shell] status_changed:0
2022-12-29 18:55:37.505	- Info  -	[shell] status_changed:2
2022-12-29 18:56:07.550	- Info  -	[shell] status_changed:0
2022-12-29 18:58:07.558	- Info  -	[shell] status_changed:2
2022-12-29 18:58:08.725	- Info  -	[shell] status_changed:1
2022-12-29 18:58:08.807	- Info  -	[http call3] new call id:22, url:https://slapi.oray.net/client/free-tips
2022-12-29 18:58:08.815	- Info  -	[http call3] id:22 create new connection : https://slapi.oray.net:443
2022-12-29 18:58:08.843	- Info  -	attempt to connect server slapi.oray.net:443(121.40.200.192:443)
2022-12-29 18:58:09.113	- Info  -	[http call3] id:22, url:https://slapi.oray.net/client/free-tips, status code:200
2022-12-29 18:58:24.110	* Error *	SSLStream::IsWantReadWrite|peer(121.40.200.192:443), SSL_read failed( 6 ), error:00000000:lib(0):func(0):reason(0), file( ..\includes\common\phstream\SSLStream.cpp:1898 )
2022-12-29 18:58:24.110	- Info  -	[http call3] disconnect, error( 0 )
2022-12-29 22:53:15.469	- Info  -	[shell] status_changed:0
2022-12-30 07:31:27.108	- Info  -	[shell] status_changed:2
2022-12-30 07:31:57.203	- Info  -	[shell] status_changed:2
2022-12-30 07:31:57.204	- Info  -	[shell] status_changed:2
2022-12-30 07:31:58.529	- Info  -	[shell] status_changed:1
2022-12-30 07:31:58.557	- Info  -	[http call3] new call id:23, url:https://slapi.oray.net/client/free-tips
2022-12-30 07:31:58.594	- Info  -	[http call3] id:23 create new connection : https://slapi.oray.net:443
2022-12-30 07:31:58.597	- Info  -	attempt to connect server slapi.oray.net:443(121.40.200.192:443)
2022-12-30 07:31:58.876	- Info  -	[http call3] id:23, url:https://slapi.oray.net/client/free-tips, status code:200
2022-12-30 07:31:59.959	- Info  -	[shell] status_changed:0
2022-12-30 11:13:19.503	+Warning+	[passive:keepalive:] 121.40.200.192:443 disconnect by keepalive timeout(247338984>=234058359+30000)
2022-12-30 11:13:19.503	+Warning+	[oray][erroCode] errorcode=ORAY_ERROR_PHSTREAM_KEEPALIVE_TIMEOUT(57351), product=0, type=3, inner code=7 [CPassiveKeepAliveHandler::Done:141]
2022-12-30 11:13:19.503	- Info  -	[http call3] disconnect, error( 57351 )
2022-12-30 11:13:28.511	- Info  -	[shell] status_changed:2
2022-12-30 11:13:58.586	- Info  -	[shell] status_changed:2
2022-12-30 11:13:58.588	- Info  -	[shell] status_changed:2
2022-12-30 11:13:59.680	- Info  -	[shell] status_changed:1
2022-12-30 11:13:59.724	- Info  -	[http call3] new call id:24, url:https://slapi.oray.net/client/free-tips
2022-12-30 11:13:59.728	- Info  -	[http call3] id:24 create new connection : https://slapi.oray.net:443
2022-12-30 11:13:59.729	- Info  -	attempt to connect server slapi.oray.net:443(121.40.99.129:443)
2022-12-30 11:13:59.952	- Info  -	[http call3] id:24, url:https://slapi.oray.net/client/free-tips, status code:200
2022-12-30 11:14:14.954	* Error *	SSLStream::IsWantReadWrite|peer(121.40.99.129:443), SSL_read failed( 6 ), error:00000000:lib(0):func(0):reason(0), file( ..\includes\common\phstream\SSLStream.cpp:1898 )
2022-12-30 11:14:14.955	- Info  -	[http call3] disconnect, error( 0 )
2022-12-30 11:26:18.519	- Info  -	[shell] status_changed:0
2022-12-30 12:07:59.884	- Info  -	[shell] status_changed:2
2022-12-30 12:08:01.920	- Info  -	[shell] status_changed:1
2022-12-30 12:08:01.951	- Info  -	[http call3] new call id:25, url:https://slapi.oray.net/client/free-tips
2022-12-30 12:08:02.004	- Info  -	[http call3] id:25 create new connection : https://slapi.oray.net:443
2022-12-30 12:08:02.387	- Info  -	attempt to connect server slapi.oray.net:443(121.40.99.129:443)
2022-12-30 12:08:03.072	- Info  -	[http call3] id:25, url:https://slapi.oray.net/client/free-tips, status code:200
2022-12-30 12:08:18.055	* Error *	SSLStream::IsWantReadWrite|peer(121.40.99.129:443), SSL_read failed( 6 ), error:00000000:lib(0):func(0):reason(0), file( ..\includes\common\phstream\SSLStream.cpp:1898 )
2022-12-30 12:08:18.055	- Info  -	[http call3] disconnect, error( 0 )
2022-12-30 12:25:34.703	- Info  -	[shell] status_changed:0
2022-12-30 13:25:54.231	- Info  -	[shell] status_changed:2
2022-12-30 13:25:55.244	- Info  -	[shell] status_changed:1
2022-12-30 13:25:55.281	- Info  -	[http call3] new call id:26, url:https://slapi.oray.net/client/free-tips
2022-12-30 13:25:55.317	- Info  -	[http call3] id:26 create new connection : https://slapi.oray.net:443
2022-12-30 13:25:55.318	- Info  -	attempt to connect server slapi.oray.net:443(121.40.200.192:443)
2022-12-30 13:25:55.653	- Info  -	[http call3] id:26, url:https://slapi.oray.net/client/free-tips, status code:200
2022-12-30 13:26:10.652	* Error *	SSLStream::IsWantReadWrite|peer(121.40.200.192:443), SSL_read failed( 6 ), error:00000000:lib(0):func(0):reason(0), file( ..\includes\common\phstream\SSLStream.cpp:1898 )
2022-12-30 13:26:10.653	- Info  -	[http call3] disconnect, error( 0 )
2022-12-30 13:39:05.978	- Info  -	[shell] status_changed:0
2022-12-30 13:53:08.340	- Info  -	[shell] status_changed:2
2022-12-30 13:53:09.725	- Info  -	[shell] status_changed:1
2022-12-30 13:53:09.752	- Info  -	[http call3] new call id:27, url:https://slapi.oray.net/client/free-tips
2022-12-30 13:53:09.791	- Info  -	[http call3] id:27 create new connection : https://slapi.oray.net:443
2022-12-30 13:53:09.822	- Info  -	attempt to connect server slapi.oray.net:443(121.40.200.192:443)
2022-12-30 13:53:10.457	- Info  -	[http call3] id:27, url:https://slapi.oray.net/client/free-tips, status code:200
2022-12-30 13:53:25.456	* Error *	SSLStream::IsWantReadWrite|peer(121.40.200.192:443), SSL_read failed( 6 ), error:00000000:lib(0):func(0):reason(0), file( ..\includes\common\phstream\SSLStream.cpp:1898 )
2022-12-30 13:53:25.457	- Info  -	[http call3] disconnect, error( 0 )
2022-12-30 14:20:18.297	- Info  -	[shell] status_changed:0
2022-12-30 14:20:38.382	- Info  -	[shell] status_changed:2
2022-12-30 14:20:40.852	- Info  -	[shell] status_changed:1
2022-12-30 14:20:40.882	- Info  -	[http call3] new call id:28, url:https://slapi.oray.net/client/free-tips
2022-12-30 14:20:40.913	- Info  -	[http call3] id:28 create new connection : https://slapi.oray.net:443
2022-12-30 14:20:41.083	- Info  -	attempt to connect server slapi.oray.net:443(121.40.99.129:443)
2022-12-30 14:20:41.645	- Info  -	[http call3] id:28, url:https://slapi.oray.net/client/free-tips, status code:200
2022-12-30 14:20:56.641	* Error *	SSLStream::IsWantReadWrite|peer(121.40.99.129:443), SSL_read failed( 6 ), error:00000000:lib(0):func(0):reason(0), file( ..\includes\common\phstream\SSLStream.cpp:1898 )
2022-12-30 14:20:56.642	- Info  -	[http call3] disconnect, error( 0 )
2022-12-30 14:21:11.369	- Info  -	[shell] status_changed:0
2022-12-30 14:22:35.731	- Info  -	[shell] status_changed:2
2022-12-30 14:22:36.360	- Info  -	[shell] status_changed:1
2022-12-30 14:22:36.394	- Info  -	[http call3] new call id:29, url:https://slapi.oray.net/client/free-tips
2022-12-30 14:22:36.399	- Info  -	[http call3] id:29 create new connection : https://slapi.oray.net:443
2022-12-30 14:22:36.400	- Info  -	attempt to connect server slapi.oray.net:443(121.40.200.192:443)
2022-12-30 14:22:36.910	- Info  -	[http call3] id:29, url:https://slapi.oray.net/client/free-tips, status code:200
2022-12-30 14:22:51.902	* Error *	SSLStream::IsWantReadWrite|peer(121.40.200.192:443), SSL_read failed( 6 ), error:00000000:lib(0):func(0):reason(0), file( ..\includes\common\phstream\SSLStream.cpp:1898 )
2022-12-30 14:22:51.902	- Info  -	[http call3] disconnect, error( 0 )
2022-12-30 15:01:06.555	- Info  -	[shell] status_changed:0
2022-12-30 15:07:09.732	- Info  -	[shell] status_changed:2
2022-12-30 15:07:12.137	- Info  -	[shell] status_changed:1
2022-12-30 15:07:12.172	- Info  -	[http call3] new call id:30, url:https://slapi.oray.net/client/free-tips
2022-12-30 15:07:12.234	- Info  -	[http call3] id:30 create new connection : https://slapi.oray.net:443
2022-12-30 15:07:12.287	- Info  -	attempt to connect server slapi.oray.net:443(121.40.200.192:443)
2022-12-30 15:07:12.981	- Info  -	[http call3] id:30, url:https://slapi.oray.net/client/free-tips, status code:200
2022-12-30 15:07:27.978	* Error *	SSLStream::IsWantReadWrite|peer(121.40.200.192:443), SSL_read failed( 6 ), error:00000000:lib(0):func(0):reason(0), file( ..\includes\common\phstream\SSLStream.cpp:1898 )
2022-12-30 15:07:27.979	- Info  -	[http call3] disconnect, error( 0 )
2022-12-30 15:11:05.198	- Info  -	[shell] status_changed:0
2022-12-30 15:11:16.279	- Info  -	[shell] status_changed:2
2022-12-30 15:11:18.756	- Info  -	[shell] status_changed:1
2022-12-30 15:11:18.809	- Info  -	[http call3] new call id:31, url:https://slapi.oray.net/client/free-tips
2022-12-30 15:11:18.856	- Info  -	[http call3] id:31 create new connection : https://slapi.oray.net:443
2022-12-30 15:11:18.910	- Info  -	attempt to connect server slapi.oray.net:443(121.40.200.192:443)
2022-12-30 15:11:19.382	- Info  -	[http call3] id:31, url:https://slapi.oray.net/client/free-tips, status code:200
2022-12-30 15:11:34.377	* Error *	SSLStream::IsWantReadWrite|peer(121.40.200.192:443), SSL_read failed( 6 ), error:00000000:lib(0):func(0):reason(0), file( ..\includes\common\phstream\SSLStream.cpp:1898 )
2022-12-30 15:11:34.378	- Info  -	[http call3] disconnect, error( 0 )
2022-12-30 15:12:29.030	- Info  -	[shell] status_changed:0
2022-12-30 15:12:44.427	- Info  -	[shell] status_changed:2
2022-12-30 15:12:46.271	- Info  -	[shell] status_changed:1
2022-12-30 15:12:46.310	- Info  -	[http call3] new call id:32, url:https://slapi.oray.net/client/free-tips
2022-12-30 15:12:46.359	- Info  -	[http call3] id:32 create new connection : https://slapi.oray.net:443
2022-12-30 15:12:46.566	- Info  -	attempt to connect server slapi.oray.net:443(121.40.200.192:443)
2022-12-30 15:12:47.393	- Info  -	[http call3] id:32, url:https://slapi.oray.net/client/free-tips, status code:200
2022-12-30 15:13:02.396	* Error *	SSLStream::IsWantReadWrite|peer(121.40.200.192:443), SSL_read failed( 6 ), error:00000000:lib(0):func(0):reason(0), file( ..\includes\common\phstream\SSLStream.cpp:1898 )
2022-12-30 15:13:02.397	- Info  -	[http call3] disconnect, error( 0 )
2022-12-30 15:46:06.507	- Info  -	[shell] status_changed:0
2022-12-30 16:00:18.177	- Info  -	[shell] status_changed:2
2022-12-30 16:00:19.882	- Info  -	[shell] status_changed:1
2022-12-30 16:00:19.911	- Info  -	[http call3] new call id:33, url:https://slapi.oray.net/client/free-tips
2022-12-30 16:00:19.966	- Info  -	[http call3] id:33 create new connection : https://slapi.oray.net:443
2022-12-30 16:00:20.164	- Info  -	attempt to connect server slapi.oray.net:443(121.40.200.192:443)
2022-12-30 16:00:20.943	- Info  -	[http call3] id:33, url:https://slapi.oray.net/client/free-tips, status code:200
2022-12-30 16:00:35.937	* Error *	SSLStream::IsWantReadWrite|peer(121.40.200.192:443), SSL_read failed( 6 ), error:00000000:lib(0):func(0):reason(0), file( ..\includes\common\phstream\SSLStream.cpp:1898 )
2022-12-30 16:00:35.937	- Info  -	[http call3] disconnect, error( 0 )
2022-12-30 16:29:41.556	- Info  -	[shell] status_changed:0
2022-12-30 17:22:58.895	- Info  -	[shell] status_changed:2
2022-12-30 17:23:28.934	- Info  -	[shell] status_changed:2
2022-12-30 17:23:28.935	- Info  -	[shell] status_changed:2
2022-12-30 17:23:29.592	- Info  -	[shell] status_changed:1
2022-12-30 17:23:29.617	- Info  -	[http call3] new call id:34, url:https://slapi.oray.net/client/free-tips
2022-12-30 17:23:29.632	- Info  -	[http call3] id:34 create new connection : https://slapi.oray.net:443
2022-12-30 17:23:29.635	- Info  -	attempt to connect server slapi.oray.net:443(121.40.99.129:443)
2022-12-30 17:23:29.858	- Info  -	[http call3] id:34, url:https://slapi.oray.net/client/free-tips, status code:200
2022-12-30 17:23:44.861	* Error *	SSLStream::IsWantReadWrite|peer(121.40.99.129:443), SSL_read failed( 6 ), error:00000000:lib(0):func(0):reason(0), file( ..\includes\common\phstream\SSLStream.cpp:1898 )
2022-12-30 17:23:44.862	- Info  -	[http call3] disconnect, error( 0 )
2022-12-30 18:10:05.956	- Info  -	[shell] status_changed:0
2022-12-30 19:22:00.045	- Info  -	[shell] status_changed:2
2022-12-30 19:22:01.132	- Info  -	[shell] status_changed:1
2022-12-30 19:22:01.216	- Info  -	[http call3] new call id:35, url:https://slapi.oray.net/client/free-tips
2022-12-30 19:22:01.218	- Info  -	[http call3] id:35 create new connection : https://slapi.oray.net:443
2022-12-30 19:22:01.220	- Info  -	attempt to connect server slapi.oray.net:443(121.40.99.129:443)
2022-12-30 19:22:01.621	- Info  -	[http call3] id:35, url:https://slapi.oray.net/client/free-tips, status code:200
2022-12-30 19:22:07.342	- Info  -	[shell] status_changed:0
2022-12-30 19:41:27.507	+Warning+	[passive:keepalive:] 121.40.99.129:443 disconnect by keepalive timeout(277826984>=276661109+30000)
2022-12-30 19:41:27.507	+Warning+	[oray][erroCode] errorcode=ORAY_ERROR_PHSTREAM_KEEPALIVE_TIMEOUT(57351), product=0, type=3, inner code=7 [CPassiveKeepAliveHandler::Done:141]
2022-12-30 19:41:27.507	- Info  -	[http call3] disconnect, error( 57351 )
2022-12-30 19:41:32.688	- Info  -	[shell] status_changed:2
2022-12-30 19:41:33.832	- Info  -	[shell] status_changed:1
2022-12-30 19:41:33.867	- Info  -	[http call3] new call id:36, url:https://slapi.oray.net/client/free-tips
2022-12-30 19:41:33.870	- Info  -	[http call3] id:36 create new connection : https://slapi.oray.net:443
2022-12-30 19:41:34.018	- Info  -	attempt to connect server slapi.oray.net:443(121.40.200.192:443)
2022-12-30 19:41:34.354	- Info  -	[http call3] id:36, url:https://slapi.oray.net/client/free-tips, status code:200
2022-12-30 19:41:49.353	* Error *	SSLStream::IsWantReadWrite|peer(121.40.200.192:443), SSL_read failed( 6 ), error:00000000:lib(0):func(0):reason(0), file( ..\includes\common\phstream\SSLStream.cpp:1898 )
2022-12-30 19:41:49.353	- Info  -	[http call3] disconnect, error( 0 )
2022-12-30 19:43:29.179	- Info  -	[shell] status_changed:0
2022-12-30 19:43:46.581	- Info  -	[shell] status_changed:2
2022-12-30 19:44:16.707	- Info  -	[shell] status_changed:2
2022-12-30 19:44:16.709	- Info  -	[shell] status_changed:2
2022-12-30 19:44:17.297	- Info  -	[shell] status_changed:1
2022-12-30 19:44:17.341	- Info  -	[http call3] new call id:37, url:https://slapi.oray.net/client/free-tips
2022-12-30 19:44:17.347	- Info  -	[http call3] id:37 create new connection : https://slapi.oray.net:443
2022-12-30 19:44:17.373	- Info  -	attempt to connect server slapi.oray.net:443(121.40.200.192:443)
2022-12-30 19:44:17.613	- Info  -	[http call3] id:37, url:https://slapi.oray.net/client/free-tips, status code:200
2022-12-30 19:44:32.603	* Error *	SSLStream::IsWantReadWrite|peer(121.40.200.192:443), SSL_read failed( 6 ), error:00000000:lib(0):func(0):reason(0), file( ..\includes\common\phstream\SSLStream.cpp:1898 )
2022-12-30 19:44:32.603	- Info  -	[http call3] disconnect, error( 0 )
2022-12-30 20:09:29.043	- Info  -	[shell] status_changed:0
2022-12-30 20:11:29.499	- Info  -	[shell] status_changed:2
2022-12-30 20:11:31.572	- Info  -	[shell] status_changed:1
2022-12-30 20:11:31.601	- Info  -	[http call3] new call id:38, url:https://slapi.oray.net/client/free-tips
2022-12-30 20:11:31.604	- Info  -	[http call3] id:38 create new connection : https://slapi.oray.net:443
2022-12-30 20:11:31.606	- Info  -	attempt to connect server slapi.oray.net:443(121.40.200.192:443)
2022-12-30 20:11:31.858	- Info  -	[http call3] id:38, url:https://slapi.oray.net/client/free-tips, status code:200
2022-12-30 20:11:46.855	* Error *	SSLStream::IsWantReadWrite|peer(121.40.200.192:443), SSL_read failed( 6 ), error:00000000:lib(0):func(0):reason(0), file( ..\includes\common\phstream\SSLStream.cpp:1898 )
2022-12-30 20:11:46.855	- Info  -	[http call3] disconnect, error( 0 )
2022-12-30 21:43:23.070	- Info  -	[shell] status_changed:0
2022-12-31 10:23:21.952	- Info  -	[shell] status_changed:2
2022-12-31 10:23:52.022	- Info  -	[shell] status_changed:2
2022-12-31 10:23:52.023	- Info  -	[shell] status_changed:2
2022-12-31 10:23:51.759	- Info  -	[shell] status_changed:0
2022-12-31 12:56:51.710	- Info  -	[shell] status_changed:2
2022-12-31 12:56:52.979	- Info  -	[shell] status_changed:1
2022-12-31 12:56:53.031	- Info  -	[http call3] new call id:39, url:https://slapi.oray.net/client/free-tips
2022-12-31 12:56:53.085	- Info  -	[http call3] id:39 create new connection : https://slapi.oray.net:443
2022-12-31 12:56:53.132	- Info  -	attempt to connect server slapi.oray.net:443(121.40.99.129:443)
2022-12-31 12:56:53.472	- Info  -	[http call3] id:39, url:https://slapi.oray.net/client/free-tips, status code:200
2022-12-31 12:57:08.474	* Error *	SSLStream::IsWantReadWrite|peer(121.40.99.129:443), SSL_read failed( 6 ), error:00000000:lib(0):func(0):reason(0), file( ..\includes\common\phstream\SSLStream.cpp:1898 )
2022-12-31 12:57:08.475	- Info  -	[http call3] disconnect, error( 0 )
2022-12-31 13:12:05.684	- Info  -	[shell] status_changed:0
2022-12-31 13:13:38.509	- Info  -	[shell] status_changed:2
2022-12-31 13:13:40.070	- Info  -	[shell] status_changed:1
2022-12-31 13:13:40.164	- Info  -	[http call3] new call id:40, url:https://slapi.oray.net/client/free-tips
2022-12-31 13:13:40.257	- Info  -	[http call3] id:40 create new connection : https://slapi.oray.net:443
2022-12-31 13:13:40.259	- Info  -	attempt to connect server slapi.oray.net:443(121.40.200.192:443)
2022-12-31 13:13:40.663	- Info  -	[http call3] id:40, url:https://slapi.oray.net/client/free-tips, status code:200
2022-12-31 13:13:55.664	* Error *	SSLStream::IsWantReadWrite|peer(121.40.200.192:443), SSL_read failed( 6 ), error:00000000:lib(0):func(0):reason(0), file( ..\includes\common\phstream\SSLStream.cpp:1898 )
2022-12-31 13:13:55.674	- Info  -	[http call3] disconnect, error( 0 )
2022-12-31 14:21:33.279	- Info  -	[shell] status_changed:0
2022-12-31 15:07:50.461	- Info  -	[shell] status_changed:2
2022-12-31 15:07:52.376	- Info  -	[shell] status_changed:1
2022-12-31 15:07:52.408	- Info  -	[http call3] new call id:41, url:https://slapi.oray.net/client/free-tips
2022-12-31 15:07:52.422	- Info  -	[http call3] id:41 create new connection : https://slapi.oray.net:443
2022-12-31 15:07:52.424	- Info  -	attempt to connect server slapi.oray.net:443(121.40.99.129:443)
2022-12-31 15:07:52.816	- Info  -	[http call3] id:41, url:https://slapi.oray.net/client/free-tips, status code:200
2022-12-31 15:08:07.820	* Error *	SSLStream::IsWantReadWrite|peer(121.40.99.129:443), SSL_read failed( 6 ), error:00000000:lib(0):func(0):reason(0), file( ..\includes\common\phstream\SSLStream.cpp:1898 )
2022-12-31 15:08:07.820	- Info  -	[http call3] disconnect, error( 0 )
2022-12-31 15:11:14.727	- Info  -	[shell] status_changed:0
2022-12-31 15:17:27.348	- Info  -	[shell] status_changed:2
2022-12-31 15:17:28.869	- Info  -	[shell] status_changed:1
2022-12-31 15:17:29.014	- Info  -	[http call3] new call id:42, url:https://slapi.oray.net/client/free-tips
2022-12-31 15:17:29.076	- Info  -	[http call3] id:42 create new connection : https://slapi.oray.net:443
2022-12-31 15:17:29.348	- Info  -	attempt to connect server slapi.oray.net:443(121.40.99.129:443)
2022-12-31 15:17:29.799	- Info  -	[http call3] id:42, url:https://slapi.oray.net/client/free-tips, status code:200
2022-12-31 15:17:44.800	* Error *	SSLStream::IsWantReadWrite|peer(121.40.99.129:443), SSL_read failed( 6 ), error:00000000:lib(0):func(0):reason(0), file( ..\includes\common\phstream\SSLStream.cpp:1898 )
2022-12-31 15:17:44.801	- Info  -	[http call3] disconnect, error( 0 )
2022-12-31 15:28:38.240	- Info  -	[shell] status_changed:0
2022-12-31 15:37:03.602	- Info  -	[shell] status_changed:2
2022-12-31 15:37:04.351	- Info  -	[shell] status_changed:1
2022-12-31 15:37:04.380	- Info  -	[http call3] new call id:43, url:https://slapi.oray.net/client/free-tips
2022-12-31 15:37:04.440	- Info  -	[http call3] id:43 create new connection : https://slapi.oray.net:443
2022-12-31 15:37:04.456	- Info  -	attempt to connect server slapi.oray.net:443(121.40.200.192:443)
2022-12-31 15:37:04.929	- Info  -	[http call3] id:43, url:https://slapi.oray.net/client/free-tips, status code:200
2022-12-31 15:37:19.927	* Error *	SSLStream::IsWantReadWrite|peer(121.40.200.192:443), SSL_read failed( 6 ), error:00000000:lib(0):func(0):reason(0), file( ..\includes\common\phstream\SSLStream.cpp:1898 )
2022-12-31 15:37:19.927	- Info  -	[http call3] disconnect, error( 0 )
2022-12-31 16:19:55.127	- Info  -	[shell] status_changed:0
2022-12-31 17:21:15.695	- Info  -	[shell] status_changed:2
2022-12-31 17:21:45.734	- Info  -	[shell] status_changed:2
2022-12-31 17:21:45.735	- Info  -	[shell] status_changed:2
2022-12-31 17:21:46.348	- Info  -	[shell] status_changed:1
2022-12-31 17:21:46.391	- Info  -	[http call3] new call id:44, url:https://slapi.oray.net/client/free-tips
2022-12-31 17:21:46.412	- Info  -	[http call3] id:44 create new connection : https://slapi.oray.net:443
2022-12-31 17:21:46.413	- Info  -	attempt to connect server slapi.oray.net:443(121.40.99.129:443)
2022-12-31 17:21:46.661	- Info  -	[http call3] id:44, url:https://slapi.oray.net/client/free-tips, status code:200
2022-12-31 17:22:01.682	* Error *	SSLStream::IsWantReadWrite|peer(121.40.99.129:443), SSL_read failed( 6 ), error:00000000:lib(0):func(0):reason(0), file( ..\includes\common\phstream\SSLStream.cpp:1898 )
2022-12-31 17:22:01.683	- Info  -	[http call3] disconnect, error( 0 )
2022-12-31 17:32:01.233	- Info  -	[shell] status_changed:0
2022-12-31 19:35:06.041	- Info  -	[shell] status_changed:2
2022-12-31 19:35:08.236	- Info  -	[shell] status_changed:1
2022-12-31 19:35:08.266	- Info  -	[http call3] new call id:45, url:https://slapi.oray.net/client/free-tips
2022-12-31 19:35:08.343	- Info  -	[http call3] id:45 create new connection : https://slapi.oray.net:443
2022-12-31 19:35:08.631	- Info  -	attempt to connect server slapi.oray.net:443(121.40.200.192:443)
2022-12-31 19:35:08.983	- Info  -	[http call3] id:45, url:https://slapi.oray.net/client/free-tips, status code:200
2022-12-31 19:35:23.972	* Error *	SSLStream::IsWantReadWrite|peer(121.40.200.192:443), SSL_read failed( 6 ), error:00000000:lib(0):func(0):reason(0), file( ..\includes\common\phstream\SSLStream.cpp:1898 )
2022-12-31 19:35:23.973	- Info  -	[http call3] disconnect, error( 0 )
2022-12-31 22:48:48.005	- Info  -	[shell] status_changed:0
2023-01-01 09:33:22.386	- Info  -	[shell] status_changed:2
2023-01-01 09:33:52.967	- Info  -	[shell] status_changed:2
2023-01-01 09:33:52.968	- Info  -	[shell] status_changed:2
2023-01-01 09:33:54.431	- Info  -	[shell] status_changed:1
2023-01-01 09:33:54.473	- Info  -	[http call3] new call id:46, url:https://slapi.oray.net/client/free-tips
2023-01-01 09:33:53.357	- Info  -	[http call3] id:46 create new connection : https://slapi.oray.net:443
2023-01-01 09:33:53.534	- Info  -	attempt to connect server slapi.oray.net:443(121.40.200.192:443)
2023-01-01 09:33:54.194	- Info  -	[http call3] id:46, url:https://slapi.oray.net/client/free-tips, status code:200
2023-01-01 09:34:06.606	- Info  -	[shell] status_changed:0
2023-01-01 09:38:08.500	+Warning+	[passive:keepalive:] 121.40.200.192:443 disconnect by keepalive timeout(414430531>=414176234+30000)
2023-01-01 09:38:08.500	+Warning+	[oray][erroCode] errorcode=ORAY_ERROR_PHSTREAM_KEEPALIVE_TIMEOUT(57351), product=0, type=3, inner code=7 [CPassiveKeepAliveHandler::Done:141]
2023-01-01 09:38:08.500	- Info  -	[http call3] disconnect, error( 57351 )
2023-01-01 09:38:15.852	- Info  -	[shell] status_changed:2
2023-01-01 09:38:17.783	- Info  -	[shell] status_changed:1
2023-01-01 09:38:17.829	- Info  -	[http call3] new call id:47, url:https://slapi.oray.net/client/free-tips
2023-01-01 09:38:17.833	- Info  -	[http call3] id:47 create new connection : https://slapi.oray.net:443
2023-01-01 09:38:17.916	- Info  -	attempt to connect server slapi.oray.net:443(121.40.99.129:443)
2023-01-01 09:38:18.714	- Info  -	[http call3] id:47, url:https://slapi.oray.net/client/free-tips, status code:200
2023-01-01 09:38:33.712	* Error *	SSLStream::IsWantReadWrite|peer(121.40.99.129:443), SSL_read failed( 6 ), error:00000000:lib(0):func(0):reason(0), file( ..\includes\common\phstream\SSLStream.cpp:1898 )
2023-01-01 09:38:33.712	- Info  -	[http call3] disconnect, error( 0 )
2023-01-01 10:00:40.828	- Info  -	[shell] status_changed:0
2023-01-01 13:55:15.060	- Info  -	[shell] status_changed:2
2023-01-01 13:55:45.174	- Info  -	[shell] status_changed:2
2023-01-01 13:55:45.175	- Info  -	[shell] status_changed:2
2023-01-01 13:55:46.757	- Info  -	[shell] status_changed:1
2023-01-01 13:55:46.799	- Info  -	[http call3] new call id:48, url:https://slapi.oray.net/client/free-tips
2023-01-01 13:55:46.813	- Info  -	[http call3] id:48 create new connection : https://slapi.oray.net:443
2023-01-01 13:55:46.815	- Info  -	attempt to connect server slapi.oray.net:443(121.40.200.192:443)
2023-01-01 13:55:47.075	- Info  -	[http call3] id:48, url:https://slapi.oray.net/client/free-tips, status code:200
2023-01-01 13:56:02.068	* Error *	SSLStream::IsWantReadWrite|peer(121.40.200.192:443), SSL_read failed( 6 ), error:00000000:lib(0):func(0):reason(0), file( ..\includes\common\phstream\SSLStream.cpp:1898 )
2023-01-01 13:56:02.069	- Info  -	[http call3] disconnect, error( 0 )
2023-01-01 16:22:52.583	- Info  -	[shell] status_changed:0
2023-01-01 16:23:10.455	- Info  -	[shell] status_changed:2
2023-01-01 16:23:12.498	- Info  -	[shell] status_changed:1
2023-01-01 16:23:12.552	- Info  -	[http call3] new call id:49, url:https://slapi.oray.net/client/free-tips
2023-01-01 16:23:12.605	- Info  -	[http call3] id:49 create new connection : https://slapi.oray.net:443
2023-01-01 16:23:12.667	- Info  -	attempt to connect server slapi.oray.net:443(121.40.200.192:443)
2023-01-01 16:23:13.266	- Info  -	[http call3] id:49, url:https://slapi.oray.net/client/free-tips, status code:200
2023-01-01 16:23:28.263	* Error *	SSLStream::IsWantReadWrite|peer(121.40.200.192:443), SSL_read failed( 6 ), error:00000000:lib(0):func(0):reason(0), file( ..\includes\common\phstream\SSLStream.cpp:1898 )
2023-01-01 16:23:28.264	- Info  -	[http call3] disconnect, error( 0 )
2023-01-01 16:42:50.912	- Info  -	[shell] status_changed:0
2023-01-01 16:46:37.374	- Info  -	[shell] status_changed:2
2023-01-01 16:46:39.658	- Info  -	[shell] status_changed:1
2023-01-01 16:46:39.693	- Info  -	[http call3] new call id:50, url:https://slapi.oray.net/client/free-tips
2023-01-01 16:46:39.745	- Info  -	[http call3] id:50 create new connection : https://slapi.oray.net:443
2023-01-01 16:46:39.986	- Info  -	attempt to connect server slapi.oray.net:443(121.40.99.129:443)
2023-01-01 16:46:40.538	- Info  -	[http call3] id:50, url:https://slapi.oray.net/client/free-tips, status code:200
2023-01-01 16:46:55.526	* Error *	SSLStream::IsWantReadWrite|peer(121.40.99.129:443), SSL_read failed( 6 ), error:00000000:lib(0):func(0):reason(0), file( ..\includes\common\phstream\SSLStream.cpp:1898 )
2023-01-01 16:46:55.526	- Info  -	[http call3] disconnect, error( 0 )
2023-01-01 16:47:03.499	- Info  -	[shell] status_changed:0
2023-01-01 16:47:12.457	- Info  -	[shell] status_changed:2
2023-01-01 16:47:14.523	- Info  -	[shell] status_changed:1
2023-01-01 16:47:14.583	- Info  -	[http call3] new call id:51, url:https://slapi.oray.net/client/free-tips
2023-01-01 16:47:14.642	- Info  -	[http call3] id:51 create new connection : https://slapi.oray.net:443
2023-01-01 16:47:15.278	- Info  -	attempt to connect server slapi.oray.net:443(121.40.99.129:443)
2023-01-01 16:47:16.086	- Info  -	[http call3] id:51, url:https://slapi.oray.net/client/free-tips, status code:200
2023-01-01 16:47:31.071	* Error *	SSLStream::IsWantReadWrite|peer(121.40.99.129:443), SSL_read failed( 6 ), error:00000000:lib(0):func(0):reason(0), file( ..\includes\common\phstream\SSLStream.cpp:1898 )
2023-01-01 16:47:31.071	- Info  -	[http call3] disconnect, error( 0 )
2023-01-01 16:55:32.111	- Info  -	[shell] status_changed:0
2023-01-01 17:11:47.662	- Info  -	[shell] status_changed:2
2023-01-01 17:12:17.715	- Info  -	[shell] status_changed:2
2023-01-01 17:12:17.717	- Info  -	[shell] status_changed:2
2023-01-01 17:12:47.808	- Info  -	[shell] status_changed:0
2023-01-01 17:14:51.357	- Info  -	[shell] status_changed:2
2023-01-01 17:14:52.654	- Info  -	[shell] status_changed:1
2023-01-01 17:14:52.686	- Info  -	[http call3] new call id:52, url:https://slapi.oray.net/client/free-tips
2023-01-01 17:14:52.728	- Info  -	[http call3] id:52 create new connection : https://slapi.oray.net:443
2023-01-01 17:14:52.729	- Info  -	attempt to connect server slapi.oray.net:443(121.40.99.129:443)
2023-01-01 17:14:53.101	- Info  -	[http call3] id:52, url:https://slapi.oray.net/client/free-tips, status code:200
2023-01-01 17:15:08.100	* Error *	SSLStream::IsWantReadWrite|peer(121.40.99.129:443), SSL_read failed( 6 ), error:00000000:lib(0):func(0):reason(0), file( ..\includes\common\phstream\SSLStream.cpp:1898 )
2023-01-01 17:15:08.100	- Info  -	[http call3] disconnect, error( 0 )
2023-01-01 17:24:06.421	- Info  -	[shell] status_changed:0
2023-01-01 18:32:56.048	- Info  -	[shell] status_changed:2
2023-01-01 18:32:57.344	- Info  -	[shell] status_changed:1
2023-01-01 18:32:57.367	- Info  -	[http call3] new call id:53, url:https://slapi.oray.net/client/free-tips
2023-01-01 18:32:57.389	- Info  -	[http call3] id:53 create new connection : https://slapi.oray.net:443
2023-01-01 18:32:57.912	- Info  -	attempt to connect server slapi.oray.net:443(121.40.99.129:443)
2023-01-01 18:32:58.416	- Info  -	[http call3] id:53, url:https://slapi.oray.net/client/free-tips, status code:200
2023-01-01 18:33:13.412	* Error *	SSLStream::IsWantReadWrite|peer(121.40.99.129:443), SSL_read failed( 6 ), error:00000000:lib(0):func(0):reason(0), file( ..\includes\common\phstream\SSLStream.cpp:1898 )
2023-01-01 18:33:13.412	- Info  -	[http call3] disconnect, error( 0 )
2023-01-01 18:43:58.879	- Info  -	[shell] status_changed:0
2023-01-01 19:01:21.081	- Info  -	[shell] status_changed:2
2023-01-01 19:01:22.861	- Info  -	[shell] status_changed:1
2023-01-01 19:01:22.899	- Info  -	[http call3] new call id:54, url:https://slapi.oray.net/client/free-tips
2023-01-01 19:01:22.903	- Info  -	[http call3] id:54 create new connection : https://slapi.oray.net:443
2023-01-01 19:01:22.909	- Info  -	attempt to connect server slapi.oray.net:443(121.40.99.129:443)
2023-01-01 19:01:23.386	- Info  -	[http call3] id:54, url:https://slapi.oray.net/client/free-tips, status code:200
2023-01-01 19:01:38.375	* Error *	SSLStream::IsWantReadWrite|peer(121.40.99.129:443), SSL_read failed( 6 ), error:00000000:lib(0):func(0):reason(0), file( ..\includes\common\phstream\SSLStream.cpp:1898 )
2023-01-01 19:01:38.375	- Info  -	[http call3] disconnect, error( 0 )
2023-01-01 19:45:39.518	- Info  -	[shell] status_changed:0
2023-01-01 19:47:58.437	- Info  -	[shell] status_changed:2
2023-01-01 19:47:59.509	- Info  -	[shell] status_changed:1
2023-01-01 19:47:59.567	- Info  -	[http call3] new call id:55, url:https://slapi.oray.net/client/free-tips
2023-01-01 19:47:59.594	- Info  -	[http call3] id:55 create new connection : https://slapi.oray.net:443
2023-01-01 19:47:59.737	- Info  -	attempt to connect server slapi.oray.net:443(121.40.99.129:443)
2023-01-01 19:48:00.215	- Info  -	[http call3] id:55, url:https://slapi.oray.net/client/free-tips, status code:200
2023-01-01 19:48:15.217	* Error *	SSLStream::IsWantReadWrite|peer(121.40.99.129:443), SSL_read failed( 6 ), error:00000000:lib(0):func(0):reason(0), file( ..\includes\common\phstream\SSLStream.cpp:1898 )
2023-01-01 19:48:15.217	- Info  -	[http call3] disconnect, error( 0 )
2023-01-01 21:05:24.975	- Info  -	[shell] status_changed:0
2023-01-02 09:59:49.201	- Info  -	[shell] status_changed:2
2023-01-02 10:00:19.252	- Info  -	[shell] status_changed:2
2023-01-02 10:00:19.255	- Info  -	[shell] status_changed:2
2023-01-02 10:00:19.961	- Info  -	[shell] status_changed:1
2023-01-02 10:00:20.002	- Info  -	[http call3] new call id:56, url:https://slapi.oray.net/client/free-tips
2023-01-02 10:00:20.002	- Info  -	[http call3] id:56 create new connection : https://slapi.oray.net:443
2023-01-02 10:00:20.008	- Info  -	attempt to connect server slapi.oray.net:443(121.40.200.192:443)
2023-01-02 10:00:20.286	- Info  -	[http call3] id:56, url:https://slapi.oray.net/client/free-tips, status code:200
2023-01-02 10:00:35.284	* Error *	SSLStream::IsWantReadWrite|peer(121.40.200.192:443), SSL_read failed( 6 ), error:00000000:lib(0):func(0):reason(0), file( ..\includes\common\phstream\SSLStream.cpp:1898 )
2023-01-02 10:00:35.284	- Info  -	[http call3] disconnect, error( 0 )
2023-01-02 10:02:25.078	- Info  -	[shell] status_changed:0
2023-01-02 10:48:49.614	- Info  -	[shell] status_changed:2
2023-01-02 14:03:15.574	- Info  -	[shell] status_changed:0
2023-01-02 14:03:28.009	- Info  -	[shell] status_changed:2
2023-01-02 14:03:58.028	- Info  -	[shell] status_changed:2
2023-01-02 14:03:58.028	- Info  -	[shell] status_changed:2
2023-01-02 14:03:58.571	- Info  -	[shell] status_changed:1
2023-01-02 14:03:58.616	- Info  -	[http call3] new call id:57, url:https://slapi.oray.net/client/free-tips
2023-01-02 14:03:58.620	- Info  -	[http call3] id:57 create new connection : https://slapi.oray.net:443
2023-01-02 14:03:58.621	- Info  -	attempt to connect server slapi.oray.net:443(121.40.200.192:443)
2023-01-02 14:03:58.868	- Info  -	[http call3] id:57, url:https://slapi.oray.net/client/free-tips, status code:200
2023-01-02 14:04:13.870	* Error *	SSLStream::IsWantReadWrite|peer(121.40.200.192:443), SSL_read failed( 6 ), error:00000000:lib(0):func(0):reason(0), file( ..\includes\common\phstream\SSLStream.cpp:1898 )
2023-01-02 14:04:13.870	- Info  -	[http call3] disconnect, error( 0 )
2023-01-02 14:09:30.525	- Info  -	[shell] status_changed:0
2023-01-02 14:13:21.032	- Info  -	[shell] status_changed:2
2023-01-02 14:13:22.144	- Info  -	[shell] status_changed:1
2023-01-02 14:13:22.177	- Info  -	[http call3] new call id:58, url:https://slapi.oray.net/client/free-tips
2023-01-02 14:13:22.191	- Info  -	[http call3] id:58 create new connection : https://slapi.oray.net:443
2023-01-02 14:13:22.194	- Info  -	attempt to connect server slapi.oray.net:443(121.40.99.129:443)
2023-01-02 14:13:22.546	- Info  -	[http call3] id:58, url:https://slapi.oray.net/client/free-tips, status code:200
2023-01-02 14:13:37.544	* Error *	SSLStream::IsWantReadWrite|peer(121.40.99.129:443), SSL_read failed( 6 ), error:00000000:lib(0):func(0):reason(0), file( ..\includes\common\phstream\SSLStream.cpp:1898 )
2023-01-02 14:13:37.545	- Info  -	[http call3] disconnect, error( 0 )
2023-01-02 14:30:03.627	- Info  -	[shell] status_changed:0
2023-01-02 16:00:35.442	- Info  -	[shell] status_changed:2
2023-01-02 16:01:05.490	- Info  -	[shell] status_changed:2
2023-01-02 16:01:05.491	- Info  -	[shell] status_changed:2
2023-01-02 16:01:06.084	- Info  -	[shell] status_changed:1
2023-01-02 16:01:06.109	- Info  -	[http call3] new call id:59, url:https://slapi.oray.net/client/free-tips
2023-01-02 16:01:06.115	- Info  -	[http call3] id:59 create new connection : https://slapi.oray.net:443
2023-01-02 16:01:06.116	- Info  -	attempt to connect server slapi.oray.net:443(121.40.200.192:443)
2023-01-02 16:01:06.324	- Info  -	[http call3] id:59, url:https://slapi.oray.net/client/free-tips, status code:200
2023-01-02 16:01:21.321	* Error *	SSLStream::IsWantReadWrite|peer(121.40.200.192:443), SSL_read failed( 6 ), error:00000000:lib(0):func(0):reason(0), file( ..\includes\common\phstream\SSLStream.cpp:1898 )
2023-01-02 16:01:21.322	- Info  -	[http call3] disconnect, error( 0 )
2023-01-02 16:15:32.562	- Info  -	[shell] status_changed:0
2023-01-02 16:54:55.811	- Info  -	[shell] status_changed:2
2023-01-02 16:55:25.843	- Info  -	[shell] status_changed:2
2023-01-02 16:55:25.844	- Info  -	[shell] status_changed:2
2023-01-02 16:55:26.506	- Info  -	[shell] status_changed:1
2023-01-02 16:55:26.541	- Info  -	[http call3] new call id:60, url:https://slapi.oray.net/client/free-tips
2023-01-02 16:55:26.542	- Info  -	[http call3] id:60 create new connection : https://slapi.oray.net:443
2023-01-02 16:55:26.552	- Info  -	attempt to connect server slapi.oray.net:443(121.40.200.192:443)
2023-01-02 16:55:26.777	- Info  -	[http call3] id:60, url:https://slapi.oray.net/client/free-tips, status code:200
2023-01-02 16:55:41.777	* Error *	SSLStream::IsWantReadWrite|peer(121.40.200.192:443), SSL_read failed( 6 ), error:00000000:lib(0):func(0):reason(0), file( ..\includes\common\phstream\SSLStream.cpp:1898 )
2023-01-02 16:55:41.777	- Info  -	[http call3] disconnect, error( 0 )
2023-01-02 17:50:46.444	- Info  -	[shell] status_changed:0
2023-01-02 19:55:56.136	- Info  -	[shell] status_changed:2
2023-01-02 19:56:00.091	- Info  -	[shell] status_changed:1
2023-01-02 19:56:00.122	- Info  -	[http call3] new call id:61, url:https://slapi.oray.net/client/free-tips
2023-01-02 19:56:00.167	- Info  -	[http call3] id:61 create new connection : https://slapi.oray.net:443
2023-01-02 19:56:00.388	- Info  -	attempt to connect server slapi.oray.net:443(121.40.99.129:443)
2023-01-02 19:56:01.371	- Info  -	[http call3] id:61, url:https://slapi.oray.net/client/free-tips, status code:200
2023-01-02 19:56:16.364	* Error *	SSLStream::IsWantReadWrite|peer(121.40.99.129:443), SSL_read failed( 6 ), error:00000000:lib(0):func(0):reason(0), file( ..\includes\common\phstream\SSLStream.cpp:1898 )
2023-01-02 19:56:16.365	- Info  -	[http call3] disconnect, error( 0 )
2023-01-02 20:10:23.805	- Info  -	[shell] status_changed:0
