2023-02-03 21:07:21.694	- Info  -	version:3.2.1.40406
2023-02-03 21:07:22.085	* Error *	SSLStream|Remove temp(C:\Windows\TEMP\u2q0.0) file ok
2023-02-03 21:07:22.335	- Info  -	Initialize OK
2023-02-03 21:07:22.335	- Info  -	CAcceptorRaw::set_listener
2023-02-03 21:07:22.350	- Info  -	DesktopAgentServer created with port 0.
2023-02-03 21:07:22.553	* Error *	[udpstack] bind 0.0.0.0:15115 error , errorno = 10048
2023-02-03 21:07:22.553	- Info  -	[service] start listen OK,tcp:0.0.0.0:49676,udp:15226
2023-02-03 21:07:22.569	- Info  -	[discover] Client NotifyDiscover type=5
2023-02-03 21:07:22.663	- Info  -	[localserver] Not use proxy
2023-02-03 21:07:22.772	- Info  -	[mac] local ip:192.168.0.193
2023-02-03 21:07:22.803	- Info  -	[mac] mac address:00:F4:8D:D2:3C:CF
2023-02-03 21:07:22.803	- Info  -	get mac address: 00:F4:8D:D2:3C:CF
2023-02-03 21:07:26.507	- Info  -	os name:Microsoft Windows 10 专业版
2023-02-03 21:07:27.664	- Info  -	m_clientinfo.mac: 00:F4:8D:D2:3C:CF
2023-02-03 21:07:27.714	- Info  -	Current client status: 2
2023-02-03 21:07:27.714	- Info  -	send status_changed notify 2
2023-02-03 21:07:27.714	- Info  -	Login task time 0
2023-02-03 21:07:27.765	- Info  -	Do login( type: 2 ) at 379
2023-02-03 21:07:27.765	- Info  -	[http call3] new call id:1, url:https://slapi.oray.net/remote/get-fastcode
2023-02-03 21:07:27.819	- Info  -	[http call3] id:1 create new connection : https://slapi.oray.net:443
2023-02-03 21:07:27.980	- Info  -	attempt to connect server slapi.oray.net:443(121.40.99.129:443)
2023-02-03 21:07:30.722	- Info  -	[http call3] id:1, url:https://slapi.oray.net/remote/get-fastcode, status code:200
2023-02-03 21:07:30.735	- Info  -	attempt to connect server rc10-fc05.oray.com:443(47.118.71.166:443)
2023-02-03 21:07:30.895	- Info  -	[service] attempted logon
2023-02-03 21:07:30.932	- Info  -	[service] logon server OK. public ip:183.219.206.222
2023-02-03 21:07:30.956	- Info  -	[online] attempted client online
2023-02-03 21:07:30.979	- Info  -	[online] client online OK.
2023-02-03 21:07:30.980	- Info  -	[online] received name:default , description:default .
2023-02-03 21:07:30.988	- Info  -	[service] attempted register client to server
2023-02-03 21:07:31.011	- Info  -	[service] registered client to server
2023-02-03 21:07:31.012	- Info  -	[http call3] new call id:2, url:https://sl-log.oray.net/slclientlog
2023-02-03 21:07:31.012	- Info  -	Current client status: 1
2023-02-03 21:07:31.012	- Info  -	send status_changed notify 1
2023-02-03 21:07:31.020	- Info  -	[http call3] id:2 create new connection : https://sl-log.oray.net:443
2023-02-03 21:07:31.034	- Info  -	attempt to connect server sl-log.oray.net:443(120.26.160.74:443)
2023-02-03 21:07:31.139	- Info  -	[discover] Client NotifyDiscover type=5
2023-02-03 21:07:31.153	- Info  -	[http call3] id:2, url:https://sl-log.oray.net/slclientlog, status code:200
2023-02-03 21:07:31.234	- Info  -	[OnLogin start]
2023-02-03 21:07:31.236	- Info  -	[OnLogin end]
2023-02-03 21:07:31.287	- Info  -	[OnLogin] WaittingTask Start
2023-02-03 21:07:31.290	- Info  -	Set auto_run : true
2023-02-03 21:07:31.523	- Info  -	[OnLogin] WaittingTask end
2023-02-03 21:07:45.721	* Error *	SSLStream::IsWantReadWrite|peer(121.40.99.129:443), SSL_read failed( 6 ), error:00000000:lib(0):func(0):reason(0), file( ..\includes\common\phstream\SSLStream.cpp:1898 )
2023-02-03 21:07:45.721	- Info  -	[http call3] disconnect, error( 0 )
2023-02-03 21:08:01.061	- Info  -	[MICRO LIVE] shell oninitdialog to get microlive info enable = 0 status = 0 timelast = 0
2023-02-03 21:08:01.154	* Error *	SSLStream::IsWantReadWrite|peer(120.26.160.74:443), SSL_read failed( 6 ), error:00000000:lib(0):func(0):reason(0), file( ..\includes\common\phstream\SSLStream.cpp:1898 )
2023-02-03 21:08:01.154	- Info  -	[http call3] disconnect, error( 0 )
2023-02-03 21:19:35.384	- Info  -	[ServiceEx] the service control is 13
2023-02-03 21:19:35.384	- Info  -	SERVICE_CONTROL_POWEREVENT************dwEventType:10
2023-02-03 21:55:29.929	- Info  -	[ServiceEx] the service control is 13
2023-02-03 21:55:29.931	- Info  -	SERVICE_CONTROL_POWEREVENT************dwEventType:4
2023-02-03 21:55:29.931	+Warning+	[service] power event, system is suspending.
2023-02-03 21:55:29.937	- Info  -	Logout ...
2023-02-03 21:55:29.938	- Info  -	[oray][erroCode] errorcode=oray_errorcode(0), product=0, type=0, inner code=0 [CMultiplexLogicStream::Disconnect_impl:121]
2023-02-03 21:55:29.938	- Info  -	[RemoteControl] disconnected server(47.118.71.166:443),error code:0
2023-02-03 21:55:29.941	* Error *	[online] online disconnected,error code:0
2023-02-03 21:55:29.941	- Info  -	[oray][erroCode] errorcode=errorcode(0), product=0, type=0, inner code=0 [COnlineHandler::OnDisconnect:86]
2023-02-03 21:55:29.941	- Info  -	[service] disconnected server(47.118.71.166:443),errorcode:0
2023-02-03 21:55:29.941	- Info  -	curStatus: 0, m_Status: 1
2023-02-03 21:55:29.942	- Info  -	[http call3] new call id:3, url:https://sl-log.oray.net/slclientlog
2023-02-03 21:55:29.942	- Info  -	Current client status: 0
2023-02-03 21:55:29.942	- Info  -	send status_changed notify 0
2023-02-03 21:55:29.942	- Info  -	[OnLogout start]
2023-02-03 21:55:29.942	- Info  -	[service] stop all projections
2023-02-03 21:55:29.943	- Info  -	[OnLogout end]
2023-02-03 21:55:29.957	- Info  -	[MICRO LIVE] shell send close micro_live_plugin
2023-02-03 21:55:30.019	- Info  -	[http call3] id:3 create new connection : https://sl-log.oray.net:443
2023-02-03 21:55:30.064	- Info  -	attempt to connect server sl-log.oray.net:443(120.26.160.74:443)
2023-02-03 21:55:30.510	- Info  -	[http call3] id:3, url:https://sl-log.oray.net/slclientlog, status code:200
2023-02-04 08:16:16.516	+Warning+	[passive:keepalive:] 120.26.160.74:443 disconnect by keepalive timeout(40159578>=2913562+30000)
2023-02-04 08:16:16.516	+Warning+	[oray][erroCode] errorcode=ORAY_ERROR_PHSTREAM_KEEPALIVE_TIMEOUT(57351), product=0, type=3, inner code=7 [CPassiveKeepAliveHandler::Done:141]
2023-02-04 08:16:16.516	- Info  -	[http call3] disconnect, error( 57351 )
2023-02-04 08:16:19.974	- Info  -	[ServiceEx] the service control is 13
2023-02-04 08:16:19.975	- Info  -	SERVICE_CONTROL_POWEREVENT************dwEventType:18
2023-02-04 08:16:19.975	+Warning+	[service] power event, system is resumed.
2023-02-04 08:16:22.121	- Info  -	retry login now......
2023-02-04 08:16:22.121	- Info  -	Current client status: 2
2023-02-04 08:16:22.121	- Info  -	send status_changed notify 2
2023-02-04 08:16:22.122	- Info  -	Login task time 0
2023-02-04 08:16:22.122	- Info  -	[service] retry login by power event
2023-02-04 08:16:22.149	- Info  -	Do login( type: 2 ) at 379
2023-02-04 08:16:22.150	- Info  -	[http call3] new call id:4, url:https://slapi.oray.net/remote/get-fastcode
2023-02-04 08:16:22.163	- Info  -	[http call3] id:4 create new connection : https://slapi.oray.net:443
2023-02-04 08:16:23.267	- Info  -	attempt to connect server slapi.oray.net:443(121.40.200.192:443)
2023-02-04 08:16:23.875	- Info  -	[http call3] id:4, url:https://slapi.oray.net/remote/get-fastcode, status code:200
2023-02-04 08:16:24.492	- Info  -	attempt to connect server rc10-fc01.oray.com:443(116.62.246.30:443)
2023-02-04 08:16:25.029	- Info  -	[ServiceEx] the service control is 13
2023-02-04 08:16:25.029	- Info  -	SERVICE_CONTROL_POWEREVENT************dwEventType:10
2023-02-04 08:16:25.952	- Info  -	[service] attempted logon
2023-02-04 08:16:25.991	- Info  -	[service] logon server OK. public ip:183.219.206.222
2023-02-04 08:16:26.018	- Info  -	[online] attempted client online
2023-02-04 08:16:26.048	- Info  -	[online] client online OK.
2023-02-04 08:16:26.048	- Info  -	[online] received name:default , description:default .
2023-02-04 08:16:26.062	- Info  -	[service] attempted register client to server
2023-02-04 08:16:26.088	- Info  -	[service] registered client to server
2023-02-04 08:16:26.089	- Info  -	[http call3] new call id:5, url:https://sl-log.oray.net/slclientlog
2023-02-04 08:16:26.089	- Info  -	Current client status: 1
2023-02-04 08:16:26.089	- Info  -	send status_changed notify 1
2023-02-04 08:16:26.097	- Info  -	[http call3] id:5 create new connection : https://sl-log.oray.net:443
2023-02-04 08:16:26.136	- Info  -	[discover] Client NotifyDiscover type=5
2023-02-04 08:16:26.272	- Info  -	[OnLogin start]
2023-02-04 08:16:26.278	- Info  -	[OnLogin end]
2023-02-04 08:16:26.305	- Info  -	attempt to connect server sl-log.oray.net:443(47.97.162.230:443)
2023-02-04 08:16:26.432	- Info  -	[OnLogin] WaittingTask Start
2023-02-04 08:16:26.958	- Info  -	Set auto_run : true
2023-02-04 08:16:27.060	- Info  -	[http call3] id:5, url:https://sl-log.oray.net/slclientlog, status code:200
2023-02-04 08:16:28.180	- Info  -	[OnLogin] WaittingTask end
2023-02-04 08:16:29.740	- Info  -	[ServiceEx] the service control is 13
2023-02-04 08:16:29.741	- Info  -	SERVICE_CONTROL_POWEREVENT************dwEventType:7
2023-02-04 08:16:29.741	+Warning+	[service] power event, system is resumed.
2023-02-04 08:16:38.872	* Error *	SSLStream::IsWantReadWrite|peer(121.40.200.192:443), SSL_read failed( 6 ), error:00000000:lib(0):func(0):reason(0), file( ..\includes\common\phstream\SSLStream.cpp:1898 )
2023-02-04 08:16:38.872	- Info  -	[http call3] disconnect, error( 0 )
2023-02-04 08:16:57.069	* Error *	SSLStream::IsWantReadWrite|peer(47.97.162.230:443), SSL_read failed( 6 ), error:00000000:lib(0):func(0):reason(0), file( ..\includes\common\phstream\SSLStream.cpp:1898 )
2023-02-04 08:16:57.069	- Info  -	[http call3] disconnect, error( 0 )
2023-02-04 08:19:56.659	* Error *	[online] online disconnected,error code:0
2023-02-04 08:19:56.659	- Info  -	[oray][erroCode] errorcode=errorcode(0), product=0, type=0, inner code=0 [COnlineHandler::OnDisconnect:86]
2023-02-04 08:19:56.659	- Info  -	[RemoteControl] disconnected server(116.62.246.30:443),error code:0
2023-02-04 08:19:56.659	- Info  -	[service] disconnected server(116.62.246.30:443),errorcode:10054
2023-02-04 08:19:56.659	- Info  -	curStatus: 0, m_Status: 1
2023-02-04 08:19:56.659	- Info  -	[http call3] new call id:6, url:https://sl-log.oray.net/slclientlog
2023-02-04 08:19:56.659	- Info  -	Current client status: 0
2023-02-04 08:19:56.659	- Info  -	send status_changed notify 0
2023-02-04 08:19:56.659	- Info  -	[OnLogout start]
2023-02-04 08:19:56.660	- Info  -	[service] stop all projections
2023-02-04 08:19:56.660	- Info  -	retry login now......
2023-02-04 08:19:56.660	- Info  -	Current client status: 2
2023-02-04 08:19:56.660	- Info  -	send status_changed notify 2
2023-02-04 08:19:56.661	- Info  -	Login task time 0
2023-02-04 08:19:56.661	- Info  -	[OnLogout end]
2023-02-04 08:19:56.666	- Info  -	Do login( type: 2 ) at 379
2023-02-04 08:19:56.666	- Info  -	[http call3] new call id:7, url:https://slapi.oray.net/remote/get-fastcode
2023-02-04 08:19:56.688	- Info  -	[http call3] id:6 create new connection : https://sl-log.oray.net:443
2023-02-04 08:19:56.852	* Error *	[oray][erroCode] errorcode=ORAY_ERROR_DOMAIN_RESOLVED_FAILED(57394), product=0, type=3, inner code=50 [CSockConnector::ConnectSock:229]
2023-02-04 08:19:56.852	- Info  -	[http call3] id:7 create new connection : https://slapi.oray.net:443
2023-02-04 08:19:57.141	* Error *	[oray][erroCode] errorcode=ORAY_ERROR_DOMAIN_RESOLVED_FAILED(57394), product=0, type=3, inner code=50 [CSockConnector::ConnectSock:229]
2023-02-04 08:20:26.861	- Info  -	[http call3] disconnect, error( 0 )
2023-02-04 08:20:26.861	- Info  -	[http call3] disconnect id:6, error( 0 )
2023-02-04 08:20:27.141	- Info  -	[http call3] disconnect, error( 0 )
2023-02-04 08:20:27.141	- Info  -	[http call3] disconnect id:7, error( 0 )
2023-02-04 08:20:27.141	* Error *	GetFastcode failed! error:-1, msg:net error
2023-02-04 08:20:27.142	- Info  -	Current client status: 0
2023-02-04 08:20:27.142	- Info  -	send status_changed notify 0
2023-02-04 08:20:27.142	- Info  -	[OnLogout start]
2023-02-04 08:20:27.142	- Info  -	[service] stop all projections
2023-02-04 08:20:27.143	- Info  -	[OnLogout end]
2023-02-04 08:20:27.152	- Info  -	[MICRO LIVE] shell send close micro_live_plugin
2023-02-04 08:22:30.725	- Info  -	[localserver] Not use proxy
2023-02-04 08:22:30.726	- Info  -	retry login now......
2023-02-04 08:22:30.726	- Info  -	Current client status: 2
2023-02-04 08:22:30.726	- Info  -	send status_changed notify 2
2023-02-04 08:22:30.727	- Info  -	Login task time 0
2023-02-04 08:22:30.740	- Info  -	Do login( type: 2 ) at 379
2023-02-04 08:22:30.740	- Info  -	[http call3] new call id:8, url:https://slapi.oray.net/remote/get-fastcode
2023-02-04 08:22:30.756	- Info  -	[http call3] id:8 create new connection : https://slapi.oray.net:443
2023-02-04 08:22:30.773	- Info  -	attempt to connect server slapi.oray.net:443(121.40.99.129:443)
2023-02-04 08:22:30.958	- Info  -	[http call3] id:8, url:https://slapi.oray.net/remote/get-fastcode, status code:200
2023-02-04 08:22:30.970	- Info  -	attempt to connect server rc10-fc14.oray.com:443(81.69.183.65:443)
2023-02-04 08:22:31.071	- Info  -	[service] attempted logon
2023-02-04 08:22:31.135	- Info  -	[service] logon server OK. public ip:183.219.206.222
2023-02-04 08:22:31.161	- Info  -	[online] attempted client online
2023-02-04 08:22:31.191	- Info  -	[online] client online OK.
2023-02-04 08:22:31.191	- Info  -	[online] received name:default , description:default .
2023-02-04 08:22:31.204	- Info  -	[service] attempted register client to server
2023-02-04 08:22:31.230	- Info  -	[service] registered client to server
2023-02-04 08:22:31.231	- Info  -	[http call3] new call id:9, url:https://sl-log.oray.net/slclientlog
2023-02-04 08:22:31.231	- Info  -	Current client status: 1
2023-02-04 08:22:31.231	- Info  -	send status_changed notify 1
2023-02-04 08:22:31.236	- Info  -	[http call3] id:9 create new connection : https://sl-log.oray.net:443
2023-02-04 08:22:31.253	- Info  -	attempt to connect server sl-log.oray.net:443(121.41.32.171:443)
2023-02-04 08:22:31.275	- Info  -	[discover] Client NotifyDiscover type=5
2023-02-04 08:22:31.291	- Info  -	[OnLogin start]
2023-02-04 08:22:31.297	- Info  -	[OnLogin end]
2023-02-04 08:22:31.310	- Info  -	[OnLogin] WaittingTask Start
2023-02-04 08:22:31.371	- Info  -	[http call3] id:9, url:https://sl-log.oray.net/slclientlog, status code:200
2023-02-04 08:22:31.377	- Info  -	Set auto_run : true
2023-02-04 08:22:31.948	- Info  -	[OnLogin] WaittingTask end
2023-02-04 08:22:45.955	* Error *	SSLStream::IsWantReadWrite|peer(121.40.99.129:443), SSL_read failed( 6 ), error:00000000:lib(0):func(0):reason(0), file( ..\includes\common\phstream\SSLStream.cpp:1898 )
2023-02-04 08:22:45.955	- Info  -	[http call3] disconnect, error( 0 )
2023-02-04 08:23:01.371	* Error *	SSLStream::IsWantReadWrite|peer(121.41.32.171:443), SSL_read failed( 6 ), error:00000000:lib(0):func(0):reason(0), file( ..\includes\common\phstream\SSLStream.cpp:1898 )
2023-02-04 08:23:01.371	- Info  -	[http call3] disconnect, error( 0 )
2023-02-04 08:47:02.639	- Info  -	[ServiceEx] the service control is 13
2023-02-04 08:47:02.639	- Info  -	SERVICE_CONTROL_POWEREVENT************dwEventType:10
2023-02-04 09:39:17.699	- Info  -	[ServiceEx] the service control is 13
2023-02-04 09:39:17.699	- Info  -	SERVICE_CONTROL_POWEREVENT************dwEventType:10
2023-02-04 09:41:05.200	- Info  -	[ServiceEx] the service control is 13
2023-02-04 09:41:05.200	- Info  -	SERVICE_CONTROL_POWEREVENT************dwEventType:10
2023-02-04 09:41:08.558	- Info  -	[ServiceEx] the service control is 13
2023-02-04 09:41:08.558	- Info  -	SERVICE_CONTROL_POWEREVENT************dwEventType:10
2023-02-04 09:41:14.552	- Info  -	[ServiceEx] the service control is 13
2023-02-04 09:41:14.552	- Info  -	SERVICE_CONTROL_POWEREVENT************dwEventType:10
2023-02-04 09:41:18.879	- Info  -	[ServiceEx] the service control is 13
2023-02-04 09:41:18.879	- Info  -	SERVICE_CONTROL_POWEREVENT************dwEventType:10
2023-02-04 09:44:55.533	- Info  -	[ServiceEx] the service control is 13
2023-02-04 09:44:55.533	- Info  -	SERVICE_CONTROL_POWEREVENT************dwEventType:10
2023-02-04 09:44:58.435	- Info  -	[ServiceEx] the service control is 13
2023-02-04 09:44:58.436	- Info  -	SERVICE_CONTROL_POWEREVENT************dwEventType:10
2023-02-04 11:32:21.496	- Info  -	[ServiceEx] the service control is 13
2023-02-04 11:32:21.497	- Info  -	SERVICE_CONTROL_POWEREVENT************dwEventType:10
2023-02-04 11:34:18.550	- Info  -	[ServiceEx] the service control is 13
2023-02-04 11:34:18.550	- Info  -	SERVICE_CONTROL_POWEREVENT************dwEventType:4
2023-02-04 11:34:18.550	+Warning+	[service] power event, system is suspending.
2023-02-04 11:34:18.551	- Info  -	Logout ...
2023-02-04 11:34:18.551	- Info  -	[oray][erroCode] errorcode=oray_errorcode(0), product=0, type=0, inner code=0 [CMultiplexLogicStream::Disconnect_impl:121]
2023-02-04 11:34:18.551	- Info  -	[RemoteControl] disconnected server(81.69.183.65:443),error code:0
2023-02-04 11:34:18.552	* Error *	[online] online disconnected,error code:0
2023-02-04 11:34:18.552	- Info  -	[oray][erroCode] errorcode=errorcode(0), product=0, type=0, inner code=0 [COnlineHandler::OnDisconnect:86]
2023-02-04 11:34:18.552	- Info  -	[service] disconnected server(81.69.183.65:443),errorcode:0
2023-02-04 11:34:18.552	- Info  -	curStatus: 0, m_Status: 1
2023-02-04 11:34:18.552	- Info  -	[http call3] new call id:10, url:https://sl-log.oray.net/slclientlog
2023-02-04 11:34:18.552	- Info  -	Current client status: 0
2023-02-04 11:34:18.552	- Info  -	send status_changed notify 0
2023-02-04 11:34:18.552	- Info  -	[OnLogout start]
2023-02-04 11:34:18.553	- Info  -	[service] stop all projections
2023-02-04 11:34:18.553	- Info  -	[OnLogout end]
2023-02-04 11:34:18.561	- Info  -	[MICRO LIVE] shell send close micro_live_plugin
2023-02-04 11:34:18.585	- Info  -	[http call3] id:10 create new connection : https://sl-log.oray.net:443
2023-02-04 11:34:18.616	- Info  -	attempt to connect server sl-log.oray.net:443(121.40.118.44:443)
2023-02-04 11:34:18.803	- Info  -	[http call3] id:10, url:https://sl-log.oray.net/slclientlog, status code:200
2023-02-04 11:36:41.515	+Warning+	[passive:keepalive:] 121.40.118.44:443 disconnect by keepalive timeout(52184578>=52041859+30000)
2023-02-04 11:36:41.516	+Warning+	[oray][erroCode] errorcode=ORAY_ERROR_PHSTREAM_KEEPALIVE_TIMEOUT(57351), product=0, type=3, inner code=7 [CPassiveKeepAliveHandler::Done:141]
2023-02-04 11:36:41.516	- Info  -	[http call3] disconnect, error( 57351 )
2023-02-04 11:36:43.727	- Info  -	[ServiceEx] the service control is 13
2023-02-04 11:36:43.727	- Info  -	SERVICE_CONTROL_POWEREVENT************dwEventType:7
2023-02-04 11:36:43.727	+Warning+	[service] power event, system is resumed.
2023-02-04 11:36:45.752	- Info  -	[ServiceEx] the service control is 13
2023-02-04 11:36:45.752	- Info  -	SERVICE_CONTROL_POWEREVENT************dwEventType:18
2023-02-04 11:36:45.752	+Warning+	[service] power event, system is resumed.
2023-02-04 11:36:48.488	- Info  -	retry login now......
2023-02-04 11:36:48.488	- Info  -	Current client status: 2
2023-02-04 11:36:48.488	- Info  -	send status_changed notify 2
2023-02-04 11:36:48.489	- Info  -	Login task time 0
2023-02-04 11:36:48.489	- Info  -	[service] retry login by power event
2023-02-04 11:36:48.507	- Info  -	Do login( type: 2 ) at 379
2023-02-04 11:36:48.507	- Info  -	[http call3] new call id:11, url:https://slapi.oray.net/remote/get-fastcode
2023-02-04 11:36:48.510	- Info  -	[http call3] id:11 create new connection : https://slapi.oray.net:443
2023-02-04 11:36:48.641	- Info  -	attempt to connect server slapi.oray.net:443(121.40.99.129:443)
2023-02-04 11:36:48.662	- Info  -	[service] retry login by power event
2023-02-04 11:36:48.920	- Info  -	[http call3] id:11, url:https://slapi.oray.net/remote/get-fastcode, status code:200
2023-02-04 11:36:49.070	- Info  -	attempt to connect server rc10-fc12.oray.com:443(47.111.1.108:443)
2023-02-04 11:36:49.369	- Info  -	[service] attempted logon
2023-02-04 11:36:49.413	- Info  -	[service] logon server OK. public ip:183.219.206.222
2023-02-04 11:36:49.440	- Info  -	[online] attempted client online
2023-02-04 11:36:49.473	- Info  -	[online] client online OK.
2023-02-04 11:36:49.475	- Info  -	[online] received name:default , description:default .
2023-02-04 11:36:49.490	- Info  -	[service] attempted register client to server
2023-02-04 11:36:49.518	- Info  -	[service] registered client to server
2023-02-04 11:36:49.518	- Info  -	[http call3] new call id:12, url:https://sl-log.oray.net/slclientlog
2023-02-04 11:36:49.518	- Info  -	Current client status: 1
2023-02-04 11:36:49.518	- Info  -	send status_changed notify 1
2023-02-04 11:36:49.519	- Info  -	[http call3] id:12 create new connection : https://sl-log.oray.net:443
2023-02-04 11:36:49.633	- Info  -	[discover] Client NotifyDiscover type=5
2023-02-04 11:36:49.723	- Info  -	[OnLogin start]
2023-02-04 11:36:49.729	- Info  -	[OnLogin end]
2023-02-04 11:36:49.745	- Info  -	[OnLogin] WaittingTask Start
2023-02-04 11:36:49.999	- Info  -	attempt to connect server sl-log.oray.net:443(47.97.183.66:443)
2023-02-04 11:36:50.032	- Info  -	Set auto_run : true
2023-02-04 11:36:50.409	- Info  -	[http call3] id:12, url:https://sl-log.oray.net/slclientlog, status code:200
2023-02-04 11:36:50.955	- Info  -	[OnLogin] WaittingTask end
2023-02-04 11:37:03.912	* Error *	SSLStream::IsWantReadWrite|peer(121.40.99.129:443), SSL_read failed( 6 ), error:00000000:lib(0):func(0):reason(0), file( ..\includes\common\phstream\SSLStream.cpp:1898 )
2023-02-04 11:37:03.912	- Info  -	[http call3] disconnect, error( 0 )
2023-02-04 11:37:20.435	* Error *	SSLStream::IsWantReadWrite|peer(47.97.183.66:443), SSL_read failed( 6 ), error:00000000:lib(0):func(0):reason(0), file( ..\includes\common\phstream\SSLStream.cpp:1898 )
2023-02-04 11:37:20.435	- Info  -	[http call3] disconnect, error( 0 )
2023-02-04 11:39:58.031	- Info  -	[ServiceEx] the service control is 13
2023-02-04 11:39:58.031	- Info  -	SERVICE_CONTROL_POWEREVENT************dwEventType:4
2023-02-04 11:39:58.031	+Warning+	[service] power event, system is suspending.
2023-02-04 11:39:58.032	- Info  -	Logout ...
2023-02-04 11:39:58.032	- Info  -	[oray][erroCode] errorcode=oray_errorcode(0), product=0, type=0, inner code=0 [CMultiplexLogicStream::Disconnect_impl:121]
2023-02-04 11:39:58.032	- Info  -	[RemoteControl] disconnected server(47.111.1.108:443),error code:0
2023-02-04 11:39:58.032	* Error *	[online] online disconnected,error code:0
2023-02-04 11:39:58.032	- Info  -	[oray][erroCode] errorcode=errorcode(0), product=0, type=0, inner code=0 [COnlineHandler::OnDisconnect:86]
2023-02-04 11:39:58.033	- Info  -	[service] disconnected server(47.111.1.108:443),errorcode:0
2023-02-04 11:39:58.033	- Info  -	curStatus: 0, m_Status: 1
2023-02-04 11:39:58.033	- Info  -	[http call3] new call id:13, url:https://sl-log.oray.net/slclientlog
2023-02-04 11:39:58.033	- Info  -	Current client status: 0
2023-02-04 11:39:58.033	- Info  -	send status_changed notify 0
2023-02-04 11:39:58.033	- Info  -	[OnLogout start]
2023-02-04 11:39:58.033	- Info  -	[service] stop all projections
2023-02-04 11:39:58.033	- Info  -	[OnLogout end]
2023-02-04 11:39:58.041	- Info  -	[http call3] id:13 create new connection : https://sl-log.oray.net:443
2023-02-04 11:39:58.044	- Info  -	[MICRO LIVE] shell send close micro_live_plugin
2023-02-04 11:39:58.056	- Info  -	attempt to connect server sl-log.oray.net:443(47.97.106.171:443)
2023-02-04 11:39:58.160	- Info  -	[http call3] id:13, url:https://sl-log.oray.net/slclientlog, status code:200
2023-02-04 12:57:34.517	+Warning+	[passive:keepalive:] 47.97.106.171:443 disconnect by keepalive timeout(57037578>=52381218+30000)
2023-02-04 12:57:34.517	+Warning+	[oray][erroCode] errorcode=ORAY_ERROR_PHSTREAM_KEEPALIVE_TIMEOUT(57351), product=0, type=3, inner code=7 [CPassiveKeepAliveHandler::Done:141]
2023-02-04 12:57:34.517	- Info  -	[http call3] disconnect, error( 57351 )
2023-02-04 12:57:37.921	- Info  -	[ServiceEx] the service control is 13
2023-02-04 12:57:37.921	- Info  -	SERVICE_CONTROL_POWEREVENT************dwEventType:7
2023-02-04 12:57:37.921	+Warning+	[service] power event, system is resumed.
2023-02-04 12:57:38.782	- Info  -	retry login now......
2023-02-04 12:57:38.782	- Info  -	Current client status: 2
2023-02-04 12:57:38.782	- Info  -	send status_changed notify 2
2023-02-04 12:57:38.784	- Info  -	Login task time 0
2023-02-04 12:57:38.806	- Info  -	[service] retry login by power event
2023-02-04 12:57:38.880	- Info  -	Do login( type: 2 ) at 379
2023-02-04 12:57:38.880	- Info  -	[http call3] new call id:14, url:https://slapi.oray.net/remote/get-fastcode
2023-02-04 12:57:38.890	- Info  -	[http call3] id:14 create new connection : https://slapi.oray.net:443
2023-02-04 12:57:41.441	- Info  -	attempt to connect server slapi.oray.net:443(121.40.200.192:443)
2023-02-04 12:57:42.006	- Info  -	[http call3] id:14, url:https://slapi.oray.net/remote/get-fastcode, status code:200
2023-02-04 12:57:42.250	- Info  -	attempt to connect server rc10-fc.oray.com:443(47.110.142.43:443)
2023-02-04 12:57:42.836	- Info  -	[service] attempted logon
2023-02-04 12:57:42.876	- Info  -	[service] logon server OK. public ip:183.219.206.222
2023-02-04 12:57:42.903	- Info  -	[online] attempted client online
2023-02-04 12:57:42.936	- Info  -	[online] client online OK.
2023-02-04 12:57:42.936	- Info  -	[online] received name:default , description:default .
2023-02-04 12:57:42.949	- Info  -	[service] attempted register client to server
2023-02-04 12:57:42.980	- Info  -	[service] registered client to server
2023-02-04 12:57:42.981	- Info  -	[http call3] new call id:15, url:https://sl-log.oray.net/slclientlog
2023-02-04 12:57:42.981	- Info  -	Current client status: 1
2023-02-04 12:57:42.981	- Info  -	send status_changed notify 1
2023-02-04 12:57:42.990	- Info  -	[http call3] id:15 create new connection : https://sl-log.oray.net:443
2023-02-04 12:57:43.066	- Info  -	[discover] Client NotifyDiscover type=5
2023-02-04 12:57:43.099	- Info  -	attempt to connect server sl-log.oray.net:443(47.97.162.230:443)
2023-02-04 12:57:43.123	- Info  -	[OnLogin start]
2023-02-04 12:57:43.131	- Info  -	[OnLogin end]
2023-02-04 12:57:43.190	- Info  -	[OnLogin] WaittingTask Start
2023-02-04 12:57:43.366	- Info  -	[ServiceEx] the service control is 13
2023-02-04 12:57:43.366	- Info  -	SERVICE_CONTROL_POWEREVENT************dwEventType:18
2023-02-04 12:57:43.366	+Warning+	[service] power event, system is resumed.
2023-02-04 12:57:43.407	- Info  -	[http call3] id:15, url:https://sl-log.oray.net/slclientlog, status code:200
2023-02-04 12:57:43.604	- Info  -	Set auto_run : true
2023-02-04 12:57:44.293	- Info  -	[OnLogin] WaittingTask end
2023-02-04 12:57:57.005	* Error *	SSLStream::IsWantReadWrite|peer(121.40.200.192:443), SSL_read failed( 6 ), error:00000000:lib(0):func(0):reason(0), file( ..\includes\common\phstream\SSLStream.cpp:1898 )
2023-02-04 12:57:57.006	- Info  -	[http call3] disconnect, error( 0 )
2023-02-04 12:58:13.407	* Error *	SSLStream::IsWantReadWrite|peer(47.97.162.230:443), SSL_read failed( 6 ), error:00000000:lib(0):func(0):reason(0), file( ..\includes\common\phstream\SSLStream.cpp:1898 )
2023-02-04 12:58:13.407	- Info  -	[http call3] disconnect, error( 0 )
2023-02-04 12:58:29.480	- Info  -	[ServiceEx] the service control is 13
2023-02-04 12:58:29.480	- Info  -	SERVICE_CONTROL_POWEREVENT************dwEventType:4
2023-02-04 12:58:29.480	+Warning+	[service] power event, system is suspending.
2023-02-04 12:58:29.481	- Info  -	Logout ...
2023-02-04 12:58:29.481	- Info  -	[oray][erroCode] errorcode=oray_errorcode(0), product=0, type=0, inner code=0 [CMultiplexLogicStream::Disconnect_impl:121]
2023-02-04 12:58:29.481	- Info  -	[RemoteControl] disconnected server(47.110.142.43:443),error code:0
2023-02-04 12:58:29.482	* Error *	[online] online disconnected,error code:0
2023-02-04 12:58:29.482	- Info  -	[oray][erroCode] errorcode=errorcode(0), product=0, type=0, inner code=0 [COnlineHandler::OnDisconnect:86]
2023-02-04 12:58:29.482	- Info  -	[service] disconnected server(47.110.142.43:443),errorcode:0
2023-02-04 12:58:29.482	- Info  -	curStatus: 0, m_Status: 1
2023-02-04 12:58:29.483	- Info  -	[http call3] new call id:16, url:https://sl-log.oray.net/slclientlog
2023-02-04 12:58:29.483	- Info  -	Current client status: 0
2023-02-04 12:58:29.483	- Info  -	send status_changed notify 0
2023-02-04 12:58:29.483	- Info  -	[OnLogout start]
2023-02-04 12:58:29.483	- Info  -	[service] stop all projections
2023-02-04 12:58:29.483	- Info  -	[OnLogout end]
2023-02-04 12:58:29.534	- Info  -	[http call3] id:16 create new connection : https://sl-log.oray.net:443
2023-02-04 12:58:29.534	- Info  -	[MICRO LIVE] shell send close micro_live_plugin
2023-02-04 12:58:29.548	- Info  -	attempt to connect server sl-log.oray.net:443(120.26.160.74:443)
2023-02-04 12:58:29.705	- Info  -	[http call3] id:16, url:https://sl-log.oray.net/slclientlog, status code:200
2023-02-04 13:15:46.515	+Warning+	[passive:keepalive:] 120.26.160.74:443 disconnect by keepalive timeout(58129578>=57092765+30000)
2023-02-04 13:15:46.515	+Warning+	[oray][erroCode] errorcode=ORAY_ERROR_PHSTREAM_KEEPALIVE_TIMEOUT(57351), product=0, type=3, inner code=7 [CPassiveKeepAliveHandler::Done:141]
2023-02-04 13:15:46.516	- Info  -	[http call3] disconnect, error( 57351 )
2023-02-04 13:15:50.354	- Info  -	[ServiceEx] the service control is 13
2023-02-04 13:15:50.354	- Info  -	SERVICE_CONTROL_POWEREVENT************dwEventType:18
2023-02-04 13:15:50.354	+Warning+	[service] power event, system is resumed.
2023-02-04 13:15:50.851	- Info  -	retry login now......
2023-02-04 13:15:50.851	- Info  -	Current client status: 2
2023-02-04 13:15:50.851	- Info  -	send status_changed notify 2
2023-02-04 13:15:50.852	- Info  -	Login task time 0
2023-02-04 13:15:50.852	- Info  -	[service] retry login by power event
2023-02-04 13:15:50.866	- Info  -	Do login( type: 2 ) at 379
2023-02-04 13:15:50.866	- Info  -	[http call3] new call id:17, url:https://slapi.oray.net/remote/get-fastcode
2023-02-04 13:15:50.873	- Info  -	[http call3] id:17 create new connection : https://slapi.oray.net:443
2023-02-04 13:15:51.135	- Info  -	attempt to connect server slapi.oray.net:443(121.40.99.129:443)
2023-02-04 13:15:51.474	- Info  -	[http call3] id:17, url:https://slapi.oray.net/remote/get-fastcode, status code:200
2023-02-04 13:15:51.502	- Info  -	attempt to connect server rc10-fc11.oray.com:443(120.55.59.130:443)
2023-02-04 13:15:51.654	- Info  -	[ServiceEx] the service control is 13
2023-02-04 13:15:51.654	- Info  -	SERVICE_CONTROL_POWEREVENT************dwEventType:7
2023-02-04 13:15:51.654	+Warning+	[service] power event, system is resumed.
2023-02-04 13:15:51.714	- Info  -	[service] retry login by power event
2023-02-04 13:15:51.740	- Info  -	[service] attempted logon
2023-02-04 13:15:51.780	- Info  -	[service] logon server OK. public ip:183.219.206.222
2023-02-04 13:15:51.805	- Info  -	[online] attempted client online
2023-02-04 13:15:51.831	- Info  -	[online] client online OK.
2023-02-04 13:15:51.832	- Info  -	[online] received name:default , description:default .
2023-02-04 13:15:51.844	- Info  -	[service] attempted register client to server
2023-02-04 13:15:51.870	- Info  -	[service] registered client to server
2023-02-04 13:15:51.871	- Info  -	[http call3] new call id:18, url:https://sl-log.oray.net/slclientlog
2023-02-04 13:15:51.871	- Info  -	Current client status: 1
2023-02-04 13:15:51.871	- Info  -	send status_changed notify 1
2023-02-04 13:15:51.876	- Info  -	[http call3] id:18 create new connection : https://sl-log.oray.net:443
2023-02-04 13:15:51.894	- Info  -	attempt to connect server sl-log.oray.net:443(121.41.32.171:443)
2023-02-04 13:15:51.912	- Info  -	[discover] Client NotifyDiscover type=5
2023-02-04 13:15:51.989	- Info  -	[OnLogin start]
2023-02-04 13:15:51.993	- Info  -	[OnLogin end]
2023-02-04 13:15:52.004	- Info  -	[OnLogin] WaittingTask Start
2023-02-04 13:15:52.252	- Info  -	[http call3] id:18, url:https://sl-log.oray.net/slclientlog, status code:200
2023-02-04 13:15:52.489	- Info  -	Set auto_run : true
2023-02-04 13:15:53.666	- Info  -	[OnLogin] WaittingTask end
2023-02-04 13:15:55.546	- Info  -	[ServiceEx] the service control is 13
2023-02-04 13:15:55.546	- Info  -	SERVICE_CONTROL_POWEREVENT************dwEventType:10
2023-02-04 13:16:06.476	* Error *	SSLStream::IsWantReadWrite|peer(121.40.99.129:443), SSL_read failed( 6 ), error:00000000:lib(0):func(0):reason(0), file( ..\includes\common\phstream\SSLStream.cpp:1898 )
2023-02-04 13:16:06.476	- Info  -	[http call3] disconnect, error( 0 )
2023-02-04 13:16:22.269	* Error *	SSLStream::IsWantReadWrite|peer(121.41.32.171:443), SSL_read failed( 6 ), error:00000000:lib(0):func(0):reason(0), file( ..\includes\common\phstream\SSLStream.cpp:1898 )
2023-02-04 13:16:22.269	- Info  -	[http call3] disconnect, error( 0 )
2023-02-04 13:48:30.344	- Info  -	[ServiceEx] the service control is 13
2023-02-04 13:48:30.344	- Info  -	SERVICE_CONTROL_POWEREVENT************dwEventType:4
2023-02-04 13:48:30.344	+Warning+	[service] power event, system is suspending.
2023-02-04 13:48:30.345	- Info  -	Logout ...
2023-02-04 13:48:30.346	- Info  -	[oray][erroCode] errorcode=oray_errorcode(0), product=0, type=0, inner code=0 [CMultiplexLogicStream::Disconnect_impl:121]
2023-02-04 13:48:30.346	- Info  -	[RemoteControl] disconnected server(120.55.59.130:443),error code:0
2023-02-04 13:48:30.346	* Error *	[online] online disconnected,error code:0
2023-02-04 13:48:30.346	- Info  -	[oray][erroCode] errorcode=errorcode(0), product=0, type=0, inner code=0 [COnlineHandler::OnDisconnect:86]
2023-02-04 13:48:30.346	- Info  -	[service] disconnected server(120.55.59.130:443),errorcode:0
2023-02-04 13:48:30.346	- Info  -	curStatus: 0, m_Status: 1
2023-02-04 13:48:30.346	- Info  -	[http call3] new call id:19, url:https://sl-log.oray.net/slclientlog
2023-02-04 13:48:30.346	- Info  -	Current client status: 0
2023-02-04 13:48:30.346	- Info  -	send status_changed notify 0
2023-02-04 13:48:30.346	- Info  -	[OnLogout start]
2023-02-04 13:48:30.347	- Info  -	[service] stop all projections
2023-02-04 13:48:30.347	- Info  -	[OnLogout end]
2023-02-04 13:48:30.355	- Info  -	[MICRO LIVE] shell send close micro_live_plugin
2023-02-04 13:48:30.355	- Info  -	[http call3] id:19 create new connection : https://sl-log.oray.net:443
2023-02-04 13:48:30.371	- Info  -	attempt to connect server sl-log.oray.net:443(47.97.106.171:443)
2023-02-04 13:48:30.516	- Info  -	[http call3] id:19, url:https://sl-log.oray.net/slclientlog, status code:200
2023-02-04 15:11:26.527	+Warning+	[passive:keepalive:] 47.97.106.171:443 disconnect by keepalive timeout(65069578>=60093578+30000)
2023-02-04 15:11:26.527	+Warning+	[oray][erroCode] errorcode=ORAY_ERROR_PHSTREAM_KEEPALIVE_TIMEOUT(57351), product=0, type=3, inner code=7 [CPassiveKeepAliveHandler::Done:141]
2023-02-04 15:11:26.527	- Info  -	[http call3] disconnect, error( 57351 )
2023-02-04 15:11:30.670	- Info  -	[ServiceEx] the service control is 13
2023-02-04 15:11:30.670	- Info  -	SERVICE_CONTROL_POWEREVENT************dwEventType:18
2023-02-04 15:11:30.670	+Warning+	[service] power event, system is resumed.
2023-02-04 15:11:33.030	- Info  -	retry login now......
2023-02-04 15:11:33.030	- Info  -	Current client status: 2
2023-02-04 15:11:33.030	- Info  -	send status_changed notify 2
2023-02-04 15:11:33.031	- Info  -	Login task time 0
2023-02-04 15:11:33.031	- Info  -	[service] retry login by power event
2023-02-04 15:11:33.467	- Info  -	Do login( type: 2 ) at 379
2023-02-04 15:11:33.467	- Info  -	[http call3] new call id:20, url:https://slapi.oray.net/remote/get-fastcode
2023-02-04 15:11:33.481	- Info  -	[http call3] id:20 create new connection : https://slapi.oray.net:443
2023-02-04 15:11:34.085	- Info  -	attempt to connect server slapi.oray.net:443(121.40.99.129:443)
2023-02-04 15:11:34.407	- Info  -	[ServiceEx] the service control is 13
2023-02-04 15:11:34.407	- Info  -	SERVICE_CONTROL_POWEREVENT************dwEventType:7
2023-02-04 15:11:34.407	+Warning+	[service] power event, system is resumed.
2023-02-04 15:11:34.760	- Info  -	[service] retry login by power event
2023-02-04 15:11:34.783	- Info  -	[http call3] id:20, url:https://slapi.oray.net/remote/get-fastcode, status code:200
2023-02-04 15:11:34.981	- Info  -	attempt to connect server rc10-fc07.oray.com:443(120.27.214.20:443)
2023-02-04 15:11:35.825	- Info  -	[service] attempted logon
2023-02-04 15:11:35.876	- Info  -	[service] logon server OK. public ip:183.219.206.222
2023-02-04 15:11:35.903	- Info  -	[online] attempted client online
2023-02-04 15:11:35.936	- Info  -	[online] client online OK.
2023-02-04 15:11:35.937	- Info  -	[online] received name:default , description:default .
2023-02-04 15:11:35.950	- Info  -	[service] attempted register client to server
2023-02-04 15:11:35.977	- Info  -	[service] registered client to server
2023-02-04 15:11:35.978	- Info  -	[http call3] new call id:21, url:https://sl-log.oray.net/slclientlog
2023-02-04 15:11:35.978	- Info  -	Current client status: 1
2023-02-04 15:11:35.978	- Info  -	send status_changed notify 1
2023-02-04 15:11:35.985	- Info  -	[http call3] id:21 create new connection : https://sl-log.oray.net:443
2023-02-04 15:11:36.012	- Info  -	[discover] Client NotifyDiscover type=5
2023-02-04 15:11:36.039	- Info  -	attempt to connect server sl-log.oray.net:443(121.40.118.44:443)
2023-02-04 15:11:36.125	- Info  -	[OnLogin start]
2023-02-04 15:11:36.130	- Info  -	[OnLogin end]
2023-02-04 15:11:36.210	- Info  -	[OnLogin] WaittingTask Start
2023-02-04 15:11:36.660	- Info  -	[http call3] id:21, url:https://sl-log.oray.net/slclientlog, status code:200
2023-02-04 15:11:36.876	- Info  -	Set auto_run : true
2023-02-04 15:11:38.167	- Info  -	[OnLogin] WaittingTask end
2023-02-04 15:11:49.782	* Error *	SSLStream::IsWantReadWrite|peer(121.40.99.129:443), SSL_read failed( 6 ), error:00000000:lib(0):func(0):reason(0), file( ..\includes\common\phstream\SSLStream.cpp:1898 )
2023-02-04 15:11:49.782	- Info  -	[http call3] disconnect, error( 0 )
2023-02-04 15:12:06.664	* Error *	SSLStream::IsWantReadWrite|peer(121.40.118.44:443), SSL_read failed( 6 ), error:00000000:lib(0):func(0):reason(0), file( ..\includes\common\phstream\SSLStream.cpp:1898 )
2023-02-04 15:12:06.664	- Info  -	[http call3] disconnect, error( 0 )
2023-02-04 15:21:24.107	- Info  -	[ServiceEx] the service control is 13
2023-02-04 15:21:24.107	- Info  -	SERVICE_CONTROL_POWEREVENT************dwEventType:10
2023-02-04 15:32:27.519	- Info  -	[ServiceEx] the service control is 13
2023-02-04 15:32:27.519	- Info  -	SERVICE_CONTROL_POWEREVENT************dwEventType:4
2023-02-04 15:32:27.519	+Warning+	[service] power event, system is suspending.
2023-02-04 15:32:27.521	- Info  -	Logout ...
2023-02-04 15:32:27.521	- Info  -	[oray][erroCode] errorcode=oray_errorcode(0), product=0, type=0, inner code=0 [CMultiplexLogicStream::Disconnect_impl:121]
2023-02-04 15:32:27.521	- Info  -	[RemoteControl] disconnected server(120.27.214.20:443),error code:0
2023-02-04 15:32:27.521	* Error *	[online] online disconnected,error code:0
2023-02-04 15:32:27.521	- Info  -	[oray][erroCode] errorcode=errorcode(0), product=0, type=0, inner code=0 [COnlineHandler::OnDisconnect:86]
2023-02-04 15:32:27.521	- Info  -	[service] disconnected server(120.27.214.20:443),errorcode:0
2023-02-04 15:32:27.522	- Info  -	curStatus: 0, m_Status: 1
2023-02-04 15:32:27.522	- Info  -	[http call3] new call id:22, url:https://sl-log.oray.net/slclientlog
2023-02-04 15:32:27.522	- Info  -	Current client status: 0
2023-02-04 15:32:27.522	- Info  -	send status_changed notify 0
2023-02-04 15:32:27.522	- Info  -	[OnLogout start]
2023-02-04 15:32:27.522	- Info  -	[service] stop all projections
2023-02-04 15:32:27.522	- Info  -	[OnLogout end]
2023-02-04 15:32:27.527	- Info  -	[http call3] id:22 create new connection : https://sl-log.oray.net:443
2023-02-04 15:32:27.528	- Info  -	[MICRO LIVE] shell send close micro_live_plugin
2023-02-04 15:32:27.548	- Info  -	attempt to connect server sl-log.oray.net:443(121.199.72.21:443)
2023-02-04 15:32:27.742	- Info  -	[http call3] id:22, url:https://sl-log.oray.net/slclientlog, status code:200
2023-02-04 16:19:35.515	+Warning+	[passive:keepalive:] 121.199.72.21:443 disconnect by keepalive timeout(69158578>=66330796+30000)
2023-02-04 16:19:35.515	+Warning+	[oray][erroCode] errorcode=ORAY_ERROR_PHSTREAM_KEEPALIVE_TIMEOUT(57351), product=0, type=3, inner code=7 [CPassiveKeepAliveHandler::Done:141]
2023-02-04 16:19:35.516	- Info  -	[http call3] disconnect, error( 57351 )
2023-02-04 16:19:37.854	- Info  -	[ServiceEx] the service control is 13
2023-02-04 16:19:37.854	- Info  -	SERVICE_CONTROL_POWEREVENT************dwEventType:10
2023-02-04 16:19:38.284	- Info  -	[ServiceEx] the service control is 13
2023-02-04 16:19:38.284	- Info  -	SERVICE_CONTROL_POWEREVENT************dwEventType:18
2023-02-04 16:19:38.284	+Warning+	[service] power event, system is resumed.
2023-02-04 16:19:39.193	- Info  -	[ServiceEx] the service control is 13
2023-02-04 16:19:39.193	- Info  -	SERVICE_CONTROL_POWEREVENT************dwEventType:7
2023-02-04 16:19:39.193	+Warning+	[service] power event, system is resumed.
2023-02-04 16:19:42.868	- Info  -	retry login now......
2023-02-04 16:19:42.868	- Info  -	Current client status: 2
2023-02-04 16:19:42.868	- Info  -	send status_changed notify 2
2023-02-04 16:19:42.869	- Info  -	Login task time 0
2023-02-04 16:19:42.987	- Info  -	[service] retry login by power event
2023-02-04 16:19:43.018	- Info  -	Do login( type: 2 ) at 379
2023-02-04 16:19:43.018	- Info  -	[http call3] new call id:23, url:https://slapi.oray.net/remote/get-fastcode
2023-02-04 16:19:43.025	- Info  -	[http call3] id:23 create new connection : https://slapi.oray.net:443
2023-02-04 16:19:43.038	- Info  -	[service] retry login by power event
2023-02-04 16:19:43.050	- Info  -	attempt to connect server slapi.oray.net:443(121.40.99.129:443)
2023-02-04 16:19:43.570	- Info  -	[http call3] id:23, url:https://slapi.oray.net/remote/get-fastcode, status code:200
2023-02-04 16:19:43.788	- Info  -	attempt to connect server rc10-fc08.oray.com:443(47.96.179.70:443)
2023-02-04 16:19:44.502	- Info  -	[service] attempted logon
2023-02-04 16:19:44.557	- Info  -	[service] logon server OK. public ip:183.219.206.222
2023-02-04 16:19:44.584	- Info  -	[online] attempted client online
2023-02-04 16:19:44.612	- Info  -	[online] client online OK.
2023-02-04 16:19:44.613	- Info  -	[online] received name:default , description:default .
2023-02-04 16:19:44.622	- Info  -	[service] attempted register client to server
2023-02-04 16:19:44.649	- Info  -	[service] registered client to server
2023-02-04 16:19:44.649	- Info  -	[http call3] new call id:24, url:https://sl-log.oray.net/slclientlog
2023-02-04 16:19:44.649	- Info  -	Current client status: 1
2023-02-04 16:19:44.649	- Info  -	send status_changed notify 1
2023-02-04 16:19:44.651	- Info  -	[http call3] id:24 create new connection : https://sl-log.oray.net:443
2023-02-04 16:19:44.691	- Info  -	[discover] Client NotifyDiscover type=5
2023-02-04 16:19:44.824	- Info  -	[OnLogin start]
2023-02-04 16:19:44.828	- Info  -	[OnLogin end]
2023-02-04 16:19:44.878	- Info  -	[OnLogin] WaittingTask Start
2023-02-04 16:19:45.317	- Info  -	attempt to connect server sl-log.oray.net:443(47.97.186.100:443)
2023-02-04 16:19:45.784	- Info  -	Set auto_run : true
2023-02-04 16:19:45.972	- Info  -	[http call3] id:24, url:https://sl-log.oray.net/slclientlog, status code:200
2023-02-04 16:19:46.574	- Info  -	[OnLogin] WaittingTask end
2023-02-04 16:19:58.552	* Error *	SSLStream::IsWantReadWrite|peer(121.40.99.129:443), SSL_read failed( 6 ), error:00000000:lib(0):func(0):reason(0), file( ..\includes\common\phstream\SSLStream.cpp:1898 )
2023-02-04 16:19:58.552	- Info  -	[http call3] disconnect, error( 0 )
2023-02-04 16:20:15.968	* Error *	SSLStream::IsWantReadWrite|peer(47.97.186.100:443), SSL_read failed( 6 ), error:00000000:lib(0):func(0):reason(0), file( ..\includes\common\phstream\SSLStream.cpp:1898 )
2023-02-04 16:20:15.968	- Info  -	[http call3] disconnect, error( 0 )
2023-02-04 16:45:39.083	- Info  -	[ServiceEx] the service control is 13
2023-02-04 16:45:39.083	- Info  -	SERVICE_CONTROL_POWEREVENT************dwEventType:4
2023-02-04 16:45:39.083	+Warning+	[service] power event, system is suspending.
2023-02-04 16:45:39.083	- Info  -	Logout ...
2023-02-04 16:45:39.083	- Info  -	[oray][erroCode] errorcode=oray_errorcode(0), product=0, type=0, inner code=0 [CMultiplexLogicStream::Disconnect_impl:121]
2023-02-04 16:45:39.083	- Info  -	[RemoteControl] disconnected server(47.96.179.70:443),error code:0
2023-02-04 16:45:39.084	* Error *	[online] online disconnected,error code:0
2023-02-04 16:45:39.084	- Info  -	[oray][erroCode] errorcode=errorcode(0), product=0, type=0, inner code=0 [COnlineHandler::OnDisconnect:86]
2023-02-04 16:45:39.084	- Info  -	[service] disconnected server(47.96.179.70:443),errorcode:0
2023-02-04 16:45:39.084	- Info  -	curStatus: 0, m_Status: 1
2023-02-04 16:45:39.084	- Info  -	[http call3] new call id:25, url:https://sl-log.oray.net/slclientlog
2023-02-04 16:45:39.084	- Info  -	Current client status: 0
2023-02-04 16:45:39.084	- Info  -	send status_changed notify 0
2023-02-04 16:45:39.084	- Info  -	[OnLogout start]
2023-02-04 16:45:39.085	- Info  -	[service] stop all projections
2023-02-04 16:45:39.085	- Info  -	[OnLogout end]
2023-02-04 16:45:39.092	- Info  -	[http call3] id:25 create new connection : https://sl-log.oray.net:443
2023-02-04 16:45:39.099	- Info  -	[MICRO LIVE] shell send close micro_live_plugin
2023-02-04 16:45:39.110	- Info  -	attempt to connect server sl-log.oray.net:443(121.41.32.171:443)
2023-02-04 16:45:39.255	- Info  -	[http call3] id:25, url:https://sl-log.oray.net/slclientlog, status code:200
2023-02-04 16:51:58.516	+Warning+	[passive:keepalive:] 121.41.32.171:443 disconnect by keepalive timeout(71101578>=70722312+30000)
2023-02-04 16:51:58.516	+Warning+	[oray][erroCode] errorcode=ORAY_ERROR_PHSTREAM_KEEPALIVE_TIMEOUT(57351), product=0, type=3, inner code=7 [CPassiveKeepAliveHandler::Done:141]
2023-02-04 16:51:58.517	- Info  -	[http call3] disconnect, error( 57351 )
2023-02-04 16:52:01.294	- Info  -	[ServiceEx] the service control is 13
2023-02-04 16:52:01.294	- Info  -	SERVICE_CONTROL_POWEREVENT************dwEventType:7
2023-02-04 16:52:01.294	+Warning+	[service] power event, system is resumed.
2023-02-04 16:52:02.004	- Info  -	retry login now......
2023-02-04 16:52:02.004	- Info  -	Current client status: 2
2023-02-04 16:52:02.004	- Info  -	send status_changed notify 2
2023-02-04 16:52:02.005	- Info  -	Login task time 0
2023-02-04 16:52:02.005	- Info  -	[service] retry login by power event
2023-02-04 16:52:02.045	- Info  -	Do login( type: 2 ) at 379
2023-02-04 16:52:02.046	- Info  -	[http call3] new call id:26, url:https://slapi.oray.net/remote/get-fastcode
2023-02-04 16:52:02.059	- Info  -	[http call3] id:26 create new connection : https://slapi.oray.net:443
2023-02-04 16:52:02.178	- Info  -	attempt to connect server slapi.oray.net:443(121.40.99.129:443)
2023-02-04 16:52:02.429	- Info  -	[http call3] id:26, url:https://slapi.oray.net/remote/get-fastcode, status code:200
2023-02-04 16:52:02.457	- Info  -	attempt to connect server rc10-fc03.oray.com:443(8.136.215.212:443)
2023-02-04 16:52:02.603	- Info  -	[service] attempted logon
2023-02-04 16:52:02.638	- Info  -	[service] logon server OK. public ip:183.219.206.222
2023-02-04 16:52:02.660	- Info  -	[online] attempted client online
2023-02-04 16:52:02.686	- Info  -	[online] client online OK.
2023-02-04 16:52:02.686	- Info  -	[online] received name:default , description:default .
2023-02-04 16:52:02.697	- Info  -	[service] attempted register client to server
2023-02-04 16:52:02.720	- Info  -	[service] registered client to server
2023-02-04 16:52:02.720	- Info  -	[http call3] new call id:27, url:https://sl-log.oray.net/slclientlog
2023-02-04 16:52:02.720	- Info  -	Current client status: 1
2023-02-04 16:52:02.720	- Info  -	send status_changed notify 1
2023-02-04 16:52:02.726	- Info  -	[http call3] id:27 create new connection : https://sl-log.oray.net:443
2023-02-04 16:52:02.756	- Info  -	[discover] Client NotifyDiscover type=5
2023-02-04 16:52:02.819	- Info  -	attempt to connect server sl-log.oray.net:443(47.97.106.171:443)
2023-02-04 16:52:02.839	- Info  -	[OnLogin start]
2023-02-04 16:52:02.843	- Info  -	[OnLogin end]
2023-02-04 16:52:02.857	- Info  -	[OnLogin] WaittingTask Start
2023-02-04 16:52:03.069	- Info  -	Set auto_run : true
2023-02-04 16:52:03.164	- Info  -	[http call3] id:27, url:https://sl-log.oray.net/slclientlog, status code:200
2023-02-04 16:52:03.376	- Info  -	[ServiceEx] the service control is 13
2023-02-04 16:52:03.376	- Info  -	SERVICE_CONTROL_POWEREVENT************dwEventType:18
2023-02-04 16:52:03.377	+Warning+	[service] power event, system is resumed.
2023-02-04 16:52:04.393	- Info  -	[OnLogin] WaittingTask end
2023-02-04 16:52:33.163	* Error *	SSLStream::IsWantReadWrite|peer(47.97.106.171:443), SSL_read failed( 6 ), error:00000000:lib(0):func(0):reason(0), file( ..\includes\common\phstream\SSLStream.cpp:1898 )
2023-02-04 16:52:33.163	- Info  -	[http call3] disconnect, error( 0 )
2023-02-04 16:52:39.781	+Warning+	[passive:keepalive:] 121.40.99.129:443 disconnect by keepalive timeout(71142843>=71105484+30000)
2023-02-04 16:52:39.781	+Warning+	[oray][erroCode] errorcode=ORAY_ERROR_PHSTREAM_KEEPALIVE_TIMEOUT(57351), product=0, type=3, inner code=7 [CPassiveKeepAliveHandler::Done:141]
2023-02-04 16:52:39.781	- Info  -	[http call3] disconnect, error( 57351 )
2023-02-04 17:07:55.863	- Info  -	[ServiceEx] the service control is 13
2023-02-04 17:07:55.863	- Info  -	SERVICE_CONTROL_POWEREVENT************dwEventType:4
2023-02-04 17:07:55.863	+Warning+	[service] power event, system is suspending.
2023-02-04 17:07:55.864	- Info  -	Logout ...
2023-02-04 17:07:55.864	- Info  -	[oray][erroCode] errorcode=oray_errorcode(0), product=0, type=0, inner code=0 [CMultiplexLogicStream::Disconnect_impl:121]
2023-02-04 17:07:55.864	- Info  -	[RemoteControl] disconnected server(8.136.215.212:443),error code:0
2023-02-04 17:07:55.864	* Error *	[online] online disconnected,error code:0
2023-02-04 17:07:55.865	- Info  -	[oray][erroCode] errorcode=errorcode(0), product=0, type=0, inner code=0 [COnlineHandler::OnDisconnect:86]
2023-02-04 17:07:55.865	- Info  -	[service] disconnected server(8.136.215.212:443),errorcode:0
2023-02-04 17:07:55.865	- Info  -	curStatus: 0, m_Status: 1
2023-02-04 17:07:55.865	- Info  -	[http call3] new call id:28, url:https://sl-log.oray.net/slclientlog
2023-02-04 17:07:55.865	- Info  -	Current client status: 0
2023-02-04 17:07:55.865	- Info  -	send status_changed notify 0
2023-02-04 17:07:55.865	- Info  -	[OnLogout start]
2023-02-04 17:07:55.865	- Info  -	[service] stop all projections
2023-02-04 17:07:55.865	- Info  -	[OnLogout end]
2023-02-04 17:07:55.881	- Info  -	[MICRO LIVE] shell send close micro_live_plugin
2023-02-04 17:07:55.894	- Info  -	[http call3] id:28 create new connection : https://sl-log.oray.net:443
2023-02-04 17:07:55.964	- Info  -	attempt to connect server sl-log.oray.net:443(121.41.32.171:443)
2023-02-04 17:07:56.374	- Info  -	[http call3] id:28, url:https://sl-log.oray.net/slclientlog, status code:200
2023-02-04 17:50:28.516	+Warning+	[passive:keepalive:] 121.41.32.171:443 disconnect by keepalive timeout(74611578>=72059437+30000)
2023-02-04 17:50:28.517	+Warning+	[oray][erroCode] errorcode=ORAY_ERROR_PHSTREAM_KEEPALIVE_TIMEOUT(57351), product=0, type=3, inner code=7 [CPassiveKeepAliveHandler::Done:141]
2023-02-04 17:50:28.517	- Info  -	[http call3] disconnect, error( 57351 )
2023-02-04 17:50:31.278	- Info  -	[ServiceEx] the service control is 13
2023-02-04 17:50:31.278	- Info  -	SERVICE_CONTROL_POWEREVENT************dwEventType:18
2023-02-04 17:50:31.278	+Warning+	[service] power event, system is resumed.
2023-02-04 17:50:32.594	- Info  -	retry login now......
2023-02-04 17:50:32.596	- Info  -	Current client status: 2
2023-02-04 17:50:32.596	- Info  -	send status_changed notify 2
2023-02-04 17:50:32.596	- Info  -	Login task time 0
2023-02-04 17:50:32.596	- Info  -	[service] retry login by power event
2023-02-04 17:50:32.660	- Info  -	Do login( type: 2 ) at 379
2023-02-04 17:50:32.660	- Info  -	[http call3] new call id:29, url:https://slapi.oray.net/remote/get-fastcode
2023-02-04 17:50:32.675	- Info  -	[http call3] id:29 create new connection : https://slapi.oray.net:443
2023-02-04 17:50:33.338	- Info  -	attempt to connect server slapi.oray.net:443(121.40.200.192:443)
2023-02-04 17:50:33.959	- Info  -	[http call3] id:29, url:https://slapi.oray.net/remote/get-fastcode, status code:200
2023-02-04 17:50:34.114	- Info  -	attempt to connect server rc10-fc13.oray.com:443(121.40.51.117:443)
2023-02-04 17:50:34.261	- Info  -	[ServiceEx] the service control is 13
2023-02-04 17:50:34.261	- Info  -	SERVICE_CONTROL_POWEREVENT************dwEventType:7
2023-02-04 17:50:34.261	+Warning+	[service] power event, system is resumed.
2023-02-04 17:50:34.453	- Info  -	[service] retry login by power event
2023-02-04 17:50:34.555	- Info  -	[service] attempted logon
2023-02-04 17:50:34.592	- Info  -	[service] logon server OK. public ip:183.219.206.222
2023-02-04 17:50:34.617	- Info  -	[online] attempted client online
2023-02-04 17:50:34.643	- Info  -	[online] client online OK.
2023-02-04 17:50:34.643	- Info  -	[online] received name:default , description:default .
2023-02-04 17:50:34.654	- Info  -	[service] attempted register client to server
2023-02-04 17:50:34.680	- Info  -	[service] registered client to server
2023-02-04 17:50:34.680	- Info  -	[http call3] new call id:30, url:https://sl-log.oray.net/slclientlog
2023-02-04 17:50:34.680	- Info  -	Current client status: 1
2023-02-04 17:50:34.680	- Info  -	send status_changed notify 1
2023-02-04 17:50:34.686	- Info  -	[http call3] id:30 create new connection : https://sl-log.oray.net:443
2023-02-04 17:50:34.717	- Info  -	[discover] Client NotifyDiscover type=5
2023-02-04 17:50:34.785	- Info  -	[OnLogin start]
2023-02-04 17:50:34.789	- Info  -	[OnLogin end]
2023-02-04 17:50:34.798	- Info  -	[OnLogin] WaittingTask Start
2023-02-04 17:50:35.158	- Info  -	attempt to connect server sl-log.oray.net:443(47.97.183.66:443)
2023-02-04 17:50:35.335	- Info  -	Set auto_run : true
2023-02-04 17:50:35.471	- Info  -	[http call3] id:30, url:https://sl-log.oray.net/slclientlog, status code:200
2023-02-04 17:50:35.884	- Info  -	[OnLogin] WaittingTask end
2023-02-04 17:50:48.959	* Error *	SSLStream::IsWantReadWrite|peer(121.40.200.192:443), SSL_read failed( 6 ), error:00000000:lib(0):func(0):reason(0), file( ..\includes\common\phstream\SSLStream.cpp:1898 )
2023-02-04 17:50:48.959	- Info  -	[http call3] disconnect, error( 0 )
2023-02-04 17:51:05.490	* Error *	SSLStream::IsWantReadWrite|peer(47.97.183.66:443), SSL_read failed( 6 ), error:00000000:lib(0):func(0):reason(0), file( ..\includes\common\phstream\SSLStream.cpp:1898 )
2023-02-04 17:51:05.490	- Info  -	[http call3] disconnect, error( 0 )
2023-02-04 18:19:30.912	- Info  -	[ServiceEx] the service control is 13
2023-02-04 18:19:30.912	- Info  -	SERVICE_CONTROL_POWEREVENT************dwEventType:4
2023-02-04 18:19:30.912	+Warning+	[service] power event, system is suspending.
2023-02-04 18:19:30.913	- Info  -	Logout ...
2023-02-04 18:19:30.913	- Info  -	[oray][erroCode] errorcode=oray_errorcode(0), product=0, type=0, inner code=0 [CMultiplexLogicStream::Disconnect_impl:121]
2023-02-04 18:19:30.913	- Info  -	[RemoteControl] disconnected server(121.40.51.117:443),error code:0
2023-02-04 18:19:30.913	* Error *	[online] online disconnected,error code:0
2023-02-04 18:19:30.913	- Info  -	[oray][erroCode] errorcode=errorcode(0), product=0, type=0, inner code=0 [COnlineHandler::OnDisconnect:86]
2023-02-04 18:19:30.913	- Info  -	[service] disconnected server(121.40.51.117:443),errorcode:0
2023-02-04 18:19:30.913	- Info  -	curStatus: 0, m_Status: 1
2023-02-04 18:19:30.914	- Info  -	[http call3] new call id:31, url:https://sl-log.oray.net/slclientlog
2023-02-04 18:19:30.914	- Info  -	Current client status: 0
2023-02-04 18:19:30.914	- Info  -	send status_changed notify 0
2023-02-04 18:19:30.914	- Info  -	[OnLogout start]
2023-02-04 18:19:30.914	- Info  -	[service] stop all projections
2023-02-04 18:19:30.914	- Info  -	[OnLogout end]
2023-02-04 18:19:30.921	- Info  -	[http call3] id:31 create new connection : https://sl-log.oray.net:443
2023-02-04 18:19:30.925	- Info  -	[MICRO LIVE] shell send close micro_live_plugin
2023-02-04 18:19:30.936	- Info  -	attempt to connect server sl-log.oray.net:443(121.41.32.171:443)
2023-02-04 18:19:31.068	- Info  -	[http call3] id:31, url:https://sl-log.oray.net/slclientlog, status code:200
2023-02-04 19:24:59.517	+Warning+	[passive:keepalive:] 121.41.32.171:443 disconnect by keepalive timeout(80282593>=76354140+30000)
2023-02-04 19:24:59.517	+Warning+	[oray][erroCode] errorcode=ORAY_ERROR_PHSTREAM_KEEPALIVE_TIMEOUT(57351), product=0, type=3, inner code=7 [CPassiveKeepAliveHandler::Done:141]
2023-02-04 19:24:59.518	- Info  -	[http call3] disconnect, error( 57351 )
2023-02-04 19:25:03.342	- Info  -	[ServiceEx] the service control is 13
2023-02-04 19:25:03.343	- Info  -	SERVICE_CONTROL_POWEREVENT************dwEventType:10
2023-02-04 19:25:05.326	- Info  -	[ServiceEx] the service control is 13
2023-02-04 19:25:05.326	- Info  -	SERVICE_CONTROL_POWEREVENT************dwEventType:18
2023-02-04 19:25:05.326	+Warning+	[service] power event, system is resumed.
2023-02-04 19:25:05.565	- Info  -	retry login now......
2023-02-04 19:25:05.565	- Info  -	Current client status: 2
2023-02-04 19:25:05.565	- Info  -	send status_changed notify 2
2023-02-04 19:25:05.566	- Info  -	Login task time 0
2023-02-04 19:25:05.635	- Info  -	[service] retry login by power event
2023-02-04 19:25:05.674	- Info  -	Do login( type: 2 ) at 379
2023-02-04 19:25:05.674	- Info  -	[http call3] new call id:32, url:https://slapi.oray.net/remote/get-fastcode
2023-02-04 19:25:05.689	- Info  -	[http call3] id:32 create new connection : https://slapi.oray.net:443
2023-02-04 19:25:05.725	- Info  -	attempt to connect server slapi.oray.net:443(121.40.99.129:443)
2023-02-04 19:25:06.155	- Info  -	[http call3] id:32, url:https://slapi.oray.net/remote/get-fastcode, status code:200
2023-02-04 19:25:06.180	- Info  -	attempt to connect server rc10-fc07.oray.com:443(120.27.214.20:443)
2023-02-04 19:25:06.286	- Info  -	[ServiceEx] the service control is 13
2023-02-04 19:25:06.286	- Info  -	SERVICE_CONTROL_POWEREVENT************dwEventType:7
2023-02-04 19:25:06.286	+Warning+	[service] power event, system is resumed.
2023-02-04 19:25:06.324	- Info  -	[service] retry login by power event
2023-02-04 19:25:06.361	- Info  -	[service] attempted logon
2023-02-04 19:25:06.398	- Info  -	[service] logon server OK. public ip:183.219.206.222
2023-02-04 19:25:06.426	- Info  -	[online] attempted client online
2023-02-04 19:25:06.458	- Info  -	[online] client online OK.
2023-02-04 19:25:06.459	- Info  -	[online] received name:default , description:default .
2023-02-04 19:25:06.470	- Info  -	[service] attempted register client to server
2023-02-04 19:25:06.497	- Info  -	[service] registered client to server
2023-02-04 19:25:06.497	- Info  -	[http call3] new call id:33, url:https://sl-log.oray.net/slclientlog
2023-02-04 19:25:06.497	- Info  -	Current client status: 1
2023-02-04 19:25:06.497	- Info  -	send status_changed notify 1
2023-02-04 19:25:06.502	- Info  -	[http call3] id:33 create new connection : https://sl-log.oray.net:443
2023-02-04 19:25:06.518	- Info  -	attempt to connect server sl-log.oray.net:443(47.97.162.230:443)
2023-02-04 19:25:06.538	- Info  -	[discover] Client NotifyDiscover type=5
2023-02-04 19:25:06.553	- Info  -	[OnLogin start]
2023-02-04 19:25:06.557	- Info  -	[OnLogin end]
2023-02-04 19:25:06.568	- Info  -	[OnLogin] WaittingTask Start
2023-02-04 19:25:06.673	- Info  -	[http call3] id:33, url:https://sl-log.oray.net/slclientlog, status code:200
2023-02-04 19:25:06.828	- Info  -	Set auto_run : true
2023-02-04 19:25:06.842	- Info  -	[ServiceEx] the service control is 13
2023-02-04 19:25:06.842	- Info  -	SERVICE_CONTROL_POWEREVENT************dwEventType:10
2023-02-04 19:25:07.358	- Info  -	[OnLogin] WaittingTask end
2023-02-04 19:25:21.179	* Error *	SSLStream::IsWantReadWrite|peer(121.40.99.129:443), SSL_read failed( 6 ), error:00000000:lib(0):func(0):reason(0), file( ..\includes\common\phstream\SSLStream.cpp:1898 )
2023-02-04 19:25:21.179	- Info  -	[http call3] disconnect, error( 0 )
2023-02-04 19:25:36.675	* Error *	SSLStream::IsWantReadWrite|peer(47.97.162.230:443), SSL_read failed( 6 ), error:00000000:lib(0):func(0):reason(0), file( ..\includes\common\phstream\SSLStream.cpp:1898 )
2023-02-04 19:25:36.675	- Info  -	[http call3] disconnect, error( 0 )
2023-02-04 19:28:31.812	- Info  -	[ServiceEx] the service control is 13
2023-02-04 19:28:31.812	- Info  -	SERVICE_CONTROL_POWEREVENT************dwEventType:10
2023-02-04 19:28:33.885	- Info  -	[ServiceEx] the service control is 13
2023-02-04 19:28:33.885	- Info  -	SERVICE_CONTROL_POWEREVENT************dwEventType:10
2023-02-04 22:10:34.282	- Info  -	[ServiceEx] the service control is 13
2023-02-04 22:10:34.283	- Info  -	SERVICE_CONTROL_POWEREVENT************dwEventType:10
2023-02-04 23:05:38.608	- Info  -	[ServiceEx] the service control is 13
2023-02-04 23:05:38.608	- Info  -	SERVICE_CONTROL_POWEREVENT************dwEventType:10
2023-02-04 23:05:40.504	- Info  -	[ServiceEx] the service control is 13
2023-02-04 23:05:40.504	- Info  -	SERVICE_CONTROL_POWEREVENT************dwEventType:10
2023-02-04 23:05:47.029	- Info  -	[ServiceEx] the service control is 13
2023-02-04 23:05:47.029	- Info  -	SERVICE_CONTROL_POWEREVENT************dwEventType:4
2023-02-04 23:05:47.029	+Warning+	[service] power event, system is suspending.
2023-02-04 23:05:47.042	- Info  -	Logout ...
2023-02-04 23:05:47.044	- Info  -	[oray][erroCode] errorcode=oray_errorcode(0), product=0, type=0, inner code=0 [CMultiplexLogicStream::Disconnect_impl:121]
2023-02-04 23:05:47.044	- Info  -	[RemoteControl] disconnected server(120.27.214.20:443),error code:0
2023-02-04 23:05:47.045	* Error *	[online] online disconnected,error code:0
2023-02-04 23:05:47.045	- Info  -	[oray][erroCode] errorcode=errorcode(0), product=0, type=0, inner code=0 [COnlineHandler::OnDisconnect:86]
2023-02-04 23:05:47.046	- Info  -	[service] disconnected server(120.27.214.20:443),errorcode:0
2023-02-04 23:05:47.047	- Info  -	curStatus: 0, m_Status: 1
2023-02-04 23:05:47.057	- Info  -	[http call3] new call id:34, url:https://sl-log.oray.net/slclientlog
2023-02-04 23:05:47.058	- Info  -	Current client status: 0
2023-02-04 23:05:47.058	- Info  -	send status_changed notify 0
2023-02-04 23:05:47.058	- Info  -	[OnLogout start]
2023-02-04 23:05:47.059	- Info  -	[service] stop all projections
2023-02-04 23:05:47.060	- Info  -	[http call3] id:34 create new connection : https://sl-log.oray.net:443
2023-02-04 23:05:47.061	- Info  -	[OnLogout end]
2023-02-04 23:05:47.084	- Info  -	[MICRO LIVE] shell send close micro_live_plugin
2023-02-04 23:05:47.103	- Info  -	attempt to connect server sl-log.oray.net:443(47.97.106.171:443)
2023-02-04 23:05:47.417	- Info  -	[http call3] id:34, url:https://sl-log.oray.net/slclientlog, status code:200
2023-02-05 08:31:32.515	+Warning+	[passive:keepalive:] 47.97.106.171:443 disconnect by keepalive timeout(127475593>=93530484+30000)
2023-02-05 08:31:32.515	+Warning+	[oray][erroCode] errorcode=ORAY_ERROR_PHSTREAM_KEEPALIVE_TIMEOUT(57351), product=0, type=3, inner code=7 [CPassiveKeepAliveHandler::Done:141]
2023-02-05 08:31:32.515	- Info  -	[http call3] disconnect, error( 57351 )
2023-02-05 08:31:36.469	- Info  -	[ServiceEx] the service control is 13
2023-02-05 08:31:36.470	- Info  -	SERVICE_CONTROL_POWEREVENT************dwEventType:18
2023-02-05 08:31:36.470	+Warning+	[service] power event, system is resumed.
2023-02-05 08:31:37.555	- Info  -	[ServiceEx] the service control is 13
2023-02-05 08:31:37.555	- Info  -	SERVICE_CONTROL_POWEREVENT************dwEventType:7
2023-02-05 08:31:37.555	+Warning+	[service] power event, system is resumed.
2023-02-05 08:31:38.512	- Info  -	[ServiceEx] the service control is 13
2023-02-05 08:31:38.512	- Info  -	SERVICE_CONTROL_POWEREVENT************dwEventType:10
2023-02-05 08:31:41.835	- Info  -	retry login now......
2023-02-05 08:31:41.835	- Info  -	Current client status: 2
2023-02-05 08:31:41.835	- Info  -	send status_changed notify 2
2023-02-05 08:31:41.837	- Info  -	Login task time 0
2023-02-05 08:31:41.838	- Info  -	[service] retry login by power event
2023-02-05 08:31:41.842	- Info  -	Do login( type: 2 ) at 379
2023-02-05 08:31:41.846	- Info  -	[http call3] new call id:35, url:https://slapi.oray.net/remote/get-fastcode
2023-02-05 08:31:41.855	- Info  -	[http call3] id:35 create new connection : https://slapi.oray.net:443
2023-02-05 08:31:41.879	* Error *	[oray][erroCode] errorcode=ORAY_ERROR_DOMAIN_RESOLVED_FAILED(57394), product=0, type=3, inner code=50 [CSockConnector::ConnectSock:229]
2023-02-05 08:31:47.073	- Info  -	[service] retry login by power event
2023-02-05 08:31:55.740	- Info  -	[ServiceEx] the service control is 13
2023-02-05 08:31:55.740	- Info  -	SERVICE_CONTROL_POWEREVENT************dwEventType:10
2023-02-05 08:32:11.888	- Info  -	[http call3] disconnect, error( 0 )
2023-02-05 08:32:11.888	- Info  -	[http call3] disconnect id:35, error( 0 )
2023-02-05 08:32:11.888	* Error *	GetFastcode failed! error:-1, msg:net error
2023-02-05 08:32:11.888	- Info  -	Current client status: 0
2023-02-05 08:32:11.888	- Info  -	send status_changed notify 0
2023-02-05 08:32:11.888	- Info  -	[OnLogout start]
2023-02-05 08:32:11.889	- Info  -	[service] stop all projections
2023-02-05 08:32:11.889	- Info  -	retry login now......
2023-02-05 08:32:11.889	- Info  -	Current client status: 2
2023-02-05 08:32:11.889	- Info  -	send status_changed notify 2
2023-02-05 08:32:11.890	- Info  -	Login task time 0
2023-02-05 08:32:11.890	- Info  -	[OnLogout end]
2023-02-05 08:32:11.905	- Info  -	Do login( type: 2 ) at 379
2023-02-05 08:32:11.905	- Info  -	[http call3] new call id:36, url:https://slapi.oray.net/remote/get-fastcode
2023-02-05 08:32:11.916	- Info  -	[http call3] id:36 create new connection : https://slapi.oray.net:443
2023-02-05 08:32:11.936	- Info  -	attempt to connect server slapi.oray.net:443(121.40.200.192:443)
2023-02-05 08:32:12.167	- Info  -	[http call3] id:36, url:https://slapi.oray.net/remote/get-fastcode, status code:200
2023-02-05 08:32:12.187	- Info  -	attempt to connect server rc10-fc11.oray.com:443(120.55.59.130:443)
2023-02-05 08:32:12.290	- Info  -	[service] attempted logon
2023-02-05 08:32:12.340	- Info  -	[service] logon server OK. public ip:183.219.206.222
2023-02-05 08:32:12.373	- Info  -	[online] attempted client online
2023-02-05 08:32:12.404	- Info  -	[online] client online OK.
2023-02-05 08:32:12.405	- Info  -	[online] received name:default , description:default .
2023-02-05 08:32:12.418	- Info  -	[service] attempted register client to server
2023-02-05 08:32:12.449	- Info  -	[service] registered client to server
2023-02-05 08:32:12.449	- Info  -	[http call3] new call id:37, url:https://sl-log.oray.net/slclientlog
2023-02-05 08:32:12.449	- Info  -	Current client status: 1
2023-02-05 08:32:12.449	- Info  -	send status_changed notify 1
2023-02-05 08:32:12.459	- Info  -	[http call3] id:37 create new connection : https://sl-log.oray.net:443
2023-02-05 08:32:12.473	- Info  -	attempt to connect server sl-log.oray.net:443(47.97.106.171:443)
2023-02-05 08:32:12.500	- Info  -	[discover] Client NotifyDiscover type=5
2023-02-05 08:32:12.530	- Info  -	[OnLogin start]
2023-02-05 08:32:12.540	- Info  -	[OnLogin] WaittingTask Start
2023-02-05 08:32:12.540	- Info  -	[OnLogin end]
2023-02-05 08:32:12.617	- Info  -	[http call3] id:37, url:https://sl-log.oray.net/slclientlog, status code:200
2023-02-05 08:32:12.762	- Info  -	Set auto_run : true
2023-02-05 08:32:13.194	- Info  -	[OnLogin] WaittingTask end
2023-02-05 08:32:27.169	* Error *	SSLStream::IsWantReadWrite|peer(121.40.200.192:443), SSL_read failed( 6 ), error:00000000:lib(0):func(0):reason(0), file( ..\includes\common\phstream\SSLStream.cpp:1898 )
2023-02-05 08:32:27.169	- Info  -	[http call3] disconnect, error( 0 )
2023-02-05 08:32:42.654	* Error *	SSLStream::IsWantReadWrite|peer(47.97.106.171:443), SSL_read failed( 6 ), error:00000000:lib(0):func(0):reason(0), file( ..\includes\common\phstream\SSLStream.cpp:1898 )
2023-02-05 08:32:42.654	- Info  -	[http call3] disconnect, error( 0 )
2023-02-05 09:22:52.298	- Info  -	[ServiceEx] the service control is 13
2023-02-05 09:22:52.298	- Info  -	SERVICE_CONTROL_POWEREVENT************dwEventType:10
2023-02-05 09:33:14.696	- Info  -	[ServiceEx] the service control is 13
2023-02-05 09:33:14.696	- Info  -	SERVICE_CONTROL_POWEREVENT************dwEventType:10
2023-02-05 11:27:35.644	- Info  -	[ServiceEx] the service control is 13
2023-02-05 11:27:35.645	- Info  -	SERVICE_CONTROL_POWEREVENT************dwEventType:4
2023-02-05 11:27:35.645	+Warning+	[service] power event, system is suspending.
2023-02-05 11:27:35.647	- Info  -	Logout ...
2023-02-05 11:27:35.647	- Info  -	[oray][erroCode] errorcode=oray_errorcode(0), product=0, type=0, inner code=0 [CMultiplexLogicStream::Disconnect_impl:121]
2023-02-05 11:27:35.647	- Info  -	[RemoteControl] disconnected server(120.55.59.130:443),error code:0
2023-02-05 11:27:35.648	* Error *	[online] online disconnected,error code:0
2023-02-05 11:27:35.648	- Info  -	[oray][erroCode] errorcode=errorcode(0), product=0, type=0, inner code=0 [COnlineHandler::OnDisconnect:86]
2023-02-05 11:27:35.648	- Info  -	[service] disconnected server(120.55.59.130:443),errorcode:0
2023-02-05 11:27:35.648	- Info  -	curStatus: 0, m_Status: 1
2023-02-05 11:27:35.648	- Info  -	[http call3] new call id:38, url:https://sl-log.oray.net/slclientlog
2023-02-05 11:27:35.649	- Info  -	Current client status: 0
2023-02-05 11:27:35.649	- Info  -	send status_changed notify 0
2023-02-05 11:27:35.649	- Info  -	[OnLogout start]
2023-02-05 11:27:35.649	- Info  -	[service] stop all projections
2023-02-05 11:27:35.649	- Info  -	[OnLogout end]
2023-02-05 11:27:35.663	- Info  -	[http call3] id:38 create new connection : https://sl-log.oray.net:443
2023-02-05 11:27:35.669	- Info  -	[MICRO LIVE] shell send close micro_live_plugin
2023-02-05 11:27:35.691	- Info  -	attempt to connect server sl-log.oray.net:443(47.97.183.66:443)
2023-02-05 11:27:35.970	- Info  -	[http call3] id:38, url:https://sl-log.oray.net/slclientlog, status code:200
2023-02-05 12:43:03.522	+Warning+	[passive:keepalive:] 47.97.183.66:443 disconnect by keepalive timeout(142566593>=138039046+30000)
2023-02-05 12:43:03.522	+Warning+	[oray][erroCode] errorcode=ORAY_ERROR_PHSTREAM_KEEPALIVE_TIMEOUT(57351), product=0, type=3, inner code=7 [CPassiveKeepAliveHandler::Done:141]
2023-02-05 12:43:03.522	- Info  -	[http call3] disconnect, error( 57351 )
2023-02-05 12:43:05.659	- Info  -	[ServiceEx] the service control is 13
2023-02-05 12:43:05.659	- Info  -	SERVICE_CONTROL_POWEREVENT************dwEventType:18
2023-02-05 12:43:05.659	+Warning+	[service] power event, system is resumed.
2023-02-05 12:43:07.029	- Info  -	[ServiceEx] the service control is 13
2023-02-05 12:43:07.029	- Info  -	SERVICE_CONTROL_POWEREVENT************dwEventType:7
2023-02-05 12:43:07.029	+Warning+	[service] power event, system is resumed.
2023-02-05 12:43:09.637	- Info  -	[ServiceEx] the service control is 13
2023-02-05 12:43:09.637	- Info  -	SERVICE_CONTROL_POWEREVENT************dwEventType:10
2023-02-05 12:43:10.970	- Info  -	retry login now......
2023-02-05 12:43:10.970	- Info  -	Current client status: 2
2023-02-05 12:43:10.970	- Info  -	send status_changed notify 2
2023-02-05 12:43:10.971	- Info  -	Login task time 0
2023-02-05 12:43:10.971	- Info  -	[service] retry login by power event
2023-02-05 12:43:10.972	- Info  -	Do login( type: 2 ) at 379
2023-02-05 12:43:10.978	- Info  -	[http call3] new call id:39, url:https://slapi.oray.net/remote/get-fastcode
2023-02-05 12:43:10.979	- Info  -	[http call3] id:39 create new connection : https://slapi.oray.net:443
2023-02-05 12:43:10.980	* Error *	[oray][erroCode] errorcode=ORAY_ERROR_DOMAIN_RESOLVED_FAILED(57394), product=0, type=3, inner code=50 [CSockConnector::ConnectSock:229]
2023-02-05 12:43:14.078	- Info  -	[service] retry login by power event
2023-02-05 12:43:40.967	- Info  -	[http call3] disconnect, error( 0 )
2023-02-05 12:43:40.967	- Info  -	[http call3] disconnect id:39, error( 0 )
2023-02-05 12:43:40.967	* Error *	GetFastcode failed! error:-1, msg:net error
2023-02-05 12:43:40.967	- Info  -	Current client status: 0
2023-02-05 12:43:40.967	- Info  -	send status_changed notify 0
2023-02-05 12:43:40.967	- Info  -	[OnLogout start]
2023-02-05 12:43:40.968	- Info  -	[service] stop all projections
2023-02-05 12:43:40.968	- Info  -	retry login now......
2023-02-05 12:43:40.968	- Info  -	Current client status: 2
2023-02-05 12:43:40.968	- Info  -	send status_changed notify 2
2023-02-05 12:43:40.969	- Info  -	Login task time 0
2023-02-05 12:43:40.969	- Info  -	[OnLogout end]
2023-02-05 12:43:40.969	- Info  -	Do login( type: 2 ) at 379
2023-02-05 12:43:40.970	- Info  -	[http call3] new call id:40, url:https://slapi.oray.net/remote/get-fastcode
2023-02-05 12:43:40.983	- Info  -	[http call3] id:40 create new connection : https://slapi.oray.net:443
2023-02-05 12:43:40.989	- Info  -	attempt to connect server slapi.oray.net:443(121.40.200.192:443)
2023-02-05 12:43:41.242	- Info  -	[http call3] id:40, url:https://slapi.oray.net/remote/get-fastcode, status code:200
2023-02-05 12:43:41.255	- Info  -	attempt to connect server rc10-fc09.oray.com:443(116.62.66.134:443)
2023-02-05 12:43:41.365	- Info  -	[service] attempted logon
2023-02-05 12:43:41.404	- Info  -	[service] logon server OK. public ip:183.219.206.222
2023-02-05 12:43:41.434	- Info  -	[online] attempted client online
2023-02-05 12:43:41.464	- Info  -	[online] client online OK.
2023-02-05 12:43:41.464	- Info  -	[online] received name:default , description:default .
2023-02-05 12:43:41.477	- Info  -	[service] attempted register client to server
2023-02-05 12:43:41.505	- Info  -	[service] registered client to server
2023-02-05 12:43:41.506	- Info  -	[http call3] new call id:41, url:https://sl-log.oray.net/slclientlog
2023-02-05 12:43:41.506	- Info  -	Current client status: 1
2023-02-05 12:43:41.506	- Info  -	send status_changed notify 1
2023-02-05 12:43:41.508	- Info  -	[http call3] id:41 create new connection : https://sl-log.oray.net:443
2023-02-05 12:43:41.521	- Info  -	attempt to connect server sl-log.oray.net:443(47.97.183.66:443)
2023-02-05 12:43:41.541	- Info  -	[discover] Client NotifyDiscover type=5
2023-02-05 12:43:41.552	- Info  -	[OnLogin start]
2023-02-05 12:43:41.555	- Info  -	[OnLogin end]
2023-02-05 12:43:41.556	- Info  -	[OnLogin] WaittingTask Start
2023-02-05 12:43:41.678	- Info  -	[http call3] id:41, url:https://sl-log.oray.net/slclientlog, status code:200
2023-02-05 12:43:41.731	- Info  -	Set auto_run : true
2023-02-05 12:43:42.160	- Info  -	[OnLogin] WaittingTask end
2023-02-05 12:43:56.209	* Error *	SSLStream::IsWantReadWrite|peer(121.40.200.192:443), SSL_read failed( 6 ), error:00000000:lib(0):func(0):reason(0), file( ..\includes\common\phstream\SSLStream.cpp:1898 )
2023-02-05 12:43:56.209	- Info  -	[http call3] disconnect, error( 0 )
2023-02-05 12:44:11.677	* Error *	SSLStream::IsWantReadWrite|peer(47.97.183.66:443), SSL_read failed( 6 ), error:00000000:lib(0):func(0):reason(0), file( ..\includes\common\phstream\SSLStream.cpp:1898 )
2023-02-05 12:44:11.677	- Info  -	[http call3] disconnect, error( 0 )
2023-02-05 12:56:43.004	- Info  -	[ServiceEx] the service control is 13
2023-02-05 12:56:43.005	- Info  -	SERVICE_CONTROL_POWEREVENT************dwEventType:10
2023-02-05 12:56:44.604	- Info  -	[ServiceEx] the service control is 13
2023-02-05 12:56:44.604	- Info  -	SERVICE_CONTROL_POWEREVENT************dwEventType:10
2023-02-05 13:10:00.692	- Info  -	[ServiceEx] the service control is 13
2023-02-05 13:10:00.692	- Info  -	SERVICE_CONTROL_POWEREVENT************dwEventType:4
2023-02-05 13:10:00.692	+Warning+	[service] power event, system is suspending.
2023-02-05 13:10:00.693	- Info  -	Logout ...
2023-02-05 13:10:00.693	- Info  -	[oray][erroCode] errorcode=oray_errorcode(0), product=0, type=0, inner code=0 [CMultiplexLogicStream::Disconnect_impl:121]
2023-02-05 13:10:00.693	- Info  -	[RemoteControl] disconnected server(116.62.66.134:443),error code:0
2023-02-05 13:10:00.694	* Error *	[online] online disconnected,error code:0
2023-02-05 13:10:00.694	- Info  -	[oray][erroCode] errorcode=errorcode(0), product=0, type=0, inner code=0 [COnlineHandler::OnDisconnect:86]
2023-02-05 13:10:00.694	- Info  -	[service] disconnected server(116.62.66.134:443),errorcode:0
2023-02-05 13:10:00.694	- Info  -	curStatus: 0, m_Status: 1
2023-02-05 13:10:00.694	- Info  -	[http call3] new call id:42, url:https://sl-log.oray.net/slclientlog
2023-02-05 13:10:00.694	- Info  -	Current client status: 0
2023-02-05 13:10:00.694	- Info  -	send status_changed notify 0
2023-02-05 13:10:00.694	- Info  -	[OnLogout start]
2023-02-05 13:10:00.695	- Info  -	[service] stop all projections
2023-02-05 13:10:00.695	- Info  -	[OnLogout end]
2023-02-05 13:10:00.700	- Info  -	[http call3] id:42 create new connection : https://sl-log.oray.net:443
2023-02-05 13:10:00.702	- Info  -	[MICRO LIVE] shell send close micro_live_plugin
2023-02-05 13:10:00.713	- Info  -	attempt to connect server sl-log.oray.net:443(121.199.72.21:443)
2023-02-05 13:10:00.849	- Info  -	[http call3] id:42, url:https://sl-log.oray.net/slclientlog, status code:200
2023-02-05 13:23:55.515	+Warning+	[passive:keepalive:] 121.199.72.21:443 disconnect by keepalive timeout(145018593>=144183921+30000)
2023-02-05 13:23:55.515	+Warning+	[oray][erroCode] errorcode=ORAY_ERROR_PHSTREAM_KEEPALIVE_TIMEOUT(57351), product=0, type=3, inner code=7 [CPassiveKeepAliveHandler::Done:141]
2023-02-05 13:23:55.516	- Info  -	[http call3] disconnect, error( 57351 )
2023-02-05 13:23:56.941	- Info  -	[ServiceEx] the service control is 13
2023-02-05 13:23:56.942	- Info  -	SERVICE_CONTROL_POWEREVENT************dwEventType:18
2023-02-05 13:23:56.942	+Warning+	[service] power event, system is resumed.
2023-02-05 13:23:57.892	- Info  -	[ServiceEx] the service control is 13
2023-02-05 13:23:57.892	- Info  -	SERVICE_CONTROL_POWEREVENT************dwEventType:7
2023-02-05 13:23:57.892	+Warning+	[service] power event, system is resumed.
2023-02-05 13:23:58.133	- Info  -	retry login now......
2023-02-05 13:23:58.133	- Info  -	Current client status: 2
2023-02-05 13:23:58.133	- Info  -	send status_changed notify 2
2023-02-05 13:23:58.134	- Info  -	Login task time 0
2023-02-05 13:23:58.134	- Info  -	[service] retry login by power event
2023-02-05 13:23:58.135	- Info  -	[service] retry login by power event
2023-02-05 13:23:58.150	- Info  -	Do login( type: 2 ) at 379
2023-02-05 13:23:58.150	- Info  -	[http call3] new call id:43, url:https://slapi.oray.net/remote/get-fastcode
2023-02-05 13:23:58.160	- Info  -	[http call3] id:43 create new connection : https://slapi.oray.net:443
2023-02-05 13:23:58.161	- Info  -	attempt to connect server slapi.oray.net:443(121.40.99.129:443)
2023-02-05 13:23:58.370	- Info  -	[http call3] id:43, url:https://slapi.oray.net/remote/get-fastcode, status code:200
2023-02-05 13:23:58.462	- Info  -	attempt to connect server rc10-fc07.oray.com:443(120.27.214.20:443)
2023-02-05 13:23:58.801	- Info  -	[service] attempted logon
2023-02-05 13:23:58.843	- Info  -	[service] logon server OK. public ip:183.219.206.222
2023-02-05 13:23:58.874	- Info  -	[online] attempted client online
2023-02-05 13:23:58.908	- Info  -	[online] client online OK.
2023-02-05 13:23:58.909	- Info  -	[online] received name:default , description:default .
2023-02-05 13:23:58.922	- Info  -	[service] attempted register client to server
2023-02-05 13:23:58.953	- Info  -	[service] registered client to server
2023-02-05 13:23:58.953	- Info  -	[http call3] new call id:44, url:https://sl-log.oray.net/slclientlog
2023-02-05 13:23:58.954	- Info  -	Current client status: 1
2023-02-05 13:23:58.954	- Info  -	send status_changed notify 1
2023-02-05 13:23:58.958	- Info  -	[http call3] id:44 create new connection : https://sl-log.oray.net:443
2023-02-05 13:23:58.974	- Info  -	attempt to connect server sl-log.oray.net:443(47.97.186.100:443)
2023-02-05 13:23:58.993	- Info  -	[discover] Client NotifyDiscover type=5
2023-02-05 13:23:59.027	- Info  -	[OnLogin start]
2023-02-05 13:23:59.039	- Info  -	[OnLogin end]
2023-02-05 13:23:59.049	- Info  -	[OnLogin] WaittingTask Start
2023-02-05 13:23:59.246	- Info  -	[http call3] id:44, url:https://sl-log.oray.net/slclientlog, status code:200
2023-02-05 13:23:59.263	- Info  -	Set auto_run : true
2023-02-05 13:23:59.946	- Info  -	[OnLogin] WaittingTask end
2023-02-05 13:24:13.369	* Error *	SSLStream::IsWantReadWrite|peer(121.40.99.129:443), SSL_read failed( 6 ), error:00000000:lib(0):func(0):reason(0), file( ..\includes\common\phstream\SSLStream.cpp:1898 )
2023-02-05 13:24:13.369	- Info  -	[http call3] disconnect, error( 0 )
2023-02-05 13:24:29.247	* Error *	SSLStream::IsWantReadWrite|peer(47.97.186.100:443), SSL_read failed( 6 ), error:00000000:lib(0):func(0):reason(0), file( ..\includes\common\phstream\SSLStream.cpp:1898 )
2023-02-05 13:24:29.247	- Info  -	[http call3] disconnect, error( 0 )
2023-02-05 15:24:01.890	- Info  -	[ServiceEx] the service control is 13
2023-02-05 15:24:01.892	- Info  -	SERVICE_CONTROL_POWEREVENT************dwEventType:10
2023-02-05 15:32:21.569	- Info  -	[ServiceEx] the service control is 13
2023-02-05 15:32:21.570	- Info  -	SERVICE_CONTROL_POWEREVENT************dwEventType:4
2023-02-05 15:32:21.570	+Warning+	[service] power event, system is suspending.
2023-02-05 15:32:21.571	- Info  -	Logout ...
2023-02-05 15:32:21.571	- Info  -	[oray][erroCode] errorcode=oray_errorcode(0), product=0, type=0, inner code=0 [CMultiplexLogicStream::Disconnect_impl:121]
2023-02-05 15:32:21.571	- Info  -	[RemoteControl] disconnected server(120.27.214.20:443),error code:0
2023-02-05 15:32:21.572	* Error *	[online] online disconnected,error code:0
2023-02-05 15:32:21.572	- Info  -	[oray][erroCode] errorcode=errorcode(0), product=0, type=0, inner code=0 [COnlineHandler::OnDisconnect:86]
2023-02-05 15:32:21.572	- Info  -	[service] disconnected server(120.27.214.20:443),errorcode:0
2023-02-05 15:32:21.572	- Info  -	curStatus: 0, m_Status: 1
2023-02-05 15:32:21.573	- Info  -	[http call3] new call id:45, url:https://sl-log.oray.net/slclientlog
2023-02-05 15:32:21.573	- Info  -	Current client status: 0
2023-02-05 15:32:21.573	- Info  -	send status_changed notify 0
2023-02-05 15:32:21.573	- Info  -	[OnLogout start]
2023-02-05 15:32:21.573	- Info  -	[service] stop all projections
2023-02-05 15:32:21.573	- Info  -	[OnLogout end]
2023-02-05 15:32:21.580	- Info  -	[http call3] id:45 create new connection : https://sl-log.oray.net:443
2023-02-05 15:32:21.589	- Info  -	[MICRO LIVE] shell send close micro_live_plugin
2023-02-05 15:32:21.596	- Info  -	attempt to connect server sl-log.oray.net:443(47.97.186.100:443)
2023-02-05 15:32:21.736	- Info  -	[http call3] id:45, url:https://sl-log.oray.net/slclientlog, status code:200
2023-02-05 15:59:38.515	+Warning+	[passive:keepalive:] 47.97.186.100:443 disconnect by keepalive timeout(154361593>=152724812+30000)
2023-02-05 15:59:38.515	+Warning+	[oray][erroCode] errorcode=ORAY_ERROR_PHSTREAM_KEEPALIVE_TIMEOUT(57351), product=0, type=3, inner code=7 [CPassiveKeepAliveHandler::Done:141]
2023-02-05 15:59:38.516	- Info  -	[http call3] disconnect, error( 57351 )
2023-02-05 15:59:40.549	- Info  -	[ServiceEx] the service control is 13
2023-02-05 15:59:40.549	- Info  -	SERVICE_CONTROL_POWEREVENT************dwEventType:10
2023-02-05 15:59:42.713	- Info  -	[ServiceEx] the service control is 13
2023-02-05 15:59:42.713	- Info  -	SERVICE_CONTROL_POWEREVENT************dwEventType:18
2023-02-05 15:59:42.713	+Warning+	[service] power event, system is resumed.
2023-02-05 15:59:42.914	- Info  -	retry login now......
2023-02-05 15:59:42.914	- Info  -	Current client status: 2
2023-02-05 15:59:42.914	- Info  -	send status_changed notify 2
2023-02-05 15:59:42.915	- Info  -	Login task time 0
2023-02-05 15:59:42.916	- Info  -	[service] retry login by power event
2023-02-05 15:59:42.916	- Info  -	Do login( type: 2 ) at 379
2023-02-05 15:59:42.917	- Info  -	[http call3] new call id:46, url:https://slapi.oray.net/remote/get-fastcode
2023-02-05 15:59:42.929	- Info  -	[http call3] id:46 create new connection : https://slapi.oray.net:443
2023-02-05 15:59:42.938	- Info  -	attempt to connect server slapi.oray.net:443(121.40.99.129:443)
2023-02-05 15:59:43.225	- Info  -	[http call3] id:46, url:https://slapi.oray.net/remote/get-fastcode, status code:200
2023-02-05 15:59:43.241	- Info  -	attempt to connect server rc10-fc06.oray.com:443(120.26.127.51:443)
2023-02-05 15:59:43.280	- Info  -	[ServiceEx] the service control is 13
2023-02-05 15:59:43.283	- Info  -	SERVICE_CONTROL_POWEREVENT************dwEventType:7
2023-02-05 15:59:43.283	+Warning+	[service] power event, system is resumed.
2023-02-05 15:59:43.297	- Info  -	[service] retry login by power event
2023-02-05 15:59:43.435	- Info  -	[service] attempted logon
2023-02-05 15:59:43.469	- Info  -	[service] logon server OK. public ip:183.219.206.222
2023-02-05 15:59:43.496	- Info  -	[online] attempted client online
2023-02-05 15:59:43.522	- Info  -	[online] client online OK.
2023-02-05 15:59:43.522	- Info  -	[online] received name:default , description:default .
2023-02-05 15:59:43.537	- Info  -	[service] attempted register client to server
2023-02-05 15:59:43.562	- Info  -	[service] registered client to server
2023-02-05 15:59:43.562	- Info  -	[http call3] new call id:47, url:https://sl-log.oray.net/slclientlog
2023-02-05 15:59:43.563	- Info  -	Current client status: 1
2023-02-05 15:59:43.563	- Info  -	send status_changed notify 1
2023-02-05 15:59:43.569	- Info  -	[http call3] id:47 create new connection : https://sl-log.oray.net:443
2023-02-05 15:59:43.601	- Info  -	[discover] Client NotifyDiscover type=5
2023-02-05 15:59:43.610	- Info  -	attempt to connect server sl-log.oray.net:443(47.97.183.66:443)
2023-02-05 15:59:43.704	- Info  -	[OnLogin start]
2023-02-05 15:59:43.708	- Info  -	[OnLogin end]
2023-02-05 15:59:43.712	- Info  -	[OnLogin] WaittingTask Start
2023-02-05 15:59:44.155	- Info  -	Set auto_run : true
2023-02-05 15:59:44.364	- Info  -	[http call3] id:47, url:https://sl-log.oray.net/slclientlog, status code:200
2023-02-05 15:59:44.951	- Info  -	[OnLogin] WaittingTask end
2023-02-05 15:59:58.225	* Error *	SSLStream::IsWantReadWrite|peer(121.40.99.129:443), SSL_read failed( 6 ), error:00000000:lib(0):func(0):reason(0), file( ..\includes\common\phstream\SSLStream.cpp:1898 )
2023-02-05 15:59:58.225	- Info  -	[http call3] disconnect, error( 0 )
2023-02-05 16:00:14.365	* Error *	SSLStream::IsWantReadWrite|peer(47.97.183.66:443), SSL_read failed( 6 ), error:00000000:lib(0):func(0):reason(0), file( ..\includes\common\phstream\SSLStream.cpp:1898 )
2023-02-05 16:00:14.365	- Info  -	[http call3] disconnect, error( 0 )
2023-02-05 16:00:31.966	- Info  -	[ServiceEx] the service control is 13
2023-02-05 16:00:31.967	- Info  -	SERVICE_CONTROL_POWEREVENT************dwEventType:10
2023-02-05 16:00:34.589	- Info  -	[ServiceEx] the service control is 13
2023-02-05 16:00:34.589	- Info  -	SERVICE_CONTROL_POWEREVENT************dwEventType:10
2023-02-05 16:01:58.462	- Info  -	[ServiceEx] the service control is 13
2023-02-05 16:01:58.462	- Info  -	SERVICE_CONTROL_POWEREVENT************dwEventType:4
2023-02-05 16:01:58.462	+Warning+	[service] power event, system is suspending.
2023-02-05 16:01:58.463	- Info  -	Logout ...
2023-02-05 16:01:58.463	- Info  -	[oray][erroCode] errorcode=oray_errorcode(0), product=0, type=0, inner code=0 [CMultiplexLogicStream::Disconnect_impl:121]
2023-02-05 16:01:58.463	- Info  -	[RemoteControl] disconnected server(120.26.127.51:443),error code:0
2023-02-05 16:01:58.463	* Error *	[online] online disconnected,error code:0
2023-02-05 16:01:58.464	- Info  -	[oray][erroCode] errorcode=errorcode(0), product=0, type=0, inner code=0 [COnlineHandler::OnDisconnect:86]
2023-02-05 16:01:58.464	- Info  -	[service] disconnected server(120.26.127.51:443),errorcode:0
2023-02-05 16:01:58.464	- Info  -	curStatus: 0, m_Status: 1
2023-02-05 16:01:58.464	- Info  -	[http call3] new call id:48, url:https://sl-log.oray.net/slclientlog
2023-02-05 16:01:58.464	- Info  -	Current client status: 0
2023-02-05 16:01:58.464	- Info  -	send status_changed notify 0
2023-02-05 16:01:58.464	- Info  -	[OnLogout start]
2023-02-05 16:01:58.464	- Info  -	[service] stop all projections
2023-02-05 16:01:58.464	- Info  -	[OnLogout end]
2023-02-05 16:01:58.477	- Info  -	[MICRO LIVE] shell send close micro_live_plugin
2023-02-05 16:01:58.483	- Info  -	[http call3] id:48 create new connection : https://sl-log.oray.net:443
2023-02-05 16:01:58.499	- Info  -	attempt to connect server sl-log.oray.net:443(121.41.32.171:443)
2023-02-05 16:01:58.634	- Info  -	[http call3] id:48, url:https://sl-log.oray.net/slclientlog, status code:200
2023-02-05 16:17:24.516	+Warning+	[passive:keepalive:] 121.41.32.171:443 disconnect by keepalive timeout(155427593>=154501703+30000)
2023-02-05 16:17:24.516	+Warning+	[oray][erroCode] errorcode=ORAY_ERROR_PHSTREAM_KEEPALIVE_TIMEOUT(57351), product=0, type=3, inner code=7 [CPassiveKeepAliveHandler::Done:141]
2023-02-05 16:17:24.517	- Info  -	[http call3] disconnect, error( 57351 )
2023-02-05 16:17:26.345	- Info  -	[ServiceEx] the service control is 13
2023-02-05 16:17:26.346	- Info  -	SERVICE_CONTROL_POWEREVENT************dwEventType:7
2023-02-05 16:17:26.346	+Warning+	[service] power event, system is resumed.
2023-02-05 16:17:26.525	- Info  -	retry login now......
2023-02-05 16:17:26.525	- Info  -	Current client status: 2
2023-02-05 16:17:26.525	- Info  -	send status_changed notify 2
2023-02-05 16:17:26.526	- Info  -	Login task time 0
2023-02-05 16:17:26.526	- Info  -	[service] retry login by power event
2023-02-05 16:17:26.561	- Info  -	Do login( type: 2 ) at 379
2023-02-05 16:17:26.561	- Info  -	[http call3] new call id:49, url:https://slapi.oray.net/remote/get-fastcode
2023-02-05 16:17:26.571	- Info  -	[http call3] id:49 create new connection : https://slapi.oray.net:443
2023-02-05 16:17:26.609	- Info  -	attempt to connect server slapi.oray.net:443(121.40.200.192:443)
2023-02-05 16:17:27.065	- Info  -	[http call3] id:49, url:https://slapi.oray.net/remote/get-fastcode, status code:200
2023-02-05 16:17:27.142	- Info  -	attempt to connect server rc10-fc08.oray.com:443(47.96.179.70:443)
2023-02-05 16:17:27.342	- Info  -	[service] attempted logon
2023-02-05 16:17:27.376	- Info  -	[service] logon server OK. public ip:183.219.206.222
2023-02-05 16:17:27.400	- Info  -	[online] attempted client online
2023-02-05 16:17:27.424	- Info  -	[online] client online OK.
2023-02-05 16:17:27.425	- Info  -	[online] received name:default , description:default .
2023-02-05 16:17:27.442	- Info  -	[service] attempted register client to server
2023-02-05 16:17:27.465	- Info  -	[service] registered client to server
2023-02-05 16:17:27.466	- Info  -	[http call3] new call id:50, url:https://sl-log.oray.net/slclientlog
2023-02-05 16:17:27.466	- Info  -	Current client status: 1
2023-02-05 16:17:27.466	- Info  -	send status_changed notify 1
2023-02-05 16:17:27.479	- Info  -	[http call3] id:50 create new connection : https://sl-log.oray.net:443
2023-02-05 16:17:27.509	- Info  -	[discover] Client NotifyDiscover type=5
2023-02-05 16:17:27.623	- Info  -	[OnLogin start]
2023-02-05 16:17:27.628	- Info  -	[OnLogin end]
2023-02-05 16:17:27.629	- Info  -	[OnLogin] WaittingTask Start
2023-02-05 16:17:27.837	- Info  -	attempt to connect server sl-log.oray.net:443(120.26.160.74:443)
2023-02-05 16:17:27.884	- Info  -	Set auto_run : true
2023-02-05 16:17:28.099	- Info  -	[http call3] id:50, url:https://sl-log.oray.net/slclientlog, status code:200
2023-02-05 16:17:28.148	- Info  -	[OnLogin] WaittingTask end
2023-02-05 16:17:28.579	- Info  -	[ServiceEx] the service control is 13
2023-02-05 16:17:28.580	- Info  -	SERVICE_CONTROL_POWEREVENT************dwEventType:18
2023-02-05 16:17:28.580	+Warning+	[service] power event, system is resumed.
2023-02-05 16:17:42.061	* Error *	SSLStream::IsWantReadWrite|peer(121.40.200.192:443), SSL_read failed( 6 ), error:00000000:lib(0):func(0):reason(0), file( ..\includes\common\phstream\SSLStream.cpp:1898 )
2023-02-05 16:17:42.061	- Info  -	[http call3] disconnect, error( 0 )
2023-02-05 16:17:58.100	* Error *	SSLStream::IsWantReadWrite|peer(120.26.160.74:443), SSL_read failed( 6 ), error:00000000:lib(0):func(0):reason(0), file( ..\includes\common\phstream\SSLStream.cpp:1898 )
2023-02-05 16:17:58.100	- Info  -	[http call3] disconnect, error( 0 )
2023-02-05 16:18:46.423	- Info  -	[ServiceEx] the service control is 13
2023-02-05 16:18:46.423	- Info  -	SERVICE_CONTROL_POWEREVENT************dwEventType:4
2023-02-05 16:18:46.423	+Warning+	[service] power event, system is suspending.
2023-02-05 16:18:46.424	- Info  -	Logout ...
2023-02-05 16:18:46.424	- Info  -	[oray][erroCode] errorcode=oray_errorcode(0), product=0, type=0, inner code=0 [CMultiplexLogicStream::Disconnect_impl:121]
2023-02-05 16:18:46.424	- Info  -	[RemoteControl] disconnected server(47.96.179.70:443),error code:0
2023-02-05 16:18:46.425	* Error *	[online] online disconnected,error code:0
2023-02-05 16:18:46.425	- Info  -	[oray][erroCode] errorcode=errorcode(0), product=0, type=0, inner code=0 [COnlineHandler::OnDisconnect:86]
2023-02-05 16:18:46.425	- Info  -	[service] disconnected server(47.96.179.70:443),errorcode:0
2023-02-05 16:18:46.425	- Info  -	curStatus: 0, m_Status: 1
2023-02-05 16:18:46.426	- Info  -	[http call3] new call id:51, url:https://sl-log.oray.net/slclientlog
2023-02-05 16:18:46.426	- Info  -	Current client status: 0
2023-02-05 16:18:46.426	- Info  -	send status_changed notify 0
2023-02-05 16:18:46.426	- Info  -	[OnLogout start]
2023-02-05 16:18:46.426	- Info  -	[service] stop all projections
2023-02-05 16:18:46.426	- Info  -	[OnLogout end]
2023-02-05 16:18:46.433	- Info  -	[http call3] id:51 create new connection : https://sl-log.oray.net:443
2023-02-05 16:18:46.445	- Info  -	[MICRO LIVE] shell send close micro_live_plugin
2023-02-05 16:18:46.447	- Info  -	attempt to connect server sl-log.oray.net:443(121.199.72.21:443)
2023-02-05 16:18:46.647	- Info  -	[http call3] id:51, url:https://sl-log.oray.net/slclientlog, status code:200
2023-02-05 16:19:09.866	- Info  -	[ServiceEx] the service control is 13
2023-02-05 16:19:09.866	- Info  -	SERVICE_CONTROL_POWEREVENT************dwEventType:18
2023-02-05 16:19:09.866	+Warning+	[service] power event, system is resumed.
2023-02-05 16:19:10.861	- Info  -	[ServiceEx] the service control is 13
2023-02-05 16:19:10.862	- Info  -	SERVICE_CONTROL_POWEREVENT************dwEventType:7
2023-02-05 16:19:10.863	+Warning+	[service] power event, system is resumed.
2023-02-05 16:19:11.167	- Info  -	retry login now......
2023-02-05 16:19:11.167	- Info  -	Current client status: 2
2023-02-05 16:19:11.167	- Info  -	send status_changed notify 2
2023-02-05 16:19:11.169	- Info  -	Login task time 0
2023-02-05 16:19:11.170	- Info  -	[service] retry login by power event
2023-02-05 16:19:11.186	- Info  -	Do login( type: 2 ) at 379
2023-02-05 16:19:11.187	- Info  -	[http call3] new call id:52, url:https://slapi.oray.net/remote/get-fastcode
2023-02-05 16:19:11.189	- Info  -	[http call3] id:52 create new connection : https://slapi.oray.net:443
2023-02-05 16:19:11.205	- Info  -	[service] retry login by power event
2023-02-05 16:19:11.230	- Info  -	attempt to connect server slapi.oray.net:443(121.40.99.129:443)
2023-02-05 16:19:11.559	- Info  -	[http call3] id:52, url:https://slapi.oray.net/remote/get-fastcode, status code:200
2023-02-05 16:19:11.637	- Info  -	attempt to connect server rc10-fc11.oray.com:443(120.55.59.130:443)
2023-02-05 16:19:11.921	- Info  -	[service] attempted logon
2023-02-05 16:19:11.958	- Info  -	[service] logon server OK. public ip:183.219.206.222
2023-02-05 16:19:11.985	- Info  -	[online] attempted client online
2023-02-05 16:19:12.017	- Info  -	[online] client online OK.
2023-02-05 16:19:12.018	- Info  -	[online] received name:default , description:default .
2023-02-05 16:19:12.031	- Info  -	[service] attempted register client to server
2023-02-05 16:19:12.058	- Info  -	[service] registered client to server
2023-02-05 16:19:12.059	- Info  -	[http call3] new call id:53, url:https://sl-log.oray.net/slclientlog
2023-02-05 16:19:12.059	- Info  -	Current client status: 1
2023-02-05 16:19:12.059	- Info  -	send status_changed notify 1
2023-02-05 16:19:12.067	- Info  -	[http call3] id:53 use old connection : https://sl-log.oray.net:443
2023-02-05 16:19:12.092	- Info  -	[http call3] id:53, url:https://sl-log.oray.net/slclientlog, status code:200
2023-02-05 16:19:12.107	- Info  -	[discover] Client NotifyDiscover type=5
2023-02-05 16:19:12.161	- Info  -	[OnLogin start]
2023-02-05 16:19:12.167	- Info  -	[OnLogin end]
2023-02-05 16:19:12.179	- Info  -	[OnLogin] WaittingTask Start
2023-02-05 16:19:12.298	- Info  -	Set auto_run : true
2023-02-05 16:19:12.687	- Info  -	[OnLogin] WaittingTask end
2023-02-05 16:19:26.599	* Error *	SSLStream::IsWantReadWrite|peer(121.40.99.129:443), SSL_read failed( 6 ), error:00000000:lib(0):func(0):reason(0), file( ..\includes\common\phstream\SSLStream.cpp:1898 )
2023-02-05 16:19:26.600	- Info  -	[http call3] disconnect, error( 0 )
