2023-03-07 15:54:38.759	- Info  -	version:3.2.1.40406
2023-03-07 15:54:39.400	* Error *	SSLStream|Remove temp(C:\Windows\TEMP\u36w.0) file ok
2023-03-07 15:54:40.244	- Info  -	Initialize OK
2023-03-07 15:54:40.244	- Info  -	CAcceptorRaw::set_listener
2023-03-07 15:54:40.244	- Info  -	DesktopAgentServer created with port 0.
2023-03-07 15:54:40.338	- Info  -	[service] start listen OK,tcp:0.0.0.0:49674,udp:15666
2023-03-07 15:54:40.572	- Info  -	[discover] Client NotifyDiscover type=5
2023-03-07 15:54:40.635	- Info  -	[localserver] Not use proxy
2023-03-07 15:54:40.666	- Info  -	[mac] local ip:127.0.0.1
2023-03-07 15:54:40.728	- Info  -	[mac] mac address:
2023-03-07 15:54:40.728	- Info  -	[mac] mac address is empty,get mac address with wmi
2023-03-07 15:54:42.548	- Info  -	get mac address: f4:91:20:52:41:53
2023-03-07 15:54:44.735	- Info  -	os name:Microsoft Windows 10 专业版
2023-03-07 15:54:45.355	- Info  -	m_clientinfo.mac: f4:91:20:52:41:53
2023-03-07 15:54:45.417	- Info  -	Current client status: 2
2023-03-07 15:54:45.417	- Info  -	send status_changed notify 2
2023-03-07 15:54:45.417	- Info  -	Login task time 0
2023-03-07 15:54:45.443	- Info  -	Do login( type: 2 ) at 379
2023-03-07 15:54:45.443	- Info  -	[http call3] new call id:1, url:https://slapi.oray.net/remote/get-fastcode
2023-03-07 15:54:45.487	- Info  -	[http call3] id:1 create new connection : https://slapi.oray.net:443
2023-03-07 15:54:45.489	* Error *	[oray][erroCode] errorcode=ORAY_ERROR_DOMAIN_RESOLVED_FAILED(57394), product=0, type=3, inner code=50 [CSockConnector::ConnectSock:229]
2023-03-07 15:55:15.526	- Info  -	[http call3] disconnect, error( 0 )
2023-03-07 15:55:15.526	- Info  -	[http call3] disconnect id:1, error( 0 )
2023-03-07 15:55:15.526	* Error *	GetFastcode failed! error:-1, msg:net error
2023-03-07 15:55:15.526	- Info  -	Current client status: 0
2023-03-07 15:55:15.526	- Info  -	send status_changed notify 0
2023-03-07 15:55:15.526	- Info  -	[OnLogout start]
2023-03-07 15:55:15.526	- Info  -	[service] stop all projections
2023-03-07 15:55:15.526	- Info  -	[OnLogout end]
2023-03-07 15:55:15.537	- Info  -	[MICRO LIVE] shell send close micro_live_plugin
2023-03-07 15:57:16.727	- Info  -	[localserver] Not use proxy
2023-03-07 15:57:16.728	- Info  -	retry login now......
2023-03-07 15:57:16.728	- Info  -	Current client status: 2
2023-03-07 15:57:16.728	- Info  -	send status_changed notify 2
2023-03-07 15:57:16.728	- Info  -	Login task time 0
2023-03-07 15:57:16.743	- Info  -	Do login( type: 2 ) at 379
2023-03-07 15:57:16.743	- Info  -	[http call3] new call id:2, url:https://slapi.oray.net/remote/get-fastcode
2023-03-07 15:57:16.743	- Info  -	[http call3] id:2 create new connection : https://slapi.oray.net:443
2023-03-07 15:57:16.753	- Info  -	attempt to connect server slapi.oray.net:443(121.40.200.192:443)
2023-03-07 15:57:16.956	- Info  -	[http call3] id:2, url:https://slapi.oray.net/remote/get-fastcode, status code:200
2023-03-07 15:57:16.965	- Info  -	attempt to connect server rc10-fc02.oray.com:443(120.27.228.19:443)
2023-03-07 15:57:17.071	- Info  -	[service] attempted logon
2023-03-07 15:57:17.097	+Warning+	[service] logon failed: error password(2)
2023-03-07 15:57:17.097	- Info  -	Current client status: 0
2023-03-07 15:57:17.097	- Info  -	send status_changed notify 0
2023-03-07 15:57:17.097	- Info  -	[OnLogout start]
2023-03-07 15:57:17.098	- Info  -	[service] stop all projections
2023-03-07 15:57:17.098	* Error *	[Logout] No relogon error is 19
2023-03-07 15:57:17.098	- Info  -	[OnLogout end]
2023-03-07 15:57:17.101	* Error *	[oray][erroCode] errorcode=ORAY_ERROR_SL_LOGIN_FAILED(134307841), product=2, type=5, inner code=1 [CLogonHandler::OnLoginRes:251]
2023-03-07 15:57:17.102	- Info  -	[service] disconnected server(120.27.228.19:443),errorcode:134307841
2023-03-07 15:57:17.102	- Info  -	[MICRO LIVE] shell send close micro_live_plugin
2023-03-07 15:57:20.781	- Info  -	Logout ...
2023-03-07 15:57:20.831	- Info  -	Current client status: 2
2023-03-07 15:57:20.831	- Info  -	send status_changed notify 2
2023-03-07 15:57:20.832	- Info  -	Login task time 0
2023-03-07 15:57:20.854	- Info  -	Do login( type: 2 ) at 379
2023-03-07 15:57:20.855	- Info  -	[http call3] new call id:3, url:https://slapi.oray.net/remote/get-fastcode
2023-03-07 15:57:20.866	- Info  -	[http call3] id:3 use old connection : https://slapi.oray.net:443
2023-03-07 15:57:20.973	- Info  -	[http call3] id:3, url:https://slapi.oray.net/remote/get-fastcode, status code:200
2023-03-07 15:57:20.992	- Info  -	attempt to connect server rc10-fc06.oray.com:443(120.26.127.51:443)
2023-03-07 15:57:21.084	- Info  -	[service] attempted logon
2023-03-07 15:57:21.132	- Info  -	[service] logon server OK. public ip:223.82.110.30
2023-03-07 15:57:21.162	- Info  -	[online] attempted client online
2023-03-07 15:57:21.190	- Info  -	[online] client online OK.
2023-03-07 15:57:21.191	- Info  -	[online] received name:default , description:default .
2023-03-07 15:57:21.201	- Info  -	[service] attempted register client to server
2023-03-07 15:57:21.231	- Info  -	[service] registered client to server
2023-03-07 15:57:21.231	- Info  -	[http call3] new call id:4, url:https://sl-log.oray.net/slclientlog
2023-03-07 15:57:21.231	- Info  -	Current client status: 1
2023-03-07 15:57:21.231	- Info  -	send status_changed notify 1
2023-03-07 15:57:21.233	- Info  -	[http call3] id:4 create new connection : https://sl-log.oray.net:443
2023-03-07 15:57:21.252	- Info  -	attempt to connect server sl-log.oray.net:443(47.97.162.230:443)
2023-03-07 15:57:21.259	- Info  -	[discover] Client NotifyDiscover type=5
2023-03-07 15:57:21.270	- Info  -	[OnLogin start]
2023-03-07 15:57:21.270	- Info  -	[http call3] new call id:5, url:https://slapi.oray.net/sunlogin/remote-info.update
2023-03-07 15:57:21.270	- Info  -	[OnLogin end]
2023-03-07 15:57:21.281	- Info  -	[http call3] id:5 use old connection : https://slapi.oray.net:443
2023-03-07 15:57:21.283	- Info  -	[OnLogin] WaittingTask Start
2023-03-07 15:57:21.328	- Info  -	Set auto_run : true
2023-03-07 15:57:21.354	- Info  -	[OnLogin] WaittingTask end
2023-03-07 15:57:21.395	- Info  -	[http call3] id:4, url:https://sl-log.oray.net/slclientlog, status code:200
2023-03-07 15:57:21.434	- Info  -	[http call3] id:5, url:https://slapi.oray.net/sunlogin/remote-info.update, status code:200
2023-03-07 15:57:21.435	- Info  -	upload remote info ok
2023-03-07 15:57:36.479	* Error *	SSLStream::IsWantReadWrite|peer(121.40.200.192:443), SSL_read failed( 6 ), error:00000000:lib(0):func(0):reason(0), file( ..\includes\common\phstream\SSLStream.cpp:1898 )
2023-03-07 15:57:36.482	- Info  -	[http call3] disconnect, error( 0 )
2023-03-07 15:57:51.387	* Error *	SSLStream::IsWantReadWrite|peer(47.97.162.230:443), SSL_read failed( 6 ), error:00000000:lib(0):func(0):reason(0), file( ..\includes\common\phstream\SSLStream.cpp:1898 )
2023-03-07 15:57:51.387	- Info  -	[http call3] disconnect, error( 0 )
2023-03-07 16:54:01.259	- Info  -	[ServiceEx] the service control is 13
2023-03-07 16:54:01.265	- Info  -	SERVICE_CONTROL_POWEREVENT************dwEventType:10
2023-03-07 16:57:06.036	- Info  -	[ServiceEx] the service control is 5
2023-03-07 16:57:06.036	- Info  -	SERVICE_CONTROL_SHUTDOWN************
2023-03-07 16:57:06.036	- Info  -	[discover] Client NotifyDiscover type=6
2023-03-07 16:57:06.223	- Info  -	Logout ...
2023-03-07 16:57:06.223	- Info  -	[oray][erroCode] errorcode=oray_errorcode(0), product=0, type=0, inner code=0 [CMultiplexLogicStream::Disconnect_impl:121]
2023-03-07 16:57:06.223	- Info  -	[RemoteControl] disconnected server(120.26.127.51:443),error code:0
2023-03-07 16:57:06.223	* Error *	[online] online disconnected,error code:0
2023-03-07 16:57:06.223	- Info  -	[oray][erroCode] errorcode=errorcode(0), product=0, type=0, inner code=0 [COnlineHandler::OnDisconnect:86]
2023-03-07 16:57:06.223	- Info  -	[service] disconnected server(120.26.127.51:443),errorcode:0
2023-03-07 16:57:06.223	- Info  -	curStatus: 0, m_Status: 1
2023-03-07 16:57:06.239	- Info  -	[http call3] new call id:6, url:https://sl-log.oray.net/slclientlog
2023-03-07 16:57:06.239	- Info  -	Current client status: 0
2023-03-07 16:57:06.255	- Info  -	[http call3] id:6 create new connection : https://sl-log.oray.net:443
2023-03-07 16:57:06.348	- Info  -	[CUDPLibWrapper] map size: 0, value: 
2023-03-07 16:57:06.364	- Info  -	[service] stop listen OK
2023-03-07 16:57:06.380	- Info  -	[service] stop all projections
2023-03-07 16:57:06.380	- Info  -	[discover] Client NotifyDiscover type=6
2023-03-07 16:57:06.442	- Info  -	attempt to connect server sl-log.oray.net:443(47.97.183.66:443)
2023-03-07 16:57:07.529	- Info  -	[http call3] disconnect, error( 10053 )
2023-03-07 16:57:07.538	- Info  -	[http call3] disconnect id:6, error( 10053 )
2023-03-07 16:57:09.432	* Error *	[hidden_wnd] Message Thread Exit wrong: 258
2023-03-07 16:57:09.455	- Info  -	[CUDPLibWrapper] map size: 0, value: 
2023-03-07 16:57:09.457	- Info  -	Terminate OK
2023-03-07 16:57:09.464	- Info  -	Terminate OK
2023-03-07 16:57:09.475	- Info  -	[service] stop all projections
2023-03-07 16:57:09.500	- Info  -	program service is exit 
