2023-02-09 09:50:30.063	- Info  -	version:3.2.1.40406
2023-02-09 09:50:30.469	* Error *	SSLStream|Remove temp(C:\Windows\TEMP\u2yg.0) file ok
2023-02-09 09:50:31.531	- Info  -	Initialize OK
2023-02-09 09:50:31.531	- Info  -	CAcceptorRaw::set_listener
2023-02-09 09:50:31.531	- Info  -	DesktopAgentServer created with port 0.
2023-02-09 09:50:32.031	- Info  -	[service] start listen OK,tcp:0.0.0.0:49678,udp:16106
2023-02-09 09:50:32.031	- Info  -	[discover] Client NotifyDiscover type=5
2023-02-09 09:50:32.235	- Info  -	[localserver] Not use proxy
2023-02-09 09:50:32.391	- Info  -	[mac] local ip:192.168.0.100
2023-02-09 09:50:32.406	- Info  -	[mac] mac address:02:F4:59:D2:AE:76
2023-02-09 09:50:32.406	- Info  -	get mac address: 02:F4:59:D2:AE:76
2023-02-09 09:50:35.758	- Info  -	os name:Microsoft Windows 10 专业版
2023-02-09 09:50:36.946	- Info  -	m_clientinfo.mac: 02:F4:59:D2:AE:76
2023-02-09 09:50:36.977	- Info  -	Current client status: 2
2023-02-09 09:50:36.977	- Info  -	send status_changed notify 2
2023-02-09 09:50:36.977	- Info  -	Login task time 0
2023-02-09 09:50:37.008	- Info  -	Do login( type: 2 ) at 379
2023-02-09 09:50:37.008	- Info  -	[http call3] new call id:1, url:https://slapi.oray.net/remote/get-fastcode
2023-02-09 09:50:37.008	- Info  -	[http call3] id:1 create new connection : https://slapi.oray.net:443
2023-02-09 09:50:37.055	- Info  -	attempt to connect server slapi.oray.net:443(121.40.200.192:443)
2023-02-09 09:50:39.418	- Info  -	[http call3] id:1, url:https://slapi.oray.net/remote/get-fastcode, status code:200
2023-02-09 09:50:39.445	- Info  -	attempt to connect server rc10-fc10.oray.com:443(121.40.171.186:443)
2023-02-09 09:50:39.551	- Info  -	[service] attempted logon
2023-02-09 09:50:39.587	+Warning+	[service] logon failed: error password(2)
2023-02-09 09:50:39.587	- Info  -	Current client status: 0
2023-02-09 09:50:39.587	- Info  -	send status_changed notify 0
2023-02-09 09:50:39.587	- Info  -	[OnLogout start]
2023-02-09 09:50:39.588	- Info  -	[service] stop all projections
2023-02-09 09:50:39.588	* Error *	[Logout] No relogon error is 19
2023-02-09 09:50:39.588	- Info  -	[OnLogout end]
2023-02-09 09:50:39.588	* Error *	[oray][erroCode] errorcode=ORAY_ERROR_SL_LOGIN_FAILED(134307841), product=2, type=5, inner code=1 [CLogonHandler::OnLoginRes:251]
2023-02-09 09:50:39.588	- Info  -	[service] disconnected server(121.40.171.186:443),errorcode:134307841
2023-02-09 09:50:54.446	* Error *	SSLStream::IsWantReadWrite|peer(121.40.200.192:443), SSL_read failed( 6 ), error:00000000:lib(0):func(0):reason(0), file( ..\includes\common\phstream\SSLStream.cpp:1898 )
2023-02-09 09:50:54.446	- Info  -	[http call3] disconnect, error( 0 )
2023-02-09 09:51:06.017	- Info  -	[MICRO LIVE] shell send close micro_live_plugin
2023-02-09 09:51:33.887	- Info  -	Logout ...
2023-02-09 09:51:33.973	- Info  -	Current client status: 2
2023-02-09 09:51:33.973	- Info  -	send status_changed notify 2
2023-02-09 09:51:33.974	- Info  -	Login task time 0
2023-02-09 09:51:34.005	- Info  -	Do login( type: 2 ) at 379
2023-02-09 09:51:34.005	- Info  -	[http call3] new call id:2, url:https://slapi.oray.net/remote/get-fastcode
2023-02-09 09:51:34.005	- Info  -	[http call3] id:2 create new connection : https://slapi.oray.net:443
2023-02-09 09:51:34.116	- Info  -	attempt to connect server slapi.oray.net:443(121.40.200.192:443)
2023-02-09 09:51:34.584	- Info  -	[http call3] id:2, url:https://slapi.oray.net/remote/get-fastcode, status code:200
2023-02-09 09:51:34.622	- Info  -	attempt to connect server rc10-fc05.oray.com:443(47.118.71.166:443)
2023-02-09 09:51:34.825	- Info  -	[service] attempted logon
2023-02-09 09:51:34.912	- Info  -	[service] logon server OK. public ip:183.219.206.222
2023-02-09 09:51:34.963	- Info  -	[online] attempted client online
2023-02-09 09:51:35.043	- Info  -	[online] client online OK.
2023-02-09 09:51:35.044	- Info  -	[online] received name:default , description:default .
2023-02-09 09:51:35.065	- Info  -	[service] attempted register client to server
2023-02-09 09:51:35.129	- Info  -	[service] registered client to server
2023-02-09 09:51:35.130	- Info  -	[http call3] new call id:3, url:https://sl-log.oray.net/slclientlog
2023-02-09 09:51:35.130	- Info  -	Current client status: 1
2023-02-09 09:51:35.130	- Info  -	send status_changed notify 1
2023-02-09 09:51:35.159	- Info  -	[http call3] id:3 create new connection : https://sl-log.oray.net:443
2023-02-09 09:51:35.162	- Info  -	[discover] Client NotifyDiscover type=5
2023-02-09 09:51:35.182	- Info  -	[OnLogin start]
2023-02-09 09:51:35.182	- Info  -	[http call3] new call id:4, url:https://slapi.oray.net/sunlogin/remote-info.update
2023-02-09 09:51:35.183	- Info  -	[OnLogin end]
2023-02-09 09:51:35.253	- Info  -	attempt to connect server sl-log.oray.net:443(47.97.106.171:443)
2023-02-09 09:51:35.254	- Info  -	[http call3] id:4 use old connection : https://slapi.oray.net:443
2023-02-09 09:51:35.283	- Info  -	[OnLogin] WaittingTask Start
2023-02-09 09:51:35.300	- Info  -	Set auto_run : true
2023-02-09 09:51:35.400	- Info  -	[OnLogin] WaittingTask end
2023-02-09 09:51:35.449	- Info  -	[http call3] id:4, url:https://slapi.oray.net/sunlogin/remote-info.update, status code:200
2023-02-09 09:51:35.450	- Info  -	upload remote info ok
2023-02-09 09:51:35.578	- Info  -	[http call3] id:3, url:https://sl-log.oray.net/slclientlog, status code:200
2023-02-09 09:51:50.411	* Error *	SSLStream::IsWantReadWrite|peer(121.40.200.192:443), SSL_read failed( 6 ), error:00000000:lib(0):func(0):reason(0), file( ..\includes\common\phstream\SSLStream.cpp:1898 )
2023-02-09 09:51:50.411	- Info  -	[http call3] disconnect, error( 0 )
2023-02-09 09:52:05.580	* Error *	SSLStream::IsWantReadWrite|peer(47.97.106.171:443), SSL_read failed( 6 ), error:00000000:lib(0):func(0):reason(0), file( ..\includes\common\phstream\SSLStream.cpp:1898 )
2023-02-09 09:52:05.580	- Info  -	[http call3] disconnect, error( 0 )
2023-02-09 10:08:28.336	- Info  -	[ServiceEx] the service control is 13
2023-02-09 10:08:28.337	- Info  -	SERVICE_CONTROL_POWEREVENT************dwEventType:10
2023-02-09 10:34:11.219	- Info  -	[ServiceEx] the service control is 13
2023-02-09 10:34:11.219	- Info  -	SERVICE_CONTROL_POWEREVENT************dwEventType:10
2023-02-09 11:02:30.126	- Info  -	[ServiceEx] the service control is 13
2023-02-09 11:02:30.126	- Info  -	SERVICE_CONTROL_POWEREVENT************dwEventType:4
2023-02-09 11:02:30.126	+Warning+	[service] power event, system is suspending.
2023-02-09 11:02:30.128	- Info  -	Logout ...
2023-02-09 11:02:30.128	- Info  -	[oray][erroCode] errorcode=oray_errorcode(0), product=0, type=0, inner code=0 [CMultiplexLogicStream::Disconnect_impl:121]
2023-02-09 11:02:30.128	- Info  -	[RemoteControl] disconnected server(47.118.71.166:443),error code:0
2023-02-09 11:02:30.129	* Error *	[online] online disconnected,error code:0
2023-02-09 11:02:30.129	- Info  -	[oray][erroCode] errorcode=errorcode(0), product=0, type=0, inner code=0 [COnlineHandler::OnDisconnect:86]
2023-02-09 11:02:30.129	- Info  -	[service] disconnected server(47.118.71.166:443),errorcode:0
2023-02-09 11:02:30.129	- Info  -	curStatus: 0, m_Status: 1
2023-02-09 11:02:30.130	- Info  -	[http call3] new call id:5, url:https://sl-log.oray.net/slclientlog
2023-02-09 11:02:30.130	- Info  -	Current client status: 0
2023-02-09 11:02:30.130	- Info  -	send status_changed notify 0
2023-02-09 11:02:30.130	- Info  -	[OnLogout start]
2023-02-09 11:02:30.130	- Info  -	[service] stop all projections
2023-02-09 11:02:30.130	- Info  -	[OnLogout end]
2023-02-09 11:02:30.136	- Info  -	[http call3] id:5 create new connection : https://sl-log.oray.net:443
2023-02-09 11:02:30.145	- Info  -	[MICRO LIVE] shell send close micro_live_plugin
2023-02-09 11:02:30.153	- Info  -	attempt to connect server sl-log.oray.net:443(47.97.183.66:443)
2023-02-09 11:02:30.273	- Info  -	[http call3] id:5, url:https://sl-log.oray.net/slclientlog, status code:200
2023-02-09 11:24:04.517	+Warning+	[passive:keepalive:] 47.97.183.66:443 disconnect by keepalive timeout(5638625>=4344390+30000)
2023-02-09 11:24:04.517	+Warning+	[oray][erroCode] errorcode=ORAY_ERROR_PHSTREAM_KEEPALIVE_TIMEOUT(57351), product=0, type=3, inner code=7 [CPassiveKeepAliveHandler::Done:141]
2023-02-09 11:24:04.517	- Info  -	[http call3] disconnect, error( 57351 )
2023-02-09 11:24:07.613	- Info  -	[ServiceEx] the service control is 13
2023-02-09 11:24:07.613	- Info  -	SERVICE_CONTROL_POWEREVENT************dwEventType:18
2023-02-09 11:24:07.613	+Warning+	[service] power event, system is resumed.
2023-02-09 11:24:08.414	- Info  -	retry login now......
2023-02-09 11:24:08.414	- Info  -	Current client status: 2
2023-02-09 11:24:08.414	- Info  -	send status_changed notify 2
2023-02-09 11:24:08.415	- Info  -	Login task time 0
2023-02-09 11:24:08.415	- Info  -	[service] retry login by power event
2023-02-09 11:24:08.470	- Info  -	Do login( type: 2 ) at 379
2023-02-09 11:24:08.470	- Info  -	[http call3] new call id:6, url:https://slapi.oray.net/remote/get-fastcode
2023-02-09 11:24:08.482	- Info  -	[http call3] id:6 create new connection : https://slapi.oray.net:443
2023-02-09 11:24:08.756	- Info  -	attempt to connect server slapi.oray.net:443(121.40.200.192:443)
2023-02-09 11:24:09.182	- Info  -	[http call3] id:6, url:https://slapi.oray.net/remote/get-fastcode, status code:200
2023-02-09 11:24:09.322	- Info  -	attempt to connect server rc10-fc04.oray.com:443(47.114.34.123:443)
2023-02-09 11:24:09.601	- Info  -	[ServiceEx] the service control is 13
2023-02-09 11:24:09.602	- Info  -	SERVICE_CONTROL_POWEREVENT************dwEventType:7
2023-02-09 11:24:09.602	+Warning+	[service] power event, system is resumed.
2023-02-09 11:24:09.792	- Info  -	[service] attempted logon
2023-02-09 11:24:09.825	- Info  -	[service] logon server OK. public ip:183.219.206.222
2023-02-09 11:24:09.857	- Info  -	[online] attempted client online
2023-02-09 11:24:09.864	- Info  -	[service] retry login by power event
2023-02-09 11:24:09.885	- Info  -	[online] client online OK.
2023-02-09 11:24:09.887	- Info  -	[online] received name:default , description:default .
2023-02-09 11:24:09.900	- Info  -	[service] attempted register client to server
2023-02-09 11:24:09.924	- Info  -	[service] registered client to server
2023-02-09 11:24:09.924	- Info  -	[http call3] new call id:7, url:https://sl-log.oray.net/slclientlog
2023-02-09 11:24:09.924	- Info  -	Current client status: 1
2023-02-09 11:24:09.924	- Info  -	send status_changed notify 1
2023-02-09 11:24:09.933	- Info  -	[http call3] id:7 create new connection : https://sl-log.oray.net:443
2023-02-09 11:24:09.970	- Info  -	[discover] Client NotifyDiscover type=5
2023-02-09 11:24:10.086	- Info  -	[OnLogin start]
2023-02-09 11:24:10.092	- Info  -	[OnLogin] WaittingTask Start
2023-02-09 11:24:10.094	- Info  -	[OnLogin end]
2023-02-09 11:24:10.193	- Info  -	attempt to connect server sl-log.oray.net:443(47.97.186.100:443)
2023-02-09 11:24:10.413	- Info  -	Set auto_run : true
2023-02-09 11:24:10.604	- Info  -	[http call3] id:7, url:https://sl-log.oray.net/slclientlog, status code:200
2023-02-09 11:24:11.637	- Info  -	[OnLogin] WaittingTask end
2023-02-09 11:24:24.185	* Error *	SSLStream::IsWantReadWrite|peer(121.40.200.192:443), SSL_read failed( 6 ), error:00000000:lib(0):func(0):reason(0), file( ..\includes\common\phstream\SSLStream.cpp:1898 )
2023-02-09 11:24:24.185	- Info  -	[http call3] disconnect, error( 0 )
2023-02-09 11:24:40.605	* Error *	SSLStream::IsWantReadWrite|peer(47.97.186.100:443), SSL_read failed( 6 ), error:00000000:lib(0):func(0):reason(0), file( ..\includes\common\phstream\SSLStream.cpp:1898 )
2023-02-09 11:24:40.605	- Info  -	[http call3] disconnect, error( 0 )
2023-02-09 11:28:21.235	- Info  -	[ServiceEx] the service control is 13
2023-02-09 11:28:21.236	- Info  -	SERVICE_CONTROL_POWEREVENT************dwEventType:4
2023-02-09 11:28:21.236	+Warning+	[service] power event, system is suspending.
2023-02-09 11:28:21.236	- Info  -	Logout ...
2023-02-09 11:28:21.236	- Info  -	[oray][erroCode] errorcode=oray_errorcode(0), product=0, type=0, inner code=0 [CMultiplexLogicStream::Disconnect_impl:121]
2023-02-09 11:28:21.236	- Info  -	[RemoteControl] disconnected server(47.114.34.123:443),error code:0
2023-02-09 11:28:21.237	* Error *	[online] online disconnected,error code:0
2023-02-09 11:28:21.237	- Info  -	[oray][erroCode] errorcode=errorcode(0), product=0, type=0, inner code=0 [COnlineHandler::OnDisconnect:86]
2023-02-09 11:28:21.237	- Info  -	[service] disconnected server(47.114.34.123:443),errorcode:0
2023-02-09 11:28:21.237	- Info  -	curStatus: 0, m_Status: 1
2023-02-09 11:28:21.237	- Info  -	[http call3] new call id:8, url:https://sl-log.oray.net/slclientlog
2023-02-09 11:28:21.237	- Info  -	Current client status: 0
2023-02-09 11:28:21.237	- Info  -	send status_changed notify 0
2023-02-09 11:28:21.237	- Info  -	[OnLogout start]
2023-02-09 11:28:21.238	- Info  -	[service] stop all projections
2023-02-09 11:28:21.238	- Info  -	[OnLogout end]
2023-02-09 11:28:21.245	- Info  -	[MICRO LIVE] shell send close micro_live_plugin
2023-02-09 11:28:21.251	- Info  -	[http call3] id:8 create new connection : https://sl-log.oray.net:443
2023-02-09 11:28:21.267	- Info  -	attempt to connect server sl-log.oray.net:443(47.97.186.100:443)
2023-02-09 11:28:21.399	- Info  -	[http call3] id:8, url:https://sl-log.oray.net/slclientlog, status code:200
2023-02-09 11:28:28.072	- Info  -	[ServiceEx] the service control is 13
2023-02-09 11:28:28.072	- Info  -	SERVICE_CONTROL_POWEREVENT************dwEventType:18
2023-02-09 11:28:28.072	+Warning+	[service] power event, system is resumed.
2023-02-09 11:28:28.865	- Info  -	[ServiceEx] the service control is 13
2023-02-09 11:28:28.865	- Info  -	SERVICE_CONTROL_POWEREVENT************dwEventType:7
2023-02-09 11:28:28.865	+Warning+	[service] power event, system is resumed.
2023-02-09 11:28:29.317	- Info  -	retry login now......
2023-02-09 11:28:29.317	- Info  -	Current client status: 2
2023-02-09 11:28:29.317	- Info  -	send status_changed notify 2
2023-02-09 11:28:29.319	- Info  -	Login task time 0
2023-02-09 11:28:29.320	- Info  -	[service] retry login by power event
2023-02-09 11:28:29.343	- Info  -	[service] retry login by power event
2023-02-09 11:28:29.350	- Info  -	Do login( type: 2 ) at 379
2023-02-09 11:28:29.350	- Info  -	[http call3] new call id:9, url:https://slapi.oray.net/remote/get-fastcode
2023-02-09 11:28:29.353	- Info  -	[http call3] id:9 create new connection : https://slapi.oray.net:443
2023-02-09 11:28:29.362	- Info  -	attempt to connect server slapi.oray.net:443(121.40.200.192:443)
2023-02-09 11:28:29.788	- Info  -	[http call3] id:9, url:https://slapi.oray.net/remote/get-fastcode, status code:200
2023-02-09 11:28:29.817	- Info  -	attempt to connect server rc10-fc03.oray.com:443(8.136.215.212:443)
2023-02-09 11:28:30.164	- Info  -	[service] attempted logon
2023-02-09 11:28:30.203	- Info  -	[service] logon server OK. public ip:183.219.206.222
2023-02-09 11:28:30.237	- Info  -	[online] attempted client online
2023-02-09 11:28:30.271	- Info  -	[online] client online OK.
2023-02-09 11:28:30.271	- Info  -	[online] received name:default , description:default .
2023-02-09 11:28:30.282	- Info  -	[service] attempted register client to server
2023-02-09 11:28:30.309	- Info  -	[service] registered client to server
2023-02-09 11:28:30.310	- Info  -	[http call3] new call id:10, url:https://sl-log.oray.net/slclientlog
2023-02-09 11:28:30.310	- Info  -	Current client status: 1
2023-02-09 11:28:30.310	- Info  -	send status_changed notify 1
2023-02-09 11:28:30.322	- Info  -	[http call3] id:10 use old connection : https://sl-log.oray.net:443
2023-02-09 11:28:30.345	- Info  -	[discover] Client NotifyDiscover type=5
2023-02-09 11:28:30.348	- Info  -	[http call3] id:10, url:https://sl-log.oray.net/slclientlog, status code:200
2023-02-09 11:28:30.397	- Info  -	[OnLogin start]
2023-02-09 11:28:30.400	- Info  -	[OnLogin end]
2023-02-09 11:28:30.434	- Info  -	[OnLogin] WaittingTask Start
2023-02-09 11:28:30.642	- Info  -	Set auto_run : true
2023-02-09 11:28:31.825	- Info  -	[OnLogin] WaittingTask end
2023-02-09 11:28:33.983	- Info  -	[ServiceEx] the service control is 13
2023-02-09 11:28:33.983	- Info  -	SERVICE_CONTROL_POWEREVENT************dwEventType:4
2023-02-09 11:28:33.983	+Warning+	[service] power event, system is suspending.
2023-02-09 11:28:33.984	- Info  -	Logout ...
2023-02-09 11:28:33.984	- Info  -	[oray][erroCode] errorcode=oray_errorcode(0), product=0, type=0, inner code=0 [CMultiplexLogicStream::Disconnect_impl:121]
2023-02-09 11:28:33.984	- Info  -	[RemoteControl] disconnected server(8.136.215.212:443),error code:0
2023-02-09 11:28:33.985	* Error *	[online] online disconnected,error code:0
2023-02-09 11:28:33.985	- Info  -	[oray][erroCode] errorcode=errorcode(0), product=0, type=0, inner code=0 [COnlineHandler::OnDisconnect:86]
2023-02-09 11:28:33.985	- Info  -	[service] disconnected server(8.136.215.212:443),errorcode:0
2023-02-09 11:28:33.985	- Info  -	curStatus: 0, m_Status: 1
2023-02-09 11:28:33.985	- Info  -	[http call3] new call id:11, url:https://sl-log.oray.net/slclientlog
2023-02-09 11:28:33.985	- Info  -	Current client status: 0
2023-02-09 11:28:33.985	- Info  -	send status_changed notify 0
2023-02-09 11:28:33.985	- Info  -	[OnLogout start]
2023-02-09 11:28:33.985	- Info  -	[service] stop all projections
2023-02-09 11:28:33.985	- Info  -	[OnLogout end]
2023-02-09 11:28:33.989	- Info  -	[http call3] id:11 use old connection : https://sl-log.oray.net:443
2023-02-09 11:28:33.998	- Info  -	[MICRO LIVE] shell send close micro_live_plugin
2023-02-09 11:28:34.016	- Info  -	[http call3] id:11, url:https://sl-log.oray.net/slclientlog, status code:200
2023-02-09 13:10:54.516	+Warning+	[passive:keepalive:] 47.97.186.100:443 disconnect by keepalive timeout(12048625>=5908125+30000)
2023-02-09 13:10:54.516	+Warning+	[oray][erroCode] errorcode=ORAY_ERROR_PHSTREAM_KEEPALIVE_TIMEOUT(57351), product=0, type=3, inner code=7 [CPassiveKeepAliveHandler::Done:141]
2023-02-09 13:10:54.516	- Info  -	[http call3] disconnect, error( 57351 )
2023-02-09 13:10:54.517	+Warning+	[passive:keepalive:] 121.40.200.192:443 disconnect by keepalive timeout(12048625>=5903906+30000)
2023-02-09 13:10:54.517	+Warning+	[oray][erroCode] errorcode=ORAY_ERROR_PHSTREAM_KEEPALIVE_TIMEOUT(57351), product=0, type=3, inner code=7 [CPassiveKeepAliveHandler::Done:141]
2023-02-09 13:10:54.517	- Info  -	[http call3] disconnect, error( 57351 )
2023-02-09 13:10:56.951	- Info  -	[ServiceEx] the service control is 13
2023-02-09 13:10:56.952	- Info  -	SERVICE_CONTROL_POWEREVENT************dwEventType:10
2023-02-09 13:11:01.076	- Info  -	[ServiceEx] the service control is 13
2023-02-09 13:11:01.077	- Info  -	SERVICE_CONTROL_POWEREVENT************dwEventType:18
2023-02-09 13:11:01.077	+Warning+	[service] power event, system is resumed.
2023-02-09 13:11:01.962	- Info  -	retry login now......
2023-02-09 13:11:01.962	- Info  -	Current client status: 2
2023-02-09 13:11:01.962	- Info  -	send status_changed notify 2
2023-02-09 13:11:01.963	- Info  -	Login task time 0
2023-02-09 13:11:01.963	- Info  -	[service] retry login by power event
2023-02-09 13:11:02.044	- Info  -	Do login( type: 2 ) at 379
2023-02-09 13:11:02.044	- Info  -	[http call3] new call id:12, url:https://slapi.oray.net/remote/get-fastcode
2023-02-09 13:11:02.045	- Info  -	[http call3] id:12 create new connection : https://slapi.oray.net:443
2023-02-09 13:11:02.120	- Info  -	attempt to connect server slapi.oray.net:443(121.40.200.192:443)
2023-02-09 13:11:02.733	- Info  -	[http call3] id:12, url:https://slapi.oray.net/remote/get-fastcode, status code:200
2023-02-09 13:11:03.272	- Info  -	attempt to connect server rc10-fc02.oray.com:443(120.27.228.19:443)
2023-02-09 13:11:03.934	- Info  -	[service] attempted logon
2023-02-09 13:11:03.984	- Info  -	[service] logon server OK. public ip:183.219.206.222
2023-02-09 13:11:04.031	- Info  -	[online] attempted client online
2023-02-09 13:11:04.068	- Info  -	[online] client online OK.
2023-02-09 13:11:04.068	- Info  -	[online] received name:default , description:default .
2023-02-09 13:11:04.081	- Info  -	[service] attempted register client to server
2023-02-09 13:11:04.112	- Info  -	[service] registered client to server
2023-02-09 13:11:04.113	- Info  -	[http call3] new call id:13, url:https://sl-log.oray.net/slclientlog
2023-02-09 13:11:04.113	- Info  -	Current client status: 1
2023-02-09 13:11:04.113	- Info  -	send status_changed notify 1
2023-02-09 13:11:04.121	- Info  -	[http call3] id:13 create new connection : https://sl-log.oray.net:443
2023-02-09 13:11:04.146	- Info  -	attempt to connect server sl-log.oray.net:443(121.41.32.171:443)
2023-02-09 13:11:04.170	- Info  -	[discover] Client NotifyDiscover type=5
2023-02-09 13:11:04.263	- Info  -	[ServiceEx] the service control is 13
2023-02-09 13:11:04.263	- Info  -	SERVICE_CONTROL_POWEREVENT************dwEventType:7
2023-02-09 13:11:04.263	+Warning+	[service] power event, system is resumed.
2023-02-09 13:11:04.285	- Info  -	[OnLogin start]
2023-02-09 13:11:04.289	- Info  -	[OnLogin end]
2023-02-09 13:11:04.352	- Info  -	[OnLogin] WaittingTask Start
2023-02-09 13:11:04.571	- Info  -	Set auto_run : true
2023-02-09 13:11:04.591	- Info  -	[http call3] id:13, url:https://sl-log.oray.net/slclientlog, status code:200
2023-02-09 13:11:05.229	- Info  -	[OnLogin] WaittingTask end
2023-02-09 13:11:17.743	* Error *	SSLStream::IsWantReadWrite|peer(121.40.200.192:443), SSL_read failed( 6 ), error:00000000:lib(0):func(0):reason(0), file( ..\includes\common\phstream\SSLStream.cpp:1898 )
2023-02-09 13:11:17.744	- Info  -	[http call3] disconnect, error( 0 )
2023-02-09 13:11:34.672	* Error *	SSLStream::IsWantReadWrite|peer(121.41.32.171:443), SSL_read failed( 6 ), error:00000000:lib(0):func(0):reason(0), file( ..\includes\common\phstream\SSLStream.cpp:1898 )
2023-02-09 13:11:34.672	- Info  -	[http call3] disconnect, error( 0 )
2023-02-09 13:13:01.060	- Info  -	[ServiceEx] the service control is 13
2023-02-09 13:13:01.060	- Info  -	SERVICE_CONTROL_POWEREVENT************dwEventType:4
2023-02-09 13:13:01.060	+Warning+	[service] power event, system is suspending.
2023-02-09 13:13:01.061	- Info  -	Logout ...
2023-02-09 13:13:01.061	- Info  -	[oray][erroCode] errorcode=oray_errorcode(0), product=0, type=0, inner code=0 [CMultiplexLogicStream::Disconnect_impl:121]
2023-02-09 13:13:01.061	- Info  -	[RemoteControl] disconnected server(120.27.228.19:443),error code:0
2023-02-09 13:13:01.061	* Error *	[online] online disconnected,error code:0
2023-02-09 13:13:01.061	- Info  -	[oray][erroCode] errorcode=errorcode(0), product=0, type=0, inner code=0 [COnlineHandler::OnDisconnect:86]
2023-02-09 13:13:01.061	- Info  -	[service] disconnected server(120.27.228.19:443),errorcode:0
2023-02-09 13:13:01.061	- Info  -	curStatus: 0, m_Status: 1
2023-02-09 13:13:01.062	- Info  -	[http call3] new call id:14, url:https://sl-log.oray.net/slclientlog
2023-02-09 13:13:01.062	- Info  -	Current client status: 0
2023-02-09 13:13:01.062	- Info  -	send status_changed notify 0
2023-02-09 13:13:01.062	- Info  -	[OnLogout start]
2023-02-09 13:13:01.062	- Info  -	[service] stop all projections
2023-02-09 13:13:01.062	- Info  -	[OnLogout end]
2023-02-09 13:13:01.184	- Info  -	[MICRO LIVE] shell send close micro_live_plugin
2023-02-09 13:13:01.192	- Info  -	[http call3] id:14 create new connection : https://sl-log.oray.net:443
