2023-05-02 08:27:22.259	- Info  -	version:3.2.1.40406
2023-05-02 08:27:22.342	* Error *	SSLStream|Remove temp(C:\Windows\TEMP\u2co.0) file ok
2023-05-02 08:27:24.295	- Info  -	Initialize OK
2023-05-02 08:27:24.295	- Info  -	CAcceptorRaw::set_listener
2023-05-02 08:27:24.295	- Info  -	DesktopAgentServer created with port 0.
2023-05-02 08:27:25.076	- Info  -	[service] start listen OK,tcp:0.0.0.0:49671,udp:15714
2023-05-02 08:27:25.217	- Info  -	[discover] Client NotifyDiscover type=5
2023-05-02 08:27:25.435	- Info  -	[localserver] Not use proxy
2023-05-02 08:27:25.498	- Info  -	network error, retrying login server
2023-05-02 08:27:28.513	- Info  -	[mac] local ip:127.0.0.1
2023-05-02 08:27:28.530	- Info  -	[mac] mac address:
2023-05-02 08:27:28.530	- Info  -	[mac] mac address is empty,get mac address with wmi
2023-05-02 08:27:29.146	- Info  -	get mac address: 92:cd:20:52:41:53
2023-05-02 08:27:33.044	- Info  -	os name:Microsoft Windows 10 专业版
2023-05-02 08:27:33.821	- Info  -	m_clientinfo.mac: 92:cd:20:52:41:53
2023-05-02 08:27:33.862	- Info  -	Current client status: 2
2023-05-02 08:27:33.862	- Info  -	send status_changed notify 2
2023-05-02 08:27:33.862	- Info  -	Login task time 0
2023-05-02 08:27:33.862	- Info  -	Do login( type: 2 ) at 379
2023-05-02 08:27:33.862	- Info  -	[http call3] new call id:1, url:https://slapi.oray.net/remote/get-fastcode
2023-05-02 08:27:33.862	- Info  -	[http call3] id:1 create new connection : https://slapi.oray.net:443
2023-05-02 08:27:33.873	- Info  -	attempt to connect server slapi.oray.net:443(121.40.200.192:443)
2023-05-02 08:27:34.091	- Info  -	[http call3] id:1, url:https://slapi.oray.net/remote/get-fastcode, status code:200
2023-05-02 08:27:34.109	- Info  -	attempt to connect server rc10-fc08.oray.com:443(47.96.179.70:443)
2023-05-02 08:27:34.204	- Info  -	[service] attempted logon
2023-05-02 08:27:34.267	+Warning+	[service] logon failed: error password(2)
2023-05-02 08:27:34.268	- Info  -	Current client status: 0
2023-05-02 08:27:34.268	- Info  -	send status_changed notify 0
2023-05-02 08:27:34.269	- Info  -	[OnLogout start]
2023-05-02 08:27:34.275	- Info  -	[service] stop all projections
2023-05-02 08:27:34.276	* Error *	[Logout] No relogon error is 19
2023-05-02 08:27:34.279	- Info  -	[OnLogout end]
2023-05-02 08:27:34.279	* Error *	[oray][erroCode] errorcode=ORAY_ERROR_SL_LOGIN_FAILED(134307841), product=2, type=5, inner code=1 [CLogonHandler::OnLoginRes:251]
2023-05-02 08:27:34.280	- Info  -	[service] disconnected server(47.96.179.70:443),errorcode:134307841
2023-05-02 08:27:49.087	* Error *	SSLStream::IsWantReadWrite|peer(121.40.200.192:443), SSL_read failed( 6 ), error:00000000:lib(0):func(0):reason(0), file( ..\includes\common\phstream\SSLStream.cpp:1898 )
2023-05-02 08:27:49.087	- Info  -	[http call3] disconnect, error( 0 )
2023-05-02 08:27:49.582	- Info  -	[MICRO LIVE] shell send close micro_live_plugin
2023-05-02 08:27:56.716	- Info  -	Logout ...
2023-05-02 08:27:56.761	- Info  -	Current client status: 2
2023-05-02 08:27:56.761	- Info  -	send status_changed notify 2
2023-05-02 08:27:56.761	- Info  -	Login task time 0
2023-05-02 08:27:56.784	- Info  -	Do login( type: 2 ) at 379
2023-05-02 08:27:56.784	- Info  -	[http call3] new call id:2, url:https://slapi.oray.net/remote/get-fastcode
2023-05-02 08:27:56.829	- Info  -	[http call3] id:2 create new connection : https://slapi.oray.net:443
2023-05-02 08:27:56.829	- Info  -	attempt to connect server slapi.oray.net:443(121.40.200.192:443)
2023-05-02 08:27:57.040	- Info  -	[http call3] id:2, url:https://slapi.oray.net/remote/get-fastcode, status code:200
2023-05-02 08:27:57.048	- Info  -	attempt to connect server rc10-fc.oray.com:443(47.110.142.43:443)
2023-05-02 08:27:57.122	- Info  -	[service] attempted logon
2023-05-02 08:27:57.163	- Info  -	[service] logon server OK. public ip:223.82.110.30
2023-05-02 08:27:57.187	- Info  -	[online] attempted client online
2023-05-02 08:27:57.211	- Info  -	[online] client online OK.
2023-05-02 08:27:57.212	- Info  -	[online] received name:default , description:default .
2023-05-02 08:27:57.222	- Info  -	[service] attempted register client to server
2023-05-02 08:27:57.245	- Info  -	[service] registered client to server
2023-05-02 08:27:57.245	- Info  -	[http call3] new call id:3, url:https://sl-log.oray.net/slclientlog
2023-05-02 08:27:57.245	- Info  -	Current client status: 1
2023-05-02 08:27:57.245	- Info  -	send status_changed notify 1
2023-05-02 08:27:57.254	- Info  -	[http call3] id:3 create new connection : https://sl-log.oray.net:443
2023-05-02 08:27:57.256	- Info  -	[discover] Client NotifyDiscover type=5
2023-05-02 08:27:57.261	- Info  -	attempt to connect server sl-log.oray.net:443(121.199.72.21:443)
2023-05-02 08:27:57.272	- Info  -	[OnLogin start]
2023-05-02 08:27:57.276	- Info  -	[http call3] new call id:4, url:https://slapi.oray.net/sunlogin/remote-info.update
2023-05-02 08:27:57.278	- Info  -	[OnLogin end]
2023-05-02 08:27:57.286	- Info  -	[http call3] id:4 use old connection : https://slapi.oray.net:443
2023-05-02 08:27:57.290	- Info  -	[OnLogin] WaittingTask Start
2023-05-02 08:27:57.291	- Info  -	Set auto_run : true
2023-05-02 08:27:57.333	- Info  -	[OnLogin] WaittingTask end
2023-05-02 08:27:57.367	- Info  -	[http call3] id:3, url:https://sl-log.oray.net/slclientlog, status code:200
2023-05-02 08:27:57.424	- Info  -	[http call3] id:4, url:https://slapi.oray.net/sunlogin/remote-info.update, status code:200
2023-05-02 08:27:57.424	- Info  -	upload remote info ok
2023-05-02 08:28:12.423	* Error *	SSLStream::IsWantReadWrite|peer(121.40.200.192:443), SSL_read failed( 6 ), error:00000000:lib(0):func(0):reason(0), file( ..\includes\common\phstream\SSLStream.cpp:1898 )
2023-05-02 08:28:12.423	- Info  -	[http call3] disconnect, error( 0 )
2023-05-02 08:28:27.369	* Error *	SSLStream::IsWantReadWrite|peer(121.199.72.21:443), SSL_read failed( 6 ), error:00000000:lib(0):func(0):reason(0), file( ..\includes\common\phstream\SSLStream.cpp:1898 )
2023-05-02 08:28:27.369	- Info  -	[http call3] disconnect, error( 0 )
2023-05-02 13:27:06.359	- Info  -	[ServiceEx] the service control is 13
2023-05-02 13:27:06.361	- Info  -	SERVICE_CONTROL_POWEREVENT************dwEventType:10
2023-05-02 13:28:02.005	- Info  -	[ServiceEx] the service control is 13
2023-05-02 13:28:02.006	- Info  -	SERVICE_CONTROL_POWEREVENT************dwEventType:10
2023-05-02 13:28:57.685	- Info  -	[ServiceEx] the service control is 13
2023-05-02 13:28:57.685	- Info  -	SERVICE_CONTROL_POWEREVENT************dwEventType:10
2023-05-02 13:29:51.461	- Info  -	[ServiceEx] the service control is 13
2023-05-02 13:29:51.461	- Info  -	SERVICE_CONTROL_POWEREVENT************dwEventType:10
2023-05-02 13:30:47.153	- Info  -	[ServiceEx] the service control is 13
2023-05-02 13:30:47.153	- Info  -	SERVICE_CONTROL_POWEREVENT************dwEventType:10
2023-05-02 13:31:42.861	- Info  -	[ServiceEx] the service control is 13
2023-05-02 13:31:42.861	- Info  -	SERVICE_CONTROL_POWEREVENT************dwEventType:10
2023-05-02 13:32:38.559	- Info  -	[ServiceEx] the service control is 13
2023-05-02 13:32:38.559	- Info  -	SERVICE_CONTROL_POWEREVENT************dwEventType:10
2023-05-02 13:33:34.257	- Info  -	[ServiceEx] the service control is 13
2023-05-02 13:33:34.257	- Info  -	SERVICE_CONTROL_POWEREVENT************dwEventType:10
2023-05-02 13:34:29.955	- Info  -	[ServiceEx] the service control is 13
2023-05-02 13:34:29.955	- Info  -	SERVICE_CONTROL_POWEREVENT************dwEventType:10
2023-05-02 13:35:23.736	- Info  -	[ServiceEx] the service control is 13
2023-05-02 13:35:23.737	- Info  -	SERVICE_CONTROL_POWEREVENT************dwEventType:10
2023-05-02 13:36:19.439	- Info  -	[ServiceEx] the service control is 13
2023-05-02 13:36:19.439	- Info  -	SERVICE_CONTROL_POWEREVENT************dwEventType:10
2023-05-02 13:37:15.134	- Info  -	[ServiceEx] the service control is 13
2023-05-02 13:37:15.134	- Info  -	SERVICE_CONTROL_POWEREVENT************dwEventType:10
2023-05-02 13:38:10.829	- Info  -	[ServiceEx] the service control is 13
2023-05-02 13:38:10.829	- Info  -	SERVICE_CONTROL_POWEREVENT************dwEventType:10
2023-05-02 13:39:06.523	- Info  -	[ServiceEx] the service control is 13
2023-05-02 13:39:06.523	- Info  -	SERVICE_CONTROL_POWEREVENT************dwEventType:10
2023-05-02 13:40:02.227	- Info  -	[ServiceEx] the service control is 13
2023-05-02 13:40:02.227	- Info  -	SERVICE_CONTROL_POWEREVENT************dwEventType:10
2023-05-02 13:40:58.025	- Info  -	[ServiceEx] the service control is 13
2023-05-02 13:40:58.026	- Info  -	SERVICE_CONTROL_POWEREVENT************dwEventType:10
2023-05-02 14:22:47.688	- Info  -	[ServiceEx] the service control is 13
2023-05-02 14:22:47.688	- Info  -	SERVICE_CONTROL_POWEREVENT************dwEventType:10
2023-05-02 17:22:21.356	- Info  -	[ServiceEx] the service control is 13
2023-05-02 17:22:21.358	- Info  -	SERVICE_CONTROL_POWEREVENT************dwEventType:10
2023-05-02 17:22:23.030	- Info  -	[ServiceEx] the service control is 13
2023-05-02 17:22:23.030	- Info  -	SERVICE_CONTROL_POWEREVENT************dwEventType:10
2023-05-02 18:14:21.088	- Info  -	[ServiceEx] the service control is 13
2023-05-02 18:14:21.089	- Info  -	SERVICE_CONTROL_POWEREVENT************dwEventType:10
2023-05-03 00:31:57.733	- Info  -	[ServiceEx] the service control is 13
2023-05-03 00:31:57.734	- Info  -	SERVICE_CONTROL_POWEREVENT************dwEventType:10
2023-05-03 00:32:09.874	- Info  -	[ServiceEx] the service control is 5
2023-05-03 00:32:09.874	- Info  -	SERVICE_CONTROL_SHUTDOWN************
2023-05-03 00:32:09.878	- Info  -	[discover] Client NotifyDiscover type=6
2023-05-03 00:32:10.081	- Info  -	Logout ...
2023-05-03 00:32:10.081	- Info  -	[oray][erroCode] errorcode=oray_errorcode(0), product=0, type=0, inner code=0 [CMultiplexLogicStream::Disconnect_impl:121]
2023-05-03 00:32:10.081	- Info  -	[RemoteControl] disconnected server(47.110.142.43:443),error code:0
2023-05-03 00:32:10.081	* Error *	[online] online disconnected,error code:0
2023-05-03 00:32:10.081	- Info  -	[oray][erroCode] errorcode=errorcode(0), product=0, type=0, inner code=0 [COnlineHandler::OnDisconnect:86]
2023-05-03 00:32:10.081	- Info  -	[service] disconnected server(47.110.142.43:443),errorcode:0
2023-05-03 00:32:10.081	- Info  -	curStatus: 0, m_Status: 1
2023-05-03 00:32:10.112	- Info  -	[http call3] new call id:5, url:https://sl-log.oray.net/slclientlog
2023-05-03 00:32:10.112	- Info  -	Current client status: 0
2023-05-03 00:32:10.159	- Info  -	[http call3] id:5 create new connection : https://sl-log.oray.net:443
2023-05-03 00:32:10.175	- Info  -	attempt to connect server sl-log.oray.net:443(47.97.183.66:443)
2023-05-03 00:32:10.487	- Info  -	[http call3] id:5, url:https://sl-log.oray.net/slclientlog, status code:200
2023-05-03 00:32:10.565	- Info  -	[CUDPLibWrapper] map size: 0, value: 
2023-05-03 00:32:10.628	- Info  -	[service] stop listen OK
2023-05-03 00:32:10.690	- Info  -	[service] stop all projections
2023-05-03 00:32:10.690	- Info  -	[discover] Client NotifyDiscover type=6
2023-05-03 00:32:11.362	- Info  -	[http call3] disconnect, error( 10054 )
2023-05-03 00:32:13.714	* Error *	[hidden_wnd] Message Thread Exit wrong: 258
2023-05-03 00:32:13.735	- Info  -	[CUDPLibWrapper] map size: 0, value: 
2023-05-03 00:32:13.736	- Info  -	Terminate OK
2023-05-03 00:32:13.743	- Info  -	Terminate OK
2023-05-03 00:32:13.752	- Info  -	[service] stop all projections
2023-05-03 00:32:13.781	- Info  -	program service is exit 
