2022-11-27 20:25:26.053	- Info  -	version:3.2.1.40406
2022-11-27 20:25:26.318	* Error *	SSLStream|Remove temp(C:\Windows\TEMP\u2mw.0) file ok
2022-11-27 20:25:28.384	- Info  -	Initialize OK
2022-11-27 20:25:28.384	- Info  -	CAcceptorRaw::set_listener
2022-11-27 20:25:28.384	- Info  -	DesktopAgentServer created with port 0.
2022-11-27 20:25:28.728	- Info  -	[service] start listen OK,tcp:0.0.0.0:49678,udp:15959
2022-11-27 20:25:28.743	- Info  -	[discover] Client NotifyDiscover type=5
2022-11-27 20:25:28.837	- Info  -	[localserver] Not use proxy
2022-11-27 20:25:29.087	- Info  -	[mac] local ip:192.168.0.193
2022-11-27 20:25:29.368	- Info  -	[mac] mac address:00:F4:8D:D2:3C:CF
2022-11-27 20:25:29.368	- Info  -	get mac address: 00:F4:8D:D2:3C:CF
2022-11-27 20:25:31.487	- Info  -	os name:Microsoft Windows 10 专业版
2022-11-27 20:25:33.765	- Info  -	m_clientinfo.mac: 00:F4:8D:D2:3C:CF
2022-11-27 20:25:33.846	- Info  -	Current client status: 2
2022-11-27 20:25:33.846	- Info  -	send status_changed notify 2
2022-11-27 20:25:33.846	- Info  -	Login task time 0
2022-11-27 20:25:33.902	- Info  -	Do login( type: 2 ) at 379
2022-11-27 20:25:33.902	- Info  -	[http call3] new call id:1, url:https://slapi.oray.net/remote/get-fastcode
2022-11-27 20:25:33.938	- Info  -	[http call3] id:1 create new connection : https://slapi.oray.net:443
2022-11-27 20:25:34.001	- Info  -	attempt to connect server slapi.oray.net:443(121.40.200.192:443)
2022-11-27 20:25:37.900	- Info  -	[http call3] id:1, url:https://slapi.oray.net/remote/get-fastcode, status code:200
2022-11-27 20:25:37.914	- Info  -	attempt to connect server rc10-fc03.oray.com:443(8.136.215.212:443)
2022-11-27 20:25:38.012	- Info  -	[service] attempted logon
2022-11-27 20:25:38.050	- Info  -	[service] logon server OK. public ip:183.217.165.158
2022-11-27 20:25:38.076	- Info  -	[online] attempted client online
2022-11-27 20:25:38.111	- Info  -	[online] client online OK.
2022-11-27 20:25:38.112	- Info  -	[online] received name:default , description:default .
2022-11-27 20:25:38.118	- Info  -	[service] attempted register client to server
2022-11-27 20:25:38.145	- Info  -	[service] registered client to server
2022-11-27 20:25:38.145	- Info  -	[http call3] new call id:2, url:https://sl-log.oray.net/slclientlog
2022-11-27 20:25:38.145	- Info  -	Current client status: 1
2022-11-27 20:25:38.145	- Info  -	send status_changed notify 1
2022-11-27 20:25:38.161	- Info  -	[http call3] id:2 create new connection : https://sl-log.oray.net:443
2022-11-27 20:25:38.185	- Info  -	[discover] Client NotifyDiscover type=5
2022-11-27 20:25:38.238	- Info  -	[OnLogin start]
2022-11-27 20:25:38.240	- Info  -	[OnLogin end]
2022-11-27 20:25:38.297	- Info  -	[OnLogin] WaittingTask Start
2022-11-27 20:25:38.301	- Info  -	Set auto_run : true
2022-11-27 20:25:38.312	- Info  -	attempt to connect server sl-log.oray.net:443(121.40.118.44:443)
2022-11-27 20:25:38.434	- Info  -	[http call3] id:2, url:https://sl-log.oray.net/slclientlog, status code:200
2022-11-27 20:25:38.463	- Info  -	[OnLogin] WaittingTask end
2022-11-27 20:25:52.927	* Error *	SSLStream::IsWantReadWrite|peer(121.40.200.192:443), SSL_read failed( 6 ), error:00000000:lib(0):func(0):reason(0), file( ..\includes\common\phstream\SSLStream.cpp:1898 )
2022-11-27 20:25:52.927	- Info  -	[http call3] disconnect, error( 0 )
2022-11-27 20:26:08.436	* Error *	SSLStream::IsWantReadWrite|peer(121.40.118.44:443), SSL_read failed( 6 ), error:00000000:lib(0):func(0):reason(0), file( ..\includes\common\phstream\SSLStream.cpp:1898 )
2022-11-27 20:26:08.437	- Info  -	[http call3] disconnect, error( 0 )
2022-11-27 20:26:10.949	- Info  -	[MICRO LIVE] shell oninitdialog to get microlive info enable = 0 status = 0 timelast = 0
2022-11-27 21:40:27.066	- Info  -	[ServiceEx] the service control is 13
2022-11-27 21:40:27.067	- Info  -	SERVICE_CONTROL_POWEREVENT************dwEventType:4
2022-11-27 21:40:27.067	+Warning+	[service] power event, system is suspending.
2022-11-27 21:40:27.068	- Info  -	Logout ...
2022-11-27 21:40:27.069	- Info  -	[oray][erroCode] errorcode=oray_errorcode(0), product=0, type=0, inner code=0 [CMultiplexLogicStream::Disconnect_impl:121]
2022-11-27 21:40:27.070	- Info  -	[RemoteControl] disconnected server(8.136.215.212:443),error code:0
2022-11-27 21:40:27.079	* Error *	[online] online disconnected,error code:0
2022-11-27 21:40:27.079	- Info  -	[oray][erroCode] errorcode=errorcode(0), product=0, type=0, inner code=0 [COnlineHandler::OnDisconnect:86]
2022-11-27 21:40:27.079	- Info  -	[service] disconnected server(8.136.215.212:443),errorcode:0
2022-11-27 21:40:27.079	- Info  -	curStatus: 0, m_Status: 1
2022-11-27 21:40:27.079	- Info  -	[http call3] new call id:3, url:https://sl-log.oray.net/slclientlog
2022-11-27 21:40:27.080	- Info  -	Current client status: 0
2022-11-27 21:40:27.080	- Info  -	send status_changed notify 0
2022-11-27 21:40:27.080	- Info  -	[OnLogout start]
2022-11-27 21:40:27.080	- Info  -	[service] stop all projections
2022-11-27 21:40:27.080	- Info  -	[OnLogout end]
2022-11-27 21:40:27.097	- Info  -	[MICRO LIVE] shell send close micro_live_plugin
2022-11-27 21:40:27.102	- Info  -	[http call3] id:3 create new connection : https://sl-log.oray.net:443
2022-11-27 21:40:27.130	- Info  -	attempt to connect server sl-log.oray.net:443(121.40.118.44:443)
2022-11-27 21:40:27.367	- Info  -	[http call3] id:3, url:https://sl-log.oray.net/slclientlog, status code:200
2022-11-28 10:00:34.257	+Warning+	[passive:keepalive:] 121.40.118.44:443 disconnect by keepalive timeout(48929093>=4522203+30000)
2022-11-28 10:00:34.257	+Warning+	[oray][erroCode] errorcode=ORAY_ERROR_PHSTREAM_KEEPALIVE_TIMEOUT(57351), product=0, type=3, inner code=7 [CPassiveKeepAliveHandler::Done:141]
2022-11-28 10:00:34.257	- Info  -	[http call3] disconnect, error( 57351 )
2022-11-28 10:00:42.734	- Info  -	[ServiceEx] the service control is 13
2022-11-28 10:00:43.305	- Info  -	SERVICE_CONTROL_POWEREVENT************dwEventType:18
2022-11-28 10:00:43.305	+Warning+	[service] power event, system is resumed.
2022-11-28 10:00:57.689	- Info  -	[ServiceEx] the service control is 13
2022-11-28 10:00:57.689	- Info  -	SERVICE_CONTROL_POWEREVENT************dwEventType:7
2022-11-28 10:00:57.689	+Warning+	[service] power event, system is resumed.
2022-11-28 10:01:00.050	- Info  -	retry login now......
2022-11-28 10:01:00.050	- Info  -	Current client status: 2
2022-11-28 10:01:00.050	- Info  -	send status_changed notify 2
2022-11-28 10:01:00.063	- Info  -	Login task time 0
2022-11-28 10:01:00.063	- Info  -	[service] retry login by power event
2022-11-28 10:01:00.195	- Info  -	Do login( type: 2 ) at 379
2022-11-28 10:01:00.195	- Info  -	[http call3] new call id:4, url:https://slapi.oray.net/remote/get-fastcode
2022-11-28 10:01:00.195	- Info  -	[http call3] id:4 create new connection : https://slapi.oray.net:443
2022-11-28 10:01:00.364	* Error *	[oray][erroCode] errorcode=ORAY_ERROR_DOMAIN_RESOLVED_FAILED(57394), product=0, type=3, inner code=50 [CSockConnector::ConnectSock:229]
2022-11-28 10:01:01.107	- Info  -	[ServiceEx] the service control is 13
2022-11-28 10:01:01.107	- Info  -	SERVICE_CONTROL_POWEREVENT************dwEventType:10
2022-11-28 10:01:05.786	- Info  -	[service] retry login by power event
2022-11-28 10:01:30.368	- Info  -	[http call3] disconnect, error( 0 )
2022-11-28 10:01:30.368	- Info  -	[http call3] disconnect id:4, error( 0 )
2022-11-28 10:01:30.369	* Error *	GetFastcode failed! error:-1, msg:net error
2022-11-28 10:01:30.369	- Info  -	Current client status: 0
2022-11-28 10:01:30.369	- Info  -	send status_changed notify 0
2022-11-28 10:01:30.369	- Info  -	[OnLogout start]
2022-11-28 10:01:30.370	- Info  -	[service] stop all projections
2022-11-28 10:01:30.370	- Info  -	retry login now......
2022-11-28 10:01:30.370	- Info  -	Current client status: 2
2022-11-28 10:01:30.370	- Info  -	send status_changed notify 2
2022-11-28 10:01:30.371	- Info  -	Login task time 0
2022-11-28 10:01:30.371	- Info  -	[OnLogout end]
2022-11-28 10:01:30.492	- Info  -	Do login( type: 2 ) at 379
2022-11-28 10:01:30.506	- Info  -	[http call3] new call id:5, url:https://slapi.oray.net/remote/get-fastcode
2022-11-28 10:01:30.527	- Info  -	[http call3] id:5 create new connection : https://slapi.oray.net:443
2022-11-28 10:01:30.675	- Info  -	attempt to connect server slapi.oray.net:443(121.40.200.192:443)
2022-11-28 10:01:31.417	- Info  -	[http call3] id:5, url:https://slapi.oray.net/remote/get-fastcode, status code:200
2022-11-28 10:01:31.477	- Info  -	attempt to connect server rc10-fc05.oray.com:443(47.118.71.166:443)
2022-11-28 10:01:31.724	- Info  -	[service] attempted logon
2022-11-28 10:01:31.790	- Info  -	[service] logon server OK. public ip:183.217.165.158
2022-11-28 10:01:31.815	- Info  -	[online] attempted client online
2022-11-28 10:01:31.849	- Info  -	[online] client online OK.
2022-11-28 10:01:31.850	- Info  -	[online] received name:default , description:default .
2022-11-28 10:01:31.862	- Info  -	[service] attempted register client to server
2022-11-28 10:01:31.927	- Info  -	[service] registered client to server
2022-11-28 10:01:31.927	- Info  -	[http call3] new call id:6, url:https://sl-log.oray.net/slclientlog
2022-11-28 10:01:31.927	- Info  -	Current client status: 1
2022-11-28 10:01:31.927	- Info  -	send status_changed notify 1
2022-11-28 10:01:31.968	- Info  -	[http call3] id:6 create new connection : https://sl-log.oray.net:443
2022-11-28 10:01:31.991	- Info  -	attempt to connect server sl-log.oray.net:443(47.97.162.230:443)
2022-11-28 10:01:32.015	- Info  -	[discover] Client NotifyDiscover type=5
2022-11-28 10:01:32.351	- Info  -	[OnLogin start]
2022-11-28 10:01:32.355	- Info  -	[OnLogin end]
2022-11-28 10:01:32.617	- Info  -	[OnLogin] WaittingTask Start
2022-11-28 10:01:33.094	- Info  -	[http call3] id:6, url:https://sl-log.oray.net/slclientlog, status code:200
2022-11-28 10:01:33.251	- Info  -	Set auto_run : true
2022-11-28 10:01:34.110	- Info  -	[OnLogin] WaittingTask end
2022-11-28 10:01:46.415	* Error *	SSLStream::IsWantReadWrite|peer(121.40.200.192:443), SSL_read failed( 6 ), error:00000000:lib(0):func(0):reason(0), file( ..\includes\common\phstream\SSLStream.cpp:1898 )
2022-11-28 10:01:46.415	- Info  -	[http call3] disconnect, error( 0 )
2022-11-28 10:02:03.086	* Error *	SSLStream::IsWantReadWrite|peer(47.97.162.230:443), SSL_read failed( 6 ), error:00000000:lib(0):func(0):reason(0), file( ..\includes\common\phstream\SSLStream.cpp:1898 )
2022-11-28 10:02:03.086	- Info  -	[http call3] disconnect, error( 0 )
2022-11-28 11:00:13.580	- Info  -	[ServiceEx] the service control is 13
2022-11-28 11:00:13.581	- Info  -	SERVICE_CONTROL_POWEREVENT************dwEventType:4
2022-11-28 11:00:13.581	+Warning+	[service] power event, system is suspending.
2022-11-28 11:00:13.584	- Info  -	Logout ...
2022-11-28 11:00:13.584	- Info  -	[oray][erroCode] errorcode=oray_errorcode(0), product=0, type=0, inner code=0 [CMultiplexLogicStream::Disconnect_impl:121]
2022-11-28 11:00:13.584	- Info  -	[RemoteControl] disconnected server(47.118.71.166:443),error code:0
2022-11-28 11:00:13.586	* Error *	[online] online disconnected,error code:0
2022-11-28 11:00:13.586	- Info  -	[oray][erroCode] errorcode=errorcode(0), product=0, type=0, inner code=0 [COnlineHandler::OnDisconnect:86]
2022-11-28 11:00:13.586	- Info  -	[service] disconnected server(47.118.71.166:443),errorcode:0
2022-11-28 11:00:13.586	- Info  -	curStatus: 0, m_Status: 1
2022-11-28 11:00:13.587	- Info  -	[http call3] new call id:7, url:https://sl-log.oray.net/slclientlog
2022-11-28 11:00:13.588	- Info  -	Current client status: 0
2022-11-28 11:00:13.588	- Info  -	send status_changed notify 0
2022-11-28 11:00:13.588	- Info  -	[OnLogout start]
2022-11-28 11:00:13.588	- Info  -	[service] stop all projections
2022-11-28 11:00:13.588	- Info  -	[OnLogout end]
2022-11-28 11:00:13.603	- Info  -	[http call3] id:7 create new connection : https://sl-log.oray.net:443
2022-11-28 11:00:13.609	- Info  -	[MICRO LIVE] shell send close micro_live_plugin
2022-11-28 11:00:13.631	- Info  -	attempt to connect server sl-log.oray.net:443(121.199.72.21:443)
2022-11-28 11:00:13.778	- Info  -	[http call3] id:7, url:https://sl-log.oray.net/slclientlog, status code:200
