2022-12-22 08:29:06.599	- Info  -	version:3.2.1.40406
2022-12-22 08:29:07.016	* Error *	SSLStream|Remove temp(C:\Windows\TEMP\u2rs.0) file ok
2022-12-22 08:29:08.296	- Info  -	Initialize OK
2022-12-22 08:29:08.296	- Info  -	CAcceptorRaw::set_listener
2022-12-22 08:29:08.296	- Info  -	DesktopAgentServer created with port 0.
2022-12-22 08:29:09.562	- Info  -	[service] start listen OK,tcp:0.0.0.0:49678,udp:15208
2022-12-22 08:29:09.578	- Info  -	[discover] Client NotifyDiscover type=5
2022-12-22 08:29:09.687	- Info  -	[localserver] Not use proxy
2022-12-22 08:29:09.718	- Info  -	[mac] local ip:192.168.0.193
2022-12-22 08:29:09.750	- Info  -	[mac] mac address:00:F4:8D:D2:3C:CF
2022-12-22 08:29:09.750	- Info  -	get mac address: 00:F4:8D:D2:3C:CF
2022-12-22 08:29:13.385	- Info  -	os name:Microsoft Windows 10 专业版
2022-12-22 08:29:15.270	- Info  -	m_clientinfo.mac: 00:F4:8D:D2:3C:CF
2022-12-22 08:29:15.480	- Info  -	Current client status: 2
2022-12-22 08:29:15.480	- Info  -	send status_changed notify 2
2022-12-22 08:29:15.480	- Info  -	Login task time 0
2022-12-22 08:29:15.536	- Info  -	Do login( type: 2 ) at 379
2022-12-22 08:29:15.536	- Info  -	[http call3] new call id:1, url:https://slapi.oray.net/remote/get-fastcode
2022-12-22 08:29:15.565	- Info  -	[http call3] id:1 create new connection : https://slapi.oray.net:443
2022-12-22 08:29:15.590	- Info  -	attempt to connect server slapi.oray.net:443(121.40.99.129:443)
2022-12-22 08:29:18.320	- Info  -	[http call3] id:1, url:https://slapi.oray.net/remote/get-fastcode, status code:200
2022-12-22 08:29:18.333	- Info  -	attempt to connect server rc10-fc06.oray.com:443(120.26.127.51:443)
2022-12-22 08:29:18.423	- Info  -	[service] attempted logon
2022-12-22 08:29:18.458	- Info  -	[service] logon server OK. public ip:183.217.165.82
2022-12-22 08:29:18.482	- Info  -	[online] attempted client online
2022-12-22 08:29:18.514	- Info  -	[online] client online OK.
2022-12-22 08:29:18.515	- Info  -	[online] received name:default , description:default .
2022-12-22 08:29:18.523	- Info  -	[service] attempted register client to server
2022-12-22 08:29:18.551	- Info  -	[service] registered client to server
2022-12-22 08:29:18.552	- Info  -	[http call3] new call id:2, url:https://sl-log.oray.net/slclientlog
2022-12-22 08:29:18.552	- Info  -	Current client status: 1
2022-12-22 08:29:18.552	- Info  -	send status_changed notify 1
2022-12-22 08:29:18.561	- Info  -	[http call3] id:2 create new connection : https://sl-log.oray.net:443
2022-12-22 08:29:18.571	- Info  -	[discover] Client NotifyDiscover type=5
2022-12-22 08:29:18.577	- Info  -	attempt to connect server sl-log.oray.net:443(47.97.186.100:443)
2022-12-22 08:29:18.612	- Info  -	[OnLogin start]
2022-12-22 08:29:18.616	- Info  -	[OnLogin end]
2022-12-22 08:29:18.616	- Info  -	[OnLogin] WaittingTask Start
2022-12-22 08:29:18.619	- Info  -	Set auto_run : true
2022-12-22 08:29:18.728	- Info  -	[http call3] id:2, url:https://sl-log.oray.net/slclientlog, status code:200
2022-12-22 08:29:19.008	- Info  -	[OnLogin] WaittingTask end
2022-12-22 08:29:33.317	* Error *	SSLStream::IsWantReadWrite|peer(121.40.99.129:443), SSL_read failed( 6 ), error:00000000:lib(0):func(0):reason(0), file( ..\includes\common\phstream\SSLStream.cpp:1898 )
2022-12-22 08:29:33.317	- Info  -	[http call3] disconnect, error( 0 )
2022-12-22 08:29:48.727	* Error *	SSLStream::IsWantReadWrite|peer(47.97.186.100:443), SSL_read failed( 6 ), error:00000000:lib(0):func(0):reason(0), file( ..\includes\common\phstream\SSLStream.cpp:1898 )
2022-12-22 08:29:48.727	- Info  -	[http call3] disconnect, error( 0 )
2022-12-22 08:29:52.750	- Info  -	[MICRO LIVE] shell oninitdialog to get microlive info enable = 0 status = 0 timelast = 0
2022-12-22 08:55:19.562	+Warning+	[passive:keepalive:] 120.26.127.51:443 disconnect by keepalive timeout(1596531>=1475390+120000)
2022-12-22 08:55:19.563	+Warning+	[oray][erroCode] errorcode=ORAY_ERROR_PHSTREAM_KEEPALIVE_TIMEOUT(57351), product=0, type=3, inner code=7 [CPassiveKeepAliveHandler::Done:141]
2022-12-22 08:55:19.563	- Info  -	[oray][erroCode] errorcode=oray_errorcode(57351), product=0, type=3, inner code=7 [CMultiplexLogicStream::Disconnect_impl:121]
2022-12-22 08:55:19.563	* Error *	[online] online disconnected,error code:0
2022-12-22 08:55:19.563	- Info  -	[oray][erroCode] errorcode=errorcode(0), product=0, type=0, inner code=0 [COnlineHandler::OnDisconnect:86]
2022-12-22 08:55:19.564	- Info  -	[RemoteControl] disconnected server(120.26.127.51:443),error code:0
2022-12-22 08:55:19.564	- Info  -	[service] disconnected server(120.26.127.51:443),errorcode:0
2022-12-22 08:55:19.564	- Info  -	curStatus: 0, m_Status: 1
2022-12-22 08:55:19.564	- Info  -	[http call3] new call id:3, url:https://sl-log.oray.net/slclientlog
2022-12-22 08:55:19.564	- Info  -	Current client status: 0
2022-12-22 08:55:19.564	- Info  -	send status_changed notify 0
2022-12-22 08:55:19.565	- Info  -	[OnLogout start]
2022-12-22 08:55:19.566	- Info  -	[service] stop all projections
2022-12-22 08:55:19.566	- Info  -	retry login now......
2022-12-22 08:55:19.566	- Info  -	Current client status: 2
2022-12-22 08:55:19.566	- Info  -	send status_changed notify 2
2022-12-22 08:55:19.570	- Info  -	Login task time 0
2022-12-22 08:55:19.570	- Info  -	[OnLogout end]
2022-12-22 08:55:19.577	- Info  -	Do login( type: 2 ) at 379
2022-12-22 08:55:19.578	- Info  -	[http call3] new call id:4, url:https://slapi.oray.net/remote/get-fastcode
2022-12-22 08:55:19.579	- Info  -	[http call3] id:3 create new connection : https://sl-log.oray.net:443
2022-12-22 08:55:19.582	* Error *	[oray][erroCode] errorcode=ORAY_ERROR_DOMAIN_RESOLVED_FAILED(57394), product=0, type=3, inner code=50 [CSockConnector::ConnectSock:229]
2022-12-22 08:55:19.582	- Info  -	[http call3] id:4 create new connection : https://slapi.oray.net:443
2022-12-22 08:55:19.584	* Error *	[oray][erroCode] errorcode=ORAY_ERROR_DOMAIN_RESOLVED_FAILED(57394), product=0, type=3, inner code=50 [CSockConnector::ConnectSock:229]
2022-12-22 08:55:49.578	- Info  -	[http call3] disconnect, error( 0 )
2022-12-22 08:55:49.578	- Info  -	[http call3] disconnect id:3, error( 0 )
2022-12-22 08:55:49.594	- Info  -	[http call3] disconnect, error( 0 )
2022-12-22 08:55:49.594	- Info  -	[http call3] disconnect id:4, error( 0 )
2022-12-22 08:55:49.594	* Error *	GetFastcode failed! error:-1, msg:net error
2022-12-22 08:55:49.594	- Info  -	Current client status: 0
2022-12-22 08:55:49.594	- Info  -	send status_changed notify 0
2022-12-22 08:55:49.594	- Info  -	[OnLogout start]
2022-12-22 08:55:49.595	- Info  -	[service] stop all projections
2022-12-22 08:55:49.595	- Info  -	[OnLogout end]
2022-12-22 08:55:49.610	- Info  -	[MICRO LIVE] shell send close micro_live_plugin
2022-12-22 08:56:47.277	- Info  -	[ServiceEx] the service control is 13
2022-12-22 08:56:47.277	- Info  -	SERVICE_CONTROL_POWEREVENT************dwEventType:4
2022-12-22 08:56:47.277	+Warning+	[service] power event, system is suspending.
2022-12-22 08:56:47.277	- Info  -	Logout ...
2022-12-22 09:32:09.894	- Info  -	[ServiceEx] the service control is 13
2022-12-22 09:32:09.894	- Info  -	SERVICE_CONTROL_POWEREVENT************dwEventType:18
2022-12-22 09:32:09.894	+Warning+	[service] power event, system is resumed.
2022-12-22 09:32:10.928	- Info  -	[ServiceEx] the service control is 13
2022-12-22 09:32:10.928	- Info  -	SERVICE_CONTROL_POWEREVENT************dwEventType:7
2022-12-22 09:32:10.928	+Warning+	[service] power event, system is resumed.
2022-12-22 09:32:29.272	- Info  -	retry login now......
2022-12-22 09:32:29.272	- Info  -	Current client status: 2
2022-12-22 09:32:29.272	- Info  -	send status_changed notify 2
2022-12-22 09:32:29.273	- Info  -	Login task time 0
2022-12-22 09:32:29.273	- Info  -	[service] retry login by power event
2022-12-22 09:32:29.302	- Info  -	[service] retry login by power event
2022-12-22 09:32:29.307	- Info  -	Do login( type: 2 ) at 379
2022-12-22 09:32:29.308	- Info  -	[http call3] new call id:5, url:https://slapi.oray.net/remote/get-fastcode
2022-12-22 09:32:29.364	- Info  -	[http call3] id:5 create new connection : https://slapi.oray.net:443
2022-12-22 09:32:29.415	- Info  -	attempt to connect server slapi.oray.net:443(121.40.99.129:443)
2022-12-22 09:32:29.785	- Info  -	[http call3] id:5, url:https://slapi.oray.net/remote/get-fastcode, status code:200
2022-12-22 09:32:29.821	- Info  -	attempt to connect server rc10-fc08.oray.com:443(47.96.179.70:443)
2022-12-22 09:32:30.000	- Info  -	[service] attempted logon
2022-12-22 09:32:30.045	- Info  -	[service] logon server OK. public ip:183.217.165.82
2022-12-22 09:32:30.076	- Info  -	[online] attempted client online
2022-12-22 09:32:30.105	- Info  -	[online] client online OK.
2022-12-22 09:32:30.106	- Info  -	[online] received name:default , description:default .
2022-12-22 09:32:30.121	- Info  -	[service] attempted register client to server
2022-12-22 09:32:30.147	- Info  -	[service] registered client to server
2022-12-22 09:32:30.149	- Info  -	[http call3] new call id:6, url:https://sl-log.oray.net/slclientlog
2022-12-22 09:32:30.149	- Info  -	Current client status: 1
2022-12-22 09:32:30.149	- Info  -	send status_changed notify 1
2022-12-22 09:32:30.166	- Info  -	[http call3] id:6 create new connection : https://sl-log.oray.net:443
2022-12-22 09:32:30.192	- Info  -	attempt to connect server sl-log.oray.net:443(121.40.118.44:443)
2022-12-22 09:32:30.209	- Info  -	[discover] Client NotifyDiscover type=5
2022-12-22 09:32:30.287	- Info  -	[OnLogin start]
2022-12-22 09:32:30.297	- Info  -	[OnLogin end]
2022-12-22 09:32:30.308	- Info  -	[OnLogin] WaittingTask Start
2022-12-22 09:32:30.586	- Info  -	[http call3] id:6, url:https://sl-log.oray.net/slclientlog, status code:200
2022-12-22 09:32:30.858	- Info  -	Set auto_run : true
2022-12-22 09:32:31.304	- Info  -	[OnLogin] WaittingTask end
2022-12-22 09:32:44.785	* Error *	SSLStream::IsWantReadWrite|peer(121.40.99.129:443), SSL_read failed( 6 ), error:00000000:lib(0):func(0):reason(0), file( ..\includes\common\phstream\SSLStream.cpp:1898 )
2022-12-22 09:32:44.786	- Info  -	[http call3] disconnect, error( 0 )
2022-12-22 09:33:00.585	* Error *	SSLStream::IsWantReadWrite|peer(121.40.118.44:443), SSL_read failed( 6 ), error:00000000:lib(0):func(0):reason(0), file( ..\includes\common\phstream\SSLStream.cpp:1898 )
2022-12-22 09:33:00.585	- Info  -	[http call3] disconnect, error( 0 )
2022-12-22 09:39:00.949	- Info  -	[ServiceEx] the service control is 13
2022-12-22 09:39:00.949	- Info  -	SERVICE_CONTROL_POWEREVENT************dwEventType:4
2022-12-22 09:39:00.949	+Warning+	[service] power event, system is suspending.
2022-12-22 09:39:00.950	- Info  -	Logout ...
2022-12-22 09:39:00.950	- Info  -	[oray][erroCode] errorcode=oray_errorcode(0), product=0, type=0, inner code=0 [CMultiplexLogicStream::Disconnect_impl:121]
2022-12-22 09:39:00.950	- Info  -	[RemoteControl] disconnected server(47.96.179.70:443),error code:0
2022-12-22 09:39:00.952	* Error *	[online] online disconnected,error code:0
2022-12-22 09:39:00.952	- Info  -	[oray][erroCode] errorcode=errorcode(0), product=0, type=0, inner code=0 [COnlineHandler::OnDisconnect:86]
2022-12-22 09:39:00.952	- Info  -	[service] disconnected server(47.96.179.70:443),errorcode:0
2022-12-22 09:39:00.952	- Info  -	curStatus: 0, m_Status: 1
2022-12-22 09:39:00.952	- Info  -	[http call3] new call id:7, url:https://sl-log.oray.net/slclientlog
2022-12-22 09:39:00.952	- Info  -	Current client status: 0
2022-12-22 09:39:00.952	- Info  -	send status_changed notify 0
2022-12-22 09:39:00.952	- Info  -	[OnLogout start]
2022-12-22 09:39:00.953	- Info  -	[service] stop all projections
2022-12-22 09:39:00.953	- Info  -	[OnLogout end]
2022-12-22 09:39:01.018	- Info  -	[MICRO LIVE] shell send close micro_live_plugin
2022-12-22 09:39:01.024	- Info  -	[http call3] id:7 create new connection : https://sl-log.oray.net:443
2022-12-22 09:39:01.065	- Info  -	attempt to connect server sl-log.oray.net:443(47.97.162.230:443)
2022-12-22 09:39:01.216	- Info  -	[http call3] id:7, url:https://sl-log.oray.net/slclientlog, status code:200
2022-12-22 09:39:44.525	+Warning+	[passive:keepalive:] 47.97.162.230:443 disconnect by keepalive timeout(4261500>=4218203+30000)
2022-12-22 09:39:44.525	+Warning+	[oray][erroCode] errorcode=ORAY_ERROR_PHSTREAM_KEEPALIVE_TIMEOUT(57351), product=0, type=3, inner code=7 [CPassiveKeepAliveHandler::Done:141]
2022-12-22 09:39:44.525	- Info  -	[http call3] disconnect, error( 57351 )
2022-12-22 09:39:46.179	- Info  -	[ServiceEx] the service control is 13
2022-12-22 09:39:46.179	- Info  -	SERVICE_CONTROL_POWEREVENT************dwEventType:7
2022-12-22 09:39:46.179	+Warning+	[service] power event, system is resumed.
2022-12-22 09:39:46.758	- Info  -	[ServiceEx] the service control is 13
2022-12-22 09:39:46.758	- Info  -	SERVICE_CONTROL_POWEREVENT************dwEventType:18
2022-12-22 09:39:46.758	+Warning+	[service] power event, system is resumed.
2022-12-22 09:39:48.741	- Info  -	retry login now......
2022-12-22 09:39:48.741	- Info  -	Current client status: 2
2022-12-22 09:39:48.741	- Info  -	send status_changed notify 2
2022-12-22 09:39:48.742	- Info  -	Login task time 0
2022-12-22 09:39:48.742	- Info  -	[service] retry login by power event
2022-12-22 09:39:48.808	- Info  -	Do login( type: 2 ) at 379
2022-12-22 09:39:48.808	- Info  -	[http call3] new call id:8, url:https://slapi.oray.net/remote/get-fastcode
2022-12-22 09:39:48.825	- Info  -	[http call3] id:8 create new connection : https://slapi.oray.net:443
2022-12-22 09:39:48.872	- Info  -	[service] retry login by power event
2022-12-22 09:39:48.923	- Info  -	attempt to connect server slapi.oray.net:443(121.40.200.192:443)
2022-12-22 09:39:49.282	- Info  -	[http call3] id:8, url:https://slapi.oray.net/remote/get-fastcode, status code:200
2022-12-22 09:39:49.355	- Info  -	attempt to connect server rc10-fc11.oray.com:443(120.55.59.130:443)
2022-12-22 09:39:49.515	- Info  -	[service] attempted logon
2022-12-22 09:39:49.564	- Info  -	[service] logon server OK. public ip:183.217.165.82
2022-12-22 09:39:49.595	- Info  -	[online] attempted client online
2022-12-22 09:39:49.630	- Info  -	[online] client online OK.
2022-12-22 09:39:49.631	- Info  -	[online] received name:default , description:default .
2022-12-22 09:39:49.731	- Info  -	[service] attempted register client to server
2022-12-22 09:39:49.762	- Info  -	[service] registered client to server
2022-12-22 09:39:49.763	- Info  -	[http call3] new call id:9, url:https://sl-log.oray.net/slclientlog
2022-12-22 09:39:49.763	- Info  -	Current client status: 1
2022-12-22 09:39:49.763	- Info  -	send status_changed notify 1
2022-12-22 09:39:49.766	- Info  -	[http call3] id:9 create new connection : https://sl-log.oray.net:443
2022-12-22 09:39:49.813	- Info  -	[discover] Client NotifyDiscover type=5
2022-12-22 09:39:49.832	- Info  -	[OnLogin start]
2022-12-22 09:39:49.839	- Info  -	[OnLogin end]
2022-12-22 09:39:49.849	- Info  -	[OnLogin] WaittingTask Start
2022-12-22 09:39:49.952	- Info  -	attempt to connect server sl-log.oray.net:443(47.97.106.171:443)
2022-12-22 09:39:50.158	- Info  -	Set auto_run : true
2022-12-22 09:39:50.228	- Info  -	[OnLogin] WaittingTask end
2022-12-22 09:39:50.307	- Info  -	[http call3] id:9, url:https://sl-log.oray.net/slclientlog, status code:200
2022-12-22 09:40:04.274	* Error *	SSLStream::IsWantReadWrite|peer(121.40.200.192:443), SSL_read failed( 6 ), error:00000000:lib(0):func(0):reason(0), file( ..\includes\common\phstream\SSLStream.cpp:1898 )
2022-12-22 09:40:04.275	- Info  -	[http call3] disconnect, error( 0 )
2022-12-22 09:40:20.299	* Error *	SSLStream::IsWantReadWrite|peer(47.97.106.171:443), SSL_read failed( 6 ), error:00000000:lib(0):func(0):reason(0), file( ..\includes\common\phstream\SSLStream.cpp:1898 )
2022-12-22 09:40:20.300	- Info  -	[http call3] disconnect, error( 0 )
2022-12-22 11:01:20.480	- Info  -	[ServiceEx] the service control is 13
2022-12-22 11:01:20.481	- Info  -	SERVICE_CONTROL_POWEREVENT************dwEventType:4
2022-12-22 11:01:20.481	+Warning+	[service] power event, system is suspending.
2022-12-22 11:01:20.485	- Info  -	Logout ...
2022-12-22 11:01:20.486	- Info  -	[oray][erroCode] errorcode=oray_errorcode(0), product=0, type=0, inner code=0 [CMultiplexLogicStream::Disconnect_impl:121]
2022-12-22 11:01:20.486	- Info  -	[RemoteControl] disconnected server(120.55.59.130:443),error code:0
2022-12-22 11:01:20.487	* Error *	[online] online disconnected,error code:0
2022-12-22 11:01:20.487	- Info  -	[oray][erroCode] errorcode=errorcode(0), product=0, type=0, inner code=0 [COnlineHandler::OnDisconnect:86]
2022-12-22 11:01:20.487	- Info  -	[service] disconnected server(120.55.59.130:443),errorcode:0
2022-12-22 11:01:20.487	- Info  -	curStatus: 0, m_Status: 1
2022-12-22 11:01:20.488	- Info  -	[http call3] new call id:10, url:https://sl-log.oray.net/slclientlog
2022-12-22 11:01:20.488	- Info  -	Current client status: 0
2022-12-22 11:01:20.488	- Info  -	send status_changed notify 0
2022-12-22 11:01:20.488	- Info  -	[OnLogout start]
2022-12-22 11:01:20.489	- Info  -	[service] stop all projections
2022-12-22 11:01:20.489	- Info  -	[OnLogout end]
2022-12-22 11:01:20.521	- Info  -	[MICRO LIVE] shell send close micro_live_plugin
2022-12-22 11:01:20.524	- Info  -	[http call3] id:10 create new connection : https://sl-log.oray.net:443
2022-12-22 11:01:20.544	- Info  -	attempt to connect server sl-log.oray.net:443(47.97.106.171:443)
2022-12-22 11:01:20.722	- Info  -	[http call3] id:10, url:https://sl-log.oray.net/slclientlog, status code:200
2022-12-22 11:03:37.516	+Warning+	[passive:keepalive:] 47.97.106.171:443 disconnect by keepalive timeout(9294500>=9157703+30000)
2022-12-22 11:03:37.516	+Warning+	[oray][erroCode] errorcode=ORAY_ERROR_PHSTREAM_KEEPALIVE_TIMEOUT(57351), product=0, type=3, inner code=7 [CPassiveKeepAliveHandler::Done:141]
2022-12-22 11:03:37.517	- Info  -	[http call3] disconnect, error( 57351 )
2022-12-22 11:03:39.273	- Info  -	[ServiceEx] the service control is 13
2022-12-22 11:03:39.273	- Info  -	SERVICE_CONTROL_POWEREVENT************dwEventType:7
2022-12-22 11:03:39.273	+Warning+	[service] power event, system is resumed.
2022-12-22 11:03:41.244	- Info  -	[ServiceEx] the service control is 13
2022-12-22 11:03:41.244	- Info  -	SERVICE_CONTROL_POWEREVENT************dwEventType:18
2022-12-22 11:03:41.244	+Warning+	[service] power event, system is resumed.
2022-12-22 11:03:42.856	- Info  -	retry login now......
2022-12-22 11:03:42.856	- Info  -	Current client status: 2
2022-12-22 11:03:42.856	- Info  -	send status_changed notify 2
2022-12-22 11:03:42.857	- Info  -	Login task time 0
2022-12-22 11:03:42.857	- Info  -	[service] retry login by power event
2022-12-22 11:03:42.860	- Info  -	Do login( type: 2 ) at 379
2022-12-22 11:03:42.860	- Info  -	[http call3] new call id:11, url:https://slapi.oray.net/remote/get-fastcode
2022-12-22 11:03:42.865	- Info  -	[http call3] id:11 create new connection : https://slapi.oray.net:443
2022-12-22 11:03:42.958	- Info  -	[service] retry login by power event
2022-12-22 11:03:42.976	- Info  -	attempt to connect server slapi.oray.net:443(121.40.200.192:443)
2022-12-22 11:03:43.399	- Info  -	[http call3] id:11, url:https://slapi.oray.net/remote/get-fastcode, status code:200
2022-12-22 11:03:43.636	- Info  -	attempt to connect server rc10-fc04.oray.com:443(47.114.34.123:443)
2022-12-22 11:03:43.796	- Info  -	[service] attempted logon
2022-12-22 11:03:43.839	- Info  -	[service] logon server OK. public ip:183.217.165.82
2022-12-22 11:03:43.863	- Info  -	[online] attempted client online
2022-12-22 11:03:43.888	- Info  -	[online] client online OK.
2022-12-22 11:03:43.889	- Info  -	[online] received name:default , description:default .
2022-12-22 11:03:43.904	- Info  -	[service] attempted register client to server
2022-12-22 11:03:43.936	- Info  -	[service] registered client to server
2022-12-22 11:03:43.937	- Info  -	[http call3] new call id:12, url:https://sl-log.oray.net/slclientlog
2022-12-22 11:03:43.937	- Info  -	Current client status: 1
2022-12-22 11:03:43.937	- Info  -	send status_changed notify 1
2022-12-22 11:03:43.953	- Info  -	[http call3] id:12 create new connection : https://sl-log.oray.net:443
2022-12-22 11:03:43.980	- Info  -	[discover] Client NotifyDiscover type=5
2022-12-22 11:03:44.115	- Info  -	[OnLogin start]
2022-12-22 11:03:44.120	- Info  -	[OnLogin end]
2022-12-22 11:03:44.238	- Info  -	[OnLogin] WaittingTask Start
2022-12-22 11:03:44.375	- Info  -	attempt to connect server sl-log.oray.net:443(47.97.162.230:443)
2022-12-22 11:03:44.653	- Info  -	[http call3] id:12, url:https://sl-log.oray.net/slclientlog, status code:200
2022-12-22 11:03:45.084	- Info  -	Set auto_run : true
2022-12-22 11:03:45.460	- Info  -	[OnLogin] WaittingTask end
2022-12-22 11:03:58.398	* Error *	SSLStream::IsWantReadWrite|peer(121.40.200.192:443), SSL_read failed( 6 ), error:00000000:lib(0):func(0):reason(0), file( ..\includes\common\phstream\SSLStream.cpp:1898 )
2022-12-22 11:03:58.398	- Info  -	[http call3] disconnect, error( 0 )
2022-12-22 11:04:14.654	* Error *	SSLStream::IsWantReadWrite|peer(47.97.162.230:443), SSL_read failed( 6 ), error:00000000:lib(0):func(0):reason(0), file( ..\includes\common\phstream\SSLStream.cpp:1898 )
2022-12-22 11:04:14.654	- Info  -	[http call3] disconnect, error( 0 )
2022-12-22 11:08:14.104	+Warning+	[passive:keepalive:] 47.114.34.123:443 disconnect by keepalive timeout(9571078>=9450859+120000)
2022-12-22 11:08:14.104	+Warning+	[oray][erroCode] errorcode=ORAY_ERROR_PHSTREAM_KEEPALIVE_TIMEOUT(57351), product=0, type=3, inner code=7 [CPassiveKeepAliveHandler::Done:141]
2022-12-22 11:08:14.104	- Info  -	[oray][erroCode] errorcode=oray_errorcode(57351), product=0, type=3, inner code=7 [CMultiplexLogicStream::Disconnect_impl:121]
2022-12-22 11:08:14.104	* Error *	[online] online disconnected,error code:0
2022-12-22 11:08:14.104	- Info  -	[oray][erroCode] errorcode=errorcode(0), product=0, type=0, inner code=0 [COnlineHandler::OnDisconnect:86]
2022-12-22 11:08:14.104	- Info  -	[RemoteControl] disconnected server(47.114.34.123:443),error code:0
2022-12-22 11:08:14.104	- Info  -	[service] disconnected server(47.114.34.123:443),errorcode:0
2022-12-22 11:08:14.104	- Info  -	curStatus: 0, m_Status: 1
2022-12-22 11:08:14.105	- Info  -	[http call3] new call id:13, url:https://sl-log.oray.net/slclientlog
2022-12-22 11:08:14.105	- Info  -	Current client status: 0
2022-12-22 11:08:14.105	- Info  -	send status_changed notify 0
2022-12-22 11:08:14.105	- Info  -	[OnLogout start]
2022-12-22 11:08:14.105	- Info  -	[service] stop all projections
2022-12-22 11:08:14.105	- Info  -	retry login now......
2022-12-22 11:08:14.105	- Info  -	Current client status: 2
2022-12-22 11:08:14.105	- Info  -	send status_changed notify 2
2022-12-22 11:08:14.106	- Info  -	Login task time 0
2022-12-22 11:08:14.106	- Info  -	[OnLogout end]
2022-12-22 11:08:14.120	- Info  -	Do login( type: 2 ) at 379
2022-12-22 11:08:14.120	- Info  -	[http call3] id:13 create new connection : https://sl-log.oray.net:443
2022-12-22 11:08:14.120	- Info  -	[http call3] new call id:14, url:https://slapi.oray.net/remote/get-fastcode
2022-12-22 11:08:14.121	* Error *	[oray][erroCode] errorcode=ORAY_ERROR_DOMAIN_RESOLVED_FAILED(57394), product=0, type=3, inner code=50 [CSockConnector::ConnectSock:229]
2022-12-22 11:08:14.121	- Info  -	[http call3] id:14 create new connection : https://slapi.oray.net:443
2022-12-22 11:08:14.122	* Error *	[oray][erroCode] errorcode=ORAY_ERROR_DOMAIN_RESOLVED_FAILED(57394), product=0, type=3, inner code=50 [CSockConnector::ConnectSock:229]
2022-12-22 11:08:44.121	- Info  -	[http call3] disconnect, error( 0 )
2022-12-22 11:08:44.121	- Info  -	[http call3] disconnect id:13, error( 0 )
2022-12-22 11:08:44.136	- Info  -	[http call3] disconnect, error( 0 )
2022-12-22 11:08:44.136	- Info  -	[http call3] disconnect id:14, error( 0 )
2022-12-22 11:08:44.136	* Error *	GetFastcode failed! error:-1, msg:net error
2022-12-22 11:08:44.136	- Info  -	Current client status: 0
2022-12-22 11:08:44.136	- Info  -	send status_changed notify 0
2022-12-22 11:08:44.136	- Info  -	[OnLogout start]
2022-12-22 11:08:44.137	- Info  -	[service] stop all projections
2022-12-22 11:08:44.137	- Info  -	[OnLogout end]
2022-12-22 11:08:44.146	- Info  -	[MICRO LIVE] shell send close micro_live_plugin
2022-12-22 11:10:45.163	- Info  -	[localserver] Not use proxy
2022-12-22 11:10:45.163	- Info  -	retry login now......
2022-12-22 11:10:45.163	- Info  -	Current client status: 2
2022-12-22 11:10:45.163	- Info  -	send status_changed notify 2
2022-12-22 11:10:45.163	- Info  -	Login task time 0
2022-12-22 11:10:45.178	- Info  -	Do login( type: 2 ) at 379
2022-12-22 11:10:45.178	- Info  -	[http call3] new call id:15, url:https://slapi.oray.net/remote/get-fastcode
2022-12-22 11:10:45.194	- Info  -	[http call3] id:15 create new connection : https://slapi.oray.net:443
2022-12-22 11:10:45.195	* Error *	[oray][erroCode] errorcode=ORAY_ERROR_DOMAIN_RESOLVED_FAILED(57394), product=0, type=3, inner code=50 [CSockConnector::ConnectSock:229]
2022-12-22 11:11:15.199	- Info  -	[http call3] disconnect, error( 0 )
2022-12-22 11:11:15.199	- Info  -	[http call3] disconnect id:15, error( 0 )
2022-12-22 11:11:15.199	* Error *	GetFastcode failed! error:-1, msg:net error
2022-12-22 11:11:15.199	- Info  -	Current client status: 0
2022-12-22 11:11:15.199	- Info  -	send status_changed notify 0
2022-12-22 11:11:15.199	- Info  -	[OnLogout start]
2022-12-22 11:11:15.200	- Info  -	[service] stop all projections
2022-12-22 11:11:15.200	- Info  -	[OnLogout end]
2022-12-22 11:11:15.211	- Info  -	[MICRO LIVE] shell send close micro_live_plugin
2022-12-22 11:13:16.220	- Info  -	[localserver] Not use proxy
2022-12-22 11:13:16.220	- Info  -	retry login now......
2022-12-22 11:13:16.220	- Info  -	Current client status: 2
2022-12-22 11:13:16.220	- Info  -	send status_changed notify 2
2022-12-22 11:13:16.221	- Info  -	Login task time 0
2022-12-22 11:13:16.236	- Info  -	Do login( type: 2 ) at 379
2022-12-22 11:13:16.236	- Info  -	[http call3] new call id:16, url:https://slapi.oray.net/remote/get-fastcode
2022-12-22 11:13:16.251	- Info  -	[http call3] id:16 create new connection : https://slapi.oray.net:443
2022-12-22 11:13:16.252	* Error *	[oray][erroCode] errorcode=ORAY_ERROR_DOMAIN_RESOLVED_FAILED(57394), product=0, type=3, inner code=50 [CSockConnector::ConnectSock:229]
2022-12-22 11:13:46.258	- Info  -	[http call3] disconnect, error( 0 )
2022-12-22 11:13:46.259	- Info  -	[http call3] disconnect id:16, error( 0 )
2022-12-22 11:13:46.259	* Error *	GetFastcode failed! error:-1, msg:net error
2022-12-22 11:13:46.259	- Info  -	Current client status: 0
2022-12-22 11:13:46.259	- Info  -	send status_changed notify 0
2022-12-22 11:13:46.259	- Info  -	[OnLogout start]
2022-12-22 11:13:46.259	- Info  -	[service] stop all projections
2022-12-22 11:13:46.259	- Info  -	[OnLogout end]
2022-12-22 11:13:46.264	- Info  -	[MICRO LIVE] shell send close micro_live_plugin
2022-12-22 11:15:47.341	- Info  -	[localserver] Not use proxy
2022-12-22 11:15:47.341	- Info  -	retry login now......
2022-12-22 11:15:47.341	- Info  -	Current client status: 2
2022-12-22 11:15:47.341	- Info  -	send status_changed notify 2
2022-12-22 11:15:47.342	- Info  -	Login task time 0
2022-12-22 11:15:47.356	- Info  -	Do login( type: 2 ) at 379
2022-12-22 11:15:47.356	- Info  -	[http call3] new call id:17, url:https://slapi.oray.net/remote/get-fastcode
2022-12-22 11:15:47.356	- Info  -	[http call3] id:17 create new connection : https://slapi.oray.net:443
2022-12-22 11:15:47.357	* Error *	[oray][erroCode] errorcode=ORAY_ERROR_DOMAIN_RESOLVED_FAILED(57394), product=0, type=3, inner code=50 [CSockConnector::ConnectSock:229]
2022-12-22 11:16:17.358	- Info  -	[http call3] disconnect, error( 0 )
2022-12-22 11:16:17.359	- Info  -	[http call3] disconnect id:17, error( 0 )
2022-12-22 11:16:17.359	* Error *	GetFastcode failed! error:-1, msg:net error
2022-12-22 11:16:17.359	- Info  -	Current client status: 0
2022-12-22 11:16:17.359	- Info  -	send status_changed notify 0
2022-12-22 11:16:17.359	- Info  -	[OnLogout start]
2022-12-22 11:16:17.359	- Info  -	[service] stop all projections
2022-12-22 11:16:17.359	- Info  -	[OnLogout end]
2022-12-22 11:16:17.371	- Info  -	[MICRO LIVE] shell send close micro_live_plugin
2022-12-22 11:18:18.502	- Info  -	[localserver] Not use proxy
2022-12-22 11:18:18.502	- Info  -	retry login now......
2022-12-22 11:18:18.502	- Info  -	Current client status: 2
2022-12-22 11:18:18.502	- Info  -	send status_changed notify 2
2022-12-22 11:18:18.503	- Info  -	Login task time 0
2022-12-22 11:18:18.517	- Info  -	Do login( type: 2 ) at 379
2022-12-22 11:18:18.517	- Info  -	[http call3] new call id:18, url:https://slapi.oray.net/remote/get-fastcode
2022-12-22 11:18:18.533	- Info  -	[http call3] id:18 create new connection : https://slapi.oray.net:443
2022-12-22 11:18:18.534	* Error *	[oray][erroCode] errorcode=ORAY_ERROR_DOMAIN_RESOLVED_FAILED(57394), product=0, type=3, inner code=50 [CSockConnector::ConnectSock:229]
2022-12-22 11:18:48.544	- Info  -	[http call3] disconnect, error( 0 )
2022-12-22 11:18:48.544	- Info  -	[http call3] disconnect id:18, error( 0 )
2022-12-22 11:18:48.544	* Error *	GetFastcode failed! error:-1, msg:net error
2022-12-22 11:18:48.544	- Info  -	Current client status: 0
2022-12-22 11:18:48.544	- Info  -	send status_changed notify 0
2022-12-22 11:18:48.544	- Info  -	[OnLogout start]
2022-12-22 11:18:48.544	- Info  -	[service] stop all projections
2022-12-22 11:18:48.544	- Info  -	[OnLogout end]
2022-12-22 11:18:48.554	- Info  -	[MICRO LIVE] shell send close micro_live_plugin
2022-12-22 11:20:49.615	- Info  -	[localserver] Not use proxy
2022-12-22 11:20:49.615	- Info  -	retry login now......
2022-12-22 11:20:49.615	- Info  -	Current client status: 2
2022-12-22 11:20:49.615	- Info  -	send status_changed notify 2
2022-12-22 11:20:49.615	- Info  -	Login task time 0
2022-12-22 11:20:49.630	- Info  -	Do login( type: 2 ) at 379
2022-12-22 11:20:49.630	- Info  -	[http call3] new call id:19, url:https://slapi.oray.net/remote/get-fastcode
2022-12-22 11:20:49.646	- Info  -	[http call3] id:19 create new connection : https://slapi.oray.net:443
2022-12-22 11:20:49.647	* Error *	[oray][erroCode] errorcode=ORAY_ERROR_DOMAIN_RESOLVED_FAILED(57394), product=0, type=3, inner code=50 [CSockConnector::ConnectSock:229]
2022-12-22 11:21:19.638	- Info  -	[http call3] disconnect, error( 0 )
2022-12-22 11:21:19.638	- Info  -	[http call3] disconnect id:19, error( 0 )
2022-12-22 11:21:19.638	* Error *	GetFastcode failed! error:-1, msg:net error
2022-12-22 11:21:19.638	- Info  -	Current client status: 0
2022-12-22 11:21:19.638	- Info  -	send status_changed notify 0
2022-12-22 11:21:19.638	- Info  -	[OnLogout start]
2022-12-22 11:21:19.638	- Info  -	[service] stop all projections
2022-12-22 11:21:19.638	- Info  -	[OnLogout end]
2022-12-22 11:21:19.647	- Info  -	[MICRO LIVE] shell send close micro_live_plugin
2022-12-22 11:23:20.723	- Info  -	[localserver] Not use proxy
2022-12-22 11:23:20.723	- Info  -	retry login now......
2022-12-22 11:23:20.723	- Info  -	Current client status: 2
2022-12-22 11:23:20.723	- Info  -	send status_changed notify 2
2022-12-22 11:23:20.723	- Info  -	Login task time 0
2022-12-22 11:23:20.738	- Info  -	Do login( type: 2 ) at 379
2022-12-22 11:23:20.738	- Info  -	[http call3] new call id:20, url:https://slapi.oray.net/remote/get-fastcode
2022-12-22 11:23:20.738	- Info  -	[http call3] id:20 create new connection : https://slapi.oray.net:443
2022-12-22 11:23:20.739	* Error *	[oray][erroCode] errorcode=ORAY_ERROR_DOMAIN_RESOLVED_FAILED(57394), product=0, type=3, inner code=50 [CSockConnector::ConnectSock:229]
2022-12-22 11:23:50.743	- Info  -	[http call3] disconnect, error( 0 )
2022-12-22 11:23:50.743	- Info  -	[http call3] disconnect id:20, error( 0 )
2022-12-22 11:23:50.743	* Error *	GetFastcode failed! error:-1, msg:net error
2022-12-22 11:23:50.744	- Info  -	Current client status: 0
2022-12-22 11:23:50.744	- Info  -	send status_changed notify 0
2022-12-22 11:23:50.744	- Info  -	[OnLogout start]
2022-12-22 11:23:50.744	- Info  -	[service] stop all projections
2022-12-22 11:23:50.744	- Info  -	[OnLogout end]
2022-12-22 11:23:50.752	- Info  -	[MICRO LIVE] shell send close micro_live_plugin
2022-12-22 11:25:51.803	- Info  -	[localserver] Not use proxy
2022-12-22 11:25:51.803	- Info  -	retry login now......
2022-12-22 11:25:51.803	- Info  -	Current client status: 2
2022-12-22 11:25:51.804	- Info  -	send status_changed notify 2
2022-12-22 11:25:51.804	- Info  -	Login task time 0
2022-12-22 11:25:51.819	- Info  -	Do login( type: 2 ) at 379
2022-12-22 11:25:51.819	- Info  -	[http call3] new call id:21, url:https://slapi.oray.net/remote/get-fastcode
2022-12-22 11:25:51.834	- Info  -	[http call3] id:21 create new connection : https://slapi.oray.net:443
2022-12-22 11:25:51.835	* Error *	[oray][erroCode] errorcode=ORAY_ERROR_DOMAIN_RESOLVED_FAILED(57394), product=0, type=3, inner code=50 [CSockConnector::ConnectSock:229]
2022-12-22 11:26:21.831	- Info  -	[http call3] disconnect, error( 0 )
2022-12-22 11:26:21.831	- Info  -	[http call3] disconnect id:21, error( 0 )
2022-12-22 11:26:21.831	* Error *	GetFastcode failed! error:-1, msg:net error
2022-12-22 11:26:21.831	- Info  -	Current client status: 0
2022-12-22 11:26:21.831	- Info  -	send status_changed notify 0
2022-12-22 11:26:21.831	- Info  -	[OnLogout start]
2022-12-22 11:26:21.832	- Info  -	[service] stop all projections
2022-12-22 11:26:21.832	- Info  -	[OnLogout end]
2022-12-22 11:26:21.846	- Info  -	[MICRO LIVE] shell send close micro_live_plugin
2022-12-22 11:28:22.966	- Info  -	[localserver] Not use proxy
2022-12-22 11:28:22.966	- Info  -	retry login now......
2022-12-22 11:28:22.966	- Info  -	Current client status: 2
2022-12-22 11:28:22.966	- Info  -	send status_changed notify 2
2022-12-22 11:28:22.967	- Info  -	Login task time 0
2022-12-22 11:28:22.981	- Info  -	Do login( type: 2 ) at 379
2022-12-22 11:28:22.981	- Info  -	[http call3] new call id:22, url:https://slapi.oray.net/remote/get-fastcode
2022-12-22 11:28:22.997	- Info  -	[http call3] id:22 create new connection : https://slapi.oray.net:443
2022-12-22 11:28:22.998	* Error *	[oray][erroCode] errorcode=ORAY_ERROR_DOMAIN_RESOLVED_FAILED(57394), product=0, type=3, inner code=50 [CSockConnector::ConnectSock:229]
2022-12-22 11:28:53.005	- Info  -	[http call3] disconnect, error( 0 )
2022-12-22 11:28:53.005	- Info  -	[http call3] disconnect id:22, error( 0 )
2022-12-22 11:28:53.005	* Error *	GetFastcode failed! error:-1, msg:net error
2022-12-22 11:28:53.005	- Info  -	Current client status: 0
2022-12-22 11:28:53.005	- Info  -	send status_changed notify 0
2022-12-22 11:28:53.005	- Info  -	[OnLogout start]
2022-12-22 11:28:53.006	- Info  -	[service] stop all projections
2022-12-22 11:28:53.006	- Info  -	[OnLogout end]
2022-12-22 11:28:53.018	- Info  -	[MICRO LIVE] shell send close micro_live_plugin
2022-12-22 11:30:11.930	- Info  -	[ServiceEx] the service control is 13
2022-12-22 11:30:11.930	- Info  -	SERVICE_CONTROL_POWEREVENT************dwEventType:10
2022-12-22 11:30:19.595	- Info  -	[ServiceEx] the service control is 13
2022-12-22 11:30:19.595	- Info  -	SERVICE_CONTROL_POWEREVENT************dwEventType:10
2022-12-22 11:30:27.269	- Info  -	[ServiceEx] the service control is 13
2022-12-22 11:30:27.269	- Info  -	SERVICE_CONTROL_POWEREVENT************dwEventType:10
2022-12-22 11:30:34.925	- Info  -	[ServiceEx] the service control is 13
2022-12-22 11:30:34.925	- Info  -	SERVICE_CONTROL_POWEREVENT************dwEventType:10
2022-12-22 11:30:42.590	- Info  -	[ServiceEx] the service control is 13
2022-12-22 11:30:42.590	- Info  -	SERVICE_CONTROL_POWEREVENT************dwEventType:10
2022-12-22 11:30:52.178	- Info  -	[ServiceEx] the service control is 13
2022-12-22 11:30:52.178	- Info  -	SERVICE_CONTROL_POWEREVENT************dwEventType:10
2022-12-22 11:30:54.103	- Info  -	[localserver] Not use proxy
2022-12-22 11:30:54.103	- Info  -	retry login now......
2022-12-22 11:30:54.103	- Info  -	Current client status: 2
2022-12-22 11:30:54.103	- Info  -	send status_changed notify 2
2022-12-22 11:30:54.104	- Info  -	Login task time 0
2022-12-22 11:30:54.119	- Info  -	Do login( type: 2 ) at 379
2022-12-22 11:30:54.119	- Info  -	[http call3] new call id:23, url:https://slapi.oray.net/remote/get-fastcode
2022-12-22 11:30:54.135	- Info  -	[http call3] id:23 create new connection : https://slapi.oray.net:443
2022-12-22 11:30:54.135	* Error *	[oray][erroCode] errorcode=ORAY_ERROR_DOMAIN_RESOLVED_FAILED(57394), product=0, type=3, inner code=50 [CSockConnector::ConnectSock:229]
2022-12-22 11:30:59.846	- Info  -	[ServiceEx] the service control is 13
2022-12-22 11:30:59.846	- Info  -	SERVICE_CONTROL_POWEREVENT************dwEventType:10
2022-12-22 11:31:07.512	- Info  -	[ServiceEx] the service control is 13
2022-12-22 11:31:07.512	- Info  -	SERVICE_CONTROL_POWEREVENT************dwEventType:10
2022-12-22 11:31:15.177	- Info  -	[ServiceEx] the service control is 13
2022-12-22 11:31:15.177	- Info  -	SERVICE_CONTROL_POWEREVENT************dwEventType:10
2022-12-22 11:31:22.842	- Info  -	[ServiceEx] the service control is 13
2022-12-22 11:31:22.842	- Info  -	SERVICE_CONTROL_POWEREVENT************dwEventType:10
2022-12-22 11:31:24.134	- Info  -	[http call3] disconnect, error( 0 )
2022-12-22 11:31:24.134	- Info  -	[http call3] disconnect id:23, error( 0 )
2022-12-22 11:31:24.134	* Error *	GetFastcode failed! error:-1, msg:net error
2022-12-22 11:31:24.134	- Info  -	Current client status: 0
2022-12-22 11:31:24.134	- Info  -	send status_changed notify 0
2022-12-22 11:31:24.134	- Info  -	[OnLogout start]
2022-12-22 11:31:24.135	- Info  -	[service] stop all projections
2022-12-22 11:31:24.135	- Info  -	[OnLogout end]
2022-12-22 11:31:24.143	- Info  -	[MICRO LIVE] shell send close micro_live_plugin
2022-12-22 11:31:32.425	- Info  -	[ServiceEx] the service control is 13
2022-12-22 11:31:32.425	- Info  -	SERVICE_CONTROL_POWEREVENT************dwEventType:10
2022-12-22 11:31:40.087	- Info  -	[ServiceEx] the service control is 13
2022-12-22 11:31:40.087	- Info  -	SERVICE_CONTROL_POWEREVENT************dwEventType:10
2022-12-22 11:31:47.753	- Info  -	[ServiceEx] the service control is 13
2022-12-22 11:31:47.753	- Info  -	SERVICE_CONTROL_POWEREVENT************dwEventType:10
2022-12-22 11:31:57.333	- Info  -	[ServiceEx] the service control is 13
2022-12-22 11:31:57.333	- Info  -	SERVICE_CONTROL_POWEREVENT************dwEventType:10
2022-12-22 11:32:05.001	- Info  -	[ServiceEx] the service control is 13
2022-12-22 11:32:05.001	- Info  -	SERVICE_CONTROL_POWEREVENT************dwEventType:10
2022-12-22 11:32:12.668	- Info  -	[ServiceEx] the service control is 13
2022-12-22 11:32:12.668	- Info  -	SERVICE_CONTROL_POWEREVENT************dwEventType:10
2022-12-22 11:32:20.333	- Info  -	[ServiceEx] the service control is 13
2022-12-22 11:32:20.333	- Info  -	SERVICE_CONTROL_POWEREVENT************dwEventType:10
2022-12-22 11:32:27.996	- Info  -	[ServiceEx] the service control is 13
2022-12-22 11:32:27.997	- Info  -	SERVICE_CONTROL_POWEREVENT************dwEventType:10
2022-12-22 11:32:37.573	- Info  -	[ServiceEx] the service control is 13
2022-12-22 11:32:37.573	- Info  -	SERVICE_CONTROL_POWEREVENT************dwEventType:10
2022-12-22 11:32:45.240	- Info  -	[ServiceEx] the service control is 13
2022-12-22 11:32:45.240	- Info  -	SERVICE_CONTROL_POWEREVENT************dwEventType:10
2022-12-22 11:32:52.905	- Info  -	[ServiceEx] the service control is 13
2022-12-22 11:32:52.905	- Info  -	SERVICE_CONTROL_POWEREVENT************dwEventType:10
2022-12-22 11:33:00.570	- Info  -	[ServiceEx] the service control is 13
2022-12-22 11:33:00.571	- Info  -	SERVICE_CONTROL_POWEREVENT************dwEventType:10
2022-12-22 11:33:08.237	- Info  -	[ServiceEx] the service control is 13
2022-12-22 11:33:08.237	- Info  -	SERVICE_CONTROL_POWEREVENT************dwEventType:10
2022-12-22 11:33:17.824	- Info  -	[ServiceEx] the service control is 13
2022-12-22 11:33:17.824	- Info  -	SERVICE_CONTROL_POWEREVENT************dwEventType:10
2022-12-22 11:33:25.166	- Info  -	[localserver] Not use proxy
2022-12-22 11:33:25.166	- Info  -	retry login now......
2022-12-22 11:33:25.166	- Info  -	Current client status: 2
2022-12-22 11:33:25.166	- Info  -	send status_changed notify 2
2022-12-22 11:33:25.166	- Info  -	Login task time 0
2022-12-22 11:33:25.181	- Info  -	Do login( type: 2 ) at 379
2022-12-22 11:33:25.181	- Info  -	[http call3] new call id:24, url:https://slapi.oray.net/remote/get-fastcode
2022-12-22 11:33:25.197	- Info  -	[http call3] id:24 create new connection : https://slapi.oray.net:443
2022-12-22 11:33:25.198	* Error *	[oray][erroCode] errorcode=ORAY_ERROR_DOMAIN_RESOLVED_FAILED(57394), product=0, type=3, inner code=50 [CSockConnector::ConnectSock:229]
2022-12-22 11:33:25.491	- Info  -	[ServiceEx] the service control is 13
2022-12-22 11:33:25.491	- Info  -	SERVICE_CONTROL_POWEREVENT************dwEventType:10
2022-12-22 11:33:33.159	- Info  -	[ServiceEx] the service control is 13
2022-12-22 11:33:33.159	- Info  -	SERVICE_CONTROL_POWEREVENT************dwEventType:10
2022-12-22 11:33:42.737	- Info  -	[ServiceEx] the service control is 13
2022-12-22 11:33:42.737	- Info  -	SERVICE_CONTROL_POWEREVENT************dwEventType:10
2022-12-22 11:33:50.407	- Info  -	[ServiceEx] the service control is 13
2022-12-22 11:33:50.407	- Info  -	SERVICE_CONTROL_POWEREVENT************dwEventType:10
2022-12-22 11:33:55.185	- Info  -	[http call3] disconnect, error( 0 )
2022-12-22 11:33:55.185	- Info  -	[http call3] disconnect id:24, error( 0 )
2022-12-22 11:33:55.185	* Error *	GetFastcode failed! error:-1, msg:net error
2022-12-22 11:33:55.185	- Info  -	Current client status: 0
2022-12-22 11:33:55.185	- Info  -	send status_changed notify 0
2022-12-22 11:33:55.185	- Info  -	[OnLogout start]
2022-12-22 11:33:55.186	- Info  -	[service] stop all projections
2022-12-22 11:33:55.186	- Info  -	[OnLogout end]
2022-12-22 11:33:55.197	- Info  -	[MICRO LIVE] shell send close micro_live_plugin
2022-12-22 11:33:58.072	- Info  -	[ServiceEx] the service control is 13
2022-12-22 11:33:58.072	- Info  -	SERVICE_CONTROL_POWEREVENT************dwEventType:10
2022-12-22 11:34:05.739	- Info  -	[ServiceEx] the service control is 13
2022-12-22 11:34:05.739	- Info  -	SERVICE_CONTROL_POWEREVENT************dwEventType:10
2022-12-22 11:34:13.410	- Info  -	[ServiceEx] the service control is 13
2022-12-22 11:34:13.410	- Info  -	SERVICE_CONTROL_POWEREVENT************dwEventType:10
2022-12-22 11:34:22.986	- Info  -	[ServiceEx] the service control is 13
2022-12-22 11:34:22.986	- Info  -	SERVICE_CONTROL_POWEREVENT************dwEventType:10
2022-12-22 11:34:30.652	- Info  -	[ServiceEx] the service control is 13
2022-12-22 11:34:30.652	- Info  -	SERVICE_CONTROL_POWEREVENT************dwEventType:10
2022-12-22 11:34:38.337	- Info  -	[ServiceEx] the service control is 13
2022-12-22 11:34:38.337	- Info  -	SERVICE_CONTROL_POWEREVENT************dwEventType:10
2022-12-22 11:34:45.982	- Info  -	[ServiceEx] the service control is 13
2022-12-22 11:34:45.982	- Info  -	SERVICE_CONTROL_POWEREVENT************dwEventType:10
2022-12-22 11:34:53.649	- Info  -	[ServiceEx] the service control is 13
2022-12-22 11:34:53.649	- Info  -	SERVICE_CONTROL_POWEREVENT************dwEventType:10
2022-12-22 11:35:03.231	- Info  -	[ServiceEx] the service control is 13
2022-12-22 11:35:03.231	- Info  -	SERVICE_CONTROL_POWEREVENT************dwEventType:10
2022-12-22 11:35:10.896	- Info  -	[ServiceEx] the service control is 13
2022-12-22 11:35:10.896	- Info  -	SERVICE_CONTROL_POWEREVENT************dwEventType:10
2022-12-22 11:35:18.563	- Info  -	[ServiceEx] the service control is 13
2022-12-22 11:35:18.563	- Info  -	SERVICE_CONTROL_POWEREVENT************dwEventType:10
2022-12-22 11:35:26.226	- Info  -	[ServiceEx] the service control is 13
2022-12-22 11:35:26.226	- Info  -	SERVICE_CONTROL_POWEREVENT************dwEventType:10
2022-12-22 11:35:35.807	- Info  -	[ServiceEx] the service control is 13
2022-12-22 11:35:35.807	- Info  -	SERVICE_CONTROL_POWEREVENT************dwEventType:10
2022-12-22 11:35:43.476	- Info  -	[ServiceEx] the service control is 13
2022-12-22 11:35:43.476	- Info  -	SERVICE_CONTROL_POWEREVENT************dwEventType:10
2022-12-22 11:35:51.138	- Info  -	[ServiceEx] the service control is 13
2022-12-22 11:35:51.138	- Info  -	SERVICE_CONTROL_POWEREVENT************dwEventType:10
2022-12-22 11:35:56.206	- Info  -	[localserver] Not use proxy
2022-12-22 11:35:56.206	- Info  -	retry login now......
2022-12-22 11:35:56.206	- Info  -	Current client status: 2
2022-12-22 11:35:56.206	- Info  -	send status_changed notify 2
2022-12-22 11:35:56.207	- Info  -	Login task time 0
2022-12-22 11:35:56.221	- Info  -	Do login( type: 2 ) at 379
2022-12-22 11:35:56.221	- Info  -	[http call3] new call id:25, url:https://slapi.oray.net/remote/get-fastcode
2022-12-22 11:35:56.237	- Info  -	[http call3] id:25 create new connection : https://slapi.oray.net:443
2022-12-22 11:35:56.238	* Error *	[oray][erroCode] errorcode=ORAY_ERROR_DOMAIN_RESOLVED_FAILED(57394), product=0, type=3, inner code=50 [CSockConnector::ConnectSock:229]
2022-12-22 11:35:58.802	- Info  -	[ServiceEx] the service control is 13
2022-12-22 11:35:58.802	- Info  -	SERVICE_CONTROL_POWEREVENT************dwEventType:10
2022-12-22 11:36:08.386	- Info  -	[ServiceEx] the service control is 13
2022-12-22 11:36:08.386	- Info  -	SERVICE_CONTROL_POWEREVENT************dwEventType:10
2022-12-22 11:36:16.048	- Info  -	[ServiceEx] the service control is 13
2022-12-22 11:36:16.048	- Info  -	SERVICE_CONTROL_POWEREVENT************dwEventType:10
2022-12-22 11:36:23.712	- Info  -	[ServiceEx] the service control is 13
2022-12-22 11:36:23.712	- Info  -	SERVICE_CONTROL_POWEREVENT************dwEventType:10
2022-12-22 11:36:26.238	- Info  -	[http call3] disconnect, error( 0 )
2022-12-22 11:36:26.238	- Info  -	[http call3] disconnect id:25, error( 0 )
2022-12-22 11:36:26.238	* Error *	GetFastcode failed! error:-1, msg:net error
2022-12-22 11:36:26.238	- Info  -	Current client status: 0
2022-12-22 11:36:26.238	- Info  -	send status_changed notify 0
2022-12-22 11:36:26.238	- Info  -	[OnLogout start]
2022-12-22 11:36:26.239	- Info  -	[service] stop all projections
2022-12-22 11:36:26.239	- Info  -	[OnLogout end]
2022-12-22 11:36:26.246	- Info  -	[MICRO LIVE] shell send close micro_live_plugin
2022-12-22 11:36:31.378	- Info  -	[ServiceEx] the service control is 13
2022-12-22 11:36:31.378	- Info  -	SERVICE_CONTROL_POWEREVENT************dwEventType:10
2022-12-22 11:36:39.043	- Info  -	[ServiceEx] the service control is 13
2022-12-22 11:36:39.043	- Info  -	SERVICE_CONTROL_POWEREVENT************dwEventType:10
2022-12-22 11:36:48.622	- Info  -	[ServiceEx] the service control is 13
2022-12-22 11:36:48.622	- Info  -	SERVICE_CONTROL_POWEREVENT************dwEventType:10
2022-12-22 11:36:56.288	- Info  -	[ServiceEx] the service control is 13
2022-12-22 11:36:56.288	- Info  -	SERVICE_CONTROL_POWEREVENT************dwEventType:10
2022-12-22 11:37:03.951	- Info  -	[ServiceEx] the service control is 13
2022-12-22 11:37:03.951	- Info  -	SERVICE_CONTROL_POWEREVENT************dwEventType:10
2022-12-22 11:37:11.609	- Info  -	[ServiceEx] the service control is 13
2022-12-22 11:37:11.609	- Info  -	SERVICE_CONTROL_POWEREVENT************dwEventType:10
2022-12-22 11:37:21.186	- Info  -	[ServiceEx] the service control is 13
2022-12-22 11:37:21.186	- Info  -	SERVICE_CONTROL_POWEREVENT************dwEventType:10
2022-12-22 11:37:28.846	- Info  -	[ServiceEx] the service control is 13
2022-12-22 11:37:28.846	- Info  -	SERVICE_CONTROL_POWEREVENT************dwEventType:10
2022-12-22 11:37:36.506	- Info  -	[ServiceEx] the service control is 13
2022-12-22 11:37:36.506	- Info  -	SERVICE_CONTROL_POWEREVENT************dwEventType:10
2022-12-22 11:37:44.168	- Info  -	[ServiceEx] the service control is 13
2022-12-22 11:37:44.168	- Info  -	SERVICE_CONTROL_POWEREVENT************dwEventType:10
2022-12-22 11:37:53.745	- Info  -	[ServiceEx] the service control is 13
2022-12-22 11:37:53.745	- Info  -	SERVICE_CONTROL_POWEREVENT************dwEventType:10
2022-12-22 11:38:01.407	- Info  -	[ServiceEx] the service control is 13
2022-12-22 11:38:01.407	- Info  -	SERVICE_CONTROL_POWEREVENT************dwEventType:10
2022-12-22 11:38:09.069	- Info  -	[ServiceEx] the service control is 13
2022-12-22 11:38:09.070	- Info  -	SERVICE_CONTROL_POWEREVENT************dwEventType:10
2022-12-22 11:38:16.729	- Info  -	[ServiceEx] the service control is 13
2022-12-22 11:38:16.729	- Info  -	SERVICE_CONTROL_POWEREVENT************dwEventType:10
2022-12-22 11:38:24.388	- Info  -	[ServiceEx] the service control is 13
2022-12-22 11:38:24.388	- Info  -	SERVICE_CONTROL_POWEREVENT************dwEventType:10
2022-12-22 11:38:27.290	- Info  -	[localserver] Not use proxy
2022-12-22 11:38:27.290	- Info  -	retry login now......
2022-12-22 11:38:27.290	- Info  -	Current client status: 2
2022-12-22 11:38:27.290	- Info  -	send status_changed notify 2
2022-12-22 11:38:27.291	- Info  -	Login task time 0
2022-12-22 11:38:27.305	- Info  -	Do login( type: 2 ) at 379
2022-12-22 11:38:27.305	- Info  -	[http call3] new call id:26, url:https://slapi.oray.net/remote/get-fastcode
2022-12-22 11:38:27.321	- Info  -	[http call3] id:26 create new connection : https://slapi.oray.net:443
2022-12-22 11:38:27.322	* Error *	[oray][erroCode] errorcode=ORAY_ERROR_DOMAIN_RESOLVED_FAILED(57394), product=0, type=3, inner code=50 [CSockConnector::ConnectSock:229]
2022-12-22 11:38:33.964	- Info  -	[ServiceEx] the service control is 13
2022-12-22 11:38:33.964	- Info  -	SERVICE_CONTROL_POWEREVENT************dwEventType:10
2022-12-22 11:38:41.625	- Info  -	[ServiceEx] the service control is 13
2022-12-22 11:38:41.625	- Info  -	SERVICE_CONTROL_POWEREVENT************dwEventType:10
2022-12-22 11:38:49.286	- Info  -	[ServiceEx] the service control is 13
2022-12-22 11:38:49.286	- Info  -	SERVICE_CONTROL_POWEREVENT************dwEventType:10
2022-12-22 11:38:56.946	- Info  -	[ServiceEx] the service control is 13
2022-12-22 11:38:56.946	- Info  -	SERVICE_CONTROL_POWEREVENT************dwEventType:10
2022-12-22 11:38:57.311	- Info  -	[http call3] disconnect, error( 0 )
2022-12-22 11:38:57.311	- Info  -	[http call3] disconnect id:26, error( 0 )
2022-12-22 11:38:57.311	* Error *	GetFastcode failed! error:-1, msg:net error
2022-12-22 11:38:57.311	- Info  -	Current client status: 0
2022-12-22 11:38:57.311	- Info  -	send status_changed notify 0
2022-12-22 11:38:57.311	- Info  -	[OnLogout start]
2022-12-22 11:38:57.312	- Info  -	[service] stop all projections
2022-12-22 11:38:57.312	- Info  -	[OnLogout end]
2022-12-22 11:38:57.317	- Info  -	[MICRO LIVE] shell send close micro_live_plugin
2022-12-22 11:39:04.611	- Info  -	[ServiceEx] the service control is 13
2022-12-22 11:39:04.611	- Info  -	SERVICE_CONTROL_POWEREVENT************dwEventType:10
2022-12-22 11:39:14.190	- Info  -	[ServiceEx] the service control is 13
2022-12-22 11:39:14.190	- Info  -	SERVICE_CONTROL_POWEREVENT************dwEventType:10
2022-12-22 11:39:21.853	- Info  -	[ServiceEx] the service control is 13
2022-12-22 11:39:21.853	- Info  -	SERVICE_CONTROL_POWEREVENT************dwEventType:10
2022-12-22 11:39:29.511	- Info  -	[ServiceEx] the service control is 13
2022-12-22 11:39:29.511	- Info  -	SERVICE_CONTROL_POWEREVENT************dwEventType:10
2022-12-22 11:39:39.086	- Info  -	[ServiceEx] the service control is 13
2022-12-22 11:39:39.086	- Info  -	SERVICE_CONTROL_POWEREVENT************dwEventType:10
2022-12-22 11:39:46.753	- Info  -	[ServiceEx] the service control is 13
2022-12-22 11:39:46.753	- Info  -	SERVICE_CONTROL_POWEREVENT************dwEventType:10
2022-12-22 11:39:54.411	- Info  -	[ServiceEx] the service control is 13
2022-12-22 11:39:54.411	- Info  -	SERVICE_CONTROL_POWEREVENT************dwEventType:10
2022-12-22 11:40:02.073	- Info  -	[ServiceEx] the service control is 13
2022-12-22 11:40:02.073	- Info  -	SERVICE_CONTROL_POWEREVENT************dwEventType:10
2022-12-22 11:40:09.862	- Info  -	[ServiceEx] the service control is 13
2022-12-22 11:40:09.862	- Info  -	SERVICE_CONTROL_POWEREVENT************dwEventType:10
2022-12-22 11:40:19.315	- Info  -	[ServiceEx] the service control is 13
2022-12-22 11:40:19.315	- Info  -	SERVICE_CONTROL_POWEREVENT************dwEventType:10
2022-12-22 11:40:26.986	- Info  -	[ServiceEx] the service control is 13
2022-12-22 11:40:26.986	- Info  -	SERVICE_CONTROL_POWEREVENT************dwEventType:10
2022-12-22 11:40:34.677	- Info  -	[ServiceEx] the service control is 13
2022-12-22 11:40:34.677	- Info  -	SERVICE_CONTROL_POWEREVENT************dwEventType:10
2022-12-22 11:40:42.297	- Info  -	[ServiceEx] the service control is 13
2022-12-22 11:40:42.297	- Info  -	SERVICE_CONTROL_POWEREVENT************dwEventType:10
2022-12-22 11:40:49.958	- Info  -	[ServiceEx] the service control is 13
2022-12-22 11:40:49.958	- Info  -	SERVICE_CONTROL_POWEREVENT************dwEventType:10
2022-12-22 11:40:58.428	- Info  -	[localserver] Not use proxy
2022-12-22 11:40:58.428	- Info  -	retry login now......
2022-12-22 11:40:58.428	- Info  -	Current client status: 2
2022-12-22 11:40:58.429	- Info  -	send status_changed notify 2
2022-12-22 11:40:58.430	- Info  -	Login task time 0
2022-12-22 11:40:58.443	- Info  -	Do login( type: 2 ) at 379
2022-12-22 11:40:58.443	- Info  -	[http call3] new call id:27, url:https://slapi.oray.net/remote/get-fastcode
2022-12-22 11:40:58.444	- Info  -	[http call3] id:27 create new connection : https://slapi.oray.net:443
2022-12-22 11:40:58.460	- Info  -	attempt to connect server slapi.oray.net:443(121.40.200.192:443)
2022-12-22 11:40:58.705	- Info  -	[http call3] id:27, url:https://slapi.oray.net/remote/get-fastcode, status code:200
2022-12-22 11:40:58.720	- Info  -	attempt to connect server rc10-fc12.oray.com:443(47.111.1.108:443)
2022-12-22 11:40:58.845	- Info  -	[service] attempted logon
2022-12-22 11:40:58.883	- Info  -	[service] logon server OK. public ip:183.217.165.82
2022-12-22 11:40:58.913	- Info  -	[online] attempted client online
2022-12-22 11:40:58.946	- Info  -	[online] client online OK.
2022-12-22 11:40:58.947	- Info  -	[online] received name:default , description:default .
2022-12-22 11:40:58.960	- Info  -	[service] attempted register client to server
2022-12-22 11:40:58.989	- Info  -	[service] registered client to server
2022-12-22 11:40:58.990	- Info  -	[http call3] new call id:28, url:https://sl-log.oray.net/slclientlog
2022-12-22 11:40:58.990	- Info  -	Current client status: 1
2022-12-22 11:40:58.990	- Info  -	send status_changed notify 1
2022-12-22 11:40:59.001	- Info  -	[http call3] id:28 create new connection : https://sl-log.oray.net:443
2022-12-22 11:40:59.020	- Info  -	attempt to connect server sl-log.oray.net:443(47.97.106.171:443)
2022-12-22 11:40:59.035	- Info  -	[discover] Client NotifyDiscover type=5
2022-12-22 11:40:59.049	- Info  -	[OnLogin start]
2022-12-22 11:40:59.073	- Info  -	[OnLogin end]
2022-12-22 11:40:59.116	- Info  -	[OnLogin] WaittingTask Start
2022-12-22 11:40:59.182	- Info  -	Set auto_run : true
2022-12-22 11:40:59.297	- Info  -	[http call3] id:28, url:https://sl-log.oray.net/slclientlog, status code:200
2022-12-22 11:40:59.353	- Info  -	[OnLogin] WaittingTask end
2022-12-22 11:40:59.571	- Info  -	[ServiceEx] the service control is 13
2022-12-22 11:40:59.571	- Info  -	SERVICE_CONTROL_POWEREVENT************dwEventType:10
2022-12-22 11:41:07.216	- Info  -	[ServiceEx] the service control is 13
2022-12-22 11:41:07.216	- Info  -	SERVICE_CONTROL_POWEREVENT************dwEventType:10
2022-12-22 11:41:13.704	* Error *	SSLStream::IsWantReadWrite|peer(121.40.200.192:443), SSL_read failed( 6 ), error:00000000:lib(0):func(0):reason(0), file( ..\includes\common\phstream\SSLStream.cpp:1898 )
2022-12-22 11:41:13.705	- Info  -	[http call3] disconnect, error( 0 )
2022-12-22 11:41:14.867	- Info  -	[ServiceEx] the service control is 13
2022-12-22 11:41:14.867	- Info  -	SERVICE_CONTROL_POWEREVENT************dwEventType:10
2022-12-22 11:41:24.438	- Info  -	[ServiceEx] the service control is 13
2022-12-22 11:41:24.438	- Info  -	SERVICE_CONTROL_POWEREVENT************dwEventType:10
2022-12-22 11:41:29.308	* Error *	SSLStream::IsWantReadWrite|peer(47.97.106.171:443), SSL_read failed( 6 ), error:00000000:lib(0):func(0):reason(0), file( ..\includes\common\phstream\SSLStream.cpp:1898 )
2022-12-22 11:41:29.309	- Info  -	[http call3] disconnect, error( 0 )
2022-12-22 11:41:32.103	- Info  -	[ServiceEx] the service control is 13
2022-12-22 11:41:32.103	- Info  -	SERVICE_CONTROL_POWEREVENT************dwEventType:10
2022-12-22 11:41:39.764	- Info  -	[ServiceEx] the service control is 13
2022-12-22 11:41:39.764	- Info  -	SERVICE_CONTROL_POWEREVENT************dwEventType:10
2022-12-22 11:41:47.436	- Info  -	[ServiceEx] the service control is 13
2022-12-22 11:41:47.436	- Info  -	SERVICE_CONTROL_POWEREVENT************dwEventType:10
2022-12-22 11:41:55.100	- Info  -	[ServiceEx] the service control is 13
2022-12-22 11:41:55.101	- Info  -	SERVICE_CONTROL_POWEREVENT************dwEventType:10
2022-12-22 11:42:04.674	- Info  -	[ServiceEx] the service control is 13
2022-12-22 11:42:04.674	- Info  -	SERVICE_CONTROL_POWEREVENT************dwEventType:10
2022-12-22 11:42:12.343	- Info  -	[ServiceEx] the service control is 13
2022-12-22 11:42:12.343	- Info  -	SERVICE_CONTROL_POWEREVENT************dwEventType:10
2022-12-22 11:42:20.010	- Info  -	[ServiceEx] the service control is 13
2022-12-22 11:42:20.010	- Info  -	SERVICE_CONTROL_POWEREVENT************dwEventType:10
2022-12-22 11:42:27.682	- Info  -	[ServiceEx] the service control is 13
2022-12-22 11:42:27.683	- Info  -	SERVICE_CONTROL_POWEREVENT************dwEventType:10
2022-12-22 11:42:35.344	- Info  -	[ServiceEx] the service control is 13
2022-12-22 11:42:35.344	- Info  -	SERVICE_CONTROL_POWEREVENT************dwEventType:10
2022-12-22 11:42:44.931	- Info  -	[ServiceEx] the service control is 13
2022-12-22 11:42:44.931	- Info  -	SERVICE_CONTROL_POWEREVENT************dwEventType:10
2022-12-22 11:42:52.595	- Info  -	[ServiceEx] the service control is 13
2022-12-22 11:42:52.595	- Info  -	SERVICE_CONTROL_POWEREVENT************dwEventType:10
2022-12-22 11:43:00.254	- Info  -	[ServiceEx] the service control is 13
2022-12-22 11:43:00.254	- Info  -	SERVICE_CONTROL_POWEREVENT************dwEventType:10
2022-12-22 11:43:09.840	- Info  -	[ServiceEx] the service control is 13
2022-12-22 11:43:09.840	- Info  -	SERVICE_CONTROL_POWEREVENT************dwEventType:10
2022-12-22 11:43:17.500	- Info  -	[ServiceEx] the service control is 13
2022-12-22 11:43:17.500	- Info  -	SERVICE_CONTROL_POWEREVENT************dwEventType:10
2022-12-22 11:43:25.165	- Info  -	[ServiceEx] the service control is 13
2022-12-22 11:43:25.165	- Info  -	SERVICE_CONTROL_POWEREVENT************dwEventType:10
2022-12-22 11:43:32.834	- Info  -	[ServiceEx] the service control is 13
2022-12-22 11:43:32.834	- Info  -	SERVICE_CONTROL_POWEREVENT************dwEventType:10
2022-12-22 11:43:40.502	- Info  -	[ServiceEx] the service control is 13
2022-12-22 11:43:40.502	- Info  -	SERVICE_CONTROL_POWEREVENT************dwEventType:10
2022-12-22 11:43:50.084	- Info  -	[ServiceEx] the service control is 13
2022-12-22 11:43:50.085	- Info  -	SERVICE_CONTROL_POWEREVENT************dwEventType:10
2022-12-22 11:43:57.764	- Info  -	[ServiceEx] the service control is 13
2022-12-22 11:43:57.764	- Info  -	SERVICE_CONTROL_POWEREVENT************dwEventType:10
2022-12-22 11:44:05.418	- Info  -	[ServiceEx] the service control is 13
2022-12-22 11:44:05.418	- Info  -	SERVICE_CONTROL_POWEREVENT************dwEventType:10
2022-12-22 11:44:13.085	- Info  -	[ServiceEx] the service control is 13
2022-12-22 11:44:13.085	- Info  -	SERVICE_CONTROL_POWEREVENT************dwEventType:10
2022-12-22 11:44:20.771	- Info  -	[ServiceEx] the service control is 13
2022-12-22 11:44:20.772	- Info  -	SERVICE_CONTROL_POWEREVENT************dwEventType:10
2022-12-22 11:44:28.415	- Info  -	[ServiceEx] the service control is 13
2022-12-22 11:44:28.416	- Info  -	SERVICE_CONTROL_POWEREVENT************dwEventType:10
2022-12-22 11:44:37.995	- Info  -	[ServiceEx] the service control is 13
2022-12-22 11:44:37.995	- Info  -	SERVICE_CONTROL_POWEREVENT************dwEventType:10
2022-12-22 11:44:45.661	- Info  -	[ServiceEx] the service control is 13
2022-12-22 11:44:45.661	- Info  -	SERVICE_CONTROL_POWEREVENT************dwEventType:10
2022-12-22 11:44:55.275	- Info  -	[ServiceEx] the service control is 13
2022-12-22 11:44:55.275	- Info  -	SERVICE_CONTROL_POWEREVENT************dwEventType:10
2022-12-22 11:45:02.923	- Info  -	[ServiceEx] the service control is 13
2022-12-22 11:45:02.923	- Info  -	SERVICE_CONTROL_POWEREVENT************dwEventType:10
2022-12-22 11:45:10.622	- Info  -	[ServiceEx] the service control is 13
2022-12-22 11:45:10.622	- Info  -	SERVICE_CONTROL_POWEREVENT************dwEventType:10
2022-12-22 11:45:18.241	- Info  -	[ServiceEx] the service control is 13
2022-12-22 11:45:18.242	- Info  -	SERVICE_CONTROL_POWEREVENT************dwEventType:10
2022-12-22 11:45:25.909	- Info  -	[ServiceEx] the service control is 13
2022-12-22 11:45:25.909	- Info  -	SERVICE_CONTROL_POWEREVENT************dwEventType:10
2022-12-22 11:45:33.589	- Info  -	[ServiceEx] the service control is 13
2022-12-22 11:45:33.589	- Info  -	SERVICE_CONTROL_POWEREVENT************dwEventType:10
2022-12-22 11:45:43.168	- Info  -	[ServiceEx] the service control is 13
2022-12-22 11:45:43.168	- Info  -	SERVICE_CONTROL_POWEREVENT************dwEventType:10
2022-12-22 11:45:50.846	- Info  -	[ServiceEx] the service control is 13
2022-12-22 11:45:50.846	- Info  -	SERVICE_CONTROL_POWEREVENT************dwEventType:10
2022-12-22 11:45:58.509	- Info  -	[ServiceEx] the service control is 13
2022-12-22 11:45:58.509	- Info  -	SERVICE_CONTROL_POWEREVENT************dwEventType:10
2022-12-22 11:46:06.164	- Info  -	[ServiceEx] the service control is 13
2022-12-22 11:46:06.165	- Info  -	SERVICE_CONTROL_POWEREVENT************dwEventType:10
2022-12-22 11:46:13.833	- Info  -	[ServiceEx] the service control is 13
2022-12-22 11:46:13.833	- Info  -	SERVICE_CONTROL_POWEREVENT************dwEventType:10
2022-12-22 11:46:23.423	- Info  -	[ServiceEx] the service control is 13
2022-12-22 11:46:23.423	- Info  -	SERVICE_CONTROL_POWEREVENT************dwEventType:10
2022-12-22 11:46:31.102	- Info  -	[ServiceEx] the service control is 13
2022-12-22 11:46:31.102	- Info  -	SERVICE_CONTROL_POWEREVENT************dwEventType:10
2022-12-22 11:46:38.796	- Info  -	[ServiceEx] the service control is 13
2022-12-22 11:46:38.796	- Info  -	SERVICE_CONTROL_POWEREVENT************dwEventType:10
2022-12-22 11:46:48.343	- Info  -	[ServiceEx] the service control is 13
2022-12-22 11:46:48.344	- Info  -	SERVICE_CONTROL_POWEREVENT************dwEventType:10
2022-12-22 11:46:50.358	- Info  -	[ServiceEx] the service control is 13
2022-12-22 11:46:50.358	- Info  -	SERVICE_CONTROL_POWEREVENT************dwEventType:10
2022-12-22 11:57:50.770	- Info  -	[ServiceEx] the service control is 13
2022-12-22 11:57:50.770	- Info  -	SERVICE_CONTROL_POWEREVENT************dwEventType:10
2022-12-22 11:58:06.601	- Info  -	[ServiceEx] the service control is 13
2022-12-22 11:58:06.601	- Info  -	SERVICE_CONTROL_POWEREVENT************dwEventType:4
2022-12-22 11:58:06.601	+Warning+	[service] power event, system is suspending.
2022-12-22 11:58:06.602	- Info  -	Logout ...
2022-12-22 11:58:06.602	- Info  -	[oray][erroCode] errorcode=oray_errorcode(0), product=0, type=0, inner code=0 [CMultiplexLogicStream::Disconnect_impl:121]
2022-12-22 11:58:06.602	- Info  -	[RemoteControl] disconnected server(47.111.1.108:443),error code:0
2022-12-22 11:58:06.608	* Error *	[online] online disconnected,error code:0
2022-12-22 11:58:06.608	- Info  -	[oray][erroCode] errorcode=errorcode(0), product=0, type=0, inner code=0 [COnlineHandler::OnDisconnect:86]
2022-12-22 11:58:06.608	- Info  -	[service] disconnected server(47.111.1.108:443),errorcode:0
2022-12-22 11:58:06.608	- Info  -	curStatus: 0, m_Status: 1
2022-12-22 11:58:06.615	- Info  -	[http call3] new call id:29, url:https://sl-log.oray.net/slclientlog
2022-12-22 11:58:06.615	- Info  -	Current client status: 0
2022-12-22 11:58:06.615	- Info  -	send status_changed notify 0
2022-12-22 11:58:06.615	- Info  -	[OnLogout start]
2022-12-22 11:58:06.616	- Info  -	[service] stop all projections
2022-12-22 11:58:06.616	- Info  -	[OnLogout end]
2022-12-22 11:58:06.635	- Info  -	[MICRO LIVE] shell send close micro_live_plugin
2022-12-22 11:58:06.667	- Info  -	[http call3] id:29 create new connection : https://sl-log.oray.net:443
2022-12-22 11:58:06.736	- Info  -	attempt to connect server sl-log.oray.net:443(47.97.162.230:443)
2022-12-22 11:58:07.136	- Info  -	[http call3] id:29, url:https://sl-log.oray.net/slclientlog, status code:200
2022-12-22 13:29:56.505	+Warning+	[passive:keepalive:] 47.97.162.230:443 disconnect by keepalive timeout(18073484>=12564109+30000)
2022-12-22 13:29:56.505	+Warning+	[oray][erroCode] errorcode=ORAY_ERROR_PHSTREAM_KEEPALIVE_TIMEOUT(57351), product=0, type=3, inner code=7 [CPassiveKeepAliveHandler::Done:141]
2022-12-22 13:29:56.506	- Info  -	[http call3] disconnect, error( 57351 )
2022-12-22 13:30:01.070	- Info  -	[ServiceEx] the service control is 13
2022-12-22 13:30:01.071	- Info  -	SERVICE_CONTROL_POWEREVENT************dwEventType:18
2022-12-22 13:30:01.071	+Warning+	[service] power event, system is resumed.
2022-12-22 13:30:02.185	- Info  -	retry login now......
2022-12-22 13:30:02.185	- Info  -	Current client status: 2
2022-12-22 13:30:02.185	- Info  -	send status_changed notify 2
2022-12-22 13:30:02.186	- Info  -	Login task time 0
2022-12-22 13:30:02.186	- Info  -	[service] retry login by power event
2022-12-22 13:30:02.464	- Info  -	Do login( type: 2 ) at 379
2022-12-22 13:30:02.464	- Info  -	[http call3] new call id:30, url:https://slapi.oray.net/remote/get-fastcode
2022-12-22 13:30:02.468	- Info  -	[http call3] id:30 create new connection : https://slapi.oray.net:443
2022-12-22 13:30:03.294	- Info  -	attempt to connect server slapi.oray.net:443(121.40.200.192:443)
2022-12-22 13:30:04.096	- Info  -	[http call3] id:30, url:https://slapi.oray.net/remote/get-fastcode, status code:200
2022-12-22 13:30:04.367	- Info  -	attempt to connect server rc10-fc11.oray.com:443(120.55.59.130:443)
2022-12-22 13:30:04.884	- Info  -	[ServiceEx] the service control is 13
2022-12-22 13:30:04.884	- Info  -	SERVICE_CONTROL_POWEREVENT************dwEventType:7
2022-12-22 13:30:04.885	+Warning+	[service] power event, system is resumed.
2022-12-22 13:30:04.912	- Info  -	[service] attempted logon
2022-12-22 13:30:04.951	- Info  -	[service] logon server OK. public ip:183.217.165.82
2022-12-22 13:30:04.979	- Info  -	[online] attempted client online
2022-12-22 13:30:05.005	- Info  -	[online] client online OK.
2022-12-22 13:30:05.006	- Info  -	[online] received name:default , description:default .
2022-12-22 13:30:05.016	- Info  -	[service] attempted register client to server
2022-12-22 13:30:05.042	- Info  -	[service] registered client to server
2022-12-22 13:30:05.042	- Info  -	[http call3] new call id:31, url:https://sl-log.oray.net/slclientlog
2022-12-22 13:30:05.042	- Info  -	Current client status: 1
2022-12-22 13:30:05.042	- Info  -	send status_changed notify 1
2022-12-22 13:30:05.058	- Info  -	[http call3] id:31 create new connection : https://sl-log.oray.net:443
2022-12-22 13:30:05.080	- Info  -	[discover] Client NotifyDiscover type=5
2022-12-22 13:30:05.162	- Info  -	[OnLogin start]
2022-12-22 13:30:05.166	- Info  -	[OnLogin end]
2022-12-22 13:30:05.255	- Info  -	attempt to connect server sl-log.oray.net:443(47.97.183.66:443)
2022-12-22 13:30:05.330	- Info  -	[service] retry login by power event
2022-12-22 13:30:05.330	- Info  -	[OnLogin] WaittingTask Start
2022-12-22 13:30:05.686	- Info  -	[http call3] id:31, url:https://sl-log.oray.net/slclientlog, status code:200
2022-12-22 13:30:05.696	- Info  -	Set auto_run : true
2022-12-22 13:30:06.935	- Info  -	[OnLogin] WaittingTask end
2022-12-22 13:30:08.502	- Info  -	[ServiceEx] the service control is 13
2022-12-22 13:30:08.502	- Info  -	SERVICE_CONTROL_POWEREVENT************dwEventType:10
2022-12-22 13:30:19.096	* Error *	SSLStream::IsWantReadWrite|peer(121.40.200.192:443), SSL_read failed( 6 ), error:00000000:lib(0):func(0):reason(0), file( ..\includes\common\phstream\SSLStream.cpp:1898 )
2022-12-22 13:30:19.098	- Info  -	[http call3] disconnect, error( 0 )
2022-12-22 13:30:35.671	* Error *	SSLStream::IsWantReadWrite|peer(47.97.183.66:443), SSL_read failed( 6 ), error:00000000:lib(0):func(0):reason(0), file( ..\includes\common\phstream\SSLStream.cpp:1898 )
2022-12-22 13:30:35.672	- Info  -	[http call3] disconnect, error( 0 )
2022-12-22 15:43:38.266	- Info  -	[ServiceEx] the service control is 13
2022-12-22 15:43:38.267	- Info  -	SERVICE_CONTROL_POWEREVENT************dwEventType:4
2022-12-22 15:43:38.267	+Warning+	[service] power event, system is suspending.
2022-12-22 15:43:38.268	- Info  -	Logout ...
2022-12-22 15:43:38.268	- Info  -	[oray][erroCode] errorcode=oray_errorcode(0), product=0, type=0, inner code=0 [CMultiplexLogicStream::Disconnect_impl:121]
2022-12-22 15:43:38.268	- Info  -	[RemoteControl] disconnected server(120.55.59.130:443),error code:0
2022-12-22 15:43:38.269	* Error *	[online] online disconnected,error code:0
2022-12-22 15:43:38.269	- Info  -	[oray][erroCode] errorcode=errorcode(0), product=0, type=0, inner code=0 [COnlineHandler::OnDisconnect:86]
2022-12-22 15:43:38.269	- Info  -	[service] disconnected server(120.55.59.130:443),errorcode:0
2022-12-22 15:43:38.269	- Info  -	curStatus: 0, m_Status: 1
2022-12-22 15:43:38.270	- Info  -	[http call3] new call id:32, url:https://sl-log.oray.net/slclientlog
2022-12-22 15:43:38.270	- Info  -	Current client status: 0
2022-12-22 15:43:38.270	- Info  -	send status_changed notify 0
2022-12-22 15:43:38.270	- Info  -	[OnLogout start]
2022-12-22 15:43:38.272	- Info  -	[http call3] id:32 create new connection : https://sl-log.oray.net:443
2022-12-22 15:43:38.272	- Info  -	[service] stop all projections
2022-12-22 15:43:38.272	- Info  -	[OnLogout end]
2022-12-22 15:43:38.288	- Info  -	attempt to connect server sl-log.oray.net:443(121.41.32.171:443)
2022-12-22 15:43:38.289	- Info  -	[MICRO LIVE] shell send close micro_live_plugin
2022-12-22 15:43:38.445	- Info  -	[http call3] id:32, url:https://sl-log.oray.net/slclientlog, status code:200
2022-12-22 16:12:21.517	+Warning+	[passive:keepalive:] 121.41.32.171:443 disconnect by keepalive timeout(27818500>=26095421+30000)
2022-12-22 16:12:21.517	+Warning+	[oray][erroCode] errorcode=ORAY_ERROR_PHSTREAM_KEEPALIVE_TIMEOUT(57351), product=0, type=3, inner code=7 [CPassiveKeepAliveHandler::Done:141]
2022-12-22 16:12:21.517	- Info  -	[http call3] disconnect, error( 57351 )
2022-12-22 16:12:24.857	- Info  -	[ServiceEx] the service control is 13
2022-12-22 16:12:24.857	- Info  -	SERVICE_CONTROL_POWEREVENT************dwEventType:18
2022-12-22 16:12:24.857	+Warning+	[service] power event, system is resumed.
2022-12-22 16:12:26.183	- Info  -	retry login now......
2022-12-22 16:12:26.183	- Info  -	Current client status: 2
2022-12-22 16:12:26.183	- Info  -	send status_changed notify 2
2022-12-22 16:12:26.184	- Info  -	Login task time 0
2022-12-22 16:12:26.184	- Info  -	[service] retry login by power event
2022-12-22 16:12:26.197	- Info  -	Do login( type: 2 ) at 379
2022-12-22 16:12:26.198	- Info  -	[http call3] new call id:33, url:https://slapi.oray.net/remote/get-fastcode
2022-12-22 16:12:26.211	- Info  -	[http call3] id:33 create new connection : https://slapi.oray.net:443
2022-12-22 16:12:26.369	- Info  -	attempt to connect server slapi.oray.net:443(121.40.200.192:443)
2022-12-22 16:12:26.952	- Info  -	[ServiceEx] the service control is 13
2022-12-22 16:12:26.952	- Info  -	SERVICE_CONTROL_POWEREVENT************dwEventType:7
2022-12-22 16:12:26.952	+Warning+	[service] power event, system is resumed.
2022-12-22 16:12:26.986	- Info  -	[service] retry login by power event
2022-12-22 16:12:27.133	- Info  -	[http call3] id:33, url:https://slapi.oray.net/remote/get-fastcode, status code:200
2022-12-22 16:12:27.286	- Info  -	attempt to connect server rc10-fc01.oray.com:443(116.62.246.30:443)
2022-12-22 16:12:27.568	- Info  -	[service] attempted logon
2022-12-22 16:12:27.600	- Info  -	[service] logon server OK. public ip:183.217.165.82
2022-12-22 16:12:27.622	- Info  -	[online] attempted client online
2022-12-22 16:12:27.647	- Info  -	[online] client online OK.
2022-12-22 16:12:27.648	- Info  -	[online] received name:default , description:default .
2022-12-22 16:12:27.669	- Info  -	[service] attempted register client to server
2022-12-22 16:12:27.695	- Info  -	[service] registered client to server
2022-12-22 16:12:27.695	- Info  -	[http call3] new call id:34, url:https://sl-log.oray.net/slclientlog
2022-12-22 16:12:27.695	- Info  -	Current client status: 1
2022-12-22 16:12:27.695	- Info  -	send status_changed notify 1
2022-12-22 16:12:27.706	- Info  -	[http call3] id:34 create new connection : https://sl-log.oray.net:443
2022-12-22 16:12:27.724	- Info  -	attempt to connect server sl-log.oray.net:443(121.40.118.44:443)
2022-12-22 16:12:27.739	- Info  -	[discover] Client NotifyDiscover type=5
2022-12-22 16:12:27.774	- Info  -	[OnLogin start]
2022-12-22 16:12:27.778	- Info  -	[OnLogin end]
2022-12-22 16:12:27.792	- Info  -	[OnLogin] WaittingTask Start
2022-12-22 16:12:28.000	- Info  -	[http call3] id:34, url:https://sl-log.oray.net/slclientlog, status code:200
2022-12-22 16:12:28.020	- Info  -	Set auto_run : true
2022-12-22 16:12:28.715	- Info  -	[OnLogin] WaittingTask end
2022-12-22 16:12:42.140	* Error *	SSLStream::IsWantReadWrite|peer(121.40.200.192:443), SSL_read failed( 6 ), error:00000000:lib(0):func(0):reason(0), file( ..\includes\common\phstream\SSLStream.cpp:1898 )
2022-12-22 16:12:42.141	- Info  -	[http call3] disconnect, error( 0 )
2022-12-22 16:12:57.986	* Error *	SSLStream::IsWantReadWrite|peer(121.40.118.44:443), SSL_read failed( 6 ), error:00000000:lib(0):func(0):reason(0), file( ..\includes\common\phstream\SSLStream.cpp:1898 )
2022-12-22 16:12:57.987	- Info  -	[http call3] disconnect, error( 0 )
2022-12-22 16:16:26.076	- Info  -	[ServiceEx] the service control is 13
2022-12-22 16:16:26.076	- Info  -	SERVICE_CONTROL_POWEREVENT************dwEventType:4
2022-12-22 16:16:26.076	+Warning+	[service] power event, system is suspending.
2022-12-22 16:16:26.077	- Info  -	Logout ...
2022-12-22 16:16:26.077	- Info  -	[oray][erroCode] errorcode=oray_errorcode(0), product=0, type=0, inner code=0 [CMultiplexLogicStream::Disconnect_impl:121]
2022-12-22 16:16:26.077	- Info  -	[RemoteControl] disconnected server(116.62.246.30:443),error code:0
2022-12-22 16:16:26.078	* Error *	[online] online disconnected,error code:0
2022-12-22 16:16:26.078	- Info  -	[oray][erroCode] errorcode=errorcode(0), product=0, type=0, inner code=0 [COnlineHandler::OnDisconnect:86]
2022-12-22 16:16:26.078	- Info  -	[service] disconnected server(116.62.246.30:443),errorcode:0
2022-12-22 16:16:26.078	- Info  -	curStatus: 0, m_Status: 1
2022-12-22 16:16:26.078	- Info  -	[http call3] new call id:35, url:https://sl-log.oray.net/slclientlog
2022-12-22 16:16:26.078	- Info  -	Current client status: 0
2022-12-22 16:16:26.078	- Info  -	send status_changed notify 0
2022-12-22 16:16:26.078	- Info  -	[OnLogout start]
2022-12-22 16:16:26.079	- Info  -	[service] stop all projections
2022-12-22 16:16:26.079	- Info  -	[OnLogout end]
2022-12-22 16:16:26.088	- Info  -	[MICRO LIVE] shell send close micro_live_plugin
2022-12-22 16:16:26.094	- Info  -	[http call3] id:35 create new connection : https://sl-log.oray.net:443
2022-12-22 16:16:26.113	- Info  -	attempt to connect server sl-log.oray.net:443(121.40.118.44:443)
2022-12-22 16:16:26.315	- Info  -	[http call3] id:35, url:https://sl-log.oray.net/slclientlog, status code:200
2022-12-22 16:17:37.516	+Warning+	[passive:keepalive:] 121.40.118.44:443 disconnect by keepalive timeout(28134500>=28063296+30000)
2022-12-22 16:17:37.516	+Warning+	[oray][erroCode] errorcode=ORAY_ERROR_PHSTREAM_KEEPALIVE_TIMEOUT(57351), product=0, type=3, inner code=7 [CPassiveKeepAliveHandler::Done:141]
2022-12-22 16:17:37.517	- Info  -	[http call3] disconnect, error( 57351 )
2022-12-22 16:17:40.021	- Info  -	[ServiceEx] the service control is 13
2022-12-22 16:17:40.021	- Info  -	SERVICE_CONTROL_POWEREVENT************dwEventType:7
2022-12-22 16:17:40.022	+Warning+	[service] power event, system is resumed.
2022-12-22 16:17:40.510	- Info  -	retry login now......
2022-12-22 16:17:40.510	- Info  -	Current client status: 2
2022-12-22 16:17:40.510	- Info  -	send status_changed notify 2
2022-12-22 16:17:40.511	- Info  -	Login task time 0
2022-12-22 16:17:40.511	- Info  -	[service] retry login by power event
2022-12-22 16:17:40.679	- Info  -	Do login( type: 2 ) at 379
2022-12-22 16:17:40.680	- Info  -	[http call3] new call id:36, url:https://slapi.oray.net/remote/get-fastcode
2022-12-22 16:17:40.691	- Info  -	[http call3] id:36 create new connection : https://slapi.oray.net:443
2022-12-22 16:17:40.844	- Info  -	attempt to connect server slapi.oray.net:443(121.40.99.129:443)
2022-12-22 16:17:41.228	- Info  -	[http call3] id:36, url:https://slapi.oray.net/remote/get-fastcode, status code:200
2022-12-22 16:17:41.303	- Info  -	attempt to connect server rc10-fc06.oray.com:443(120.26.127.51:443)
2022-12-22 16:17:41.465	- Info  -	[service] attempted logon
2022-12-22 16:17:41.502	- Info  -	[service] logon server OK. public ip:183.217.165.82
2022-12-22 16:17:41.529	- Info  -	[online] attempted client online
2022-12-22 16:17:41.555	- Info  -	[online] client online OK.
2022-12-22 16:17:41.555	- Info  -	[online] received name:default , description:default .
2022-12-22 16:17:41.568	- Info  -	[service] attempted register client to server
2022-12-22 16:17:41.593	- Info  -	[service] registered client to server
2022-12-22 16:17:41.594	- Info  -	[http call3] new call id:37, url:https://sl-log.oray.net/slclientlog
2022-12-22 16:17:41.594	- Info  -	Current client status: 1
2022-12-22 16:17:41.594	- Info  -	send status_changed notify 1
2022-12-22 16:17:41.596	- Info  -	[http call3] id:37 create new connection : https://sl-log.oray.net:443
2022-12-22 16:17:41.635	- Info  -	attempt to connect server sl-log.oray.net:443(47.97.106.171:443)
2022-12-22 16:17:41.639	- Info  -	[discover] Client NotifyDiscover type=5
2022-12-22 16:17:41.699	- Info  -	[OnLogin start]
2022-12-22 16:17:41.704	- Info  -	[OnLogin end]
2022-12-22 16:17:41.753	- Info  -	[OnLogin] WaittingTask Start
2022-12-22 16:17:41.895	- Info  -	Set auto_run : true
2022-12-22 16:17:41.950	- Info  -	[http call3] id:37, url:https://sl-log.oray.net/slclientlog, status code:200
2022-12-22 16:17:42.030	- Info  -	[ServiceEx] the service control is 13
2022-12-22 16:17:42.030	- Info  -	SERVICE_CONTROL_POWEREVENT************dwEventType:18
2022-12-22 16:17:42.030	+Warning+	[service] power event, system is resumed.
2022-12-22 16:17:42.195	- Info  -	[OnLogin] WaittingTask end
2022-12-22 16:17:56.227	* Error *	SSLStream::IsWantReadWrite|peer(121.40.99.129:443), SSL_read failed( 6 ), error:00000000:lib(0):func(0):reason(0), file( ..\includes\common\phstream\SSLStream.cpp:1898 )
2022-12-22 16:17:56.228	- Info  -	[http call3] disconnect, error( 0 )
2022-12-22 16:18:11.951	* Error *	SSLStream::IsWantReadWrite|peer(47.97.106.171:443), SSL_read failed( 6 ), error:00000000:lib(0):func(0):reason(0), file( ..\includes\common\phstream\SSLStream.cpp:1898 )
2022-12-22 16:18:11.951	- Info  -	[http call3] disconnect, error( 0 )
2022-12-22 16:22:23.819	- Info  -	[ServiceEx] the service control is 13
2022-12-22 16:22:23.819	- Info  -	SERVICE_CONTROL_POWEREVENT************dwEventType:4
2022-12-22 16:22:23.819	+Warning+	[service] power event, system is suspending.
2022-12-22 16:22:23.819	- Info  -	Logout ...
2022-12-22 16:22:23.819	- Info  -	[oray][erroCode] errorcode=oray_errorcode(0), product=0, type=0, inner code=0 [CMultiplexLogicStream::Disconnect_impl:121]
2022-12-22 16:22:23.819	- Info  -	[RemoteControl] disconnected server(120.26.127.51:443),error code:0
2022-12-22 16:22:23.820	* Error *	[online] online disconnected,error code:0
2022-12-22 16:22:23.820	- Info  -	[oray][erroCode] errorcode=errorcode(0), product=0, type=0, inner code=0 [COnlineHandler::OnDisconnect:86]
2022-12-22 16:22:23.820	- Info  -	[service] disconnected server(120.26.127.51:443),errorcode:0
2022-12-22 16:22:23.820	- Info  -	curStatus: 0, m_Status: 1
2022-12-22 16:22:23.820	- Info  -	[http call3] new call id:38, url:https://sl-log.oray.net/slclientlog
2022-12-22 16:22:23.820	- Info  -	Current client status: 0
2022-12-22 16:22:23.820	- Info  -	send status_changed notify 0
2022-12-22 16:22:23.820	- Info  -	[OnLogout start]
2022-12-22 16:22:23.821	- Info  -	[service] stop all projections
2022-12-22 16:22:23.821	- Info  -	[OnLogout end]
2022-12-22 16:22:23.836	- Info  -	[MICRO LIVE] shell send close micro_live_plugin
2022-12-22 16:22:23.842	- Info  -	[http call3] id:38 create new connection : https://sl-log.oray.net:443
2022-12-22 16:22:23.864	- Info  -	attempt to connect server sl-log.oray.net:443(47.97.183.66:443)
2022-12-22 16:22:24.250	- Info  -	[http call3] id:38, url:https://sl-log.oray.net/slclientlog, status code:200
2022-12-22 16:22:40.310	- Info  -	[ServiceEx] the service control is 13
2022-12-22 16:22:40.310	- Info  -	SERVICE_CONTROL_POWEREVENT************dwEventType:7
2022-12-22 16:22:40.310	+Warning+	[service] power event, system is resumed.
2022-12-22 16:22:40.398	- Info  -	retry login now......
2022-12-22 16:22:40.398	- Info  -	Current client status: 2
2022-12-22 16:22:40.398	- Info  -	send status_changed notify 2
2022-12-22 16:22:40.399	- Info  -	Login task time 0
2022-12-22 16:22:40.399	- Info  -	[service] retry login by power event
2022-12-22 16:22:40.440	- Info  -	Do login( type: 2 ) at 379
2022-12-22 16:22:40.440	- Info  -	[http call3] new call id:39, url:https://slapi.oray.net/remote/get-fastcode
2022-12-22 16:22:40.451	- Info  -	[http call3] id:39 create new connection : https://slapi.oray.net:443
2022-12-22 16:22:40.453	- Info  -	attempt to connect server slapi.oray.net:443(121.40.200.192:443)
2022-12-22 16:22:41.299	- Info  -	[http call3] id:39, url:https://slapi.oray.net/remote/get-fastcode, status code:200
2022-12-22 16:22:41.466	- Info  -	attempt to connect server rc10-fc10.oray.com:443(121.40.171.186:443)
2022-12-22 16:22:41.797	- Info  -	[service] attempted logon
2022-12-22 16:22:41.804	- Info  -	[ServiceEx] the service control is 13
2022-12-22 16:22:41.804	- Info  -	SERVICE_CONTROL_POWEREVENT************dwEventType:18
2022-12-22 16:22:41.804	+Warning+	[service] power event, system is resumed.
2022-12-22 16:22:41.829	- Info  -	[service] retry login by power event
2022-12-22 16:22:41.846	- Info  -	[service] logon server OK. public ip:183.217.165.82
2022-12-22 16:22:41.876	- Info  -	[online] attempted client online
2022-12-22 16:22:41.907	- Info  -	[online] client online OK.
2022-12-22 16:22:41.908	- Info  -	[online] received name:default , description:default .
2022-12-22 16:22:41.918	- Info  -	[service] attempted register client to server
2022-12-22 16:22:41.949	- Info  -	[service] registered client to server
2022-12-22 16:22:41.949	- Info  -	[http call3] new call id:40, url:https://sl-log.oray.net/slclientlog
2022-12-22 16:22:41.949	- Info  -	Current client status: 1
2022-12-22 16:22:41.949	- Info  -	send status_changed notify 1
2022-12-22 16:22:41.950	- Info  -	[http call3] id:40 use old connection : https://sl-log.oray.net:443
2022-12-22 16:22:41.980	- Info  -	[http call3] id:40, url:https://sl-log.oray.net/slclientlog, status code:200
2022-12-22 16:22:41.991	- Info  -	[discover] Client NotifyDiscover type=5
2022-12-22 16:22:42.020	- Info  -	[OnLogin start]
2022-12-22 16:22:42.024	- Info  -	[OnLogin end]
2022-12-22 16:22:42.028	- Info  -	[OnLogin] WaittingTask Start
2022-12-22 16:22:42.087	- Info  -	Set auto_run : true
2022-12-22 16:22:43.640	- Info  -	[OnLogin] WaittingTask end
2022-12-22 16:22:56.294	* Error *	SSLStream::IsWantReadWrite|peer(121.40.200.192:443), SSL_read failed( 6 ), error:00000000:lib(0):func(0):reason(0), file( ..\includes\common\phstream\SSLStream.cpp:1898 )
2022-12-22 16:22:56.295	- Info  -	[http call3] disconnect, error( 0 )
2022-12-22 16:23:11.981	* Error *	SSLStream::IsWantReadWrite|peer(47.97.183.66:443), SSL_read failed( 6 ), error:00000000:lib(0):func(0):reason(0), file( ..\includes\common\phstream\SSLStream.cpp:1898 )
2022-12-22 16:23:11.982	- Info  -	[http call3] disconnect, error( 0 )
2022-12-22 16:23:54.630	- Info  -	[ServiceEx] the service control is 13
2022-12-22 16:23:54.630	- Info  -	SERVICE_CONTROL_POWEREVENT************dwEventType:4
2022-12-22 16:23:54.630	+Warning+	[service] power event, system is suspending.
2022-12-22 16:23:54.630	- Info  -	Logout ...
2022-12-22 16:23:54.630	- Info  -	[oray][erroCode] errorcode=oray_errorcode(0), product=0, type=0, inner code=0 [CMultiplexLogicStream::Disconnect_impl:121]
2022-12-22 16:23:54.630	- Info  -	[RemoteControl] disconnected server(121.40.171.186:443),error code:0
2022-12-22 16:23:54.632	* Error *	[online] online disconnected,error code:0
2022-12-22 16:23:54.632	- Info  -	[oray][erroCode] errorcode=errorcode(0), product=0, type=0, inner code=0 [COnlineHandler::OnDisconnect:86]
2022-12-22 16:23:54.632	- Info  -	[service] disconnected server(121.40.171.186:443),errorcode:0
2022-12-22 16:23:54.632	- Info  -	curStatus: 0, m_Status: 1
2022-12-22 16:23:54.632	- Info  -	[http call3] new call id:41, url:https://sl-log.oray.net/slclientlog
2022-12-22 16:23:54.632	- Info  -	Current client status: 0
2022-12-22 16:23:54.641	- Info  -	send status_changed notify 0
2022-12-22 16:23:54.641	- Info  -	[OnLogout start]
2022-12-22 16:23:54.641	- Info  -	[http call3] id:41 create new connection : https://sl-log.oray.net:443
2022-12-22 16:23:54.641	- Info  -	[service] stop all projections
2022-12-22 16:23:54.641	- Info  -	[OnLogout end]
2022-12-22 16:23:54.657	- Info  -	[MICRO LIVE] shell send close micro_live_plugin
2022-12-22 16:23:54.698	- Info  -	attempt to connect server sl-log.oray.net:443(47.97.162.230:443)
2022-12-22 16:23:54.956	- Info  -	[http call3] id:41, url:https://sl-log.oray.net/slclientlog, status code:200
2022-12-22 16:24:01.804	- Info  -	[ServiceEx] the service control is 13
2022-12-22 16:24:01.804	- Info  -	SERVICE_CONTROL_POWEREVENT************dwEventType:7
2022-12-22 16:24:01.804	+Warning+	[service] power event, system is resumed.
2022-12-22 16:24:02.065	- Info  -	[ServiceEx] the service control is 13
2022-12-22 16:24:02.065	- Info  -	SERVICE_CONTROL_POWEREVENT************dwEventType:18
2022-12-22 16:24:02.065	+Warning+	[service] power event, system is resumed.
2022-12-22 16:24:02.861	- Info  -	retry login now......
2022-12-22 16:24:02.861	- Info  -	Current client status: 2
2022-12-22 16:24:02.861	- Info  -	send status_changed notify 2
2022-12-22 16:24:02.862	- Info  -	Login task time 0
2022-12-22 16:24:02.862	- Info  -	[service] retry login by power event
2022-12-22 16:24:02.864	- Info  -	[service] retry login by power event
2022-12-22 16:24:02.879	- Info  -	Do login( type: 2 ) at 379
2022-12-22 16:24:02.879	- Info  -	[http call3] new call id:42, url:https://slapi.oray.net/remote/get-fastcode
2022-12-22 16:24:02.882	- Info  -	[http call3] id:42 create new connection : https://slapi.oray.net:443
2022-12-22 16:24:02.911	- Info  -	attempt to connect server slapi.oray.net:443(121.40.99.129:443)
2022-12-22 16:24:03.198	- Info  -	[http call3] id:42, url:https://slapi.oray.net/remote/get-fastcode, status code:200
2022-12-22 16:24:03.256	- Info  -	attempt to connect server rc10-fc05.oray.com:443(47.118.71.166:443)
2022-12-22 16:24:03.428	- Info  -	[service] attempted logon
2022-12-22 16:24:03.478	- Info  -	[service] logon server OK. public ip:183.217.165.82
2022-12-22 16:24:03.544	- Info  -	[online] attempted client online
2022-12-22 16:24:03.569	- Info  -	[online] client online OK.
2022-12-22 16:24:03.570	- Info  -	[online] received name:default , description:default .
2022-12-22 16:24:03.582	- Info  -	[service] attempted register client to server
2022-12-22 16:24:03.606	- Info  -	[service] registered client to server
2022-12-22 16:24:03.606	- Info  -	[http call3] new call id:43, url:https://sl-log.oray.net/slclientlog
2022-12-22 16:24:03.606	- Info  -	Current client status: 1
2022-12-22 16:24:03.607	- Info  -	send status_changed notify 1
2022-12-22 16:24:03.614	- Info  -	[http call3] id:43 use old connection : https://sl-log.oray.net:443
2022-12-22 16:24:03.642	- Info  -	[http call3] id:43, url:https://sl-log.oray.net/slclientlog, status code:200
2022-12-22 16:24:03.645	- Info  -	[discover] Client NotifyDiscover type=5
2022-12-22 16:24:03.692	- Info  -	[OnLogin start]
2022-12-22 16:24:03.698	- Info  -	[OnLogin end]
2022-12-22 16:24:03.703	- Info  -	[OnLogin] WaittingTask Start
2022-12-22 16:24:03.798	- Info  -	Set auto_run : true
2022-12-22 16:24:04.094	- Info  -	[OnLogin] WaittingTask end
2022-12-22 16:24:09.141	- Info  -	[ServiceEx] the service control is 13
2022-12-22 16:24:09.141	- Info  -	SERVICE_CONTROL_POWEREVENT************dwEventType:4
2022-12-22 16:24:09.141	+Warning+	[service] power event, system is suspending.
2022-12-22 16:24:09.141	- Info  -	Logout ...
2022-12-22 16:24:09.141	- Info  -	[oray][erroCode] errorcode=oray_errorcode(0), product=0, type=0, inner code=0 [CMultiplexLogicStream::Disconnect_impl:121]
2022-12-22 16:24:09.141	- Info  -	[RemoteControl] disconnected server(47.118.71.166:443),error code:0
2022-12-22 16:24:09.142	* Error *	[online] online disconnected,error code:0
2022-12-22 16:24:09.142	- Info  -	[oray][erroCode] errorcode=errorcode(0), product=0, type=0, inner code=0 [COnlineHandler::OnDisconnect:86]
2022-12-22 16:24:09.142	- Info  -	[service] disconnected server(47.118.71.166:443),errorcode:0
2022-12-22 16:24:09.142	- Info  -	curStatus: 0, m_Status: 1
2022-12-22 16:24:09.142	- Info  -	[http call3] new call id:44, url:https://sl-log.oray.net/slclientlog
2022-12-22 16:24:09.142	- Info  -	Current client status: 0
2022-12-22 16:24:09.142	- Info  -	send status_changed notify 0
2022-12-22 16:24:09.142	- Info  -	[OnLogout start]
2022-12-22 16:24:09.143	- Info  -	[service] stop all projections
2022-12-22 16:24:09.143	- Info  -	[OnLogout end]
2022-12-22 16:24:09.148	- Info  -	[MICRO LIVE] shell send close micro_live_plugin
2022-12-22 16:24:09.154	- Info  -	[http call3] id:44 use old connection : https://sl-log.oray.net:443
2022-12-22 16:24:09.182	- Info  -	[http call3] id:44, url:https://sl-log.oray.net/slclientlog, status code:200
2022-12-22 16:24:16.273	- Info  -	[ServiceEx] the service control is 13
2022-12-22 16:24:16.274	- Info  -	SERVICE_CONTROL_POWEREVENT************dwEventType:7
2022-12-22 16:24:16.274	+Warning+	[service] power event, system is resumed.
2022-12-22 16:24:16.954	- Info  -	retry login now......
2022-12-22 16:24:16.954	- Info  -	Current client status: 2
2022-12-22 16:24:16.954	- Info  -	send status_changed notify 2
2022-12-22 16:24:16.955	- Info  -	Login task time 0
2022-12-22 16:24:16.955	- Info  -	[service] retry login by power event
2022-12-22 16:24:16.959	- Info  -	Do login( type: 2 ) at 379
2022-12-22 16:24:16.960	- Info  -	[http call3] new call id:45, url:https://slapi.oray.net/remote/get-fastcode
2022-12-22 16:24:16.973	- Info  -	[http call3] id:45 use old connection : https://slapi.oray.net:443
2022-12-22 16:24:17.080	- Info  -	[http call3] id:45, url:https://slapi.oray.net/remote/get-fastcode, status code:200
2022-12-22 16:24:17.248	- Info  -	attempt to connect server rc10-fc12.oray.com:443(47.111.1.108:443)
2022-12-22 16:24:17.554	- Info  -	[service] attempted logon
2022-12-22 16:24:17.594	- Info  -	[service] logon server OK. public ip:183.217.165.82
2022-12-22 16:24:17.624	- Info  -	[online] attempted client online
2022-12-22 16:24:17.655	- Info  -	[online] client online OK.
2022-12-22 16:24:17.656	- Info  -	[online] received name:default , description:default .
2022-12-22 16:24:17.670	- Info  -	[service] attempted register client to server
2022-12-22 16:24:17.700	- Info  -	[service] registered client to server
2022-12-22 16:24:17.700	- Info  -	[http call3] new call id:46, url:https://sl-log.oray.net/slclientlog
2022-12-22 16:24:17.700	- Info  -	Current client status: 1
2022-12-22 16:24:17.700	- Info  -	send status_changed notify 1
2022-12-22 16:24:17.702	- Info  -	[http call3] id:46 use old connection : https://sl-log.oray.net:443
2022-12-22 16:24:17.730	- Info  -	[http call3] id:46, url:https://sl-log.oray.net/slclientlog, status code:200
2022-12-22 16:24:17.740	- Info  -	[discover] Client NotifyDiscover type=5
2022-12-22 16:24:17.821	- Info  -	[OnLogin start]
2022-12-22 16:24:17.825	- Info  -	[OnLogin end]
2022-12-22 16:24:17.833	- Info  -	[OnLogin] WaittingTask Start
2022-12-22 16:24:18.067	- Info  -	Set auto_run : true
2022-12-22 16:24:18.245	- Info  -	[ServiceEx] the service control is 13
2022-12-22 16:24:18.245	- Info  -	SERVICE_CONTROL_POWEREVENT************dwEventType:18
2022-12-22 16:24:18.245	+Warning+	[service] power event, system is resumed.
2022-12-22 16:24:18.878	- Info  -	[OnLogin] WaittingTask end
2022-12-22 16:24:19.337	- Info  -	[ServiceEx] the service control is 13
2022-12-22 16:24:19.337	- Info  -	SERVICE_CONTROL_POWEREVENT************dwEventType:4
2022-12-22 16:24:19.337	+Warning+	[service] power event, system is suspending.
2022-12-22 16:24:19.338	- Info  -	Logout ...
2022-12-22 16:24:19.338	- Info  -	[oray][erroCode] errorcode=oray_errorcode(0), product=0, type=0, inner code=0 [CMultiplexLogicStream::Disconnect_impl:121]
2022-12-22 16:24:19.338	- Info  -	[RemoteControl] disconnected server(47.111.1.108:443),error code:0
2022-12-22 16:24:19.338	* Error *	[online] online disconnected,error code:0
2022-12-22 16:24:19.339	- Info  -	[oray][erroCode] errorcode=errorcode(0), product=0, type=0, inner code=0 [COnlineHandler::OnDisconnect:86]
2022-12-22 16:24:19.339	- Info  -	[service] disconnected server(47.111.1.108:443),errorcode:0
2022-12-22 16:24:19.339	- Info  -	curStatus: 0, m_Status: 1
2022-12-22 16:24:19.339	- Info  -	[http call3] new call id:47, url:https://sl-log.oray.net/slclientlog
2022-12-22 16:24:19.339	- Info  -	Current client status: 0
2022-12-22 16:24:19.339	- Info  -	send status_changed notify 0
2022-12-22 16:24:19.339	- Info  -	[OnLogout start]
2022-12-22 16:24:19.339	- Info  -	[service] stop all projections
2022-12-22 16:24:19.339	- Info  -	[OnLogout end]
2022-12-22 16:24:19.341	- Info  -	[http call3] id:47 use old connection : https://sl-log.oray.net:443
2022-12-22 16:24:19.357	- Info  -	[MICRO LIVE] shell send close micro_live_plugin
2022-12-22 16:24:19.370	- Info  -	[http call3] id:47, url:https://sl-log.oray.net/slclientlog, status code:200
2022-12-22 16:24:29.272	- Info  -	[ServiceEx] the service control is 13
2022-12-22 16:24:29.272	- Info  -	SERVICE_CONTROL_POWEREVENT************dwEventType:18
2022-12-22 16:24:29.272	+Warning+	[service] power event, system is resumed.
2022-12-22 16:24:29.652	- Info  -	retry login now......
2022-12-22 16:24:29.652	- Info  -	Current client status: 2
2022-12-22 16:24:29.652	- Info  -	send status_changed notify 2
2022-12-22 16:24:29.653	- Info  -	Login task time 0
2022-12-22 16:24:29.653	- Info  -	[service] retry login by power event
2022-12-22 16:24:29.667	- Info  -	Do login( type: 2 ) at 379
2022-12-22 16:24:29.667	- Info  -	[http call3] new call id:48, url:https://slapi.oray.net/remote/get-fastcode
2022-12-22 16:24:29.674	- Info  -	[http call3] id:48 use old connection : https://slapi.oray.net:443
2022-12-22 16:24:29.770	- Info  -	[http call3] id:48, url:https://slapi.oray.net/remote/get-fastcode, status code:200
2022-12-22 16:24:30.002	- Info  -	attempt to connect server rc10-fc01.oray.com:443(116.62.246.30:443)
2022-12-22 16:24:30.344	- Info  -	[service] attempted logon
2022-12-22 16:24:30.382	- Info  -	[service] logon server OK. public ip:183.217.165.82
2022-12-22 16:24:30.387	- Info  -	[ServiceEx] the service control is 13
2022-12-22 16:24:30.387	- Info  -	SERVICE_CONTROL_POWEREVENT************dwEventType:7
2022-12-22 16:24:30.387	+Warning+	[service] power event, system is resumed.
2022-12-22 16:24:30.412	- Info  -	[online] attempted client online
2022-12-22 16:24:30.444	- Info  -	[online] client online OK.
2022-12-22 16:24:30.464	- Info  -	[online] received name:default , description:default .
2022-12-22 16:24:30.475	- Info  -	[service] attempted register client to server
2022-12-22 16:24:30.505	- Info  -	[service] retry login by power event
2022-12-22 16:24:30.505	- Info  -	[service] registered client to server
2022-12-22 16:24:30.505	- Info  -	[http call3] new call id:49, url:https://sl-log.oray.net/slclientlog
2022-12-22 16:24:30.505	- Info  -	Current client status: 1
2022-12-22 16:24:30.505	- Info  -	send status_changed notify 1
2022-12-22 16:24:30.517	- Info  -	[http call3] id:49 use old connection : https://sl-log.oray.net:443
2022-12-22 16:24:30.552	- Info  -	[http call3] id:49, url:https://sl-log.oray.net/slclientlog, status code:200
2022-12-22 16:24:30.614	- Info  -	[discover] Client NotifyDiscover type=5
2022-12-22 16:24:30.700	- Info  -	[OnLogin start]
2022-12-22 16:24:30.704	- Info  -	[OnLogin end]
2022-12-22 16:24:30.709	- Info  -	[OnLogin] WaittingTask Start
2022-12-22 16:24:30.856	- Info  -	Set auto_run : true
2022-12-22 16:24:31.753	- Info  -	[OnLogin] WaittingTask end
