2023-04-16 22:21:04.146	- Info  -	version:3.2.1.40406
2023-04-16 22:21:04.200	- Info  -	[dlg_main] on_create
2023-04-16 22:21:04.282	- Info  -	attempt to connect server 127.0.0.1:16308(127.0.0.1:16308)
2023-04-16 22:21:04.315	- Info  -	[shell] OnConnect
2023-04-16 22:21:04.318	- Info  -	[shell] status_changed:0
2023-04-16 22:21:05.347	- Info  -	[dlg_main] init_fastcode_histroy
2023-04-16 22:21:05.381	- Info  -	[http call3] new call id:1, url:https://ddns.oray.com/checkip?clean=1
2023-04-16 22:21:05.381	- Info  -	[dlg_main] on_create end
2023-04-16 22:21:05.385	- Info  -	[http call3] id:1 create new connection : https://ddns.oray.com:443
2023-04-16 22:21:05.390	* Error *	[oray][erroCode] errorcode=ORAY_ERROR_DOMAIN_RESOLVED_FAILED(57394), product=0, type=3, inner code=50 [CSockConnector::ConnectSock:229]
2023-04-16 22:21:11.439	- Info  -	[shell] status_changed:2
2023-04-16 22:21:35.397	- Info  -	[http call3] disconnect, error( 0 )
2023-04-16 22:21:35.398	- Info  -	[http call3] disconnect id:1, error( 0 )
2023-04-16 22:21:41.612	- Info  -	[shell] status_changed:0
2023-04-16 22:23:43.844	- Info  -	[shell] status_changed:2
2023-04-16 22:23:44.789	- Info  -	[shell] status_changed:0
2023-04-16 22:23:47.101	- Info  -	[shell] status_changed:2
2023-04-16 22:23:47.101	- Info  -	[http call3] new call id:2, url:sl-tk.oray.com/track
2023-04-16 22:23:47.102	- Info  -	[http call3] id:2 create new connection : ://sl-tk.oray.com:80
2023-04-16 22:23:47.152	- Info  -	attempt to connect server sl-tk.oray.com:80(47.99.49.172:80)
2023-04-16 22:23:47.284	- Info  -	[http call3] id:2, url:sl-tk.oray.com/track, status code:200
2023-04-16 22:23:47.284	- Info  -	upload data success!
2023-04-16 22:23:47.895	- Info  -	[shell] status_changed:1
2023-04-16 22:23:47.946	- Info  -	sensors init with file: C:/ProgramData/Oray/SunloginClient/sensors/datas
2023-04-16 22:23:47.947	- Info  -	[http call3] new call id:3, url:https://slapi.oray.net/client/free-tips
2023-04-16 22:23:47.957	- Info  -	[http call3] id:3 create new connection : https://slapi.oray.net:443
2023-04-16 22:23:47.966	- Info  -	attempt to connect server slapi.oray.net:443(121.40.200.192:443)
2023-04-16 22:23:48.436	- Info  -	[http call3] id:3, url:https://slapi.oray.net/client/free-tips, status code:200
2023-04-16 22:24:03.408	* Error *	SSLStream::IsWantReadWrite|peer(121.40.200.192:443), SSL_read failed( 6 ), error:00000000:lib(0):func(0):reason(0), file( ..\includes\common\phstream\SSLStream.cpp:1898 )
2023-04-16 22:24:03.408	- Info  -	[http call3] disconnect, error( 0 )
2023-04-16 22:24:24.729	+Warning+	[passive:keepalive:] 47.99.49.172:80 disconnect by keepalive timeout(249781>=212343+30000)
2023-04-16 22:24:24.729	+Warning+	[oray][erroCode] errorcode=ORAY_ERROR_PHSTREAM_KEEPALIVE_TIMEOUT(57351), product=0, type=3, inner code=7 [CPassiveKeepAliveHandler::Done:141]
2023-04-16 22:24:24.729	- Info  -	[http call3] disconnect, error( 57351 )
2023-04-16 23:05:13.634	- Info  -	[shell] status_changed:2
2023-04-16 23:05:13.635	- Info  -	[shell] status_changed:2
2023-04-16 23:05:44.213	- Info  -	[shell] status_changed:0
2023-04-16 23:08:13.079	- Info  -	[shell] status_changed:2
2023-04-16 23:08:43.128	- Info  -	[shell] status_changed:0
2023-04-16 23:10:47.224	- Info  -	[shell] status_changed:2
2023-04-16 23:11:17.258	- Info  -	[shell] status_changed:0
2023-04-16 23:13:18.348	- Info  -	[shell] status_changed:2
2023-04-16 23:13:48.381	- Info  -	[shell] status_changed:0
2023-04-16 23:15:49.403	- Info  -	[shell] status_changed:2
2023-04-16 23:16:19.442	- Info  -	[shell] status_changed:0
2023-04-16 23:18:20.519	- Info  -	[shell] status_changed:2
2023-04-16 23:18:50.567	- Info  -	[shell] status_changed:0
2023-04-16 23:20:51.714	- Info  -	[shell] status_changed:2
2023-04-16 23:21:21.755	- Info  -	[shell] status_changed:0
2023-04-16 23:23:25.020	- Info  -	[shell] status_changed:2
2023-04-16 23:23:55.061	- Info  -	[shell] status_changed:0
2023-04-16 23:25:56.111	- Info  -	[shell] status_changed:2
2023-04-16 23:26:26.140	- Info  -	[shell] status_changed:0
2023-04-16 23:28:27.395	- Info  -	[shell] status_changed:2
2023-04-16 23:28:28.950	- Info  -	[shell] status_changed:1
2023-04-16 23:28:28.967	- Info  -	[http call3] new call id:4, url:https://slapi.oray.net/client/free-tips
2023-04-16 23:28:28.968	- Info  -	[http call3] id:4 create new connection : https://slapi.oray.net:443
2023-04-16 23:28:28.982	- Info  -	attempt to connect server slapi.oray.net:443(121.40.200.192:443)
2023-04-16 23:28:29.339	- Info  -	[http call3] id:4, url:https://slapi.oray.net/client/free-tips, status code:200
2023-04-16 23:28:44.327	* Error *	SSLStream::IsWantReadWrite|peer(121.40.200.192:443), SSL_read failed( 6 ), error:00000000:lib(0):func(0):reason(0), file( ..\includes\common\phstream\SSLStream.cpp:1898 )
2023-04-16 23:28:44.328	- Info  -	[http call3] disconnect, error( 0 )
2023-04-16 23:31:24.288	- Info  -	[shell] status_changed:2
2023-04-16 23:31:24.289	- Info  -	[shell] status_changed:2
2023-04-16 23:31:54.518	- Info  -	[shell] status_changed:0
2023-04-16 23:33:55.884	- Info  -	[shell] status_changed:2
2023-04-16 23:34:25.922	- Info  -	[shell] status_changed:0
2023-04-16 23:36:27.043	- Info  -	[shell] status_changed:2
2023-04-16 23:36:57.094	- Info  -	[shell] status_changed:0
2023-04-16 23:38:58.215	- Info  -	[shell] status_changed:2
2023-04-16 23:39:28.238	- Info  -	[shell] status_changed:0
2023-04-16 23:41:29.291	- Info  -	[shell] status_changed:2
2023-04-16 23:41:59.329	- Info  -	[shell] status_changed:0
2023-04-16 23:44:00.451	- Info  -	[shell] status_changed:2
2023-04-16 23:44:30.481	- Info  -	[shell] status_changed:0
2023-04-16 23:46:31.537	- Info  -	[shell] status_changed:2
2023-04-16 23:47:01.551	- Info  -	[shell] status_changed:0
2023-04-16 23:49:02.629	- Info  -	[shell] status_changed:2
2023-04-16 23:49:32.647	- Info  -	[shell] status_changed:0
2023-04-16 23:51:33.753	- Info  -	[shell] status_changed:2
2023-04-16 23:52:03.793	- Info  -	[shell] status_changed:0
2023-04-16 23:54:04.904	- Info  -	[shell] status_changed:2
2023-04-16 23:54:34.927	- Info  -	[shell] status_changed:0
2023-04-16 23:56:36.034	- Info  -	[shell] status_changed:2
2023-04-16 23:57:06.073	- Info  -	[shell] status_changed:0
2023-04-16 23:59:07.189	- Info  -	[shell] status_changed:2
2023-04-16 23:59:37.229	- Info  -	[shell] status_changed:0
2023-04-17 00:01:53.861	- Info  -	[shell] status_changed:2
2023-04-17 00:02:24.955	- Info  -	[shell] status_changed:0
2023-04-17 00:04:26.212	- Info  -	[shell] status_changed:2
2023-04-17 00:04:56.628	- Info  -	[shell] status_changed:0
2023-04-17 00:06:57.961	- Info  -	[shell] status_changed:2
2023-04-17 00:07:28.004	- Info  -	[shell] status_changed:0
2023-04-17 00:09:29.052	- Info  -	[shell] status_changed:2
2023-04-17 00:09:59.085	- Info  -	[shell] status_changed:0
2023-04-17 00:12:00.370	- Info  -	[shell] status_changed:2
2023-04-17 00:12:30.389	- Info  -	[shell] status_changed:0
2023-04-17 00:14:39.471	- Info  -	[shell] status_changed:2
2023-04-17 00:15:09.652	- Info  -	[shell] status_changed:0
2023-04-17 00:17:18.749	- Info  -	[shell] status_changed:2
2023-04-17 00:17:48.804	- Info  -	[shell] status_changed:0
2023-04-17 00:19:50.596	- Info  -	[shell] status_changed:2
2023-04-17 00:20:20.773	- Info  -	[shell] status_changed:0
2023-04-17 00:22:22.855	- Info  -	[shell] status_changed:2
2023-04-17 00:22:53.224	- Info  -	[shell] status_changed:0
2023-04-17 00:24:58.436	- Info  -	[shell] status_changed:2
2023-04-17 00:25:28.488	- Info  -	[shell] status_changed:0
2023-04-17 00:27:32.116	- Info  -	[shell] status_changed:2
2023-04-17 00:28:02.217	- Info  -	[shell] status_changed:0
2023-04-17 00:30:06.475	- Info  -	[shell] status_changed:2
2023-04-17 00:30:36.551	- Info  -	[shell] status_changed:0
2023-04-17 00:32:38.995	- Info  -	[shell] status_changed:2
2023-04-17 00:33:09.038	- Info  -	[shell] status_changed:0
2023-04-17 00:35:10.413	- Info  -	[shell] status_changed:2
2023-04-17 00:35:40.445	- Info  -	[shell] status_changed:0
2023-04-17 00:37:41.826	- Info  -	[shell] status_changed:2
2023-04-17 00:38:11.875	- Info  -	[shell] status_changed:0
2023-04-17 00:40:13.134	- Info  -	[shell] status_changed:2
2023-04-17 00:40:43.204	- Info  -	[shell] status_changed:0
2023-04-17 00:42:45.237	- Info  -	[shell] status_changed:2
2023-04-17 00:43:15.287	- Info  -	[shell] status_changed:0
2023-04-17 00:45:17.195	- Info  -	[shell] status_changed:2
2023-04-17 00:45:47.215	- Info  -	[shell] status_changed:0
2023-04-17 00:47:48.283	- Info  -	[shell] status_changed:2
2023-04-17 00:48:18.321	- Info  -	[shell] status_changed:0
2023-04-17 00:50:19.447	- Info  -	[shell] status_changed:2
2023-04-17 00:50:49.480	- Info  -	[shell] status_changed:0
2023-04-17 00:52:50.571	- Info  -	[shell] status_changed:2
2023-04-17 00:53:20.603	- Info  -	[shell] status_changed:0
2023-04-17 00:55:21.747	- Info  -	[shell] status_changed:2
2023-04-17 00:55:51.785	- Info  -	[shell] status_changed:0
2023-04-17 00:57:52.909	- Info  -	[shell] status_changed:2
2023-04-17 00:58:22.989	- Info  -	[shell] status_changed:0
2023-04-17 01:00:24.129	- Info  -	[shell] status_changed:2
2023-04-17 01:00:54.131	- Info  -	[shell] status_changed:0
2023-04-17 01:02:55.215	- Info  -	[shell] status_changed:2
2023-04-17 01:03:25.235	- Info  -	[shell] status_changed:0
2023-04-17 01:05:26.632	- Info  -	[shell] status_changed:2
2023-04-17 01:05:56.647	- Info  -	[shell] status_changed:0
2023-04-17 01:07:57.728	- Info  -	[shell] status_changed:2
2023-04-17 01:08:27.769	- Info  -	[shell] status_changed:0
2023-04-17 01:10:28.886	- Info  -	[shell] status_changed:2
2023-04-17 01:10:58.913	- Info  -	[shell] status_changed:0
2023-04-17 01:12:59.932	- Info  -	[shell] status_changed:2
2023-04-17 01:13:29.972	- Info  -	[shell] status_changed:0
2023-04-17 01:15:39.180	- Info  -	[shell] status_changed:2
2023-04-17 01:16:12.053	- Info  -	[shell] status_changed:0
2023-04-17 01:18:17.100	- Info  -	[shell] status_changed:2
2023-04-17 01:18:47.143	- Info  -	[shell] status_changed:0
2023-04-17 08:41:14.174	- Info  -	[shell] status_changed:2
2023-04-17 08:41:44.220	- Info  -	[shell] status_changed:0
2023-04-17 08:43:45.399	- Info  -	[shell] status_changed:2
2023-04-17 08:44:15.426	- Info  -	[shell] status_changed:0
2023-04-17 08:46:16.914	- Info  -	[shell] status_changed:2
2023-04-17 08:46:17.630	- Info  -	[shell] status_changed:1
2023-04-17 08:46:17.655	- Info  -	[http call3] new call id:5, url:https://slapi.oray.net/client/free-tips
2023-04-17 08:46:17.656	- Info  -	[http call3] id:5 create new connection : https://slapi.oray.net:443
2023-04-17 08:46:17.658	- Info  -	attempt to connect server slapi.oray.net:443(121.40.99.129:443)
2023-04-17 08:46:17.870	- Info  -	[http call3] id:5, url:https://slapi.oray.net/client/free-tips, status code:200
2023-04-17 08:46:32.870	* Error *	SSLStream::IsWantReadWrite|peer(121.40.99.129:443), SSL_read failed( 6 ), error:00000000:lib(0):func(0):reason(0), file( ..\includes\common\phstream\SSLStream.cpp:1898 )
2023-04-17 08:46:32.870	- Info  -	[http call3] disconnect, error( 0 )
2023-04-17 10:30:09.226	* Error *	sensors data send failed!
2023-04-17 10:30:44.303	* Error *	sensors data send failed!
2023-04-17 10:30:44.308	- Info  -	[mac] local ip:172.16.77.76
2023-04-17 10:30:44.316	- Info  -	[mac] mac address:02:F4:CF:D2:54:44
2023-04-17 10:30:44.320	- Info  -	[http call3] new call id:6, url:https://slapi.oray.net/remote/get-remoteaddr
2023-04-17 10:30:44.321	- Info  -	[http call3] id:6 create new connection : https://slapi.oray.net:443
2023-04-17 10:30:44.367	- Info  -	attempt to connect server slapi.oray.net:443(121.40.99.129:443)
2023-04-17 10:30:44.572	- Info  -	[http call3] id:6, url:https://slapi.oray.net/remote/get-remoteaddr, status code:200
2023-04-17 10:30:44.574	- Info  -	[http call3] new call id:7, url:https:///cgi-bin/rpc
2023-04-17 10:30:44.574	- Info  -	[http call3] id:7 create new connection : https://:443
2023-04-17 10:30:44.576	- Info  -	attempt to connect server :443(:0)
2023-04-17 10:30:46.622	* Error *	[oray][erroCode] errorcode=ORAY_ERROR_PHSTREAM_EXCEPT(57349), product=0, type=3, inner code=5 [CTCPStreamTask::Done:95]
2023-04-17 10:30:46.622	- Info  -	[http call3] disconnect, error( 57349 )
2023-04-17 10:30:46.622	- Info  -	[http call3] disconnect id:7, error( 57349 )
2023-04-17 10:30:46.622	* Error *	[fastcontrol] get_fastcode_logintype err:-1
2023-04-17 10:30:48.906	* Error *	sensors data send failed!
2023-04-17 10:30:59.572	* Error *	SSLStream::IsWantReadWrite|peer(121.40.99.129:443), SSL_read failed( 6 ), error:00000000:lib(0):func(0):reason(0), file( ..\includes\common\phstream\SSLStream.cpp:1898 )
2023-04-17 10:30:59.572	- Info  -	[http call3] disconnect, error( 0 )
2023-04-17 10:35:39.820	* Error *	sensors data send failed!
2023-04-17 10:35:39.820	- Info  -	[mac] local ip:172.16.77.76
2023-04-17 10:35:39.825	- Info  -	[mac] mac address:02:F4:CF:D2:54:44
2023-04-17 10:35:39.825	- Info  -	[http call3] new call id:8, url:https://slapi.oray.net/remote/get-remoteaddr
2023-04-17 10:35:39.825	- Info  -	[http call3] id:8 create new connection : https://slapi.oray.net:443
2023-04-17 10:35:39.835	- Info  -	attempt to connect server slapi.oray.net:443(121.40.200.192:443)
2023-04-17 10:35:40.076	- Info  -	[http call3] id:8, url:https://slapi.oray.net/remote/get-remoteaddr, status code:200
2023-04-17 10:35:40.077	- Info  -	[http call3] new call id:9, url:https:///cgi-bin/rpc
2023-04-17 10:35:40.077	- Info  -	[http call3] id:9 create new connection : https://:443
2023-04-17 10:35:40.078	- Info  -	attempt to connect server :443(:0)
2023-04-17 10:35:42.126	* Error *	[oray][erroCode] errorcode=ORAY_ERROR_PHSTREAM_EXCEPT(57349), product=0, type=3, inner code=5 [CTCPStreamTask::Done:95]
2023-04-17 10:35:42.126	- Info  -	[http call3] disconnect, error( 57349 )
2023-04-17 10:35:42.126	- Info  -	[http call3] disconnect id:9, error( 57349 )
2023-04-17 10:35:42.126	* Error *	[fastcontrol] get_fastcode_logintype err:-1
2023-04-17 10:35:43.465	* Error *	sensors data send failed!
2023-04-17 10:35:55.073	* Error *	SSLStream::IsWantReadWrite|peer(121.40.200.192:443), SSL_read failed( 6 ), error:00000000:lib(0):func(0):reason(0), file( ..\includes\common\phstream\SSLStream.cpp:1898 )
2023-04-17 10:35:55.073	- Info  -	[http call3] disconnect, error( 0 )
2023-04-17 11:22:07.161	* Error *	sensors data send failed!
2023-04-17 11:22:25.632	* Error *	sensors data send failed!
2023-04-17 11:22:25.646	- Info  -	[mac] local ip:172.16.77.76
2023-04-17 11:22:25.658	- Info  -	[mac] mac address:02:F4:CF:D2:54:44
2023-04-17 11:22:25.675	- Info  -	[http call3] new call id:10, url:https://slapi.oray.net/remote/get-remoteaddr
2023-04-17 11:22:25.686	- Info  -	[http call3] id:10 create new connection : https://slapi.oray.net:443
2023-04-17 11:22:25.745	- Info  -	attempt to connect server slapi.oray.net:443(121.40.99.129:443)
2023-04-17 11:22:26.081	- Info  -	[http call3] id:10, url:https://slapi.oray.net/remote/get-remoteaddr, status code:200
2023-04-17 11:22:26.114	- Info  -	[mac] local ip:172.16.77.76
2023-04-17 11:22:26.120	- Info  -	[mac] mac address:02:F4:CF:D2:54:44
2023-04-17 11:22:26.497	- Info  -	[http call3] new call id:11, url:https://k788008194-971948984ls510f0f01.rc03.oray.com/express_login
2023-04-17 11:22:26.501	- Info  -	[http call3] id:11 create new connection : https://k788008194-971948984ls510f0f01.rc03.oray.com:443
2023-04-17 11:22:26.501	- Info  -	attempt to connect server 1.15.15.81:443(1.15.15.81:443)
2023-04-17 11:22:27.711	- Info  -	[http call3] id:11, url:https://k788008194-971948984ls510f0f01.rc03.oray.com/express_login, status code:200
2023-04-17 11:22:34.576	- Info  -	[http call3] new call id:12, url:sl-tk.oray.com/track
2023-04-17 11:22:34.580	- Info  -	[http call3] id:12 create new connection : ://sl-tk.oray.com:80
2023-04-17 11:22:34.636	- Info  -	attempt to connect server sl-tk.oray.com:80(121.41.73.135:80)
2023-04-17 11:22:34.692	- Info  -	[http call3] id:12, url:sl-tk.oray.com/track, status code:200
2023-04-17 11:22:34.693	- Info  -	upload data success!
2023-04-17 11:22:41.075	* Error *	SSLStream::IsWantReadWrite|peer(121.40.99.129:443), SSL_read failed( 6 ), error:00000000:lib(0):func(0):reason(0), file( ..\includes\common\phstream\SSLStream.cpp:1898 )
2023-04-17 11:22:41.077	- Info  -	[http call3] disconnect, error( 0 )
2023-04-17 11:23:04.023	+Warning+	[passive:keepalive:] 1.15.15.81:443 disconnect by keepalive timeout(46969078>=46932765+30000)
2023-04-17 11:23:04.025	+Warning+	[oray][erroCode] errorcode=ORAY_ERROR_PHSTREAM_KEEPALIVE_TIMEOUT(57351), product=0, type=3, inner code=7 [CPassiveKeepAliveHandler::Done:141]
2023-04-17 11:23:04.026	- Info  -	[http call3] disconnect, error( 57351 )
2023-04-17 11:23:12.164	+Warning+	[passive:keepalive:] 121.41.73.135:80 disconnect by keepalive timeout(46977218>=46939750+30000)
2023-04-17 11:23:12.164	+Warning+	[oray][erroCode] errorcode=ORAY_ERROR_PHSTREAM_KEEPALIVE_TIMEOUT(57351), product=0, type=3, inner code=7 [CPassiveKeepAliveHandler::Done:141]
2023-04-17 11:23:12.165	- Info  -	[http call3] disconnect, error( 57351 )
2023-04-17 11:27:33.985	- Info  -	[http call3] new call id:13, url:sl-tk.oray.com/track
2023-04-17 11:27:33.992	- Info  -	[http call3] id:13 create new connection : ://sl-tk.oray.com:80
2023-04-17 11:27:34.025	- Info  -	attempt to connect server sl-tk.oray.com:80(101.37.23.181:80)
2023-04-17 11:27:34.075	- Info  -	[http call3] id:13, url:sl-tk.oray.com/track, status code:200
2023-04-17 11:27:34.075	- Info  -	upload data success!
2023-04-17 11:28:11.552	+Warning+	[passive:keepalive:] 101.37.23.181:80 disconnect by keepalive timeout(47276609>=47239125+30000)
2023-04-17 11:28:11.552	+Warning+	[oray][erroCode] errorcode=ORAY_ERROR_PHSTREAM_KEEPALIVE_TIMEOUT(57351), product=0, type=3, inner code=7 [CPassiveKeepAliveHandler::Done:141]
2023-04-17 11:28:11.553	- Info  -	[http call3] disconnect, error( 57351 )
2023-04-17 11:32:34.001	- Info  -	[http call3] new call id:14, url:sl-tk.oray.com/track
2023-04-17 11:32:34.002	- Info  -	[http call3] id:14 create new connection : ://sl-tk.oray.com:80
2023-04-17 11:32:34.016	- Info  -	attempt to connect server sl-tk.oray.com:80(47.99.82.95:80)
2023-04-17 11:32:34.069	- Info  -	[http call3] id:14, url:sl-tk.oray.com/track, status code:200
2023-04-17 11:32:34.069	- Info  -	upload data success!
2023-04-17 11:33:11.540	+Warning+	[passive:keepalive:] 47.99.82.95:80 disconnect by keepalive timeout(47576593>=47539125+30000)
2023-04-17 11:33:11.540	+Warning+	[oray][erroCode] errorcode=ORAY_ERROR_PHSTREAM_KEEPALIVE_TIMEOUT(57351), product=0, type=3, inner code=7 [CPassiveKeepAliveHandler::Done:141]
2023-04-17 11:33:11.540	- Info  -	[http call3] disconnect, error( 57351 )
2023-04-17 11:33:26.384	- Info  -	[http call3] new call id:15, url:sl-tk.oray.com/track
2023-04-17 11:33:26.434	- Info  -	[http call3] id:15 create new connection : ://sl-tk.oray.com:80
2023-04-17 11:33:26.527	- Info  -	attempt to connect server sl-tk.oray.com:80(121.40.184.4:80)
2023-04-17 11:33:26.592	- Info  -	[http call3] id:15, url:sl-tk.oray.com/track, status code:200
2023-04-17 11:33:26.592	- Info  -	upload data success!
2023-04-17 11:34:04.057	+Warning+	[passive:keepalive:] 121.40.184.4:80 disconnect by keepalive timeout(47629109>=47591640+30000)
2023-04-17 11:34:04.057	+Warning+	[oray][erroCode] errorcode=ORAY_ERROR_PHSTREAM_KEEPALIVE_TIMEOUT(57351), product=0, type=3, inner code=7 [CPassiveKeepAliveHandler::Done:141]
2023-04-17 11:34:04.057	- Info  -	[http call3] disconnect, error( 57351 )
2023-04-17 20:26:35.329	- Info  -	[shell] status_changed:0
2023-04-18 13:31:12.313	- Info  -	[shell] status_changed:2
2023-04-18 13:31:13.219	- Info  -	[shell] status_changed:1
2023-04-18 13:31:13.268	- Info  -	[http call3] new call id:16, url:https://slapi.oray.net/client/free-tips
2023-04-18 13:31:13.292	- Info  -	[http call3] id:16 create new connection : https://slapi.oray.net:443
2023-04-18 13:31:13.296	- Info  -	attempt to connect server slapi.oray.net:443(121.40.99.129:443)
2023-04-18 13:31:13.509	- Info  -	[http call3] id:16, url:https://slapi.oray.net/client/free-tips, status code:200
2023-04-18 13:31:28.494	* Error *	SSLStream::IsWantReadWrite|peer(121.40.99.129:443), SSL_read failed( 6 ), error:00000000:lib(0):func(0):reason(0), file( ..\includes\common\phstream\SSLStream.cpp:1898 )
2023-04-18 13:31:28.494	- Info  -	[http call3] disconnect, error( 0 )
2023-04-18 17:56:28.911	- Info  -	[shell] status_changed:0
2023-04-26 08:35:09.842	- Info  -	[shell] status_changed:2
2023-04-26 08:36:26.363	- Info  -	[shell] status_changed:1
2023-04-26 08:36:26.435	- Info  -	[http call3] new call id:17, url:https://slapi.oray.net/client/free-tips
2023-04-26 08:36:26.480	- Info  -	[http call3] id:17 create new connection : https://slapi.oray.net:443
2023-04-26 08:36:26.958	- Info  -	attempt to connect server slapi.oray.net:443(121.40.200.192:443)
2023-04-26 08:36:27.183	- Info  -	[http call3] id:17, url:https://slapi.oray.net/client/free-tips, status code:200
2023-04-26 08:36:42.182	* Error *	SSLStream::IsWantReadWrite|peer(121.40.200.192:443), SSL_read failed( 6 ), error:00000000:lib(0):func(0):reason(0), file( ..\includes\common\phstream\SSLStream.cpp:1898 )
2023-04-26 08:36:42.183	- Info  -	[http call3] disconnect, error( 0 )
2023-04-26 13:02:51.102	- Info  -	[shell] status_changed:0
2023-04-27 08:17:01.552	- Info  -	[shell] status_changed:2
2023-04-27 08:17:05.246	- Info  -	[shell] status_changed:1
2023-04-27 08:17:05.272	- Info  -	[http call3] new call id:18, url:https://slapi.oray.net/client/free-tips
2023-04-27 08:17:05.289	- Info  -	[http call3] id:18 create new connection : https://slapi.oray.net:443
2023-04-27 08:17:05.642	- Info  -	attempt to connect server slapi.oray.net:443(121.40.200.192:443)
2023-04-27 08:17:05.822	- Info  -	[http call3] id:18, url:https://slapi.oray.net/client/free-tips, status code:200
2023-04-27 08:17:19.504	* Error *	SSLStream::IsWantReadWrite|peer(121.40.200.192:443), SSL_read failed( 6 ), error:00000000:lib(0):func(0):reason(0), file( ..\includes\common\phstream\SSLStream.cpp:1898 )
2023-04-27 08:17:19.504	- Info  -	[http call3] disconnect, error( 0 )
2023-04-27 09:35:20.576	* Error *	sensors data send failed!
2023-04-27 11:29:02.911	* Error *	sensors data send failed!
2023-04-27 11:29:35.228	* Error *	sensors data send failed!
2023-04-27 11:29:35.240	- Info  -	[mac] local ip:172.16.76.35
2023-04-27 11:29:35.252	- Info  -	[mac] mac address:02:F4:CF:D2:54:44
2023-04-27 11:29:35.269	- Info  -	[http call3] new call id:19, url:https://slapi.oray.net/remote/get-remoteaddr
2023-04-27 11:29:35.279	- Info  -	[http call3] id:19 create new connection : https://slapi.oray.net:443
2023-04-27 11:29:35.301	- Info  -	attempt to connect server slapi.oray.net:443(121.40.99.129:443)
2023-04-27 11:29:35.622	- Info  -	[http call3] id:19, url:https://slapi.oray.net/remote/get-remoteaddr, status code:200
2023-04-27 11:29:35.641	- Info  -	[mac] local ip:172.16.76.35
2023-04-27 11:29:35.646	- Info  -	[mac] mac address:02:F4:CF:D2:54:44
2023-04-27 11:29:35.806	- Info  -	[http call3] new call id:20, url:https://k160647095-704829476ls54be612f.rc03.oray.com/express_login
2023-04-27 11:29:35.812	- Info  -	[http call3] id:20 create new connection : https://k160647095-704829476ls54be612f.rc03.oray.com:443
2023-04-27 11:29:35.812	- Info  -	attempt to connect server 47.97.190.84:443(47.97.190.84:443)
2023-04-27 11:29:36.040	- Info  -	[http call3] id:20, url:https://k160647095-704829476ls54be612f.rc03.oray.com/express_login, status code:200
2023-04-27 11:29:50.611	* Error *	SSLStream::IsWantReadWrite|peer(121.40.99.129:443), SSL_read failed( 6 ), error:00000000:lib(0):func(0):reason(0), file( ..\includes\common\phstream\SSLStream.cpp:1898 )
2023-04-27 11:29:50.611	- Info  -	[http call3] disconnect, error( 0 )
2023-04-27 11:29:51.833	- Info  -	[http call3] new call id:21, url:sl-tk.oray.com/track
2023-04-27 11:29:51.841	- Info  -	[http call3] id:21 create new connection : ://sl-tk.oray.com:80
2023-04-27 11:29:51.854	- Info  -	attempt to connect server sl-tk.oray.com:80(47.99.51.142:80)
2023-04-27 11:29:51.910	- Info  -	[http call3] id:21, url:sl-tk.oray.com/track, status code:200
2023-04-27 11:29:51.911	- Info  -	upload data success!
2023-04-27 11:29:59.381	- Info  -	[http call3] new call id:22, url:sl-tk.oray.com/track
2023-04-27 11:29:59.403	- Info  -	[http call3] id:22 use old connection : ://sl-tk.oray.com:80
2023-04-27 11:29:59.441	- Info  -	[http call3] id:22, url:sl-tk.oray.com/track, status code:200
2023-04-27 11:29:59.441	- Info  -	upload data success!
2023-04-27 11:30:04.029	- Info  -	[http call3] disconnect, error( 0 )
2023-04-27 11:30:13.356	+Warning+	[passive:keepalive:] 47.97.190.84:443 disconnect by keepalive timeout(911410640>=911373328+30000)
2023-04-27 11:30:13.356	+Warning+	[oray][erroCode] errorcode=ORAY_ERROR_PHSTREAM_KEEPALIVE_TIMEOUT(57351), product=0, type=3, inner code=7 [CPassiveKeepAliveHandler::Done:141]
2023-04-27 11:30:13.356	- Info  -	[http call3] disconnect, error( 57351 )
2023-04-27 11:30:41.714	* Error *	sensors data send failed!
2023-04-27 11:30:41.714	- Info  -	[mac] local ip:172.16.76.35
2023-04-27 11:30:41.720	- Info  -	[mac] mac address:02:F4:CF:D2:54:44
2023-04-27 11:30:41.720	- Info  -	[http call3] new call id:23, url:https://slapi.oray.net/remote/get-remoteaddr
2023-04-27 11:30:41.720	- Info  -	[http call3] id:23 create new connection : https://slapi.oray.net:443
2023-04-27 11:30:41.769	- Info  -	attempt to connect server slapi.oray.net:443(121.40.200.192:443)
2023-04-27 11:30:42.075	- Info  -	[http call3] id:23, url:https://slapi.oray.net/remote/get-remoteaddr, status code:200
2023-04-27 11:30:42.078	- Info  -	[mac] local ip:172.16.76.35
2023-04-27 11:30:42.083	- Info  -	[mac] mac address:02:F4:CF:D2:54:44
2023-04-27 11:30:42.315	- Info  -	[http call3] new call id:24, url:https://k160647095-704829476ls54be612f.rc03.oray.com/express_login
2023-04-27 11:30:42.317	- Info  -	[http call3] id:24 create new connection : https://k160647095-704829476ls54be612f.rc03.oray.com:443
2023-04-27 11:30:42.317	- Info  -	attempt to connect server 47.97.190.84:443(47.97.190.84:443)
2023-04-27 11:30:45.199	- Info  -	[http call3] id:24, url:https://k160647095-704829476ls54be612f.rc03.oray.com/express_login, status code:400
2023-04-27 11:30:45.199	* Error *	[fastcontrol] fastcode_expresslogin err:400
2023-04-27 11:30:46.564	* Error *	sensors data send failed!
2023-04-27 11:30:57.080	* Error *	SSLStream::IsWantReadWrite|peer(121.40.200.192:443), SSL_read failed( 6 ), error:00000000:lib(0):func(0):reason(0), file( ..\includes\common\phstream\SSLStream.cpp:1898 )
2023-04-27 11:30:57.080	- Info  -	[http call3] disconnect, error( 0 )
2023-04-27 11:31:19.834	+Warning+	[passive:keepalive:] 47.97.190.84:443 disconnect by keepalive timeout(911477125>=911442468+30000)
2023-04-27 11:31:19.834	+Warning+	[oray][erroCode] errorcode=ORAY_ERROR_PHSTREAM_KEEPALIVE_TIMEOUT(57351), product=0, type=3, inner code=7 [CPassiveKeepAliveHandler::Done:141]
2023-04-27 11:31:19.834	- Info  -	[http call3] disconnect, error( 57351 )
2023-04-27 11:32:56.181	- Info  -	[mac] local ip:172.16.76.35
2023-04-27 11:32:56.186	* Error *	sensors data send failed!
2023-04-27 11:32:56.186	- Info  -	[mac] mac address:02:F4:CF:D2:54:44
2023-04-27 11:32:56.187	- Info  -	[http call3] new call id:25, url:https://slapi.oray.net/remote/get-remoteaddr
2023-04-27 11:32:56.188	- Info  -	[http call3] id:25 create new connection : https://slapi.oray.net:443
2023-04-27 11:32:56.197	- Info  -	attempt to connect server slapi.oray.net:443(121.40.99.129:443)
2023-04-27 11:32:56.398	- Info  -	[http call3] id:25, url:https://slapi.oray.net/remote/get-remoteaddr, status code:200
2023-04-27 11:32:56.405	- Info  -	[mac] local ip:172.16.76.35
2023-04-27 11:32:56.410	- Info  -	[mac] mac address:02:F4:CF:D2:54:44
2023-04-27 11:32:56.558	- Info  -	[http call3] new call id:26, url:https://k160647095-887772151lsd6481f76.rc03.oray.com/express_login
2023-04-27 11:32:56.562	- Info  -	[http call3] id:26 create new connection : https://k160647095-887772151lsd6481f76.rc03.oray.com:443
2023-04-27 11:32:56.562	- Info  -	attempt to connect server 118.31.72.214:443(118.31.72.214:443)
2023-04-27 11:32:56.757	- Info  -	[http call3] id:26, url:https://k160647095-887772151lsd6481f76.rc03.oray.com/express_login, status code:200
2023-04-27 11:32:58.687	- Info  -	[http call3] new call id:27, url:sl-tk.oray.com/track
2023-04-27 11:32:58.689	- Info  -	[http call3] id:27 create new connection : ://sl-tk.oray.com:80
2023-04-27 11:32:58.732	- Info  -	attempt to connect server sl-tk.oray.com:80(116.62.101.24:80)
2023-04-27 11:32:58.792	- Info  -	[http call3] id:27, url:sl-tk.oray.com/track, status code:200
2023-04-27 11:32:58.792	- Info  -	upload data success!
2023-04-27 11:33:11.411	* Error *	SSLStream::IsWantReadWrite|peer(121.40.99.129:443), SSL_read failed( 6 ), error:00000000:lib(0):func(0):reason(0), file( ..\includes\common\phstream\SSLStream.cpp:1898 )
2023-04-27 11:33:11.411	- Info  -	[http call3] disconnect, error( 0 )
2023-04-27 11:33:34.104	+Warning+	[passive:keepalive:] 118.31.72.214:443 disconnect by keepalive timeout(911611390>=911574046+30000)
2023-04-27 11:33:34.104	+Warning+	[oray][erroCode] errorcode=ORAY_ERROR_PHSTREAM_KEEPALIVE_TIMEOUT(57351), product=0, type=3, inner code=7 [CPassiveKeepAliveHandler::Done:141]
2023-04-27 11:33:34.104	- Info  -	[http call3] disconnect, error( 57351 )
2023-04-27 11:33:36.254	+Warning+	[passive:keepalive:] 116.62.101.24:80 disconnect by keepalive timeout(911613546>=911576078+30000)
2023-04-27 11:33:36.254	+Warning+	[oray][erroCode] errorcode=ORAY_ERROR_PHSTREAM_KEEPALIVE_TIMEOUT(57351), product=0, type=3, inner code=7 [CPassiveKeepAliveHandler::Done:141]
2023-04-27 11:33:36.254	- Info  -	[http call3] disconnect, error( 57351 )
2023-04-27 11:34:09.918	- Info  -	[http call3] new call id:28, url:sl-tk.oray.com/track
2023-04-27 11:34:09.920	- Info  -	[http call3] id:28 create new connection : ://sl-tk.oray.com:80
2023-04-27 11:34:09.956	- Info  -	attempt to connect server sl-tk.oray.com:80(121.40.63.86:80)
2023-04-27 11:34:10.015	- Info  -	[http call3] id:28, url:sl-tk.oray.com/track, status code:200
2023-04-27 11:34:10.015	- Info  -	upload data success!
2023-04-27 11:34:47.479	+Warning+	[passive:keepalive:] 121.40.63.86:80 disconnect by keepalive timeout(911684765>=911647296+30000)
2023-04-27 11:34:47.479	+Warning+	[oray][erroCode] errorcode=ORAY_ERROR_PHSTREAM_KEEPALIVE_TIMEOUT(57351), product=0, type=3, inner code=7 [CPassiveKeepAliveHandler::Done:141]
2023-04-27 11:34:47.479	- Info  -	[http call3] disconnect, error( 57351 )
2023-04-27 16:43:01.793	* Error *	sensors data send failed!
2023-04-27 16:43:14.389	* Error *	sensors data send failed!
2023-04-27 16:43:14.399	- Info  -	[mac] local ip:172.16.76.35
2023-04-27 16:43:14.413	- Info  -	[mac] mac address:02:F4:CF:D2:54:44
2023-04-27 16:43:14.430	- Info  -	[http call3] new call id:29, url:https://slapi.oray.net/remote/get-remoteaddr
2023-04-27 16:43:14.443	- Info  -	[http call3] id:29 create new connection : https://slapi.oray.net:443
2023-04-27 16:43:14.467	- Info  -	attempt to connect server slapi.oray.net:443(121.40.99.129:443)
2023-04-27 16:43:14.823	- Info  -	[http call3] id:29, url:https://slapi.oray.net/remote/get-remoteaddr, status code:200
2023-04-27 16:43:14.845	- Info  -	[mac] local ip:172.16.76.35
2023-04-27 16:43:14.849	- Info  -	[mac] mac address:02:F4:CF:D2:54:44
2023-04-27 16:43:15.016	- Info  -	[http call3] new call id:30, url:https://k434266923-1376981768lseb6b3e74.rc03.oray.com/express_login
2023-04-27 16:43:15.022	- Info  -	[http call3] id:30 create new connection : https://k434266923-1376981768lseb6b3e74.rc03.oray.com:443
2023-04-27 16:43:15.022	- Info  -	attempt to connect server 116.62.107.235:443(116.62.107.235:443)
2023-04-27 16:43:15.256	- Info  -	[http call3] id:30, url:https://k434266923-1376981768lseb6b3e74.rc03.oray.com/express_login, status code:200
2023-04-27 16:43:18.573	- Info  -	[http call3] new call id:31, url:sl-tk.oray.com/track
2023-04-27 16:43:18.584	- Info  -	[http call3] id:31 create new connection : ://sl-tk.oray.com:80
2023-04-27 16:43:18.607	- Info  -	attempt to connect server sl-tk.oray.com:80(120.26.107.6:80)
2023-04-27 16:43:18.668	- Info  -	[http call3] id:31, url:sl-tk.oray.com/track, status code:200
2023-04-27 16:43:18.669	- Info  -	upload data success!
2023-04-27 16:43:29.816	* Error *	SSLStream::IsWantReadWrite|peer(121.40.99.129:443), SSL_read failed( 6 ), error:00000000:lib(0):func(0):reason(0), file( ..\includes\common\phstream\SSLStream.cpp:1898 )
2023-04-27 16:43:29.817	- Info  -	[http call3] disconnect, error( 0 )
2023-04-27 16:43:52.559	+Warning+	[passive:keepalive:] 116.62.107.235:443 disconnect by keepalive timeout(930229843>=930192546+30000)
2023-04-27 16:43:52.559	+Warning+	[oray][erroCode] errorcode=ORAY_ERROR_PHSTREAM_KEEPALIVE_TIMEOUT(57351), product=0, type=3, inner code=7 [CPassiveKeepAliveHandler::Done:141]
2023-04-27 16:43:52.559	- Info  -	[http call3] disconnect, error( 57351 )
2023-04-27 16:43:56.134	+Warning+	[passive:keepalive:] 120.26.107.6:80 disconnect by keepalive timeout(930233421>=930195953+30000)
2023-04-27 16:43:56.134	+Warning+	[oray][erroCode] errorcode=ORAY_ERROR_PHSTREAM_KEEPALIVE_TIMEOUT(57351), product=0, type=3, inner code=7 [CPassiveKeepAliveHandler::Done:141]
2023-04-27 16:43:56.134	- Info  -	[http call3] disconnect, error( 57351 )
2023-04-27 16:48:18.271	- Info  -	[http call3] new call id:32, url:sl-tk.oray.com/track
2023-04-27 16:48:18.337	- Info  -	[http call3] id:32 create new connection : ://sl-tk.oray.com:80
2023-04-27 16:48:18.392	- Info  -	attempt to connect server sl-tk.oray.com:80(116.62.45.157:80)
2023-04-27 16:48:18.454	- Info  -	[http call3] id:32, url:sl-tk.oray.com/track, status code:200
2023-04-27 16:48:18.454	- Info  -	upload data success!
2023-04-27 16:48:55.917	+Warning+	[passive:keepalive:] 116.62.45.157:80 disconnect by keepalive timeout(930533203>=930495734+30000)
2023-04-27 16:48:55.917	+Warning+	[oray][erroCode] errorcode=ORAY_ERROR_PHSTREAM_KEEPALIVE_TIMEOUT(57351), product=0, type=3, inner code=7 [CPassiveKeepAliveHandler::Done:141]
2023-04-27 16:48:55.917	- Info  -	[http call3] disconnect, error( 57351 )
2023-04-27 16:52:50.325	- Info  -	[http call3] new call id:33, url:sl-tk.oray.com/track
2023-04-27 16:52:50.326	- Info  -	[http call3] id:33 create new connection : ://sl-tk.oray.com:80
2023-04-27 16:52:50.372	- Info  -	attempt to connect server sl-tk.oray.com:80(47.97.162.104:80)
2023-04-27 16:52:50.432	- Info  -	[http call3] id:33, url:sl-tk.oray.com/track, status code:200
2023-04-27 16:52:50.432	- Info  -	upload data success!
2023-04-27 16:53:27.899	+Warning+	[passive:keepalive:] 47.97.162.104:80 disconnect by keepalive timeout(930805187>=930767718+30000)
2023-04-27 16:53:27.899	+Warning+	[oray][erroCode] errorcode=ORAY_ERROR_PHSTREAM_KEEPALIVE_TIMEOUT(57351), product=0, type=3, inner code=7 [CPassiveKeepAliveHandler::Done:141]
2023-04-27 16:53:27.899	- Info  -	[http call3] disconnect, error( 57351 )
2023-04-27 17:21:30.195	- Info  -	[shell] status_changed:0
2023-04-27 21:46:50.682	- Info  -	[shell] status_changed:2
2023-04-27 21:47:20.717	- Info  -	[shell] status_changed:2
2023-04-27 21:47:20.717	- Info  -	[shell] status_changed:2
2023-04-27 21:47:50.749	- Info  -	[shell] status_changed:0
2023-04-27 21:49:51.777	- Info  -	[shell] status_changed:2
2023-04-27 21:50:21.812	- Info  -	[shell] status_changed:0
2023-04-27 21:52:22.880	- Info  -	[shell] status_changed:2
2023-04-27 21:52:52.918	- Info  -	[shell] status_changed:0
2023-04-27 21:54:53.973	- Info  -	[shell] status_changed:2
2023-04-27 21:55:24.016	- Info  -	[shell] status_changed:0
2023-04-27 21:57:25.087	- Info  -	[shell] status_changed:2
2023-04-27 21:57:55.121	- Info  -	[shell] status_changed:0
2023-04-27 21:59:56.201	- Info  -	[shell] status_changed:2
2023-04-27 22:00:26.232	- Info  -	[shell] status_changed:0
2023-04-27 22:02:27.317	- Info  -	[shell] status_changed:2
2023-04-27 22:02:57.353	- Info  -	[shell] status_changed:0
2023-04-27 22:04:58.438	- Info  -	[shell] status_changed:2
2023-04-27 22:05:28.461	- Info  -	[shell] status_changed:0
2023-04-27 22:07:29.589	- Info  -	[shell] status_changed:2
2023-04-27 22:07:59.623	- Info  -	[shell] status_changed:0
2023-04-27 22:10:00.669	- Info  -	[shell] status_changed:2
2023-04-27 22:10:30.694	- Info  -	[shell] status_changed:0
2023-04-27 22:12:31.772	- Info  -	[shell] status_changed:2
2023-04-27 22:13:01.787	- Info  -	[shell] status_changed:0
2023-04-27 22:15:02.789	- Info  -	[shell] status_changed:2
2023-04-27 22:15:32.825	- Info  -	[shell] status_changed:0
2023-04-27 22:17:33.891	- Info  -	[shell] status_changed:2
2023-04-27 22:18:03.919	- Info  -	[shell] status_changed:0
2023-04-27 22:20:04.968	- Info  -	[shell] status_changed:2
2023-04-27 22:20:34.997	- Info  -	[shell] status_changed:0
2023-04-27 22:22:36.050	- Info  -	[shell] status_changed:2
2023-04-27 22:23:06.087	- Info  -	[shell] status_changed:0
2023-04-27 22:25:07.109	- Info  -	[shell] status_changed:2
2023-04-27 22:25:37.138	- Info  -	[shell] status_changed:0
2023-04-27 22:27:38.179	- Info  -	[shell] status_changed:2
2023-04-27 22:28:08.214	- Info  -	[shell] status_changed:0
2023-04-27 22:30:09.304	- Info  -	[shell] status_changed:2
2023-04-27 22:30:39.348	- Info  -	[shell] status_changed:0
2023-04-27 22:32:40.400	- Info  -	[shell] status_changed:2
2023-04-27 22:33:10.438	- Info  -	[shell] status_changed:0
2023-04-27 22:35:11.516	- Info  -	[shell] status_changed:2
2023-04-27 22:35:41.531	- Info  -	[shell] status_changed:0
2023-04-27 22:37:42.547	- Info  -	[shell] status_changed:2
2023-04-27 22:38:12.576	- Info  -	[shell] status_changed:0
2023-04-27 22:40:13.584	- Info  -	[shell] status_changed:2
2023-04-27 22:40:43.629	- Info  -	[shell] status_changed:0
2023-04-27 22:42:46.080	- Info  -	[shell] status_changed:2
2023-04-27 22:43:16.090	- Info  -	[shell] status_changed:0
2023-04-27 22:45:17.127	- Info  -	[shell] status_changed:2
2023-04-27 22:45:47.176	- Info  -	[shell] status_changed:0
2023-04-27 22:47:48.210	- Info  -	[shell] status_changed:2
2023-04-27 22:48:18.223	- Info  -	[shell] status_changed:0
2023-04-27 22:50:19.275	- Info  -	[shell] status_changed:2
2023-04-27 22:50:49.308	- Info  -	[shell] status_changed:0
2023-04-27 22:52:50.347	- Info  -	[shell] status_changed:2
2023-04-27 22:53:20.381	- Info  -	[shell] status_changed:0
2023-04-27 22:55:21.474	- Info  -	[shell] status_changed:2
2023-04-27 22:55:51.490	- Info  -	[shell] status_changed:0
2023-04-27 22:57:52.560	- Info  -	[shell] status_changed:2
2023-04-27 22:58:22.583	- Info  -	[shell] status_changed:0
2023-04-27 23:00:23.628	- Info  -	[shell] status_changed:2
2023-04-27 23:00:53.673	- Info  -	[shell] status_changed:0
2023-04-27 23:02:54.760	- Info  -	[shell] status_changed:2
2023-04-27 23:03:24.796	- Info  -	[shell] status_changed:0
2023-04-27 23:05:25.888	- Info  -	[shell] status_changed:2
2023-04-27 23:05:55.926	- Info  -	[shell] status_changed:0
2023-04-28 09:24:22.173	- Info  -	[shell] status_changed:2
2023-04-28 09:24:52.198	- Info  -	[shell] status_changed:0
2023-04-28 09:26:53.351	- Info  -	[shell] status_changed:2
2023-04-28 09:27:23.374	- Info  -	[shell] status_changed:0
2023-04-28 09:29:24.420	- Info  -	[shell] status_changed:2
2023-04-28 09:29:54.452	- Info  -	[shell] status_changed:0
2023-04-28 09:31:54.470	- Info  -	[shell] status_changed:2
2023-04-28 09:31:54.999	- Info  -	[shell] status_changed:1
2023-04-28 09:31:55.039	- Info  -	[http call3] new call id:34, url:https://slapi.oray.net/client/free-tips
2023-04-28 09:31:55.041	- Info  -	[http call3] id:34 create new connection : https://slapi.oray.net:443
2023-04-28 09:31:55.044	- Info  -	attempt to connect server slapi.oray.net:443(121.40.200.192:443)
2023-04-28 09:31:55.198	- Info  -	[http call3] id:34, url:https://slapi.oray.net/client/free-tips, status code:200
2023-04-28 09:32:10.204	* Error *	SSLStream::IsWantReadWrite|peer(121.40.200.192:443), SSL_read failed( 6 ), error:00000000:lib(0):func(0):reason(0), file( ..\includes\common\phstream\SSLStream.cpp:1898 )
2023-04-28 09:32:10.205	- Info  -	[http call3] disconnect, error( 0 )
2023-04-28 10:48:33.345	- Info  -	[shell] status_changed:0
2023-04-28 13:54:44.445	- Info  -	[shell] status_changed:2
2023-04-28 13:54:47.655	- Info  -	[shell] status_changed:1
2023-04-28 13:54:47.679	- Info  -	[http call3] new call id:35, url:https://slapi.oray.net/client/free-tips
2023-04-28 13:54:47.680	- Info  -	[http call3] id:35 create new connection : https://slapi.oray.net:443
2023-04-28 13:54:47.681	- Info  -	attempt to connect server slapi.oray.net:443(121.40.99.129:443)
2023-04-28 13:54:47.848	- Info  -	[http call3] id:35, url:https://slapi.oray.net/client/free-tips, status code:200
2023-04-28 13:55:02.851	* Error *	SSLStream::IsWantReadWrite|peer(121.40.99.129:443), SSL_read failed( 6 ), error:00000000:lib(0):func(0):reason(0), file( ..\includes\common\phstream\SSLStream.cpp:1898 )
2023-04-28 13:55:02.851	- Info  -	[http call3] disconnect, error( 0 )
2023-04-28 14:14:57.266	* Error *	sensors data send failed!
2023-04-28 14:15:08.699	* Error *	sensors data send failed!
2023-04-28 14:15:08.699	- Info  -	[mac] local ip:172.16.76.35
2023-04-28 14:15:08.706	- Info  -	[mac] mac address:02:F4:CF:D2:54:44
2023-04-28 14:15:08.707	- Info  -	[http call3] new call id:36, url:https://slapi.oray.net/remote/get-remoteaddr
2023-04-28 14:15:08.709	- Info  -	[http call3] id:36 create new connection : https://slapi.oray.net:443
2023-04-28 14:15:08.723	- Info  -	attempt to connect server slapi.oray.net:443(121.40.99.129:443)
2023-04-28 14:15:08.936	- Info  -	[http call3] id:36, url:https://slapi.oray.net/remote/get-remoteaddr, status code:200
2023-04-28 14:15:08.937	- Info  -	[http call3] new call id:37, url:https:///cgi-bin/rpc
2023-04-28 14:15:08.938	- Info  -	[http call3] id:37 create new connection : https://:443
2023-04-28 14:15:08.940	- Info  -	attempt to connect server :443(:0)
2023-04-28 14:15:10.964	* Error *	[oray][erroCode] errorcode=ORAY_ERROR_PHSTREAM_EXCEPT(57349), product=0, type=3, inner code=5 [CTCPStreamTask::Done:95]
2023-04-28 14:15:10.964	- Info  -	[http call3] disconnect, error( 57349 )
2023-04-28 14:15:10.964	- Info  -	[http call3] disconnect id:37, error( 57349 )
2023-04-28 14:15:10.964	* Error *	[fastcontrol] get_fastcode_logintype err:-1
2023-04-28 14:15:12.023	* Error *	sensors data send failed!
2023-04-28 14:15:23.951	* Error *	SSLStream::IsWantReadWrite|peer(121.40.99.129:443), SSL_read failed( 6 ), error:00000000:lib(0):func(0):reason(0), file( ..\includes\common\phstream\SSLStream.cpp:1898 )
2023-04-28 14:15:23.951	- Info  -	[http call3] disconnect, error( 0 )
2023-04-28 14:15:41.000	- Info  -	[mac] local ip:172.16.76.35
2023-04-28 14:15:41.006	* Error *	sensors data send failed!
2023-04-28 14:15:41.007	- Info  -	[mac] mac address:02:F4:CF:D2:54:44
2023-04-28 14:15:41.009	- Info  -	[http call3] new call id:38, url:https://slapi.oray.net/remote/get-remoteaddr
2023-04-28 14:15:41.010	- Info  -	[http call3] id:38 create new connection : https://slapi.oray.net:443
2023-04-28 14:15:41.059	- Info  -	attempt to connect server slapi.oray.net:443(121.40.99.129:443)
2023-04-28 14:15:41.276	- Info  -	[http call3] id:38, url:https://slapi.oray.net/remote/get-remoteaddr, status code:200
2023-04-28 14:15:41.277	- Info  -	[http call3] new call id:39, url:https:///cgi-bin/rpc
2023-04-28 14:15:41.277	- Info  -	[http call3] id:39 create new connection : https://:443
2023-04-28 14:15:41.278	- Info  -	attempt to connect server :443(:0)
2023-04-28 14:15:43.311	* Error *	[oray][erroCode] errorcode=ORAY_ERROR_PHSTREAM_EXCEPT(57349), product=0, type=3, inner code=5 [CTCPStreamTask::Done:95]
2023-04-28 14:15:43.311	- Info  -	[http call3] disconnect, error( 57349 )
2023-04-28 14:15:43.311	- Info  -	[http call3] disconnect id:39, error( 57349 )
2023-04-28 14:15:43.311	* Error *	[fastcontrol] get_fastcode_logintype err:-1
2023-04-28 14:15:44.389	* Error *	sensors data send failed!
2023-04-28 14:15:56.275	* Error *	SSLStream::IsWantReadWrite|peer(121.40.99.129:443), SSL_read failed( 6 ), error:00000000:lib(0):func(0):reason(0), file( ..\includes\common\phstream\SSLStream.cpp:1898 )
2023-04-28 14:15:56.275	- Info  -	[http call3] disconnect, error( 0 )
2023-04-28 14:26:48.456	- Info  -	[mac] local ip:172.16.76.35
2023-04-28 14:26:48.461	* Error *	sensors data send failed!
2023-04-28 14:26:48.461	- Info  -	[mac] mac address:02:F4:CF:D2:54:44
2023-04-28 14:26:48.461	- Info  -	[http call3] new call id:40, url:https://slapi.oray.net/remote/get-remoteaddr
2023-04-28 14:26:48.462	- Info  -	[http call3] id:40 create new connection : https://slapi.oray.net:443
2023-04-28 14:26:48.489	- Info  -	attempt to connect server slapi.oray.net:443(121.40.200.192:443)
2023-04-28 14:26:48.717	- Info  -	[http call3] id:40, url:https://slapi.oray.net/remote/get-remoteaddr, status code:200
2023-04-28 14:26:48.729	- Info  -	[mac] local ip:172.16.76.35
2023-04-28 14:26:48.735	- Info  -	[mac] mac address:02:F4:CF:D2:54:44
2023-04-28 14:26:48.892	- Info  -	[http call3] new call id:41, url:https://k123453152-1634375785ls34526e2f.rc03.oray.com/express_login
2023-04-28 14:26:48.900	- Info  -	[http call3] id:41 create new connection : https://k123453152-1634375785ls34526e2f.rc03.oray.com:443
2023-04-28 14:26:48.900	- Info  -	attempt to connect server 47.110.82.52:443(47.110.82.52:443)
2023-04-28 14:26:49.117	- Info  -	[http call3] id:41, url:https://k123453152-1634375785ls34526e2f.rc03.oray.com/express_login, status code:200
2023-04-28 14:26:51.387	- Info  -	[http call3] new call id:42, url:sl-tk.oray.com/track
2023-04-28 14:26:51.395	- Info  -	[http call3] id:42 create new connection : ://sl-tk.oray.com:80
2023-04-28 14:26:51.411	- Info  -	attempt to connect server sl-tk.oray.com:80(47.99.51.142:80)
2023-04-28 14:26:51.478	- Info  -	[http call3] id:42, url:sl-tk.oray.com/track, status code:200
2023-04-28 14:26:51.478	- Info  -	upload data success!
2023-04-28 14:27:03.739	* Error *	SSLStream::IsWantReadWrite|peer(121.40.200.192:443), SSL_read failed( 6 ), error:00000000:lib(0):func(0):reason(0), file( ..\includes\common\phstream\SSLStream.cpp:1898 )
2023-04-28 14:27:03.739	- Info  -	[http call3] disconnect, error( 0 )
2023-04-28 14:27:26.453	+Warning+	[passive:keepalive:] 47.110.82.52:443 disconnect by keepalive timeout(1008445468>=1008408125+30000)
2023-04-28 14:27:26.453	+Warning+	[oray][erroCode] errorcode=ORAY_ERROR_PHSTREAM_KEEPALIVE_TIMEOUT(57351), product=0, type=3, inner code=7 [CPassiveKeepAliveHandler::Done:141]
2023-04-28 14:27:26.453	- Info  -	[http call3] disconnect, error( 57351 )
2023-04-28 14:27:28.934	+Warning+	[passive:keepalive:] 47.99.51.142:80 disconnect by keepalive timeout(1008447953>=1008410484+30000)
2023-04-28 14:27:28.934	+Warning+	[oray][erroCode] errorcode=ORAY_ERROR_PHSTREAM_KEEPALIVE_TIMEOUT(57351), product=0, type=3, inner code=7 [CPassiveKeepAliveHandler::Done:141]
2023-04-28 14:27:28.935	- Info  -	[http call3] disconnect, error( 57351 )
2023-04-28 14:31:51.103	- Info  -	[http call3] new call id:43, url:sl-tk.oray.com/track
2023-04-28 14:31:51.104	- Info  -	[http call3] id:43 create new connection : ://sl-tk.oray.com:80
2023-04-28 14:31:51.115	- Info  -	attempt to connect server sl-tk.oray.com:80(121.40.63.86:80)
2023-04-28 14:31:51.164	- Info  -	[http call3] id:43, url:sl-tk.oray.com/track, status code:200
2023-04-28 14:31:51.164	- Info  -	upload data success!
2023-04-28 14:32:28.640	+Warning+	[passive:keepalive:] 121.40.63.86:80 disconnect by keepalive timeout(1008747656>=1008710171+30000)
2023-04-28 14:32:28.640	+Warning+	[oray][erroCode] errorcode=ORAY_ERROR_PHSTREAM_KEEPALIVE_TIMEOUT(57351), product=0, type=3, inner code=7 [CPassiveKeepAliveHandler::Done:141]
2023-04-28 14:32:28.640	- Info  -	[http call3] disconnect, error( 57351 )
2023-04-28 14:33:59.013	- Info  -	[http call3] new call id:44, url:sl-tk.oray.com/track
2023-04-28 14:33:59.014	- Info  -	[http call3] id:44 create new connection : ://sl-tk.oray.com:80
2023-04-28 14:33:59.027	- Info  -	attempt to connect server sl-tk.oray.com:80(112.124.20.98:80)
2023-04-28 14:33:59.106	- Info  -	[http call3] id:44, url:sl-tk.oray.com/track, status code:200
2023-04-28 14:33:59.106	- Info  -	upload data success!
2023-04-28 14:34:36.558	+Warning+	[passive:keepalive:] 112.124.20.98:80 disconnect by keepalive timeout(1008875578>=1008838125+30000)
2023-04-28 14:34:36.558	+Warning+	[oray][erroCode] errorcode=ORAY_ERROR_PHSTREAM_KEEPALIVE_TIMEOUT(57351), product=0, type=3, inner code=7 [CPassiveKeepAliveHandler::Done:141]
2023-04-28 14:34:36.558	- Info  -	[http call3] disconnect, error( 57351 )
