2022-10-21 19:29:49.987	- Info  -	version:3.2.1.40406
2022-10-21 19:29:50.072	* Error *	SSLStream|Remove temp(C:\Windows\TEMP\u1n4.0) file ok
2022-10-21 19:29:50.710	- Info  -	Initialize OK
2022-10-21 19:29:50.710	- Info  -	CAcceptorRaw::set_listener
2022-10-21 19:29:50.710	- Info  -	DesktopAgentServer created with port 0.
2022-10-21 19:29:50.942	* Error *	[udpstack] bind 0.0.0.0:15620 error , errorno = 10048
2022-10-21 19:29:50.942	- Info  -	[service] start listen OK,tcp:0.0.0.0:49675,udp:15731
2022-10-21 19:29:51.075	- Info  -	[discover] Client NotifyDiscover type=5
2022-10-21 19:29:51.177	- Info  -	[localserver] Not use proxy
2022-10-21 19:29:51.218	- Info  -	network error, retrying login server
2022-10-21 19:29:54.245	- Info  -	[mac] local ip:192.168.0.193
2022-10-21 19:29:54.245	- Info  -	[mac] mac address:00:F4:8D:D2:3C:CF
2022-10-21 19:29:54.245	- Info  -	get mac address: 00:F4:8D:D2:3C:CF
2022-10-21 19:29:57.695	- Info  -	os name:Microsoft Windows 10 专业版
2022-10-21 19:29:58.866	- Info  -	m_clientinfo.mac: 00:F4:8D:D2:3C:CF
2022-10-21 19:29:58.965	- Info  -	Current client status: 2
2022-10-21 19:29:58.965	- Info  -	send status_changed notify 2
2022-10-21 19:29:58.965	- Info  -	Login task time 0
2022-10-21 19:29:58.996	- Info  -	Do login( type: 2 ) at 379
2022-10-21 19:29:58.997	- Info  -	[http call3] new call id:1, url:https://slapi.oray.net/remote/get-fastcode
2022-10-21 19:29:59.014	- Info  -	[http call3] id:1 create new connection : https://slapi.oray.net:443
2022-10-21 19:29:59.045	- Info  -	attempt to connect server slapi.oray.net:443(121.40.200.192:443)
2022-10-21 19:29:59.704	- Info  -	[http call3] id:1, url:https://slapi.oray.net/remote/get-fastcode, status code:200
2022-10-21 19:29:59.719	- Info  -	attempt to connect server rc10-fc06.oray.com:443(120.26.127.51:443)
2022-10-21 19:29:59.844	- Info  -	[service] attempted logon
2022-10-21 19:29:59.880	- Info  -	[service] logon server OK. public ip:183.217.164.59
2022-10-21 19:29:59.905	- Info  -	[online] attempted client online
2022-10-21 19:29:59.941	- Info  -	[online] client online OK.
2022-10-21 19:29:59.941	- Info  -	[online] received name:default , description:default .
2022-10-21 19:29:59.945	- Info  -	[service] attempted register client to server
2022-10-21 19:29:59.970	- Info  -	[service] registered client to server
2022-10-21 19:29:59.971	- Info  -	[http call3] new call id:2, url:https://sl-log.oray.net/slclientlog
2022-10-21 19:29:59.971	- Info  -	Current client status: 1
2022-10-21 19:29:59.971	- Info  -	send status_changed notify 1
2022-10-21 19:29:59.977	- Info  -	[http call3] id:2 create new connection : https://sl-log.oray.net:443
2022-10-21 19:29:59.977	- Info  -	[discover] Client NotifyDiscover type=5
2022-10-21 19:30:00.054	- Info  -	[OnLogin start]
2022-10-21 19:30:00.054	- Info  -	[OnLogin end]
2022-10-21 19:30:00.087	- Info  -	[OnLogin] WaittingTask Start
2022-10-21 19:30:00.091	- Info  -	Set auto_run : true
2022-10-21 19:30:00.106	- Info  -	attempt to connect server sl-log.oray.net:443(121.40.118.44:443)
2022-10-21 19:30:00.221	- Info  -	[http call3] id:2, url:https://sl-log.oray.net/slclientlog, status code:200
2022-10-21 19:30:00.246	- Info  -	[OnLogin] WaittingTask end
2022-10-21 19:30:14.703	* Error *	SSLStream::IsWantReadWrite|peer(121.40.200.192:443), SSL_read failed( 6 ), error:00000000:lib(0):func(0):reason(0), file( ..\includes\common\phstream\SSLStream.cpp:1898 )
2022-10-21 19:30:14.703	- Info  -	[http call3] disconnect, error( 0 )
2022-10-21 19:30:27.254	- Info  -	[MICRO LIVE] shell oninitdialog to get microlive info enable = 0 status = 0 timelast = 0
2022-10-21 19:30:30.214	* Error *	SSLStream::IsWantReadWrite|peer(121.40.118.44:443), SSL_read failed( 6 ), error:00000000:lib(0):func(0):reason(0), file( ..\includes\common\phstream\SSLStream.cpp:1898 )
2022-10-21 19:30:30.215	- Info  -	[http call3] disconnect, error( 0 )
2022-10-21 19:31:09.813	- Info  -	[ServiceEx] the service control is 13
2022-10-21 19:31:09.813	- Info  -	SERVICE_CONTROL_POWEREVENT************dwEventType:4
2022-10-21 19:31:09.813	+Warning+	[service] power event, system is suspending.
2022-10-21 19:31:09.813	- Info  -	Logout ...
2022-10-21 19:31:09.814	- Info  -	[oray][erroCode] errorcode=oray_errorcode(0), product=0, type=0, inner code=0 [CMultiplexLogicStream::Disconnect_impl:121]
2022-10-21 19:31:09.814	- Info  -	[RemoteControl] disconnected server(120.26.127.51:443),error code:0
2022-10-21 19:31:09.814	* Error *	[online] online disconnected,error code:0
2022-10-21 19:31:09.814	- Info  -	[oray][erroCode] errorcode=errorcode(0), product=0, type=0, inner code=0 [COnlineHandler::OnDisconnect:86]
2022-10-21 19:31:09.814	- Info  -	[service] disconnected server(120.26.127.51:443),errorcode:0
2022-10-21 19:31:09.814	- Info  -	curStatus: 0, m_Status: 1
2022-10-21 19:31:09.814	- Info  -	[http call3] new call id:3, url:https://sl-log.oray.net/slclientlog
2022-10-21 19:31:09.814	- Info  -	Current client status: 0
2022-10-21 19:31:09.814	- Info  -	send status_changed notify 0
2022-10-21 19:31:09.814	- Info  -	[OnLogout start]
2022-10-21 19:31:09.815	- Info  -	[service] stop all projections
2022-10-21 19:31:09.815	- Info  -	[OnLogout end]
2022-10-21 19:31:09.816	- Info  -	[http call3] id:3 create new connection : https://sl-log.oray.net:443
2022-10-21 19:31:09.827	- Info  -	[MICRO LIVE] shell send close micro_live_plugin
2022-10-21 19:31:09.831	- Info  -	attempt to connect server sl-log.oray.net:443(47.97.183.66:443)
2022-10-21 19:31:09.958	- Info  -	[http call3] id:3, url:https://sl-log.oray.net/slclientlog, status code:200
2022-10-21 20:14:10.523	+Warning+	[passive:keepalive:] 47.97.183.66:443 disconnect by keepalive timeout(2682421>=101859+30000)
2022-10-21 20:14:10.523	+Warning+	[oray][erroCode] errorcode=ORAY_ERROR_PHSTREAM_KEEPALIVE_TIMEOUT(57351), product=0, type=3, inner code=7 [CPassiveKeepAliveHandler::Done:141]
2022-10-21 20:14:10.523	- Info  -	[http call3] disconnect, error( 57351 )
2022-10-21 20:14:12.402	- Info  -	[ServiceEx] the service control is 13
2022-10-21 20:14:12.402	- Info  -	SERVICE_CONTROL_POWEREVENT************dwEventType:18
2022-10-21 20:14:12.402	+Warning+	[service] power event, system is resumed.
2022-10-21 20:14:12.596	- Info  -	retry login now......
2022-10-21 20:14:12.596	- Info  -	Current client status: 2
2022-10-21 20:14:12.596	- Info  -	send status_changed notify 2
2022-10-21 20:14:12.597	- Info  -	Login task time 0
2022-10-21 20:14:12.597	- Info  -	[service] retry login by power event
2022-10-21 20:14:12.598	- Info  -	Do login( type: 2 ) at 379
2022-10-21 20:14:12.599	- Info  -	[http call3] new call id:4, url:https://slapi.oray.net/remote/get-fastcode
2022-10-21 20:14:12.607	- Info  -	[http call3] id:4 create new connection : https://slapi.oray.net:443
2022-10-21 20:14:12.674	- Info  -	attempt to connect server slapi.oray.net:443(121.40.99.129:443)
2022-10-21 20:14:13.085	- Info  -	[http call3] id:4, url:https://slapi.oray.net/remote/get-fastcode, status code:200
2022-10-21 20:14:13.544	- Info  -	attempt to connect server rc10-fc05.oray.com:443(47.118.71.166:443)
2022-10-21 20:14:14.004	- Info  -	[service] attempted logon
2022-10-21 20:14:14.042	- Info  -	[service] logon server OK. public ip:183.217.164.59
2022-10-21 20:14:14.067	- Info  -	[online] attempted client online
2022-10-21 20:14:14.092	- Info  -	[online] client online OK.
2022-10-21 20:14:14.093	- Info  -	[online] received name:default , description:default .
2022-10-21 20:14:14.107	- Info  -	[service] attempted register client to server
2022-10-21 20:14:14.132	- Info  -	[service] registered client to server
2022-10-21 20:14:14.133	- Info  -	[http call3] new call id:5, url:https://sl-log.oray.net/slclientlog
2022-10-21 20:14:14.133	- Info  -	Current client status: 1
2022-10-21 20:14:14.133	- Info  -	send status_changed notify 1
2022-10-21 20:14:14.142	- Info  -	[http call3] id:5 create new connection : https://sl-log.oray.net:443
2022-10-21 20:14:14.156	- Info  -	[discover] Client NotifyDiscover type=5
2022-10-21 20:14:14.211	- Info  -	[OnLogin start]
2022-10-21 20:14:14.217	- Info  -	[OnLogin end]
2022-10-21 20:14:14.247	- Info  -	[OnLogin] WaittingTask Start
2022-10-21 20:14:14.346	- Info  -	attempt to connect server sl-log.oray.net:443(47.97.183.66:443)
2022-10-21 20:14:14.446	- Info  -	[ServiceEx] the service control is 13
2022-10-21 20:14:14.446	- Info  -	SERVICE_CONTROL_POWEREVENT************dwEventType:7
2022-10-21 20:14:14.446	+Warning+	[service] power event, system is resumed.
2022-10-21 20:14:14.509	- Info  -	Set auto_run : true
2022-10-21 20:14:14.767	- Info  -	[http call3] id:5, url:https://sl-log.oray.net/slclientlog, status code:200
2022-10-21 20:14:14.961	- Info  -	[OnLogin] WaittingTask end
2022-10-21 20:14:28.081	* Error *	SSLStream::IsWantReadWrite|peer(121.40.99.129:443), SSL_read failed( 6 ), error:00000000:lib(0):func(0):reason(0), file( ..\includes\common\phstream\SSLStream.cpp:1898 )
2022-10-21 20:14:28.081	- Info  -	[http call3] disconnect, error( 0 )
2022-10-21 20:14:44.766	* Error *	SSLStream::IsWantReadWrite|peer(47.97.183.66:443), SSL_read failed( 6 ), error:00000000:lib(0):func(0):reason(0), file( ..\includes\common\phstream\SSLStream.cpp:1898 )
2022-10-21 20:14:44.766	- Info  -	[http call3] disconnect, error( 0 )
2022-10-21 20:19:07.197	- Info  -	[ServiceEx] the service control is 13
2022-10-21 20:19:07.197	- Info  -	SERVICE_CONTROL_POWEREVENT************dwEventType:10
2022-10-21 20:20:29.033	- Info  -	[ServiceEx] the service control is 13
2022-10-21 20:20:29.033	- Info  -	SERVICE_CONTROL_POWEREVENT************dwEventType:4
2022-10-21 20:20:29.033	+Warning+	[service] power event, system is suspending.
2022-10-21 20:20:29.033	- Info  -	Logout ...
2022-10-21 20:20:29.033	- Info  -	[oray][erroCode] errorcode=oray_errorcode(0), product=0, type=0, inner code=0 [CMultiplexLogicStream::Disconnect_impl:121]
2022-10-21 20:20:29.033	- Info  -	[RemoteControl] disconnected server(47.118.71.166:443),error code:0
2022-10-21 20:20:29.034	* Error *	[online] online disconnected,error code:0
2022-10-21 20:20:29.034	- Info  -	[oray][erroCode] errorcode=errorcode(0), product=0, type=0, inner code=0 [COnlineHandler::OnDisconnect:86]
2022-10-21 20:20:29.034	- Info  -	[service] disconnected server(47.118.71.166:443),errorcode:0
2022-10-21 20:20:29.034	- Info  -	curStatus: 0, m_Status: 1
2022-10-21 20:20:29.034	- Info  -	[http call3] new call id:6, url:https://sl-log.oray.net/slclientlog
2022-10-21 20:20:29.034	- Info  -	Current client status: 0
2022-10-21 20:20:29.034	- Info  -	send status_changed notify 0
2022-10-21 20:20:29.034	- Info  -	[OnLogout start]
2022-10-21 20:20:29.034	- Info  -	[service] stop all projections
2022-10-21 20:20:29.034	- Info  -	[OnLogout end]
2022-10-21 20:20:29.035	- Info  -	[http call3] id:6 create new connection : https://sl-log.oray.net:443
2022-10-21 20:20:29.047	- Info  -	[MICRO LIVE] shell send close micro_live_plugin
2022-10-21 20:20:29.092	- Info  -	attempt to connect server sl-log.oray.net:443(47.97.106.171:443)
2022-10-21 20:20:29.343	- Info  -	[http call3] id:6, url:https://sl-log.oray.net/slclientlog, status code:200
