2022-12-06 09:48:22.170	- Info  -	version:3.2.1.40406
2022-12-06 09:48:22.301	* Error *	SSLStream|Remove temp(C:\Windows\TEMP\u2r8.0) file ok
2022-12-06 09:48:22.746	- Info  -	Initialize OK
2022-12-06 09:48:22.746	- Info  -	CAcceptorRaw::set_listener
2022-12-06 09:48:22.746	- Info  -	DesktopAgentServer created with port 0.
2022-12-06 09:48:23.641	* Error *	[udpstack] bind 0.0.0.0:15701 error , errorno = 10048
2022-12-06 09:48:23.766	- Info  -	[service] start listen OK,tcp:0.0.0.0:49677,udp:15812
2022-12-06 09:48:23.782	- Info  -	[discover] Client NotifyDiscover type=5
2022-12-06 09:48:23.860	- Info  -	[localserver] Not use proxy
2022-12-06 09:48:23.938	- Info  -	[mac] local ip:192.168.0.193
2022-12-06 09:48:23.954	- Info  -	[mac] mac address:00:F4:8D:D2:3C:CF
2022-12-06 09:48:23.954	- Info  -	get mac address: 00:F4:8D:D2:3C:CF
2022-12-06 09:48:27.860	- Info  -	os name:Microsoft Windows 10 专业版
2022-12-06 09:48:28.910	- Info  -	m_clientinfo.mac: 00:F4:8D:D2:3C:CF
2022-12-06 09:48:28.997	- Info  -	Current client status: 2
2022-12-06 09:48:28.997	- Info  -	send status_changed notify 2
2022-12-06 09:48:28.997	- Info  -	Login task time 0
2022-12-06 09:48:29.003	- Info  -	Do login( type: 2 ) at 379
2022-12-06 09:48:29.003	- Info  -	[http call3] new call id:1, url:https://slapi.oray.net/remote/get-fastcode
2022-12-06 09:48:29.054	- Info  -	[http call3] id:1 create new connection : https://slapi.oray.net:443
2022-12-06 09:48:29.072	- Info  -	attempt to connect server slapi.oray.net:443(121.40.99.129:443)
2022-12-06 09:48:31.686	- Info  -	[http call3] id:1, url:https://slapi.oray.net/remote/get-fastcode, status code:200
2022-12-06 09:48:31.706	- Info  -	attempt to connect server rc10-fc.oray.com:443(81.69.182.62:443)
2022-12-06 09:48:31.806	- Info  -	[service] attempted logon
2022-12-06 09:48:31.871	- Info  -	[service] logon server OK. public ip:183.217.165.158
2022-12-06 09:48:31.896	- Info  -	[online] attempted client online
2022-12-06 09:48:31.921	- Info  -	[online] client online OK.
2022-12-06 09:48:31.921	- Info  -	[online] received name:default , description:default .
2022-12-06 09:48:31.926	- Info  -	[service] attempted register client to server
2022-12-06 09:48:31.950	- Info  -	[service] registered client to server
2022-12-06 09:48:31.951	- Info  -	[http call3] new call id:2, url:https://sl-log.oray.net/slclientlog
2022-12-06 09:48:31.951	- Info  -	Current client status: 1
2022-12-06 09:48:31.951	- Info  -	send status_changed notify 1
2022-12-06 09:48:31.959	- Info  -	[http call3] id:2 create new connection : https://sl-log.oray.net:443
2022-12-06 09:48:31.975	- Info  -	attempt to connect server sl-log.oray.net:443(121.199.72.21:443)
2022-12-06 09:48:32.019	- Info  -	[discover] Client NotifyDiscover type=5
2022-12-06 09:48:32.067	- Info  -	[OnLogin start]
2022-12-06 09:48:32.069	- Info  -	[OnLogin end]
2022-12-06 09:48:32.082	- Info  -	[http call3] id:2, url:https://sl-log.oray.net/slclientlog, status code:200
2022-12-06 09:48:32.132	- Info  -	[OnLogin] WaittingTask Start
2022-12-06 09:48:32.142	- Info  -	Set auto_run : true
2022-12-06 09:48:32.294	- Info  -	[OnLogin] WaittingTask end
2022-12-06 09:48:46.685	* Error *	SSLStream::IsWantReadWrite|peer(121.40.99.129:443), SSL_read failed( 6 ), error:00000000:lib(0):func(0):reason(0), file( ..\includes\common\phstream\SSLStream.cpp:1898 )
2022-12-06 09:48:46.685	- Info  -	[http call3] disconnect, error( 0 )
2022-12-06 09:48:57.635	- Info  -	[MICRO LIVE] shell oninitdialog to get microlive info enable = 0 status = 0 timelast = 0
2022-12-06 09:49:02.077	* Error *	SSLStream::IsWantReadWrite|peer(121.199.72.21:443), SSL_read failed( 6 ), error:00000000:lib(0):func(0):reason(0), file( ..\includes\common\phstream\SSLStream.cpp:1898 )
2022-12-06 09:49:02.077	- Info  -	[http call3] disconnect, error( 0 )
2022-12-06 10:17:45.557	- Info  -	[ServiceEx] the service control is 13
2022-12-06 10:17:45.558	- Info  -	SERVICE_CONTROL_POWEREVENT************dwEventType:10
