2022-11-10 15:54:42.617	- Info  -	version:3.2.1.40406
2022-11-10 15:54:42.737	- Info  -	[dlg_main] on_create
2022-11-10 15:54:42.832	- Info  -	attempt to connect server 127.0.0.1:16308(127.0.0.1:16308)
2022-11-10 15:54:42.857	- Info  -	[shell] OnConnect
2022-11-10 15:54:42.861	- Info  -	[shell] status_changed:1
2022-11-10 15:54:43.909	- Info  -	[dlg_main] init_fastcode_histroy
2022-11-10 15:54:44.016	- Info  -	[http call3] new call id:1, url:https://ddns.oray.com/checkip?clean=1
2022-11-10 15:54:44.016	- Info  -	[dlg_main] on_create end
2022-11-10 15:54:44.017	- Info  -	[http call3] id:1 create new connection : https://ddns.oray.com:443
2022-11-10 15:54:44.099	- Info  -	attempt to connect server ddns.oray.com:443(114.215.189.130:443)
2022-11-10 15:54:44.183	- Info  -	sensors init with file: C:/ProgramData/Oray/SunloginClient/sensors/datas
2022-11-10 15:54:44.185	- Info  -	[http call3] new call id:2, url:https://slapi.oray.net/client/free-tips
2022-11-10 15:54:44.306	- Info  -	[http call3] id:2 create new connection : https://slapi.oray.net:443
2022-11-10 15:54:44.349	- Info  -	attempt to connect server slapi.oray.net:443(121.40.99.129:443)
2022-11-10 15:54:44.406	- Info  -	[http call3] id:1, url:https://ddns.oray.com/checkip?clean=1, status code:200
2022-11-10 15:54:44.532	- Info  -	[http call3] id:2, url:https://slapi.oray.net/client/free-tips, status code:200
2022-11-10 15:54:59.538	* Error *	SSLStream::IsWantReadWrite|peer(121.40.99.129:443), SSL_read failed( 6 ), error:00000000:lib(0):func(0):reason(0), file( ..\includes\common\phstream\SSLStream.cpp:1898 )
2022-11-10 15:54:59.539	- Info  -	[http call3] disconnect, error( 0 )
2022-11-10 15:55:14.752	* Error *	SSLStream::IsWantReadWrite|peer(114.215.189.130:443), SSL_read failed( 6 ), error:00000000:lib(0):func(0):reason(0), file( ..\includes\common\phstream\SSLStream.cpp:1898 )
2022-11-10 15:55:14.753	- Info  -	[http call3] disconnect, error( 0 )
2022-11-10 16:36:21.253	- Info  -	[shell] status_changed:0
2022-11-11 15:31:04.681	- Info  -	[shell] status_changed:2
2022-11-11 15:31:07.283	- Info  -	[shell] status_changed:1
2022-11-11 15:31:07.321	- Info  -	[http call3] new call id:3, url:https://slapi.oray.net/client/free-tips
2022-11-11 15:31:07.336	- Info  -	[http call3] id:3 create new connection : https://slapi.oray.net:443
2022-11-11 15:31:07.493	- Info  -	attempt to connect server slapi.oray.net:443(121.40.99.129:443)
2022-11-11 15:31:08.163	- Info  -	[http call3] id:3, url:https://slapi.oray.net/client/free-tips, status code:200
2022-11-11 15:31:23.173	* Error *	SSLStream::IsWantReadWrite|peer(121.40.99.129:443), SSL_read failed( 6 ), error:00000000:lib(0):func(0):reason(0), file( ..\includes\common\phstream\SSLStream.cpp:1898 )
2022-11-11 15:31:23.173	- Info  -	[http call3] disconnect, error( 0 )
2022-11-11 16:55:25.517	- Info  -	[shell] status_changed:0
2022-11-11 19:32:42.631	- Info  -	[shell] status_changed:2
2022-11-11 19:33:12.786	- Info  -	[shell] status_changed:2
2022-11-11 19:33:12.787	- Info  -	[shell] status_changed:2
2022-11-11 19:33:15.476	- Info  -	[shell] status_changed:1
2022-11-11 19:33:15.601	- Info  -	[http call3] new call id:4, url:https://slapi.oray.net/client/free-tips
2022-11-11 19:33:15.715	- Info  -	[http call3] id:4 create new connection : https://slapi.oray.net:443
2022-11-11 19:33:15.717	- Info  -	attempt to connect server slapi.oray.net:443(121.40.200.192:443)
2022-11-11 19:33:16.810	- Info  -	[http call3] id:4, url:https://slapi.oray.net/client/free-tips, status code:200
2022-11-11 19:33:31.807	* Error *	SSLStream::IsWantReadWrite|peer(121.40.200.192:443), SSL_read failed( 6 ), error:00000000:lib(0):func(0):reason(0), file( ..\includes\common\phstream\SSLStream.cpp:1898 )
2022-11-11 19:33:31.807	- Info  -	[http call3] disconnect, error( 0 )
2022-11-11 19:55:43.529	- Info  -	[shell] status_changed:2
2022-11-11 19:55:43.529	- Info  -	[shell] status_changed:2
2022-11-11 19:56:14.104	- Info  -	[shell] status_changed:0
2022-11-11 19:58:15.188	- Info  -	[shell] status_changed:2
2022-11-11 19:58:15.883	- Info  -	[shell] status_changed:1
2022-11-11 19:58:15.915	- Info  -	[http call3] new call id:5, url:https://slapi.oray.net/client/free-tips
2022-11-11 19:58:15.918	- Info  -	[http call3] id:5 create new connection : https://slapi.oray.net:443
2022-11-11 19:58:15.920	- Info  -	attempt to connect server slapi.oray.net:443(121.40.200.192:443)
2022-11-11 19:58:16.093	- Info  -	[http call3] id:5, url:https://slapi.oray.net/client/free-tips, status code:200
2022-11-11 19:58:31.093	* Error *	SSLStream::IsWantReadWrite|peer(121.40.200.192:443), SSL_read failed( 6 ), error:00000000:lib(0):func(0):reason(0), file( ..\includes\common\phstream\SSLStream.cpp:1898 )
2022-11-11 19:58:31.093	- Info  -	[http call3] disconnect, error( 0 )
2022-11-11 21:31:32.930	- Info  -	[shell] status_changed:0
2022-11-11 21:31:46.886	- Info  -	[shell] status_changed:2
2022-11-11 21:32:16.929	- Info  -	[shell] status_changed:2
2022-11-11 21:32:16.933	- Info  -	[shell] status_changed:2
2022-11-11 21:32:17.889	- Info  -	[shell] status_changed:1
2022-11-11 21:32:17.965	- Info  -	[http call3] new call id:6, url:https://slapi.oray.net/client/free-tips
2022-11-11 21:32:17.977	- Info  -	[http call3] id:6 create new connection : https://slapi.oray.net:443
2022-11-11 21:32:18.004	- Info  -	attempt to connect server slapi.oray.net:443(121.40.99.129:443)
2022-11-11 21:32:18.385	- Info  -	[http call3] id:6, url:https://slapi.oray.net/client/free-tips, status code:200
2022-11-11 21:32:33.393	* Error *	SSLStream::IsWantReadWrite|peer(121.40.99.129:443), SSL_read failed( 6 ), error:00000000:lib(0):func(0):reason(0), file( ..\includes\common\phstream\SSLStream.cpp:1898 )
2022-11-11 21:32:33.395	- Info  -	[http call3] disconnect, error( 0 )
2022-11-11 21:51:48.200	- Info  -	[shell] status_changed:2
2022-11-11 21:51:48.201	- Info  -	[shell] status_changed:2
2022-11-11 21:52:18.228	- Info  -	[shell] status_changed:0
2022-11-12 06:49:23.246	- Info  -	[shell] status_changed:2
2022-11-12 06:49:53.504	- Info  -	[shell] status_changed:0
2022-11-12 09:10:46.961	- Info  -	[shell] status_changed:2
2022-11-12 09:11:17.218	- Info  -	[shell] status_changed:0
2022-11-12 09:13:18.604	- Info  -	[shell] status_changed:2
2022-11-12 09:13:19.371	- Info  -	[shell] status_changed:1
2022-11-12 09:13:19.404	- Info  -	[http call3] new call id:7, url:https://slapi.oray.net/client/free-tips
2022-11-12 09:13:19.409	- Info  -	[http call3] id:7 create new connection : https://slapi.oray.net:443
2022-11-12 09:13:19.410	- Info  -	attempt to connect server slapi.oray.net:443(121.40.200.192:443)
2022-11-12 09:13:19.668	- Info  -	[http call3] id:7, url:https://slapi.oray.net/client/free-tips, status code:200
2022-11-12 09:13:34.667	* Error *	SSLStream::IsWantReadWrite|peer(121.40.200.192:443), SSL_read failed( 6 ), error:00000000:lib(0):func(0):reason(0), file( ..\includes\common\phstream\SSLStream.cpp:1898 )
2022-11-12 09:13:34.668	- Info  -	[http call3] disconnect, error( 0 )
2022-11-12 09:39:43.147	- Info  -	[shell] status_changed:0
2022-11-12 09:40:10.144	- Info  -	[shell] status_changed:2
2022-11-12 09:40:12.067	- Info  -	[shell] status_changed:1
2022-11-12 09:40:12.107	- Info  -	[http call3] new call id:8, url:https://slapi.oray.net/client/free-tips
2022-11-12 09:40:12.140	- Info  -	[http call3] id:8 create new connection : https://slapi.oray.net:443
2022-11-12 09:40:12.411	- Info  -	attempt to connect server slapi.oray.net:443(121.40.99.129:443)
2022-11-12 09:40:13.081	- Info  -	[http call3] id:8, url:https://slapi.oray.net/client/free-tips, status code:200
2022-11-12 09:40:28.077	* Error *	SSLStream::IsWantReadWrite|peer(121.40.99.129:443), SSL_read failed( 6 ), error:00000000:lib(0):func(0):reason(0), file( ..\includes\common\phstream\SSLStream.cpp:1898 )
2022-11-12 09:40:28.077	- Info  -	[http call3] disconnect, error( 0 )
2022-11-12 09:40:44.433	- Info  -	[shell] status_changed:0
2022-11-12 09:48:24.043	- Info  -	[shell] status_changed:2
2022-11-12 09:48:26.775	- Info  -	[shell] status_changed:1
2022-11-12 09:48:26.809	- Info  -	[http call3] new call id:9, url:https://slapi.oray.net/client/free-tips
2022-11-12 09:48:26.840	- Info  -	[http call3] id:9 create new connection : https://slapi.oray.net:443
2022-11-12 09:48:27.211	- Info  -	attempt to connect server slapi.oray.net:443(121.40.200.192:443)
2022-11-12 09:48:27.926	- Info  -	[http call3] id:9, url:https://slapi.oray.net/client/free-tips, status code:200
2022-11-12 09:48:42.922	* Error *	SSLStream::IsWantReadWrite|peer(121.40.200.192:443), SSL_read failed( 6 ), error:00000000:lib(0):func(0):reason(0), file( ..\includes\common\phstream\SSLStream.cpp:1898 )
2022-11-12 09:48:42.924	- Info  -	[http call3] disconnect, error( 0 )
2022-11-12 09:49:51.547	- Info  -	[shell] status_changed:0
2022-11-13 07:08:39.786	- Info  -	[shell] status_changed:2
2022-11-13 07:09:10.354	- Info  -	[shell] status_changed:2
2022-11-13 07:09:10.355	- Info  -	[shell] status_changed:2
2022-11-13 07:09:39.521	- Info  -	[shell] status_changed:0
2022-11-13 07:11:46.525	- Info  -	[shell] status_changed:2
2022-11-13 07:11:48.548	- Info  -	[shell] status_changed:1
2022-11-13 07:11:48.576	- Info  -	[http call3] new call id:10, url:https://slapi.oray.net/client/free-tips
2022-11-13 07:11:48.623	- Info  -	[http call3] id:10 create new connection : https://slapi.oray.net:443
2022-11-13 07:11:48.625	- Info  -	attempt to connect server slapi.oray.net:443(121.40.200.192:443)
2022-11-13 07:11:49.716	- Info  -	[http call3] id:10, url:https://slapi.oray.net/client/free-tips, status code:200
2022-11-13 07:12:04.720	* Error *	SSLStream::IsWantReadWrite|peer(121.40.200.192:443), SSL_read failed( 6 ), error:00000000:lib(0):func(0):reason(0), file( ..\includes\common\phstream\SSLStream.cpp:1898 )
2022-11-13 07:12:04.721	- Info  -	[http call3] disconnect, error( 0 )
2022-11-13 08:13:01.702	- Info  -	[shell] status_changed:0
2022-11-13 08:13:14.196	- Info  -	[shell] status_changed:2
2022-11-13 08:13:45.499	- Info  -	[shell] status_changed:2
2022-11-13 08:13:45.502	- Info  -	[shell] status_changed:2
2022-11-13 08:13:46.236	- Info  -	[shell] status_changed:1
2022-11-13 08:13:46.280	- Info  -	[http call3] new call id:11, url:https://slapi.oray.net/client/free-tips
2022-11-13 08:13:46.321	- Info  -	[http call3] id:11 create new connection : https://slapi.oray.net:443
2022-11-13 08:13:46.329	- Info  -	attempt to connect server slapi.oray.net:443(121.40.99.129:443)
2022-11-13 08:13:46.581	- Info  -	[http call3] id:11, url:https://slapi.oray.net/client/free-tips, status code:200
2022-11-13 08:14:01.581	* Error *	SSLStream::IsWantReadWrite|peer(121.40.99.129:443), SSL_read failed( 6 ), error:00000000:lib(0):func(0):reason(0), file( ..\includes\common\phstream\SSLStream.cpp:1898 )
2022-11-13 08:14:01.581	- Info  -	[http call3] disconnect, error( 0 )
2022-11-13 09:10:21.861	- Info  -	[shell] status_changed:0
2022-11-13 10:53:06.353	- Info  -	[shell] status_changed:2
2022-11-13 10:53:36.581	- Info  -	[shell] status_changed:2
2022-11-13 10:53:36.582	- Info  -	[shell] status_changed:2
2022-11-13 10:53:38.575	- Info  -	[shell] status_changed:1
2022-11-13 10:53:38.611	- Info  -	[http call3] new call id:12, url:https://slapi.oray.net/client/free-tips
2022-11-13 10:53:38.627	- Info  -	[http call3] id:12 create new connection : https://slapi.oray.net:443
2022-11-13 10:53:39.136	- Info  -	attempt to connect server slapi.oray.net:443(121.40.99.129:443)
2022-11-13 10:53:39.655	- Info  -	[http call3] id:12, url:https://slapi.oray.net/client/free-tips, status code:200
2022-11-13 10:53:54.639	* Error *	SSLStream::IsWantReadWrite|peer(121.40.99.129:443), SSL_read failed( 6 ), error:00000000:lib(0):func(0):reason(0), file( ..\includes\common\phstream\SSLStream.cpp:1898 )
2022-11-13 10:53:54.640	- Info  -	[http call3] disconnect, error( 0 )
2022-11-13 10:57:23.553	- Info  -	[shell] status_changed:0
2022-11-13 11:19:12.356	- Info  -	[shell] status_changed:2
2022-11-13 11:19:42.388	- Info  -	[shell] status_changed:2
2022-11-13 11:19:42.389	- Info  -	[shell] status_changed:2
2022-11-13 11:19:43.037	- Info  -	[shell] status_changed:1
2022-11-13 11:19:43.088	- Info  -	[http call3] new call id:13, url:https://slapi.oray.net/client/free-tips
2022-11-13 11:19:43.092	- Info  -	[http call3] id:13 create new connection : https://slapi.oray.net:443
2022-11-13 11:19:43.144	- Info  -	attempt to connect server slapi.oray.net:443(121.40.99.129:443)
2022-11-13 11:19:43.531	- Info  -	[http call3] id:13, url:https://slapi.oray.net/client/free-tips, status code:200
2022-11-13 11:19:58.529	* Error *	SSLStream::IsWantReadWrite|peer(121.40.99.129:443), SSL_read failed( 6 ), error:00000000:lib(0):func(0):reason(0), file( ..\includes\common\phstream\SSLStream.cpp:1898 )
2022-11-13 11:19:58.529	- Info  -	[http call3] disconnect, error( 0 )
