2022-11-30 13:36:40.900	- Info  -	version:3.2.1.40406
2022-11-30 13:36:41.400	* Error *	SSLStream|Remove temp(C:\Windows\TEMP\u304.0) file ok
2022-11-30 13:36:44.479	- Info  -	Initialize OK
2022-11-30 13:36:44.479	- Info  -	CAcceptorRaw::set_listener
2022-11-30 13:36:44.479	- Info  -	DesktopAgentServer created with port 0.
2022-11-30 13:36:44.822	- Info  -	[service] start listen OK,tcp:0.0.0.0:49680,udp:15531
2022-11-30 13:36:44.822	- Info  -	[discover] Client NotifyDiscover type=5
2022-11-30 13:36:45.010	- Info  -	[localserver] Not use proxy
2022-11-30 13:36:45.135	- Info  -	[mac] local ip:192.168.0.193
2022-11-30 13:36:45.135	- Info  -	[mac] mac address:00:F4:8D:D2:3C:CF
2022-11-30 13:36:45.135	- Info  -	get mac address: 00:F4:8D:D2:3C:CF
2022-11-30 13:36:48.611	- Info  -	os name:Microsoft Windows 10 专业版
2022-11-30 13:36:49.756	- Info  -	m_clientinfo.mac: 00:F4:8D:D2:3C:CF
2022-11-30 13:36:49.828	- Info  -	Current client status: 2
2022-11-30 13:36:49.829	- Info  -	send status_changed notify 2
2022-11-30 13:36:49.829	- Info  -	Login task time 0
2022-11-30 13:36:49.894	- Info  -	Do login( type: 2 ) at 379
2022-11-30 13:36:49.910	- Info  -	[http call3] new call id:1, url:https://slapi.oray.net/remote/get-fastcode
2022-11-30 13:36:49.955	- Info  -	[http call3] id:1 create new connection : https://slapi.oray.net:443
2022-11-30 13:36:49.970	- Info  -	attempt to connect server slapi.oray.net:443(121.40.200.192:443)
2022-11-30 13:36:53.516	- Info  -	[http call3] id:1, url:https://slapi.oray.net/remote/get-fastcode, status code:200
2022-11-30 13:36:53.552	- Info  -	attempt to connect server rc10-fc12.oray.com:443(47.111.1.108:443)
2022-11-30 13:36:53.692	- Info  -	[service] attempted logon
2022-11-30 13:36:53.729	- Info  -	[service] logon server OK. public ip:183.217.165.158
2022-11-30 13:36:53.757	- Info  -	[online] attempted client online
2022-11-30 13:36:53.786	- Info  -	[online] client online OK.
2022-11-30 13:36:53.787	- Info  -	[online] received name:default , description:default .
2022-11-30 13:36:53.800	- Info  -	[service] attempted register client to server
2022-11-30 13:36:53.850	- Info  -	[service] registered client to server
2022-11-30 13:36:53.851	- Info  -	[http call3] new call id:2, url:https://sl-log.oray.net/slclientlog
2022-11-30 13:36:53.851	- Info  -	Current client status: 1
2022-11-30 13:36:53.851	- Info  -	send status_changed notify 1
2022-11-30 13:36:53.868	- Info  -	[http call3] id:2 create new connection : https://sl-log.oray.net:443
2022-11-30 13:36:53.871	- Info  -	[discover] Client NotifyDiscover type=5
2022-11-30 13:36:53.882	- Info  -	[OnLogin start]
2022-11-30 13:36:53.883	- Info  -	[OnLogin end]
2022-11-30 13:36:53.885	- Info  -	attempt to connect server sl-log.oray.net:443(121.40.118.44:443)
2022-11-30 13:36:53.891	- Info  -	[OnLogin] WaittingTask Start
2022-11-30 13:36:53.894	- Info  -	Set auto_run : true
2022-11-30 13:36:54.031	- Info  -	[http call3] id:2, url:https://sl-log.oray.net/slclientlog, status code:200
2022-11-30 13:36:54.063	- Info  -	[OnLogin] WaittingTask end
2022-11-30 13:37:08.513	* Error *	SSLStream::IsWantReadWrite|peer(121.40.200.192:443), SSL_read failed( 6 ), error:00000000:lib(0):func(0):reason(0), file( ..\includes\common\phstream\SSLStream.cpp:1898 )
2022-11-30 13:37:08.513	- Info  -	[http call3] disconnect, error( 0 )
2022-11-30 13:37:24.028	* Error *	SSLStream::IsWantReadWrite|peer(121.40.118.44:443), SSL_read failed( 6 ), error:00000000:lib(0):func(0):reason(0), file( ..\includes\common\phstream\SSLStream.cpp:1898 )
2022-11-30 13:37:24.028	- Info  -	[http call3] disconnect, error( 0 )
2022-11-30 13:37:28.100	- Info  -	[MICRO LIVE] shell oninitdialog to get microlive info enable = 0 status = 0 timelast = 0
2022-11-30 13:48:23.581	+Warning+	[passive:keepalive:] 47.111.1.108:443 disconnect by keepalive timeout(728109>=605671+120000)
2022-11-30 13:48:23.581	+Warning+	[oray][erroCode] errorcode=ORAY_ERROR_PHSTREAM_KEEPALIVE_TIMEOUT(57351), product=0, type=3, inner code=7 [CPassiveKeepAliveHandler::Done:141]
2022-11-30 13:48:23.581	- Info  -	[oray][erroCode] errorcode=oray_errorcode(57351), product=0, type=3, inner code=7 [CMultiplexLogicStream::Disconnect_impl:121]
2022-11-30 13:48:23.581	* Error *	[online] online disconnected,error code:0
2022-11-30 13:48:23.581	- Info  -	[oray][erroCode] errorcode=errorcode(0), product=0, type=0, inner code=0 [COnlineHandler::OnDisconnect:86]
2022-11-30 13:48:23.582	- Info  -	[RemoteControl] disconnected server(47.111.1.108:443),error code:0
2022-11-30 13:48:23.582	- Info  -	[service] disconnected server(47.111.1.108:443),errorcode:0
2022-11-30 13:48:23.583	- Info  -	curStatus: 0, m_Status: 1
2022-11-30 13:48:23.583	- Info  -	[http call3] new call id:3, url:https://sl-log.oray.net/slclientlog
2022-11-30 13:48:23.584	- Info  -	Current client status: 0
2022-11-30 13:48:23.584	- Info  -	send status_changed notify 0
2022-11-30 13:48:23.584	- Info  -	[OnLogout start]
2022-11-30 13:48:23.584	- Info  -	[service] stop all projections
2022-11-30 13:48:23.585	- Info  -	retry login now......
2022-11-30 13:48:23.585	- Info  -	Current client status: 2
2022-11-30 13:48:23.585	- Info  -	send status_changed notify 2
2022-11-30 13:48:23.586	- Info  -	Login task time 0
2022-11-30 13:48:23.586	- Info  -	[OnLogout end]
2022-11-30 13:48:23.589	- Info  -	Do login( type: 2 ) at 379
2022-11-30 13:48:23.589	- Info  -	[http call3] new call id:4, url:https://slapi.oray.net/remote/get-fastcode
2022-11-30 13:48:23.599	- Info  -	[http call3] id:3 create new connection : https://sl-log.oray.net:443
2022-11-30 13:48:23.616	- Info  -	attempt to connect server sl-log.oray.net:443(47.97.106.171:443)
2022-11-30 13:48:23.617	- Info  -	[http call3] id:4 create new connection : https://slapi.oray.net:443
2022-11-30 13:48:23.629	- Info  -	attempt to connect server slapi.oray.net:443(121.40.99.129:443)
2022-11-30 13:48:23.760	- Info  -	[http call3] id:3, url:https://sl-log.oray.net/slclientlog, status code:200
2022-11-30 13:48:23.834	- Info  -	[http call3] id:4, url:https://slapi.oray.net/remote/get-fastcode, status code:200
2022-11-30 13:48:23.850	- Info  -	attempt to connect server rc10-fc11.oray.com:443(81.69.183.65:443)
2022-11-30 13:48:23.965	- Info  -	[service] attempted logon
2022-11-30 13:48:24.027	- Info  -	[service] logon server OK. public ip:183.217.165.158
2022-11-30 13:48:24.056	- Info  -	[online] attempted client online
2022-11-30 13:48:24.085	- Info  -	[online] client online OK.
2022-11-30 13:48:24.085	- Info  -	[online] received name:default , description:default .
2022-11-30 13:48:24.097	- Info  -	[service] attempted register client to server
2022-11-30 13:48:24.126	- Info  -	[service] registered client to server
2022-11-30 13:48:24.126	- Info  -	[http call3] new call id:5, url:https://sl-log.oray.net/slclientlog
2022-11-30 13:48:24.126	- Info  -	Current client status: 1
2022-11-30 13:48:24.126	- Info  -	send status_changed notify 1
2022-11-30 13:48:24.163	- Info  -	[http call3] id:5 use old connection : https://sl-log.oray.net:443
2022-11-30 13:48:24.182	- Info  -	[discover] Client NotifyDiscover type=5
2022-11-30 13:48:24.204	- Info  -	[http call3] id:5, url:https://sl-log.oray.net/slclientlog, status code:200
2022-11-30 13:48:24.205	- Info  -	[OnLogin start]
2022-11-30 13:48:24.210	- Info  -	[OnLogin end]
2022-11-30 13:48:24.217	- Info  -	[OnLogin] WaittingTask Start
2022-11-30 13:48:24.310	- Info  -	Set auto_run : true
2022-11-30 13:48:25.021	- Info  -	[OnLogin] WaittingTask end
2022-11-30 13:48:38.848	* Error *	SSLStream::IsWantReadWrite|peer(121.40.99.129:443), SSL_read failed( 6 ), error:00000000:lib(0):func(0):reason(0), file( ..\includes\common\phstream\SSLStream.cpp:1898 )
2022-11-30 13:48:38.849	- Info  -	[http call3] disconnect, error( 0 )
2022-11-30 13:48:54.201	* Error *	SSLStream::IsWantReadWrite|peer(47.97.106.171:443), SSL_read failed( 6 ), error:00000000:lib(0):func(0):reason(0), file( ..\includes\common\phstream\SSLStream.cpp:1898 )
2022-11-30 13:48:54.202	- Info  -	[http call3] disconnect, error( 0 )
2022-11-30 14:18:25.113	+Warning+	[passive:keepalive:] 81.69.183.65:443 disconnect by keepalive timeout(2529640>=2408625+120000)
2022-11-30 14:18:25.113	+Warning+	[oray][erroCode] errorcode=ORAY_ERROR_PHSTREAM_KEEPALIVE_TIMEOUT(57351), product=0, type=3, inner code=7 [CPassiveKeepAliveHandler::Done:141]
2022-11-30 14:18:25.113	- Info  -	[oray][erroCode] errorcode=oray_errorcode(57351), product=0, type=3, inner code=7 [CMultiplexLogicStream::Disconnect_impl:121]
2022-11-30 14:18:25.113	* Error *	[online] online disconnected,error code:0
2022-11-30 14:18:25.113	- Info  -	[oray][erroCode] errorcode=errorcode(0), product=0, type=0, inner code=0 [COnlineHandler::OnDisconnect:86]
2022-11-30 14:18:25.117	- Info  -	[RemoteControl] disconnected server(81.69.183.65:443),error code:0
2022-11-30 14:18:25.117	- Info  -	[service] disconnected server(81.69.183.65:443),errorcode:0
2022-11-30 14:18:25.117	- Info  -	curStatus: 0, m_Status: 1
2022-11-30 14:18:25.117	- Info  -	[http call3] new call id:6, url:https://sl-log.oray.net/slclientlog
2022-11-30 14:18:25.117	- Info  -	Current client status: 0
2022-11-30 14:18:25.117	- Info  -	send status_changed notify 0
2022-11-30 14:18:25.117	- Info  -	[OnLogout start]
2022-11-30 14:18:25.121	- Info  -	[http call3] id:6 create new connection : https://sl-log.oray.net:443
2022-11-30 14:18:25.127	- Info  -	[service] stop all projections
2022-11-30 14:18:25.127	- Info  -	retry login now......
2022-11-30 14:18:25.127	- Info  -	Current client status: 2
2022-11-30 14:18:25.127	- Info  -	send status_changed notify 2
2022-11-30 14:18:25.127	- Info  -	Login task time 0
2022-11-30 14:18:25.129	- Info  -	[OnLogout end]
2022-11-30 14:18:25.145	- Info  -	Do login( type: 2 ) at 379
2022-11-30 14:18:25.145	- Info  -	[http call3] new call id:7, url:https://slapi.oray.net/remote/get-fastcode
2022-11-30 14:18:25.150	- Info  -	attempt to connect server sl-log.oray.net:443(121.40.118.44:443)
2022-11-30 14:18:25.153	- Info  -	[http call3] id:7 create new connection : https://slapi.oray.net:443
2022-11-30 14:18:25.172	- Info  -	attempt to connect server slapi.oray.net:443(121.40.99.129:443)
2022-11-30 14:18:25.309	- Info  -	[http call3] id:6, url:https://sl-log.oray.net/slclientlog, status code:200
2022-11-30 14:18:25.359	- Info  -	[http call3] id:7, url:https://slapi.oray.net/remote/get-fastcode, status code:200
2022-11-30 14:18:25.382	- Info  -	attempt to connect server rc10-fc05.oray.com:443(47.118.71.166:443)
2022-11-30 14:18:25.475	- Info  -	[service] attempted logon
2022-11-30 14:18:25.520	- Info  -	[service] logon server OK. public ip:183.217.165.158
2022-11-30 14:18:25.553	- Info  -	[online] attempted client online
2022-11-30 14:18:25.582	- Info  -	[online] client online OK.
2022-11-30 14:18:25.582	- Info  -	[online] received name:default , description:default .
2022-11-30 14:18:25.598	- Info  -	[service] attempted register client to server
2022-11-30 14:18:25.625	- Info  -	[service] registered client to server
2022-11-30 14:18:25.626	- Info  -	[http call3] new call id:8, url:https://sl-log.oray.net/slclientlog
2022-11-30 14:18:25.626	- Info  -	Current client status: 1
2022-11-30 14:18:25.626	- Info  -	send status_changed notify 1
2022-11-30 14:18:25.646	- Info  -	[http call3] id:8 use old connection : https://sl-log.oray.net:443
2022-11-30 14:18:25.681	- Info  -	[http call3] id:8, url:https://sl-log.oray.net/slclientlog, status code:200
2022-11-30 14:18:25.688	- Info  -	[discover] Client NotifyDiscover type=5
2022-11-30 14:18:25.725	- Info  -	[OnLogin start]
2022-11-30 14:18:25.741	- Info  -	[OnLogin end]
2022-11-30 14:18:25.743	- Info  -	[OnLogin] WaittingTask Start
2022-11-30 14:18:25.872	- Info  -	Set auto_run : true
2022-11-30 14:18:26.598	- Info  -	[OnLogin] WaittingTask end
2022-11-30 14:18:40.358	* Error *	SSLStream::IsWantReadWrite|peer(121.40.99.129:443), SSL_read failed( 6 ), error:00000000:lib(0):func(0):reason(0), file( ..\includes\common\phstream\SSLStream.cpp:1898 )
2022-11-30 14:18:40.358	- Info  -	[http call3] disconnect, error( 0 )
2022-11-30 14:18:55.680	* Error *	SSLStream::IsWantReadWrite|peer(121.40.118.44:443), SSL_read failed( 6 ), error:00000000:lib(0):func(0):reason(0), file( ..\includes\common\phstream\SSLStream.cpp:1898 )
2022-11-30 14:18:55.681	- Info  -	[http call3] disconnect, error( 0 )
