2023-02-10 13:32:24.633	- Info  -	version:3.2.1.40406
2023-02-10 13:32:25.070	* Error *	SSLStream|Remove temp(C:\Windows\TEMP\u2ug.0) file ok
2023-02-10 13:32:25.867	- Info  -	Initialize OK
2023-02-10 13:32:25.867	- Info  -	CAcceptorRaw::set_listener
2023-02-10 13:32:25.867	- Info  -	DesktopAgentServer created with port 0.
2023-02-10 13:32:26.133	* Error *	[udpstack] bind 0.0.0.0:16067 error , errorno = 10048
2023-02-10 13:32:26.133	- Info  -	[service] start listen OK,tcp:0.0.0.0:49675,udp:16178
2023-02-10 13:32:26.289	- Info  -	[discover] Client NotifyDiscover type=5
2023-02-10 13:32:26.414	- Info  -	[localserver] Not use proxy
2023-02-10 13:32:26.773	- Info  -	[mac] local ip:127.0.0.1
2023-02-10 13:32:26.789	- Info  -	[mac] mac address:
2023-02-10 13:32:26.789	- Info  -	[mac] mac address is empty,get mac address with wmi
2023-02-10 13:32:28.039	- Info  -	get mac address: ea:34:20:52:41:53
2023-02-10 13:32:30.608	- Info  -	os name:Microsoft Windows 10 专业版
2023-02-10 13:32:31.566	- Info  -	m_clientinfo.mac: 02:F4:59:D2:AE:76
2023-02-10 13:32:31.682	- Info  -	Current client status: 2
2023-02-10 13:32:31.682	- Info  -	send status_changed notify 2
2023-02-10 13:32:31.682	- Info  -	Login task time 0
2023-02-10 13:32:31.826	- Info  -	Do login( type: 2 ) at 379
2023-02-10 13:32:31.826	- Info  -	[http call3] new call id:1, url:https://slapi.oray.net/remote/get-fastcode
2023-02-10 13:32:31.826	- Info  -	[http call3] id:1 create new connection : https://slapi.oray.net:443
2023-02-10 13:32:31.827	* Error *	[oray][erroCode] errorcode=ORAY_ERROR_DOMAIN_RESOLVED_FAILED(57394), product=0, type=3, inner code=50 [CSockConnector::ConnectSock:229]
2023-02-10 13:33:00.579	- Info  -	[ServiceEx] the service control is 13
2023-02-10 13:33:00.579	- Info  -	SERVICE_CONTROL_POWEREVENT************dwEventType:4
2023-02-10 13:33:00.579	+Warning+	[service] power event, system is suspending.
2023-02-10 13:33:00.579	- Info  -	Logout ...
2023-02-10 13:33:00.579	- Info  -	Current client status: 0
2023-02-10 13:33:00.579	- Info  -	send status_changed notify 0
2023-02-10 13:33:00.579	- Info  -	[OnLogout start]
2023-02-10 13:33:00.580	- Info  -	[service] stop all projections
2023-02-10 13:33:00.580	- Info  -	[OnLogout end]
2023-02-10 13:33:00.588	- Info  -	[MICRO LIVE] shell send close micro_live_plugin
2023-02-10 13:33:01.830	- Info  -	[http call3] disconnect, error( 0 )
2023-02-10 13:33:01.830	- Info  -	[http call3] disconnect id:1, error( 0 )
2023-02-10 13:33:01.830	* Error *	GetFastcode failed! error:-1, msg:net error
2023-02-10 13:34:33.890	- Info  -	[ServiceEx] the service control is 13
2023-02-10 13:34:33.891	- Info  -	SERVICE_CONTROL_POWEREVENT************dwEventType:18
2023-02-10 13:34:33.891	+Warning+	[service] power event, system is resumed.
2023-02-10 13:34:35.777	- Info  -	retry login now......
2023-02-10 13:34:35.777	- Info  -	Current client status: 2
2023-02-10 13:34:35.777	- Info  -	send status_changed notify 2
2023-02-10 13:34:35.778	- Info  -	Login task time 0
2023-02-10 13:34:35.778	- Info  -	[service] retry login by power event
2023-02-10 13:34:35.860	- Info  -	Do login( type: 2 ) at 379
2023-02-10 13:34:35.860	- Info  -	[http call3] new call id:2, url:https://slapi.oray.net/remote/get-fastcode
2023-02-10 13:34:35.958	- Info  -	[http call3] id:2 create new connection : https://slapi.oray.net:443
2023-02-10 13:34:37.215	- Info  -	[ServiceEx] the service control is 13
2023-02-10 13:34:37.215	- Info  -	SERVICE_CONTROL_POWEREVENT************dwEventType:7
2023-02-10 13:34:37.215	+Warning+	[service] power event, system is resumed.
2023-02-10 13:34:37.276	- Info  -	attempt to connect server slapi.oray.net:443(121.40.200.192:443)
2023-02-10 13:34:37.544	- Info  -	[service] retry login by power event
2023-02-10 13:34:42.753	- Info  -	[http call3] id:2, url:https://slapi.oray.net/remote/get-fastcode, status code:200
2023-02-10 13:34:42.770	- Info  -	attempt to connect server rc10-fc10.oray.com:443(121.40.171.186:443)
2023-02-10 13:34:42.889	- Info  -	[service] attempted logon
2023-02-10 13:34:42.923	- Info  -	[service] logon server OK. public ip:183.219.206.222
2023-02-10 13:34:43.228	- Info  -	[online] attempted client online
2023-02-10 13:34:43.277	- Info  -	[online] client online OK.
2023-02-10 13:34:43.290	- Info  -	[online] received name:default , description:default .
2023-02-10 13:34:43.295	- Info  -	[service] attempted register client to server
2023-02-10 13:34:43.325	- Info  -	[service] registered client to server
2023-02-10 13:34:43.325	- Info  -	[http call3] new call id:3, url:https://sl-log.oray.net/slclientlog
2023-02-10 13:34:43.325	- Info  -	Current client status: 1
2023-02-10 13:34:43.325	- Info  -	send status_changed notify 1
2023-02-10 13:34:43.339	- Info  -	[http call3] id:3 create new connection : https://sl-log.oray.net:443
2023-02-10 13:34:43.358	- Info  -	attempt to connect server sl-log.oray.net:443(120.26.160.74:443)
2023-02-10 13:34:43.427	- Info  -	[discover] Client NotifyDiscover type=5
2023-02-10 13:34:43.495	- Info  -	[http call3] id:3, url:https://sl-log.oray.net/slclientlog, status code:200
2023-02-10 13:34:43.497	- Info  -	[OnLogin start]
2023-02-10 13:34:43.500	- Info  -	[OnLogin end]
2023-02-10 13:34:43.572	- Info  -	[OnLogin] WaittingTask Start
2023-02-10 13:34:43.575	- Info  -	Set auto_run : true
2023-02-10 13:34:43.753	- Info  -	[OnLogin] WaittingTask end
2023-02-10 13:34:58.713	* Error *	SSLStream::IsWantReadWrite|peer(121.40.200.192:443), SSL_read failed( 6 ), error:00000000:lib(0):func(0):reason(0), file( ..\includes\common\phstream\SSLStream.cpp:1898 )
2023-02-10 13:34:58.713	- Info  -	[http call3] disconnect, error( 0 )
2023-02-10 13:35:13.637	* Error *	SSLStream::IsWantReadWrite|peer(120.26.160.74:443), SSL_read failed( 6 ), error:00000000:lib(0):func(0):reason(0), file( ..\includes\common\phstream\SSLStream.cpp:1898 )
2023-02-10 13:35:13.638	- Info  -	[http call3] disconnect, error( 0 )
2023-02-10 13:39:16.433	- Info  -	[ServiceEx] the service control is 13
2023-02-10 13:39:16.433	- Info  -	SERVICE_CONTROL_POWEREVENT************dwEventType:4
2023-02-10 13:39:16.433	+Warning+	[service] power event, system is suspending.
2023-02-10 13:39:16.434	- Info  -	Logout ...
2023-02-10 13:39:16.434	- Info  -	[oray][erroCode] errorcode=oray_errorcode(0), product=0, type=0, inner code=0 [CMultiplexLogicStream::Disconnect_impl:121]
2023-02-10 13:39:16.434	- Info  -	[RemoteControl] disconnected server(121.40.171.186:443),error code:0
2023-02-10 13:39:16.434	* Error *	[online] online disconnected,error code:0
2023-02-10 13:39:16.434	- Info  -	[oray][erroCode] errorcode=errorcode(0), product=0, type=0, inner code=0 [COnlineHandler::OnDisconnect:86]
2023-02-10 13:39:16.434	- Info  -	[service] disconnected server(121.40.171.186:443),errorcode:0
2023-02-10 13:39:16.434	- Info  -	curStatus: 0, m_Status: 1
2023-02-10 13:39:16.434	- Info  -	[http call3] new call id:4, url:https://sl-log.oray.net/slclientlog
2023-02-10 13:39:16.434	- Info  -	Current client status: 0
2023-02-10 13:39:16.434	- Info  -	send status_changed notify 0
2023-02-10 13:39:16.434	- Info  -	[OnLogout start]
2023-02-10 13:39:16.436	- Info  -	[service] stop all projections
2023-02-10 13:39:16.436	- Info  -	[OnLogout end]
2023-02-10 13:39:16.441	- Info  -	[http call3] id:4 create new connection : https://sl-log.oray.net:443
2023-02-10 13:39:16.448	- Info  -	[MICRO LIVE] shell send close micro_live_plugin
2023-02-10 13:43:03.890	- Info  -	attempt to connect server sl-log.oray.net:443(121.199.72.21:443)
2023-02-10 13:43:05.598	- Info  -	[ServiceEx] the service control is 13
2023-02-10 13:43:05.598	- Info  -	SERVICE_CONTROL_POWEREVENT************dwEventType:18
2023-02-10 13:43:05.598	+Warning+	[service] power event, system is resumed.
2023-02-10 13:43:07.422	- Info  -	retry login now......
2023-02-10 13:43:07.422	- Info  -	Current client status: 2
2023-02-10 13:43:07.422	- Info  -	send status_changed notify 2
2023-02-10 13:43:07.422	- Info  -	Login task time 0
2023-02-10 13:43:07.423	- Info  -	[service] retry login by power event
2023-02-10 13:43:07.428	- Info  -	Do login( type: 2 ) at 379
2023-02-10 13:43:07.428	- Info  -	[http call3] new call id:5, url:https://slapi.oray.net/remote/get-fastcode
2023-02-10 13:43:07.444	- Info  -	[http call3] id:5 create new connection : https://slapi.oray.net:443
2023-02-10 13:43:07.445	- Info  -	attempt to connect server slapi.oray.net:443(121.40.200.192:443)
2023-02-10 13:43:07.877	- Info  -	[ServiceEx] the service control is 13
2023-02-10 13:43:07.927	- Info  -	SERVICE_CONTROL_POWEREVENT************dwEventType:7
2023-02-10 13:43:07.927	+Warning+	[service] power event, system is resumed.
2023-02-10 13:43:07.938	- Info  -	[service] retry login by power event
2023-02-10 13:43:12.200	- Info  -	[http call3] id:4, url:https://sl-log.oray.net/slclientlog, status code:200
2023-02-10 13:43:20.790	- Info  -	[http call3] id:5, url:https://slapi.oray.net/remote/get-fastcode, status code:200
2023-02-10 13:43:22.332	- Info  -	attempt to connect server rc10-fc04.oray.com:443(47.114.34.123:443)
2023-02-10 13:43:26.287	- Info  -	[service] attempted logon
2023-02-10 13:43:27.269	- Info  -	[service] logon server OK. public ip:183.219.206.222
2023-02-10 13:43:29.110	- Info  -	[online] attempted client online
2023-02-10 13:43:31.220	- Info  -	[online] client online OK.
2023-02-10 13:43:31.236	- Info  -	[service] attempted register client to server
2023-02-10 13:43:31.318	- Info  -	[online] received name:default , description:default .
2023-02-10 13:43:31.468	- Info  -	[service] registered client to server
2023-02-10 13:43:31.468	- Info  -	[http call3] new call id:6, url:https://sl-log.oray.net/slclientlog
2023-02-10 13:43:31.468	- Info  -	Current client status: 1
2023-02-10 13:43:31.468	- Info  -	send status_changed notify 1
2023-02-10 13:43:31.475	- Info  -	[http call3] id:6 use old connection : https://sl-log.oray.net:443
2023-02-10 13:43:31.514	- Info  -	[discover] Client NotifyDiscover type=5
2023-02-10 13:43:31.539	- Info  -	[OnLogin start]
2023-02-10 13:43:31.571	- Info  -	[OnLogin end]
2023-02-10 13:43:31.582	- Info  -	[OnLogin] WaittingTask Start
2023-02-10 13:43:31.657	- Info  -	Set auto_run : true
2023-02-10 13:43:34.467	- Info  -	[OnLogin] WaittingTask end
2023-02-10 13:43:34.904	- Info  -	[http call3] id:6, url:https://sl-log.oray.net/slclientlog, status code:200
2023-02-10 13:43:35.553	* Error *	SSLStream::IsWantReadWrite|peer(121.40.200.192:443), SSL_read failed( 6 ), error:00000000:lib(0):func(0):reason(0), file( ..\includes\common\phstream\SSLStream.cpp:1898 )
2023-02-10 13:43:35.553	- Info  -	[http call3] disconnect, error( 0 )
2023-02-10 13:44:05.286	* Error *	SSLStream::IsWantReadWrite|peer(121.199.72.21:443), SSL_read failed( 6 ), error:00000000:lib(0):func(0):reason(0), file( ..\includes\common\phstream\SSLStream.cpp:1898 )
2023-02-10 13:44:05.287	- Info  -	[http call3] disconnect, error( 0 )
2023-02-10 13:44:39.675	- Info  -	[ServiceEx] the service control is 13
2023-02-10 13:44:39.675	- Info  -	SERVICE_CONTROL_POWEREVENT************dwEventType:4
2023-02-10 13:44:39.675	+Warning+	[service] power event, system is suspending.
2023-02-10 13:44:39.677	- Info  -	Logout ...
2023-02-10 13:44:39.677	- Info  -	[oray][erroCode] errorcode=oray_errorcode(0), product=0, type=0, inner code=0 [CMultiplexLogicStream::Disconnect_impl:121]
2023-02-10 13:44:39.677	- Info  -	[RemoteControl] disconnected server(47.114.34.123:443),error code:0
2023-02-10 13:44:39.678	* Error *	[online] online disconnected,error code:0
2023-02-10 13:44:39.678	- Info  -	[oray][erroCode] errorcode=errorcode(0), product=0, type=0, inner code=0 [COnlineHandler::OnDisconnect:86]
2023-02-10 13:44:39.678	- Info  -	[service] disconnected server(47.114.34.123:443),errorcode:0
2023-02-10 13:44:39.678	- Info  -	curStatus: 0, m_Status: 1
2023-02-10 13:44:39.678	- Info  -	[http call3] new call id:7, url:https://sl-log.oray.net/slclientlog
2023-02-10 13:44:39.678	- Info  -	Current client status: 0
2023-02-10 13:44:39.678	- Info  -	send status_changed notify 0
2023-02-10 13:44:39.678	- Info  -	[OnLogout start]
2023-02-10 13:44:39.679	- Info  -	[service] stop all projections
2023-02-10 13:44:39.679	- Info  -	[OnLogout end]
2023-02-10 13:44:39.686	- Info  -	[http call3] id:7 create new connection : https://sl-log.oray.net:443
2023-02-10 13:44:39.692	- Info  -	[MICRO LIVE] shell send close micro_live_plugin
2023-02-10 13:44:39.776	- Info  -	attempt to connect server sl-log.oray.net:443(47.97.186.100:443)
2023-02-10 13:44:40.142	- Info  -	[http call3] id:7, url:https://sl-log.oray.net/slclientlog, status code:200
2023-02-10 13:46:57.515	+Warning+	[passive:keepalive:] 47.97.186.100:443 disconnect by keepalive timeout(896421>=759046+30000)
2023-02-10 13:46:57.515	+Warning+	[oray][erroCode] errorcode=ORAY_ERROR_PHSTREAM_KEEPALIVE_TIMEOUT(57351), product=0, type=3, inner code=7 [CPassiveKeepAliveHandler::Done:141]
2023-02-10 13:46:57.516	- Info  -	[http call3] disconnect, error( 57351 )
2023-02-10 13:46:58.827	- Info  -	[ServiceEx] the service control is 13
2023-02-10 13:46:58.827	- Info  -	SERVICE_CONTROL_POWEREVENT************dwEventType:18
2023-02-10 13:46:58.827	+Warning+	[service] power event, system is resumed.
2023-02-10 13:46:59.484	- Info  -	[ServiceEx] the service control is 13
2023-02-10 13:46:59.484	- Info  -	SERVICE_CONTROL_POWEREVENT************dwEventType:7
2023-02-10 13:46:59.484	+Warning+	[service] power event, system is resumed.
2023-02-10 13:47:02.479	- Info  -	retry login now......
2023-02-10 13:47:02.479	- Info  -	Current client status: 2
2023-02-10 13:47:02.479	- Info  -	send status_changed notify 2
2023-02-10 13:47:02.480	- Info  -	Login task time 0
2023-02-10 13:47:02.480	- Info  -	[service] retry login by power event
2023-02-10 13:47:02.496	- Info  -	Do login( type: 2 ) at 379
2023-02-10 13:47:02.496	- Info  -	[http call3] new call id:8, url:https://slapi.oray.net/remote/get-fastcode
2023-02-10 13:47:02.508	- Info  -	[http call3] id:8 create new connection : https://slapi.oray.net:443
2023-02-10 13:47:02.511	- Info  -	[service] retry login by power event
2023-02-10 13:47:02.511	- Info  -	attempt to connect server slapi.oray.net:443(121.40.200.192:443)
2023-02-10 13:47:03.882	- Info  -	[http call3] id:8, url:https://slapi.oray.net/remote/get-fastcode, status code:200
2023-02-10 13:47:03.908	- Info  -	attempt to connect server rc10-fc01.oray.com:443(116.62.246.30:443)
2023-02-10 13:47:04.369	- Info  -	[service] attempted logon
2023-02-10 13:47:04.824	- Info  -	[service] logon server OK. public ip:183.219.206.222
2023-02-10 13:47:04.889	- Info  -	[online] attempted client online
2023-02-10 13:47:04.920	- Info  -	[online] client online OK.
2023-02-10 13:47:04.921	- Info  -	[online] received name:default , description:default .
2023-02-10 13:47:04.934	- Info  -	[service] attempted register client to server
2023-02-10 13:47:04.976	- Info  -	[service] registered client to server
2023-02-10 13:47:04.976	- Info  -	[http call3] new call id:9, url:https://sl-log.oray.net/slclientlog
2023-02-10 13:47:04.976	- Info  -	Current client status: 1
2023-02-10 13:47:04.976	- Info  -	send status_changed notify 1
2023-02-10 13:47:04.993	- Info  -	[http call3] id:9 create new connection : https://sl-log.oray.net:443
2023-02-10 13:47:05.018	- Info  -	[discover] Client NotifyDiscover type=5
2023-02-10 13:47:05.020	- Info  -	attempt to connect server sl-log.oray.net:443(121.199.72.21:443)
2023-02-10 13:47:05.034	- Info  -	[OnLogin start]
2023-02-10 13:47:05.039	- Info  -	[OnLogin end]
2023-02-10 13:47:05.039	- Info  -	[OnLogin] WaittingTask Start
2023-02-10 13:47:05.094	- Info  -	Set auto_run : true
2023-02-10 13:47:05.193	- Info  -	[http call3] id:9, url:https://sl-log.oray.net/slclientlog, status code:200
2023-02-10 13:47:06.065	- Info  -	[OnLogin] WaittingTask end
2023-02-10 13:47:18.996	* Error *	SSLStream::IsWantReadWrite|peer(121.40.200.192:443), SSL_read failed( 6 ), error:00000000:lib(0):func(0):reason(0), file( ..\includes\common\phstream\SSLStream.cpp:1898 )
2023-02-10 13:47:18.996	- Info  -	[http call3] disconnect, error( 0 )
2023-02-10 13:47:36.894	* Error *	SSLStream::IsWantReadWrite|peer(121.199.72.21:443), SSL_read failed( 6 ), error:00000000:lib(0):func(0):reason(0), file( ..\includes\common\phstream\SSLStream.cpp:1898 )
2023-02-10 13:47:36.894	- Info  -	[http call3] disconnect, error( 0 )
2023-02-10 13:50:36.029	- Info  -	[ServiceEx] the service control is 13
2023-02-10 13:50:36.029	- Info  -	SERVICE_CONTROL_POWEREVENT************dwEventType:4
2023-02-10 13:50:36.029	+Warning+	[service] power event, system is suspending.
2023-02-10 13:50:36.030	- Info  -	Logout ...
2023-02-10 13:50:36.030	- Info  -	[oray][erroCode] errorcode=oray_errorcode(0), product=0, type=0, inner code=0 [CMultiplexLogicStream::Disconnect_impl:121]
2023-02-10 13:50:36.030	- Info  -	[RemoteControl] disconnected server(116.62.246.30:443),error code:0
2023-02-10 13:50:36.030	* Error *	[online] online disconnected,error code:0
2023-02-10 13:50:36.030	- Info  -	[oray][erroCode] errorcode=errorcode(0), product=0, type=0, inner code=0 [COnlineHandler::OnDisconnect:86]
2023-02-10 13:50:36.030	- Info  -	[service] disconnected server(116.62.246.30:443),errorcode:0
2023-02-10 13:50:36.031	- Info  -	curStatus: 0, m_Status: 1
2023-02-10 13:50:36.031	- Info  -	[http call3] new call id:10, url:https://sl-log.oray.net/slclientlog
2023-02-10 13:50:36.031	- Info  -	Current client status: 0
2023-02-10 13:50:36.031	- Info  -	send status_changed notify 0
2023-02-10 13:50:36.031	- Info  -	[OnLogout start]
2023-02-10 13:50:36.032	- Info  -	[service] stop all projections
2023-02-10 13:50:36.032	- Info  -	[OnLogout end]
2023-02-10 13:50:36.040	- Info  -	[MICRO LIVE] shell send close micro_live_plugin
2023-02-10 13:50:36.047	- Info  -	[http call3] id:10 create new connection : https://sl-log.oray.net:443
2023-02-10 13:50:36.125	- Info  -	attempt to connect server sl-log.oray.net:443(47.97.106.171:443)
2023-02-10 13:53:30.516	+Warning+	[passive:keepalive:] 47.97.106.171:443 disconnect by keepalive timeout(1289421>=1115296+30000)
2023-02-10 13:53:30.516	+Warning+	[oray][erroCode] errorcode=ORAY_ERROR_PHSTREAM_KEEPALIVE_TIMEOUT(57351), product=0, type=3, inner code=7 [CPassiveKeepAliveHandler::Done:141]
2023-02-10 13:53:30.517	- Info  -	[http call3] disconnect, error( 57351 )
2023-02-10 13:53:30.517	- Info  -	[http call3] disconnect id:10, error( 57351 )
2023-02-10 13:53:31.960	- Info  -	[ServiceEx] the service control is 13
2023-02-10 13:53:31.961	- Info  -	SERVICE_CONTROL_POWEREVENT************dwEventType:18
2023-02-10 13:53:31.961	+Warning+	[service] power event, system is resumed.
2023-02-10 13:53:32.580	- Info  -	retry login now......
2023-02-10 13:53:32.581	- Info  -	Current client status: 2
2023-02-10 13:53:32.581	- Info  -	send status_changed notify 2
2023-02-10 13:53:32.581	- Info  -	Login task time 0
2023-02-10 13:53:32.581	- Info  -	[service] retry login by power event
2023-02-10 13:53:32.639	- Info  -	Do login( type: 2 ) at 379
2023-02-10 13:53:32.639	- Info  -	[http call3] new call id:11, url:https://slapi.oray.net/remote/get-fastcode
2023-02-10 13:53:32.654	- Info  -	[http call3] id:11 create new connection : https://slapi.oray.net:443
2023-02-10 13:53:33.999	- Info  -	attempt to connect server slapi.oray.net:443(121.40.99.129:443)
2023-02-10 13:53:33.380	- Info  -	[http call3] id:11, url:https://slapi.oray.net/remote/get-fastcode, status code:200
2023-02-10 13:53:33.429	- Info  -	[ServiceEx] the service control is 13
2023-02-10 13:53:33.429	- Info  -	SERVICE_CONTROL_POWEREVENT************dwEventType:7
2023-02-10 13:53:33.429	+Warning+	[service] power event, system is resumed.
2023-02-10 13:53:33.821	- Info  -	attempt to connect server rc10-fc10.oray.com:443(121.40.171.186:443)
2023-02-10 13:53:33.826	- Info  -	[service] retry login by power event
2023-02-10 13:53:34.140	- Info  -	[service] attempted logon
2023-02-10 13:53:34.185	- Info  -	[service] logon server OK. public ip:183.219.206.222
2023-02-10 13:53:34.243	- Info  -	[online] attempted client online
2023-02-10 13:53:34.282	- Info  -	[online] client online OK.
2023-02-10 13:53:34.283	- Info  -	[service] attempted register client to server
2023-02-10 13:53:34.284	- Info  -	[online] received name:default , description:default .
2023-02-10 13:53:34.340	- Info  -	[service] registered client to server
2023-02-10 13:53:34.340	- Info  -	[http call3] new call id:12, url:https://sl-log.oray.net/slclientlog
2023-02-10 13:53:34.340	- Info  -	Current client status: 1
2023-02-10 13:53:34.340	- Info  -	send status_changed notify 1
2023-02-10 13:53:34.347	- Info  -	[http call3] id:12 create new connection : https://sl-log.oray.net:443
2023-02-10 13:53:34.387	- Info  -	[discover] Client NotifyDiscover type=5
2023-02-10 13:53:34.417	- Info  -	[OnLogin start]
2023-02-10 13:53:34.422	- Info  -	[OnLogin end]
2023-02-10 13:53:34.436	- Info  -	[OnLogin] WaittingTask Start
2023-02-10 13:53:34.447	- Info  -	attempt to connect server sl-log.oray.net:443(47.97.183.66:443)
2023-02-10 13:53:34.579	- Info  -	Set auto_run : true
2023-02-10 13:53:34.855	- Info  -	[http call3] id:12, url:https://sl-log.oray.net/slclientlog, status code:200
2023-02-10 13:53:34.881	- Info  -	[OnLogin] WaittingTask end
2023-02-10 13:53:48.369	* Error *	SSLStream::IsWantReadWrite|peer(121.40.99.129:443), SSL_read failed( 6 ), error:00000000:lib(0):func(0):reason(0), file( ..\includes\common\phstream\SSLStream.cpp:1898 )
2023-02-10 13:53:48.369	- Info  -	[http call3] disconnect, error( 0 )
2023-02-10 13:54:04.752	* Error *	SSLStream::IsWantReadWrite|peer(47.97.183.66:443), SSL_read failed( 6 ), error:00000000:lib(0):func(0):reason(0), file( ..\includes\common\phstream\SSLStream.cpp:1898 )
2023-02-10 13:54:04.753	- Info  -	[http call3] disconnect, error( 0 )
2023-02-10 13:56:06.956	- Info  -	[ServiceEx] the service control is 13
2023-02-10 13:56:06.956	- Info  -	SERVICE_CONTROL_POWEREVENT************dwEventType:4
2023-02-10 13:56:06.956	+Warning+	[service] power event, system is suspending.
2023-02-10 13:56:06.957	- Info  -	Logout ...
2023-02-10 13:56:06.957	- Info  -	[oray][erroCode] errorcode=oray_errorcode(0), product=0, type=0, inner code=0 [CMultiplexLogicStream::Disconnect_impl:121]
2023-02-10 13:56:06.957	- Info  -	[RemoteControl] disconnected server(121.40.171.186:443),error code:0
2023-02-10 13:56:06.957	* Error *	[online] online disconnected,error code:0
2023-02-10 13:56:06.957	- Info  -	[oray][erroCode] errorcode=errorcode(0), product=0, type=0, inner code=0 [COnlineHandler::OnDisconnect:86]
2023-02-10 13:56:06.957	- Info  -	[service] disconnected server(121.40.171.186:443),errorcode:0
2023-02-10 13:56:06.957	- Info  -	curStatus: 0, m_Status: 1
2023-02-10 13:56:06.958	- Info  -	[http call3] new call id:13, url:https://sl-log.oray.net/slclientlog
2023-02-10 13:56:06.958	- Info  -	Current client status: 0
2023-02-10 13:56:06.958	- Info  -	send status_changed notify 0
2023-02-10 13:56:06.958	- Info  -	[OnLogout start]
2023-02-10 13:56:06.958	- Info  -	[service] stop all projections
2023-02-10 13:56:06.958	- Info  -	[OnLogout end]
2023-02-10 13:56:06.966	- Info  -	[http call3] id:13 create new connection : https://sl-log.oray.net:443
2023-02-10 13:56:06.967	- Info  -	[MICRO LIVE] shell send close micro_live_plugin
2023-02-10 13:56:13.861	- Info  -	[ServiceEx] the service control is 13
2023-02-10 13:56:13.862	- Info  -	SERVICE_CONTROL_POWEREVENT************dwEventType:18
2023-02-10 13:56:13.862	+Warning+	[service] power event, system is resumed.
2023-02-10 13:56:14.948	- Info  -	[ServiceEx] the service control is 13
2023-02-10 13:56:14.948	- Info  -	SERVICE_CONTROL_POWEREVENT************dwEventType:7
2023-02-10 13:56:14.948	+Warning+	[service] power event, system is resumed.
2023-02-10 13:56:15.029	- Info  -	retry login now......
2023-02-10 13:56:15.029	- Info  -	Current client status: 2
2023-02-10 13:56:15.029	- Info  -	send status_changed notify 2
2023-02-10 13:56:15.029	- Info  -	Login task time 0
2023-02-10 13:56:15.030	- Info  -	[service] retry login by power event
2023-02-10 13:56:15.031	- Info  -	Do login( type: 2 ) at 379
2023-02-10 13:56:15.031	- Info  -	[http call3] new call id:14, url:https://slapi.oray.net/remote/get-fastcode
2023-02-10 13:56:15.031	- Info  -	[service] retry login by power event
2023-02-10 13:56:16.496	- Info  -	attempt to connect server sl-log.oray.net:443(47.97.186.100:443)
2023-02-10 13:56:16.497	- Info  -	[http call3] id:14 create new connection : https://slapi.oray.net:443
2023-02-10 13:56:16.498	- Info  -	attempt to connect server slapi.oray.net:443(121.40.200.192:443)
2023-02-10 13:56:16.780	- Info  -	[http call3] id:13, url:https://sl-log.oray.net/slclientlog, status code:200
2023-02-10 13:56:16.811	- Info  -	[http call3] id:14, url:https://slapi.oray.net/remote/get-fastcode, status code:200
2023-02-10 13:56:16.832	- Info  -	attempt to connect server rc10-fc13.oray.com:443(121.40.51.117:443)
2023-02-10 13:56:17.371	- Info  -	[service] attempted logon
2023-02-10 13:56:17.525	- Info  -	[service] logon server OK. public ip:183.219.206.222
2023-02-10 13:56:17.617	- Info  -	[online] attempted client online
2023-02-10 13:56:17.881	- Info  -	[online] client online OK.
2023-02-10 13:56:17.881	- Info  -	[online] received name:default , description:default .
2023-02-10 13:56:17.894	- Info  -	[service] attempted register client to server
2023-02-10 13:56:18.184	- Info  -	[service] registered client to server
2023-02-10 13:56:18.184	- Info  -	[http call3] new call id:15, url:https://sl-log.oray.net/slclientlog
2023-02-10 13:56:18.184	- Info  -	Current client status: 1
2023-02-10 13:56:18.184	- Info  -	send status_changed notify 1
2023-02-10 13:56:18.192	- Info  -	[http call3] id:15 use old connection : https://sl-log.oray.net:443
2023-02-10 13:56:18.221	- Info  -	[http call3] id:15, url:https://sl-log.oray.net/slclientlog, status code:200
2023-02-10 13:56:18.232	- Info  -	[discover] Client NotifyDiscover type=5
2023-02-10 13:56:18.278	- Info  -	[OnLogin start]
2023-02-10 13:56:18.284	- Info  -	[OnLogin end]
2023-02-10 13:56:18.316	- Info  -	[OnLogin] WaittingTask Start
2023-02-10 13:56:18.679	- Info  -	Set auto_run : true
2023-02-10 13:56:18.927	- Info  -	[OnLogin] WaittingTask end
2023-02-10 13:56:20.708	- Info  -	[ServiceEx] the service control is 13
2023-02-10 13:56:20.708	- Info  -	SERVICE_CONTROL_POWEREVENT************dwEventType:4
2023-02-10 13:56:20.708	+Warning+	[service] power event, system is suspending.
2023-02-10 13:56:20.709	- Info  -	Logout ...
2023-02-10 13:56:20.709	- Info  -	[oray][erroCode] errorcode=oray_errorcode(0), product=0, type=0, inner code=0 [CMultiplexLogicStream::Disconnect_impl:121]
2023-02-10 13:56:20.709	- Info  -	[RemoteControl] disconnected server(121.40.51.117:443),error code:0
2023-02-10 13:56:20.709	* Error *	[online] online disconnected,error code:0
2023-02-10 13:56:20.709	- Info  -	[oray][erroCode] errorcode=errorcode(0), product=0, type=0, inner code=0 [COnlineHandler::OnDisconnect:86]
2023-02-10 13:56:20.710	- Info  -	[service] disconnected server(121.40.51.117:443),errorcode:0
2023-02-10 13:56:20.710	- Info  -	curStatus: 0, m_Status: 1
2023-02-10 13:56:20.710	- Info  -	[http call3] new call id:16, url:https://sl-log.oray.net/slclientlog
2023-02-10 13:56:20.710	- Info  -	Current client status: 0
2023-02-10 13:56:20.710	- Info  -	send status_changed notify 0
2023-02-10 13:56:20.710	- Info  -	[OnLogout start]
2023-02-10 13:56:20.710	- Info  -	[service] stop all projections
2023-02-10 13:56:20.711	- Info  -	[OnLogout end]
2023-02-10 13:56:20.718	- Info  -	[http call3] id:16 use old connection : https://sl-log.oray.net:443
2023-02-10 13:56:20.720	- Info  -	[MICRO LIVE] shell send close micro_live_plugin
2023-02-10 13:56:20.987	- Info  -	[http call3] id:16, url:https://sl-log.oray.net/slclientlog, status code:200
2023-02-10 13:56:27.899	- Info  -	[ServiceEx] the service control is 13
2023-02-10 13:56:27.899	- Info  -	SERVICE_CONTROL_POWEREVENT************dwEventType:18
2023-02-10 13:56:27.899	+Warning+	[service] power event, system is resumed.
2023-02-10 13:56:29.181	- Info  -	retry login now......
2023-02-10 13:56:29.181	- Info  -	Current client status: 2
2023-02-10 13:56:29.181	- Info  -	send status_changed notify 2
2023-02-10 13:56:29.182	- Info  -	Login task time 0
2023-02-10 13:56:29.182	- Info  -	[service] retry login by power event
2023-02-10 13:56:29.194	- Info  -	Do login( type: 2 ) at 379
2023-02-10 13:56:29.194	- Info  -	[http call3] new call id:17, url:https://slapi.oray.net/remote/get-fastcode
2023-02-10 13:56:29.210	- Info  -	[http call3] id:17 use old connection : https://slapi.oray.net:443
2023-02-10 13:56:29.367	- Info  -	[ServiceEx] the service control is 13
2023-02-10 13:56:29.367	- Info  -	SERVICE_CONTROL_POWEREVENT************dwEventType:7
2023-02-10 13:56:29.367	+Warning+	[service] power event, system is resumed.
2023-02-10 13:56:29.370	- Info  -	[service] retry login by power event
2023-02-10 13:56:29.478	- Info  -	[http call3] id:17, url:https://slapi.oray.net/remote/get-fastcode, status code:200
2023-02-10 13:56:29.893	- Info  -	attempt to connect server rc10-fc08.oray.com:443(47.96.179.70:443)
2023-02-10 13:56:30.860	- Info  -	[service] attempted logon
2023-02-10 13:56:30.976	- Info  -	[service] logon server OK. public ip:183.219.206.222
2023-02-10 13:56:31.373	- Info  -	[online] attempted client online
2023-02-10 13:56:31.480	- Info  -	[online] client online OK.
2023-02-10 13:56:31.481	- Info  -	[online] received name:default , description:default .
2023-02-10 13:56:31.494	- Info  -	[service] attempted register client to server
2023-02-10 13:56:31.539	- Info  -	[service] registered client to server
2023-02-10 13:56:31.540	- Info  -	[http call3] new call id:18, url:https://sl-log.oray.net/slclientlog
2023-02-10 13:56:31.540	- Info  -	Current client status: 1
2023-02-10 13:56:31.540	- Info  -	send status_changed notify 1
2023-02-10 13:56:31.591	- Info  -	[http call3] id:18 use old connection : https://sl-log.oray.net:443
2023-02-10 13:56:31.658	- Info  -	[http call3] id:18, url:https://sl-log.oray.net/slclientlog, status code:200
2023-02-10 13:56:31.670	- Info  -	[discover] Client NotifyDiscover type=5
2023-02-10 13:56:31.694	- Info  -	[OnLogin start]
2023-02-10 13:56:31.881	- Info  -	[OnLogin end]
2023-02-10 13:56:32.018	- Info  -	[OnLogin] WaittingTask Start
2023-02-10 13:56:32.367	- Info  -	Set auto_run : true
2023-02-10 13:56:33.191	- Info  -	[OnLogin] WaittingTask end
2023-02-10 13:56:44.398	* Error *	SSLStream::IsWantReadWrite|peer(121.40.200.192:443), SSL_read failed( 6 ), error:00000000:lib(0):func(0):reason(0), file( ..\includes\common\phstream\SSLStream.cpp:1898 )
2023-02-10 13:56:44.398	- Info  -	[http call3] disconnect, error( 0 )
2023-02-10 13:56:55.384	* Error *	[online] online disconnected,error code:0
2023-02-10 13:56:55.384	- Info  -	[oray][erroCode] errorcode=errorcode(0), product=0, type=0, inner code=0 [COnlineHandler::OnDisconnect:86]
2023-02-10 13:56:55.384	- Info  -	[RemoteControl] disconnected server(47.96.179.70:443),error code:0
2023-02-10 13:56:55.384	- Info  -	[service] disconnected server(47.96.179.70:443),errorcode:10054
2023-02-10 13:56:55.384	- Info  -	curStatus: 0, m_Status: 1
2023-02-10 13:56:55.384	- Info  -	[http call3] disconnect, error( 10054 )
2023-02-10 13:56:55.384	- Info  -	[http call3] new call id:19, url:https://sl-log.oray.net/slclientlog
2023-02-10 13:56:55.385	- Info  -	Current client status: 0
2023-02-10 13:56:55.385	- Info  -	send status_changed notify 0
2023-02-10 13:56:55.385	- Info  -	[OnLogout start]
2023-02-10 13:56:55.385	- Info  -	[service] stop all projections
2023-02-10 13:56:55.385	- Info  -	retry login now......
2023-02-10 13:56:55.386	- Info  -	Current client status: 2
2023-02-10 13:56:55.386	- Info  -	send status_changed notify 2
2023-02-10 13:56:55.386	- Info  -	Login task time 0
2023-02-10 13:56:55.386	- Info  -	[OnLogout end]
2023-02-10 13:56:55.386	- Info  -	Do login( type: 2 ) at 379
2023-02-10 13:56:55.386	- Info  -	[http call3] new call id:20, url:https://slapi.oray.net/remote/get-fastcode
2023-02-10 13:56:55.399	- Info  -	[http call3] id:19 use old connection : https://sl-log.oray.net:443
2023-02-10 13:56:55.399	- Info  -	[http call3] id:20 create new connection : https://slapi.oray.net:443
2023-02-10 13:56:55.752	* Error *	[oray][erroCode] errorcode=ORAY_ERROR_DOMAIN_RESOLVED_FAILED(57394), product=0, type=3, inner code=50 [CSockConnector::ConnectSock:229]
2023-02-10 13:56:55.752	- Info  -	[http call3] id:19 create new connection : https://sl-log.oray.net:443
2023-02-10 13:56:55.792	* Error *	[oray][erroCode] errorcode=ORAY_ERROR_DOMAIN_RESOLVED_FAILED(57394), product=0, type=3, inner code=50 [CSockConnector::ConnectSock:229]
2023-02-10 13:57:25.768	- Info  -	[http call3] disconnect, error( 0 )
2023-02-10 13:57:25.768	- Info  -	[http call3] disconnect id:20, error( 0 )
2023-02-10 13:57:25.768	* Error *	GetFastcode failed! error:-1, msg:net error
2023-02-10 13:57:25.768	- Info  -	Current client status: 0
2023-02-10 13:57:25.768	- Info  -	send status_changed notify 0
2023-02-10 13:57:25.768	- Info  -	[OnLogout start]
2023-02-10 13:57:25.769	- Info  -	[service] stop all projections
2023-02-10 13:57:25.769	- Info  -	[OnLogout end]
2023-02-10 13:57:25.780	- Info  -	[http call3] disconnect, error( 0 )
2023-02-10 13:57:25.780	- Info  -	[http call3] disconnect id:19, error( 0 )
2023-02-10 13:57:25.788	- Info  -	[MICRO LIVE] shell send close micro_live_plugin
2023-02-10 13:59:27.386	- Info  -	[localserver] Not use proxy
2023-02-10 13:59:27.386	- Info  -	retry login now......
2023-02-10 13:59:27.386	- Info  -	Current client status: 2
2023-02-10 13:59:27.386	- Info  -	send status_changed notify 2
2023-02-10 13:59:27.387	- Info  -	Login task time 0
2023-02-10 13:59:27.399	- Info  -	Do login( type: 2 ) at 379
2023-02-10 13:59:27.400	- Info  -	[http call3] new call id:21, url:https://slapi.oray.net/remote/get-fastcode
2023-02-10 13:59:27.426	- Info  -	[http call3] id:21 create new connection : https://slapi.oray.net:443
2023-02-10 13:59:27.536	- Info  -	attempt to connect server slapi.oray.net:443(121.40.99.129:443)
2023-02-10 13:59:31.909	- Info  -	[http call3] id:21, url:https://slapi.oray.net/remote/get-fastcode, status code:200
2023-02-10 13:59:31.932	- Info  -	attempt to connect server rc10-fc08.oray.com:443(47.96.179.70:443)
2023-02-10 13:59:32.054	- Info  -	[service] attempted logon
2023-02-10 13:59:32.092	- Info  -	[service] logon server OK. public ip:183.219.206.222
2023-02-10 13:59:32.115	- Info  -	[online] attempted client online
2023-02-10 13:59:32.140	- Info  -	[online] client online OK.
2023-02-10 13:59:32.142	- Info  -	[service] attempted register client to server
2023-02-10 13:59:32.154	- Info  -	[online] received name:default , description:default .
2023-02-10 13:59:32.181	- Info  -	[service] registered client to server
2023-02-10 13:59:32.181	- Info  -	[http call3] new call id:22, url:https://sl-log.oray.net/slclientlog
2023-02-10 13:59:32.181	- Info  -	Current client status: 1
2023-02-10 13:59:32.181	- Info  -	send status_changed notify 1
2023-02-10 13:59:32.186	- Info  -	[http call3] id:22 create new connection : https://sl-log.oray.net:443
2023-02-10 13:59:32.234	- Info  -	[discover] Client NotifyDiscover type=5
2023-02-10 13:59:32.254	- Info  -	[OnLogin start]
2023-02-10 13:59:32.261	- Info  -	[OnLogin end]
2023-02-10 13:59:32.267	- Info  -	[OnLogin] WaittingTask Start
2023-02-10 13:59:32.369	- Info  -	Set auto_run : true
2023-02-10 13:59:32.370	- Info  -	attempt to connect server sl-log.oray.net:443(47.97.162.230:443)
2023-02-10 13:59:33.940	- Info  -	[http call3] id:22, url:https://sl-log.oray.net/slclientlog, status code:200
2023-02-10 13:59:34.107	- Info  -	[OnLogin] WaittingTask end
2023-02-10 13:59:46.924	* Error *	SSLStream::IsWantReadWrite|peer(121.40.99.129:443), SSL_read failed( 6 ), error:00000000:lib(0):func(0):reason(0), file( ..\includes\common\phstream\SSLStream.cpp:1898 )
2023-02-10 13:59:46.924	- Info  -	[http call3] disconnect, error( 0 )
2023-02-10 14:00:05.355	* Error *	SSLStream::IsWantReadWrite|peer(47.97.162.230:443), SSL_read failed( 6 ), error:00000000:lib(0):func(0):reason(0), file( ..\includes\common\phstream\SSLStream.cpp:1898 )
2023-02-10 14:00:05.356	- Info  -	[http call3] disconnect, error( 0 )
2023-02-10 14:01:32.170	+Warning+	[passive:keepalive:] 47.96.179.70:443 disconnect by keepalive timeout(1771078>=1651062+120000)
2023-02-10 14:01:32.170	+Warning+	[oray][erroCode] errorcode=ORAY_ERROR_PHSTREAM_KEEPALIVE_TIMEOUT(57351), product=0, type=3, inner code=7 [CPassiveKeepAliveHandler::Done:141]
2023-02-10 14:01:32.170	- Info  -	[oray][erroCode] errorcode=oray_errorcode(57351), product=0, type=3, inner code=7 [CMultiplexLogicStream::Disconnect_impl:121]
2023-02-10 14:01:32.170	* Error *	[online] online disconnected,error code:0
2023-02-10 14:01:32.170	- Info  -	[oray][erroCode] errorcode=errorcode(0), product=0, type=0, inner code=0 [COnlineHandler::OnDisconnect:86]
2023-02-10 14:01:32.171	- Info  -	[RemoteControl] disconnected server(47.96.179.70:443),error code:0
2023-02-10 14:01:32.171	- Info  -	[service] disconnected server(47.96.179.70:443),errorcode:0
2023-02-10 14:01:32.171	- Info  -	curStatus: 0, m_Status: 1
2023-02-10 14:01:32.171	- Info  -	[http call3] new call id:23, url:https://sl-log.oray.net/slclientlog
2023-02-10 14:01:32.171	- Info  -	Current client status: 0
2023-02-10 14:01:32.171	- Info  -	send status_changed notify 0
2023-02-10 14:01:32.171	- Info  -	[OnLogout start]
2023-02-10 14:01:32.172	- Info  -	[service] stop all projections
2023-02-10 14:01:32.172	- Info  -	retry login now......
2023-02-10 14:01:32.172	- Info  -	Current client status: 2
2023-02-10 14:01:32.172	- Info  -	send status_changed notify 2
2023-02-10 14:01:32.173	- Info  -	Login task time 0
2023-02-10 14:01:32.173	- Info  -	[OnLogout end]
2023-02-10 14:01:32.186	- Info  -	Do login( type: 2 ) at 379
2023-02-10 14:01:32.186	- Info  -	[http call3] new call id:24, url:https://slapi.oray.net/remote/get-fastcode
2023-02-10 14:01:32.186	- Info  -	[http call3] id:23 create new connection : https://sl-log.oray.net:443
2023-02-10 14:01:44.784	- Info  -	attempt to connect server sl-log.oray.net:443(47.97.106.171:443)
2023-02-10 14:01:44.785	- Info  -	[http call3] id:24 create new connection : https://slapi.oray.net:443
2023-02-10 14:01:45.813	- Info  -	attempt to connect server slapi.oray.net:443(121.40.99.129:443)
2023-02-10 14:01:47.527	- Info  -	[http call3] id:23, url:https://sl-log.oray.net/slclientlog, status code:200
2023-02-10 14:02:15.810	- Info  -	[http call3] disconnect, error( 0 )
2023-02-10 14:02:15.810	- Info  -	[http call3] disconnect id:24, error( 0 )
2023-02-10 14:02:15.810	* Error *	GetFastcode failed! error:-1, msg:net error
2023-02-10 14:02:15.810	- Info  -	Current client status: 0
2023-02-10 14:02:15.810	- Info  -	send status_changed notify 0
2023-02-10 14:02:15.810	- Info  -	[OnLogout start]
2023-02-10 14:02:15.811	- Info  -	[service] stop all projections
2023-02-10 14:02:15.811	- Info  -	[OnLogout end]
2023-02-10 14:02:15.822	- Info  -	[MICRO LIVE] shell send close micro_live_plugin
2023-02-10 14:02:22.199	* Error *	SSLStream::IsWantReadWrite|peer(47.97.106.171:443), SSL_read failed( 6 ), error:00000000:lib(0):func(0):reason(0), file( ..\includes\common\phstream\SSLStream.cpp:1898 )
2023-02-10 14:02:22.199	- Info  -	[http call3] disconnect, error( 0 )
