2022-11-24 19:51:19.127	- Info  -	version:3.2.1.40406
2022-11-24 19:51:19.361	* Error *	SSLStream|Remove temp(C:\Windows\TEMP\u2p0.0) file ok
2022-11-24 19:51:21.174	- Info  -	Initialize OK
2022-11-24 19:51:21.174	- Info  -	CAcceptorRaw::set_listener
2022-11-24 19:51:21.174	- Info  -	DesktopAgentServer created with port 0.
2022-11-24 19:51:21.658	- Info  -	[service] start listen OK,tcp:0.0.0.0:49675,udp:15813
2022-11-24 19:51:21.658	- Info  -	[discover] Client NotifyDiscover type=5
2022-11-24 19:51:21.767	- Info  -	[localserver] Not use proxy
2022-11-24 19:51:21.877	- Info  -	network error, retrying login server
2022-11-24 19:51:24.877	- Info  -	[mac] local ip:192.168.0.193
2022-11-24 19:51:24.893	- Info  -	[mac] mac address:00:F4:8D:D2:3C:CF
2022-11-24 19:51:24.893	- Info  -	get mac address: 00:F4:8D:D2:3C:CF
2022-11-24 19:51:28.150	- Info  -	os name:Microsoft Windows 10 专业版
2022-11-24 19:51:29.829	- Info  -	m_clientinfo.mac: 00:F4:8D:D2:3C:CF
2022-11-24 19:51:29.905	- Info  -	Current client status: 2
2022-11-24 19:51:29.905	- Info  -	send status_changed notify 2
2022-11-24 19:51:29.906	- Info  -	Login task time 0
2022-11-24 19:51:29.985	- Info  -	Do login( type: 2 ) at 379
2022-11-24 19:51:29.985	- Info  -	[http call3] new call id:1, url:https://slapi.oray.net/remote/get-fastcode
2022-11-24 19:51:30.053	- Info  -	[http call3] id:1 create new connection : https://slapi.oray.net:443
2022-11-24 19:51:30.100	- Info  -	attempt to connect server slapi.oray.net:443(121.40.99.129:443)
2022-11-24 19:51:30.405	- Info  -	[http call3] id:1, url:https://slapi.oray.net/remote/get-fastcode, status code:200
2022-11-24 19:51:30.418	- Info  -	attempt to connect server rc10-fc.oray.com:443(81.69.182.62:443)
2022-11-24 19:51:30.509	- Info  -	[service] attempted logon
2022-11-24 19:51:30.578	- Info  -	[service] logon server OK. public ip:183.217.165.158
2022-11-24 19:51:30.606	- Info  -	[online] attempted client online
2022-11-24 19:51:30.635	- Info  -	[online] client online OK.
2022-11-24 19:51:30.636	- Info  -	[online] received name:default , description:default .
2022-11-24 19:51:30.641	- Info  -	[service] attempted register client to server
2022-11-24 19:51:30.669	- Info  -	[service] registered client to server
2022-11-24 19:51:30.670	- Info  -	[http call3] new call id:2, url:https://sl-log.oray.net/slclientlog
2022-11-24 19:51:30.670	- Info  -	Current client status: 1
2022-11-24 19:51:30.670	- Info  -	send status_changed notify 1
2022-11-24 19:51:30.671	- Info  -	[http call3] id:2 create new connection : https://sl-log.oray.net:443
2022-11-24 19:51:30.692	- Info  -	attempt to connect server sl-log.oray.net:443(47.97.186.100:443)
2022-11-24 19:51:30.702	- Info  -	[discover] Client NotifyDiscover type=5
2022-11-24 19:51:30.714	- Info  -	[OnLogin start]
2022-11-24 19:51:30.715	- Info  -	[OnLogin end]
2022-11-24 19:51:30.734	- Info  -	[OnLogin] WaittingTask Start
2022-11-24 19:51:30.759	- Info  -	Set auto_run : true
2022-11-24 19:51:30.811	- Info  -	[OnLogin] WaittingTask end
2022-11-24 19:51:30.837	- Info  -	[http call3] id:2, url:https://sl-log.oray.net/slclientlog, status code:200
2022-11-24 19:51:45.404	* Error *	SSLStream::IsWantReadWrite|peer(121.40.99.129:443), SSL_read failed( 6 ), error:00000000:lib(0):func(0):reason(0), file( ..\includes\common\phstream\SSLStream.cpp:1898 )
2022-11-24 19:51:45.404	- Info  -	[http call3] disconnect, error( 0 )
2022-11-24 19:51:58.836	- Info  -	[MICRO LIVE] shell oninitdialog to get microlive info enable = 0 status = 0 timelast = 0
2022-11-24 19:52:00.837	* Error *	SSLStream::IsWantReadWrite|peer(47.97.186.100:443), SSL_read failed( 6 ), error:00000000:lib(0):func(0):reason(0), file( ..\includes\common\phstream\SSLStream.cpp:1898 )
2022-11-24 19:52:00.837	- Info  -	[http call3] disconnect, error( 0 )
2022-11-24 20:04:34.375	- Info  -	[ServiceEx] the service control is 13
2022-11-24 20:04:34.375	- Info  -	SERVICE_CONTROL_POWEREVENT************dwEventType:4
2022-11-24 20:04:34.375	+Warning+	[service] power event, system is suspending.
2022-11-24 20:04:34.376	- Info  -	Logout ...
2022-11-24 20:04:34.377	- Info  -	[oray][erroCode] errorcode=oray_errorcode(0), product=0, type=0, inner code=0 [CMultiplexLogicStream::Disconnect_impl:121]
2022-11-24 20:04:34.377	- Info  -	[RemoteControl] disconnected server(81.69.182.62:443),error code:0
2022-11-24 20:04:34.380	* Error *	[online] online disconnected,error code:0
2022-11-24 20:04:34.380	- Info  -	[oray][erroCode] errorcode=errorcode(0), product=0, type=0, inner code=0 [COnlineHandler::OnDisconnect:86]
2022-11-24 20:04:34.380	- Info  -	[service] disconnected server(81.69.182.62:443),errorcode:0
2022-11-24 20:04:34.380	- Info  -	curStatus: 0, m_Status: 1
2022-11-24 20:04:34.380	- Info  -	[http call3] new call id:3, url:https://sl-log.oray.net/slclientlog
2022-11-24 20:04:34.380	- Info  -	Current client status: 0
2022-11-24 20:04:34.380	- Info  -	send status_changed notify 0
2022-11-24 20:04:34.380	- Info  -	[OnLogout start]
2022-11-24 20:04:34.382	- Info  -	[service] stop all projections
2022-11-24 20:04:34.382	- Info  -	[OnLogout end]
2022-11-24 20:04:34.388	- Info  -	[http call3] id:3 create new connection : https://sl-log.oray.net:443
2022-11-24 20:04:34.392	- Info  -	[MICRO LIVE] shell send close micro_live_plugin
2022-11-24 20:04:34.409	- Info  -	attempt to connect server sl-log.oray.net:443(120.26.160.74:443)
2022-11-24 20:04:34.531	- Info  -	[http call3] id:3, url:https://sl-log.oray.net/slclientlog, status code:200
2022-11-24 20:21:58.517	+Warning+	[passive:keepalive:] 120.26.160.74:443 disconnect by keepalive timeout(1869156>=825171+30000)
2022-11-24 20:21:58.517	+Warning+	[oray][erroCode] errorcode=ORAY_ERROR_PHSTREAM_KEEPALIVE_TIMEOUT(57351), product=0, type=3, inner code=7 [CPassiveKeepAliveHandler::Done:141]
2022-11-24 20:21:58.518	- Info  -	[http call3] disconnect, error( 57351 )
2022-11-24 20:22:04.202	- Info  -	[ServiceEx] the service control is 13
2022-11-24 20:22:04.202	- Info  -	SERVICE_CONTROL_POWEREVENT************dwEventType:18
2022-11-24 20:22:04.202	+Warning+	[service] power event, system is resumed.
2022-11-24 20:22:05.041	- Info  -	retry login now......
2022-11-24 20:22:05.041	- Info  -	Current client status: 2
2022-11-24 20:22:05.041	- Info  -	send status_changed notify 2
2022-11-24 20:22:05.042	- Info  -	Login task time 0
2022-11-24 20:22:05.042	- Info  -	[service] retry login by power event
2022-11-24 20:22:05.238	- Info  -	Do login( type: 2 ) at 379
2022-11-24 20:22:05.238	- Info  -	[http call3] new call id:4, url:https://slapi.oray.net/remote/get-fastcode
2022-11-24 20:22:05.254	- Info  -	[http call3] id:4 create new connection : https://slapi.oray.net:443
2022-11-24 20:22:06.859	- Info  -	attempt to connect server slapi.oray.net:443(121.40.99.129:443)
2022-11-24 20:22:07.883	- Info  -	[http call3] id:4, url:https://slapi.oray.net/remote/get-fastcode, status code:200
2022-11-24 20:22:08.428	- Info  -	attempt to connect server rc10-fc04.oray.com:443(47.114.34.123:443)
2022-11-24 20:22:08.866	- Info  -	[service] attempted logon
2022-11-24 20:22:08.906	- Info  -	[service] logon server OK. public ip:183.217.165.158
2022-11-24 20:22:08.934	- Info  -	[online] attempted client online
2022-11-24 20:22:08.966	- Info  -	[online] client online OK.
2022-11-24 20:22:08.967	- Info  -	[online] received name:default , description:default .
2022-11-24 20:22:08.985	- Info  -	[service] attempted register client to server
2022-11-24 20:22:09.014	- Info  -	[service] registered client to server
2022-11-24 20:22:09.015	- Info  -	[http call3] new call id:5, url:https://sl-log.oray.net/slclientlog
2022-11-24 20:22:09.015	- Info  -	Current client status: 1
2022-11-24 20:22:09.015	- Info  -	send status_changed notify 1
2022-11-24 20:22:09.017	- Info  -	[http call3] id:5 create new connection : https://sl-log.oray.net:443
2022-11-24 20:22:09.382	- Info  -	[discover] Client NotifyDiscover type=5
2022-11-24 20:22:09.712	- Info  -	[OnLogin start]
2022-11-24 20:22:09.732	- Info  -	[OnLogin end]
2022-11-24 20:22:09.935	- Info  -	[OnLogin] WaittingTask Start
2022-11-24 20:22:10.034	- Info  -	[ServiceEx] the service control is 13
2022-11-24 20:22:10.034	- Info  -	SERVICE_CONTROL_POWEREVENT************dwEventType:7
2022-11-24 20:22:10.034	+Warning+	[service] power event, system is resumed.
2022-11-24 20:22:10.289	- Info  -	attempt to connect server sl-log.oray.net:443(47.97.183.66:443)
2022-11-24 20:22:10.495	- Info  -	Set auto_run : true
2022-11-24 20:22:10.727	- Info  -	[http call3] id:5, url:https://sl-log.oray.net/slclientlog, status code:200
2022-11-24 20:22:11.432	- Info  -	[OnLogin] WaittingTask end
2022-11-24 20:22:22.883	* Error *	SSLStream::IsWantReadWrite|peer(121.40.99.129:443), SSL_read failed( 6 ), error:00000000:lib(0):func(0):reason(0), file( ..\includes\common\phstream\SSLStream.cpp:1898 )
2022-11-24 20:22:22.884	- Info  -	[http call3] disconnect, error( 0 )
2022-11-24 20:22:40.723	* Error *	SSLStream::IsWantReadWrite|peer(47.97.183.66:443), SSL_read failed( 6 ), error:00000000:lib(0):func(0):reason(0), file( ..\includes\common\phstream\SSLStream.cpp:1898 )
2022-11-24 20:22:40.723	- Info  -	[http call3] disconnect, error( 0 )
2022-11-24 20:25:48.802	- Info  -	[ServiceEx] the service control is 13
2022-11-24 20:25:48.802	- Info  -	SERVICE_CONTROL_POWEREVENT************dwEventType:4
2022-11-24 20:25:48.802	+Warning+	[service] power event, system is suspending.
2022-11-24 20:25:48.803	- Info  -	Logout ...
2022-11-24 20:25:48.804	- Info  -	[oray][erroCode] errorcode=oray_errorcode(0), product=0, type=0, inner code=0 [CMultiplexLogicStream::Disconnect_impl:121]
2022-11-24 20:25:48.804	- Info  -	[RemoteControl] disconnected server(47.114.34.123:443),error code:0
2022-11-24 20:25:48.807	* Error *	[online] online disconnected,error code:0
2022-11-24 20:25:48.807	- Info  -	[oray][erroCode] errorcode=errorcode(0), product=0, type=0, inner code=0 [COnlineHandler::OnDisconnect:86]
2022-11-24 20:25:48.807	- Info  -	[service] disconnected server(47.114.34.123:443),errorcode:0
2022-11-24 20:25:48.807	- Info  -	curStatus: 0, m_Status: 1
2022-11-24 20:25:48.807	- Info  -	[http call3] new call id:6, url:https://sl-log.oray.net/slclientlog
2022-11-24 20:25:48.807	- Info  -	Current client status: 0
2022-11-24 20:25:48.807	- Info  -	send status_changed notify 0
2022-11-24 20:25:48.807	- Info  -	[OnLogout start]
2022-11-24 20:25:48.808	- Info  -	[service] stop all projections
2022-11-24 20:25:48.808	- Info  -	[OnLogout end]
2022-11-24 20:25:48.851	- Info  -	[http call3] id:6 create new connection : https://sl-log.oray.net:443
2022-11-24 20:25:48.854	- Info  -	[MICRO LIVE] shell send close micro_live_plugin
2022-11-24 20:25:48.872	- Info  -	attempt to connect server sl-log.oray.net:443(121.40.118.44:443)
2022-11-24 20:25:49.286	- Info  -	[http call3] id:6, url:https://sl-log.oray.net/slclientlog, status code:200
2022-11-24 20:27:47.517	+Warning+	[passive:keepalive:] 121.40.118.44:443 disconnect by keepalive timeout(2218156>=2099921+30000)
2022-11-24 20:27:47.518	+Warning+	[oray][erroCode] errorcode=ORAY_ERROR_PHSTREAM_KEEPALIVE_TIMEOUT(57351), product=0, type=3, inner code=7 [CPassiveKeepAliveHandler::Done:141]
2022-11-24 20:27:47.518	- Info  -	[http call3] disconnect, error( 57351 )
2022-11-24 20:27:50.065	- Info  -	[ServiceEx] the service control is 13
2022-11-24 20:27:50.066	- Info  -	SERVICE_CONTROL_POWEREVENT************dwEventType:7
2022-11-24 20:27:50.066	+Warning+	[service] power event, system is resumed.
2022-11-24 20:27:54.602	- Info  -	retry login now......
2022-11-24 20:27:54.602	- Info  -	Current client status: 2
2022-11-24 20:27:54.602	- Info  -	send status_changed notify 2
2022-11-24 20:27:54.604	- Info  -	Login task time 0
2022-11-24 20:27:54.604	- Info  -	[service] retry login by power event
2022-11-24 20:27:54.772	- Info  -	Do login( type: 2 ) at 379
2022-11-24 20:27:54.773	- Info  -	[http call3] new call id:7, url:https://slapi.oray.net/remote/get-fastcode
2022-11-24 20:27:54.790	- Info  -	[http call3] id:7 create new connection : https://slapi.oray.net:443
2022-11-24 20:27:55.153	- Info  -	attempt to connect server slapi.oray.net:443(121.40.200.192:443)
2022-11-24 20:27:55.706	- Info  -	[ServiceEx] the service control is 13
2022-11-24 20:27:55.706	- Info  -	SERVICE_CONTROL_POWEREVENT************dwEventType:18
2022-11-24 20:27:55.706	+Warning+	[service] power event, system is resumed.
2022-11-24 20:27:55.830	- Info  -	[http call3] id:7, url:https://slapi.oray.net/remote/get-fastcode, status code:200
2022-11-24 20:27:55.897	- Info  -	[service] retry login by power event
2022-11-24 20:27:55.997	- Info  -	attempt to connect server rc10-fc09.oray.com:443(81.69.153.131:443)
2022-11-24 20:27:56.426	- Info  -	[service] attempted logon
2022-11-24 20:27:56.494	- Info  -	[service] logon server OK. public ip:183.217.165.158
2022-11-24 20:27:56.541	- Info  -	[online] attempted client online
2022-11-24 20:27:56.566	- Info  -	[online] client online OK.
2022-11-24 20:27:56.567	- Info  -	[online] received name:default , description:default .
2022-11-24 20:27:56.579	- Info  -	[service] attempted register client to server
2022-11-24 20:27:56.607	- Info  -	[service] registered client to server
2022-11-24 20:27:56.607	- Info  -	[http call3] new call id:8, url:https://sl-log.oray.net/slclientlog
2022-11-24 20:27:56.607	- Info  -	Current client status: 1
2022-11-24 20:27:56.607	- Info  -	send status_changed notify 1
2022-11-24 20:27:56.619	- Info  -	[http call3] id:8 create new connection : https://sl-log.oray.net:443
2022-11-24 20:27:56.654	- Info  -	[discover] Client NotifyDiscover type=5
2022-11-24 20:27:56.741	- Info  -	[OnLogin start]
2022-11-24 20:27:56.747	- Info  -	[OnLogin end]
2022-11-24 20:27:56.760	- Info  -	[OnLogin] WaittingTask Start
2022-11-24 20:27:57.012	- Info  -	attempt to connect server sl-log.oray.net:443(47.97.186.100:443)
2022-11-24 20:27:57.151	- Info  -	Set auto_run : true
2022-11-24 20:27:57.819	- Info  -	[http call3] id:8, url:https://sl-log.oray.net/slclientlog, status code:200
2022-11-24 20:27:57.874	- Info  -	[OnLogin] WaittingTask end
2022-11-24 20:28:10.848	* Error *	SSLStream::IsWantReadWrite|peer(121.40.200.192:443), SSL_read failed( 6 ), error:00000000:lib(0):func(0):reason(0), file( ..\includes\common\phstream\SSLStream.cpp:1898 )
2022-11-24 20:28:10.848	- Info  -	[http call3] disconnect, error( 0 )
2022-11-24 20:28:27.916	* Error *	SSLStream::IsWantReadWrite|peer(47.97.186.100:443), SSL_read failed( 6 ), error:00000000:lib(0):func(0):reason(0), file( ..\includes\common\phstream\SSLStream.cpp:1898 )
2022-11-24 20:28:27.916	- Info  -	[http call3] disconnect, error( 0 )
