2022-12-15 21:47:28.661	- Info  -	version:3.2.1.40406
2022-12-15 21:47:29.110	- Info  -	[dlg_main] on_create
2022-12-15 21:47:29.575	- Info  -	attempt to connect server 127.0.0.1:16308(127.0.0.1:16308)
2022-12-15 21:47:29.694	- Info  -	[shell] OnConnect
2022-12-15 21:47:29.694	- Info  -	[shell] status_changed:1
2022-12-15 21:47:31.100	- Info  -	[dlg_main] init_fastcode_histroy
2022-12-15 21:47:31.129	- Info  -	[http call3] new call id:1, url:https://ddns.oray.com/checkip?clean=1
2022-12-15 21:47:31.129	- Info  -	[dlg_main] on_create end
2022-12-15 21:47:31.306	- Info  -	sensors init with file: C:/ProgramData/Oray/SunloginClient/sensors/datas
2022-12-15 21:47:31.354	- Info  -	[http call3] id:1 create new connection : https://ddns.oray.com:443
2022-12-15 21:47:31.505	- Info  -	[http call3] new call id:2, url:https://slapi.oray.net/client/free-tips
2022-12-15 21:47:31.717	- Info  -	attempt to connect server ddns.oray.com:443(114.215.189.130:443)
2022-12-15 21:47:31.718	- Info  -	[http call3] id:2 create new connection : https://slapi.oray.net:443
2022-12-15 21:47:32.004	- Info  -	attempt to connect server slapi.oray.net:443(121.40.200.192:443)
2022-12-15 21:47:33.223	- Info  -	[http call3] id:1, url:https://ddns.oray.com/checkip?clean=1, status code:200
2022-12-15 21:47:33.305	- Info  -	[http call3] id:2, url:https://slapi.oray.net/client/free-tips, status code:200
2022-12-15 21:47:48.303	* Error *	SSLStream::IsWantReadWrite|peer(121.40.200.192:443), SSL_read failed( 6 ), error:00000000:lib(0):func(0):reason(0), file( ..\includes\common\phstream\SSLStream.cpp:1898 )
2022-12-15 21:47:48.304	- Info  -	[http call3] disconnect, error( 0 )
2022-12-15 21:48:03.222	* Error *	SSLStream::IsWantReadWrite|peer(114.215.189.130:443), SSL_read failed( 6 ), error:00000000:lib(0):func(0):reason(0), file( ..\includes\common\phstream\SSLStream.cpp:1898 )
2022-12-15 21:48:03.222	- Info  -	[http call3] disconnect, error( 0 )
2022-12-15 22:43:28.737	- Info  -	[shell] status_changed:0
2022-12-16 09:31:37.138	- Info  -	[shell] status_changed:2
2022-12-16 09:32:07.248	- Info  -	[shell] status_changed:2
2022-12-16 09:32:07.249	- Info  -	[shell] status_changed:2
2022-12-16 09:32:37.273	- Info  -	[shell] status_changed:0
2022-12-16 09:34:45.577	- Info  -	[shell] status_changed:2
2022-12-16 09:34:47.142	- Info  -	[shell] status_changed:1
2022-12-16 09:34:47.179	- Info  -	[http call3] new call id:3, url:https://slapi.oray.net/client/free-tips
2022-12-16 09:34:47.190	- Info  -	[http call3] id:3 create new connection : https://slapi.oray.net:443
2022-12-16 09:34:47.247	- Info  -	attempt to connect server slapi.oray.net:443(121.40.99.129:443)
2022-12-16 09:34:47.538	- Info  -	[http call3] id:3, url:https://slapi.oray.net/client/free-tips, status code:200
2022-12-16 09:35:02.547	* Error *	SSLStream::IsWantReadWrite|peer(121.40.99.129:443), SSL_read failed( 6 ), error:00000000:lib(0):func(0):reason(0), file( ..\includes\common\phstream\SSLStream.cpp:1898 )
2022-12-16 09:35:02.547	- Info  -	[http call3] disconnect, error( 0 )
2022-12-16 09:48:39.598	- Info  -	[shell] status_changed:0
2022-12-16 13:36:15.835	- Info  -	[shell] status_changed:2
2022-12-16 13:36:46.047	- Info  -	[shell] status_changed:2
2022-12-16 13:36:46.051	- Info  -	[shell] status_changed:2
2022-12-16 13:36:48.773	- Info  -	[shell] status_changed:1
2022-12-16 13:36:48.807	- Info  -	[http call3] new call id:4, url:https://slapi.oray.net/client/free-tips
2022-12-16 13:36:48.822	- Info  -	[http call3] id:4 create new connection : https://slapi.oray.net:443
2022-12-16 13:36:48.823	- Info  -	attempt to connect server slapi.oray.net:443(121.40.200.192:443)
2022-12-16 13:36:49.161	- Info  -	[http call3] id:4, url:https://slapi.oray.net/client/free-tips, status code:200
2022-12-16 13:37:04.156	* Error *	SSLStream::IsWantReadWrite|peer(121.40.200.192:443), SSL_read failed( 6 ), error:00000000:lib(0):func(0):reason(0), file( ..\includes\common\phstream\SSLStream.cpp:1898 )
2022-12-16 13:37:04.157	- Info  -	[http call3] disconnect, error( 0 )
2022-12-16 13:40:16.156	- Info  -	[shell] status_changed:0
2022-12-16 14:16:51.191	- Info  -	[shell] status_changed:2
2022-12-16 14:17:21.323	- Info  -	[shell] status_changed:2
2022-12-16 14:17:21.323	- Info  -	[shell] status_changed:2
2022-12-16 14:17:23.054	- Info  -	[shell] status_changed:1
2022-12-16 14:17:23.107	- Info  -	[http call3] new call id:5, url:https://slapi.oray.net/client/free-tips
2022-12-16 14:17:23.117	- Info  -	[http call3] id:5 create new connection : https://slapi.oray.net:443
2022-12-16 14:17:23.280	- Info  -	attempt to connect server slapi.oray.net:443(121.40.200.192:443)
2022-12-16 14:17:23.728	- Info  -	[http call3] id:5, url:https://slapi.oray.net/client/free-tips, status code:200
2022-12-16 14:17:38.779	* Error *	SSLStream::IsWantReadWrite|peer(121.40.200.192:443), SSL_read failed( 6 ), error:00000000:lib(0):func(0):reason(0), file( ..\includes\common\phstream\SSLStream.cpp:1898 )
2022-12-16 14:17:38.779	- Info  -	[http call3] disconnect, error( 0 )
2022-12-16 14:28:19.018	- Info  -	[shell] status_changed:0
2022-12-16 14:51:03.388	- Info  -	[shell] status_changed:2
2022-12-16 14:51:33.560	- Info  -	[shell] status_changed:2
2022-12-16 14:51:33.564	- Info  -	[shell] status_changed:2
2022-12-16 14:52:04.337	- Info  -	[shell] status_changed:0
2022-12-16 14:54:08.439	- Info  -	[shell] status_changed:2
2022-12-16 14:54:09.446	- Info  -	[shell] status_changed:1
2022-12-16 14:54:09.513	- Info  -	[http call3] new call id:6, url:https://slapi.oray.net/client/free-tips
2022-12-16 14:54:09.591	- Info  -	[http call3] id:6 create new connection : https://slapi.oray.net:443
2022-12-16 14:54:09.778	- Info  -	attempt to connect server slapi.oray.net:443(121.40.200.192:443)
2022-12-16 14:54:10.586	- Info  -	[http call3] id:6, url:https://slapi.oray.net/client/free-tips, status code:200
2022-12-16 14:54:25.579	* Error *	SSLStream::IsWantReadWrite|peer(121.40.200.192:443), SSL_read failed( 6 ), error:00000000:lib(0):func(0):reason(0), file( ..\includes\common\phstream\SSLStream.cpp:1898 )
2022-12-16 14:54:25.579	- Info  -	[http call3] disconnect, error( 0 )
2022-12-16 15:01:39.553	- Info  -	[shell] status_changed:2
2022-12-16 15:01:39.554	- Info  -	[shell] status_changed:2
2022-12-16 15:01:40.238	- Info  -	[shell] status_changed:1
2022-12-16 15:01:40.265	- Info  -	[http call3] new call id:7, url:https://slapi.oray.net/client/free-tips
2022-12-16 15:01:40.268	- Info  -	[http call3] id:7 create new connection : https://slapi.oray.net:443
2022-12-16 15:01:40.294	- Info  -	attempt to connect server slapi.oray.net:443(121.40.200.192:443)
2022-12-16 15:01:40.503	- Info  -	[http call3] id:7, url:https://slapi.oray.net/client/free-tips, status code:200
2022-12-16 15:01:55.512	* Error *	SSLStream::IsWantReadWrite|peer(121.40.200.192:443), SSL_read failed( 6 ), error:00000000:lib(0):func(0):reason(0), file( ..\includes\common\phstream\SSLStream.cpp:1898 )
2022-12-16 15:01:55.513	- Info  -	[http call3] disconnect, error( 0 )
2022-12-16 18:08:36.020	- Info  -	[shell] status_changed:0
2022-12-16 18:09:51.383	- Info  -	[shell] status_changed:2
2022-12-16 18:09:55.267	- Info  -	[shell] status_changed:1
2022-12-16 18:09:55.299	- Info  -	[http call3] new call id:8, url:https://slapi.oray.net/client/free-tips
2022-12-16 18:09:55.359	- Info  -	[http call3] id:8 create new connection : https://slapi.oray.net:443
2022-12-16 18:09:55.451	- Info  -	attempt to connect server slapi.oray.net:443(121.40.200.192:443)
2022-12-16 18:09:56.140	- Info  -	[http call3] id:8, url:https://slapi.oray.net/client/free-tips, status code:200
2022-12-16 18:10:11.139	* Error *	SSLStream::IsWantReadWrite|peer(121.40.200.192:443), SSL_read failed( 6 ), error:00000000:lib(0):func(0):reason(0), file( ..\includes\common\phstream\SSLStream.cpp:1898 )
2022-12-16 18:10:11.140	- Info  -	[http call3] disconnect, error( 0 )
2022-12-16 18:39:43.344	- Info  -	[shell] status_changed:0
2022-12-16 20:28:29.491	- Info  -	[shell] status_changed:2
2022-12-16 20:28:59.509	- Info  -	[shell] status_changed:2
2022-12-16 20:28:59.510	- Info  -	[shell] status_changed:2
2022-12-16 20:29:29.561	- Info  -	[shell] status_changed:0
2022-12-16 20:31:34.107	- Info  -	[shell] status_changed:2
2022-12-16 20:31:35.132	- Info  -	[shell] status_changed:1
2022-12-16 20:31:35.181	- Info  -	[http call3] new call id:9, url:https://slapi.oray.net/client/free-tips
2022-12-16 20:31:35.181	- Info  -	[http call3] id:9 create new connection : https://slapi.oray.net:443
2022-12-16 20:31:35.185	- Info  -	attempt to connect server slapi.oray.net:443(121.40.99.129:443)
2022-12-16 20:31:35.433	- Info  -	[http call3] id:9, url:https://slapi.oray.net/client/free-tips, status code:200
2022-12-16 20:31:50.435	* Error *	SSLStream::IsWantReadWrite|peer(121.40.99.129:443), SSL_read failed( 6 ), error:00000000:lib(0):func(0):reason(0), file( ..\includes\common\phstream\SSLStream.cpp:1898 )
2022-12-16 20:31:50.438	- Info  -	[http call3] disconnect, error( 0 )
2022-12-16 22:14:35.242	- Info  -	[shell] status_changed:0
2022-12-17 07:24:26.146	- Info  -	[shell] status_changed:2
2022-12-17 07:24:56.302	- Info  -	[shell] status_changed:2
2022-12-17 07:24:56.302	- Info  -	[shell] status_changed:2
2022-12-17 07:25:24.985	- Info  -	[shell] status_changed:0
2022-12-17 07:27:27.827	- Info  -	[shell] status_changed:2
2022-12-17 07:27:29.573	- Info  -	[shell] status_changed:1
2022-12-17 07:27:29.647	- Info  -	[http call3] new call id:10, url:https://slapi.oray.net/client/free-tips
2022-12-17 07:27:29.652	- Info  -	[http call3] id:10 create new connection : https://slapi.oray.net:443
2022-12-17 07:27:29.685	- Info  -	attempt to connect server slapi.oray.net:443(121.40.200.192:443)
2022-12-17 07:27:30.009	- Info  -	[http call3] id:10, url:https://slapi.oray.net/client/free-tips, status code:200
2022-12-17 07:27:45.036	* Error *	SSLStream::IsWantReadWrite|peer(121.40.200.192:443), SSL_read failed( 6 ), error:00000000:lib(0):func(0):reason(0), file( ..\includes\common\phstream\SSLStream.cpp:1898 )
2022-12-17 07:27:45.036	- Info  -	[http call3] disconnect, error( 0 )
2022-12-17 09:31:58.808	- Info  -	[shell] status_changed:0
2022-12-17 09:33:59.387	- Info  -	[shell] status_changed:2
2022-12-17 09:34:29.412	- Info  -	[shell] status_changed:2
2022-12-17 09:34:29.414	- Info  -	[shell] status_changed:2
2022-12-17 09:34:30.383	- Info  -	[shell] status_changed:1
2022-12-17 09:34:30.479	- Info  -	[http call3] new call id:11, url:https://slapi.oray.net/client/free-tips
2022-12-17 09:34:30.488	- Info  -	[http call3] id:11 create new connection : https://slapi.oray.net:443
2022-12-17 09:34:30.498	- Info  -	attempt to connect server slapi.oray.net:443(121.40.99.129:443)
2022-12-17 09:34:30.730	- Info  -	[http call3] id:11, url:https://slapi.oray.net/client/free-tips, status code:200
2022-12-17 09:34:45.741	* Error *	SSLStream::IsWantReadWrite|peer(121.40.99.129:443), SSL_read failed( 6 ), error:00000000:lib(0):func(0):reason(0), file( ..\includes\common\phstream\SSLStream.cpp:1898 )
2022-12-17 09:34:45.742	- Info  -	[http call3] disconnect, error( 0 )
2022-12-17 09:36:01.118	- Info  -	[shell] status_changed:0
2022-12-17 09:36:14.582	- Info  -	[shell] status_changed:2
2022-12-17 09:36:19.660	- Info  -	[shell] status_changed:1
2022-12-17 09:36:19.689	- Info  -	[http call3] new call id:12, url:https://slapi.oray.net/client/free-tips
2022-12-17 09:36:19.717	- Info  -	[http call3] id:12 create new connection : https://slapi.oray.net:443
2022-12-17 09:36:19.915	- Info  -	attempt to connect server slapi.oray.net:443(121.40.99.129:443)
2022-12-17 09:36:20.958	- Info  -	[http call3] id:12, url:https://slapi.oray.net/client/free-tips, status code:200
2022-12-17 09:36:35.944	* Error *	SSLStream::IsWantReadWrite|peer(121.40.99.129:443), SSL_read failed( 6 ), error:00000000:lib(0):func(0):reason(0), file( ..\includes\common\phstream\SSLStream.cpp:1898 )
2022-12-17 09:36:35.951	- Info  -	[http call3] disconnect, error( 0 )
2022-12-17 11:44:00.307	- Info  -	[shell] status_changed:0
2022-12-17 13:52:41.681	- Info  -	[shell] status_changed:2
2022-12-17 13:53:11.892	- Info  -	[shell] status_changed:2
2022-12-17 13:53:11.892	- Info  -	[shell] status_changed:2
2022-12-17 13:53:12.930	- Info  -	[shell] status_changed:1
2022-12-17 13:53:12.984	- Info  -	[http call3] new call id:13, url:https://slapi.oray.net/client/free-tips
2022-12-17 13:53:12.994	- Info  -	[http call3] id:13 create new connection : https://slapi.oray.net:443
2022-12-17 13:53:13.074	- Info  -	attempt to connect server slapi.oray.net:443(121.40.99.129:443)
2022-12-17 13:53:13.442	- Info  -	[http call3] id:13, url:https://slapi.oray.net/client/free-tips, status code:200
2022-12-17 13:53:28.449	* Error *	SSLStream::IsWantReadWrite|peer(121.40.99.129:443), SSL_read failed( 6 ), error:00000000:lib(0):func(0):reason(0), file( ..\includes\common\phstream\SSLStream.cpp:1898 )
2022-12-17 13:53:28.451	- Info  -	[http call3] disconnect, error( 0 )
2022-12-17 15:37:45.863	- Info  -	[shell] status_changed:2
2022-12-17 15:37:45.867	- Info  -	[shell] status_changed:2
2022-12-17 15:37:46.579	- Info  -	[shell] status_changed:1
2022-12-17 15:37:46.653	- Info  -	[http call3] new call id:14, url:https://slapi.oray.net/client/free-tips
2022-12-17 15:37:46.660	- Info  -	[http call3] id:14 create new connection : https://slapi.oray.net:443
2022-12-17 15:37:46.667	- Info  -	attempt to connect server slapi.oray.net:443(121.40.99.129:443)
2022-12-17 15:37:46.934	- Info  -	[http call3] id:14, url:https://slapi.oray.net/client/free-tips, status code:200
2022-12-17 15:38:01.947	* Error *	SSLStream::IsWantReadWrite|peer(121.40.99.129:443), SSL_read failed( 6 ), error:00000000:lib(0):func(0):reason(0), file( ..\includes\common\phstream\SSLStream.cpp:1898 )
2022-12-17 15:38:01.947	- Info  -	[http call3] disconnect, error( 0 )
2022-12-17 16:03:02.677	- Info  -	[shell] status_changed:0
2022-12-17 16:18:49.432	- Info  -	[shell] status_changed:2
2022-12-17 16:19:19.452	- Info  -	[shell] status_changed:2
2022-12-17 16:19:19.453	- Info  -	[shell] status_changed:2
2022-12-17 16:19:49.496	- Info  -	[shell] status_changed:0
2022-12-17 18:51:23.331	- Info  -	[shell] status_changed:2
2022-12-17 18:51:53.366	- Info  -	[shell] status_changed:0
2022-12-17 18:53:57.204	- Info  -	[shell] status_changed:2
2022-12-17 18:53:58.067	- Info  -	[shell] status_changed:1
2022-12-17 18:53:58.159	- Info  -	[http call3] new call id:15, url:https://slapi.oray.net/client/free-tips
2022-12-17 18:53:58.165	- Info  -	[http call3] id:15 create new connection : https://slapi.oray.net:443
2022-12-17 18:53:58.167	- Info  -	attempt to connect server slapi.oray.net:443(121.40.99.129:443)
2022-12-17 18:53:58.425	- Info  -	[http call3] id:15, url:https://slapi.oray.net/client/free-tips, status code:200
2022-12-17 18:54:13.420	* Error *	SSLStream::IsWantReadWrite|peer(121.40.99.129:443), SSL_read failed( 6 ), error:00000000:lib(0):func(0):reason(0), file( ..\includes\common\phstream\SSLStream.cpp:1898 )
2022-12-17 18:54:13.420	- Info  -	[http call3] disconnect, error( 0 )
2022-12-17 20:01:29.809	- Info  -	[shell] status_changed:2
2022-12-17 20:01:29.812	- Info  -	[shell] status_changed:2
2022-12-17 20:01:59.853	- Info  -	[shell] status_changed:0
2022-12-17 20:04:01.781	- Info  -	[shell] status_changed:2
2022-12-17 20:04:31.795	- Info  -	[shell] status_changed:0
2022-12-17 20:06:33.598	- Info  -	[shell] status_changed:2
2022-12-17 20:07:03.631	- Info  -	[shell] status_changed:0
2022-12-17 20:09:06.601	- Info  -	[shell] status_changed:2
2022-12-17 20:09:37.189	- Info  -	[shell] status_changed:0
2022-12-17 20:11:41.783	- Info  -	[shell] status_changed:2
2022-12-17 20:11:42.528	- Info  -	[shell] status_changed:1
2022-12-17 20:11:42.605	- Info  -	[http call3] new call id:16, url:https://slapi.oray.net/client/free-tips
2022-12-17 20:11:42.620	- Info  -	[http call3] id:16 create new connection : https://slapi.oray.net:443
2022-12-17 20:11:42.630	- Info  -	attempt to connect server slapi.oray.net:443(121.40.200.192:443)
2022-12-17 20:11:42.867	- Info  -	[http call3] id:16, url:https://slapi.oray.net/client/free-tips, status code:200
2022-12-17 20:11:57.860	* Error *	SSLStream::IsWantReadWrite|peer(121.40.200.192:443), SSL_read failed( 6 ), error:00000000:lib(0):func(0):reason(0), file( ..\includes\common\phstream\SSLStream.cpp:1898 )
2022-12-17 20:11:57.860	- Info  -	[http call3] disconnect, error( 0 )
2022-12-17 21:26:13.984	- Info  -	[shell] status_changed:2
2022-12-17 21:26:13.991	- Info  -	[shell] status_changed:2
2022-12-17 21:26:44.026	- Info  -	[shell] status_changed:0
2022-12-17 21:28:48.109	- Info  -	[shell] status_changed:2
2022-12-17 21:28:56.882	- Info  -	[shell] status_changed:0
2022-12-18 13:19:28.041	- Info  -	[shell] status_changed:2
2022-12-18 13:19:58.483	- Info  -	[shell] status_changed:0
2022-12-18 13:22:01.908	- Info  -	[shell] status_changed:2
2022-12-18 13:22:32.054	- Info  -	[shell] status_changed:0
2022-12-18 13:24:35.560	- Info  -	[shell] status_changed:2
2022-12-18 19:20:41.505	- Info  -	[shell] status_changed:0
2022-12-18 19:20:50.882	- Info  -	[shell] status_changed:2
2022-12-18 19:21:20.998	- Info  -	[shell] status_changed:0
2022-12-18 19:23:26.934	- Info  -	[shell] status_changed:2
2022-12-18 19:23:27.625	- Info  -	[shell] status_changed:1
2022-12-18 19:23:27.656	- Info  -	[http call3] new call id:17, url:https://slapi.oray.net/client/free-tips
2022-12-18 19:23:27.667	- Info  -	[http call3] id:17 create new connection : https://slapi.oray.net:443
2022-12-18 19:23:27.744	- Info  -	attempt to connect server slapi.oray.net:443(121.40.99.129:443)
2022-12-18 19:23:28.013	- Info  -	[http call3] id:17, url:https://slapi.oray.net/client/free-tips, status code:200
2022-12-18 19:23:43.017	* Error *	SSLStream::IsWantReadWrite|peer(121.40.99.129:443), SSL_read failed( 6 ), error:00000000:lib(0):func(0):reason(0), file( ..\includes\common\phstream\SSLStream.cpp:1898 )
2022-12-18 19:23:43.018	- Info  -	[http call3] disconnect, error( 0 )
2022-12-18 19:35:10.875	- Info  -	[shell] status_changed:0
2022-12-18 19:44:51.323	- Info  -	[shell] status_changed:2
2022-12-18 19:44:54.043	- Info  -	[shell] status_changed:1
2022-12-18 19:44:54.076	- Info  -	[http call3] new call id:18, url:https://slapi.oray.net/client/free-tips
2022-12-18 19:44:54.125	- Info  -	[http call3] id:18 create new connection : https://slapi.oray.net:443
2022-12-18 19:44:54.233	- Info  -	attempt to connect server slapi.oray.net:443(121.40.200.192:443)
2022-12-18 19:44:54.859	- Info  -	[http call3] id:18, url:https://slapi.oray.net/client/free-tips, status code:200
2022-12-18 19:45:09.851	* Error *	SSLStream::IsWantReadWrite|peer(121.40.200.192:443), SSL_read failed( 6 ), error:00000000:lib(0):func(0):reason(0), file( ..\includes\common\phstream\SSLStream.cpp:1898 )
2022-12-18 19:45:09.852	- Info  -	[http call3] disconnect, error( 0 )
2022-12-18 21:01:55.238	- Info  -	[shell] status_changed:0
2022-12-19 09:14:32.015	- Info  -	[shell] status_changed:2
2022-12-19 09:15:02.354	- Info  -	[shell] status_changed:2
2022-12-19 09:15:02.355	- Info  -	[shell] status_changed:2
2022-12-19 09:15:30.388	- Info  -	[shell] status_changed:0
2022-12-19 09:17:35.648	- Info  -	[shell] status_changed:2
2022-12-19 09:17:36.393	- Info  -	[shell] status_changed:1
2022-12-19 09:17:36.427	- Info  -	[http call3] new call id:19, url:https://slapi.oray.net/client/free-tips
2022-12-19 09:17:36.440	- Info  -	[http call3] id:19 create new connection : https://slapi.oray.net:443
2022-12-19 09:17:36.443	- Info  -	attempt to connect server slapi.oray.net:443(121.40.200.192:443)
2022-12-19 09:17:36.660	- Info  -	[http call3] id:19, url:https://slapi.oray.net/client/free-tips, status code:200
2022-12-19 09:17:51.732	* Error *	SSLStream::IsWantReadWrite|peer(121.40.200.192:443), SSL_read failed( 6 ), error:00000000:lib(0):func(0):reason(0), file( ..\includes\common\phstream\SSLStream.cpp:1898 )
2022-12-19 09:17:51.732	- Info  -	[http call3] disconnect, error( 0 )
2022-12-19 12:53:48.182	- Info  -	[shell] status_changed:0
2022-12-19 20:14:18.671	- Info  -	[shell] status_changed:2
2022-12-19 20:14:48.950	- Info  -	[shell] status_changed:2
2022-12-19 20:14:48.950	- Info  -	[shell] status_changed:2
2022-12-19 20:15:19.076	- Info  -	[shell] status_changed:0
2022-12-19 20:17:23.102	- Info  -	[shell] status_changed:2
2022-12-19 20:17:23.963	- Info  -	[shell] status_changed:1
2022-12-19 20:17:24.027	- Info  -	[http call3] new call id:20, url:https://slapi.oray.net/client/free-tips
2022-12-19 20:17:24.037	- Info  -	[http call3] id:20 create new connection : https://slapi.oray.net:443
2022-12-19 20:17:24.042	- Info  -	attempt to connect server slapi.oray.net:443(121.40.200.192:443)
2022-12-19 20:17:24.256	- Info  -	[http call3] id:20, url:https://slapi.oray.net/client/free-tips, status code:200
2022-12-19 20:17:39.254	* Error *	SSLStream::IsWantReadWrite|peer(121.40.200.192:443), SSL_read failed( 6 ), error:00000000:lib(0):func(0):reason(0), file( ..\includes\common\phstream\SSLStream.cpp:1898 )
2022-12-19 20:17:39.254	- Info  -	[http call3] disconnect, error( 0 )
2022-12-19 20:19:31.613	- Info  -	[shell] status_changed:0
2022-12-19 20:20:16.503	- Info  -	[shell] status_changed:2
2022-12-19 20:20:18.045	- Info  -	[shell] status_changed:1
2022-12-19 20:20:18.432	- Info  -	[http call3] new call id:21, url:https://slapi.oray.net/client/free-tips
2022-12-19 20:20:18.515	- Info  -	[http call3] id:21 create new connection : https://slapi.oray.net:443
2022-12-19 20:20:18.899	- Info  -	attempt to connect server slapi.oray.net:443(121.40.200.192:443)
2022-12-19 20:20:19.506	- Info  -	[http call3] id:21, url:https://slapi.oray.net/client/free-tips, status code:200
2022-12-19 20:20:34.504	* Error *	SSLStream::IsWantReadWrite|peer(121.40.200.192:443), SSL_read failed( 6 ), error:00000000:lib(0):func(0):reason(0), file( ..\includes\common\phstream\SSLStream.cpp:1898 )
2022-12-19 20:20:34.504	- Info  -	[http call3] disconnect, error( 0 )
2022-12-19 21:23:55.829	- Info  -	[shell] status_changed:0
2022-12-20 07:53:32.175	- Info  -	[shell] status_changed:2
2022-12-20 07:54:02.529	- Info  -	[shell] status_changed:2
2022-12-20 07:54:02.644	- Info  -	[shell] status_changed:2
2022-12-20 07:54:31.783	- Info  -	[shell] status_changed:0
2022-12-20 07:56:41.939	- Info  -	[shell] status_changed:2
2022-12-20 07:56:43.153	- Info  -	[shell] status_changed:1
2022-12-20 07:56:43.228	- Info  -	[http call3] new call id:22, url:https://slapi.oray.net/client/free-tips
2022-12-20 07:56:43.259	- Info  -	[http call3] id:22 create new connection : https://slapi.oray.net:443
2022-12-20 07:56:43.264	- Info  -	attempt to connect server slapi.oray.net:443(121.40.200.192:443)
2022-12-20 08:28:06.502	- Info  -	[shell] status_changed:2
2022-12-20 08:28:06.502	- Info  -	[shell] status_changed:2
2022-12-20 08:28:06.507	+Warning+	[passive:keepalive:] 121.40.200.192:443 disconnect by keepalive timeout(384118375>=382235328+30000)
2022-12-20 08:28:06.507	+Warning+	[oray][erroCode] errorcode=ORAY_ERROR_PHSTREAM_KEEPALIVE_TIMEOUT(57351), product=0, type=3, inner code=7 [CPassiveKeepAliveHandler::Done:141]
2022-12-20 08:28:06.507	- Info  -	[http call3] disconnect, error( 57351 )
2022-12-20 08:28:06.507	- Info  -	[http call3] disconnect id:22, error( 57351 )
2022-12-20 08:28:20.321	- Info  -	[shell] status_changed:1
2022-12-20 08:28:20.343	- Info  -	[http call3] new call id:23, url:https://slapi.oray.net/client/free-tips
2022-12-20 08:28:20.350	- Info  -	[http call3] id:23 create new connection : https://slapi.oray.net:443
2022-12-20 08:28:20.412	- Info  -	attempt to connect server slapi.oray.net:443(121.40.200.192:443)
2022-12-20 08:28:20.669	- Info  -	[http call3] id:23, url:https://slapi.oray.net/client/free-tips, status code:200
2022-12-20 08:28:35.670	* Error *	SSLStream::IsWantReadWrite|peer(121.40.200.192:443), SSL_read failed( 6 ), error:00000000:lib(0):func(0):reason(0), file( ..\includes\common\phstream\SSLStream.cpp:1898 )
2022-12-20 08:28:35.670	- Info  -	[http call3] disconnect, error( 0 )
2022-12-20 12:33:30.370	- Info  -	[shell] status_changed:0
2022-12-20 13:32:24.096	- Info  -	[shell] status_changed:2
2022-12-20 13:32:54.153	- Info  -	[shell] status_changed:2
2022-12-20 13:32:54.153	- Info  -	[shell] status_changed:2
2022-12-20 13:32:55.294	- Info  -	[shell] status_changed:1
2022-12-20 13:32:55.376	- Info  -	[http call3] new call id:24, url:https://slapi.oray.net/client/free-tips
2022-12-20 13:32:55.439	- Info  -	[http call3] id:24 create new connection : https://slapi.oray.net:443
2022-12-20 13:32:55.459	- Info  -	attempt to connect server slapi.oray.net:443(121.40.200.192:443)
2022-12-20 13:32:55.832	- Info  -	[http call3] id:24, url:https://slapi.oray.net/client/free-tips, status code:200
2022-12-20 13:33:10.837	* Error *	SSLStream::IsWantReadWrite|peer(121.40.200.192:443), SSL_read failed( 6 ), error:00000000:lib(0):func(0):reason(0), file( ..\includes\common\phstream\SSLStream.cpp:1898 )
2022-12-20 13:33:10.842	- Info  -	[http call3] disconnect, error( 0 )
2022-12-20 13:35:47.839	- Info  -	[shell] status_changed:0
2022-12-20 13:45:04.404	- Info  -	[shell] status_changed:2
2022-12-20 13:45:07.367	- Info  -	[shell] status_changed:1
2022-12-20 13:45:07.440	- Info  -	[http call3] new call id:25, url:https://slapi.oray.net/client/free-tips
2022-12-20 13:45:07.509	- Info  -	[http call3] id:25 create new connection : https://slapi.oray.net:443
2022-12-20 13:45:07.679	- Info  -	attempt to connect server slapi.oray.net:443(121.40.200.192:443)
2022-12-20 13:45:08.151	- Info  -	[http call3] id:25, url:https://slapi.oray.net/client/free-tips, status code:200
2022-12-20 13:45:23.149	* Error *	SSLStream::IsWantReadWrite|peer(121.40.200.192:443), SSL_read failed( 6 ), error:00000000:lib(0):func(0):reason(0), file( ..\includes\common\phstream\SSLStream.cpp:1898 )
2022-12-20 13:45:23.149	- Info  -	[http call3] disconnect, error( 0 )
2022-12-20 13:51:37.231	- Info  -	[shell] status_changed:2
2022-12-20 13:51:37.231	- Info  -	[shell] status_changed:2
2022-12-20 13:51:38.276	- Info  -	[shell] status_changed:1
2022-12-20 13:51:38.306	- Info  -	[http call3] new call id:26, url:https://slapi.oray.net/client/free-tips
2022-12-20 13:51:38.344	- Info  -	[http call3] id:26 create new connection : https://slapi.oray.net:443
2022-12-20 13:51:38.346	- Info  -	attempt to connect server slapi.oray.net:443(121.40.99.129:443)
2022-12-20 13:51:38.586	- Info  -	[http call3] id:26, url:https://slapi.oray.net/client/free-tips, status code:200
2022-12-20 13:51:53.578	* Error *	SSLStream::IsWantReadWrite|peer(121.40.99.129:443), SSL_read failed( 6 ), error:00000000:lib(0):func(0):reason(0), file( ..\includes\common\phstream\SSLStream.cpp:1898 )
2022-12-20 13:51:53.578	- Info  -	[http call3] disconnect, error( 0 )
2022-12-20 14:41:19.828	- Info  -	[shell] status_changed:0
2022-12-20 15:23:44.680	- Info  -	[shell] status_changed:2
2022-12-20 15:24:14.803	- Info  -	[shell] status_changed:2
2022-12-20 15:24:14.803	- Info  -	[shell] status_changed:2
2022-12-20 15:24:15.484	- Info  -	[shell] status_changed:1
2022-12-20 15:24:15.535	- Info  -	[http call3] new call id:27, url:https://slapi.oray.net/client/free-tips
2022-12-20 15:24:15.548	- Info  -	[http call3] id:27 create new connection : https://slapi.oray.net:443
2022-12-20 15:24:15.555	- Info  -	attempt to connect server slapi.oray.net:443(121.40.99.129:443)
2022-12-20 15:24:15.869	- Info  -	[http call3] id:27, url:https://slapi.oray.net/client/free-tips, status code:200
2022-12-20 15:24:30.916	* Error *	SSLStream::IsWantReadWrite|peer(121.40.99.129:443), SSL_read failed( 6 ), error:00000000:lib(0):func(0):reason(0), file( ..\includes\common\phstream\SSLStream.cpp:1898 )
2022-12-20 15:24:30.917	- Info  -	[http call3] disconnect, error( 0 )
2022-12-20 15:31:45.811	- Info  -	[shell] status_changed:2
2022-12-20 15:31:45.811	- Info  -	[shell] status_changed:2
2022-12-20 15:31:46.628	- Info  -	[shell] status_changed:1
2022-12-20 15:31:46.685	- Info  -	[http call3] new call id:28, url:https://slapi.oray.net/client/free-tips
2022-12-20 15:31:46.694	- Info  -	[http call3] id:28 create new connection : https://slapi.oray.net:443
2022-12-20 15:31:46.696	- Info  -	attempt to connect server slapi.oray.net:443(121.40.200.192:443)
2022-12-20 15:31:47.116	- Info  -	[http call3] id:28, url:https://slapi.oray.net/client/free-tips, status code:200
2022-12-20 15:32:02.086	* Error *	SSLStream::IsWantReadWrite|peer(121.40.200.192:443), SSL_read failed( 6 ), error:00000000:lib(0):func(0):reason(0), file( ..\includes\common\phstream\SSLStream.cpp:1898 )
2022-12-20 15:32:02.086	- Info  -	[http call3] disconnect, error( 0 )
2022-12-20 15:49:13.819	- Info  -	[shell] status_changed:0
2022-12-20 15:50:18.418	- Info  -	[shell] status_changed:2
2022-12-20 15:50:19.688	- Info  -	[shell] status_changed:1
2022-12-20 15:50:19.718	- Info  -	[http call3] new call id:29, url:https://slapi.oray.net/client/free-tips
2022-12-20 15:50:19.721	- Info  -	[http call3] id:29 create new connection : https://slapi.oray.net:443
2022-12-20 15:50:19.848	- Info  -	attempt to connect server slapi.oray.net:443(121.40.200.192:443)
2022-12-20 15:50:20.128	- Info  -	[http call3] id:29, url:https://slapi.oray.net/client/free-tips, status code:200
2022-12-20 15:50:35.126	* Error *	SSLStream::IsWantReadWrite|peer(121.40.200.192:443), SSL_read failed( 6 ), error:00000000:lib(0):func(0):reason(0), file( ..\includes\common\phstream\SSLStream.cpp:1898 )
2022-12-20 15:50:35.129	- Info  -	[http call3] disconnect, error( 0 )
2022-12-20 16:15:42.203	- Info  -	[shell] status_changed:0
2022-12-20 16:18:04.430	- Info  -	[shell] status_changed:2
2022-12-20 16:18:10.077	- Info  -	[shell] status_changed:1
2022-12-20 16:18:10.109	- Info  -	[http call3] new call id:30, url:https://slapi.oray.net/client/free-tips
2022-12-20 16:18:10.141	- Info  -	[http call3] id:30 create new connection : https://slapi.oray.net:443
2022-12-20 16:18:10.410	- Info  -	attempt to connect server slapi.oray.net:443(121.40.200.192:443)
2022-12-20 16:18:11.017	- Info  -	[http call3] id:30, url:https://slapi.oray.net/client/free-tips, status code:200
2022-12-20 16:18:26.003	* Error *	SSLStream::IsWantReadWrite|peer(121.40.200.192:443), SSL_read failed( 6 ), error:00000000:lib(0):func(0):reason(0), file( ..\includes\common\phstream\SSLStream.cpp:1898 )
2022-12-20 16:18:26.004	- Info  -	[http call3] disconnect, error( 0 )
2022-12-20 16:38:36.240	- Info  -	[shell] status_changed:0
2022-12-20 16:39:02.471	- Info  -	[shell] status_changed:2
2022-12-20 16:39:06.470	- Info  -	[shell] status_changed:1
2022-12-20 16:39:06.502	- Info  -	[http call3] new call id:31, url:https://slapi.oray.net/client/free-tips
2022-12-20 16:39:06.637	- Info  -	[http call3] id:31 create new connection : https://slapi.oray.net:443
2022-12-20 16:39:06.786	- Info  -	attempt to connect server slapi.oray.net:443(121.40.99.129:443)
2022-12-20 16:39:07.439	- Info  -	[http call3] id:31, url:https://slapi.oray.net/client/free-tips, status code:200
2022-12-20 16:39:22.439	* Error *	SSLStream::IsWantReadWrite|peer(121.40.99.129:443), SSL_read failed( 6 ), error:00000000:lib(0):func(0):reason(0), file( ..\includes\common\phstream\SSLStream.cpp:1898 )
2022-12-20 16:39:22.440	- Info  -	[http call3] disconnect, error( 0 )
2022-12-20 18:21:37.977	- Info  -	[shell] status_changed:2
2022-12-20 18:21:37.987	- Info  -	[shell] status_changed:2
2022-12-20 18:21:38.639	- Info  -	[shell] status_changed:1
2022-12-20 18:21:38.700	- Info  -	[http call3] new call id:32, url:https://slapi.oray.net/client/free-tips
2022-12-20 18:21:38.704	- Info  -	[http call3] id:32 create new connection : https://slapi.oray.net:443
2022-12-20 18:21:38.736	- Info  -	attempt to connect server slapi.oray.net:443(121.40.200.192:443)
2022-12-20 18:21:38.947	- Info  -	[http call3] id:32, url:https://slapi.oray.net/client/free-tips, status code:200
2022-12-20 18:21:53.969	* Error *	SSLStream::IsWantReadWrite|peer(121.40.200.192:443), SSL_read failed( 6 ), error:00000000:lib(0):func(0):reason(0), file( ..\includes\common\phstream\SSLStream.cpp:1898 )
2022-12-20 18:21:53.969	- Info  -	[http call3] disconnect, error( 0 )
2022-12-20 18:28:39.039	- Info  -	[shell] status_changed:2
2022-12-20 18:28:39.041	- Info  -	[shell] status_changed:2
2022-12-20 18:28:40.064	- Info  -	[shell] status_changed:1
2022-12-20 18:28:40.142	- Info  -	[http call3] new call id:33, url:https://slapi.oray.net/client/free-tips
2022-12-20 18:28:40.183	- Info  -	[http call3] id:33 create new connection : https://slapi.oray.net:443
2022-12-20 18:28:40.184	- Info  -	attempt to connect server slapi.oray.net:443(121.40.200.192:443)
2022-12-20 18:28:40.867	- Info  -	[http call3] id:33, url:https://slapi.oray.net/client/free-tips, status code:200
2022-12-20 18:28:55.855	* Error *	SSLStream::IsWantReadWrite|peer(121.40.200.192:443), SSL_read failed( 6 ), error:00000000:lib(0):func(0):reason(0), file( ..\includes\common\phstream\SSLStream.cpp:1898 )
2022-12-20 18:28:55.855	- Info  -	[http call3] disconnect, error( 0 )
2022-12-20 21:45:14.220	- Info  -	[shell] status_changed:0
2022-12-21 08:43:49.183	- Info  -	[shell] status_changed:2
2022-12-21 08:44:19.210	- Info  -	[shell] status_changed:2
2022-12-21 08:44:19.211	- Info  -	[shell] status_changed:2
2022-12-21 08:44:20.019	- Info  -	[shell] status_changed:1
2022-12-21 08:44:20.070	- Info  -	[http call3] new call id:34, url:https://slapi.oray.net/client/free-tips
2022-12-21 08:44:20.089	- Info  -	[http call3] id:34 create new connection : https://slapi.oray.net:443
2022-12-21 08:44:20.092	- Info  -	attempt to connect server slapi.oray.net:443(121.40.99.129:443)
2022-12-21 08:44:20.425	- Info  -	[http call3] id:34, url:https://slapi.oray.net/client/free-tips, status code:200
2022-12-21 08:44:35.429	* Error *	SSLStream::IsWantReadWrite|peer(121.40.99.129:443), SSL_read failed( 6 ), error:00000000:lib(0):func(0):reason(0), file( ..\includes\common\phstream\SSLStream.cpp:1898 )
2022-12-21 08:44:35.430	- Info  -	[http call3] disconnect, error( 0 )
2022-12-21 08:47:39.767	- Info  -	[shell] status_changed:0
2022-12-21 09:33:31.185	- Info  -	[shell] status_changed:2
2022-12-21 09:33:33.336	- Info  -	[shell] status_changed:1
2022-12-21 09:33:33.363	- Info  -	[http call3] new call id:35, url:https://slapi.oray.net/client/free-tips
2022-12-21 09:33:33.374	- Info  -	[http call3] id:35 create new connection : https://slapi.oray.net:443
2022-12-21 09:33:34.110	- Info  -	attempt to connect server slapi.oray.net:443(121.40.99.129:443)
2022-12-21 09:33:34.525	- Info  -	[http call3] id:35, url:https://slapi.oray.net/client/free-tips, status code:200
2022-12-21 09:33:49.510	* Error *	SSLStream::IsWantReadWrite|peer(121.40.99.129:443), SSL_read failed( 6 ), error:00000000:lib(0):func(0):reason(0), file( ..\includes\common\phstream\SSLStream.cpp:1898 )
2022-12-21 09:33:49.510	- Info  -	[http call3] disconnect, error( 0 )
2022-12-21 12:44:04.900	- Info  -	[shell] status_changed:0
2022-12-21 12:44:20.777	- Info  -	[shell] status_changed:2
2022-12-21 12:44:50.806	- Info  -	[shell] status_changed:2
2022-12-21 12:44:50.806	- Info  -	[shell] status_changed:2
2022-12-21 12:44:51.485	- Info  -	[shell] status_changed:1
2022-12-21 12:44:51.601	- Info  -	[http call3] new call id:36, url:https://slapi.oray.net/client/free-tips
2022-12-21 12:44:51.602	- Info  -	[http call3] id:36 create new connection : https://slapi.oray.net:443
2022-12-21 12:44:51.619	- Info  -	attempt to connect server slapi.oray.net:443(121.40.99.129:443)
2022-12-21 12:44:51.887	- Info  -	[http call3] id:36, url:https://slapi.oray.net/client/free-tips, status code:200
2022-12-21 12:45:06.870	* Error *	SSLStream::IsWantReadWrite|peer(121.40.99.129:443), SSL_read failed( 6 ), error:00000000:lib(0):func(0):reason(0), file( ..\includes\common\phstream\SSLStream.cpp:1898 )
2022-12-21 12:45:06.870	- Info  -	[http call3] disconnect, error( 0 )
2022-12-21 21:59:10.991	- Info  -	[shell] status_changed:0
2022-12-22 08:16:19.060	- Info  -	[shell] status_changed:2
2022-12-22 08:16:49.227	- Info  -	[shell] status_changed:2
2022-12-22 08:16:49.228	- Info  -	[shell] status_changed:2
2022-12-22 08:16:50.517	- Info  -	[shell] status_changed:1
2022-12-22 08:16:50.558	- Info  -	[http call3] new call id:37, url:https://slapi.oray.net/client/free-tips
2022-12-22 08:16:50.562	- Info  -	[http call3] id:37 create new connection : https://slapi.oray.net:443
2022-12-22 08:16:50.608	- Info  -	attempt to connect server slapi.oray.net:443(121.40.200.192:443)
2022-12-22 08:16:50.945	- Info  -	[http call3] id:37, url:https://slapi.oray.net/client/free-tips, status code:200
2022-12-22 08:17:05.944	* Error *	SSLStream::IsWantReadWrite|peer(121.40.200.192:443), SSL_read failed( 6 ), error:00000000:lib(0):func(0):reason(0), file( ..\includes\common\phstream\SSLStream.cpp:1898 )
2022-12-22 08:17:05.944	- Info  -	[http call3] disconnect, error( 0 )
2022-12-22 08:26:10.419	- Info  -	[shell] status_changed:0
2022-12-22 08:26:18.691	- Info  -	[shell] status_changed:2
2022-12-22 08:26:19.855	- Info  -	[shell] status_changed:1
2022-12-22 08:26:19.968	- Info  -	[http call3] new call id:38, url:https://slapi.oray.net/client/free-tips
2022-12-22 08:26:19.986	- Info  -	[http call3] id:38 create new connection : https://slapi.oray.net:443
2022-12-22 08:26:20.247	- Info  -	attempt to connect server slapi.oray.net:443(121.40.99.129:443)
2022-12-22 08:26:20.934	- Info  -	[http call3] id:38, url:https://slapi.oray.net/client/free-tips, status code:200
2022-12-22 08:26:34.229	- Info  -	[shell] status_changed:0
2022-12-22 08:26:42.478	- Info  -	[shell] status_changed:2
2022-12-22 08:26:43.315	- Info  -	[shell] status_changed:1
2022-12-22 08:26:43.342	- Info  -	[http call3] new call id:39, url:https://slapi.oray.net/client/free-tips
2022-12-22 08:26:43.347	- Info  -	[http call3] id:39 use old connection : https://slapi.oray.net:443
2022-12-22 08:26:47.738	- Info  -	[shell] status_changed:0
2022-12-22 08:26:51.502	+Warning+	[passive:keepalive:] 121.40.99.129:443 disconnect by keepalive timeout(556843687>=556813109+30000)
2022-12-22 08:26:51.502	+Warning+	[oray][erroCode] errorcode=ORAY_ERROR_PHSTREAM_KEEPALIVE_TIMEOUT(57351), product=0, type=3, inner code=7 [CPassiveKeepAliveHandler::Done:141]
2022-12-22 08:26:51.502	- Info  -	[http call3] disconnect, error( 57351 )
2022-12-22 08:26:51.502	- Info  -	[http call3] disconnect id:39, error( 57351 )
2022-12-22 08:26:51.502	- Info  -	[http call3] id:39 create new connection : https://slapi.oray.net:443
2022-12-22 08:26:53.434	- Info  -	[shell] status_changed:2
2022-12-22 08:26:55.442	- Info  -	attempt to connect server slapi.oray.net:443(121.40.99.129:443)
2022-12-22 08:26:55.557	- Info  -	[shell] status_changed:1
2022-12-22 08:26:55.578	- Info  -	[http call3] new call id:40, url:https://slapi.oray.net/client/free-tips
2022-12-22 08:26:55.583	- Info  -	[http call3] id:40 use old connection : https://slapi.oray.net:443
2022-12-22 08:26:55.921	- Info  -	[http call3] id:39, url:https://slapi.oray.net/client/free-tips, status code:200
2022-12-22 08:26:56.008	- Info  -	[http call3] id:40, url:https://slapi.oray.net/client/free-tips, status code:200
2022-12-22 08:27:11.004	* Error *	SSLStream::IsWantReadWrite|peer(121.40.99.129:443), SSL_read failed( 6 ), error:00000000:lib(0):func(0):reason(0), file( ..\includes\common\phstream\SSLStream.cpp:1898 )
2022-12-22 08:27:11.005	- Info  -	[http call3] disconnect, error( 0 )
