2023-03-13 10:27:51.285	- Info  -	version:3.2.1.40406
2023-03-13 10:27:51.332	* Error *	SSLStream|Remove temp(C:\Windows\TEMP\u2q4.0) file ok
2023-03-13 10:27:56.582	- Info  -	Initialize OK
2023-03-13 10:27:56.582	- Info  -	CAcceptorRaw::set_listener
2023-03-13 10:27:56.583	- Info  -	DesktopAgentServer created with port 0.
2023-03-13 10:27:56.662	* Error *	[udpstack] bind 0.0.0.0:15205 error , errorno = 10048
2023-03-13 10:27:56.665	- Info  -	[service] start listen OK,tcp:0.0.0.0:49681,udp:15316
2023-03-13 10:27:56.680	- Info  -	[discover] Client NotifyDiscover type=5
2023-03-13 10:27:56.704	- Info  -	[localserver] Not use proxy
2023-03-13 10:27:56.710	- Info  -	[mac] local ip:172.16.76.182
2023-03-13 10:27:56.715	- Info  -	[mac] mac address:02:F4:2F:D2:C4:65
2023-03-13 10:27:56.715	- Info  -	get mac address: 02:F4:2F:D2:C4:65
2023-03-13 10:27:57.639	- Info  -	os name:Microsoft Windows 10 专业版
2023-03-13 10:27:58.717	- Info  -	m_clientinfo.mac: 02:F4:2F:D2:C4:65
2023-03-13 10:27:58.837	- Info  -	Current client status: 2
2023-03-13 10:27:58.837	- Info  -	send status_changed notify 2
2023-03-13 10:27:58.837	- Info  -	Login task time 0
2023-03-13 10:27:58.862	- Info  -	Do login( type: 2 ) at 379
2023-03-13 10:27:58.862	- Info  -	[http call3] new call id:1, url:https://slapi.oray.net/remote/get-fastcode
2023-03-13 10:27:58.863	- Info  -	[http call3] id:1 create new connection : https://slapi.oray.net:443
2023-03-13 10:27:58.919	- Info  -	attempt to connect server slapi.oray.net:443(121.40.200.192:443)
2023-03-13 10:27:59.093	- Info  -	[http call3] id:1, url:https://slapi.oray.net/remote/get-fastcode, status code:200
2023-03-13 10:27:59.100	- Info  -	attempt to connect server rc10-fc03.oray.com:443(8.136.215.212:443)
2023-03-13 10:27:59.233	- Info  -	[service] attempted logon
2023-03-13 10:27:59.271	- Info  -	[service] logon server OK. public ip:223.82.110.30
2023-03-13 10:27:59.294	- Info  -	[online] attempted client online
2023-03-13 10:27:59.320	- Info  -	[online] client online OK.
2023-03-13 10:27:59.320	- Info  -	[online] received name:default , description:default .
2023-03-13 10:27:59.323	- Info  -	[service] attempted register client to server
2023-03-13 10:27:59.427	- Info  -	[service] registered client to server
2023-03-13 10:27:59.427	- Info  -	[http call3] new call id:2, url:https://sl-log.oray.net/slclientlog
2023-03-13 10:27:59.427	- Info  -	Current client status: 1
2023-03-13 10:27:59.427	- Info  -	send status_changed notify 1
2023-03-13 10:27:59.429	- Info  -	[http call3] id:2 create new connection : https://sl-log.oray.net:443
2023-03-13 10:27:59.438	- Info  -	attempt to connect server sl-log.oray.net:443(120.26.160.74:443)
2023-03-13 10:27:59.439	- Info  -	[discover] Client NotifyDiscover type=5
2023-03-13 10:27:59.555	- Info  -	[OnLogin start]
2023-03-13 10:27:59.556	- Info  -	[OnLogin end]
2023-03-13 10:27:59.561	- Info  -	[OnLogin] WaittingTask Start
2023-03-13 10:27:59.563	- Info  -	Set auto_run : true
2023-03-13 10:27:59.598	- Info  -	[http call3] id:2, url:https://sl-log.oray.net/slclientlog, status code:200
2023-03-13 10:27:59.614	- Info  -	[OnLogin] WaittingTask end
2023-03-13 10:28:14.093	* Error *	SSLStream::IsWantReadWrite|peer(121.40.200.192:443), SSL_read failed( 6 ), error:00000000:lib(0):func(0):reason(0), file( ..\includes\common\phstream\SSLStream.cpp:1898 )
2023-03-13 10:28:14.093	- Info  -	[http call3] disconnect, error( 0 )
2023-03-13 10:28:19.497	- Info  -	[MICRO LIVE] shell oninitdialog to get microlive info enable = 0 status = 0 timelast = 0
2023-03-13 10:28:29.599	* Error *	SSLStream::IsWantReadWrite|peer(120.26.160.74:443), SSL_read failed( 6 ), error:00000000:lib(0):func(0):reason(0), file( ..\includes\common\phstream\SSLStream.cpp:1898 )
2023-03-13 10:28:29.599	- Info  -	[http call3] disconnect, error( 0 )
2023-03-13 15:21:22.347	- Info  -	[ServiceEx] the service control is 13
2023-03-13 15:21:22.348	- Info  -	SERVICE_CONTROL_POWEREVENT************dwEventType:10
2023-03-13 17:00:28.839	- Info  -	[ServiceEx] the service control is 13
2023-03-13 17:00:28.842	- Info  -	SERVICE_CONTROL_POWEREVENT************dwEventType:10
2023-03-13 17:00:30.985	- Info  -	[ServiceEx] the service control is 13
2023-03-13 17:00:30.985	- Info  -	SERVICE_CONTROL_POWEREVENT************dwEventType:10
2023-03-13 20:21:31.657	- Info  -	[ServiceEx] the service control is 13
2023-03-13 20:21:31.657	- Info  -	SERVICE_CONTROL_POWEREVENT************dwEventType:4
2023-03-13 20:21:31.657	+Warning+	[service] power event, system is suspending.
2023-03-13 20:21:31.678	- Info  -	Logout ...
2023-03-13 20:21:31.681	- Info  -	[oray][erroCode] errorcode=oray_errorcode(0), product=0, type=0, inner code=0 [CMultiplexLogicStream::Disconnect_impl:121]
2023-03-13 20:21:31.681	- Info  -	[RemoteControl] disconnected server(8.136.215.212:443),error code:0
2023-03-13 20:21:31.687	* Error *	[online] online disconnected,error code:0
2023-03-13 20:21:31.687	- Info  -	[oray][erroCode] errorcode=errorcode(0), product=0, type=0, inner code=0 [COnlineHandler::OnDisconnect:86]
2023-03-13 20:21:31.688	- Info  -	[service] disconnected server(8.136.215.212:443),errorcode:0
2023-03-13 20:21:31.690	- Info  -	curStatus: 0, m_Status: 1
2023-03-13 20:21:31.701	- Info  -	[http call3] new call id:3, url:https://sl-log.oray.net/slclientlog
2023-03-13 20:21:31.704	- Info  -	Current client status: 0
2023-03-13 20:21:31.704	- Info  -	send status_changed notify 0
2023-03-13 20:21:31.704	- Info  -	[OnLogout start]
2023-03-13 20:21:31.706	- Info  -	[service] stop all projections
2023-03-13 20:21:31.707	- Info  -	[OnLogout end]
2023-03-13 20:21:31.719	- Info  -	[http call3] id:3 create new connection : https://sl-log.oray.net:443
2023-03-13 20:21:31.746	- Info  -	attempt to connect server sl-log.oray.net:443(121.40.118.44:443)
2023-03-13 20:21:31.756	- Info  -	[MICRO LIVE] shell send close micro_live_plugin
2023-03-13 20:21:32.199	- Info  -	[http call3] id:3, url:https://sl-log.oray.net/slclientlog, status code:200
2023-03-14 12:38:53.076	+Warning+	[passive:keepalive:] 121.40.118.44:443 disconnect by keepalive timeout(94285140>=35644250+30000)
2023-03-14 12:38:53.076	+Warning+	[oray][erroCode] errorcode=ORAY_ERROR_PHSTREAM_KEEPALIVE_TIMEOUT(57351), product=0, type=3, inner code=7 [CPassiveKeepAliveHandler::Done:141]
2023-03-14 12:38:53.076	- Info  -	[http call3] disconnect, error( 57351 )
2023-03-14 12:38:57.993	- Info  -	[ServiceEx] the service control is 13
2023-03-14 12:38:57.993	- Info  -	SERVICE_CONTROL_POWEREVENT************dwEventType:18
2023-03-14 12:38:57.993	+Warning+	[service] power event, system is resumed.
2023-03-14 12:39:00.229	- Info  -	[ServiceEx] the service control is 13
2023-03-14 12:39:00.229	- Info  -	SERVICE_CONTROL_POWEREVENT************dwEventType:7
2023-03-14 12:39:00.229	+Warning+	[service] power event, system is resumed.
2023-03-14 12:39:05.329	- Info  -	retry login now......
2023-03-14 12:39:05.329	- Info  -	Current client status: 2
2023-03-14 12:39:05.329	- Info  -	send status_changed notify 2
2023-03-14 12:39:05.331	- Info  -	Login task time 0
2023-03-14 12:39:05.336	- Info  -	[service] retry login by power event
2023-03-14 12:39:05.428	- Info  -	Do login( type: 2 ) at 379
2023-03-14 12:39:05.436	- Info  -	[http call3] new call id:4, url:https://slapi.oray.net/remote/get-fastcode
2023-03-14 12:39:05.504	- Info  -	[http call3] id:4 create new connection : https://slapi.oray.net:443
2023-03-14 12:39:05.563	* Error *	[oray][erroCode] errorcode=ORAY_ERROR_DOMAIN_RESOLVED_FAILED(57394), product=0, type=3, inner code=50 [CSockConnector::ConnectSock:229]
2023-03-14 12:39:11.976	- Info  -	[service] retry login by power event
2023-03-14 12:39:35.579	- Info  -	[http call3] disconnect, error( 0 )
2023-03-14 12:39:35.579	- Info  -	[http call3] disconnect id:4, error( 0 )
2023-03-14 12:39:35.579	* Error *	GetFastcode failed! error:-1, msg:net error
2023-03-14 12:39:35.579	- Info  -	Current client status: 0
2023-03-14 12:39:35.579	- Info  -	send status_changed notify 0
2023-03-14 12:39:35.579	- Info  -	[OnLogout start]
2023-03-14 12:39:35.580	- Info  -	[service] stop all projections
2023-03-14 12:39:35.581	- Info  -	retry login now......
2023-03-14 12:39:35.581	- Info  -	Current client status: 2
2023-03-14 12:39:35.581	- Info  -	send status_changed notify 2
2023-03-14 12:39:35.582	- Info  -	Login task time 0
2023-03-14 12:39:35.582	- Info  -	[OnLogout end]
2023-03-14 12:39:35.711	- Info  -	Do login( type: 2 ) at 379
2023-03-14 12:39:35.712	- Info  -	[http call3] new call id:5, url:https://slapi.oray.net/remote/get-fastcode
2023-03-14 12:39:35.727	- Info  -	[http call3] id:5 create new connection : https://slapi.oray.net:443
2023-03-14 12:39:35.742	- Info  -	attempt to connect server slapi.oray.net:443(121.40.99.129:443)
2023-03-14 12:39:36.100	- Info  -	[http call3] id:5, url:https://slapi.oray.net/remote/get-fastcode, status code:200
2023-03-14 12:39:36.303	- Info  -	attempt to connect server rc10-fc06.oray.com:443(120.26.127.51:443)
2023-03-14 12:39:36.487	- Info  -	[service] attempted logon
2023-03-14 12:39:36.535	- Info  -	[service] logon server OK. public ip:223.82.110.30
2023-03-14 12:39:36.565	- Info  -	[online] attempted client online
2023-03-14 12:39:36.600	- Info  -	[online] client online OK.
2023-03-14 12:39:36.601	- Info  -	[online] received name:default , description:default .
2023-03-14 12:39:36.605	- Info  -	[service] attempted register client to server
2023-03-14 12:39:36.630	- Info  -	[service] registered client to server
2023-03-14 12:39:36.633	- Info  -	[http call3] new call id:6, url:https://sl-log.oray.net/slclientlog
2023-03-14 12:39:36.633	- Info  -	Current client status: 1
2023-03-14 12:39:36.633	- Info  -	send status_changed notify 1
2023-03-14 12:39:36.645	- Info  -	[http call3] id:6 create new connection : https://sl-log.oray.net:443
2023-03-14 12:39:36.659	- Info  -	[discover] Client NotifyDiscover type=5
2023-03-14 12:39:36.663	- Info  -	attempt to connect server sl-log.oray.net:443(47.97.186.100:443)
2023-03-14 12:39:36.722	- Info  -	[OnLogin start]
2023-03-14 12:39:36.724	- Info  -	[OnLogin end]
2023-03-14 12:39:36.785	- Info  -	[OnLogin] WaittingTask Start
2023-03-14 12:39:36.794	- Info  -	Set auto_run : true
2023-03-14 12:39:36.820	- Info  -	[http call3] id:6, url:https://sl-log.oray.net/slclientlog, status code:200
2023-03-14 12:39:37.610	- Info  -	[OnLogin] WaittingTask end
2023-03-14 12:39:51.008	* Error *	SSLStream::IsWantReadWrite|peer(121.40.99.129:443), SSL_read failed( 6 ), error:00000000:lib(0):func(0):reason(0), file( ..\includes\common\phstream\SSLStream.cpp:1898 )
2023-03-14 12:39:51.008	- Info  -	[http call3] disconnect, error( 0 )
2023-03-14 12:40:06.822	* Error *	SSLStream::IsWantReadWrite|peer(47.97.186.100:443), SSL_read failed( 6 ), error:00000000:lib(0):func(0):reason(0), file( ..\includes\common\phstream\SSLStream.cpp:1898 )
2023-03-14 12:40:06.822	- Info  -	[http call3] disconnect, error( 0 )
2023-03-14 15:07:01.910	- Info  -	[ServiceEx] the service control is 13
2023-03-14 15:07:01.910	- Info  -	SERVICE_CONTROL_POWEREVENT************dwEventType:10
2023-03-14 17:01:17.227	- Info  -	[ServiceEx] the service control is 5
2023-03-14 17:01:17.227	- Info  -	SERVICE_CONTROL_SHUTDOWN************
2023-03-14 17:01:17.228	- Info  -	[discover] Client NotifyDiscover type=6
2023-03-14 17:01:17.237	- Info  -	Logout ...
2023-03-14 17:01:17.237	- Info  -	[oray][erroCode] errorcode=oray_errorcode(0), product=0, type=0, inner code=0 [CMultiplexLogicStream::Disconnect_impl:121]
2023-03-14 17:01:17.237	- Info  -	[RemoteControl] disconnected server(120.26.127.51:443),error code:0
2023-03-14 17:01:17.237	* Error *	[online] online disconnected,error code:0
2023-03-14 17:01:17.237	- Info  -	[oray][erroCode] errorcode=errorcode(0), product=0, type=0, inner code=0 [COnlineHandler::OnDisconnect:86]
2023-03-14 17:01:17.237	- Info  -	[service] disconnected server(120.26.127.51:443),errorcode:0
2023-03-14 17:01:17.237	- Info  -	curStatus: 0, m_Status: 1
2023-03-14 17:01:17.238	- Info  -	[http call3] new call id:7, url:https://sl-log.oray.net/slclientlog
2023-03-14 17:01:17.238	- Info  -	Current client status: 0
2023-03-14 17:01:17.293	- Info  -	[http call3] id:7 create new connection : https://sl-log.oray.net:443
2023-03-14 17:01:17.351	- Info  -	attempt to connect server sl-log.oray.net:443(47.97.162.230:443)
2023-03-14 17:01:17.587	- Info  -	[http call3] id:7, url:https://sl-log.oray.net/slclientlog, status code:200
2023-03-14 17:01:17.884	- Info  -	[CUDPLibWrapper] map size: 0, value: 
2023-03-14 17:01:17.929	- Info  -	[service] stop listen OK
2023-03-14 17:01:17.954	- Info  -	[service] stop all projections
2023-03-14 17:01:17.954	- Info  -	[discover] Client NotifyDiscover type=6
2023-03-14 17:01:18.661	- Info  -	[http call3] disconnect, error( 10054 )
2023-03-14 17:01:20.969	* Error *	[hidden_wnd] Message Thread Exit wrong: 258
2023-03-14 17:01:20.993	- Info  -	[CUDPLibWrapper] map size: 0, value: 
2023-03-14 17:01:21.993	- Info  -	Terminate OK
2023-03-14 17:01:21.993	- Info  -	Terminate OK
2023-03-14 17:01:21.008	- Info  -	[service] stop all projections
2023-03-14 17:01:21.024	- Info  -	program service is exit 
