2022-11-20 09:12:16.993	- Info  -	version:3.2.1.40406
2022-11-20 09:12:17.383	* Error *	SSLStream|Remove temp(C:\Windows\TEMP\u370.0) file ok
2022-11-20 09:12:19.417	- Info  -	Initialize OK
2022-11-20 09:12:19.417	- Info  -	CAcceptorRaw::set_listener
2022-11-20 09:12:19.417	- Info  -	DesktopAgentServer created with port 0.
2022-11-20 09:12:19.933	- Info  -	[service] start listen OK,tcp:0.0.0.0:49679,udp:15276
2022-11-20 09:12:19.933	- Info  -	[discover] Client NotifyDiscover type=5
2022-11-20 09:12:20.120	- Info  -	[localserver] Not use proxy
2022-11-20 09:12:20.183	- Info  -	[mac] local ip:192.168.0.193
2022-11-20 09:12:20.308	- Info  -	[mac] mac address:00:F4:8D:D2:3C:CF
2022-11-20 09:12:20.308	- Info  -	get mac address: 00:F4:8D:D2:3C:CF
2022-11-20 09:12:22.123	- Info  -	os name:Microsoft Windows 10 专业版
2022-11-20 09:12:24.064	- Info  -	m_clientinfo.mac: 00:F4:8D:D2:3C:CF
2022-11-20 09:12:24.152	- Info  -	Current client status: 2
2022-11-20 09:12:24.152	- Info  -	send status_changed notify 2
2022-11-20 09:12:24.152	- Info  -	Login task time 0
2022-11-20 09:12:24.187	- Info  -	Do login( type: 2 ) at 379
2022-11-20 09:12:24.187	- Info  -	[http call3] new call id:1, url:https://slapi.oray.net/remote/get-fastcode
2022-11-20 09:12:24.210	- Info  -	[http call3] id:1 create new connection : https://slapi.oray.net:443
2022-11-20 09:12:24.320	- Info  -	attempt to connect server slapi.oray.net:443(121.40.99.129:443)
2022-11-20 09:12:27.032	- Info  -	[http call3] id:1, url:https://slapi.oray.net/remote/get-fastcode, status code:200
2022-11-20 09:12:27.048	- Info  -	attempt to connect server rc10-fc11.oray.com:443(81.69.183.65:443)
2022-11-20 09:12:27.184	- Info  -	[service] attempted logon
2022-11-20 09:12:27.249	- Info  -	[service] logon server OK. public ip:183.217.165.179
2022-11-20 09:12:27.275	- Info  -	[online] attempted client online
2022-11-20 09:12:27.305	- Info  -	[online] client online OK.
2022-11-20 09:12:27.306	- Info  -	[online] received name:default , description:default .
2022-11-20 09:12:27.317	- Info  -	[service] attempted register client to server
2022-11-20 09:12:27.342	- Info  -	[service] registered client to server
2022-11-20 09:12:27.342	- Info  -	[http call3] new call id:2, url:https://sl-log.oray.net/slclientlog
2022-11-20 09:12:27.349	- Info  -	Current client status: 1
2022-11-20 09:12:27.350	- Info  -	send status_changed notify 1
2022-11-20 09:12:27.350	- Info  -	[http call3] id:2 create new connection : https://sl-log.oray.net:443
2022-11-20 09:12:27.366	- Info  -	attempt to connect server sl-log.oray.net:443(121.41.32.171:443)
2022-11-20 09:12:27.368	- Info  -	[discover] Client NotifyDiscover type=5
2022-11-20 09:12:27.439	- Info  -	[OnLogin start]
2022-11-20 09:12:27.440	- Info  -	[OnLogin end]
2022-11-20 09:12:27.444	- Info  -	[OnLogin] WaittingTask Start
2022-11-20 09:12:27.448	- Info  -	Set auto_run : true
2022-11-20 09:12:27.532	- Info  -	[http call3] id:2, url:https://sl-log.oray.net/slclientlog, status code:200
2022-11-20 09:12:27.581	- Info  -	[OnLogin] WaittingTask end
2022-11-20 09:12:42.024	* Error *	SSLStream::IsWantReadWrite|peer(121.40.99.129:443), SSL_read failed( 6 ), error:00000000:lib(0):func(0):reason(0), file( ..\includes\common\phstream\SSLStream.cpp:1898 )
2022-11-20 09:12:42.024	- Info  -	[http call3] disconnect, error( 0 )
2022-11-20 09:12:57.521	* Error *	SSLStream::IsWantReadWrite|peer(121.41.32.171:443), SSL_read failed( 6 ), error:00000000:lib(0):func(0):reason(0), file( ..\includes\common\phstream\SSLStream.cpp:1898 )
2022-11-20 09:12:57.522	- Info  -	[http call3] disconnect, error( 0 )
2022-11-20 09:13:01.788	- Info  -	[MICRO LIVE] shell oninitdialog to get microlive info enable = 0 status = 0 timelast = 0
2022-11-20 09:56:09.993	- Info  -	[ServiceEx] the service control is 13
2022-11-20 09:56:09.998	- Info  -	SERVICE_CONTROL_POWEREVENT************dwEventType:10
2022-11-20 10:43:34.035	- Info  -	[ServiceEx] the service control is 13
2022-11-20 10:43:34.035	- Info  -	SERVICE_CONTROL_POWEREVENT************dwEventType:4
2022-11-20 10:43:34.035	+Warning+	[service] power event, system is suspending.
2022-11-20 10:43:34.041	- Info  -	Logout ...
2022-11-20 10:43:34.041	- Info  -	[oray][erroCode] errorcode=oray_errorcode(0), product=0, type=0, inner code=0 [CMultiplexLogicStream::Disconnect_impl:121]
2022-11-20 10:43:34.041	- Info  -	[RemoteControl] disconnected server(81.69.183.65:443),error code:0
2022-11-20 10:43:34.042	* Error *	[online] online disconnected,error code:0
2022-11-20 10:43:34.043	- Info  -	[oray][erroCode] errorcode=errorcode(0), product=0, type=0, inner code=0 [COnlineHandler::OnDisconnect:86]
2022-11-20 10:43:34.043	- Info  -	[service] disconnected server(81.69.183.65:443),errorcode:0
2022-11-20 10:43:34.043	- Info  -	curStatus: 0, m_Status: 1
2022-11-20 10:43:34.043	- Info  -	[http call3] new call id:3, url:https://sl-log.oray.net/slclientlog
2022-11-20 10:43:34.043	- Info  -	Current client status: 0
2022-11-20 10:43:34.044	- Info  -	send status_changed notify 0
2022-11-20 10:43:34.044	- Info  -	[OnLogout start]
2022-11-20 10:43:34.044	- Info  -	[service] stop all projections
2022-11-20 10:43:34.044	- Info  -	[OnLogout end]
2022-11-20 10:43:34.086	- Info  -	[MICRO LIVE] shell send close micro_live_plugin
2022-11-20 10:43:34.131	- Info  -	[http call3] id:3 create new connection : https://sl-log.oray.net:443
2022-11-20 10:43:34.168	- Info  -	attempt to connect server sl-log.oray.net:443(121.40.118.44:443)
2022-11-20 10:43:34.839	- Info  -	[http call3] id:3, url:https://sl-log.oray.net/slclientlog, status code:200
2022-11-20 10:47:16.539	+Warning+	[passive:keepalive:] 121.40.118.44:443 disconnect by keepalive timeout(5729453>=5507765+30000)
2022-11-20 10:47:16.539	+Warning+	[oray][erroCode] errorcode=ORAY_ERROR_PHSTREAM_KEEPALIVE_TIMEOUT(57351), product=0, type=3, inner code=7 [CPassiveKeepAliveHandler::Done:141]
2022-11-20 10:47:16.539	- Info  -	[http call3] disconnect, error( 57351 )
2022-11-20 10:47:19.253	- Info  -	[ServiceEx] the service control is 13
2022-11-20 10:47:19.253	- Info  -	SERVICE_CONTROL_POWEREVENT************dwEventType:7
2022-11-20 10:47:19.254	+Warning+	[service] power event, system is resumed.
2022-11-20 10:47:21.231	- Info  -	[ServiceEx] the service control is 13
2022-11-20 10:47:21.231	- Info  -	SERVICE_CONTROL_POWEREVENT************dwEventType:18
2022-11-20 10:47:21.231	+Warning+	[service] power event, system is resumed.
2022-11-20 10:47:24.772	- Info  -	retry login now......
2022-11-20 10:47:24.774	- Info  -	Current client status: 2
2022-11-20 10:47:24.774	- Info  -	send status_changed notify 2
2022-11-20 10:47:24.778	- Info  -	Login task time 0
2022-11-20 10:47:24.778	- Info  -	[service] retry login by power event
2022-11-20 10:47:24.791	- Info  -	Do login( type: 2 ) at 379
2022-11-20 10:47:24.793	- Info  -	[http call3] new call id:4, url:https://slapi.oray.net/remote/get-fastcode
2022-11-20 10:47:24.800	- Info  -	[http call3] id:4 create new connection : https://slapi.oray.net:443
2022-11-20 10:47:24.801	* Error *	[oray][erroCode] errorcode=ORAY_ERROR_DOMAIN_RESOLVED_FAILED(57394), product=0, type=3, inner code=50 [CSockConnector::ConnectSock:229]
2022-11-20 10:47:26.005	- Info  -	[service] retry login by power event
2022-11-20 10:47:39.897	- Info  -	[ServiceEx] the service control is 13
2022-11-20 10:47:39.897	- Info  -	SERVICE_CONTROL_POWEREVENT************dwEventType:4
2022-11-20 10:47:39.897	+Warning+	[service] power event, system is suspending.
2022-11-20 10:47:39.898	- Info  -	Logout ...
2022-11-20 10:47:39.898	- Info  -	Current client status: 0
2022-11-20 10:47:39.898	- Info  -	send status_changed notify 0
2022-11-20 10:47:39.898	- Info  -	[OnLogout start]
2022-11-20 10:47:39.898	- Info  -	[service] stop all projections
2022-11-20 10:47:39.899	- Info  -	[OnLogout end]
2022-11-20 10:47:39.911	- Info  -	[MICRO LIVE] shell send close micro_live_plugin
2022-11-20 12:29:18.312	- Info  -	[http call3] disconnect, error( 0 )
2022-11-20 12:29:18.312	- Info  -	[http call3] disconnect id:4, error( 0 )
2022-11-20 12:29:18.312	* Error *	GetFastcode failed! error:-1, msg:net error
2022-11-20 12:29:20.246	- Info  -	[ServiceEx] the service control is 13
2022-11-20 12:29:20.246	- Info  -	SERVICE_CONTROL_POWEREVENT************dwEventType:18
2022-11-20 12:29:20.246	+Warning+	[service] power event, system is resumed.
2022-11-20 12:29:23.601	- Info  -	[ServiceEx] the service control is 13
2022-11-20 12:29:23.601	- Info  -	SERVICE_CONTROL_POWEREVENT************dwEventType:7
2022-11-20 12:29:23.601	+Warning+	[service] power event, system is resumed.
2022-11-20 12:29:24.498	- Info  -	[ServiceEx] the service control is 13
2022-11-20 12:29:24.498	- Info  -	SERVICE_CONTROL_POWEREVENT************dwEventType:10
2022-11-20 12:29:26.329	- Info  -	retry login now......
2022-11-20 12:29:26.329	- Info  -	Current client status: 2
2022-11-20 12:29:26.330	- Info  -	send status_changed notify 2
2022-11-20 12:29:26.331	- Info  -	Login task time 0
2022-11-20 12:29:26.331	- Info  -	[service] retry login by power event
2022-11-20 12:29:26.331	- Info  -	Do login( type: 2 ) at 379
2022-11-20 12:29:26.331	- Info  -	[http call3] new call id:5, url:https://slapi.oray.net/remote/get-fastcode
2022-11-20 12:29:26.331	- Info  -	[http call3] id:5 create new connection : https://slapi.oray.net:443
2022-11-20 12:29:26.365	* Error *	[oray][erroCode] errorcode=ORAY_ERROR_DOMAIN_RESOLVED_FAILED(57394), product=0, type=3, inner code=50 [CSockConnector::ConnectSock:229]
2022-11-20 12:29:31.699	- Info  -	[service] retry login by power event
2022-11-20 12:29:56.395	- Info  -	[http call3] disconnect, error( 0 )
2022-11-20 12:29:56.395	- Info  -	[http call3] disconnect id:5, error( 0 )
2022-11-20 12:29:56.395	* Error *	GetFastcode failed! error:-1, msg:net error
2022-11-20 12:29:56.395	- Info  -	Current client status: 0
2022-11-20 12:29:56.395	- Info  -	send status_changed notify 0
2022-11-20 12:29:56.395	- Info  -	[OnLogout start]
2022-11-20 12:29:56.395	- Info  -	[service] stop all projections
2022-11-20 12:29:56.396	- Info  -	retry login now......
2022-11-20 12:29:56.396	- Info  -	Current client status: 2
2022-11-20 12:29:56.396	- Info  -	send status_changed notify 2
2022-11-20 12:29:56.397	- Info  -	Login task time 0
2022-11-20 12:29:56.397	- Info  -	[OnLogout end]
2022-11-20 12:29:56.406	- Info  -	Do login( type: 2 ) at 379
2022-11-20 12:29:56.406	- Info  -	[http call3] new call id:6, url:https://slapi.oray.net/remote/get-fastcode
2022-11-20 12:29:56.406	- Info  -	[http call3] id:6 create new connection : https://slapi.oray.net:443
2022-11-20 12:29:56.457	- Info  -	attempt to connect server slapi.oray.net:443(121.40.99.129:443)
2022-11-20 12:29:56.680	- Info  -	[http call3] id:6, url:https://slapi.oray.net/remote/get-fastcode, status code:200
2022-11-20 12:29:56.718	- Info  -	attempt to connect server rc10-fc07.oray.com:443(150.158.218.50:443)
2022-11-20 12:29:56.877	- Info  -	[service] attempted logon
2022-11-20 12:29:56.946	- Info  -	[service] logon server OK. public ip:183.217.165.179
2022-11-20 12:29:56.978	- Info  -	[online] attempted client online
2022-11-20 12:29:57.011	- Info  -	[online] client online OK.
2022-11-20 12:29:57.013	- Info  -	[online] received name:default , description:default .
2022-11-20 12:29:57.042	- Info  -	[service] attempted register client to server
2022-11-20 12:29:57.075	- Info  -	[service] registered client to server
2022-11-20 12:29:57.075	- Info  -	[http call3] new call id:7, url:https://sl-log.oray.net/slclientlog
2022-11-20 12:29:57.075	- Info  -	Current client status: 1
2022-11-20 12:29:57.075	- Info  -	send status_changed notify 1
2022-11-20 12:29:57.085	- Info  -	[http call3] id:7 create new connection : https://sl-log.oray.net:443
2022-11-20 12:29:57.111	- Info  -	[discover] Client NotifyDiscover type=5
2022-11-20 12:29:57.112	- Info  -	attempt to connect server sl-log.oray.net:443(47.97.162.230:443)
2022-11-20 12:29:57.129	- Info  -	[OnLogin start]
2022-11-20 12:29:57.134	- Info  -	[OnLogin end]
2022-11-20 12:29:57.176	- Info  -	[OnLogin] WaittingTask Start
2022-11-20 12:29:57.525	- Info  -	[http call3] id:7, url:https://sl-log.oray.net/slclientlog, status code:200
2022-11-20 12:29:57.671	- Info  -	Set auto_run : true
2022-11-20 12:29:58.627	- Info  -	[OnLogin] WaittingTask end
2022-11-20 12:30:11.678	* Error *	SSLStream::IsWantReadWrite|peer(121.40.99.129:443), SSL_read failed( 6 ), error:00000000:lib(0):func(0):reason(0), file( ..\includes\common\phstream\SSLStream.cpp:1898 )
2022-11-20 12:30:11.679	- Info  -	[http call3] disconnect, error( 0 )
2022-11-20 12:30:27.506	* Error *	SSLStream::IsWantReadWrite|peer(47.97.162.230:443), SSL_read failed( 6 ), error:00000000:lib(0):func(0):reason(0), file( ..\includes\common\phstream\SSLStream.cpp:1898 )
2022-11-20 12:30:27.507	- Info  -	[http call3] disconnect, error( 0 )
2022-11-20 12:52:13.214	- Info  -	[ServiceEx] the service control is 13
2022-11-20 12:52:13.215	- Info  -	SERVICE_CONTROL_POWEREVENT************dwEventType:4
2022-11-20 12:52:13.215	+Warning+	[service] power event, system is suspending.
2022-11-20 12:52:13.218	- Info  -	Logout ...
2022-11-20 12:52:13.218	- Info  -	[oray][erroCode] errorcode=oray_errorcode(0), product=0, type=0, inner code=0 [CMultiplexLogicStream::Disconnect_impl:121]
2022-11-20 12:52:13.218	- Info  -	[RemoteControl] disconnected server(150.158.218.50:443),error code:0
2022-11-20 12:52:13.218	* Error *	[online] online disconnected,error code:0
2022-11-20 12:52:13.218	- Info  -	[oray][erroCode] errorcode=errorcode(0), product=0, type=0, inner code=0 [COnlineHandler::OnDisconnect:86]
2022-11-20 12:52:13.218	- Info  -	[service] disconnected server(150.158.218.50:443),errorcode:0
2022-11-20 12:52:13.218	- Info  -	curStatus: 0, m_Status: 1
2022-11-20 12:52:13.219	- Info  -	[http call3] new call id:8, url:https://sl-log.oray.net/slclientlog
2022-11-20 12:52:13.219	- Info  -	Current client status: 0
2022-11-20 12:52:13.219	- Info  -	send status_changed notify 0
2022-11-20 12:52:13.219	- Info  -	[OnLogout start]
2022-11-20 12:52:13.220	- Info  -	[service] stop all projections
2022-11-20 12:52:13.220	- Info  -	[OnLogout end]
2022-11-20 12:52:13.244	- Info  -	[MICRO LIVE] shell send close micro_live_plugin
2022-11-20 12:52:13.272	- Info  -	[http call3] id:8 create new connection : https://sl-log.oray.net:443
2022-11-20 12:52:13.486	- Info  -	attempt to connect server sl-log.oray.net:443(121.41.32.171:443)
2022-11-20 12:52:14.066	- Info  -	[http call3] id:8, url:https://sl-log.oray.net/slclientlog, status code:200
2022-11-20 12:52:21.326	- Info  -	[ServiceEx] the service control is 13
2022-11-20 12:52:21.326	- Info  -	SERVICE_CONTROL_POWEREVENT************dwEventType:7
2022-11-20 12:52:21.326	+Warning+	[service] power event, system is resumed.
2022-11-20 12:52:23.235	- Info  -	retry login now......
2022-11-20 12:52:23.235	- Info  -	Current client status: 2
2022-11-20 12:52:23.235	- Info  -	send status_changed notify 2
2022-11-20 12:52:23.236	- Info  -	Login task time 0
2022-11-20 12:52:23.236	- Info  -	[service] retry login by power event
2022-11-20 12:52:23.251	- Info  -	Do login( type: 2 ) at 379
2022-11-20 12:52:23.252	- Info  -	[http call3] new call id:9, url:https://slapi.oray.net/remote/get-fastcode
2022-11-20 12:52:23.261	- Info  -	[http call3] id:9 create new connection : https://slapi.oray.net:443
2022-11-20 12:52:24.088	- Info  -	attempt to connect server slapi.oray.net:443(121.40.99.129:443)
2022-11-20 12:52:24.656	- Info  -	[http call3] id:9, url:https://slapi.oray.net/remote/get-fastcode, status code:200
2022-11-20 12:52:25.318	- Info  -	[ServiceEx] the service control is 13
2022-11-20 12:52:25.318	- Info  -	SERVICE_CONTROL_POWEREVENT************dwEventType:18
2022-11-20 12:52:25.318	+Warning+	[service] power event, system is resumed.
2022-11-20 12:52:25.788	- Info  -	[service] retry login by power event
2022-11-20 12:52:25.893	- Info  -	attempt to connect server rc10-fc06.oray.com:443(120.26.127.51:443)
2022-11-20 12:52:26.239	- Info  -	[service] attempted logon
2022-11-20 12:52:26.275	- Info  -	[service] logon server OK. public ip:183.217.165.179
2022-11-20 12:52:26.302	- Info  -	[online] attempted client online
2022-11-20 12:52:26.333	- Info  -	[online] client online OK.
2022-11-20 12:52:26.333	- Info  -	[online] received name:default , description:default .
2022-11-20 12:52:26.345	- Info  -	[service] attempted register client to server
2022-11-20 12:52:26.371	- Info  -	[service] registered client to server
2022-11-20 12:52:26.372	- Info  -	[http call3] new call id:10, url:https://sl-log.oray.net/slclientlog
2022-11-20 12:52:26.372	- Info  -	Current client status: 1
2022-11-20 12:52:26.372	- Info  -	send status_changed notify 1
2022-11-20 12:52:26.386	- Info  -	[http call3] id:10 use old connection : https://sl-log.oray.net:443
2022-11-20 12:52:26.411	- Info  -	[discover] Client NotifyDiscover type=5
2022-11-20 12:52:26.415	- Info  -	[http call3] id:10, url:https://sl-log.oray.net/slclientlog, status code:200
2022-11-20 12:52:26.548	- Info  -	[OnLogin start]
2022-11-20 12:52:26.553	- Info  -	[OnLogin end]
2022-11-20 12:52:26.562	- Info  -	[OnLogin] WaittingTask Start
2022-11-20 12:52:26.902	- Info  -	Set auto_run : true
2022-11-20 12:52:27.870	- Info  -	[OnLogin] WaittingTask end
2022-11-20 12:52:28.486	- Info  -	[ServiceEx] the service control is 13
2022-11-20 12:52:28.486	- Info  -	SERVICE_CONTROL_POWEREVENT************dwEventType:4
2022-11-20 12:52:28.486	+Warning+	[service] power event, system is suspending.
2022-11-20 12:52:28.487	- Info  -	Logout ...
2022-11-20 12:52:28.487	- Info  -	[oray][erroCode] errorcode=oray_errorcode(0), product=0, type=0, inner code=0 [CMultiplexLogicStream::Disconnect_impl:121]
2022-11-20 12:52:28.487	- Info  -	[RemoteControl] disconnected server(120.26.127.51:443),error code:0
2022-11-20 12:52:28.487	* Error *	[online] online disconnected,error code:0
2022-11-20 12:52:28.487	- Info  -	[oray][erroCode] errorcode=errorcode(0), product=0, type=0, inner code=0 [COnlineHandler::OnDisconnect:86]
2022-11-20 12:52:28.487	- Info  -	[service] disconnected server(120.26.127.51:443),errorcode:0
2022-11-20 12:52:28.487	- Info  -	curStatus: 0, m_Status: 1
2022-11-20 12:52:28.487	- Info  -	[http call3] new call id:11, url:https://sl-log.oray.net/slclientlog
2022-11-20 12:52:28.487	- Info  -	Current client status: 0
2022-11-20 12:52:28.487	- Info  -	send status_changed notify 0
2022-11-20 12:52:28.488	- Info  -	[OnLogout start]
2022-11-20 12:52:28.488	- Info  -	[service] stop all projections
2022-11-20 12:52:28.488	- Info  -	[OnLogout end]
2022-11-20 12:52:28.499	- Info  -	[MICRO LIVE] shell send close micro_live_plugin
2022-11-20 12:52:28.500	- Info  -	[http call3] id:11 use old connection : https://sl-log.oray.net:443
2022-11-20 12:52:28.529	- Info  -	[http call3] id:11, url:https://sl-log.oray.net/slclientlog, status code:200
2022-11-20 12:52:43.929	- Info  -	[ServiceEx] the service control is 13
2022-11-20 12:52:43.929	- Info  -	SERVICE_CONTROL_POWEREVENT************dwEventType:18
2022-11-20 12:52:43.929	+Warning+	[service] power event, system is resumed.
2022-11-20 12:52:44.858	- Info  -	[ServiceEx] the service control is 13
2022-11-20 12:52:44.858	- Info  -	SERVICE_CONTROL_POWEREVENT************dwEventType:7
2022-11-20 12:52:44.858	+Warning+	[service] power event, system is resumed.
2022-11-20 12:52:45.071	- Info  -	retry login now......
2022-11-20 12:52:45.071	- Info  -	Current client status: 2
2022-11-20 12:52:45.071	- Info  -	send status_changed notify 2
2022-11-20 12:52:45.073	- Info  -	Login task time 0
2022-11-20 12:52:45.073	- Info  -	[service] retry login by power event
2022-11-20 12:52:45.088	- Info  -	Do login( type: 2 ) at 379
2022-11-20 12:52:45.088	- Info  -	[http call3] new call id:12, url:https://slapi.oray.net/remote/get-fastcode
2022-11-20 12:52:45.096	- Info  -	[http call3] id:12 use old connection : https://slapi.oray.net:443
2022-11-20 12:52:45.134	- Info  -	[service] retry login by power event
2022-11-20 12:52:57.552	+Warning+	[passive:keepalive:] 121.40.99.129:443 disconnect by keepalive timeout(13270468>=13237578+30000)
2022-11-20 12:52:57.552	+Warning+	[oray][erroCode] errorcode=ORAY_ERROR_PHSTREAM_KEEPALIVE_TIMEOUT(57351), product=0, type=3, inner code=7 [CPassiveKeepAliveHandler::Done:141]
2022-11-20 12:52:57.552	- Info  -	[http call3] disconnect, error( 57351 )
2022-11-20 12:52:57.553	- Info  -	[http call3] disconnect id:12, error( 57351 )
2022-11-20 12:52:57.553	- Info  -	[http call3] id:12 create new connection : https://slapi.oray.net:443
2022-11-20 12:52:57.562	- Info  -	attempt to connect server slapi.oray.net:443(121.40.99.129:443)
2022-11-20 12:52:57.780	* Error *	SSLStream::IsWantReadWrite|peer(121.41.32.171:443), SSL_read failed( 6 ), error:00000000:lib(0):func(0):reason(0), file( ..\includes\common\phstream\SSLStream.cpp:1898 )
2022-11-20 12:52:57.780	- Info  -	[http call3] disconnect, error( 0 )
2022-11-20 12:52:57.923	- Info  -	[http call3] id:12, url:https://slapi.oray.net/remote/get-fastcode, status code:200
2022-11-20 12:52:57.951	- Info  -	attempt to connect server rc10-fc07.oray.com:443(150.158.218.50:443)
2022-11-20 12:52:58.164	- Info  -	[service] attempted logon
2022-11-20 12:52:58.275	- Info  -	[service] logon server OK. public ip:183.217.165.179
2022-11-20 12:52:58.325	- Info  -	[online] attempted client online
2022-11-20 12:52:58.351	- Info  -	[online] client online OK.
2022-11-20 12:52:58.352	- Info  -	[online] received name:default , description:default .
2022-11-20 12:52:58.367	- Info  -	[service] attempted register client to server
2022-11-20 12:52:58.390	- Info  -	[service] registered client to server
2022-11-20 12:52:58.390	- Info  -	[http call3] new call id:13, url:https://sl-log.oray.net/slclientlog
2022-11-20 12:52:58.390	- Info  -	Current client status: 1
2022-11-20 12:52:58.390	- Info  -	send status_changed notify 1
2022-11-20 12:52:58.409	- Info  -	[http call3] id:13 create new connection : https://sl-log.oray.net:443
2022-11-20 12:52:58.424	- Info  -	attempt to connect server sl-log.oray.net:443(121.199.72.21:443)
2022-11-20 12:52:58.433	- Info  -	[discover] Client NotifyDiscover type=5
2022-11-20 12:52:58.446	- Info  -	[OnLogin start]
2022-11-20 12:52:58.452	- Info  -	[OnLogin end]
2022-11-20 12:52:58.462	- Info  -	[OnLogin] WaittingTask Start
2022-11-20 12:52:58.580	- Info  -	Set auto_run : true
2022-11-20 12:52:58.612	- Info  -	[http call3] id:13, url:https://sl-log.oray.net/slclientlog, status code:200
2022-11-20 12:52:59.210	- Info  -	[OnLogin] WaittingTask end
2022-11-20 12:53:12.921	* Error *	SSLStream::IsWantReadWrite|peer(121.40.99.129:443), SSL_read failed( 6 ), error:00000000:lib(0):func(0):reason(0), file( ..\includes\common\phstream\SSLStream.cpp:1898 )
2022-11-20 12:53:12.922	- Info  -	[http call3] disconnect, error( 0 )
2022-11-20 12:53:28.612	* Error *	SSLStream::IsWantReadWrite|peer(121.199.72.21:443), SSL_read failed( 6 ), error:00000000:lib(0):func(0):reason(0), file( ..\includes\common\phstream\SSLStream.cpp:1898 )
2022-11-20 12:53:28.613	- Info  -	[http call3] disconnect, error( 0 )
