2023-03-08 10:48:38.086	- Info  -	version:3.2.1.40406
2023-03-08 10:48:38.258	* Error *	SSLStream|Remove temp(C:\Windows\TEMP\u2p8.0) file ok
2023-03-08 10:48:38.627	- Info  -	Initialize OK
2023-03-08 10:48:38.627	- Info  -	CAcceptorRaw::set_listener
2023-03-08 10:48:38.627	- Info  -	DesktopAgentServer created with port 0.
2023-03-08 10:48:38.971	* Error *	[udpstack] bind 0.0.0.0:15537 error , errorno = 10048
2023-03-08 10:48:38.971	- Info  -	[service] start listen OK,tcp:0.0.0.0:49670,udp:15648
2023-03-08 10:48:39.096	- Info  -	[discover] Client NotifyDiscover type=5
2023-03-08 10:48:39.205	- Info  -	[localserver] Not use proxy
2023-03-08 10:48:39.221	- Info  -	network error, retrying login server
2023-03-08 10:48:42.233	- Info  -	[mac] local ip:172.16.76.182
2023-03-08 10:48:42.239	- Info  -	[mac] mac address:02:F4:2F:D2:C4:65
2023-03-08 10:48:42.239	- Info  -	get mac address: 02:F4:2F:D2:C4:65
2023-03-08 10:48:44.135	- Info  -	os name:Microsoft Windows 10 专业版
2023-03-08 10:48:44.852	- Info  -	m_clientinfo.mac: 02:F4:2F:D2:C4:65
2023-03-08 10:48:44.913	- Info  -	Current client status: 2
2023-03-08 10:48:44.913	- Info  -	send status_changed notify 2
2023-03-08 10:48:44.913	- Info  -	Login task time 0
2023-03-08 10:48:44.914	- Info  -	Do login( type: 2 ) at 379
2023-03-08 10:48:44.915	- Info  -	[http call3] new call id:1, url:https://slapi.oray.net/remote/get-fastcode
2023-03-08 10:48:44.962	- Info  -	[http call3] id:1 create new connection : https://slapi.oray.net:443
2023-03-08 10:48:45.033	- Info  -	attempt to connect server slapi.oray.net:443(121.40.99.129:443)
2023-03-08 10:48:45.295	- Info  -	[http call3] id:1, url:https://slapi.oray.net/remote/get-fastcode, status code:200
2023-03-08 10:48:45.313	- Info  -	attempt to connect server rc10-fc11.oray.com:443(120.55.59.130:443)
2023-03-08 10:48:45.455	- Info  -	[service] attempted logon
2023-03-08 10:48:45.503	- Info  -	[service] logon server OK. public ip:223.82.110.30
2023-03-08 10:48:45.538	- Info  -	[online] attempted client online
2023-03-08 10:48:45.576	- Info  -	[online] client online OK.
2023-03-08 10:48:45.577	- Info  -	[online] received name:default , description:default .
2023-03-08 10:48:45.583	- Info  -	[service] attempted register client to server
2023-03-08 10:48:45.633	- Info  -	[service] registered client to server
2023-03-08 10:48:45.634	- Info  -	[http call3] new call id:2, url:https://sl-log.oray.net/slclientlog
2023-03-08 10:48:45.634	- Info  -	Current client status: 1
2023-03-08 10:48:45.634	- Info  -	send status_changed notify 1
2023-03-08 10:48:45.646	- Info  -	[http call3] id:2 create new connection : https://sl-log.oray.net:443
2023-03-08 10:48:45.650	- Info  -	[discover] Client NotifyDiscover type=5
2023-03-08 10:48:45.658	- Info  -	attempt to connect server sl-log.oray.net:443(47.97.162.230:443)
2023-03-08 10:48:45.749	- Info  -	[OnLogin start]
2023-03-08 10:48:45.750	- Info  -	[OnLogin end]
2023-03-08 10:48:45.758	- Info  -	[OnLogin] WaittingTask Start
2023-03-08 10:48:45.765	- Info  -	Set auto_run : true
2023-03-08 10:48:45.805	- Info  -	[OnLogin] WaittingTask end
2023-03-08 10:48:45.826	- Info  -	[http call3] id:2, url:https://sl-log.oray.net/slclientlog, status code:200
2023-03-08 10:48:58.556	- Info  -	[MICRO LIVE] shell oninitdialog to get microlive info enable = 0 status = 0 timelast = 0
2023-03-08 10:49:00.305	* Error *	SSLStream::IsWantReadWrite|peer(121.40.99.129:443), SSL_read failed( 6 ), error:00000000:lib(0):func(0):reason(0), file( ..\includes\common\phstream\SSLStream.cpp:1898 )
2023-03-08 10:49:00.305	- Info  -	[http call3] disconnect, error( 0 )
2023-03-08 10:49:15.813	* Error *	SSLStream::IsWantReadWrite|peer(47.97.162.230:443), SSL_read failed( 6 ), error:00000000:lib(0):func(0):reason(0), file( ..\includes\common\phstream\SSLStream.cpp:1898 )
2023-03-08 10:49:15.813	- Info  -	[http call3] disconnect, error( 0 )
2023-03-08 10:55:56.896	- Info  -	[ServiceEx] the service control is 13
2023-03-08 10:55:56.896	- Info  -	SERVICE_CONTROL_POWEREVENT************dwEventType:10
2023-03-08 11:40:43.169	- Info  -	[ServiceEx] the service control is 13
2023-03-08 11:40:43.169	- Info  -	SERVICE_CONTROL_POWEREVENT************dwEventType:10
2023-03-08 11:40:45.152	- Info  -	[ServiceEx] the service control is 13
2023-03-08 11:40:45.165	- Info  -	SERVICE_CONTROL_POWEREVENT************dwEventType:10
2023-03-08 11:59:03.827	- Info  -	[ServiceEx] the service control is 13
2023-03-08 11:59:03.827	- Info  -	SERVICE_CONTROL_POWEREVENT************dwEventType:10
2023-03-08 11:59:07.334	- Info  -	[ServiceEx] the service control is 13
2023-03-08 11:59:07.334	- Info  -	SERVICE_CONTROL_POWEREVENT************dwEventType:10
2023-03-08 12:24:59.074	- Info  -	[ServiceEx] the service control is 13
2023-03-08 12:24:59.074	- Info  -	SERVICE_CONTROL_POWEREVENT************dwEventType:10
2023-03-08 16:50:45.660	- Info  -	[ServiceEx] the service control is 13
2023-03-08 16:50:45.660	- Info  -	SERVICE_CONTROL_POWEREVENT************dwEventType:10
2023-03-08 16:50:52.331	- Info  -	[ServiceEx] the service control is 13
2023-03-08 16:50:52.331	- Info  -	SERVICE_CONTROL_POWEREVENT************dwEventType:4
2023-03-08 16:50:52.331	+Warning+	[service] power event, system is suspending.
2023-03-08 16:50:52.335	- Info  -	Logout ...
2023-03-08 16:50:52.336	- Info  -	[oray][erroCode] errorcode=oray_errorcode(0), product=0, type=0, inner code=0 [CMultiplexLogicStream::Disconnect_impl:121]
2023-03-08 16:50:52.336	- Info  -	[RemoteControl] disconnected server(120.55.59.130:443),error code:0
2023-03-08 16:50:52.336	* Error *	[online] online disconnected,error code:0
2023-03-08 16:50:52.337	- Info  -	[oray][erroCode] errorcode=errorcode(0), product=0, type=0, inner code=0 [COnlineHandler::OnDisconnect:86]
2023-03-08 16:50:52.337	- Info  -	[service] disconnected server(120.55.59.130:443),errorcode:0
2023-03-08 16:50:52.337	- Info  -	curStatus: 0, m_Status: 1
2023-03-08 16:50:52.337	- Info  -	[http call3] new call id:3, url:https://sl-log.oray.net/slclientlog
2023-03-08 16:50:52.337	- Info  -	Current client status: 0
2023-03-08 16:50:52.337	- Info  -	send status_changed notify 0
2023-03-08 16:50:52.337	- Info  -	[OnLogout start]
2023-03-08 16:50:52.339	- Info  -	[service] stop all projections
2023-03-08 16:50:52.339	- Info  -	[OnLogout end]
2023-03-08 16:50:52.340	- Info  -	[http call3] id:3 create new connection : https://sl-log.oray.net:443
2023-03-08 16:50:52.347	- Info  -	[MICRO LIVE] shell send close micro_live_plugin
2023-03-08 16:50:52.388	- Info  -	attempt to connect server sl-log.oray.net:443(47.97.162.230:443)
2023-03-08 16:50:52.519	- Info  -	[http call3] id:3, url:https://sl-log.oray.net/slclientlog, status code:200
2023-03-08 16:54:54.518	+Warning+	[passive:keepalive:] 47.97.162.230:443 disconnect by keepalive timeout(21996437>=21754437+30000)
2023-03-08 16:54:54.518	+Warning+	[oray][erroCode] errorcode=ORAY_ERROR_PHSTREAM_KEEPALIVE_TIMEOUT(57351), product=0, type=3, inner code=7 [CPassiveKeepAliveHandler::Done:141]
2023-03-08 16:54:54.518	- Info  -	[http call3] disconnect, error( 57351 )
2023-03-08 16:54:56.662	- Info  -	[ServiceEx] the service control is 13
2023-03-08 16:54:56.662	- Info  -	SERVICE_CONTROL_POWEREVENT************dwEventType:18
2023-03-08 16:54:56.662	+Warning+	[service] power event, system is resumed.
2023-03-08 16:54:57.410	- Info  -	[ServiceEx] the service control is 13
2023-03-08 16:54:57.410	- Info  -	SERVICE_CONTROL_POWEREVENT************dwEventType:7
2023-03-08 16:54:57.410	+Warning+	[service] power event, system is resumed.
2023-03-08 16:55:00.381	- Info  -	retry login now......
2023-03-08 16:55:00.381	- Info  -	Current client status: 2
2023-03-08 16:55:00.381	- Info  -	send status_changed notify 2
2023-03-08 16:55:00.382	- Info  -	Login task time 0
2023-03-08 16:55:00.382	- Info  -	[service] retry login by power event
2023-03-08 16:55:00.478	- Info  -	Do login( type: 2 ) at 379
2023-03-08 16:55:00.479	- Info  -	[http call3] new call id:4, url:https://slapi.oray.net/remote/get-fastcode
2023-03-08 16:55:00.485	- Info  -	[http call3] id:4 create new connection : https://slapi.oray.net:443
2023-03-08 16:55:00.578	- Info  -	[service] retry login by power event
2023-03-08 16:55:00.623	- Info  -	attempt to connect server slapi.oray.net:443(121.40.200.192:443)
2023-03-08 16:55:00.836	- Info  -	[http call3] id:4, url:https://slapi.oray.net/remote/get-fastcode, status code:200
2023-03-08 16:55:01.139	- Info  -	attempt to connect server rc10-fc07.oray.com:443(120.27.214.20:443)
2023-03-08 16:55:01.232	- Info  -	[service] attempted logon
2023-03-08 16:55:01.264	- Info  -	[service] logon server OK. public ip:223.82.110.30
2023-03-08 16:55:01.287	- Info  -	[online] attempted client online
2023-03-08 16:55:01.317	- Info  -	[online] client online OK.
2023-03-08 16:55:01.317	- Info  -	[online] received name:default , description:default .
2023-03-08 16:55:01.329	- Info  -	[service] attempted register client to server
2023-03-08 16:55:01.356	- Info  -	[service] registered client to server
2023-03-08 16:55:01.357	- Info  -	[http call3] new call id:5, url:https://sl-log.oray.net/slclientlog
2023-03-08 16:55:01.357	- Info  -	Current client status: 1
2023-03-08 16:55:01.357	- Info  -	send status_changed notify 1
2023-03-08 16:55:01.361	- Info  -	[http call3] id:5 create new connection : https://sl-log.oray.net:443
2023-03-08 16:55:01.366	- Info  -	[discover] Client NotifyDiscover type=5
2023-03-08 16:55:01.378	- Info  -	attempt to connect server sl-log.oray.net:443(47.97.106.171:443)
2023-03-08 16:55:01.405	- Info  -	[OnLogin start]
2023-03-08 16:55:01.407	- Info  -	[OnLogin end]
2023-03-08 16:55:01.408	- Info  -	[OnLogin] WaittingTask Start
2023-03-08 16:55:01.411	- Info  -	Set auto_run : true
2023-03-08 16:55:01.532	- Info  -	[http call3] id:5, url:https://sl-log.oray.net/slclientlog, status code:200
2023-03-08 16:55:01.729	- Info  -	[OnLogin] WaittingTask end
2023-03-08 16:55:15.832	* Error *	SSLStream::IsWantReadWrite|peer(121.40.200.192:443), SSL_read failed( 6 ), error:00000000:lib(0):func(0):reason(0), file( ..\includes\common\phstream\SSLStream.cpp:1898 )
2023-03-08 16:55:15.832	- Info  -	[http call3] disconnect, error( 0 )
2023-03-08 16:55:31.519	* Error *	SSLStream::IsWantReadWrite|peer(47.97.106.171:443), SSL_read failed( 6 ), error:00000000:lib(0):func(0):reason(0), file( ..\includes\common\phstream\SSLStream.cpp:1898 )
2023-03-08 16:55:31.519	- Info  -	[http call3] disconnect, error( 0 )
2023-03-08 17:02:39.529	- Info  -	[ServiceEx] the service control is 13
2023-03-08 17:02:39.530	- Info  -	SERVICE_CONTROL_POWEREVENT************dwEventType:4
2023-03-08 17:02:39.530	+Warning+	[service] power event, system is suspending.
2023-03-08 17:02:39.530	- Info  -	Logout ...
2023-03-08 17:02:39.530	- Info  -	[oray][erroCode] errorcode=oray_errorcode(0), product=0, type=0, inner code=0 [CMultiplexLogicStream::Disconnect_impl:121]
2023-03-08 17:02:39.530	- Info  -	[RemoteControl] disconnected server(120.27.214.20:443),error code:0
2023-03-08 17:02:39.533	* Error *	[online] online disconnected,error code:0
2023-03-08 17:02:39.533	- Info  -	[oray][erroCode] errorcode=errorcode(0), product=0, type=0, inner code=0 [COnlineHandler::OnDisconnect:86]
2023-03-08 17:02:39.533	- Info  -	[service] disconnected server(120.27.214.20:443),errorcode:0
2023-03-08 17:02:39.533	- Info  -	curStatus: 0, m_Status: 1
2023-03-08 17:02:39.533	- Info  -	[http call3] new call id:6, url:https://sl-log.oray.net/slclientlog
2023-03-08 17:02:39.533	- Info  -	Current client status: 0
2023-03-08 17:02:39.534	- Info  -	send status_changed notify 0
2023-03-08 17:02:39.534	- Info  -	[OnLogout start]
2023-03-08 17:02:39.534	- Info  -	[service] stop all projections
2023-03-08 17:02:39.534	- Info  -	[OnLogout end]
2023-03-08 17:02:39.537	- Info  -	[http call3] id:6 create new connection : https://sl-log.oray.net:443
2023-03-08 17:02:39.544	- Info  -	[MICRO LIVE] shell send close micro_live_plugin
2023-03-08 17:02:39.551	- Info  -	attempt to connect server sl-log.oray.net:443(47.97.186.100:443)
2023-03-08 17:02:39.688	- Info  -	[http call3] id:6, url:https://sl-log.oray.net/slclientlog, status code:200
2023-03-09 08:25:33.519	+Warning+	[passive:keepalive:] 47.97.186.100:443 disconnect by keepalive timeout(77835437>=22461609+30000)
2023-03-09 08:25:33.519	+Warning+	[oray][erroCode] errorcode=ORAY_ERROR_PHSTREAM_KEEPALIVE_TIMEOUT(57351), product=0, type=3, inner code=7 [CPassiveKeepAliveHandler::Done:141]
2023-03-09 08:25:33.519	- Info  -	[http call3] disconnect, error( 57351 )
2023-03-09 08:25:36.706	- Info  -	[ServiceEx] the service control is 13
2023-03-09 08:25:36.706	- Info  -	SERVICE_CONTROL_POWEREVENT************dwEventType:18
2023-03-09 08:25:36.706	+Warning+	[service] power event, system is resumed.
2023-03-09 08:25:38.170	- Info  -	[ServiceEx] the service control is 13
2023-03-09 08:25:38.170	- Info  -	SERVICE_CONTROL_POWEREVENT************dwEventType:7
2023-03-09 08:25:38.170	+Warning+	[service] power event, system is resumed.
2023-03-09 08:25:41.968	- Info  -	retry login now......
2023-03-09 08:25:41.968	- Info  -	Current client status: 2
2023-03-09 08:25:41.969	- Info  -	send status_changed notify 2
2023-03-09 08:25:41.969	- Info  -	Login task time 0
2023-03-09 08:25:41.969	- Info  -	[service] retry login by power event
2023-03-09 08:25:42.085	- Info  -	Do login( type: 2 ) at 379
2023-03-09 08:25:42.266	- Info  -	[http call3] new call id:7, url:https://slapi.oray.net/remote/get-fastcode
2023-03-09 08:25:42.279	- Info  -	[http call3] id:7 create new connection : https://slapi.oray.net:443
2023-03-09 08:25:42.447	- Info  -	[service] retry login by power event
2023-03-09 08:25:42.448	- Info  -	attempt to connect server slapi.oray.net:443(121.40.99.129:443)
2023-03-09 08:25:42.663	- Info  -	[http call3] id:7, url:https://slapi.oray.net/remote/get-fastcode, status code:200
2023-03-09 08:25:42.685	- Info  -	attempt to connect server rc10-fc14.oray.com:443(81.69.183.65:443)
2023-03-09 08:25:42.785	- Info  -	[service] attempted logon
2023-03-09 08:25:42.852	- Info  -	[service] logon server OK. public ip:223.82.110.30
2023-03-09 08:25:42.876	- Info  -	[online] attempted client online
2023-03-09 08:25:42.911	- Info  -	[online] client online OK.
2023-03-09 08:25:42.911	- Info  -	[online] received name:default , description:default .
2023-03-09 08:25:42.916	- Info  -	[service] attempted register client to server
2023-03-09 08:25:42.941	- Info  -	[service] registered client to server
2023-03-09 08:25:42.941	- Info  -	[http call3] new call id:8, url:https://sl-log.oray.net/slclientlog
2023-03-09 08:25:42.941	- Info  -	Current client status: 1
2023-03-09 08:25:42.941	- Info  -	send status_changed notify 1
2023-03-09 08:25:42.948	- Info  -	[http call3] id:8 create new connection : https://sl-log.oray.net:443
2023-03-09 08:25:42.950	- Info  -	[discover] Client NotifyDiscover type=5
2023-03-09 08:25:42.961	- Info  -	[OnLogin start]
2023-03-09 08:25:42.963	- Info  -	[OnLogin end]
2023-03-09 08:25:42.964	- Info  -	[OnLogin] WaittingTask Start
2023-03-09 08:25:42.968	- Info  -	attempt to connect server sl-log.oray.net:443(120.26.160.74:443)
2023-03-09 08:25:42.969	- Info  -	Set auto_run : true
2023-03-09 08:25:43.120	- Info  -	[http call3] id:8, url:https://sl-log.oray.net/slclientlog, status code:200
2023-03-09 08:25:43.196	- Info  -	[OnLogin] WaittingTask end
2023-03-09 08:25:57.655	* Error *	SSLStream::IsWantReadWrite|peer(121.40.99.129:443), SSL_read failed( 6 ), error:00000000:lib(0):func(0):reason(0), file( ..\includes\common\phstream\SSLStream.cpp:1898 )
2023-03-09 08:25:57.655	- Info  -	[http call3] disconnect, error( 0 )
2023-03-09 08:26:13.115	* Error *	SSLStream::IsWantReadWrite|peer(120.26.160.74:443), SSL_read failed( 6 ), error:00000000:lib(0):func(0):reason(0), file( ..\includes\common\phstream\SSLStream.cpp:1898 )
2023-03-09 08:26:13.115	- Info  -	[http call3] disconnect, error( 0 )
2023-03-09 08:38:23.086	- Info  -	[ServiceEx] the service control is 13
2023-03-09 08:38:23.086	- Info  -	SERVICE_CONTROL_POWEREVENT************dwEventType:10
2023-03-09 08:47:10.797	- Info  -	[ServiceEx] the service control is 13
2023-03-09 08:47:10.799	- Info  -	SERVICE_CONTROL_POWEREVENT************dwEventType:10
2023-03-09 08:47:13.251	- Info  -	[ServiceEx] the service control is 13
2023-03-09 08:47:13.252	- Info  -	SERVICE_CONTROL_POWEREVENT************dwEventType:10
2023-03-09 09:10:44.868	- Info  -	[ServiceEx] the service control is 13
2023-03-09 09:10:44.868	- Info  -	SERVICE_CONTROL_POWEREVENT************dwEventType:10
2023-03-09 09:41:45.722	- Info  -	[ServiceEx] the service control is 13
2023-03-09 09:41:45.722	- Info  -	SERVICE_CONTROL_POWEREVENT************dwEventType:10
2023-03-09 14:42:31.280	- Info  -	[ServiceEx] the service control is 13
2023-03-09 14:42:31.281	- Info  -	SERVICE_CONTROL_POWEREVENT************dwEventType:10
2023-03-09 16:28:38.678	- Info  -	[ServiceEx] the service control is 13
2023-03-09 16:28:38.679	- Info  -	SERVICE_CONTROL_POWEREVENT************dwEventType:10
2023-03-09 16:28:41.237	- Info  -	[ServiceEx] the service control is 13
2023-03-09 16:28:41.237	- Info  -	SERVICE_CONTROL_POWEREVENT************dwEventType:10
2023-03-09 16:46:12.492	- Info  -	[ServiceEx] the service control is 13
2023-03-09 16:46:12.493	- Info  -	SERVICE_CONTROL_POWEREVENT************dwEventType:10
2023-03-09 17:00:19.762	- Info  -	[ServiceEx] the service control is 13
2023-03-09 17:00:19.762	- Info  -	SERVICE_CONTROL_POWEREVENT************dwEventType:10
2023-03-09 17:00:36.457	- Info  -	[ServiceEx] the service control is 13
2023-03-09 17:00:36.457	- Info  -	SERVICE_CONTROL_POWEREVENT************dwEventType:4
2023-03-09 17:00:36.457	+Warning+	[service] power event, system is suspending.
2023-03-09 17:00:36.464	- Info  -	Logout ...
2023-03-09 17:00:36.464	- Info  -	[oray][erroCode] errorcode=oray_errorcode(0), product=0, type=0, inner code=0 [CMultiplexLogicStream::Disconnect_impl:121]
2023-03-09 17:00:36.464	- Info  -	[RemoteControl] disconnected server(81.69.183.65:443),error code:0
2023-03-09 17:00:36.468	* Error *	[online] online disconnected,error code:0
2023-03-09 17:00:36.468	- Info  -	[oray][erroCode] errorcode=errorcode(0), product=0, type=0, inner code=0 [COnlineHandler::OnDisconnect:86]
2023-03-09 17:00:36.469	- Info  -	[service] disconnected server(81.69.183.65:443),errorcode:0
2023-03-09 17:00:36.469	- Info  -	curStatus: 0, m_Status: 1
2023-03-09 17:00:36.469	- Info  -	[http call3] new call id:9, url:https://sl-log.oray.net/slclientlog
2023-03-09 17:00:36.470	- Info  -	Current client status: 0
2023-03-09 17:00:36.470	- Info  -	send status_changed notify 0
2023-03-09 17:00:36.470	- Info  -	[OnLogout start]
2023-03-09 17:00:36.471	- Info  -	[service] stop all projections
2023-03-09 17:00:36.473	- Info  -	[http call3] id:9 create new connection : https://sl-log.oray.net:443
2023-03-09 17:00:36.474	- Info  -	[OnLogout end]
2023-03-09 17:00:36.493	- Info  -	attempt to connect server sl-log.oray.net:443(120.26.160.74:443)
2023-03-09 17:00:36.496	- Info  -	[MICRO LIVE] shell send close micro_live_plugin
2023-03-09 17:00:36.675	- Info  -	[http call3] id:9, url:https://sl-log.oray.net/slclientlog, status code:200
2023-03-10 16:35:25.518	+Warning+	[passive:keepalive:] 120.26.160.74:443 disconnect by keepalive timeout(193627437>=108738593+30000)
2023-03-10 16:35:25.518	+Warning+	[oray][erroCode] errorcode=ORAY_ERROR_PHSTREAM_KEEPALIVE_TIMEOUT(57351), product=0, type=3, inner code=7 [CPassiveKeepAliveHandler::Done:141]
2023-03-10 16:35:25.518	- Info  -	[http call3] disconnect, error( 57351 )
2023-03-10 16:35:31.003	- Info  -	[ServiceEx] the service control is 13
2023-03-10 16:35:31.003	- Info  -	SERVICE_CONTROL_POWEREVENT************dwEventType:7
2023-03-10 16:35:31.003	+Warning+	[service] power event, system is resumed.
2023-03-10 16:35:33.437	- Info  -	[ServiceEx] the service control is 13
2023-03-10 16:35:33.437	- Info  -	SERVICE_CONTROL_POWEREVENT************dwEventType:18
2023-03-10 16:35:33.437	+Warning+	[service] power event, system is resumed.
2023-03-10 16:35:36.077	- Info  -	retry login now......
2023-03-10 16:35:36.077	- Info  -	Current client status: 2
2023-03-10 16:35:36.077	- Info  -	send status_changed notify 2
2023-03-10 16:35:36.077	- Info  -	Login task time 0
2023-03-10 16:35:36.080	- Info  -	[service] retry login by power event
2023-03-10 16:35:36.086	- Info  -	Do login( type: 2 ) at 379
2023-03-10 16:35:36.088	- Info  -	[http call3] new call id:10, url:https://slapi.oray.net/remote/get-fastcode
2023-03-10 16:35:36.088	- Info  -	[service] retry login by power event
2023-03-10 16:35:36.091	- Info  -	[http call3] id:10 create new connection : https://slapi.oray.net:443
2023-03-10 16:35:36.096	- Info  -	attempt to connect server slapi.oray.net:443(121.40.200.192:443)
2023-03-10 16:35:36.298	- Info  -	[http call3] id:10, url:https://slapi.oray.net/remote/get-fastcode, status code:200
2023-03-10 16:35:36.415	- Info  -	attempt to connect server rc10-fc11.oray.com:443(120.55.59.130:443)
2023-03-10 16:35:36.506	- Info  -	[service] attempted logon
2023-03-10 16:35:36.544	- Info  -	[service] logon server OK. public ip:223.82.110.30
2023-03-10 16:35:36.569	- Info  -	[online] attempted client online
2023-03-10 16:35:36.600	- Info  -	[online] client online OK.
2023-03-10 16:35:36.601	- Info  -	[online] received name:default , description:default .
2023-03-10 16:35:36.616	- Info  -	[service] attempted register client to server
2023-03-10 16:35:36.646	- Info  -	[service] registered client to server
2023-03-10 16:35:36.647	- Info  -	[http call3] new call id:11, url:https://sl-log.oray.net/slclientlog
2023-03-10 16:35:36.647	- Info  -	Current client status: 1
2023-03-10 16:35:36.647	- Info  -	send status_changed notify 1
2023-03-10 16:35:36.655	- Info  -	[discover] Client NotifyDiscover type=5
2023-03-10 16:35:36.662	- Info  -	[http call3] id:11 create new connection : https://sl-log.oray.net:443
2023-03-10 16:35:36.709	- Info  -	[OnLogin start]
2023-03-10 16:35:36.711	- Info  -	[OnLogin end]
2023-03-10 16:35:36.727	- Info  -	[OnLogin] WaittingTask Start
2023-03-10 16:35:36.754	- Info  -	Set auto_run : true
2023-03-10 16:35:36.760	- Info  -	attempt to connect server sl-log.oray.net:443(121.199.72.21:443)
2023-03-10 16:35:36.891	- Info  -	[OnLogin] WaittingTask end
2023-03-10 16:35:36.945	- Info  -	[http call3] id:11, url:https://sl-log.oray.net/slclientlog, status code:200
2023-03-10 16:35:51.303	* Error *	SSLStream::IsWantReadWrite|peer(121.40.200.192:443), SSL_read failed( 6 ), error:00000000:lib(0):func(0):reason(0), file( ..\includes\common\phstream\SSLStream.cpp:1898 )
2023-03-10 16:35:51.304	- Info  -	[http call3] disconnect, error( 0 )
2023-03-10 16:36:06.940	* Error *	SSLStream::IsWantReadWrite|peer(121.199.72.21:443), SSL_read failed( 6 ), error:00000000:lib(0):func(0):reason(0), file( ..\includes\common\phstream\SSLStream.cpp:1898 )
2023-03-10 16:36:06.940	- Info  -	[http call3] disconnect, error( 0 )
2023-03-10 20:30:53.294	- Info  -	[ServiceEx] the service control is 13
2023-03-10 20:30:53.294	- Info  -	SERVICE_CONTROL_POWEREVENT************dwEventType:4
2023-03-10 20:30:53.294	+Warning+	[service] power event, system is suspending.
2023-03-10 20:30:53.294	- Info  -	Logout ...
2023-03-10 20:30:53.294	- Info  -	[oray][erroCode] errorcode=oray_errorcode(0), product=0, type=0, inner code=0 [CMultiplexLogicStream::Disconnect_impl:121]
2023-03-10 20:30:53.294	- Info  -	[RemoteControl] disconnected server(120.55.59.130:443),error code:0
2023-03-10 20:30:53.297	* Error *	[online] online disconnected,error code:0
2023-03-10 20:30:53.297	- Info  -	[oray][erroCode] errorcode=errorcode(0), product=0, type=0, inner code=0 [COnlineHandler::OnDisconnect:86]
2023-03-10 20:30:53.297	- Info  -	[service] disconnected server(120.55.59.130:443),errorcode:0
2023-03-10 20:30:53.297	- Info  -	curStatus: 0, m_Status: 1
2023-03-10 20:30:53.297	- Info  -	[http call3] new call id:12, url:https://sl-log.oray.net/slclientlog
2023-03-10 20:30:53.297	- Info  -	Current client status: 0
2023-03-10 20:30:53.297	- Info  -	send status_changed notify 0
2023-03-10 20:30:53.298	- Info  -	[OnLogout start]
2023-03-10 20:30:53.299	- Info  -	[service] stop all projections
2023-03-10 20:30:53.299	- Info  -	[OnLogout end]
2023-03-10 20:30:53.300	- Info  -	[http call3] id:12 create new connection : https://sl-log.oray.net:443
2023-03-10 20:30:53.304	- Info  -	[MICRO LIVE] shell send close micro_live_plugin
2023-03-10 20:30:53.309	- Info  -	attempt to connect server sl-log.oray.net:443(120.26.160.74:443)
2023-03-10 20:30:53.461	- Info  -	[http call3] id:12, url:https://sl-log.oray.net/slclientlog, status code:200
2023-03-11 08:31:48.517	+Warning+	[passive:keepalive:] 120.26.160.74:443 disconnect by keepalive timeout(251010437>=207755375+30000)
2023-03-11 08:31:48.517	+Warning+	[oray][erroCode] errorcode=ORAY_ERROR_PHSTREAM_KEEPALIVE_TIMEOUT(57351), product=0, type=3, inner code=7 [CPassiveKeepAliveHandler::Done:141]
2023-03-11 08:31:48.517	- Info  -	[http call3] disconnect, error( 57351 )
2023-03-11 08:31:52.339	- Info  -	[ServiceEx] the service control is 13
2023-03-11 08:31:52.339	- Info  -	SERVICE_CONTROL_POWEREVENT************dwEventType:7
2023-03-11 08:31:52.339	+Warning+	[service] power event, system is resumed.
2023-03-11 08:31:55.107	- Info  -	[ServiceEx] the service control is 13
2023-03-11 08:31:55.107	- Info  -	SERVICE_CONTROL_POWEREVENT************dwEventType:18
2023-03-11 08:31:55.107	+Warning+	[service] power event, system is resumed.
2023-03-11 08:31:58.199	- Info  -	retry login now......
2023-03-11 08:31:58.199	- Info  -	Current client status: 2
2023-03-11 08:31:58.199	- Info  -	send status_changed notify 2
2023-03-11 08:31:58.199	- Info  -	Login task time 0
2023-03-11 08:31:58.199	- Info  -	[service] retry login by power event
2023-03-11 08:31:58.201	- Info  -	[service] retry login by power event
2023-03-11 08:31:58.207	- Info  -	Do login( type: 2 ) at 379
2023-03-11 08:31:58.207	- Info  -	[http call3] new call id:13, url:https://slapi.oray.net/remote/get-fastcode
2023-03-11 08:31:58.223	- Info  -	[http call3] id:13 create new connection : https://slapi.oray.net:443
2023-03-11 08:31:58.224	- Info  -	attempt to connect server slapi.oray.net:443(121.40.99.129:443)
2023-03-11 08:31:58.401	- Info  -	[http call3] id:13, url:https://slapi.oray.net/remote/get-fastcode, status code:200
2023-03-11 08:31:58.413	- Info  -	attempt to connect server rc10-fc06.oray.com:443(120.26.127.51:443)
2023-03-11 08:31:58.539	- Info  -	[service] attempted logon
2023-03-11 08:31:58.584	- Info  -	[service] logon server OK. public ip:223.82.110.30
2023-03-11 08:31:58.610	- Info  -	[online] attempted client online
2023-03-11 08:31:58.637	- Info  -	[online] client online OK.
2023-03-11 08:31:58.637	- Info  -	[online] received name:default , description:default .
2023-03-11 08:31:58.651	- Info  -	[service] attempted register client to server
2023-03-11 08:31:58.679	- Info  -	[service] registered client to server
2023-03-11 08:31:58.679	- Info  -	[http call3] new call id:14, url:https://sl-log.oray.net/slclientlog
2023-03-11 08:31:58.679	- Info  -	Current client status: 1
2023-03-11 08:31:58.679	- Info  -	send status_changed notify 1
2023-03-11 08:31:58.683	- Info  -	[http call3] id:14 create new connection : https://sl-log.oray.net:443
2023-03-11 08:31:58.687	- Info  -	[discover] Client NotifyDiscover type=5
2023-03-11 08:31:58.713	- Info  -	[OnLogin start]
2023-03-11 08:31:58.714	- Info  -	[OnLogin] WaittingTask Start
2023-03-11 08:31:58.717	- Info  -	Set auto_run : true
2023-03-11 08:31:58.721	- Info  -	[OnLogin end]
2023-03-11 08:31:58.730	- Info  -	attempt to connect server sl-log.oray.net:443(121.199.72.21:443)
2023-03-11 08:31:58.864	- Info  -	[http call3] id:14, url:https://sl-log.oray.net/slclientlog, status code:200
2023-03-11 08:31:59.470	- Info  -	[OnLogin] WaittingTask end
2023-03-11 08:32:02.494	- Info  -	[ServiceEx] the service control is 13
2023-03-11 08:32:02.494	- Info  -	SERVICE_CONTROL_POWEREVENT************dwEventType:10
2023-03-11 08:32:13.404	* Error *	SSLStream::IsWantReadWrite|peer(121.40.99.129:443), SSL_read failed( 6 ), error:00000000:lib(0):func(0):reason(0), file( ..\includes\common\phstream\SSLStream.cpp:1898 )
2023-03-11 08:32:13.404	- Info  -	[http call3] disconnect, error( 0 )
2023-03-11 08:32:28.854	* Error *	SSLStream::IsWantReadWrite|peer(121.199.72.21:443), SSL_read failed( 6 ), error:00000000:lib(0):func(0):reason(0), file( ..\includes\common\phstream\SSLStream.cpp:1898 )
2023-03-11 08:32:28.855	- Info  -	[http call3] disconnect, error( 0 )
2023-03-11 09:43:09.987	- Info  -	[ServiceEx] the service control is 13
2023-03-11 09:43:09.988	- Info  -	SERVICE_CONTROL_POWEREVENT************dwEventType:10
2023-03-11 10:14:56.867	- Info  -	[ServiceEx] the service control is 13
2023-03-11 10:14:56.867	- Info  -	SERVICE_CONTROL_POWEREVENT************dwEventType:10
2023-03-11 10:22:06.044	- Info  -	[ServiceEx] the service control is 13
2023-03-11 10:22:06.045	- Info  -	SERVICE_CONTROL_POWEREVENT************dwEventType:10
2023-03-11 10:22:09.180	- Info  -	[ServiceEx] the service control is 13
2023-03-11 10:22:09.180	- Info  -	SERVICE_CONTROL_POWEREVENT************dwEventType:10
2023-03-11 10:22:56.919	- Info  -	[ServiceEx] the service control is 13
2023-03-11 10:22:56.919	- Info  -	SERVICE_CONTROL_POWEREVENT************dwEventType:4
2023-03-11 10:22:56.919	+Warning+	[service] power event, system is suspending.
2023-03-11 10:22:56.921	- Info  -	Logout ...
2023-03-11 10:22:56.921	- Info  -	[oray][erroCode] errorcode=oray_errorcode(0), product=0, type=0, inner code=0 [CMultiplexLogicStream::Disconnect_impl:121]
2023-03-11 10:22:56.921	- Info  -	[RemoteControl] disconnected server(120.26.127.51:443),error code:0
2023-03-11 10:22:56.922	* Error *	[online] online disconnected,error code:0
2023-03-11 10:22:56.922	- Info  -	[oray][erroCode] errorcode=errorcode(0), product=0, type=0, inner code=0 [COnlineHandler::OnDisconnect:86]
2023-03-11 10:22:56.922	- Info  -	[service] disconnected server(120.26.127.51:443),errorcode:0
2023-03-11 10:22:56.922	- Info  -	curStatus: 0, m_Status: 1
2023-03-11 10:22:56.922	- Info  -	[http call3] new call id:15, url:https://sl-log.oray.net/slclientlog
2023-03-11 10:22:56.923	- Info  -	Current client status: 0
2023-03-11 10:22:56.923	- Info  -	send status_changed notify 0
2023-03-11 10:22:56.923	- Info  -	[OnLogout start]
2023-03-11 10:22:56.924	- Info  -	[service] stop all projections
2023-03-11 10:22:56.924	- Info  -	[OnLogout end]
2023-03-11 10:22:56.931	- Info  -	[http call3] id:15 create new connection : https://sl-log.oray.net:443
2023-03-11 10:22:56.940	- Info  -	attempt to connect server sl-log.oray.net:443(47.97.186.100:443)
2023-03-11 10:22:56.945	- Info  -	[MICRO LIVE] shell send close micro_live_plugin
2023-03-11 10:22:57.084	- Info  -	[http call3] id:15, url:https://sl-log.oray.net/slclientlog, status code:200
2023-03-13 08:24:00.518	+Warning+	[passive:keepalive:] 47.97.186.100:443 disconnect by keepalive timeout(423342437>=257679000+30000)
2023-03-13 08:24:00.518	+Warning+	[oray][erroCode] errorcode=ORAY_ERROR_PHSTREAM_KEEPALIVE_TIMEOUT(57351), product=0, type=3, inner code=7 [CPassiveKeepAliveHandler::Done:141]
2023-03-13 08:24:00.518	- Info  -	[http call3] disconnect, error( 57351 )
2023-03-13 08:24:04.746	- Info  -	[ServiceEx] the service control is 13
2023-03-13 08:24:04.746	- Info  -	SERVICE_CONTROL_POWEREVENT************dwEventType:18
2023-03-13 08:24:04.746	+Warning+	[service] power event, system is resumed.
2023-03-13 08:24:08.912	- Info  -	[ServiceEx] the service control is 13
2023-03-13 08:24:08.912	- Info  -	SERVICE_CONTROL_POWEREVENT************dwEventType:7
2023-03-13 08:24:08.912	+Warning+	[service] power event, system is resumed.
2023-03-13 08:24:09.613	- Info  -	[ServiceEx] the service control is 13
2023-03-13 08:24:09.613	- Info  -	SERVICE_CONTROL_POWEREVENT************dwEventType:10
2023-03-13 08:24:11.792	- Info  -	retry login now......
2023-03-13 08:24:11.792	- Info  -	Current client status: 2
2023-03-13 08:24:11.792	- Info  -	send status_changed notify 2
2023-03-13 08:24:11.793	- Info  -	Login task time 0
2023-03-13 08:24:11.793	- Info  -	[service] retry login by power event
2023-03-13 08:24:11.794	- Info  -	Do login( type: 2 ) at 379
2023-03-13 08:24:11.794	- Info  -	[http call3] new call id:16, url:https://slapi.oray.net/remote/get-fastcode
2023-03-13 08:24:11.795	- Info  -	[http call3] id:16 create new connection : https://slapi.oray.net:443
2023-03-13 08:24:11.796	* Error *	[oray][erroCode] errorcode=ORAY_ERROR_DOMAIN_RESOLVED_FAILED(57394), product=0, type=3, inner code=50 [CSockConnector::ConnectSock:229]
2023-03-13 08:24:16.253	- Info  -	[service] retry login by power event
2023-03-13 08:24:34.622	- Info  -	[http call3] disconnect, error( 0 )
2023-03-13 08:24:34.622	- Info  -	[http call3] disconnect id:16, error( 0 )
2023-03-13 08:24:34.622	* Error *	GetFastcode failed! error:-1, msg:net error
2023-03-13 08:24:34.622	- Info  -	Current client status: 0
2023-03-13 08:24:34.622	- Info  -	send status_changed notify 0
2023-03-13 08:24:34.622	- Info  -	[OnLogout start]
2023-03-13 08:24:34.623	- Info  -	[service] stop all projections
2023-03-13 08:24:34.623	- Info  -	retry login now......
2023-03-13 08:24:34.623	- Info  -	Current client status: 2
2023-03-13 08:24:34.623	- Info  -	send status_changed notify 2
2023-03-13 08:24:34.623	- Info  -	Login task time 0
2023-03-13 08:24:34.623	- Info  -	[OnLogout end]
2023-03-13 08:24:34.638	- Info  -	Do login( type: 2 ) at 379
2023-03-13 08:24:34.638	- Info  -	[http call3] new call id:17, url:https://slapi.oray.net/remote/get-fastcode
2023-03-13 08:24:34.654	- Info  -	[http call3] id:17 create new connection : https://slapi.oray.net:443
2023-03-13 08:24:34.656	- Info  -	attempt to connect server slapi.oray.net:443(121.40.99.129:443)
2023-03-13 08:24:34.827	- Info  -	[http call3] id:17, url:https://slapi.oray.net/remote/get-fastcode, status code:200
2023-03-13 08:24:34.836	- Info  -	attempt to connect server rc10-fc01.oray.com:443(116.62.246.30:443)
2023-03-13 08:24:34.931	- Info  -	[service] attempted logon
2023-03-13 08:24:34.964	- Info  -	[service] logon server OK. public ip:223.82.110.30
2023-03-13 08:24:34.988	- Info  -	[online] attempted client online
2023-03-13 08:24:35.013	- Info  -	[online] client online OK.
2023-03-13 08:24:35.013	- Info  -	[online] received name:default , description:default .
2023-03-13 08:24:35.021	- Info  -	[service] attempted register client to server
2023-03-13 08:24:35.047	- Info  -	[service] registered client to server
2023-03-13 08:24:35.048	- Info  -	[http call3] new call id:18, url:https://sl-log.oray.net/slclientlog
2023-03-13 08:24:35.048	- Info  -	Current client status: 1
2023-03-13 08:24:35.048	- Info  -	send status_changed notify 1
2023-03-13 08:24:35.053	- Info  -	[http call3] id:18 create new connection : https://sl-log.oray.net:443
2023-03-13 08:24:35.054	- Info  -	[discover] Client NotifyDiscover type=5
2023-03-13 08:24:35.062	- Info  -	attempt to connect server sl-log.oray.net:443(47.97.186.100:443)
2023-03-13 08:24:35.064	- Info  -	[OnLogin start]
2023-03-13 08:24:35.065	- Info  -	[OnLogin end]
2023-03-13 08:24:35.068	- Info  -	[OnLogin] WaittingTask Start
2023-03-13 08:24:35.070	- Info  -	Set auto_run : true
2023-03-13 08:24:35.187	- Info  -	[http call3] id:18, url:https://sl-log.oray.net/slclientlog, status code:200
2023-03-13 08:24:35.377	- Info  -	[OnLogin] WaittingTask end
2023-03-13 08:24:49.907	* Error *	SSLStream::IsWantReadWrite|peer(121.40.99.129:443), SSL_read failed( 6 ), error:00000000:lib(0):func(0):reason(0), file( ..\includes\common\phstream\SSLStream.cpp:1898 )
2023-03-13 08:24:49.909	- Info  -	[http call3] disconnect, error( 0 )
2023-03-13 08:25:05.188	* Error *	SSLStream::IsWantReadWrite|peer(47.97.186.100:443), SSL_read failed( 6 ), error:00000000:lib(0):func(0):reason(0), file( ..\includes\common\phstream\SSLStream.cpp:1898 )
2023-03-13 08:25:05.188	- Info  -	[http call3] disconnect, error( 0 )
2023-03-13 09:02:41.846	- Info  -	[ServiceEx] the service control is 13
2023-03-13 09:02:41.848	- Info  -	SERVICE_CONTROL_POWEREVENT************dwEventType:10
2023-03-13 09:58:29.532	- Info  -	[ServiceEx] the service control is 13
2023-03-13 09:58:29.533	- Info  -	SERVICE_CONTROL_POWEREVENT************dwEventType:10
2023-03-13 10:20:42.267	- Info  -	[ServiceEx] the service control is 13
2023-03-13 10:20:42.267	- Info  -	SERVICE_CONTROL_POWEREVENT************dwEventType:10
2023-03-13 10:27:13.381	- Info  -	[ServiceEx] the service control is 5
2023-03-13 10:27:13.381	- Info  -	SERVICE_CONTROL_SHUTDOWN************
2023-03-13 10:27:13.381	- Info  -	[discover] Client NotifyDiscover type=6
2023-03-13 10:27:13.397	- Info  -	Logout ...
2023-03-13 10:27:13.397	- Info  -	[oray][erroCode] errorcode=oray_errorcode(0), product=0, type=0, inner code=0 [CMultiplexLogicStream::Disconnect_impl:121]
2023-03-13 10:27:13.397	- Info  -	[RemoteControl] disconnected server(116.62.246.30:443),error code:0
2023-03-13 10:27:13.397	* Error *	[online] online disconnected,error code:0
2023-03-13 10:27:13.397	- Info  -	[oray][erroCode] errorcode=errorcode(0), product=0, type=0, inner code=0 [COnlineHandler::OnDisconnect:86]
2023-03-13 10:27:13.397	- Info  -	[service] disconnected server(116.62.246.30:443),errorcode:0
2023-03-13 10:27:13.397	- Info  -	curStatus: 0, m_Status: 1
2023-03-13 10:27:13.397	- Info  -	[http call3] new call id:19, url:https://sl-log.oray.net/slclientlog
2023-03-13 10:27:13.397	- Info  -	Current client status: 0
2023-03-13 10:27:13.443	- Info  -	[http call3] id:19 create new connection : https://sl-log.oray.net:443
2023-03-13 10:27:13.584	- Info  -	attempt to connect server sl-log.oray.net:443(121.199.72.21:443)
2023-03-13 10:27:13.725	- Info  -	[http call3] id:19, url:https://sl-log.oray.net/slclientlog, status code:200
2023-03-13 10:27:13.787	- Info  -	[CUDPLibWrapper] map size: 0, value: 
2023-03-13 10:27:13.803	- Info  -	[service] stop listen OK
2023-03-13 10:27:13.819	- Info  -	[service] stop all projections
2023-03-13 10:27:13.819	- Info  -	[discover] Client NotifyDiscover type=6
2023-03-13 10:27:14.745	- Info  -	[http call3] disconnect, error( 10054 )
2023-03-13 10:27:16.886	* Error *	[hidden_wnd] Message Thread Exit wrong: 258
2023-03-13 10:27:16.907	- Info  -	[CUDPLibWrapper] map size: 0, value: 
2023-03-13 10:27:16.911	- Info  -	Terminate OK
2023-03-13 10:27:16.917	- Info  -	Terminate OK
2023-03-13 10:27:16.926	- Info  -	[service] stop all projections
2023-03-13 10:27:16.951	- Info  -	program service is exit 
