2022-12-01 17:24:33.552	- Info  -	version:3.2.1.40406
2022-12-01 17:24:33.745	* Error *	SSLStream|Remove temp(C:\Windows\TEMP\u2qg.0) file ok
2022-12-01 17:24:34.270	- Info  -	Initialize OK
2022-12-01 17:24:34.270	- Info  -	CAcceptorRaw::set_listener
2022-12-01 17:24:34.272	- Info  -	DesktopAgentServer created with port 0.
2022-12-01 17:24:34.406	* Error *	[udpstack] bind 0.0.0.0:15647 error , errorno = 10048
2022-12-01 17:24:34.416	- Info  -	[service] start listen OK,tcp:0.0.0.0:49675,udp:15758
2022-12-01 17:24:34.426	- Info  -	[discover] Client NotifyDiscover type=5
2022-12-01 17:24:34.565	- Info  -	[localserver] Not use proxy
2022-12-01 17:24:34.608	- Info  -	network error, retrying login server
2022-12-01 17:24:37.692	- Info  -	[mac] local ip:192.168.0.193
2022-12-01 17:24:37.739	- Info  -	[mac] mac address:00:F4:8D:D2:3C:CF
2022-12-01 17:24:37.739	- Info  -	get mac address: 00:F4:8D:D2:3C:CF
2022-12-01 17:24:41.365	- Info  -	os name:Microsoft Windows 10 专业版
2022-12-01 17:24:42.555	- Info  -	m_clientinfo.mac: 00:F4:8D:D2:3C:CF
2022-12-01 17:24:42.592	- Info  -	Current client status: 2
2022-12-01 17:24:42.592	- Info  -	send status_changed notify 2
2022-12-01 17:24:42.592	- Info  -	Login task time 0
2022-12-01 17:24:42.601	- Info  -	Do login( type: 2 ) at 379
2022-12-01 17:24:42.601	- Info  -	[http call3] new call id:1, url:https://slapi.oray.net/remote/get-fastcode
2022-12-01 17:24:42.654	- Info  -	[http call3] id:1 create new connection : https://slapi.oray.net:443
2022-12-01 17:24:42.666	- Info  -	attempt to connect server slapi.oray.net:443(121.40.200.192:443)
2022-12-01 17:24:42.929	- Info  -	[http call3] id:1, url:https://slapi.oray.net/remote/get-fastcode, status code:200
2022-12-01 17:24:42.943	- Info  -	attempt to connect server rc10-fc11.oray.com:443(81.69.183.65:443)
2022-12-01 17:24:43.075	- Info  -	[service] attempted logon
2022-12-01 17:24:43.136	- Info  -	[service] logon server OK. public ip:183.217.165.158
2022-12-01 17:24:43.164	- Info  -	[online] attempted client online
2022-12-01 17:24:43.192	- Info  -	[online] client online OK.
2022-12-01 17:24:43.192	- Info  -	[online] received name:default , description:default .
2022-12-01 17:24:43.207	- Info  -	[service] attempted register client to server
2022-12-01 17:24:43.236	- Info  -	[service] registered client to server
2022-12-01 17:24:43.237	- Info  -	[http call3] new call id:2, url:https://sl-log.oray.net/slclientlog
2022-12-01 17:24:43.237	- Info  -	Current client status: 1
2022-12-01 17:24:43.237	- Info  -	send status_changed notify 1
2022-12-01 17:24:43.239	- Info  -	[http call3] id:2 create new connection : https://sl-log.oray.net:443
2022-12-01 17:24:43.253	- Info  -	attempt to connect server sl-log.oray.net:443(47.97.186.100:443)
2022-12-01 17:24:43.292	- Info  -	[discover] Client NotifyDiscover type=5
2022-12-01 17:24:43.353	- Info  -	[OnLogin start]
2022-12-01 17:24:43.355	- Info  -	[OnLogin end]
2022-12-01 17:24:43.366	- Info  -	[OnLogin] WaittingTask Start
2022-12-01 17:24:43.369	- Info  -	Set auto_run : true
2022-12-01 17:24:43.391	- Info  -	[http call3] id:2, url:https://sl-log.oray.net/slclientlog, status code:200
2022-12-01 17:24:43.485	- Info  -	[OnLogin] WaittingTask end
2022-12-01 17:24:57.928	* Error *	SSLStream::IsWantReadWrite|peer(121.40.200.192:443), SSL_read failed( 6 ), error:00000000:lib(0):func(0):reason(0), file( ..\includes\common\phstream\SSLStream.cpp:1898 )
2022-12-01 17:24:57.928	- Info  -	[http call3] disconnect, error( 0 )
2022-12-01 17:25:13.389	* Error *	SSLStream::IsWantReadWrite|peer(47.97.186.100:443), SSL_read failed( 6 ), error:00000000:lib(0):func(0):reason(0), file( ..\includes\common\phstream\SSLStream.cpp:1898 )
2022-12-01 17:25:13.389	- Info  -	[http call3] disconnect, error( 0 )
2022-12-01 17:25:17.958	- Info  -	[MICRO LIVE] shell oninitdialog to get microlive info enable = 0 status = 0 timelast = 0
