2022-12-11 12:14:22.590	- Info  -	version:3.2.1.40406
2022-12-11 12:14:22.722	- Info  -	[dlg_main] on_create
2022-12-11 12:14:22.854	- Info  -	attempt to connect server 127.0.0.1:16308(127.0.0.1:16308)
2022-12-11 12:14:22.945	- Info  -	[shell] OnConnect
2022-12-11 12:14:22.948	- Info  -	[shell] status_changed:1
2022-12-11 12:14:24.035	- Info  -	[dlg_main] init_fastcode_histroy
2022-12-11 12:14:24.065	- Info  -	[http call3] new call id:1, url:https://ddns.oray.com/checkip?clean=1
2022-12-11 12:14:24.065	- Info  -	[dlg_main] on_create end
2022-12-11 12:14:24.100	- Info  -	[http call3] id:1 create new connection : https://ddns.oray.com:443
2022-12-11 12:14:24.151	- Info  -	attempt to connect server ddns.oray.com:443(114.215.199.192:443)
2022-12-11 12:14:24.463	- Info  -	sensors init with file: C:/ProgramData/Oray/SunloginClient/sensors/datas
2022-12-11 12:14:24.467	- Info  -	[http call3] new call id:2, url:https://slapi.oray.net/client/free-tips
2022-12-11 12:14:24.533	- Info  -	[http call3] id:2 create new connection : https://slapi.oray.net:443
2022-12-11 12:14:24.546	- Info  -	attempt to connect server slapi.oray.net:443(121.40.200.192:443)
2022-12-11 12:14:24.606	- Info  -	[http call3] id:1, url:https://ddns.oray.com/checkip?clean=1, status code:200
2022-12-11 12:14:24.703	- Info  -	[http call3] id:2, url:https://slapi.oray.net/client/free-tips, status code:200
2022-12-11 12:14:39.756	* Error *	SSLStream::IsWantReadWrite|peer(121.40.200.192:443), SSL_read failed( 6 ), error:00000000:lib(0):func(0):reason(0), file( ..\includes\common\phstream\SSLStream.cpp:1898 )
2022-12-11 12:14:39.757	- Info  -	[http call3] disconnect, error( 0 )
2022-12-11 12:14:54.615	* Error *	SSLStream::IsWantReadWrite|peer(114.215.199.192:443), SSL_read failed( 6 ), error:00000000:lib(0):func(0):reason(0), file( ..\includes\common\phstream\SSLStream.cpp:1898 )
2022-12-11 12:14:54.615	- Info  -	[http call3] disconnect, error( 0 )
2022-12-11 18:01:02.866	- Info  -	[shell] status_changed:0
2022-12-11 18:09:38.214	- Info  -	[shell] status_changed:2
2022-12-11 18:10:27.379	- Info  -	[shell] status_changed:2
2022-12-11 18:10:27.380	- Info  -	[shell] status_changed:2
2022-12-11 18:10:27.962	- Info  -	[shell] status_changed:1
2022-12-11 18:10:28.003	- Info  -	[http call3] new call id:3, url:https://slapi.oray.net/client/free-tips
2022-12-11 18:10:28.004	- Info  -	[http call3] id:3 create new connection : https://slapi.oray.net:443
2022-12-11 18:10:28.019	- Info  -	attempt to connect server slapi.oray.net:443(121.40.200.192:443)
2022-12-11 18:10:28.228	- Info  -	[http call3] id:3, url:https://slapi.oray.net/client/free-tips, status code:200
2022-12-11 18:10:43.228	* Error *	SSLStream::IsWantReadWrite|peer(121.40.200.192:443), SSL_read failed( 6 ), error:00000000:lib(0):func(0):reason(0), file( ..\includes\common\phstream\SSLStream.cpp:1898 )
2022-12-11 18:10:43.229	- Info  -	[http call3] disconnect, error( 0 )
2022-12-11 19:34:58.370	- Info  -	[shell] status_changed:0
2022-12-11 20:15:50.237	- Info  -	[shell] status_changed:2
2022-12-11 20:16:20.276	- Info  -	[shell] status_changed:2
2022-12-11 20:16:20.277	- Info  -	[shell] status_changed:2
2022-12-11 20:16:50.359	- Info  -	[shell] status_changed:0
2022-12-11 20:18:53.856	- Info  -	[shell] status_changed:2
2022-12-11 20:19:23.940	- Info  -	[shell] status_changed:0
2022-12-11 20:21:26.243	- Info  -	[shell] status_changed:2
2022-12-11 20:22:07.636	- Info  -	[shell] status_changed:0
2022-12-12 09:58:00.509	- Info  -	[shell] status_changed:2
2022-12-12 09:58:30.530	- Info  -	[shell] status_changed:0
