2023-03-06 09:12:09.384	- Info  -	version:3.2.1.40406
2023-03-06 09:12:09.735	* Error *	SSLStream|Remove temp(C:\Windows\TEMP\u2ks.0) file ok
2023-03-06 09:12:10.462	- Info  -	Initialize OK
2023-03-06 09:12:10.462	- Info  -	CAcceptorRaw::set_listener
2023-03-06 09:12:10.478	- Info  -	DesktopAgentServer created with port 0.
2023-03-06 09:12:10.681	* Error *	[udpstack] bind 0.0.0.0:16114 error , errorno = 10048
2023-03-06 09:12:10.744	- Info  -	[service] start listen OK,tcp:0.0.0.0:49675,udp:16225
2023-03-06 09:12:10.775	- Info  -	[discover] Client NotifyDiscover type=5
2023-03-06 09:12:10.822	- Info  -	[localserver] Not use proxy
2023-03-06 09:12:10.853	- Info  -	network error, retrying login server
2023-03-06 09:12:13.864	- Info  -	network error, retrying login server
2023-03-06 09:12:16.885	- Info  -	network error, retrying login server
2023-03-06 09:12:19.879	- Info  -	network error, retrying login server
2023-03-06 09:12:21.383	- Info  -	[ServiceEx] the service control is 13
2023-03-06 09:12:21.383	- Info  -	SERVICE_CONTROL_POWEREVENT************dwEventType:10
2023-03-06 09:12:22.940	- Info  -	network error, retrying login server
2023-03-06 09:12:25.942	- Info  -	network error, retrying login server
2023-03-06 09:12:29.032	- Info  -	network error, retrying login server
2023-03-06 09:12:32.073	- Info  -	network error, retrying login server
2023-03-06 09:12:35.100	- Info  -	network error, retrying login server
2023-03-06 09:12:38.098	- Info  -	[mac] local ip:127.0.0.1
2023-03-06 09:12:38.107	- Info  -	[mac] mac address:
2023-03-06 09:12:38.107	- Info  -	[mac] mac address is empty,get mac address with wmi
2023-03-06 09:12:40.478	- Info  -	get mac address: ee:1e:20:52:41:53
2023-03-06 09:12:42.231	- Info  -	[MICRO LIVE] shell send close micro_live_plugin
2023-03-06 09:12:43.652	- Info  -	os name:Microsoft Windows 10 专业版
2023-03-06 09:12:44.891	- Info  -	m_clientinfo.mac: ee:1e:20:52:41:53
2023-03-06 09:12:45.141	- Info  -	Current client status: 2
2023-03-06 09:12:45.141	- Info  -	send status_changed notify 2
2023-03-06 09:12:45.141	- Info  -	Login task time 0
2023-03-06 09:12:45.214	- Info  -	Do login( type: 2 ) at 379
2023-03-06 09:12:45.214	- Info  -	[http call3] new call id:1, url:https://slapi.oray.net/remote/get-fastcode
2023-03-06 09:12:45.279	- Info  -	[http call3] id:1 create new connection : https://slapi.oray.net:443
2023-03-06 09:12:45.280	* Error *	[oray][erroCode] errorcode=ORAY_ERROR_DOMAIN_RESOLVED_FAILED(57394), product=0, type=3, inner code=50 [CSockConnector::ConnectSock:229]
2023-03-06 09:13:15.376	- Info  -	[http call3] disconnect, error( 0 )
2023-03-06 09:13:15.376	- Info  -	[http call3] disconnect id:1, error( 0 )
2023-03-06 09:13:15.376	* Error *	GetFastcode failed! error:-1, msg:net error
2023-03-06 09:13:15.376	- Info  -	Current client status: 0
2023-03-06 09:13:15.376	- Info  -	send status_changed notify 0
2023-03-06 09:13:15.376	- Info  -	[OnLogout start]
2023-03-06 09:13:15.379	- Info  -	[service] stop all projections
2023-03-06 09:13:15.379	- Info  -	[OnLogout end]
2023-03-06 09:13:15.419	- Info  -	[MICRO LIVE] shell send close micro_live_plugin
2023-03-06 09:15:17.278	- Info  -	[localserver] Not use proxy
2023-03-06 09:15:17.278	- Info  -	retry login now......
2023-03-06 09:15:17.278	- Info  -	Current client status: 2
2023-03-06 09:15:17.278	- Info  -	send status_changed notify 2
2023-03-06 09:15:17.279	- Info  -	Login task time 0
2023-03-06 09:15:17.279	- Info  -	Do login( type: 2 ) at 379
2023-03-06 09:15:17.279	- Info  -	[http call3] new call id:2, url:https://slapi.oray.net/remote/get-fastcode
2023-03-06 09:15:17.293	- Info  -	[http call3] id:2 create new connection : https://slapi.oray.net:443
2023-03-06 09:15:17.304	* Error *	[oray][erroCode] errorcode=ORAY_ERROR_DOMAIN_RESOLVED_FAILED(57394), product=0, type=3, inner code=50 [CSockConnector::ConnectSock:229]
2023-03-06 09:15:47.303	- Info  -	[http call3] disconnect, error( 0 )
2023-03-06 09:15:47.303	- Info  -	[http call3] disconnect id:2, error( 0 )
2023-03-06 09:15:47.303	* Error *	GetFastcode failed! error:-1, msg:net error
2023-03-06 09:15:47.303	- Info  -	Current client status: 0
2023-03-06 09:15:47.303	- Info  -	send status_changed notify 0
2023-03-06 09:15:47.303	- Info  -	[OnLogout start]
2023-03-06 09:15:47.303	- Info  -	[service] stop all projections
2023-03-06 09:15:47.303	- Info  -	[OnLogout end]
2023-03-06 09:15:47.311	- Info  -	[MICRO LIVE] shell send close micro_live_plugin
2023-03-06 09:17:48.442	- Info  -	[localserver] Not use proxy
2023-03-06 09:17:48.442	- Info  -	retry login now......
2023-03-06 09:17:48.442	- Info  -	Current client status: 2
2023-03-06 09:17:48.443	- Info  -	send status_changed notify 2
2023-03-06 09:17:48.444	- Info  -	Login task time 0
2023-03-06 09:17:48.445	- Info  -	Do login( type: 2 ) at 379
2023-03-06 09:17:48.445	- Info  -	[http call3] new call id:3, url:https://slapi.oray.net/remote/get-fastcode
2023-03-06 09:17:48.449	- Info  -	[http call3] id:3 create new connection : https://slapi.oray.net:443
2023-03-06 09:17:48.454	* Error *	[oray][erroCode] errorcode=ORAY_ERROR_DOMAIN_RESOLVED_FAILED(57394), product=0, type=3, inner code=50 [CSockConnector::ConnectSock:229]
2023-03-06 09:18:18.451	- Info  -	[http call3] disconnect, error( 0 )
2023-03-06 09:18:18.451	- Info  -	[http call3] disconnect id:3, error( 0 )
2023-03-06 09:18:18.451	* Error *	GetFastcode failed! error:-1, msg:net error
2023-03-06 09:18:18.451	- Info  -	Current client status: 0
2023-03-06 09:18:18.451	- Info  -	send status_changed notify 0
2023-03-06 09:18:18.451	- Info  -	[OnLogout start]
2023-03-06 09:18:18.452	- Info  -	[service] stop all projections
2023-03-06 09:18:18.452	- Info  -	[OnLogout end]
2023-03-06 09:18:18.456	- Info  -	[MICRO LIVE] shell send close micro_live_plugin
2023-03-06 09:20:19.515	- Info  -	[localserver] Not use proxy
2023-03-06 09:20:19.515	- Info  -	retry login now......
2023-03-06 09:20:19.516	- Info  -	Current client status: 2
2023-03-06 09:20:19.516	- Info  -	send status_changed notify 2
2023-03-06 09:20:19.516	- Info  -	Login task time 0
2023-03-06 09:20:19.532	- Info  -	Do login( type: 2 ) at 379
2023-03-06 09:20:19.533	- Info  -	[http call3] new call id:4, url:https://slapi.oray.net/remote/get-fastcode
2023-03-06 09:20:19.547	- Info  -	[http call3] id:4 create new connection : https://slapi.oray.net:443
2023-03-06 09:20:19.548	* Error *	[oray][erroCode] errorcode=ORAY_ERROR_DOMAIN_RESOLVED_FAILED(57394), product=0, type=3, inner code=50 [CSockConnector::ConnectSock:229]
2023-03-06 09:20:49.560	- Info  -	[http call3] disconnect, error( 0 )
2023-03-06 09:20:49.560	- Info  -	[http call3] disconnect id:4, error( 0 )
2023-03-06 09:20:49.560	* Error *	GetFastcode failed! error:-1, msg:net error
2023-03-06 09:20:49.560	- Info  -	Current client status: 0
2023-03-06 09:20:49.560	- Info  -	send status_changed notify 0
2023-03-06 09:20:49.560	- Info  -	[OnLogout start]
2023-03-06 09:20:49.561	- Info  -	[service] stop all projections
2023-03-06 09:20:49.561	- Info  -	[OnLogout end]
2023-03-06 09:20:49.572	- Info  -	[MICRO LIVE] shell send close micro_live_plugin
2023-03-06 09:22:50.622	- Info  -	[localserver] Not use proxy
2023-03-06 09:22:50.622	- Info  -	retry login now......
2023-03-06 09:22:50.622	- Info  -	Current client status: 2
2023-03-06 09:22:50.623	- Info  -	send status_changed notify 2
2023-03-06 09:22:50.623	- Info  -	Login task time 0
2023-03-06 09:22:50.638	- Info  -	Do login( type: 2 ) at 379
2023-03-06 09:22:50.638	- Info  -	[http call3] new call id:5, url:https://slapi.oray.net/remote/get-fastcode
2023-03-06 09:22:50.638	- Info  -	[http call3] id:5 create new connection : https://slapi.oray.net:443
2023-03-06 09:22:50.647	* Error *	[oray][erroCode] errorcode=ORAY_ERROR_DOMAIN_RESOLVED_FAILED(57394), product=0, type=3, inner code=50 [CSockConnector::ConnectSock:229]
2023-03-06 09:23:20.651	- Info  -	[http call3] disconnect, error( 0 )
2023-03-06 09:23:20.651	- Info  -	[http call3] disconnect id:5, error( 0 )
2023-03-06 09:23:20.651	* Error *	GetFastcode failed! error:-1, msg:net error
2023-03-06 09:23:20.651	- Info  -	Current client status: 0
2023-03-06 09:23:20.651	- Info  -	send status_changed notify 0
2023-03-06 09:23:20.651	- Info  -	[OnLogout start]
2023-03-06 09:23:20.652	- Info  -	[service] stop all projections
2023-03-06 09:23:20.652	- Info  -	[OnLogout end]
2023-03-06 09:23:20.656	- Info  -	[MICRO LIVE] shell send close micro_live_plugin
2023-03-06 09:25:21.664	- Info  -	[localserver] Not use proxy
2023-03-06 09:25:21.665	- Info  -	retry login now......
2023-03-06 09:25:21.665	- Info  -	Current client status: 2
2023-03-06 09:25:21.665	- Info  -	send status_changed notify 2
2023-03-06 09:25:21.665	- Info  -	Login task time 0
2023-03-06 09:25:21.680	- Info  -	Do login( type: 2 ) at 379
2023-03-06 09:25:21.680	- Info  -	[http call3] new call id:6, url:https://slapi.oray.net/remote/get-fastcode
2023-03-06 09:25:21.697	- Info  -	[http call3] id:6 create new connection : https://slapi.oray.net:443
2023-03-06 09:25:21.698	* Error *	[oray][erroCode] errorcode=ORAY_ERROR_DOMAIN_RESOLVED_FAILED(57394), product=0, type=3, inner code=50 [CSockConnector::ConnectSock:229]
2023-03-06 09:25:51.686	- Info  -	[http call3] disconnect, error( 0 )
2023-03-06 09:25:51.686	- Info  -	[http call3] disconnect id:6, error( 0 )
2023-03-06 09:25:51.686	* Error *	GetFastcode failed! error:-1, msg:net error
2023-03-06 09:25:51.686	- Info  -	Current client status: 0
2023-03-06 09:25:51.686	- Info  -	send status_changed notify 0
2023-03-06 09:25:51.686	- Info  -	[OnLogout start]
2023-03-06 09:25:51.687	- Info  -	[service] stop all projections
2023-03-06 09:25:51.687	- Info  -	[OnLogout end]
2023-03-06 09:25:51.700	- Info  -	[MICRO LIVE] shell send close micro_live_plugin
2023-03-06 09:27:48.425	- Info  -	[localserver] Not use proxy
2023-03-06 09:27:48.425	- Info  -	retry login now......
2023-03-06 09:27:48.425	- Info  -	Current client status: 2
2023-03-06 09:27:48.425	- Info  -	send status_changed notify 2
2023-03-06 09:27:48.426	- Info  -	Login task time 0
2023-03-06 09:27:48.426	- Info  -	Do login( type: 2 ) at 379
2023-03-06 09:27:48.426	- Info  -	[http call3] new call id:7, url:https://slapi.oray.net/remote/get-fastcode
2023-03-06 09:27:48.426	- Info  -	[http call3] id:7 create new connection : https://slapi.oray.net:443
2023-03-06 09:27:48.546	- Info  -	attempt to connect server slapi.oray.net:443(121.40.200.192:443)
2023-03-06 09:27:49.623	- Info  -	[http call3] id:7, url:https://slapi.oray.net/remote/get-fastcode, status code:200
2023-03-06 09:27:49.635	- Info  -	attempt to connect server rc10-fc01.oray.com:443(116.62.246.30:443)
2023-03-06 09:27:49.850	- Info  -	[service] attempted logon
2023-03-06 09:27:49.875	+Warning+	[service] logon failed: error password(2)
2023-03-06 09:27:49.875	- Info  -	Current client status: 0
2023-03-06 09:27:49.875	- Info  -	send status_changed notify 0
2023-03-06 09:27:49.875	- Info  -	[OnLogout start]
2023-03-06 09:27:49.876	- Info  -	[service] stop all projections
2023-03-06 09:27:49.876	* Error *	[Logout] No relogon error is 19
2023-03-06 09:27:49.876	- Info  -	[OnLogout end]
2023-03-06 09:27:49.879	* Error *	[oray][erroCode] errorcode=ORAY_ERROR_SL_LOGIN_FAILED(134307841), product=2, type=5, inner code=1 [CLogonHandler::OnLoginRes:251]
2023-03-06 09:27:49.879	- Info  -	[service] disconnected server(116.62.246.30:443),errorcode:134307841
2023-03-06 09:27:49.880	- Info  -	[MICRO LIVE] shell send close micro_live_plugin
2023-03-06 09:28:04.617	* Error *	SSLStream::IsWantReadWrite|peer(121.40.200.192:443), SSL_read failed( 6 ), error:00000000:lib(0):func(0):reason(0), file( ..\includes\common\phstream\SSLStream.cpp:1898 )
2023-03-06 09:28:04.617	- Info  -	[http call3] disconnect, error( 0 )
2023-03-06 09:28:06.178	- Info  -	Logout ...
2023-03-06 09:28:06.410	- Info  -	Current client status: 2
2023-03-06 09:28:06.410	- Info  -	send status_changed notify 2
2023-03-06 09:28:06.411	- Info  -	Login task time 0
2023-03-06 09:28:06.505	- Info  -	Do login( type: 2 ) at 379
2023-03-06 09:28:06.506	- Info  -	[http call3] new call id:8, url:https://slapi.oray.net/remote/get-fastcode
2023-03-06 09:28:06.580	- Info  -	[http call3] id:8 create new connection : https://slapi.oray.net:443
2023-03-06 09:28:06.581	- Info  -	attempt to connect server slapi.oray.net:443(121.40.200.192:443)
2023-03-06 09:28:07.175	- Info  -	[http call3] id:8, url:https://slapi.oray.net/remote/get-fastcode, status code:200
2023-03-06 09:28:07.209	- Info  -	attempt to connect server rc10-fc06.oray.com:443(120.26.127.51:443)
2023-03-06 09:28:07.656	- Info  -	[service] attempted logon
2023-03-06 09:28:07.693	- Info  -	[service] logon server OK. public ip:223.82.110.30
2023-03-06 09:28:07.718	- Info  -	[online] attempted client online
2023-03-06 09:28:07.743	- Info  -	[online] client online OK.
2023-03-06 09:28:07.744	- Info  -	[online] received name:default , description:default .
2023-03-06 09:28:07.758	- Info  -	[service] attempted register client to server
2023-03-06 09:28:07.783	- Info  -	[service] registered client to server
2023-03-06 09:28:07.784	- Info  -	[http call3] new call id:9, url:https://sl-log.oray.net/slclientlog
2023-03-06 09:28:07.784	- Info  -	Current client status: 1
2023-03-06 09:28:07.784	- Info  -	send status_changed notify 1
2023-03-06 09:28:07.790	- Info  -	[http call3] id:9 create new connection : https://sl-log.oray.net:443
2023-03-06 09:28:07.801	- Info  -	attempt to connect server sl-log.oray.net:443(47.97.183.66:443)
2023-03-06 09:28:07.926	- Info  -	[discover] Client NotifyDiscover type=5
2023-03-06 09:28:07.939	- Info  -	[OnLogin start]
2023-03-06 09:28:07.940	- Info  -	[http call3] new call id:10, url:https://slapi.oray.net/sunlogin/remote-info.update
2023-03-06 09:28:07.940	- Info  -	[OnLogin end]
2023-03-06 09:28:07.949	- Info  -	[http call3] id:10 use old connection : https://slapi.oray.net:443
2023-03-06 09:28:07.952	- Info  -	[OnLogin] WaittingTask Start
2023-03-06 09:28:08.102	- Info  -	[http call3] id:10, url:https://slapi.oray.net/sunlogin/remote-info.update, status code:200
2023-03-06 09:28:08.102	- Info  -	upload remote info ok
2023-03-06 09:28:08.173	- Info  -	Set auto_run : true
2023-03-06 09:28:08.288	- Info  -	[http call3] id:9, url:https://sl-log.oray.net/slclientlog, status code:200
2023-03-06 09:28:08.662	- Info  -	[OnLogin] WaittingTask end
2023-03-06 09:28:23.105	* Error *	SSLStream::IsWantReadWrite|peer(121.40.200.192:443), SSL_read failed( 6 ), error:00000000:lib(0):func(0):reason(0), file( ..\includes\common\phstream\SSLStream.cpp:1898 )
2023-03-06 09:28:23.106	- Info  -	[http call3] disconnect, error( 0 )
2023-03-06 09:28:38.255	* Error *	SSLStream::IsWantReadWrite|peer(47.97.183.66:443), SSL_read failed( 6 ), error:00000000:lib(0):func(0):reason(0), file( ..\includes\common\phstream\SSLStream.cpp:1898 )
2023-03-06 09:28:38.255	- Info  -	[http call3] disconnect, error( 0 )
2023-03-06 12:03:54.412	- Info  -	[ServiceEx] the service control is 13
2023-03-06 12:03:54.413	- Info  -	SERVICE_CONTROL_POWEREVENT************dwEventType:10
2023-03-06 12:03:55.386	- Info  -	[ServiceEx] the service control is 13
2023-03-06 12:03:55.387	- Info  -	SERVICE_CONTROL_POWEREVENT************dwEventType:10
2023-03-06 12:44:44.789	- Info  -	[ServiceEx] the service control is 13
2023-03-06 12:44:44.790	- Info  -	SERVICE_CONTROL_POWEREVENT************dwEventType:10
2023-03-06 13:25:23.111	- Info  -	[ServiceEx] the service control is 13
2023-03-06 13:25:23.111	- Info  -	SERVICE_CONTROL_POWEREVENT************dwEventType:10
2023-03-06 13:25:25.022	- Info  -	[ServiceEx] the service control is 13
2023-03-06 13:25:25.022	- Info  -	SERVICE_CONTROL_POWEREVENT************dwEventType:10
2023-03-06 17:05:01.872	- Info  -	[ServiceEx] the service control is 5
2023-03-06 17:05:01.872	- Info  -	SERVICE_CONTROL_SHUTDOWN************
2023-03-06 17:05:01.879	- Info  -	[discover] Client NotifyDiscover type=6
2023-03-06 17:05:01.879	- Info  -	Logout ...
2023-03-06 17:05:01.879	- Info  -	[oray][erroCode] errorcode=oray_errorcode(0), product=0, type=0, inner code=0 [CMultiplexLogicStream::Disconnect_impl:121]
2023-03-06 17:05:01.879	- Info  -	[RemoteControl] disconnected server(120.26.127.51:443),error code:0
2023-03-06 17:05:01.879	* Error *	[online] online disconnected,error code:0
2023-03-06 17:05:01.879	- Info  -	[oray][erroCode] errorcode=errorcode(0), product=0, type=0, inner code=0 [COnlineHandler::OnDisconnect:86]
2023-03-06 17:05:01.879	- Info  -	[service] disconnected server(120.26.127.51:443),errorcode:0
2023-03-06 17:05:01.879	- Info  -	curStatus: 0, m_Status: 1
2023-03-06 17:05:01.879	- Info  -	[http call3] new call id:11, url:https://sl-log.oray.net/slclientlog
2023-03-06 17:05:01.879	- Info  -	Current client status: 0
2023-03-06 17:05:01.895	- Info  -	[http call3] id:11 create new connection : https://sl-log.oray.net:443
2023-03-06 17:05:01.957	- Info  -	attempt to connect server sl-log.oray.net:443(47.97.186.100:443)
2023-03-06 17:05:02.364	- Info  -	[http call3] id:11, url:https://sl-log.oray.net/slclientlog, status code:200
2023-03-06 17:05:02.489	- Info  -	[CUDPLibWrapper] map size: 0, value: 
2023-03-06 17:05:02.535	- Info  -	[service] stop listen OK
2023-03-06 17:05:02.567	- Info  -	[service] stop all projections
2023-03-06 17:05:02.567	- Info  -	[discover] Client NotifyDiscover type=6
2023-03-06 17:05:03.399	- Info  -	[http call3] disconnect, error( 10054 )
2023-03-06 17:05:05.585	* Error *	[hidden_wnd] Message Thread Exit wrong: 258
2023-03-06 17:05:05.602	- Info  -	[CUDPLibWrapper] map size: 0, value: 
2023-03-06 17:05:05.605	- Info  -	Terminate OK
2023-03-06 17:05:05.605	- Info  -	Terminate OK
2023-03-06 17:05:05.607	- Info  -	[service] stop all projections
2023-03-06 17:05:05.624	- Info  -	program service is exit 
